1000 milliseconds	1575 MB/s	7 short_reads/s	0 short_writes_echo/s	69 cpu_user_milliseconds	869 cpu_system_milliseconds	180 minor_page_faults/s	0 major_page_faults/s	82 yields/s	523 preempts/s
2000 milliseconds	1518 MB/s	0 short_reads/s	0 short_writes_echo/s	67 cpu_user_milliseconds	900 cpu_system_milliseconds	3 minor_page_faults/s	0 major_page_faults/s	2 yields/s	352 preempts/s
3000 milliseconds	1526 MB/s	59 short_reads/s	0 short_writes_echo/s	80 cpu_user_milliseconds	829 cpu_system_milliseconds	0 minor_page_faults/s	0 major_page_faults/s	397 yields/s	450 preempts/s
4000 milliseconds	1528 MB/s	1 short_reads/s	0 short_writes_echo/s	92 cpu_user_milliseconds	866 cpu_system_milliseconds	0 minor_page_faults/s	0 major_page_faults/s	5 yields/s	261 preempts/s
5000 milliseconds	1575 MB/s	3 short_reads/s	0 short_writes_echo/s	80 cpu_user_milliseconds	899 cpu_system_milliseconds	0 minor_page_faults/s	0 major_page_faults/s	8 yields/s	192 preempts/s
6000 milliseconds	1911 MB/s	0 short_reads/s	0 short_writes_echo/s	91 cpu_user_milliseconds	901 cpu_system_milliseconds	0 minor_page_faults/s	0 major_page_faults/s	0 yields/s	112 preempts/s
7000 milliseconds	1860 MB/s	3 short_reads/s	0 short_writes_echo/s	74 cpu_user_milliseconds	895 cpu_system_milliseconds	0 minor_page_faults/s	0 major_page_faults/s	10 yields/s	153 preempts/s
8000 milliseconds	1647 MB/s	0 short_reads/s	0 short_writes_echo/s	66 cpu_user_milliseconds	921 cpu_system_milliseconds	0 minor_page_faults/s	0 major_page_faults/s	0 yields/s	138 preempts/s
9000 milliseconds	1523 MB/s	72 short_reads/s	0 short_writes_echo/s	74 cpu_user_milliseconds	820 cpu_system_milliseconds	0 minor_page_faults/s	0 major_page_faults/s	189 yields/s	531 preempts/s
10000 milliseconds	1589 MB/s	69 short_reads/s	0 short_writes_echo/s	59 cpu_user_milliseconds	859 cpu_system_milliseconds	0 minor_page_faults/s	0 major_page_faults/s	515 yields/s	443 preempts/s
11000 milliseconds	1883 MB/s	0 short_reads/s	0 short_writes_echo/s	102 cpu_user_milliseconds	890 cpu_system_milliseconds	0 minor_page_faults/s	0 major_page_faults/s	0 yields/s	96 preempts/s
12000 milliseconds	1783 MB/s	0 short_reads/s	0 short_writes_echo/s	89 cpu_user_milliseconds	901 cpu_system_milliseconds	0 minor_page_faults/s	0 major_page_faults/s	0 yields/s	97 preempts/s
13000 milliseconds	1728 MB/s	11 short_reads/s	0 short_writes_echo/s	75 cpu_user_milliseconds	917 cpu_system_milliseconds	0 minor_page_faults/s	0 major_page_faults/s	12 yields/s	38 preempts/s
14000 milliseconds	1695 MB/s	0 short_reads/s	0 short_writes_echo/s	78 cpu_user_milliseconds	905 cpu_system_milliseconds	0 minor_page_faults/s	0 major_page_faults/s	1 yields/s	100 preempts/s
15000 milliseconds	1869 MB/s	0 short_reads/s	0 short_writes_echo/s	73 cpu_user_milliseconds	926 cpu_system_milliseconds	0 minor_page_faults/s	0 major_page_faults/s	0 yields/s	9 preempts/s
16000 milliseconds	1739 MB/s	4 short_reads/s	0 short_writes_echo/s	79 cpu_user_milliseconds	907 cpu_system_milliseconds	0 minor_page_faults/s	0 major_page_faults/s	56 yields/s	29 preempts/s
17000 milliseconds	1875 MB/s	0 short_reads/s	0 short_writes_echo/s	76 cpu_user_milliseconds	919 cpu_system_milliseconds	0 minor_page_faults/s	0 major_page_faults/s	0 yields/s	71 preempts/s
18000 milliseconds	1877 MB/s	0 short_reads/s	0 short_writes_echo/s	81 cpu_user_milliseconds	913 cpu_system_milliseconds	0 minor_page_faults/s	0 major_page_faults/s	0 yields/s	102 preempts/s
19000 milliseconds	1893 MB/s	0 short_reads/s	0 short_writes_echo/s	73 cpu_user_milliseconds	921 cpu_system_milliseconds	0 minor_page_faults/s	0 major_page_faults/s	0 yields/s	93 preempts/s
20000 milliseconds	1898 MB/s	0 short_reads/s	0 short_writes_echo/s	72 cpu_user_milliseconds	925 cpu_system_milliseconds	0 minor_page_faults/s	0 major_page_faults/s	0 yields/s	33 preempts/s
21000 milliseconds	1847 MB/s	0 short_reads/s	0 short_writes_echo/s	59 cpu_user_milliseconds	939 cpu_system_milliseconds	0 minor_page_faults/s	0 major_page_faults/s	0 yields/s	30 preempts/s
22000 milliseconds	2008 MB/s	6 short_reads/s	0 short_writes_echo/s	82 cpu_user_milliseconds	916 cpu_system_milliseconds	0 minor_page_faults/s	0 major_page_faults/s	6 yields/s	7 preempts/s
23000 milliseconds	1883 MB/s	0 short_reads/s	0 short_writes_echo/s	88 cpu_user_milliseconds	910 cpu_system_milliseconds	0 minor_page_faults/s	0 major_page_faults/s	0 yields/s	6 preempts/s
24000 milliseconds	1724 MB/s	0 short_reads/s	0 short_writes_echo/s	77 cpu_user_milliseconds	921 cpu_system_milliseconds	0 minor_page_faults/s	0 major_page_faults/s	0 yields/s	12 preempts/s
25000 milliseconds	1986 MB/s	0 short_reads/s	0 short_writes_echo/s	72 cpu_user_milliseconds	927 cpu_system_milliseconds	0 minor_page_faults/s	0 major_page_faults/s	0 yields/s	8 preempts/s
26000 milliseconds	1988 MB/s	0 short_reads/s	0 short_writes_echo/s	76 cpu_user_milliseconds	922 cpu_system_milliseconds	0 minor_page_faults/s	0 major_page_faults/s	0 yields/s	19 preempts/s
27000 milliseconds	2000 MB/s	0 short_reads/s	0 short_writes_echo/s	73 cpu_user_milliseconds	923 cpu_system_milliseconds	0 minor_page_faults/s	0 major_page_faults/s	0 yields/s	47 preempts/s
28000 milliseconds	2135 MB/s	14 short_reads/s	0 short_writes_echo/s	85 cpu_user_milliseconds	912 cpu_system_milliseconds	0 minor_page_faults/s	0 major_page_faults/s	28 yields/s	3 preempts/s
29000 milliseconds	1990 MB/s	54 short_reads/s	0 short_writes_echo/s	87 cpu_user_milliseconds	907 cpu_system_milliseconds	0 minor_page_faults/s	0 major_page_faults/s	204 yields/s	6 preempts/s
30000 milliseconds	2004 MB/s	0 short_reads/s	0 short_writes_echo/s	91 cpu_user_milliseconds	907 cpu_system_milliseconds	0 minor_page_faults/s	0 major_page_faults/s	0 yields/s	3 preempts/s
31000 milliseconds	2130 MB/s	0 short_reads/s	0 short_writes_echo/s	92 cpu_user_milliseconds	906 cpu_system_milliseconds	0 minor_page_faults/s	0 major_page_faults/s	0 yields/s	22 preempts/s
32000 milliseconds	2046 MB/s	0 short_reads/s	0 short_writes_echo/s	92 cpu_user_milliseconds	905 cpu_system_milliseconds	0 minor_page_faults/s	0 major_page_faults/s	0 yields/s	29 preempts/s
33000 milliseconds	1758 MB/s	0 short_reads/s	0 short_writes_echo/s	75 cpu_user_milliseconds	921 cpu_system_milliseconds	0 minor_page_faults/s	0 major_page_faults/s	0 yields/s	46 preempts/s
34000 milliseconds	1628 MB/s	2 short_reads/s	0 short_writes_echo/s	77 cpu_user_milliseconds	892 cpu_system_milliseconds	0 minor_page_faults/s	0 major_page_faults/s	3 yields/s	223 preempts/s
35000 milliseconds	1717 MB/s	0 short_reads/s	0 short_writes_echo/s	76 cpu_user_milliseconds	922 cpu_system_milliseconds	0 minor_page_faults/s	0 major_page_faults/s	0 yields/s	12 preempts/s
36000 milliseconds	1878 MB/s	0 short_reads/s	0 short_writes_echo/s	88 cpu_user_milliseconds	905 cpu_system_milliseconds	0 minor_page_faults/s	0 major_page_faults/s	0 yields/s	69 preempts/s
37000 milliseconds	1521 MB/s	5 short_reads/s	0 short_writes_echo/s	76 cpu_user_milliseconds	831 cpu_system_milliseconds	0 minor_page_faults/s	0 major_page_faults/s	15 yields/s	549 preempts/s
38000 milliseconds	1674 MB/s	0 short_reads/s	0 short_writes_echo/s	81 cpu_user_milliseconds	903 cpu_system_milliseconds	0 minor_page_faults/s	0 major_page_faults/s	0 yields/s	130 preempts/s
39000 milliseconds	1190 MB/s	34 short_reads/s	0 short_writes_echo/s	57 cpu_user_milliseconds	691 cpu_system_milliseconds	0 minor_page_faults/s	0 major_page_faults/s	57 yields/s	1699 preempts/s
40000 milliseconds	1256 MB/s	3 short_reads/s	0 short_writes_echo/s	74 cpu_user_milliseconds	723 cpu_system_milliseconds	0 minor_page_faults/s	0 major_page_faults/s	14 yields/s	1126 preempts/s
41000 milliseconds	1780 MB/s	0 short_reads/s	0 short_writes_echo/s	67 cpu_user_milliseconds	926 cpu_system_milliseconds	0 minor_page_faults/s	0 major_page_faults/s	0 yields/s	62 preempts/s
42000 milliseconds	1870 MB/s	56 short_reads/s	0 short_writes_echo/s	86 cpu_user_milliseconds	896 cpu_system_milliseconds	0 minor_page_faults/s	0 major_page_faults/s	398 yields/s	15 preempts/s
43000 milliseconds	1808 MB/s	47 short_reads/s	0 short_writes_echo/s	80 cpu_user_milliseconds	894 cpu_system_milliseconds	0 minor_page_faults/s	0 major_page_faults/s	165 yields/s	154 preempts/s
44000 milliseconds	1552 MB/s	4 short_reads/s	0 short_writes_echo/s	88 cpu_user_milliseconds	801 cpu_system_milliseconds	0 minor_page_faults/s	0 major_page_faults/s	19 yields/s	370 preempts/s
45001 milliseconds	1491 MB/s	15 short_reads/s	0 short_writes_echo/s	76 cpu_user_milliseconds	874 cpu_system_milliseconds	0 minor_page_faults/s	0 major_page_faults/s	21 yields/s	262 preempts/s
46001 milliseconds	1163 MB/s	11 short_reads/s	0 short_writes_echo/s	48 cpu_user_milliseconds	720 cpu_system_milliseconds	0 minor_page_faults/s	0 major_page_faults/s	23 yields/s	1153 preempts/s
47001 milliseconds	1264 MB/s	38 short_reads/s	0 short_writes_echo/s	58 cpu_user_milliseconds	772 cpu_system_milliseconds	0 minor_page_faults/s	0 major_page_faults/s	79 yields/s	1152 preempts/s
48001 milliseconds	1322 MB/s	53 short_reads/s	0 short_writes_echo/s	64 cpu_user_milliseconds	776 cpu_system_milliseconds	0 minor_page_faults/s	0 major_page_faults/s	90 yields/s	644 preempts/s
49001 milliseconds	1251 MB/s	23 short_reads/s	0 short_writes_echo/s	67 cpu_user_milliseconds	739 cpu_system_milliseconds	0 minor_page_faults/s	0 major_page_faults/s	49 yields/s	911 preempts/s
50003 milliseconds	1245 MB/s	28 short_reads/s	0 short_writes_echo/s	57 cpu_user_milliseconds	759 cpu_system_milliseconds	0 minor_page_faults/s	0 major_page_faults/s	49 yields/s	882 preempts/s
51003 milliseconds	1475 MB/s	4 short_reads/s	0 short_writes_echo/s	70 cpu_user_milliseconds	846 cpu_system_milliseconds	0 minor_page_faults/s	0 major_page_faults/s	14 yields/s	578 preempts/s
52003 milliseconds	1428 MB/s	0 short_reads/s	0 short_writes_echo/s	78 cpu_user_milliseconds	863 cpu_system_milliseconds	0 minor_page_faults/s	0 major_page_faults/s	4 yields/s	555 preempts/s
53003 milliseconds	1475 MB/s	2 short_reads/s	0 short_writes_echo/s	83 cpu_user_milliseconds	849 cpu_system_milliseconds	0 minor_page_faults/s	0 major_page_faults/s	6 yields/s	431 preempts/s
54003 milliseconds	1502 MB/s	59 short_reads/s	0 short_writes_echo/s	66 cpu_user_milliseconds	840 cpu_system_milliseconds	0 minor_page_faults/s	0 major_page_faults/s	76 yields/s	460 preempts/s
55003 milliseconds	1690 MB/s	0 short_reads/s	0 short_writes_echo/s	75 cpu_user_milliseconds	906 cpu_system_milliseconds	0 minor_page_faults/s	0 major_page_faults/s	0 yields/s	324 preempts/s
56003 milliseconds	1751 MB/s	0 short_reads/s	0 short_writes_echo/s	79 cpu_user_milliseconds	903 cpu_system_milliseconds	0 minor_page_faults/s	0 major_page_faults/s	0 yields/s	278 preempts/s
57003 milliseconds	1766 MB/s	0 short_reads/s	0 short_writes_echo/s	84 cpu_user_milliseconds	903 cpu_system_milliseconds	0 minor_page_faults/s	0 major_page_faults/s	0 yields/s	195 preempts/s
58003 milliseconds	1570 MB/s	0 short_reads/s	0 short_writes_echo/s	86 cpu_user_milliseconds	873 cpu_system_milliseconds	0 minor_page_faults/s	0 major_page_faults/s	1 yields/s	417 preempts/s
59003 milliseconds	1495 MB/s	4 short_reads/s	0 short_writes_echo/s	70 cpu_user_milliseconds	865 cpu_system_milliseconds	0 minor_page_faults/s	0 major_page_faults/s	10 yields/s	506 preempts/s
60003 milliseconds	1691 MB/s	0 short_reads/s	0 short_writes_echo/s	85 cpu_user_milliseconds	883 cpu_system_milliseconds	0 minor_page_faults/s	0 major_page_faults/s	2 yields/s	253 preempts/s
61003 milliseconds	1630 MB/s	0 short_reads/s	0 short_writes_echo/s	79 cpu_user_milliseconds	900 cpu_system_milliseconds	0 minor_page_faults/s	0 major_page_faults/s	0 yields/s	252 preempts/s
62003 milliseconds	1678 MB/s	0 short_reads/s	0 short_writes_echo/s	81 cpu_user_milliseconds	902 cpu_system_milliseconds	0 minor_page_faults/s	0 major_page_faults/s	0 yields/s	212 preempts/s
63003 milliseconds	1629 MB/s	46 short_reads/s	0 short_writes_echo/s	75 cpu_user_milliseconds	902 cpu_system_milliseconds	0 minor_page_faults/s	0 major_page_faults/s	108 yields/s	218 preempts/s
64003 milliseconds	1477 MB/s	0 short_reads/s	0 short_writes_echo/s	78 cpu_user_milliseconds	844 cpu_system_milliseconds	0 minor_page_faults/s	0 major_page_faults/s	11 yields/s	535 preempts/s
65003 milliseconds	1627 MB/s	0 short_reads/s	0 short_writes_echo/s	80 cpu_user_milliseconds	890 cpu_system_milliseconds	0 minor_page_faults/s	0 major_page_faults/s	0 yields/s	306 preempts/s
66003 milliseconds	1757 MB/s	0 short_reads/s	0 short_writes_echo/s	74 cpu_user_milliseconds	908 cpu_system_milliseconds	0 minor_page_faults/s	0 major_page_faults/s	0 yields/s	178 preempts/s
67003 milliseconds	1687 MB/s	0 short_reads/s	0 short_writes_echo/s	75 cpu_user_milliseconds	907 cpu_system_milliseconds	0 minor_page_faults/s	0 major_page_faults/s	0 yields/s	186 preempts/s
68003 milliseconds	1705 MB/s	0 short_reads/s	0 short_writes_echo/s	70 cpu_user_milliseconds	913 cpu_system_milliseconds	0 minor_page_faults/s	0 major_page_faults/s	0 yields/s	181 preempts/s
69003 milliseconds	1683 MB/s	0 short_reads/s	0 short_writes_echo/s	85 cpu_user_milliseconds	895 cpu_system_milliseconds	0 minor_page_faults/s	0 major_page_faults/s	0 yields/s	258 preempts/s
70003 milliseconds	1614 MB/s	0 short_reads/s	0 short_writes_echo/s	88 cpu_user_milliseconds	888 cpu_system_milliseconds	0 minor_page_faults/s	0 major_page_faults/s	0 yields/s	243 preempts/s
71003 milliseconds	1664 MB/s	0 short_reads/s	0 short_writes_echo/s	89 cpu_user_milliseconds	896 cpu_system_milliseconds	0 minor_page_faults/s	0 major_page_faults/s	0 yields/s	184 preempts/s
72003 milliseconds	1655 MB/s	0 short_reads/s	0 short_writes_echo/s	61 cpu_user_milliseconds	923 cpu_system_milliseconds	0 minor_page_faults/s	0 major_page_faults/s	0 yields/s	193 preempts/s
73003 milliseconds	1650 MB/s	0 short_reads/s	0 short_writes_echo/s	85 cpu_user_milliseconds	895 cpu_system_milliseconds	0 minor_page_faults/s	0 major_page_faults/s	0 yields/s	237 preempts/s
74003 milliseconds	1646 MB/s	6 short_reads/s	0 short_writes_echo/s	68 cpu_user_milliseconds	908 cpu_system_milliseconds	0 minor_page_faults/s	0 major_page_faults/s	6 yields/s	227 preempts/s
75004 milliseconds	1682 MB/s	0 short_reads/s	0 short_writes_echo/s	71 cpu_user_milliseconds	904 cpu_system_milliseconds	0 minor_page_faults/s	0 major_page_faults/s	0 yields/s	265 preempts/s
76004 milliseconds	1663 MB/s	0 short_reads/s	0 short_writes_echo/s	72 cpu_user_milliseconds	897 cpu_system_milliseconds	0 minor_page_faults/s	0 major_page_faults/s	0 yields/s	348 preempts/s
77004 milliseconds	1659 MB/s	0 short_reads/s	0 short_writes_echo/s	73 cpu_user_milliseconds	909 cpu_system_milliseconds	0 minor_page_faults/s	0 major_page_faults/s	0 yields/s	202 preempts/s
78004 milliseconds	1652 MB/s	0 short_reads/s	0 short_writes_echo/s	62 cpu_user_milliseconds	914 cpu_system_milliseconds	0 minor_page_faults/s	0 major_page_faults/s	0 yields/s	356 preempts/s
79004 milliseconds	1641 MB/s	0 short_reads/s	0 short_writes_echo/s	84 cpu_user_milliseconds	856 cpu_system_milliseconds	0 minor_page_faults/s	0 major_page_faults/s	0 yields/s	814 preempts/s
80004 milliseconds	1503 MB/s	4 short_reads/s	0 short_writes_echo/s	65 cpu_user_milliseconds	860 cpu_system_milliseconds	0 minor_page_faults/s	0 major_page_faults/s	13 yields/s	665 preempts/s
81004 milliseconds	1541 MB/s	0 short_reads/s	0 short_writes_echo/s	65 cpu_user_milliseconds	891 cpu_system_milliseconds	0 minor_page_faults/s	0 major_page_faults/s	4 yields/s	447 preempts/s
82004 milliseconds	1668 MB/s	0 short_reads/s	0 short_writes_echo/s	72 cpu_user_milliseconds	908 cpu_system_milliseconds	0 minor_page_faults/s	0 major_page_faults/s	0 yields/s	276 preempts/s
83004 milliseconds	1362 MB/s	7 short_reads/s	0 short_writes_echo/s	72 cpu_user_milliseconds	823 cpu_system_milliseconds	0 minor_page_faults/s	0 major_page_faults/s	16 yields/s	745 preempts/s
84004 milliseconds	1388 MB/s	44 short_reads/s	0 short_writes_echo/s	56 cpu_user_milliseconds	825 cpu_system_milliseconds	0 minor_page_faults/s	0 major_page_faults/s	94 yields/s	667 preempts/s
85004 milliseconds	1411 MB/s	19 short_reads/s	0 short_writes_echo/s	74 cpu_user_milliseconds	825 cpu_system_milliseconds	0 minor_page_faults/s	0 major_page_faults/s	53 yields/s	534 preempts/s
86004 milliseconds	1421 MB/s	3 short_reads/s	0 short_writes_echo/s	86 cpu_user_milliseconds	807 cpu_system_milliseconds	0 minor_page_faults/s	0 major_page_faults/s	13 yields/s	751 preempts/s
87004 milliseconds	1461 MB/s	3 short_reads/s	0 short_writes_echo/s	73 cpu_user_milliseconds	825 cpu_system_milliseconds	0 minor_page_faults/s	0 major_page_faults/s	17 yields/s	726 preempts/s
88004 milliseconds	1422 MB/s	4 short_reads/s	0 short_writes_echo/s	59 cpu_user_milliseconds	842 cpu_system_milliseconds	0 minor_page_faults/s	0 major_page_faults/s	14 yields/s	494 preempts/s
89004 milliseconds	1437 MB/s	3 short_reads/s	0 short_writes_echo/s	69 cpu_user_milliseconds	846 cpu_system_milliseconds	0 minor_page_faults/s	0 major_page_faults/s	15 yields/s	559 preempts/s
90004 milliseconds	1307 MB/s	9 short_reads/s	0 short_writes_echo/s	58 cpu_user_milliseconds	800 cpu_system_milliseconds	0 minor_page_faults/s	0 major_page_faults/s	22 yields/s	920 preempts/s
91004 milliseconds	1608 MB/s	2 short_reads/s	0 short_writes_echo/s	83 cpu_user_milliseconds	881 cpu_system_milliseconds	0 minor_page_faults/s	0 major_page_faults/s	6 yields/s	320 preempts/s
92004 milliseconds	1528 MB/s	19 short_reads/s	0 short_writes_echo/s	65 cpu_user_milliseconds	853 cpu_system_milliseconds	0 minor_page_faults/s	0 major_page_faults/s	76 yields/s	578 preempts/s
93004 milliseconds	1630 MB/s	32 short_reads/s	0 short_writes_echo/s	75 cpu_user_milliseconds	862 cpu_system_milliseconds	0 minor_page_faults/s	0 major_page_faults/s	52 yields/s	392 preempts/s
94004 milliseconds	1359 MB/s	171 short_reads/s	0 short_writes_echo/s	63 cpu_user_milliseconds	719 cpu_system_milliseconds	0 minor_page_faults/s	0 major_page_faults/s	279 yields/s	808 preempts/s
95004 milliseconds	1699 MB/s	0 short_reads/s	0 short_writes_echo/s	66 cpu_user_milliseconds	903 cpu_system_milliseconds	0 minor_page_faults/s	0 major_page_faults/s	0 yields/s	234 preempts/s
96004 milliseconds	1655 MB/s	3 short_reads/s	0 short_writes_echo/s	71 cpu_user_milliseconds	885 cpu_system_milliseconds	0 minor_page_faults/s	0 major_page_faults/s	11 yields/s	209 preempts/s
97004 milliseconds	1723 MB/s	0 short_reads/s	0 short_writes_echo/s	75 cpu_user_milliseconds	910 cpu_system_milliseconds	0 minor_page_faults/s	0 major_page_faults/s	2 yields/s	99 preempts/s
98004 milliseconds	1604 MB/s	0 short_reads/s	0 short_writes_echo/s	64 cpu_user_milliseconds	903 cpu_system_milliseconds	0 minor_page_faults/s	0 major_page_faults/s	1 yields/s	246 preempts/s
99004 milliseconds	1486 MB/s	99 short_reads/s	0 short_writes_echo/s	70 cpu_user_milliseconds	794 cpu_system_milliseconds	0 minor_page_faults/s	0 major_page_faults/s	130 yields/s	561 preempts/s
100004 milliseconds	1884 MB/s	4 short_reads/s	0 short_writes_echo/s	78 cpu_user_milliseconds	910 cpu_system_milliseconds	0 minor_page_faults/s	0 major_page_faults/s	51 yields/s	54 preempts/s
101004 milliseconds	1781 MB/s	12 short_reads/s	0 short_writes_echo/s	86 cpu_user_milliseconds	890 cpu_system_milliseconds	0 minor_page_faults/s	0 major_page_faults/s	36 yields/s	123 preempts/s
102004 milliseconds	1704 MB/s	12 short_reads/s	0 short_writes_echo/s	70 cpu_user_milliseconds	901 cpu_system_milliseconds	0 minor_page_faults/s	0 major_page_faults/s	21 yields/s	129 preempts/s
103004 milliseconds	1961 MB/s	26 short_reads/s	0 short_writes_echo/s	89 cpu_user_milliseconds	896 cpu_system_milliseconds	0 minor_page_faults/s	0 major_page_faults/s	38 yields/s	44 preempts/s
104004 milliseconds	1955 MB/s	0 short_reads/s	0 short_writes_echo/s	84 cpu_user_milliseconds	912 cpu_system_milliseconds	0 minor_page_faults/s	0 major_page_faults/s	0 yields/s	63 preempts/s
105004 milliseconds	2060 MB/s	0 short_reads/s	0 short_writes_echo/s	91 cpu_user_milliseconds	907 cpu_system_milliseconds	0 minor_page_faults/s	0 major_page_faults/s	0 yields/s	14 preempts/s
106004 milliseconds	2047 MB/s	0 short_reads/s	0 short_writes_echo/s	103 cpu_user_milliseconds	896 cpu_system_milliseconds	0 minor_page_faults/s	0 major_page_faults/s	0 yields/s	4 preempts/s
107004 milliseconds	2142 MB/s	0 short_reads/s	0 short_writes_echo/s	90 cpu_user_milliseconds	909 cpu_system_milliseconds	0 minor_page_faults/s	0 major_page_faults/s	0 yields/s	4 preempts/s
108004 milliseconds	1815 MB/s	6 short_reads/s	0 short_writes_echo/s	85 cpu_user_milliseconds	889 cpu_system_milliseconds	0 minor_page_faults/s	0 major_page_faults/s	84 yields/s	55 preempts/s
109004 milliseconds	1940 MB/s	0 short_reads/s	0 short_writes_echo/s	86 cpu_user_milliseconds	912 cpu_system_milliseconds	0 minor_page_faults/s	0 major_page_faults/s	0 yields/s	25 preempts/s
110005 milliseconds	1517 MB/s	28 short_reads/s	0 short_writes_echo/s	57 cpu_user_milliseconds	819 cpu_system_milliseconds	0 minor_page_faults/s	0 major_page_faults/s	40 yields/s	603 preempts/s
111005 milliseconds	1821 MB/s	8 short_reads/s	0 short_writes_echo/s	91 cpu_user_milliseconds	873 cpu_system_milliseconds	0 minor_page_faults/s	0 major_page_faults/s	12 yields/s	381 preempts/s
112005 milliseconds	1819 MB/s	22 short_reads/s	0 short_writes_echo/s	86 cpu_user_milliseconds	911 cpu_system_milliseconds	0 minor_page_faults/s	0 major_page_faults/s	66 yields/s	11 preempts/s
113005 milliseconds	1875 MB/s	0 short_reads/s	0 short_writes_echo/s	89 cpu_user_milliseconds	906 cpu_system_milliseconds	0 minor_page_faults/s	0 major_page_faults/s	0 yields/s	60 preempts/s
114005 milliseconds	2101 MB/s	186 short_reads/s	0 short_writes_echo/s	62 cpu_user_milliseconds	923 cpu_system_milliseconds	0 minor_page_faults/s	0 major_page_faults/s	513 yields/s	12 preempts/s
115005 milliseconds	1868 MB/s	0 short_reads/s	0 short_writes_echo/s	73 cpu_user_milliseconds	924 cpu_system_milliseconds	0 minor_page_faults/s	0 major_page_faults/s	0 yields/s	43 preempts/s
116005 milliseconds	1871 MB/s	0 short_reads/s	0 short_writes_echo/s	66 cpu_user_milliseconds	930 cpu_system_milliseconds	0 minor_page_faults/s	0 major_page_faults/s	0 yields/s	68 preempts/s
117005 milliseconds	1774 MB/s	0 short_reads/s	0 short_writes_echo/s	78 cpu_user_milliseconds	920 cpu_system_milliseconds	0 minor_page_faults/s	0 major_page_faults/s	0 yields/s	11 preempts/s
118005 milliseconds	1926 MB/s	0 short_reads/s	0 short_writes_echo/s	101 cpu_user_milliseconds	895 cpu_system_milliseconds	0 minor_page_faults/s	0 major_page_faults/s	3 yields/s	39 preempts/s
119005 milliseconds	1847 MB/s	8 short_reads/s	0 short_writes_echo/s	91 cpu_user_milliseconds	905 cpu_system_milliseconds	0 minor_page_faults/s	0 major_page_faults/s	8 yields/s	21 preempts/s
120005 milliseconds	1996 MB/s	0 short_reads/s	0 short_writes_echo/s	79 cpu_user_milliseconds	920 cpu_system_milliseconds	0 minor_page_faults/s	0 major_page_faults/s	0 yields/s	7 preempts/s
121005 milliseconds	2053 MB/s	0 short_reads/s	0 short_writes_echo/s	71 cpu_user_milliseconds	928 cpu_system_milliseconds	0 minor_page_faults/s	0 major_page_faults/s	0 yields/s	13 preempts/s
122005 milliseconds	2016 MB/s	0 short_reads/s	0 short_writes_echo/s	73 cpu_user_milliseconds	926 cpu_system_milliseconds	0 minor_page_faults/s	0 major_page_faults/s	0 yields/s	10 preempts/s
123005 milliseconds	1920 MB/s	0 short_reads/s	0 short_writes_echo/s	84 cpu_user_milliseconds	912 cpu_system_milliseconds	0 minor_page_faults/s	0 major_page_faults/s	0 yields/s	26 preempts/s
124005 milliseconds	1885 MB/s	0 short_reads/s	0 short_writes_echo/s	81 cpu_user_milliseconds	915 cpu_system_milliseconds	0 minor_page_faults/s	0 major_page_faults/s	0 yields/s	15 preempts/s
125005 milliseconds	1640 MB/s	5 short_reads/s	0 short_writes_echo/s	76 cpu_user_milliseconds	871 cpu_system_milliseconds	0 minor_page_faults/s	0 major_page_faults/s	15 yields/s	467 preempts/s
126005 milliseconds	2083 MB/s	0 short_reads/s	0 short_writes_echo/s	76 cpu_user_milliseconds	919 cpu_system_milliseconds	0 minor_page_faults/s	0 major_page_faults/s	0 yields/s	64 preempts/s
127005 milliseconds	2069 MB/s	0 short_reads/s	0 short_writes_echo/s	81 cpu_user_milliseconds	915 cpu_system_milliseconds	0 minor_page_faults/s	0 major_page_faults/s	0 yields/s	45 preempts/s
128005 milliseconds	1934 MB/s	0 short_reads/s	0 short_writes_echo/s	89 cpu_user_milliseconds	909 cpu_system_milliseconds	0 minor_page_faults/s	0 major_page_faults/s	0 yields/s	13 preempts/s
129005 milliseconds	1706 MB/s	45 short_reads/s	0 short_writes_echo/s	72 cpu_user_milliseconds	903 cpu_system_milliseconds	0 minor_page_faults/s	0 major_page_faults/s	172 yields/s	154 preempts/s
130005 milliseconds	1655 MB/s	0 short_reads/s	0 short_writes_echo/s	72 cpu_user_milliseconds	911 cpu_system_milliseconds	0 minor_page_faults/s	0 major_page_faults/s	1 yields/s	68 preempts/s
131005 milliseconds	2103 MB/s	0 short_reads/s	0 short_writes_echo/s	84 cpu_user_milliseconds	914 cpu_system_milliseconds	0 minor_page_faults/s	0 major_page_faults/s	0 yields/s	8 preempts/s
132005 milliseconds	1945 MB/s	0 short_reads/s	0 short_writes_echo/s	100 cpu_user_milliseconds	899 cpu_system_milliseconds	0 minor_page_faults/s	0 major_page_faults/s	0 yields/s	4 preempts/s
133005 milliseconds	1840 MB/s	0 short_reads/s	0 short_writes_echo/s	87 cpu_user_milliseconds	911 cpu_system_milliseconds	0 minor_page_faults/s	0 major_page_faults/s	0 yields/s	15 preempts/s
134005 milliseconds	1894 MB/s	48 short_reads/s	0 short_writes_echo/s	76 cpu_user_milliseconds	906 cpu_system_milliseconds	0 minor_page_faults/s	0 major_page_faults/s	246 yields/s	139 preempts/s
135005 milliseconds	1979 MB/s	0 short_reads/s	0 short_writes_echo/s	81 cpu_user_milliseconds	915 cpu_system_milliseconds	0 minor_page_faults/s	0 major_page_faults/s	0 yields/s	75 preempts/s
136005 milliseconds	1897 MB/s	0 short_reads/s	0 short_writes_echo/s	83 cpu_user_milliseconds	905 cpu_system_milliseconds	0 minor_page_faults/s	0 major_page_faults/s	0 yields/s	164 preempts/s
137005 milliseconds	1874 MB/s	0 short_reads/s	0 short_writes_echo/s	74 cpu_user_milliseconds	916 cpu_system_milliseconds	0 minor_page_faults/s	0 major_page_faults/s	0 yields/s	139 preempts/s
138005 milliseconds	2071 MB/s	0 short_reads/s	0 short_writes_echo/s	72 cpu_user_milliseconds	927 cpu_system_milliseconds	0 minor_page_faults/s	0 major_page_faults/s	0 yields/s	4 preempts/s
139005 milliseconds	2019 MB/s	0 short_reads/s	0 short_writes_echo/s	81 cpu_user_milliseconds	917 cpu_system_milliseconds	0 minor_page_faults/s	0 major_page_faults/s	10 yields/s	5 preempts/s
140005 milliseconds	1849 MB/s	0 short_reads/s	0 short_writes_echo/s	81 cpu_user_milliseconds	915 cpu_system_milliseconds	0 minor_page_faults/s	0 major_page_faults/s	0 yields/s	31 preempts/s
141005 milliseconds	1887 MB/s	0 short_reads/s	0 short_writes_echo/s	86 cpu_user_milliseconds	904 cpu_system_milliseconds	0 minor_page_faults/s	0 major_page_faults/s	0 yields/s	137 preempts/s
142005 milliseconds	1836 MB/s	0 short_reads/s	0 short_writes_echo/s	88 cpu_user_milliseconds	905 cpu_system_milliseconds	0 minor_page_faults/s	0 major_page_faults/s	0 yields/s	91 preempts/s
143005 milliseconds	1977 MB/s	0 short_reads/s	0 short_writes_echo/s	72 cpu_user_milliseconds	925 cpu_system_milliseconds	0 minor_page_faults/s	0 major_page_faults/s	0 yields/s	30 preempts/s
144005 milliseconds	1984 MB/s	0 short_reads/s	0 short_writes_echo/s	79 cpu_user_milliseconds	917 cpu_system_milliseconds	0 minor_page_faults/s	0 major_page_faults/s	0 yields/s	50 preempts/s
145005 milliseconds	1901 MB/s	0 short_reads/s	0 short_writes_echo/s	91 cpu_user_milliseconds	907 cpu_system_milliseconds	0 minor_page_faults/s	0 major_page_faults/s	0 yields/s	12 preempts/s
146005 milliseconds	1954 MB/s	0 short_reads/s	0 short_writes_echo/s	82 cpu_user_milliseconds	916 cpu_system_milliseconds	0 minor_page_faults/s	0 major_page_faults/s	0 yields/s	10 preempts/s
147005 milliseconds	2112 MB/s	0 short_reads/s	0 short_writes_echo/s	97 cpu_user_milliseconds	902 cpu_system_milliseconds	0 minor_page_faults/s	0 major_page_faults/s	0 yields/s	3 preempts/s
148005 milliseconds	2216 MB/s	0 short_reads/s	0 short_writes_echo/s	97 cpu_user_milliseconds	902 cpu_system_milliseconds	0 minor_page_faults/s	0 major_page_faults/s	0 yields/s	5 preempts/s
149006 milliseconds	2110 MB/s	20 short_reads/s	0 short_writes_echo/s	82 cpu_user_milliseconds	915 cpu_system_milliseconds	0 minor_page_faults/s	0 major_page_faults/s	59 yields/s	12 preempts/s
150006 milliseconds	2012 MB/s	0 short_reads/s	0 short_writes_echo/s	75 cpu_user_milliseconds	924 cpu_system_milliseconds	0 minor_page_faults/s	0 major_page_faults/s	0 yields/s	13 preempts/s
151006 milliseconds	2158 MB/s	0 short_reads/s	0 short_writes_echo/s	83 cpu_user_milliseconds	916 cpu_system_milliseconds	0 minor_page_faults/s	0 major_page_faults/s	0 yields/s	6 preempts/s
152006 milliseconds	2014 MB/s	0 short_reads/s	0 short_writes_echo/s	94 cpu_user_milliseconds	903 cpu_system_milliseconds	0 minor_page_faults/s	0 major_page_faults/s	0 yields/s	36 preempts/s
153006 milliseconds	1958 MB/s	0 short_reads/s	0 short_writes_echo/s	89 cpu_user_milliseconds	903 cpu_system_milliseconds	0 minor_page_faults/s	0 major_page_faults/s	0 yields/s	108 preempts/s
154006 milliseconds	1837 MB/s	0 short_reads/s	0 short_writes_echo/s	87 cpu_user_milliseconds	895 cpu_system_milliseconds	0 minor_page_faults/s	0 major_page_faults/s	0 yields/s	176 preempts/s
155006 milliseconds	2126 MB/s	0 short_reads/s	0 short_writes_echo/s	75 cpu_user_milliseconds	921 cpu_system_milliseconds	0 minor_page_faults/s	0 major_page_faults/s	0 yields/s	49 preempts/s
156006 milliseconds	2178 MB/s	0 short_reads/s	0 short_writes_echo/s	92 cpu_user_milliseconds	904 cpu_system_milliseconds	0 minor_page_faults/s	0 major_page_faults/s	0 yields/s	74 preempts/s
157006 milliseconds	2003 MB/s	0 short_reads/s	0 short_writes_echo/s	77 cpu_user_milliseconds	922 cpu_system_milliseconds	0 minor_page_faults/s	0 major_page_faults/s	0 yields/s	19 preempts/s
158006 milliseconds	2066 MB/s	0 short_reads/s	0 short_writes_echo/s	84 cpu_user_milliseconds	913 cpu_system_milliseconds	0 minor_page_faults/s	0 major_page_faults/s	0 yields/s	63 preempts/s
159006 milliseconds	2027 MB/s	0 short_reads/s	0 short_writes_echo/s	87 cpu_user_milliseconds	911 cpu_system_milliseconds	0 minor_page_faults/s	0 major_page_faults/s	0 yields/s	7 preempts/s
160006 milliseconds	2038 MB/s	0 short_reads/s	0 short_writes_echo/s	76 cpu_user_milliseconds	922 cpu_system_milliseconds	0 minor_page_faults/s	0 major_page_faults/s	0 yields/s	20 preempts/s
161006 milliseconds	1895 MB/s	0 short_reads/s	0 short_writes_echo/s	91 cpu_user_milliseconds	901 cpu_system_milliseconds	0 minor_page_faults/s	0 major_page_faults/s	0 yields/s	49 preempts/s
162006 milliseconds	2106 MB/s	0 short_reads/s	0 short_writes_echo/s	75 cpu_user_milliseconds	924 cpu_system_milliseconds	0 minor_page_faults/s	0 major_page_faults/s	0 yields/s	8 preempts/s
163006 milliseconds	2036 MB/s	0 short_reads/s	0 short_writes_echo/s	82 cpu_user_milliseconds	915 cpu_system_milliseconds	0 minor_page_faults/s	0 major_page_faults/s	0 yields/s	39 preempts/s
164006 milliseconds	1995 MB/s	12 short_reads/s	0 short_writes_echo/s	88 cpu_user_milliseconds	908 cpu_system_milliseconds	0 minor_page_faults/s	0 major_page_faults/s	46 yields/s	53 preempts/s
165006 milliseconds	2100 MB/s	0 short_reads/s	0 short_writes_echo/s	72 cpu_user_milliseconds	925 cpu_system_milliseconds	0 minor_page_faults/s	0 major_page_faults/s	0 yields/s	34 preempts/s
166006 milliseconds	1820 MB/s	4 short_reads/s	0 short_writes_echo/s	74 cpu_user_milliseconds	921 cpu_system_milliseconds	0 minor_page_faults/s	0 major_page_faults/s	26 yields/s	20 preempts/s
167006 milliseconds	2121 MB/s	0 short_reads/s	0 short_writes_echo/s	100 cpu_user_milliseconds	898 cpu_system_milliseconds	0 minor_page_faults/s	0 major_page_faults/s	0 yields/s	6 preempts/s
168006 milliseconds	2104 MB/s	0 short_reads/s	0 short_writes_echo/s	83 cpu_user_milliseconds	915 cpu_system_milliseconds	0 minor_page_faults/s	0 major_page_faults/s	0 yields/s	5 preempts/s
169006 milliseconds	2011 MB/s	4 short_reads/s	0 short_writes_echo/s	72 cpu_user_milliseconds	919 cpu_system_milliseconds	0 minor_page_faults/s	0 major_page_faults/s	47 yields/s	109 preempts/s
170006 milliseconds	2075 MB/s	0 short_reads/s	0 short_writes_echo/s	78 cpu_user_milliseconds	917 cpu_system_milliseconds	0 minor_page_faults/s	0 major_page_faults/s	0 yields/s	81 preempts/s
171006 milliseconds	2106 MB/s	0 short_reads/s	0 short_writes_echo/s	77 cpu_user_milliseconds	922 cpu_system_milliseconds	0 minor_page_faults/s	0 major_page_faults/s	0 yields/s	18 preempts/s
172006 milliseconds	2049 MB/s	0 short_reads/s	0 short_writes_echo/s	83 cpu_user_milliseconds	913 cpu_system_milliseconds	0 minor_page_faults/s	0 major_page_faults/s	0 yields/s	52 preempts/s
173006 milliseconds	1785 MB/s	0 short_reads/s	0 short_writes_echo/s	98 cpu_user_milliseconds	897 cpu_system_milliseconds	0 minor_page_faults/s	0 major_page_faults/s	0 yields/s	54 preempts/s
174006 milliseconds	1967 MB/s	0 short_reads/s	0 short_writes_echo/s	83 cpu_user_milliseconds	915 cpu_system_milliseconds	0 minor_page_faults/s	0 major_page_faults/s	0 yields/s	15 preempts/s
175006 milliseconds	2029 MB/s	0 short_reads/s	0 short_writes_echo/s	92 cpu_user_milliseconds	906 cpu_system_milliseconds	0 minor_page_faults/s	0 major_page_faults/s	0 yields/s	8 preempts/s
176006 milliseconds	2043 MB/s	0 short_reads/s	0 short_writes_echo/s	81 cpu_user_milliseconds	917 cpu_system_milliseconds	0 minor_page_faults/s	0 major_page_faults/s	0 yields/s	8 preempts/s
177006 milliseconds	1916 MB/s	0 short_reads/s	0 short_writes_echo/s	89 cpu_user_milliseconds	900 cpu_system_milliseconds	0 minor_page_faults/s	0 major_page_faults/s	0 yields/s	167 preempts/s
178006 milliseconds	1946 MB/s	0 short_reads/s	0 short_writes_echo/s	88 cpu_user_milliseconds	908 cpu_system_milliseconds	0 minor_page_faults/s	0 major_page_faults/s	0 yields/s	58 preempts/s
179006 milliseconds	1939 MB/s	22 short_reads/s	0 short_writes_echo/s	83 cpu_user_milliseconds	915 cpu_system_milliseconds	0 minor_page_faults/s	0 major_page_faults/s	67 yields/s	7 preempts/s
180006 milliseconds	1936 MB/s	0 short_reads/s	0 short_writes_echo/s	91 cpu_user_milliseconds	907 cpu_system_milliseconds	0 minor_page_faults/s	0 major_page_faults/s	0 yields/s	8 preempts/s
181006 milliseconds	1987 MB/s	0 short_reads/s	0 short_writes_echo/s	81 cpu_user_milliseconds	915 cpu_system_milliseconds	0 minor_page_faults/s	0 major_page_faults/s	0 yields/s	54 preempts/s
182006 milliseconds	1854 MB/s	1 short_reads/s	0 short_writes_echo/s	86 cpu_user_milliseconds	904 cpu_system_milliseconds	0 minor_page_faults/s	0 major_page_faults/s	13 yields/s	108 preempts/s
183006 milliseconds	2177 MB/s	0 short_reads/s	0 short_writes_echo/s	70 cpu_user_milliseconds	929 cpu_system_milliseconds	0 minor_page_faults/s	0 major_page_faults/s	0 yields/s	6 preempts/s
184006 milliseconds	2119 MB/s	2 short_reads/s	0 short_writes_echo/s	83 cpu_user_milliseconds	916 cpu_system_milliseconds	0 minor_page_faults/s	0 major_page_faults/s	12 yields/s	4 preempts/s
185006 milliseconds	1922 MB/s	0 short_reads/s	0 short_writes_echo/s	83 cpu_user_milliseconds	915 cpu_system_milliseconds	0 minor_page_faults/s	0 major_page_faults/s	0 yields/s	23 preempts/s
186006 milliseconds	2053 MB/s	0 short_reads/s	0 short_writes_echo/s	91 cpu_user_milliseconds	907 cpu_system_milliseconds	0 minor_page_faults/s	0 major_page_faults/s	0 yields/s	9 preempts/s
187006 milliseconds	2050 MB/s	0 short_reads/s	0 short_writes_echo/s	84 cpu_user_milliseconds	915 cpu_system_milliseconds	0 minor_page_faults/s	0 major_page_faults/s	0 yields/s	7 preempts/s
188006 milliseconds	2005 MB/s	0 short_reads/s	0 short_writes_echo/s	81 cpu_user_milliseconds	916 cpu_system_milliseconds	0 minor_page_faults/s	0 major_page_faults/s	0 yields/s	26 preempts/s
189006 milliseconds	2041 MB/s	0 short_reads/s	0 short_writes_echo/s	92 cpu_user_milliseconds	906 cpu_system_milliseconds	0 minor_page_faults/s	0 major_page_faults/s	0 yields/s	10 preempts/s
190006 milliseconds	1904 MB/s	0 short_reads/s	0 short_writes_echo/s	92 cpu_user_milliseconds	888 cpu_system_milliseconds	0 minor_page_faults/s	0 major_page_faults/s	5 yields/s	75 preempts/s
191006 milliseconds	1887 MB/s	0 short_reads/s	0 short_writes_echo/s	90 cpu_user_milliseconds	908 cpu_system_milliseconds	0 minor_page_faults/s	0 major_page_faults/s	0 yields/s	14 preempts/s
192006 milliseconds	2139 MB/s	0 short_reads/s	0 short_writes_echo/s	82 cpu_user_milliseconds	914 cpu_system_milliseconds	0 minor_page_faults/s	0 major_page_faults/s	0 yields/s	36 preempts/s
193006 milliseconds	1974 MB/s	0 short_reads/s	0 short_writes_echo/s	71 cpu_user_milliseconds	928 cpu_system_milliseconds	0 minor_page_faults/s	0 major_page_faults/s	0 yields/s	10 preempts/s
194006 milliseconds	1952 MB/s	0 short_reads/s	0 short_writes_echo/s	91 cpu_user_milliseconds	907 cpu_system_milliseconds	0 minor_page_faults/s	0 major_page_faults/s	0 yields/s	11 preempts/s
195006 milliseconds	1872 MB/s	9 short_reads/s	0 short_writes_echo/s	71 cpu_user_milliseconds	907 cpu_system_milliseconds	0 minor_page_faults/s	0 major_page_faults/s	30 yields/s	47 preempts/s
196006 milliseconds	1997 MB/s	0 short_reads/s	0 short_writes_echo/s	85 cpu_user_milliseconds	912 cpu_system_milliseconds	0 minor_page_faults/s	0 major_page_faults/s	0 yields/s	9 preempts/s
197006 milliseconds	2064 MB/s	0 short_reads/s	0 short_writes_echo/s	94 cpu_user_milliseconds	902 cpu_system_milliseconds	0 minor_page_faults/s	0 major_page_faults/s	0 yields/s	72 preempts/s
198006 milliseconds	2075 MB/s	0 short_reads/s	0 short_writes_echo/s	81 cpu_user_milliseconds	917 cpu_system_milliseconds	0 minor_page_faults/s	0 major_page_faults/s	0 yields/s	28 preempts/s
199006 milliseconds	2072 MB/s	0 short_reads/s	0 short_writes_echo/s	81 cpu_user_milliseconds	913 cpu_system_milliseconds	0 minor_page_faults/s	0 major_page_faults/s	0 yields/s	43 preempts/s
200006 milliseconds	2047 MB/s	0 short_reads/s	0 short_writes_echo/s	91 cpu_user_milliseconds	905 cpu_system_milliseconds	0 minor_page_faults/s	0 major_page_faults/s	0 yields/s	24 preempts/s
201006 milliseconds	1825 MB/s	0 short_reads/s	0 short_writes_echo/s	79 cpu_user_milliseconds	911 cpu_system_milliseconds	0 minor_page_faults/s	0 major_page_faults/s	0 yields/s	157 preempts/s
202006 milliseconds	2018 MB/s	0 short_reads/s	0 short_writes_echo/s	87 cpu_user_milliseconds	910 cpu_system_milliseconds	0 minor_page_faults/s	0 major_page_faults/s	0 yields/s	10 preempts/s
203006 milliseconds	1734 MB/s	0 short_reads/s	0 short_writes_echo/s	88 cpu_user_milliseconds	900 cpu_system_milliseconds	0 minor_page_faults/s	0 major_page_faults/s	0 yields/s	75 preempts/s
204006 milliseconds	1518 MB/s	15 short_reads/s	0 short_writes_echo/s	74 cpu_user_milliseconds	835 cpu_system_milliseconds	0 minor_page_faults/s	0 major_page_faults/s	34 yields/s	705 preempts/s
205006 milliseconds	1960 MB/s	0 short_reads/s	0 short_writes_echo/s	81 cpu_user_milliseconds	910 cpu_system_milliseconds	0 minor_page_faults/s	0 major_page_faults/s	0 yields/s	119 preempts/s
206006 milliseconds	1865 MB/s	0 short_reads/s	0 short_writes_echo/s	81 cpu_user_milliseconds	901 cpu_system_milliseconds	0 minor_page_faults/s	0 major_page_faults/s	0 yields/s	219 preempts/s
207006 milliseconds	1853 MB/s	0 short_reads/s	0 short_writes_echo/s	93 cpu_user_milliseconds	895 cpu_system_milliseconds	0 minor_page_faults/s	0 major_page_faults/s	0 yields/s	136 preempts/s
208006 milliseconds	1679 MB/s	0 short_reads/s	0 short_writes_echo/s	92 cpu_user_milliseconds	894 cpu_system_milliseconds	0 minor_page_faults/s	0 major_page_faults/s	0 yields/s	108 preempts/s
209006 milliseconds	1502 MB/s	2 short_reads/s	0 short_writes_echo/s	64 cpu_user_milliseconds	804 cpu_system_milliseconds	0 minor_page_faults/s	0 major_page_faults/s	12 yields/s	890 preempts/s
210006 milliseconds	1300 MB/s	56 short_reads/s	0 short_writes_echo/s	48 cpu_user_milliseconds	739 cpu_system_milliseconds	0 minor_page_faults/s	0 major_page_faults/s	94 yields/s	757 preempts/s
211006 milliseconds	1654 MB/s	1 short_reads/s	0 short_writes_echo/s	66 cpu_user_milliseconds	899 cpu_system_milliseconds	0 minor_page_faults/s	0 major_page_faults/s	5 yields/s	332 preempts/s
212006 milliseconds	2033 MB/s	0 short_reads/s	0 short_writes_echo/s	86 cpu_user_milliseconds	910 cpu_system_milliseconds	0 minor_page_faults/s	0 major_page_faults/s	0 yields/s	61 preempts/s
213006 milliseconds	1489 MB/s	5 short_reads/s	0 short_writes_echo/s	88 cpu_user_milliseconds	760 cpu_system_milliseconds	0 minor_page_faults/s	0 major_page_faults/s	23 yields/s	847 preempts/s
214006 milliseconds	1815 MB/s	0 short_reads/s	0 short_writes_echo/s	74 cpu_user_milliseconds	915 cpu_system_milliseconds	0 minor_page_faults/s	0 major_page_faults/s	0 yields/s	182 preempts/s
215006 milliseconds	1848 MB/s	0 short_reads/s	0 short_writes_echo/s	84 cpu_user_milliseconds	905 cpu_system_milliseconds	0 minor_page_faults/s	0 major_page_faults/s	0 yields/s	168 preempts/s
216006 milliseconds	2013 MB/s	0 short_reads/s	0 short_writes_echo/s	77 cpu_user_milliseconds	915 cpu_system_milliseconds	0 minor_page_faults/s	0 major_page_faults/s	0 yields/s	150 preempts/s
217006 milliseconds	1733 MB/s	5 short_reads/s	0 short_writes_echo/s	62 cpu_user_milliseconds	882 cpu_system_milliseconds	0 minor_page_faults/s	0 major_page_faults/s	10 yields/s	232 preempts/s
218006 milliseconds	1288 MB/s	222 short_reads/s	0 short_writes_echo/s	77 cpu_user_milliseconds	721 cpu_system_milliseconds	0 minor_page_faults/s	0 major_page_faults/s	280 yields/s	839 preempts/s
219006 milliseconds	1178 MB/s	73 short_reads/s	0 short_writes_echo/s	63 cpu_user_milliseconds	707 cpu_system_milliseconds	0 minor_page_faults/s	0 major_page_faults/s	135 yields/s	936 preempts/s
220006 milliseconds	1444 MB/s	14 short_reads/s	0 short_writes_echo/s	69 cpu_user_milliseconds	858 cpu_system_milliseconds	0 minor_page_faults/s	0 major_page_faults/s	23 yields/s	495 preempts/s
221007 milliseconds	1465 MB/s	84 short_reads/s	0 short_writes_echo/s	62 cpu_user_milliseconds	838 cpu_system_milliseconds	0 minor_page_faults/s	0 major_page_faults/s	112 yields/s	643 preempts/s
222007 milliseconds	1512 MB/s	18 short_reads/s	0 short_writes_echo/s	84 cpu_user_milliseconds	851 cpu_system_milliseconds	0 minor_page_faults/s	0 major_page_faults/s	41 yields/s	333 preempts/s
223007 milliseconds	1630 MB/s	0 short_reads/s	0 short_writes_echo/s	81 cpu_user_milliseconds	894 cpu_system_milliseconds	0 minor_page_faults/s	0 major_page_faults/s	0 yields/s	257 preempts/s
224007 milliseconds	1630 MB/s	0 short_reads/s	0 short_writes_echo/s	70 cpu_user_milliseconds	903 cpu_system_milliseconds	0 minor_page_faults/s	0 major_page_faults/s	6 yields/s	312 preempts/s
225007 milliseconds	1685 MB/s	0 short_reads/s	0 short_writes_echo/s	80 cpu_user_milliseconds	903 cpu_system_milliseconds	0 minor_page_faults/s	0 major_page_faults/s	0 yields/s	215 preempts/s
226007 milliseconds	1765 MB/s	0 short_reads/s	0 short_writes_echo/s	78 cpu_user_milliseconds	913 cpu_system_milliseconds	0 minor_page_faults/s	0 major_page_faults/s	0 yields/s	141 preempts/s
227007 milliseconds	1721 MB/s	0 short_reads/s	0 short_writes_echo/s	71 cpu_user_milliseconds	913 cpu_system_milliseconds	0 minor_page_faults/s	0 major_page_faults/s	0 yields/s	181 preempts/s
228007 milliseconds	1732 MB/s	0 short_reads/s	0 short_writes_echo/s	86 cpu_user_milliseconds	895 cpu_system_milliseconds	0 minor_page_faults/s	0 major_page_faults/s	0 yields/s	262 preempts/s
229007 milliseconds	1682 MB/s	0 short_reads/s	0 short_writes_echo/s	79 cpu_user_milliseconds	905 cpu_system_milliseconds	0 minor_page_faults/s	0 major_page_faults/s	0 yields/s	210 preempts/s
230007 milliseconds	1672 MB/s	0 short_reads/s	0 short_writes_echo/s	79 cpu_user_milliseconds	900 cpu_system_milliseconds	0 minor_page_faults/s	0 major_page_faults/s	3 yields/s	166 preempts/s
231007 milliseconds	1695 MB/s	0 short_reads/s	0 short_writes_echo/s	76 cpu_user_milliseconds	904 cpu_system_milliseconds	0 minor_page_faults/s	0 major_page_faults/s	0 yields/s	243 preempts/s
232007 milliseconds	1725 MB/s	0 short_reads/s	0 short_writes_echo/s	83 cpu_user_milliseconds	890 cpu_system_milliseconds	0 minor_page_faults/s	0 major_page_faults/s	0 yields/s	224 preempts/s
233007 milliseconds	1657 MB/s	0 short_reads/s	0 short_writes_echo/s	68 cpu_user_milliseconds	908 cpu_system_milliseconds	0 minor_page_faults/s	0 major_page_faults/s	0 yields/s	271 preempts/s
234007 milliseconds	1702 MB/s	0 short_reads/s	0 short_writes_echo/s	82 cpu_user_milliseconds	890 cpu_system_milliseconds	0 minor_page_faults/s	0 major_page_faults/s	1 yields/s	276 preempts/s
235007 milliseconds	1697 MB/s	0 short_reads/s	0 short_writes_echo/s	69 cpu_user_milliseconds	915 cpu_system_milliseconds	0 minor_page_faults/s	0 major_page_faults/s	2 yields/s	200 preempts/s
236007 milliseconds	1675 MB/s	0 short_reads/s	0 short_writes_echo/s	84 cpu_user_milliseconds	898 cpu_system_milliseconds	0 minor_page_faults/s	0 major_page_faults/s	0 yields/s	222 preempts/s
237007 milliseconds	1682 MB/s	0 short_reads/s	0 short_writes_echo/s	88 cpu_user_milliseconds	895 cpu_system_milliseconds	0 minor_page_faults/s	0 major_page_faults/s	2 yields/s	224 preempts/s
238007 milliseconds	1695 MB/s	0 short_reads/s	0 short_writes_echo/s	64 cpu_user_milliseconds	915 cpu_system_milliseconds	0 minor_page_faults/s	0 major_page_faults/s	0 yields/s	216 preempts/s
239007 milliseconds	1595 MB/s	0 short_reads/s	0 short_writes_echo/s	68 cpu_user_milliseconds	907 cpu_system_milliseconds	0 minor_page_faults/s	0 major_page_faults/s	0 yields/s	275 preempts/s
240007 milliseconds	1774 MB/s	0 short_reads/s	0 short_writes_echo/s	74 cpu_user_milliseconds	906 cpu_system_milliseconds	0 minor_page_faults/s	0 major_page_faults/s	0 yields/s	260 preempts/s
