1000 milliseconds	1059 MB/s	0 short_reads/s	0 short_writes_echo/s	205 cpu_user_milliseconds	727 cpu_system_milliseconds	179 minor_page_faults/s	0 major_page_faults/s	6771 yields/s	237 preempts/s
2000 milliseconds	955 MB/s	0 short_reads/s	0 short_writes_echo/s	223 cpu_user_milliseconds	678 cpu_system_milliseconds	2 minor_page_faults/s	0 major_page_faults/s	9909 yields/s	266 preempts/s
3000 milliseconds	989 MB/s	0 short_reads/s	0 short_writes_echo/s	199 cpu_user_milliseconds	694 cpu_system_milliseconds	0 minor_page_faults/s	0 major_page_faults/s	7655 yields/s	267 preempts/s
4000 milliseconds	1080 MB/s	0 short_reads/s	0 short_writes_echo/s	226 cpu_user_milliseconds	709 cpu_system_milliseconds	0 minor_page_faults/s	0 major_page_faults/s	6737 yields/s	99 preempts/s
5000 milliseconds	1079 MB/s	0 short_reads/s	0 short_writes_echo/s	210 cpu_user_milliseconds	724 cpu_system_milliseconds	0 minor_page_faults/s	0 major_page_faults/s	6109 yields/s	108 preempts/s
6000 milliseconds	1054 MB/s	0 short_reads/s	0 short_writes_echo/s	225 cpu_user_milliseconds	699 cpu_system_milliseconds	0 minor_page_faults/s	0 major_page_faults/s	6879 yields/s	178 preempts/s
7000 milliseconds	1018 MB/s	0 short_reads/s	0 short_writes_echo/s	201 cpu_user_milliseconds	725 cpu_system_milliseconds	0 minor_page_faults/s	0 major_page_faults/s	8629 yields/s	210 preempts/s
8000 milliseconds	1006 MB/s	0 short_reads/s	0 short_writes_echo/s	226 cpu_user_milliseconds	692 cpu_system_milliseconds	0 minor_page_faults/s	0 major_page_faults/s	7994 yields/s	250 preempts/s
9000 milliseconds	1020 MB/s	0 short_reads/s	0 short_writes_echo/s	222 cpu_user_milliseconds	693 cpu_system_milliseconds	0 minor_page_faults/s	0 major_page_faults/s	6581 yields/s	156 preempts/s
10000 milliseconds	1050 MB/s	0 short_reads/s	0 short_writes_echo/s	222 cpu_user_milliseconds	702 cpu_system_milliseconds	0 minor_page_faults/s	0 major_page_faults/s	6789 yields/s	201 preempts/s
11000 milliseconds	1040 MB/s	0 short_reads/s	0 short_writes_echo/s	209 cpu_user_milliseconds	722 cpu_system_milliseconds	0 minor_page_faults/s	0 major_page_faults/s	7926 yields/s	159 preempts/s
12000 milliseconds	1100 MB/s	0 short_reads/s	0 short_writes_echo/s	215 cpu_user_milliseconds	733 cpu_system_milliseconds	0 minor_page_faults/s	0 major_page_faults/s	6245 yields/s	141 preempts/s
13000 milliseconds	1049 MB/s	0 short_reads/s	0 short_writes_echo/s	222 cpu_user_milliseconds	710 cpu_system_milliseconds	0 minor_page_faults/s	0 major_page_faults/s	8898 yields/s	122 preempts/s
14000 milliseconds	1079 MB/s	0 short_reads/s	0 short_writes_echo/s	222 cpu_user_milliseconds	721 cpu_system_milliseconds	0 minor_page_faults/s	0 major_page_faults/s	7349 yields/s	170 preempts/s
15000 milliseconds	1077 MB/s	0 short_reads/s	0 short_writes_echo/s	201 cpu_user_milliseconds	745 cpu_system_milliseconds	0 minor_page_faults/s	0 major_page_faults/s	6195 yields/s	162 preempts/s
16000 milliseconds	1072 MB/s	0 short_reads/s	0 short_writes_echo/s	201 cpu_user_milliseconds	739 cpu_system_milliseconds	0 minor_page_faults/s	0 major_page_faults/s	7624 yields/s	132 preempts/s
17000 milliseconds	1073 MB/s	0 short_reads/s	0 short_writes_echo/s	202 cpu_user_milliseconds	731 cpu_system_milliseconds	0 minor_page_faults/s	0 major_page_faults/s	6184 yields/s	136 preempts/s
18000 milliseconds	1060 MB/s	0 short_reads/s	0 short_writes_echo/s	233 cpu_user_milliseconds	705 cpu_system_milliseconds	0 minor_page_faults/s	0 major_page_faults/s	6872 yields/s	176 preempts/s
19000 milliseconds	974 MB/s	0 short_reads/s	0 short_writes_echo/s	214 cpu_user_milliseconds	702 cpu_system_milliseconds	0 minor_page_faults/s	0 major_page_faults/s	9326 yields/s	172 preempts/s
20000 milliseconds	1054 MB/s	0 short_reads/s	0 short_writes_echo/s	217 cpu_user_milliseconds	715 cpu_system_milliseconds	0 minor_page_faults/s	0 major_page_faults/s	7377 yields/s	143 preempts/s
21000 milliseconds	1081 MB/s	0 short_reads/s	0 short_writes_echo/s	232 cpu_user_milliseconds	707 cpu_system_milliseconds	0 minor_page_faults/s	0 major_page_faults/s	5770 yields/s	157 preempts/s
22000 milliseconds	1055 MB/s	0 short_reads/s	0 short_writes_echo/s	191 cpu_user_milliseconds	747 cpu_system_milliseconds	0 minor_page_faults/s	0 major_page_faults/s	6604 yields/s	158 preempts/s
23000 milliseconds	1061 MB/s	0 short_reads/s	0 short_writes_echo/s	200 cpu_user_milliseconds	735 cpu_system_milliseconds	0 minor_page_faults/s	0 major_page_faults/s	7097 yields/s	185 preempts/s
24000 milliseconds	1069 MB/s	0 short_reads/s	0 short_writes_echo/s	213 cpu_user_milliseconds	721 cpu_system_milliseconds	0 minor_page_faults/s	0 major_page_faults/s	7359 yields/s	208 preempts/s
25000 milliseconds	1027 MB/s	0 short_reads/s	0 short_writes_echo/s	180 cpu_user_milliseconds	727 cpu_system_milliseconds	0 minor_page_faults/s	0 major_page_faults/s	7510 yields/s	157 preempts/s
26000 milliseconds	1054 MB/s	0 short_reads/s	0 short_writes_echo/s	213 cpu_user_milliseconds	717 cpu_system_milliseconds	0 minor_page_faults/s	0 major_page_faults/s	6580 yields/s	200 preempts/s
27000 milliseconds	1030 MB/s	0 short_reads/s	0 short_writes_echo/s	225 cpu_user_milliseconds	698 cpu_system_milliseconds	0 minor_page_faults/s	0 major_page_faults/s	8972 yields/s	224 preempts/s
28000 milliseconds	1047 MB/s	0 short_reads/s	0 short_writes_echo/s	206 cpu_user_milliseconds	728 cpu_system_milliseconds	0 minor_page_faults/s	0 major_page_faults/s	6617 yields/s	208 preempts/s
29000 milliseconds	1001 MB/s	0 short_reads/s	0 short_writes_echo/s	195 cpu_user_milliseconds	719 cpu_system_milliseconds	0 minor_page_faults/s	0 major_page_faults/s	7394 yields/s	295 preempts/s
30000 milliseconds	972 MB/s	0 short_reads/s	0 short_writes_echo/s	194 cpu_user_milliseconds	702 cpu_system_milliseconds	0 minor_page_faults/s	0 major_page_faults/s	7648 yields/s	262 preempts/s
31000 milliseconds	1039 MB/s	0 short_reads/s	0 short_writes_echo/s	194 cpu_user_milliseconds	737 cpu_system_milliseconds	0 minor_page_faults/s	0 major_page_faults/s	7219 yields/s	152 preempts/s
32000 milliseconds	941 MB/s	0 short_reads/s	0 short_writes_echo/s	196 cpu_user_milliseconds	669 cpu_system_milliseconds	0 minor_page_faults/s	0 major_page_faults/s	8810 yields/s	156 preempts/s
33000 milliseconds	1079 MB/s	0 short_reads/s	0 short_writes_echo/s	230 cpu_user_milliseconds	701 cpu_system_milliseconds	0 minor_page_faults/s	0 major_page_faults/s	5854 yields/s	112 preempts/s
34000 milliseconds	1027 MB/s	0 short_reads/s	0 short_writes_echo/s	219 cpu_user_milliseconds	689 cpu_system_milliseconds	0 minor_page_faults/s	0 major_page_faults/s	7196 yields/s	222 preempts/s
35000 milliseconds	1069 MB/s	0 short_reads/s	0 short_writes_echo/s	205 cpu_user_milliseconds	716 cpu_system_milliseconds	0 minor_page_faults/s	0 major_page_faults/s	6347 yields/s	281 preempts/s
36000 milliseconds	1070 MB/s	0 short_reads/s	0 short_writes_echo/s	217 cpu_user_milliseconds	701 cpu_system_milliseconds	0 minor_page_faults/s	0 major_page_faults/s	5981 yields/s	326 preempts/s
37000 milliseconds	1025 MB/s	0 short_reads/s	0 short_writes_echo/s	200 cpu_user_milliseconds	725 cpu_system_milliseconds	0 minor_page_faults/s	0 major_page_faults/s	10107 yields/s	153 preempts/s
38000 milliseconds	1000 MB/s	0 short_reads/s	0 short_writes_echo/s	201 cpu_user_milliseconds	726 cpu_system_milliseconds	0 minor_page_faults/s	0 major_page_faults/s	9015 yields/s	174 preempts/s
39000 milliseconds	1030 MB/s	0 short_reads/s	0 short_writes_echo/s	228 cpu_user_milliseconds	686 cpu_system_milliseconds	0 minor_page_faults/s	0 major_page_faults/s	6794 yields/s	379 preempts/s
40000 milliseconds	987 MB/s	0 short_reads/s	0 short_writes_echo/s	223 cpu_user_milliseconds	682 cpu_system_milliseconds	0 minor_page_faults/s	0 major_page_faults/s	6832 yields/s	231 preempts/s
41000 milliseconds	1004 MB/s	0 short_reads/s	0 short_writes_echo/s	200 cpu_user_milliseconds	701 cpu_system_milliseconds	0 minor_page_faults/s	0 major_page_faults/s	6373 yields/s	372 preempts/s
42000 milliseconds	1010 MB/s	0 short_reads/s	0 short_writes_echo/s	217 cpu_user_milliseconds	694 cpu_system_milliseconds	0 minor_page_faults/s	0 major_page_faults/s	7751 yields/s	206 preempts/s
43000 milliseconds	1018 MB/s	0 short_reads/s	0 short_writes_echo/s	204 cpu_user_milliseconds	722 cpu_system_milliseconds	0 minor_page_faults/s	0 major_page_faults/s	9264 yields/s	154 preempts/s
44000 milliseconds	1041 MB/s	0 short_reads/s	0 short_writes_echo/s	210 cpu_user_milliseconds	718 cpu_system_milliseconds	0 minor_page_faults/s	0 major_page_faults/s	8100 yields/s	146 preempts/s
45000 milliseconds	1040 MB/s	0 short_reads/s	0 short_writes_echo/s	218 cpu_user_milliseconds	717 cpu_system_milliseconds	0 minor_page_faults/s	0 major_page_faults/s	6990 yields/s	121 preempts/s
46000 milliseconds	1061 MB/s	0 short_reads/s	0 short_writes_echo/s	217 cpu_user_milliseconds	716 cpu_system_milliseconds	0 minor_page_faults/s	0 major_page_faults/s	7326 yields/s	210 preempts/s
47000 milliseconds	1033 MB/s	0 short_reads/s	0 short_writes_echo/s	191 cpu_user_milliseconds	740 cpu_system_milliseconds	0 minor_page_faults/s	0 major_page_faults/s	8999 yields/s	139 preempts/s
48000 milliseconds	1048 MB/s	0 short_reads/s	0 short_writes_echo/s	169 cpu_user_milliseconds	758 cpu_system_milliseconds	0 minor_page_faults/s	0 major_page_faults/s	7233 yields/s	154 preempts/s
49001 milliseconds	995 MB/s	0 short_reads/s	0 short_writes_echo/s	207 cpu_user_milliseconds	701 cpu_system_milliseconds	0 minor_page_faults/s	0 major_page_faults/s	7910 yields/s	196 preempts/s
50001 milliseconds	1031 MB/s	0 short_reads/s	0 short_writes_echo/s	211 cpu_user_milliseconds	705 cpu_system_milliseconds	0 minor_page_faults/s	0 major_page_faults/s	6067 yields/s	300 preempts/s
51001 milliseconds	1017 MB/s	0 short_reads/s	0 short_writes_echo/s	206 cpu_user_milliseconds	700 cpu_system_milliseconds	0 minor_page_faults/s	0 major_page_faults/s	7395 yields/s	229 preempts/s
52001 milliseconds	1051 MB/s	0 short_reads/s	0 short_writes_echo/s	213 cpu_user_milliseconds	714 cpu_system_milliseconds	0 minor_page_faults/s	0 major_page_faults/s	6737 yields/s	261 preempts/s
53001 milliseconds	1034 MB/s	0 short_reads/s	0 short_writes_echo/s	191 cpu_user_milliseconds	741 cpu_system_milliseconds	0 minor_page_faults/s	0 major_page_faults/s	8885 yields/s	131 preempts/s
54001 milliseconds	1126 MB/s	0 short_reads/s	0 short_writes_echo/s	179 cpu_user_milliseconds	774 cpu_system_milliseconds	0 minor_page_faults/s	0 major_page_faults/s	5016 yields/s	117 preempts/s
55001 milliseconds	1105 MB/s	0 short_reads/s	0 short_writes_echo/s	218 cpu_user_milliseconds	729 cpu_system_milliseconds	0 minor_page_faults/s	0 major_page_faults/s	5874 yields/s	170 preempts/s
56001 milliseconds	1060 MB/s	0 short_reads/s	0 short_writes_echo/s	227 cpu_user_milliseconds	712 cpu_system_milliseconds	0 minor_page_faults/s	0 major_page_faults/s	7118 yields/s	132 preempts/s
57001 milliseconds	1086 MB/s	0 short_reads/s	0 short_writes_echo/s	203 cpu_user_milliseconds	723 cpu_system_milliseconds	0 minor_page_faults/s	0 major_page_faults/s	5452 yields/s	246 preempts/s
58001 milliseconds	1043 MB/s	0 short_reads/s	0 short_writes_echo/s	221 cpu_user_milliseconds	704 cpu_system_milliseconds	0 minor_page_faults/s	0 major_page_faults/s	6730 yields/s	196 preempts/s
59001 milliseconds	1009 MB/s	0 short_reads/s	0 short_writes_echo/s	200 cpu_user_milliseconds	706 cpu_system_milliseconds	0 minor_page_faults/s	0 major_page_faults/s	6506 yields/s	267 preempts/s
60001 milliseconds	955 MB/s	0 short_reads/s	0 short_writes_echo/s	202 cpu_user_milliseconds	684 cpu_system_milliseconds	0 minor_page_faults/s	0 major_page_faults/s	9015 yields/s	215 preempts/s
61001 milliseconds	993 MB/s	0 short_reads/s	0 short_writes_echo/s	217 cpu_user_milliseconds	694 cpu_system_milliseconds	0 minor_page_faults/s	0 major_page_faults/s	9071 yields/s	209 preempts/s
62001 milliseconds	994 MB/s	0 short_reads/s	0 short_writes_echo/s	214 cpu_user_milliseconds	698 cpu_system_milliseconds	0 minor_page_faults/s	0 major_page_faults/s	7889 yields/s	165 preempts/s
63001 milliseconds	1054 MB/s	0 short_reads/s	0 short_writes_echo/s	196 cpu_user_milliseconds	741 cpu_system_milliseconds	0 minor_page_faults/s	0 major_page_faults/s	6334 yields/s	197 preempts/s
64001 milliseconds	1041 MB/s	0 short_reads/s	0 short_writes_echo/s	209 cpu_user_milliseconds	722 cpu_system_milliseconds	0 minor_page_faults/s	0 major_page_faults/s	8590 yields/s	196 preempts/s
65001 milliseconds	1048 MB/s	0 short_reads/s	0 short_writes_echo/s	196 cpu_user_milliseconds	724 cpu_system_milliseconds	0 minor_page_faults/s	0 major_page_faults/s	8285 yields/s	235 preempts/s
66001 milliseconds	1089 MB/s	0 short_reads/s	0 short_writes_echo/s	228 cpu_user_milliseconds	714 cpu_system_milliseconds	0 minor_page_faults/s	0 major_page_faults/s	6360 yields/s	138 preempts/s
67001 milliseconds	1059 MB/s	0 short_reads/s	0 short_writes_echo/s	229 cpu_user_milliseconds	696 cpu_system_milliseconds	0 minor_page_faults/s	0 major_page_faults/s	7945 yields/s	125 preempts/s
68001 milliseconds	1038 MB/s	0 short_reads/s	0 short_writes_echo/s	231 cpu_user_milliseconds	689 cpu_system_milliseconds	0 minor_page_faults/s	0 major_page_faults/s	7515 yields/s	245 preempts/s
69001 milliseconds	996 MB/s	0 short_reads/s	0 short_writes_echo/s	214 cpu_user_milliseconds	694 cpu_system_milliseconds	0 minor_page_faults/s	0 major_page_faults/s	8122 yields/s	272 preempts/s
70001 milliseconds	1017 MB/s	0 short_reads/s	0 short_writes_echo/s	212 cpu_user_milliseconds	697 cpu_system_milliseconds	0 minor_page_faults/s	0 major_page_faults/s	5553 yields/s	492 preempts/s
71001 milliseconds	1026 MB/s	0 short_reads/s	0 short_writes_echo/s	227 cpu_user_milliseconds	683 cpu_system_milliseconds	0 minor_page_faults/s	0 major_page_faults/s	6599 yields/s	183 preempts/s
72001 milliseconds	1036 MB/s	0 short_reads/s	0 short_writes_echo/s	210 cpu_user_milliseconds	726 cpu_system_milliseconds	0 minor_page_faults/s	0 major_page_faults/s	7592 yields/s	236 preempts/s
73001 milliseconds	1076 MB/s	0 short_reads/s	0 short_writes_echo/s	205 cpu_user_milliseconds	734 cpu_system_milliseconds	0 minor_page_faults/s	0 major_page_faults/s	6562 yields/s	93 preempts/s
74001 milliseconds	1027 MB/s	0 short_reads/s	0 short_writes_echo/s	202 cpu_user_milliseconds	728 cpu_system_milliseconds	0 minor_page_faults/s	0 major_page_faults/s	7587 yields/s	92 preempts/s
75001 milliseconds	1066 MB/s	0 short_reads/s	0 short_writes_echo/s	248 cpu_user_milliseconds	683 cpu_system_milliseconds	0 minor_page_faults/s	0 major_page_faults/s	6450 yields/s	326 preempts/s
76001 milliseconds	1056 MB/s	0 short_reads/s	0 short_writes_echo/s	221 cpu_user_milliseconds	704 cpu_system_milliseconds	0 minor_page_faults/s	0 major_page_faults/s	7239 yields/s	234 preempts/s
77001 milliseconds	1044 MB/s	0 short_reads/s	0 short_writes_echo/s	212 cpu_user_milliseconds	714 cpu_system_milliseconds	0 minor_page_faults/s	0 major_page_faults/s	7406 yields/s	259 preempts/s
78001 milliseconds	990 MB/s	0 short_reads/s	0 short_writes_echo/s	206 cpu_user_milliseconds	725 cpu_system_milliseconds	0 minor_page_faults/s	0 major_page_faults/s	10860 yields/s	129 preempts/s
79001 milliseconds	957 MB/s	0 short_reads/s	0 short_writes_echo/s	198 cpu_user_milliseconds	707 cpu_system_milliseconds	0 minor_page_faults/s	0 major_page_faults/s	10904 yields/s	187 preempts/s
80001 milliseconds	924 MB/s	0 short_reads/s	0 short_writes_echo/s	227 cpu_user_milliseconds	658 cpu_system_milliseconds	0 minor_page_faults/s	0 major_page_faults/s	10210 yields/s	333 preempts/s
81001 milliseconds	850 MB/s	0 short_reads/s	0 short_writes_echo/s	167 cpu_user_milliseconds	672 cpu_system_milliseconds	0 minor_page_faults/s	0 major_page_faults/s	13875 yields/s	287 preempts/s
82001 milliseconds	998 MB/s	0 short_reads/s	0 short_writes_echo/s	208 cpu_user_milliseconds	697 cpu_system_milliseconds	0 minor_page_faults/s	0 major_page_faults/s	10414 yields/s	193 preempts/s
83001 milliseconds	1040 MB/s	0 short_reads/s	0 short_writes_echo/s	221 cpu_user_milliseconds	723 cpu_system_milliseconds	0 minor_page_faults/s	0 major_page_faults/s	7121 yields/s	117 preempts/s
84001 milliseconds	1100 MB/s	0 short_reads/s	0 short_writes_echo/s	216 cpu_user_milliseconds	732 cpu_system_milliseconds	0 minor_page_faults/s	0 major_page_faults/s	6296 yields/s	187 preempts/s
85001 milliseconds	1067 MB/s	0 short_reads/s	0 short_writes_echo/s	187 cpu_user_milliseconds	751 cpu_system_milliseconds	0 minor_page_faults/s	0 major_page_faults/s	6837 yields/s	124 preempts/s
86001 milliseconds	1106 MB/s	0 short_reads/s	0 short_writes_echo/s	219 cpu_user_milliseconds	730 cpu_system_milliseconds	0 minor_page_faults/s	0 major_page_faults/s	5706 yields/s	127 preempts/s
87001 milliseconds	1065 MB/s	0 short_reads/s	0 short_writes_echo/s	198 cpu_user_milliseconds	732 cpu_system_milliseconds	0 minor_page_faults/s	0 major_page_faults/s	8387 yields/s	126 preempts/s
88001 milliseconds	1081 MB/s	0 short_reads/s	0 short_writes_echo/s	209 cpu_user_milliseconds	738 cpu_system_milliseconds	0 minor_page_faults/s	0 major_page_faults/s	6280 yields/s	142 preempts/s
89001 milliseconds	982 MB/s	0 short_reads/s	0 short_writes_echo/s	229 cpu_user_milliseconds	685 cpu_system_milliseconds	0 minor_page_faults/s	0 major_page_faults/s	9332 yields/s	283 preempts/s
90001 milliseconds	899 MB/s	0 short_reads/s	0 short_writes_echo/s	188 cpu_user_milliseconds	660 cpu_system_milliseconds	0 minor_page_faults/s	0 major_page_faults/s	10066 yields/s	313 preempts/s
91001 milliseconds	1022 MB/s	0 short_reads/s	0 short_writes_echo/s	226 cpu_user_milliseconds	694 cpu_system_milliseconds	0 minor_page_faults/s	0 major_page_faults/s	7437 yields/s	180 preempts/s
92001 milliseconds	950 MB/s	0 short_reads/s	0 short_writes_echo/s	191 cpu_user_milliseconds	689 cpu_system_milliseconds	0 minor_page_faults/s	0 major_page_faults/s	8096 yields/s	256 preempts/s
93001 milliseconds	1020 MB/s	0 short_reads/s	0 short_writes_echo/s	198 cpu_user_milliseconds	716 cpu_system_milliseconds	0 minor_page_faults/s	0 major_page_faults/s	7326 yields/s	164 preempts/s
94001 milliseconds	1089 MB/s	0 short_reads/s	0 short_writes_echo/s	194 cpu_user_milliseconds	755 cpu_system_milliseconds	0 minor_page_faults/s	0 major_page_faults/s	7646 yields/s	94 preempts/s
95001 milliseconds	1028 MB/s	0 short_reads/s	0 short_writes_echo/s	226 cpu_user_milliseconds	708 cpu_system_milliseconds	0 minor_page_faults/s	0 major_page_faults/s	8090 yields/s	149 preempts/s
96001 milliseconds	1090 MB/s	0 short_reads/s	0 short_writes_echo/s	235 cpu_user_milliseconds	710 cpu_system_milliseconds	0 minor_page_faults/s	0 major_page_faults/s	6207 yields/s	134 preempts/s
97001 milliseconds	1081 MB/s	0 short_reads/s	0 short_writes_echo/s	232 cpu_user_milliseconds	715 cpu_system_milliseconds	0 minor_page_faults/s	0 major_page_faults/s	7385 yields/s	179 preempts/s
98001 milliseconds	1045 MB/s	0 short_reads/s	0 short_writes_echo/s	204 cpu_user_milliseconds	733 cpu_system_milliseconds	0 minor_page_faults/s	0 major_page_faults/s	8373 yields/s	139 preempts/s
99001 milliseconds	1024 MB/s	0 short_reads/s	0 short_writes_echo/s	213 cpu_user_milliseconds	714 cpu_system_milliseconds	0 minor_page_faults/s	0 major_page_faults/s	7783 yields/s	137 preempts/s
100001 milliseconds	993 MB/s	0 short_reads/s	0 short_writes_echo/s	203 cpu_user_milliseconds	693 cpu_system_milliseconds	0 minor_page_faults/s	0 major_page_faults/s	7523 yields/s	249 preempts/s
101004 milliseconds	1037 MB/s	0 short_reads/s	0 short_writes_echo/s	222 cpu_user_milliseconds	704 cpu_system_milliseconds	0 minor_page_faults/s	0 major_page_faults/s	6552 yields/s	188 preempts/s
102004 milliseconds	994 MB/s	0 short_reads/s	0 short_writes_echo/s	213 cpu_user_milliseconds	702 cpu_system_milliseconds	0 minor_page_faults/s	0 major_page_faults/s	8081 yields/s	354 preempts/s
103004 milliseconds	1025 MB/s	0 short_reads/s	0 short_writes_echo/s	194 cpu_user_milliseconds	725 cpu_system_milliseconds	0 minor_page_faults/s	0 major_page_faults/s	7356 yields/s	274 preempts/s
104004 milliseconds	1036 MB/s	0 short_reads/s	0 short_writes_echo/s	216 cpu_user_milliseconds	707 cpu_system_milliseconds	0 minor_page_faults/s	0 major_page_faults/s	8257 yields/s	226 preempts/s
105004 milliseconds	1057 MB/s	0 short_reads/s	0 short_writes_echo/s	225 cpu_user_milliseconds	717 cpu_system_milliseconds	0 minor_page_faults/s	0 major_page_faults/s	6671 yields/s	114 preempts/s
106004 milliseconds	1087 MB/s	0 short_reads/s	0 short_writes_echo/s	230 cpu_user_milliseconds	702 cpu_system_milliseconds	0 minor_page_faults/s	0 major_page_faults/s	5173 yields/s	184 preempts/s
107004 milliseconds	1121 MB/s	0 short_reads/s	0 short_writes_echo/s	203 cpu_user_milliseconds	737 cpu_system_milliseconds	0 minor_page_faults/s	0 major_page_faults/s	4306 yields/s	96 preempts/s
108004 milliseconds	1036 MB/s	0 short_reads/s	0 short_writes_echo/s	237 cpu_user_milliseconds	695 cpu_system_milliseconds	0 minor_page_faults/s	0 major_page_faults/s	8003 yields/s	185 preempts/s
109004 milliseconds	1007 MB/s	0 short_reads/s	0 short_writes_echo/s	222 cpu_user_milliseconds	708 cpu_system_milliseconds	0 minor_page_faults/s	0 major_page_faults/s	8925 yields/s	129 preempts/s
110004 milliseconds	1012 MB/s	0 short_reads/s	0 short_writes_echo/s	217 cpu_user_milliseconds	705 cpu_system_milliseconds	0 minor_page_faults/s	0 major_page_faults/s	8379 yields/s	242 preempts/s
111004 milliseconds	1028 MB/s	0 short_reads/s	0 short_writes_echo/s	197 cpu_user_milliseconds	729 cpu_system_milliseconds	0 minor_page_faults/s	0 major_page_faults/s	7820 yields/s	183 preempts/s
112004 milliseconds	1003 MB/s	0 short_reads/s	0 short_writes_echo/s	235 cpu_user_milliseconds	680 cpu_system_milliseconds	0 minor_page_faults/s	0 major_page_faults/s	7415 yields/s	161 preempts/s
113004 milliseconds	1024 MB/s	0 short_reads/s	0 short_writes_echo/s	219 cpu_user_milliseconds	691 cpu_system_milliseconds	0 minor_page_faults/s	0 major_page_faults/s	7004 yields/s	189 preempts/s
114004 milliseconds	1102 MB/s	0 short_reads/s	0 short_writes_echo/s	201 cpu_user_milliseconds	744 cpu_system_milliseconds	0 minor_page_faults/s	0 major_page_faults/s	4993 yields/s	100 preempts/s
115004 milliseconds	1097 MB/s	0 short_reads/s	0 short_writes_echo/s	228 cpu_user_milliseconds	722 cpu_system_milliseconds	0 minor_page_faults/s	0 major_page_faults/s	5169 yields/s	153 preempts/s
116004 milliseconds	1052 MB/s	0 short_reads/s	0 short_writes_echo/s	200 cpu_user_milliseconds	728 cpu_system_milliseconds	0 minor_page_faults/s	0 major_page_faults/s	7962 yields/s	158 preempts/s
117004 milliseconds	1083 MB/s	0 short_reads/s	0 short_writes_echo/s	209 cpu_user_milliseconds	736 cpu_system_milliseconds	0 minor_page_faults/s	0 major_page_faults/s	7194 yields/s	184 preempts/s
118004 milliseconds	1081 MB/s	0 short_reads/s	0 short_writes_echo/s	201 cpu_user_milliseconds	732 cpu_system_milliseconds	0 minor_page_faults/s	0 major_page_faults/s	6194 yields/s	131 preempts/s
119004 milliseconds	1036 MB/s	0 short_reads/s	0 short_writes_echo/s	207 cpu_user_milliseconds	719 cpu_system_milliseconds	0 minor_page_faults/s	0 major_page_faults/s	7569 yields/s	209 preempts/s
120004 milliseconds	965 MB/s	0 short_reads/s	0 short_writes_echo/s	200 cpu_user_milliseconds	730 cpu_system_milliseconds	0 minor_page_faults/s	0 major_page_faults/s	9721 yields/s	170 preempts/s
121004 milliseconds	965 MB/s	0 short_reads/s	0 short_writes_echo/s	205 cpu_user_milliseconds	705 cpu_system_milliseconds	0 minor_page_faults/s	0 major_page_faults/s	9185 yields/s	143 preempts/s
122004 milliseconds	1021 MB/s	0 short_reads/s	0 short_writes_echo/s	204 cpu_user_milliseconds	714 cpu_system_milliseconds	0 minor_page_faults/s	0 major_page_faults/s	6135 yields/s	162 preempts/s
123004 milliseconds	956 MB/s	0 short_reads/s	0 short_writes_echo/s	212 cpu_user_milliseconds	696 cpu_system_milliseconds	0 minor_page_faults/s	0 major_page_faults/s	10968 yields/s	175 preempts/s
124004 milliseconds	1117 MB/s	0 short_reads/s	0 short_writes_echo/s	234 cpu_user_milliseconds	714 cpu_system_milliseconds	0 minor_page_faults/s	0 major_page_faults/s	4791 yields/s	169 preempts/s
125004 milliseconds	1051 MB/s	0 short_reads/s	0 short_writes_echo/s	213 cpu_user_milliseconds	727 cpu_system_milliseconds	0 minor_page_faults/s	0 major_page_faults/s	9094 yields/s	178 preempts/s
126004 milliseconds	1052 MB/s	0 short_reads/s	0 short_writes_echo/s	215 cpu_user_milliseconds	722 cpu_system_milliseconds	0 minor_page_faults/s	0 major_page_faults/s	9044 yields/s	88 preempts/s
127004 milliseconds	1083 MB/s	0 short_reads/s	0 short_writes_echo/s	219 cpu_user_milliseconds	726 cpu_system_milliseconds	0 minor_page_faults/s	0 major_page_faults/s	7823 yields/s	169 preempts/s
128004 milliseconds	1007 MB/s	0 short_reads/s	0 short_writes_echo/s	233 cpu_user_milliseconds	698 cpu_system_milliseconds	0 minor_page_faults/s	0 major_page_faults/s	10109 yields/s	119 preempts/s
129004 milliseconds	1001 MB/s	0 short_reads/s	0 short_writes_echo/s	231 cpu_user_milliseconds	703 cpu_system_milliseconds	0 minor_page_faults/s	0 major_page_faults/s	9018 yields/s	129 preempts/s
130004 milliseconds	967 MB/s	0 short_reads/s	0 short_writes_echo/s	195 cpu_user_milliseconds	728 cpu_system_milliseconds	0 minor_page_faults/s	0 major_page_faults/s	10075 yields/s	151 preempts/s
131004 milliseconds	1060 MB/s	0 short_reads/s	0 short_writes_echo/s	212 cpu_user_milliseconds	724 cpu_system_milliseconds	0 minor_page_faults/s	0 major_page_faults/s	5863 yields/s	200 preempts/s
132004 milliseconds	1011 MB/s	0 short_reads/s	0 short_writes_echo/s	220 cpu_user_milliseconds	699 cpu_system_milliseconds	0 minor_page_faults/s	0 major_page_faults/s	6432 yields/s	151 preempts/s
133004 milliseconds	1045 MB/s	0 short_reads/s	0 short_writes_echo/s	219 cpu_user_milliseconds	704 cpu_system_milliseconds	0 minor_page_faults/s	0 major_page_faults/s	5983 yields/s	201 preempts/s
134004 milliseconds	1049 MB/s	0 short_reads/s	0 short_writes_echo/s	234 cpu_user_milliseconds	697 cpu_system_milliseconds	0 minor_page_faults/s	0 major_page_faults/s	6653 yields/s	177 preempts/s
135004 milliseconds	1080 MB/s	0 short_reads/s	0 short_writes_echo/s	214 cpu_user_milliseconds	717 cpu_system_milliseconds	0 minor_page_faults/s	0 major_page_faults/s	6494 yields/s	106 preempts/s
136004 milliseconds	1064 MB/s	0 short_reads/s	0 short_writes_echo/s	196 cpu_user_milliseconds	755 cpu_system_milliseconds	0 minor_page_faults/s	0 major_page_faults/s	6559 yields/s	88 preempts/s
137004 milliseconds	1029 MB/s	0 short_reads/s	0 short_writes_echo/s	226 cpu_user_milliseconds	710 cpu_system_milliseconds	0 minor_page_faults/s	0 major_page_faults/s	10040 yields/s	88 preempts/s
138004 milliseconds	1040 MB/s	0 short_reads/s	0 short_writes_echo/s	220 cpu_user_milliseconds	726 cpu_system_milliseconds	0 minor_page_faults/s	0 major_page_faults/s	9596 yields/s	81 preempts/s
139004 milliseconds	1098 MB/s	0 short_reads/s	0 short_writes_echo/s	217 cpu_user_milliseconds	727 cpu_system_milliseconds	0 minor_page_faults/s	0 major_page_faults/s	6359 yields/s	156 preempts/s
140004 milliseconds	1021 MB/s	0 short_reads/s	0 short_writes_echo/s	185 cpu_user_milliseconds	722 cpu_system_milliseconds	0 minor_page_faults/s	0 major_page_faults/s	6098 yields/s	291 preempts/s
141004 milliseconds	996 MB/s	0 short_reads/s	0 short_writes_echo/s	206 cpu_user_milliseconds	699 cpu_system_milliseconds	0 minor_page_faults/s	0 major_page_faults/s	7316 yields/s	279 preempts/s
142004 milliseconds	1018 MB/s	0 short_reads/s	0 short_writes_echo/s	201 cpu_user_milliseconds	722 cpu_system_milliseconds	0 minor_page_faults/s	0 major_page_faults/s	7125 yields/s	235 preempts/s
143004 milliseconds	1023 MB/s	0 short_reads/s	0 short_writes_echo/s	212 cpu_user_milliseconds	706 cpu_system_milliseconds	0 minor_page_faults/s	0 major_page_faults/s	7126 yields/s	188 preempts/s
144004 milliseconds	1045 MB/s	0 short_reads/s	0 short_writes_echo/s	223 cpu_user_milliseconds	705 cpu_system_milliseconds	0 minor_page_faults/s	0 major_page_faults/s	6407 yields/s	228 preempts/s
145004 milliseconds	1065 MB/s	0 short_reads/s	0 short_writes_echo/s	249 cpu_user_milliseconds	693 cpu_system_milliseconds	0 minor_page_faults/s	0 major_page_faults/s	6564 yields/s	148 preempts/s
146004 milliseconds	1045 MB/s	0 short_reads/s	0 short_writes_echo/s	211 cpu_user_milliseconds	725 cpu_system_milliseconds	0 minor_page_faults/s	0 major_page_faults/s	8055 yields/s	138 preempts/s
147004 milliseconds	1061 MB/s	0 short_reads/s	0 short_writes_echo/s	205 cpu_user_milliseconds	742 cpu_system_milliseconds	0 minor_page_faults/s	0 major_page_faults/s	7025 yields/s	172 preempts/s
148004 milliseconds	1072 MB/s	0 short_reads/s	0 short_writes_echo/s	222 cpu_user_milliseconds	722 cpu_system_milliseconds	0 minor_page_faults/s	0 major_page_faults/s	7907 yields/s	165 preempts/s
149004 milliseconds	1060 MB/s	0 short_reads/s	0 short_writes_echo/s	213 cpu_user_milliseconds	712 cpu_system_milliseconds	0 minor_page_faults/s	0 major_page_faults/s	5405 yields/s	284 preempts/s
150004 milliseconds	1005 MB/s	0 short_reads/s	0 short_writes_echo/s	204 cpu_user_milliseconds	697 cpu_system_milliseconds	0 minor_page_faults/s	0 major_page_faults/s	6886 yields/s	205 preempts/s
151004 milliseconds	962 MB/s	0 short_reads/s	0 short_writes_echo/s	225 cpu_user_milliseconds	695 cpu_system_milliseconds	0 minor_page_faults/s	0 major_page_faults/s	11933 yields/s	153 preempts/s
152004 milliseconds	957 MB/s	0 short_reads/s	0 short_writes_echo/s	210 cpu_user_milliseconds	675 cpu_system_milliseconds	0 minor_page_faults/s	0 major_page_faults/s	9553 yields/s	348 preempts/s
153004 milliseconds	969 MB/s	0 short_reads/s	0 short_writes_echo/s	212 cpu_user_milliseconds	699 cpu_system_milliseconds	0 minor_page_faults/s	0 major_page_faults/s	9920 yields/s	150 preempts/s
154004 milliseconds	1018 MB/s	0 short_reads/s	0 short_writes_echo/s	202 cpu_user_milliseconds	728 cpu_system_milliseconds	0 minor_page_faults/s	0 major_page_faults/s	7634 yields/s	118 preempts/s
155004 milliseconds	1081 MB/s	0 short_reads/s	0 short_writes_echo/s	222 cpu_user_milliseconds	720 cpu_system_milliseconds	0 minor_page_faults/s	0 major_page_faults/s	7281 yields/s	201 preempts/s
156004 milliseconds	1078 MB/s	0 short_reads/s	0 short_writes_echo/s	218 cpu_user_milliseconds	717 cpu_system_milliseconds	0 minor_page_faults/s	0 major_page_faults/s	6479 yields/s	232 preempts/s
157004 milliseconds	1055 MB/s	0 short_reads/s	0 short_writes_echo/s	211 cpu_user_milliseconds	726 cpu_system_milliseconds	0 minor_page_faults/s	0 major_page_faults/s	8759 yields/s	125 preempts/s
158004 milliseconds	1062 MB/s	0 short_reads/s	0 short_writes_echo/s	216 cpu_user_milliseconds	724 cpu_system_milliseconds	0 minor_page_faults/s	0 major_page_faults/s	7603 yields/s	127 preempts/s
159004 milliseconds	1080 MB/s	0 short_reads/s	0 short_writes_echo/s	203 cpu_user_milliseconds	740 cpu_system_milliseconds	0 minor_page_faults/s	0 major_page_faults/s	7078 yields/s	146 preempts/s
160004 milliseconds	1021 MB/s	0 short_reads/s	0 short_writes_echo/s	192 cpu_user_milliseconds	735 cpu_system_milliseconds	0 minor_page_faults/s	0 major_page_faults/s	8194 yields/s	173 preempts/s
161004 milliseconds	1011 MB/s	0 short_reads/s	0 short_writes_echo/s	221 cpu_user_milliseconds	697 cpu_system_milliseconds	0 minor_page_faults/s	0 major_page_faults/s	7962 yields/s	138 preempts/s
162004 milliseconds	1013 MB/s	0 short_reads/s	0 short_writes_echo/s	223 cpu_user_milliseconds	702 cpu_system_milliseconds	0 minor_page_faults/s	0 major_page_faults/s	6959 yields/s	134 preempts/s
163004 milliseconds	953 MB/s	0 short_reads/s	0 short_writes_echo/s	210 cpu_user_milliseconds	705 cpu_system_milliseconds	0 minor_page_faults/s	0 major_page_faults/s	10177 yields/s	246 preempts/s
164004 milliseconds	1026 MB/s	0 short_reads/s	0 short_writes_echo/s	210 cpu_user_milliseconds	720 cpu_system_milliseconds	0 minor_page_faults/s	0 major_page_faults/s	6542 yields/s	194 preempts/s
165004 milliseconds	1063 MB/s	0 short_reads/s	0 short_writes_echo/s	208 cpu_user_milliseconds	725 cpu_system_milliseconds	0 minor_page_faults/s	0 major_page_faults/s	6299 yields/s	234 preempts/s
166004 milliseconds	1105 MB/s	0 short_reads/s	0 short_writes_echo/s	239 cpu_user_milliseconds	706 cpu_system_milliseconds	0 minor_page_faults/s	0 major_page_faults/s	5782 yields/s	120 preempts/s
167004 milliseconds	1119 MB/s	0 short_reads/s	0 short_writes_echo/s	222 cpu_user_milliseconds	724 cpu_system_milliseconds	0 minor_page_faults/s	0 major_page_faults/s	4406 yields/s	157 preempts/s
168004 milliseconds	1041 MB/s	0 short_reads/s	0 short_writes_echo/s	211 cpu_user_milliseconds	723 cpu_system_milliseconds	0 minor_page_faults/s	0 major_page_faults/s	8254 yields/s	125 preempts/s
169004 milliseconds	1072 MB/s	0 short_reads/s	0 short_writes_echo/s	222 cpu_user_milliseconds	708 cpu_system_milliseconds	0 minor_page_faults/s	0 major_page_faults/s	6527 yields/s	170 preempts/s
170004 milliseconds	990 MB/s	0 short_reads/s	0 short_writes_echo/s	216 cpu_user_milliseconds	704 cpu_system_milliseconds	0 minor_page_faults/s	0 major_page_faults/s	9457 yields/s	180 preempts/s
171004 milliseconds	984 MB/s	0 short_reads/s	0 short_writes_echo/s	223 cpu_user_milliseconds	688 cpu_system_milliseconds	0 minor_page_faults/s	0 major_page_faults/s	7944 yields/s	152 preempts/s
172004 milliseconds	1006 MB/s	0 short_reads/s	0 short_writes_echo/s	215 cpu_user_milliseconds	711 cpu_system_milliseconds	0 minor_page_faults/s	0 major_page_faults/s	7494 yields/s	330 preempts/s
173004 milliseconds	1030 MB/s	0 short_reads/s	0 short_writes_echo/s	225 cpu_user_milliseconds	703 cpu_system_milliseconds	0 minor_page_faults/s	0 major_page_faults/s	7931 yields/s	139 preempts/s
174005 milliseconds	1029 MB/s	0 short_reads/s	0 short_writes_echo/s	221 cpu_user_milliseconds	707 cpu_system_milliseconds	0 minor_page_faults/s	0 major_page_faults/s	6425 yields/s	197 preempts/s
175005 milliseconds	985 MB/s	0 short_reads/s	0 short_writes_echo/s	205 cpu_user_milliseconds	710 cpu_system_milliseconds	0 minor_page_faults/s	0 major_page_faults/s	8463 yields/s	191 preempts/s
176005 milliseconds	1099 MB/s	0 short_reads/s	0 short_writes_echo/s	228 cpu_user_milliseconds	714 cpu_system_milliseconds	0 minor_page_faults/s	0 major_page_faults/s	5874 yields/s	216 preempts/s
177005 milliseconds	1116 MB/s	0 short_reads/s	0 short_writes_echo/s	236 cpu_user_milliseconds	705 cpu_system_milliseconds	0 minor_page_faults/s	0 major_page_faults/s	4980 yields/s	178 preempts/s
178005 milliseconds	1038 MB/s	0 short_reads/s	0 short_writes_echo/s	203 cpu_user_milliseconds	723 cpu_system_milliseconds	0 minor_page_faults/s	0 major_page_faults/s	8277 yields/s	131 preempts/s
179005 milliseconds	1034 MB/s	0 short_reads/s	0 short_writes_echo/s	201 cpu_user_milliseconds	736 cpu_system_milliseconds	0 minor_page_faults/s	0 major_page_faults/s	7785 yields/s	110 preempts/s
180005 milliseconds	994 MB/s	0 short_reads/s	0 short_writes_echo/s	211 cpu_user_milliseconds	694 cpu_system_milliseconds	0 minor_page_faults/s	0 major_page_faults/s	7831 yields/s	208 preempts/s
181005 milliseconds	1011 MB/s	0 short_reads/s	0 short_writes_echo/s	195 cpu_user_milliseconds	720 cpu_system_milliseconds	0 minor_page_faults/s	0 major_page_faults/s	7753 yields/s	183 preempts/s
182005 milliseconds	936 MB/s	0 short_reads/s	0 short_writes_echo/s	208 cpu_user_milliseconds	707 cpu_system_milliseconds	0 minor_page_faults/s	0 major_page_faults/s	12172 yields/s	176 preempts/s
183005 milliseconds	1012 MB/s	0 short_reads/s	0 short_writes_echo/s	223 cpu_user_milliseconds	681 cpu_system_milliseconds	0 minor_page_faults/s	0 major_page_faults/s	7039 yields/s	252 preempts/s
184005 milliseconds	992 MB/s	0 short_reads/s	0 short_writes_echo/s	211 cpu_user_milliseconds	705 cpu_system_milliseconds	0 minor_page_faults/s	0 major_page_faults/s	9936 yields/s	135 preempts/s
185005 milliseconds	1043 MB/s	0 short_reads/s	0 short_writes_echo/s	211 cpu_user_milliseconds	718 cpu_system_milliseconds	0 minor_page_faults/s	0 major_page_faults/s	7407 yields/s	212 preempts/s
186005 milliseconds	1058 MB/s	0 short_reads/s	0 short_writes_echo/s	206 cpu_user_milliseconds	723 cpu_system_milliseconds	0 minor_page_faults/s	0 major_page_faults/s	6687 yields/s	106 preempts/s
187005 milliseconds	1047 MB/s	0 short_reads/s	0 short_writes_echo/s	218 cpu_user_milliseconds	717 cpu_system_milliseconds	0 minor_page_faults/s	0 major_page_faults/s	7311 yields/s	124 preempts/s
188005 milliseconds	1042 MB/s	0 short_reads/s	0 short_writes_echo/s	224 cpu_user_milliseconds	705 cpu_system_milliseconds	0 minor_page_faults/s	0 major_page_faults/s	7629 yields/s	197 preempts/s
189005 milliseconds	1033 MB/s	0 short_reads/s	0 short_writes_echo/s	209 cpu_user_milliseconds	725 cpu_system_milliseconds	0 minor_page_faults/s	0 major_page_faults/s	9273 yields/s	106 preempts/s
190005 milliseconds	1008 MB/s	0 short_reads/s	0 short_writes_echo/s	205 cpu_user_milliseconds	724 cpu_system_milliseconds	0 minor_page_faults/s	0 major_page_faults/s	9765 yields/s	130 preempts/s
191005 milliseconds	1035 MB/s	0 short_reads/s	0 short_writes_echo/s	206 cpu_user_milliseconds	710 cpu_system_milliseconds	0 minor_page_faults/s	0 major_page_faults/s	6471 yields/s	256 preempts/s
192005 milliseconds	999 MB/s	0 short_reads/s	0 short_writes_echo/s	219 cpu_user_milliseconds	686 cpu_system_milliseconds	0 minor_page_faults/s	0 major_page_faults/s	8105 yields/s	353 preempts/s
193005 milliseconds	1037 MB/s	0 short_reads/s	0 short_writes_echo/s	197 cpu_user_milliseconds	719 cpu_system_milliseconds	0 minor_page_faults/s	0 major_page_faults/s	6298 yields/s	189 preempts/s
194005 milliseconds	1048 MB/s	0 short_reads/s	0 short_writes_echo/s	194 cpu_user_milliseconds	731 cpu_system_milliseconds	0 minor_page_faults/s	0 major_page_faults/s	6456 yields/s	276 preempts/s
195005 milliseconds	1012 MB/s	0 short_reads/s	0 short_writes_echo/s	192 cpu_user_milliseconds	744 cpu_system_milliseconds	0 minor_page_faults/s	0 major_page_faults/s	7606 yields/s	197 preempts/s
196005 milliseconds	1096 MB/s	0 short_reads/s	0 short_writes_echo/s	198 cpu_user_milliseconds	751 cpu_system_milliseconds	0 minor_page_faults/s	0 major_page_faults/s	6537 yields/s	148 preempts/s
197005 milliseconds	1077 MB/s	0 short_reads/s	0 short_writes_echo/s	213 cpu_user_milliseconds	729 cpu_system_milliseconds	0 minor_page_faults/s	0 major_page_faults/s	6787 yields/s	179 preempts/s
198005 milliseconds	1046 MB/s	0 short_reads/s	0 short_writes_echo/s	197 cpu_user_milliseconds	752 cpu_system_milliseconds	0 minor_page_faults/s	0 major_page_faults/s	7891 yields/s	88 preempts/s
199005 milliseconds	1127 MB/s	0 short_reads/s	0 short_writes_echo/s	221 cpu_user_milliseconds	734 cpu_system_milliseconds	0 minor_page_faults/s	0 major_page_faults/s	5561 yields/s	156 preempts/s
200005 milliseconds	1057 MB/s	0 short_reads/s	0 short_writes_echo/s	217 cpu_user_milliseconds	706 cpu_system_milliseconds	0 minor_page_faults/s	0 major_page_faults/s	6955 yields/s	98 preempts/s
201005 milliseconds	985 MB/s	0 short_reads/s	0 short_writes_echo/s	208 cpu_user_milliseconds	706 cpu_system_milliseconds	0 minor_page_faults/s	0 major_page_faults/s	8744 yields/s	140 preempts/s
202005 milliseconds	1004 MB/s	0 short_reads/s	0 short_writes_echo/s	219 cpu_user_milliseconds	696 cpu_system_milliseconds	0 minor_page_faults/s	0 major_page_faults/s	7704 yields/s	155 preempts/s
203005 milliseconds	1034 MB/s	0 short_reads/s	0 short_writes_echo/s	226 cpu_user_milliseconds	683 cpu_system_milliseconds	0 minor_page_faults/s	0 major_page_faults/s	6416 yields/s	235 preempts/s
204005 milliseconds	979 MB/s	0 short_reads/s	0 short_writes_echo/s	208 cpu_user_milliseconds	695 cpu_system_milliseconds	0 minor_page_faults/s	0 major_page_faults/s	8775 yields/s	205 preempts/s
205005 milliseconds	1018 MB/s	0 short_reads/s	0 short_writes_echo/s	220 cpu_user_milliseconds	718 cpu_system_milliseconds	0 minor_page_faults/s	0 major_page_faults/s	9414 yields/s	163 preempts/s
206005 milliseconds	1098 MB/s	0 short_reads/s	0 short_writes_echo/s	226 cpu_user_milliseconds	718 cpu_system_milliseconds	0 minor_page_faults/s	0 major_page_faults/s	5322 yields/s	138 preempts/s
207005 milliseconds	1029 MB/s	0 short_reads/s	0 short_writes_echo/s	226 cpu_user_milliseconds	714 cpu_system_milliseconds	0 minor_page_faults/s	0 major_page_faults/s	11006 yields/s	137 preempts/s
208005 milliseconds	1104 MB/s	0 short_reads/s	0 short_writes_echo/s	212 cpu_user_milliseconds	738 cpu_system_milliseconds	0 minor_page_faults/s	0 major_page_faults/s	7399 yields/s	148 preempts/s
209005 milliseconds	1094 MB/s	0 short_reads/s	0 short_writes_echo/s	229 cpu_user_milliseconds	717 cpu_system_milliseconds	0 minor_page_faults/s	0 major_page_faults/s	6688 yields/s	227 preempts/s
210005 milliseconds	1082 MB/s	0 short_reads/s	0 short_writes_echo/s	240 cpu_user_milliseconds	705 cpu_system_milliseconds	0 minor_page_faults/s	0 major_page_faults/s	6639 yields/s	161 preempts/s
211005 milliseconds	976 MB/s	0 short_reads/s	0 short_writes_echo/s	213 cpu_user_milliseconds	705 cpu_system_milliseconds	0 minor_page_faults/s	0 major_page_faults/s	9907 yields/s	172 preempts/s
212005 milliseconds	894 MB/s	0 short_reads/s	0 short_writes_echo/s	205 cpu_user_milliseconds	662 cpu_system_milliseconds	0 minor_page_faults/s	0 major_page_faults/s	8735 yields/s	294 preempts/s
213005 milliseconds	1017 MB/s	0 short_reads/s	0 short_writes_echo/s	198 cpu_user_milliseconds	728 cpu_system_milliseconds	0 minor_page_faults/s	0 major_page_faults/s	8562 yields/s	256 preempts/s
214005 milliseconds	995 MB/s	0 short_reads/s	0 short_writes_echo/s	209 cpu_user_milliseconds	714 cpu_system_milliseconds	0 minor_page_faults/s	0 major_page_faults/s	9658 yields/s	196 preempts/s
215005 milliseconds	1046 MB/s	0 short_reads/s	0 short_writes_echo/s	209 cpu_user_milliseconds	712 cpu_system_milliseconds	0 minor_page_faults/s	0 major_page_faults/s	6818 yields/s	183 preempts/s
216005 milliseconds	1064 MB/s	0 short_reads/s	0 short_writes_echo/s	216 cpu_user_milliseconds	724 cpu_system_milliseconds	0 minor_page_faults/s	0 major_page_faults/s	8232 yields/s	138 preempts/s
217005 milliseconds	1123 MB/s	0 short_reads/s	0 short_writes_echo/s	202 cpu_user_milliseconds	758 cpu_system_milliseconds	0 minor_page_faults/s	0 major_page_faults/s	5492 yields/s	139 preempts/s
218005 milliseconds	1106 MB/s	0 short_reads/s	0 short_writes_echo/s	209 cpu_user_milliseconds	739 cpu_system_milliseconds	0 minor_page_faults/s	0 major_page_faults/s	6977 yields/s	146 preempts/s
219005 milliseconds	1062 MB/s	0 short_reads/s	0 short_writes_echo/s	193 cpu_user_milliseconds	737 cpu_system_milliseconds	0 minor_page_faults/s	0 major_page_faults/s	6461 yields/s	76 preempts/s
220005 milliseconds	1081 MB/s	0 short_reads/s	0 short_writes_echo/s	205 cpu_user_milliseconds	731 cpu_system_milliseconds	0 minor_page_faults/s	0 major_page_faults/s	4328 yields/s	239 preempts/s
221005 milliseconds	1034 MB/s	0 short_reads/s	0 short_writes_echo/s	218 cpu_user_milliseconds	713 cpu_system_milliseconds	0 minor_page_faults/s	0 major_page_faults/s	6770 yields/s	217 preempts/s
222005 milliseconds	1042 MB/s	0 short_reads/s	0 short_writes_echo/s	212 cpu_user_milliseconds	713 cpu_system_milliseconds	0 minor_page_faults/s	0 major_page_faults/s	6790 yields/s	186 preempts/s
223005 milliseconds	1023 MB/s	0 short_reads/s	0 short_writes_echo/s	213 cpu_user_milliseconds	696 cpu_system_milliseconds	0 minor_page_faults/s	0 major_page_faults/s	7370 yields/s	166 preempts/s
224005 milliseconds	1003 MB/s	0 short_reads/s	0 short_writes_echo/s	231 cpu_user_milliseconds	698 cpu_system_milliseconds	0 minor_page_faults/s	0 major_page_faults/s	7695 yields/s	154 preempts/s
225005 milliseconds	1048 MB/s	0 short_reads/s	0 short_writes_echo/s	231 cpu_user_milliseconds	695 cpu_system_milliseconds	0 minor_page_faults/s	0 major_page_faults/s	5725 yields/s	258 preempts/s
226005 milliseconds	1069 MB/s	0 short_reads/s	0 short_writes_echo/s	219 cpu_user_milliseconds	727 cpu_system_milliseconds	0 minor_page_faults/s	0 major_page_faults/s	6975 yields/s	222 preempts/s
227005 milliseconds	1043 MB/s	0 short_reads/s	0 short_writes_echo/s	230 cpu_user_milliseconds	713 cpu_system_milliseconds	0 minor_page_faults/s	0 major_page_faults/s	9408 yields/s	101 preempts/s
228005 milliseconds	1047 MB/s	0 short_reads/s	0 short_writes_echo/s	222 cpu_user_milliseconds	715 cpu_system_milliseconds	0 minor_page_faults/s	0 major_page_faults/s	7910 yields/s	130 preempts/s
229005 milliseconds	1046 MB/s	0 short_reads/s	0 short_writes_echo/s	221 cpu_user_milliseconds	716 cpu_system_milliseconds	0 minor_page_faults/s	0 major_page_faults/s	9334 yields/s	152 preempts/s
230005 milliseconds	1039 MB/s	0 short_reads/s	0 short_writes_echo/s	207 cpu_user_milliseconds	713 cpu_system_milliseconds	0 minor_page_faults/s	0 major_page_faults/s	7949 yields/s	290 preempts/s
231005 milliseconds	975 MB/s	0 short_reads/s	0 short_writes_echo/s	231 cpu_user_milliseconds	716 cpu_system_milliseconds	0 minor_page_faults/s	0 major_page_faults/s	8378 yields/s	112 preempts/s
232005 milliseconds	977 MB/s	0 short_reads/s	0 short_writes_echo/s	191 cpu_user_milliseconds	710 cpu_system_milliseconds	0 minor_page_faults/s	0 major_page_faults/s	8520 yields/s	223 preempts/s
233005 milliseconds	995 MB/s	0 short_reads/s	0 short_writes_echo/s	209 cpu_user_milliseconds	715 cpu_system_milliseconds	0 minor_page_faults/s	0 major_page_faults/s	7995 yields/s	242 preempts/s
234005 milliseconds	1031 MB/s	0 short_reads/s	0 short_writes_echo/s	212 cpu_user_milliseconds	720 cpu_system_milliseconds	0 minor_page_faults/s	0 major_page_faults/s	6903 yields/s	185 preempts/s
235005 milliseconds	992 MB/s	0 short_reads/s	0 short_writes_echo/s	204 cpu_user_milliseconds	695 cpu_system_milliseconds	0 minor_page_faults/s	0 major_page_faults/s	7753 yields/s	252 preempts/s
236005 milliseconds	1047 MB/s	0 short_reads/s	0 short_writes_echo/s	202 cpu_user_milliseconds	729 cpu_system_milliseconds	0 minor_page_faults/s	0 major_page_faults/s	7950 yields/s	135 preempts/s
237005 milliseconds	1055 MB/s	0 short_reads/s	0 short_writes_echo/s	235 cpu_user_milliseconds	700 cpu_system_milliseconds	0 minor_page_faults/s	0 major_page_faults/s	8854 yields/s	102 preempts/s
238005 milliseconds	1040 MB/s	0 short_reads/s	0 short_writes_echo/s	204 cpu_user_milliseconds	730 cpu_system_milliseconds	0 minor_page_faults/s	0 major_page_faults/s	7948 yields/s	117 preempts/s
239005 milliseconds	1083 MB/s	0 short_reads/s	0 short_writes_echo/s	232 cpu_user_milliseconds	715 cpu_system_milliseconds	0 minor_page_faults/s	0 major_page_faults/s	6856 yields/s	94 preempts/s
240005 milliseconds	1056 MB/s	0 short_reads/s	0 short_writes_echo/s	220 cpu_user_milliseconds	719 cpu_system_milliseconds	0 minor_page_faults/s	0 major_page_faults/s	7223 yields/s	167 preempts/s
