1000 milliseconds	2945 MB/s	26 short_reads/s	0 short_writes_echo/s	32 cpu_user_milliseconds	969 cpu_system_milliseconds	215 minor_page_faults/s	0 major_page_faults/s	8 yields/s	4 preempts/s
2000 milliseconds	2856 MB/s	0 short_reads/s	0 short_writes_echo/s	28 cpu_user_milliseconds	970 cpu_system_milliseconds	3 minor_page_faults/s	0 major_page_faults/s	0 yields/s	3 preempts/s
3000 milliseconds	2805 MB/s	0 short_reads/s	0 short_writes_echo/s	25 cpu_user_milliseconds	973 cpu_system_milliseconds	0 minor_page_faults/s	0 major_page_faults/s	0 yields/s	5 preempts/s
4000 milliseconds	2915 MB/s	0 short_reads/s	0 short_writes_echo/s	25 cpu_user_milliseconds	971 cpu_system_milliseconds	0 minor_page_faults/s	0 major_page_faults/s	0 yields/s	26 preempts/s
5000 milliseconds	2969 MB/s	0 short_reads/s	0 short_writes_echo/s	36 cpu_user_milliseconds	960 cpu_system_milliseconds	0 minor_page_faults/s	0 major_page_faults/s	0 yields/s	26 preempts/s
6000 milliseconds	2904 MB/s	0 short_reads/s	0 short_writes_echo/s	26 cpu_user_milliseconds	972 cpu_system_milliseconds	0 minor_page_faults/s	0 major_page_faults/s	0 yields/s	6 preempts/s
7000 milliseconds	2802 MB/s	0 short_reads/s	0 short_writes_echo/s	29 cpu_user_milliseconds	969 cpu_system_milliseconds	0 minor_page_faults/s	0 major_page_faults/s	0 yields/s	2 preempts/s
8000 milliseconds	2738 MB/s	0 short_reads/s	0 short_writes_echo/s	22 cpu_user_milliseconds	976 cpu_system_milliseconds	0 minor_page_faults/s	0 major_page_faults/s	0 yields/s	6 preempts/s
9000 milliseconds	2891 MB/s	0 short_reads/s	0 short_writes_echo/s	29 cpu_user_milliseconds	969 cpu_system_milliseconds	0 minor_page_faults/s	0 major_page_faults/s	0 yields/s	8 preempts/s
10000 milliseconds	2938 MB/s	0 short_reads/s	0 short_writes_echo/s	35 cpu_user_milliseconds	961 cpu_system_milliseconds	0 minor_page_faults/s	0 major_page_faults/s	0 yields/s	28 preempts/s
11000 milliseconds	2899 MB/s	0 short_reads/s	0 short_writes_echo/s	22 cpu_user_milliseconds	977 cpu_system_milliseconds	0 minor_page_faults/s	0 major_page_faults/s	0 yields/s	4 preempts/s
12000 milliseconds	2906 MB/s	0 short_reads/s	0 short_writes_echo/s	24 cpu_user_milliseconds	974 cpu_system_milliseconds	0 minor_page_faults/s	0 major_page_faults/s	0 yields/s	12 preempts/s
13000 milliseconds	2870 MB/s	0 short_reads/s	0 short_writes_echo/s	24 cpu_user_milliseconds	973 cpu_system_milliseconds	0 minor_page_faults/s	0 major_page_faults/s	0 yields/s	27 preempts/s
14000 milliseconds	2970 MB/s	0 short_reads/s	0 short_writes_echo/s	22 cpu_user_milliseconds	974 cpu_system_milliseconds	0 minor_page_faults/s	0 major_page_faults/s	0 yields/s	26 preempts/s
15000 milliseconds	2850 MB/s	0 short_reads/s	0 short_writes_echo/s	20 cpu_user_milliseconds	977 cpu_system_milliseconds	0 minor_page_faults/s	0 major_page_faults/s	0 yields/s	20 preempts/s
16000 milliseconds	2918 MB/s	51 short_reads/s	0 short_writes_echo/s	29 cpu_user_milliseconds	965 cpu_system_milliseconds	0 minor_page_faults/s	0 major_page_faults/s	41 yields/s	15 preempts/s
17000 milliseconds	2973 MB/s	0 short_reads/s	0 short_writes_echo/s	27 cpu_user_milliseconds	971 cpu_system_milliseconds	0 minor_page_faults/s	0 major_page_faults/s	0 yields/s	3 preempts/s
18000 milliseconds	2735 MB/s	0 short_reads/s	0 short_writes_echo/s	30 cpu_user_milliseconds	968 cpu_system_milliseconds	0 minor_page_faults/s	0 major_page_faults/s	0 yields/s	3 preempts/s
19000 milliseconds	2947 MB/s	0 short_reads/s	0 short_writes_echo/s	29 cpu_user_milliseconds	969 cpu_system_milliseconds	0 minor_page_faults/s	0 major_page_faults/s	0 yields/s	3 preempts/s
20000 milliseconds	2966 MB/s	0 short_reads/s	0 short_writes_echo/s	24 cpu_user_milliseconds	974 cpu_system_milliseconds	0 minor_page_faults/s	0 major_page_faults/s	0 yields/s	10 preempts/s
21000 milliseconds	2985 MB/s	0 short_reads/s	0 short_writes_echo/s	34 cpu_user_milliseconds	964 cpu_system_milliseconds	0 minor_page_faults/s	0 major_page_faults/s	0 yields/s	2 preempts/s
22000 milliseconds	2976 MB/s	0 short_reads/s	0 short_writes_echo/s	33 cpu_user_milliseconds	965 cpu_system_milliseconds	0 minor_page_faults/s	0 major_page_faults/s	0 yields/s	6 preempts/s
23000 milliseconds	2795 MB/s	0 short_reads/s	0 short_writes_echo/s	27 cpu_user_milliseconds	971 cpu_system_milliseconds	0 minor_page_faults/s	0 major_page_faults/s	0 yields/s	5 preempts/s
24000 milliseconds	2967 MB/s	0 short_reads/s	0 short_writes_echo/s	39 cpu_user_milliseconds	959 cpu_system_milliseconds	0 minor_page_faults/s	0 major_page_faults/s	0 yields/s	6 preempts/s
25000 milliseconds	2874 MB/s	0 short_reads/s	0 short_writes_echo/s	39 cpu_user_milliseconds	958 cpu_system_milliseconds	0 minor_page_faults/s	0 major_page_faults/s	0 yields/s	22 preempts/s
26000 milliseconds	2835 MB/s	0 short_reads/s	0 short_writes_echo/s	23 cpu_user_milliseconds	973 cpu_system_milliseconds	0 minor_page_faults/s	0 major_page_faults/s	0 yields/s	26 preempts/s
27000 milliseconds	2784 MB/s	0 short_reads/s	0 short_writes_echo/s	32 cpu_user_milliseconds	966 cpu_system_milliseconds	0 minor_page_faults/s	0 major_page_faults/s	0 yields/s	7 preempts/s
28000 milliseconds	2880 MB/s	0 short_reads/s	0 short_writes_echo/s	26 cpu_user_milliseconds	973 cpu_system_milliseconds	0 minor_page_faults/s	0 major_page_faults/s	0 yields/s	6 preempts/s
29000 milliseconds	2975 MB/s	0 short_reads/s	0 short_writes_echo/s	20 cpu_user_milliseconds	978 cpu_system_milliseconds	0 minor_page_faults/s	0 major_page_faults/s	0 yields/s	8 preempts/s
30000 milliseconds	2985 MB/s	0 short_reads/s	0 short_writes_echo/s	32 cpu_user_milliseconds	966 cpu_system_milliseconds	0 minor_page_faults/s	0 major_page_faults/s	0 yields/s	6 preempts/s
31000 milliseconds	3001 MB/s	0 short_reads/s	0 short_writes_echo/s	29 cpu_user_milliseconds	968 cpu_system_milliseconds	0 minor_page_faults/s	0 major_page_faults/s	0 yields/s	24 preempts/s
32000 milliseconds	2967 MB/s	0 short_reads/s	0 short_writes_echo/s	28 cpu_user_milliseconds	970 cpu_system_milliseconds	0 minor_page_faults/s	0 major_page_faults/s	0 yields/s	5 preempts/s
33001 milliseconds	2950 MB/s	0 short_reads/s	0 short_writes_echo/s	31 cpu_user_milliseconds	967 cpu_system_milliseconds	0 minor_page_faults/s	0 major_page_faults/s	0 yields/s	5 preempts/s
34001 milliseconds	2953 MB/s	0 short_reads/s	0 short_writes_echo/s	37 cpu_user_milliseconds	961 cpu_system_milliseconds	0 minor_page_faults/s	0 major_page_faults/s	0 yields/s	4 preempts/s
35001 milliseconds	2956 MB/s	0 short_reads/s	0 short_writes_echo/s	35 cpu_user_milliseconds	963 cpu_system_milliseconds	0 minor_page_faults/s	0 major_page_faults/s	0 yields/s	1 preempts/s
36001 milliseconds	2992 MB/s	0 short_reads/s	0 short_writes_echo/s	29 cpu_user_milliseconds	969 cpu_system_milliseconds	0 minor_page_faults/s	0 major_page_faults/s	0 yields/s	4 preempts/s
37001 milliseconds	2948 MB/s	0 short_reads/s	0 short_writes_echo/s	27 cpu_user_milliseconds	969 cpu_system_milliseconds	0 minor_page_faults/s	0 major_page_faults/s	0 yields/s	26 preempts/s
38001 milliseconds	2781 MB/s	0 short_reads/s	0 short_writes_echo/s	19 cpu_user_milliseconds	976 cpu_system_milliseconds	0 minor_page_faults/s	0 major_page_faults/s	1 yields/s	3 preempts/s
39001 milliseconds	2964 MB/s	0 short_reads/s	0 short_writes_echo/s	29 cpu_user_milliseconds	969 cpu_system_milliseconds	0 minor_page_faults/s	0 major_page_faults/s	0 yields/s	1 preempts/s
40001 milliseconds	2990 MB/s	2 short_reads/s	0 short_writes_echo/s	23 cpu_user_milliseconds	975 cpu_system_milliseconds	0 minor_page_faults/s	0 major_page_faults/s	2 yields/s	5 preempts/s
41001 milliseconds	2922 MB/s	0 short_reads/s	0 short_writes_echo/s	34 cpu_user_milliseconds	962 cpu_system_milliseconds	0 minor_page_faults/s	0 major_page_faults/s	0 yields/s	25 preempts/s
42001 milliseconds	2971 MB/s	0 short_reads/s	0 short_writes_echo/s	30 cpu_user_milliseconds	966 cpu_system_milliseconds	0 minor_page_faults/s	0 major_page_faults/s	0 yields/s	25 preempts/s
43001 milliseconds	2837 MB/s	0 short_reads/s	0 short_writes_echo/s	25 cpu_user_milliseconds	971 cpu_system_milliseconds	0 minor_page_faults/s	0 major_page_faults/s	1 yields/s	4 preempts/s
44001 milliseconds	2981 MB/s	0 short_reads/s	0 short_writes_echo/s	23 cpu_user_milliseconds	976 cpu_system_milliseconds	0 minor_page_faults/s	0 major_page_faults/s	0 yields/s	5 preempts/s
45001 milliseconds	2986 MB/s	0 short_reads/s	0 short_writes_echo/s	29 cpu_user_milliseconds	969 cpu_system_milliseconds	0 minor_page_faults/s	0 major_page_faults/s	0 yields/s	5 preempts/s
46001 milliseconds	2993 MB/s	0 short_reads/s	0 short_writes_echo/s	28 cpu_user_milliseconds	970 cpu_system_milliseconds	0 minor_page_faults/s	0 major_page_faults/s	0 yields/s	6 preempts/s
47001 milliseconds	2982 MB/s	0 short_reads/s	0 short_writes_echo/s	22 cpu_user_milliseconds	976 cpu_system_milliseconds	0 minor_page_faults/s	0 major_page_faults/s	0 yields/s	7 preempts/s
48001 milliseconds	2865 MB/s	0 short_reads/s	0 short_writes_echo/s	34 cpu_user_milliseconds	963 cpu_system_milliseconds	0 minor_page_faults/s	0 major_page_faults/s	0 yields/s	27 preempts/s
49001 milliseconds	2981 MB/s	0 short_reads/s	0 short_writes_echo/s	28 cpu_user_milliseconds	970 cpu_system_milliseconds	0 minor_page_faults/s	0 major_page_faults/s	0 yields/s	5 preempts/s
50001 milliseconds	2828 MB/s	0 short_reads/s	0 short_writes_echo/s	43 cpu_user_milliseconds	953 cpu_system_milliseconds	0 minor_page_faults/s	0 major_page_faults/s	0 yields/s	26 preempts/s
51001 milliseconds	2868 MB/s	0 short_reads/s	0 short_writes_echo/s	33 cpu_user_milliseconds	963 cpu_system_milliseconds	0 minor_page_faults/s	0 major_page_faults/s	0 yields/s	29 preempts/s
52001 milliseconds	2950 MB/s	0 short_reads/s	0 short_writes_echo/s	31 cpu_user_milliseconds	967 cpu_system_milliseconds	0 minor_page_faults/s	0 major_page_faults/s	0 yields/s	6 preempts/s
53001 milliseconds	2933 MB/s	0 short_reads/s	0 short_writes_echo/s	29 cpu_user_milliseconds	970 cpu_system_milliseconds	0 minor_page_faults/s	0 major_page_faults/s	0 yields/s	7 preempts/s
54001 milliseconds	2898 MB/s	0 short_reads/s	0 short_writes_echo/s	29 cpu_user_milliseconds	969 cpu_system_milliseconds	0 minor_page_faults/s	0 major_page_faults/s	0 yields/s	4 preempts/s
55001 milliseconds	2975 MB/s	0 short_reads/s	0 short_writes_echo/s	39 cpu_user_milliseconds	959 cpu_system_milliseconds	0 minor_page_faults/s	0 major_page_faults/s	0 yields/s	4 preempts/s
56001 milliseconds	2963 MB/s	0 short_reads/s	0 short_writes_echo/s	25 cpu_user_milliseconds	972 cpu_system_milliseconds	0 minor_page_faults/s	0 major_page_faults/s	0 yields/s	20 preempts/s
57001 milliseconds	2966 MB/s	0 short_reads/s	0 short_writes_echo/s	25 cpu_user_milliseconds	973 cpu_system_milliseconds	0 minor_page_faults/s	0 major_page_faults/s	0 yields/s	7 preempts/s
58001 milliseconds	2928 MB/s	0 short_reads/s	0 short_writes_echo/s	26 cpu_user_milliseconds	972 cpu_system_milliseconds	0 minor_page_faults/s	0 major_page_faults/s	0 yields/s	6 preempts/s
59001 milliseconds	2915 MB/s	0 short_reads/s	0 short_writes_echo/s	24 cpu_user_milliseconds	975 cpu_system_milliseconds	0 minor_page_faults/s	0 major_page_faults/s	0 yields/s	3 preempts/s
60001 milliseconds	2949 MB/s	0 short_reads/s	0 short_writes_echo/s	22 cpu_user_milliseconds	976 cpu_system_milliseconds	0 minor_page_faults/s	0 major_page_faults/s	0 yields/s	5 preempts/s
61001 milliseconds	2978 MB/s	0 short_reads/s	0 short_writes_echo/s	30 cpu_user_milliseconds	968 cpu_system_milliseconds	0 minor_page_faults/s	0 major_page_faults/s	0 yields/s	9 preempts/s
62002 milliseconds	2969 MB/s	0 short_reads/s	0 short_writes_echo/s	21 cpu_user_milliseconds	978 cpu_system_milliseconds	0 minor_page_faults/s	0 major_page_faults/s	0 yields/s	6 preempts/s
63002 milliseconds	2948 MB/s	449 short_reads/s	0 short_writes_echo/s	31 cpu_user_milliseconds	967 cpu_system_milliseconds	0 minor_page_faults/s	0 major_page_faults/s	58 yields/s	7 preempts/s
64002 milliseconds	2932 MB/s	0 short_reads/s	0 short_writes_echo/s	24 cpu_user_milliseconds	972 cpu_system_milliseconds	0 minor_page_faults/s	0 major_page_faults/s	0 yields/s	26 preempts/s
65002 milliseconds	2917 MB/s	0 short_reads/s	0 short_writes_echo/s	23 cpu_user_milliseconds	975 cpu_system_milliseconds	0 minor_page_faults/s	0 major_page_faults/s	0 yields/s	5 preempts/s
66002 milliseconds	2994 MB/s	0 short_reads/s	0 short_writes_echo/s	30 cpu_user_milliseconds	968 cpu_system_milliseconds	0 minor_page_faults/s	0 major_page_faults/s	0 yields/s	14 preempts/s
67002 milliseconds	2974 MB/s	0 short_reads/s	0 short_writes_echo/s	22 cpu_user_milliseconds	974 cpu_system_milliseconds	0 minor_page_faults/s	0 major_page_faults/s	0 yields/s	26 preempts/s
68002 milliseconds	2928 MB/s	0 short_reads/s	0 short_writes_echo/s	25 cpu_user_milliseconds	973 cpu_system_milliseconds	0 minor_page_faults/s	0 major_page_faults/s	0 yields/s	10 preempts/s
69002 milliseconds	2959 MB/s	0 short_reads/s	0 short_writes_echo/s	28 cpu_user_milliseconds	970 cpu_system_milliseconds	0 minor_page_faults/s	0 major_page_faults/s	0 yields/s	2 preempts/s
70002 milliseconds	2971 MB/s	0 short_reads/s	0 short_writes_echo/s	24 cpu_user_milliseconds	974 cpu_system_milliseconds	0 minor_page_faults/s	0 major_page_faults/s	0 yields/s	6 preempts/s
71002 milliseconds	2919 MB/s	0 short_reads/s	0 short_writes_echo/s	25 cpu_user_milliseconds	973 cpu_system_milliseconds	0 minor_page_faults/s	0 major_page_faults/s	0 yields/s	2 preempts/s
72002 milliseconds	2969 MB/s	0 short_reads/s	0 short_writes_echo/s	23 cpu_user_milliseconds	975 cpu_system_milliseconds	0 minor_page_faults/s	0 major_page_faults/s	0 yields/s	10 preempts/s
73002 milliseconds	2881 MB/s	0 short_reads/s	0 short_writes_echo/s	34 cpu_user_milliseconds	958 cpu_system_milliseconds	0 minor_page_faults/s	0 major_page_faults/s	0 yields/s	62 preempts/s
74002 milliseconds	2950 MB/s	0 short_reads/s	0 short_writes_echo/s	22 cpu_user_milliseconds	974 cpu_system_milliseconds	0 minor_page_faults/s	0 major_page_faults/s	0 yields/s	25 preempts/s
75002 milliseconds	2976 MB/s	0 short_reads/s	0 short_writes_echo/s	28 cpu_user_milliseconds	969 cpu_system_milliseconds	0 minor_page_faults/s	0 major_page_faults/s	0 yields/s	22 preempts/s
76002 milliseconds	2837 MB/s	0 short_reads/s	0 short_writes_echo/s	32 cpu_user_milliseconds	963 cpu_system_milliseconds	0 minor_page_faults/s	0 major_page_faults/s	0 yields/s	28 preempts/s
77002 milliseconds	2981 MB/s	0 short_reads/s	0 short_writes_echo/s	34 cpu_user_milliseconds	963 cpu_system_milliseconds	0 minor_page_faults/s	0 major_page_faults/s	0 yields/s	25 preempts/s
78002 milliseconds	2804 MB/s	0 short_reads/s	0 short_writes_echo/s	28 cpu_user_milliseconds	970 cpu_system_milliseconds	0 minor_page_faults/s	0 major_page_faults/s	0 yields/s	7 preempts/s
79002 milliseconds	2945 MB/s	0 short_reads/s	0 short_writes_echo/s	20 cpu_user_milliseconds	978 cpu_system_milliseconds	0 minor_page_faults/s	0 major_page_faults/s	0 yields/s	5 preempts/s
80002 milliseconds	2939 MB/s	0 short_reads/s	0 short_writes_echo/s	25 cpu_user_milliseconds	973 cpu_system_milliseconds	0 minor_page_faults/s	0 major_page_faults/s	0 yields/s	5 preempts/s
81002 milliseconds	2917 MB/s	0 short_reads/s	0 short_writes_echo/s	29 cpu_user_milliseconds	969 cpu_system_milliseconds	0 minor_page_faults/s	0 major_page_faults/s	0 yields/s	5 preempts/s
82002 milliseconds	2981 MB/s	0 short_reads/s	0 short_writes_echo/s	26 cpu_user_milliseconds	973 cpu_system_milliseconds	0 minor_page_faults/s	0 major_page_faults/s	0 yields/s	3 preempts/s
83002 milliseconds	2920 MB/s	0 short_reads/s	0 short_writes_echo/s	54 cpu_user_milliseconds	943 cpu_system_milliseconds	0 minor_page_faults/s	0 major_page_faults/s	0 yields/s	15 preempts/s
84002 milliseconds	2967 MB/s	0 short_reads/s	0 short_writes_echo/s	25 cpu_user_milliseconds	971 cpu_system_milliseconds	0 minor_page_faults/s	0 major_page_faults/s	1 yields/s	6 preempts/s
85002 milliseconds	2949 MB/s	0 short_reads/s	0 short_writes_echo/s	26 cpu_user_milliseconds	972 cpu_system_milliseconds	0 minor_page_faults/s	0 major_page_faults/s	0 yields/s	8 preempts/s
86002 milliseconds	2960 MB/s	0 short_reads/s	0 short_writes_echo/s	31 cpu_user_milliseconds	967 cpu_system_milliseconds	0 minor_page_faults/s	0 major_page_faults/s	0 yields/s	2 preempts/s
87002 milliseconds	2857 MB/s	0 short_reads/s	0 short_writes_echo/s	24 cpu_user_milliseconds	974 cpu_system_milliseconds	0 minor_page_faults/s	0 major_page_faults/s	0 yields/s	4 preempts/s
88002 milliseconds	2843 MB/s	0 short_reads/s	0 short_writes_echo/s	26 cpu_user_milliseconds	971 cpu_system_milliseconds	0 minor_page_faults/s	0 major_page_faults/s	0 yields/s	23 preempts/s
89002 milliseconds	2953 MB/s	0 short_reads/s	0 short_writes_echo/s	24 cpu_user_milliseconds	971 cpu_system_milliseconds	0 minor_page_faults/s	0 major_page_faults/s	0 yields/s	41 preempts/s
90002 milliseconds	2949 MB/s	0 short_reads/s	0 short_writes_echo/s	36 cpu_user_milliseconds	962 cpu_system_milliseconds	0 minor_page_faults/s	0 major_page_faults/s	0 yields/s	4 preempts/s
91002 milliseconds	2970 MB/s	0 short_reads/s	0 short_writes_echo/s	34 cpu_user_milliseconds	962 cpu_system_milliseconds	0 minor_page_faults/s	0 major_page_faults/s	0 yields/s	25 preempts/s
92003 milliseconds	2994 MB/s	0 short_reads/s	0 short_writes_echo/s	23 cpu_user_milliseconds	973 cpu_system_milliseconds	0 minor_page_faults/s	0 major_page_faults/s	0 yields/s	26 preempts/s
93003 milliseconds	2839 MB/s	0 short_reads/s	0 short_writes_echo/s	31 cpu_user_milliseconds	966 cpu_system_milliseconds	0 minor_page_faults/s	0 major_page_faults/s	0 yields/s	14 preempts/s
94003 milliseconds	2977 MB/s	0 short_reads/s	0 short_writes_echo/s	27 cpu_user_milliseconds	972 cpu_system_milliseconds	0 minor_page_faults/s	0 major_page_faults/s	0 yields/s	2 preempts/s
95003 milliseconds	2877 MB/s	0 short_reads/s	0 short_writes_echo/s	21 cpu_user_milliseconds	975 cpu_system_milliseconds	0 minor_page_faults/s	0 major_page_faults/s	0 yields/s	25 preempts/s
96003 milliseconds	2905 MB/s	0 short_reads/s	0 short_writes_echo/s	26 cpu_user_milliseconds	972 cpu_system_milliseconds	0 minor_page_faults/s	0 major_page_faults/s	0 yields/s	4 preempts/s
97003 milliseconds	2857 MB/s	0 short_reads/s	0 short_writes_echo/s	26 cpu_user_milliseconds	971 cpu_system_milliseconds	0 minor_page_faults/s	0 major_page_faults/s	0 yields/s	26 preempts/s
98003 milliseconds	2725 MB/s	0 short_reads/s	0 short_writes_echo/s	20 cpu_user_milliseconds	976 cpu_system_milliseconds	0 minor_page_faults/s	0 major_page_faults/s	0 yields/s	28 preempts/s
99003 milliseconds	2969 MB/s	0 short_reads/s	0 short_writes_echo/s	22 cpu_user_milliseconds	977 cpu_system_milliseconds	0 minor_page_faults/s	0 major_page_faults/s	0 yields/s	4 preempts/s
100003 milliseconds	2955 MB/s	0 short_reads/s	0 short_writes_echo/s	31 cpu_user_milliseconds	967 cpu_system_milliseconds	0 minor_page_faults/s	0 major_page_faults/s	0 yields/s	7 preempts/s
101003 milliseconds	2964 MB/s	0 short_reads/s	0 short_writes_echo/s	29 cpu_user_milliseconds	965 cpu_system_milliseconds	0 minor_page_faults/s	0 major_page_faults/s	0 yields/s	46 preempts/s
102003 milliseconds	2905 MB/s	0 short_reads/s	0 short_writes_echo/s	26 cpu_user_milliseconds	973 cpu_system_milliseconds	0 minor_page_faults/s	0 major_page_faults/s	0 yields/s	7 preempts/s
103003 milliseconds	2895 MB/s	0 short_reads/s	0 short_writes_echo/s	30 cpu_user_milliseconds	966 cpu_system_milliseconds	0 minor_page_faults/s	0 major_page_faults/s	0 yields/s	22 preempts/s
104003 milliseconds	2808 MB/s	0 short_reads/s	0 short_writes_echo/s	19 cpu_user_milliseconds	977 cpu_system_milliseconds	0 minor_page_faults/s	0 major_page_faults/s	0 yields/s	29 preempts/s
105003 milliseconds	2929 MB/s	0 short_reads/s	0 short_writes_echo/s	29 cpu_user_milliseconds	960 cpu_system_milliseconds	0 minor_page_faults/s	0 major_page_faults/s	0 yields/s	93 preempts/s
106003 milliseconds	2974 MB/s	0 short_reads/s	0 short_writes_echo/s	21 cpu_user_milliseconds	975 cpu_system_milliseconds	0 minor_page_faults/s	0 major_page_faults/s	0 yields/s	26 preempts/s
107003 milliseconds	2956 MB/s	0 short_reads/s	0 short_writes_echo/s	23 cpu_user_milliseconds	973 cpu_system_milliseconds	0 minor_page_faults/s	0 major_page_faults/s	0 yields/s	29 preempts/s
108003 milliseconds	2848 MB/s	0 short_reads/s	0 short_writes_echo/s	17 cpu_user_milliseconds	982 cpu_system_milliseconds	0 minor_page_faults/s	0 major_page_faults/s	0 yields/s	5 preempts/s
109003 milliseconds	2932 MB/s	0 short_reads/s	0 short_writes_echo/s	33 cpu_user_milliseconds	965 cpu_system_milliseconds	0 minor_page_faults/s	0 major_page_faults/s	0 yields/s	5 preempts/s
110003 milliseconds	2844 MB/s	0 short_reads/s	0 short_writes_echo/s	33 cpu_user_milliseconds	965 cpu_system_milliseconds	0 minor_page_faults/s	0 major_page_faults/s	0 yields/s	11 preempts/s
111003 milliseconds	2981 MB/s	0 short_reads/s	0 short_writes_echo/s	22 cpu_user_milliseconds	975 cpu_system_milliseconds	0 minor_page_faults/s	0 major_page_faults/s	0 yields/s	24 preempts/s
112003 milliseconds	2974 MB/s	0 short_reads/s	0 short_writes_echo/s	33 cpu_user_milliseconds	964 cpu_system_milliseconds	0 minor_page_faults/s	0 major_page_faults/s	0 yields/s	26 preempts/s
113003 milliseconds	2904 MB/s	0 short_reads/s	0 short_writes_echo/s	29 cpu_user_milliseconds	963 cpu_system_milliseconds	0 minor_page_faults/s	0 major_page_faults/s	0 yields/s	65 preempts/s
114003 milliseconds	2926 MB/s	0 short_reads/s	0 short_writes_echo/s	44 cpu_user_milliseconds	954 cpu_system_milliseconds	0 minor_page_faults/s	0 major_page_faults/s	0 yields/s	4 preempts/s
115003 milliseconds	2945 MB/s	0 short_reads/s	0 short_writes_echo/s	25 cpu_user_milliseconds	974 cpu_system_milliseconds	0 minor_page_faults/s	0 major_page_faults/s	0 yields/s	2 preempts/s
116003 milliseconds	2955 MB/s	0 short_reads/s	0 short_writes_echo/s	20 cpu_user_milliseconds	976 cpu_system_milliseconds	0 minor_page_faults/s	0 major_page_faults/s	1 yields/s	3 preempts/s
117003 milliseconds	2975 MB/s	0 short_reads/s	0 short_writes_echo/s	27 cpu_user_milliseconds	971 cpu_system_milliseconds	0 minor_page_faults/s	0 major_page_faults/s	0 yields/s	7 preempts/s
118003 milliseconds	2800 MB/s	0 short_reads/s	0 short_writes_echo/s	23 cpu_user_milliseconds	973 cpu_system_milliseconds	0 minor_page_faults/s	0 major_page_faults/s	0 yields/s	24 preempts/s
119003 milliseconds	2972 MB/s	0 short_reads/s	0 short_writes_echo/s	29 cpu_user_milliseconds	969 cpu_system_milliseconds	0 minor_page_faults/s	0 major_page_faults/s	0 yields/s	3 preempts/s
120003 milliseconds	2941 MB/s	0 short_reads/s	0 short_writes_echo/s	32 cpu_user_milliseconds	966 cpu_system_milliseconds	0 minor_page_faults/s	0 major_page_faults/s	0 yields/s	5 preempts/s
121003 milliseconds	2981 MB/s	0 short_reads/s	0 short_writes_echo/s	28 cpu_user_milliseconds	970 cpu_system_milliseconds	0 minor_page_faults/s	0 major_page_faults/s	0 yields/s	3 preempts/s
122003 milliseconds	2985 MB/s	0 short_reads/s	0 short_writes_echo/s	28 cpu_user_milliseconds	970 cpu_system_milliseconds	0 minor_page_faults/s	0 major_page_faults/s	0 yields/s	3 preempts/s
123003 milliseconds	2967 MB/s	0 short_reads/s	0 short_writes_echo/s	32 cpu_user_milliseconds	966 cpu_system_milliseconds	0 minor_page_faults/s	0 major_page_faults/s	0 yields/s	4 preempts/s
124003 milliseconds	2988 MB/s	0 short_reads/s	0 short_writes_echo/s	25 cpu_user_milliseconds	973 cpu_system_milliseconds	0 minor_page_faults/s	0 major_page_faults/s	0 yields/s	4 preempts/s
125004 milliseconds	2984 MB/s	6 short_reads/s	0 short_writes_echo/s	33 cpu_user_milliseconds	965 cpu_system_milliseconds	0 minor_page_faults/s	0 major_page_faults/s	5 yields/s	4 preempts/s
126004 milliseconds	2990 MB/s	0 short_reads/s	0 short_writes_echo/s	28 cpu_user_milliseconds	970 cpu_system_milliseconds	0 minor_page_faults/s	0 major_page_faults/s	0 yields/s	2 preempts/s
127004 milliseconds	3004 MB/s	0 short_reads/s	0 short_writes_echo/s	33 cpu_user_milliseconds	965 cpu_system_milliseconds	0 minor_page_faults/s	0 major_page_faults/s	0 yields/s	3 preempts/s
128004 milliseconds	2856 MB/s	351 short_reads/s	0 short_writes_echo/s	26 cpu_user_milliseconds	971 cpu_system_milliseconds	0 minor_page_faults/s	0 major_page_faults/s	63 yields/s	6 preempts/s
129004 milliseconds	2966 MB/s	0 short_reads/s	0 short_writes_echo/s	29 cpu_user_milliseconds	969 cpu_system_milliseconds	0 minor_page_faults/s	0 major_page_faults/s	0 yields/s	4 preempts/s
130004 milliseconds	2968 MB/s	0 short_reads/s	0 short_writes_echo/s	28 cpu_user_milliseconds	970 cpu_system_milliseconds	0 minor_page_faults/s	0 major_page_faults/s	0 yields/s	3 preempts/s
131004 milliseconds	2964 MB/s	0 short_reads/s	0 short_writes_echo/s	34 cpu_user_milliseconds	963 cpu_system_milliseconds	0 minor_page_faults/s	0 major_page_faults/s	0 yields/s	22 preempts/s
132004 milliseconds	2906 MB/s	0 short_reads/s	0 short_writes_echo/s	21 cpu_user_milliseconds	975 cpu_system_milliseconds	0 minor_page_faults/s	0 major_page_faults/s	0 yields/s	28 preempts/s
133004 milliseconds	2733 MB/s	0 short_reads/s	0 short_writes_echo/s	26 cpu_user_milliseconds	973 cpu_system_milliseconds	0 minor_page_faults/s	0 major_page_faults/s	0 yields/s	8 preempts/s
134004 milliseconds	2850 MB/s	0 short_reads/s	0 short_writes_echo/s	34 cpu_user_milliseconds	964 cpu_system_milliseconds	0 minor_page_faults/s	0 major_page_faults/s	0 yields/s	5 preempts/s
135004 milliseconds	2975 MB/s	0 short_reads/s	0 short_writes_echo/s	24 cpu_user_milliseconds	975 cpu_system_milliseconds	0 minor_page_faults/s	0 major_page_faults/s	0 yields/s	5 preempts/s
136004 milliseconds	2961 MB/s	367 short_reads/s	0 short_writes_echo/s	25 cpu_user_milliseconds	966 cpu_system_milliseconds	0 minor_page_faults/s	0 major_page_faults/s	196 yields/s	6 preempts/s
137004 milliseconds	2973 MB/s	0 short_reads/s	0 short_writes_echo/s	34 cpu_user_milliseconds	964 cpu_system_milliseconds	0 minor_page_faults/s	0 major_page_faults/s	0 yields/s	6 preempts/s
138004 milliseconds	2861 MB/s	0 short_reads/s	0 short_writes_echo/s	34 cpu_user_milliseconds	964 cpu_system_milliseconds	0 minor_page_faults/s	0 major_page_faults/s	0 yields/s	5 preempts/s
139004 milliseconds	2906 MB/s	0 short_reads/s	0 short_writes_echo/s	29 cpu_user_milliseconds	969 cpu_system_milliseconds	0 minor_page_faults/s	0 major_page_faults/s	0 yields/s	6 preempts/s
140004 milliseconds	2929 MB/s	0 short_reads/s	0 short_writes_echo/s	26 cpu_user_milliseconds	970 cpu_system_milliseconds	0 minor_page_faults/s	0 major_page_faults/s	0 yields/s	24 preempts/s
141004 milliseconds	2863 MB/s	0 short_reads/s	0 short_writes_echo/s	29 cpu_user_milliseconds	969 cpu_system_milliseconds	0 minor_page_faults/s	0 major_page_faults/s	0 yields/s	7 preempts/s
142004 milliseconds	2873 MB/s	0 short_reads/s	0 short_writes_echo/s	27 cpu_user_milliseconds	971 cpu_system_milliseconds	0 minor_page_faults/s	0 major_page_faults/s	0 yields/s	9 preempts/s
143004 milliseconds	2898 MB/s	0 short_reads/s	0 short_writes_echo/s	22 cpu_user_milliseconds	977 cpu_system_milliseconds	0 minor_page_faults/s	0 major_page_faults/s	0 yields/s	3 preempts/s
144004 milliseconds	2991 MB/s	0 short_reads/s	0 short_writes_echo/s	23 cpu_user_milliseconds	975 cpu_system_milliseconds	0 minor_page_faults/s	0 major_page_faults/s	0 yields/s	6 preempts/s
145004 milliseconds	2981 MB/s	6 short_reads/s	0 short_writes_echo/s	27 cpu_user_milliseconds	972 cpu_system_milliseconds	0 minor_page_faults/s	0 major_page_faults/s	3 yields/s	7 preempts/s
146004 milliseconds	2983 MB/s	0 short_reads/s	0 short_writes_echo/s	29 cpu_user_milliseconds	969 cpu_system_milliseconds	0 minor_page_faults/s	0 major_page_faults/s	0 yields/s	8 preempts/s
147004 milliseconds	2828 MB/s	0 short_reads/s	0 short_writes_echo/s	24 cpu_user_milliseconds	974 cpu_system_milliseconds	0 minor_page_faults/s	0 major_page_faults/s	0 yields/s	7 preempts/s
148004 milliseconds	2916 MB/s	0 short_reads/s	0 short_writes_echo/s	28 cpu_user_milliseconds	969 cpu_system_milliseconds	0 minor_page_faults/s	0 major_page_faults/s	0 yields/s	18 preempts/s
149004 milliseconds	2955 MB/s	0 short_reads/s	0 short_writes_echo/s	22 cpu_user_milliseconds	976 cpu_system_milliseconds	0 minor_page_faults/s	0 major_page_faults/s	0 yields/s	5 preempts/s
150005 milliseconds	2966 MB/s	0 short_reads/s	0 short_writes_echo/s	21 cpu_user_milliseconds	975 cpu_system_milliseconds	0 minor_page_faults/s	0 major_page_faults/s	0 yields/s	27 preempts/s
151005 milliseconds	2969 MB/s	0 short_reads/s	0 short_writes_echo/s	28 cpu_user_milliseconds	969 cpu_system_milliseconds	0 minor_page_faults/s	0 major_page_faults/s	0 yields/s	26 preempts/s
152005 milliseconds	2898 MB/s	0 short_reads/s	0 short_writes_echo/s	33 cpu_user_milliseconds	963 cpu_system_milliseconds	0 minor_page_faults/s	0 major_page_faults/s	0 yields/s	27 preempts/s
153005 milliseconds	2900 MB/s	0 short_reads/s	0 short_writes_echo/s	38 cpu_user_milliseconds	961 cpu_system_milliseconds	0 minor_page_faults/s	0 major_page_faults/s	0 yields/s	3 preempts/s
154005 milliseconds	2950 MB/s	0 short_reads/s	0 short_writes_echo/s	21 cpu_user_milliseconds	977 cpu_system_milliseconds	0 minor_page_faults/s	0 major_page_faults/s	0 yields/s	8 preempts/s
155005 milliseconds	2902 MB/s	0 short_reads/s	0 short_writes_echo/s	31 cpu_user_milliseconds	967 cpu_system_milliseconds	0 minor_page_faults/s	0 major_page_faults/s	0 yields/s	5 preempts/s
156005 milliseconds	2768 MB/s	0 short_reads/s	0 short_writes_echo/s	17 cpu_user_milliseconds	981 cpu_system_milliseconds	0 minor_page_faults/s	0 major_page_faults/s	0 yields/s	10 preempts/s
157005 milliseconds	2967 MB/s	0 short_reads/s	0 short_writes_echo/s	28 cpu_user_milliseconds	970 cpu_system_milliseconds	0 minor_page_faults/s	0 major_page_faults/s	0 yields/s	7 preempts/s
158005 milliseconds	2944 MB/s	0 short_reads/s	0 short_writes_echo/s	27 cpu_user_milliseconds	969 cpu_system_milliseconds	0 minor_page_faults/s	0 major_page_faults/s	0 yields/s	25 preempts/s
159005 milliseconds	2973 MB/s	0 short_reads/s	0 short_writes_echo/s	25 cpu_user_milliseconds	971 cpu_system_milliseconds	0 minor_page_faults/s	0 major_page_faults/s	0 yields/s	26 preempts/s
160005 milliseconds	2967 MB/s	0 short_reads/s	0 short_writes_echo/s	29 cpu_user_milliseconds	968 cpu_system_milliseconds	0 minor_page_faults/s	0 major_page_faults/s	0 yields/s	23 preempts/s
161005 milliseconds	2969 MB/s	0 short_reads/s	0 short_writes_echo/s	26 cpu_user_milliseconds	972 cpu_system_milliseconds	0 minor_page_faults/s	0 major_page_faults/s	0 yields/s	3 preempts/s
162005 milliseconds	2913 MB/s	0 short_reads/s	0 short_writes_echo/s	25 cpu_user_milliseconds	973 cpu_system_milliseconds	0 minor_page_faults/s	0 major_page_faults/s	0 yields/s	8 preempts/s
163005 milliseconds	2892 MB/s	0 short_reads/s	0 short_writes_echo/s	23 cpu_user_milliseconds	975 cpu_system_milliseconds	0 minor_page_faults/s	0 major_page_faults/s	0 yields/s	7 preempts/s
164005 milliseconds	2953 MB/s	0 short_reads/s	0 short_writes_echo/s	33 cpu_user_milliseconds	965 cpu_system_milliseconds	0 minor_page_faults/s	0 major_page_faults/s	0 yields/s	6 preempts/s
165005 milliseconds	2980 MB/s	0 short_reads/s	0 short_writes_echo/s	37 cpu_user_milliseconds	959 cpu_system_milliseconds	0 minor_page_faults/s	0 major_page_faults/s	0 yields/s	31 preempts/s
166005 milliseconds	2984 MB/s	0 short_reads/s	0 short_writes_echo/s	24 cpu_user_milliseconds	972 cpu_system_milliseconds	0 minor_page_faults/s	0 major_page_faults/s	0 yields/s	29 preempts/s
167005 milliseconds	2956 MB/s	0 short_reads/s	0 short_writes_echo/s	32 cpu_user_milliseconds	966 cpu_system_milliseconds	0 minor_page_faults/s	0 major_page_faults/s	0 yields/s	4 preempts/s
168005 milliseconds	2885 MB/s	0 short_reads/s	0 short_writes_echo/s	27 cpu_user_milliseconds	972 cpu_system_milliseconds	0 minor_page_faults/s	0 major_page_faults/s	0 yields/s	3 preempts/s
169005 milliseconds	2917 MB/s	0 short_reads/s	0 short_writes_echo/s	33 cpu_user_milliseconds	965 cpu_system_milliseconds	0 minor_page_faults/s	0 major_page_faults/s	0 yields/s	2 preempts/s
170005 milliseconds	2872 MB/s	0 short_reads/s	0 short_writes_echo/s	36 cpu_user_milliseconds	962 cpu_system_milliseconds	0 minor_page_faults/s	0 major_page_faults/s	0 yields/s	3 preempts/s
171005 milliseconds	2957 MB/s	0 short_reads/s	0 short_writes_echo/s	27 cpu_user_milliseconds	971 cpu_system_milliseconds	0 minor_page_faults/s	0 major_page_faults/s	0 yields/s	3 preempts/s
172005 milliseconds	2862 MB/s	0 short_reads/s	0 short_writes_echo/s	32 cpu_user_milliseconds	966 cpu_system_milliseconds	0 minor_page_faults/s	0 major_page_faults/s	0 yields/s	5 preempts/s
173005 milliseconds	2837 MB/s	44 short_reads/s	0 short_writes_echo/s	24 cpu_user_milliseconds	974 cpu_system_milliseconds	0 minor_page_faults/s	0 major_page_faults/s	10 yields/s	4 preempts/s
174005 milliseconds	2795 MB/s	0 short_reads/s	0 short_writes_echo/s	33 cpu_user_milliseconds	965 cpu_system_milliseconds	0 minor_page_faults/s	0 major_page_faults/s	0 yields/s	8 preempts/s
175005 milliseconds	2938 MB/s	0 short_reads/s	0 short_writes_echo/s	30 cpu_user_milliseconds	968 cpu_system_milliseconds	0 minor_page_faults/s	0 major_page_faults/s	0 yields/s	2 preempts/s
176005 milliseconds	2934 MB/s	0 short_reads/s	0 short_writes_echo/s	34 cpu_user_milliseconds	964 cpu_system_milliseconds	0 minor_page_faults/s	0 major_page_faults/s	0 yields/s	6 preempts/s
177005 milliseconds	2970 MB/s	0 short_reads/s	0 short_writes_echo/s	30 cpu_user_milliseconds	968 cpu_system_milliseconds	0 minor_page_faults/s	0 major_page_faults/s	0 yields/s	7 preempts/s
178005 milliseconds	2888 MB/s	0 short_reads/s	0 short_writes_echo/s	33 cpu_user_milliseconds	963 cpu_system_milliseconds	0 minor_page_faults/s	0 major_page_faults/s	0 yields/s	26 preempts/s
179006 milliseconds	2829 MB/s	0 short_reads/s	0 short_writes_echo/s	32 cpu_user_milliseconds	966 cpu_system_milliseconds	0 minor_page_faults/s	0 major_page_faults/s	0 yields/s	4 preempts/s
180006 milliseconds	2850 MB/s	0 short_reads/s	0 short_writes_echo/s	27 cpu_user_milliseconds	971 cpu_system_milliseconds	0 minor_page_faults/s	0 major_page_faults/s	0 yields/s	13 preempts/s
181006 milliseconds	2968 MB/s	0 short_reads/s	0 short_writes_echo/s	24 cpu_user_milliseconds	974 cpu_system_milliseconds	0 minor_page_faults/s	0 major_page_faults/s	0 yields/s	4 preempts/s
182006 milliseconds	2981 MB/s	0 short_reads/s	0 short_writes_echo/s	26 cpu_user_milliseconds	972 cpu_system_milliseconds	0 minor_page_faults/s	0 major_page_faults/s	0 yields/s	6 preempts/s
183006 milliseconds	2938 MB/s	0 short_reads/s	0 short_writes_echo/s	28 cpu_user_milliseconds	970 cpu_system_milliseconds	0 minor_page_faults/s	0 major_page_faults/s	0 yields/s	6 preempts/s
184006 milliseconds	2983 MB/s	0 short_reads/s	0 short_writes_echo/s	33 cpu_user_milliseconds	965 cpu_system_milliseconds	0 minor_page_faults/s	0 major_page_faults/s	0 yields/s	7 preempts/s
185006 milliseconds	2989 MB/s	0 short_reads/s	0 short_writes_echo/s	24 cpu_user_milliseconds	974 cpu_system_milliseconds	0 minor_page_faults/s	0 major_page_faults/s	0 yields/s	5 preempts/s
186006 milliseconds	2899 MB/s	0 short_reads/s	0 short_writes_echo/s	47 cpu_user_milliseconds	951 cpu_system_milliseconds	0 minor_page_faults/s	0 major_page_faults/s	0 yields/s	8 preempts/s
187006 milliseconds	2918 MB/s	0 short_reads/s	0 short_writes_echo/s	34 cpu_user_milliseconds	964 cpu_system_milliseconds	0 minor_page_faults/s	0 major_page_faults/s	0 yields/s	5 preempts/s
188006 milliseconds	2760 MB/s	0 short_reads/s	0 short_writes_echo/s	34 cpu_user_milliseconds	962 cpu_system_milliseconds	0 minor_page_faults/s	0 major_page_faults/s	0 yields/s	30 preempts/s
189006 milliseconds	2882 MB/s	0 short_reads/s	0 short_writes_echo/s	24 cpu_user_milliseconds	972 cpu_system_milliseconds	0 minor_page_faults/s	0 major_page_faults/s	0 yields/s	27 preempts/s
190006 milliseconds	2957 MB/s	0 short_reads/s	0 short_writes_echo/s	24 cpu_user_milliseconds	972 cpu_system_milliseconds	0 minor_page_faults/s	0 major_page_faults/s	0 yields/s	27 preempts/s
191006 milliseconds	2899 MB/s	0 short_reads/s	0 short_writes_echo/s	30 cpu_user_milliseconds	968 cpu_system_milliseconds	0 minor_page_faults/s	0 major_page_faults/s	0 yields/s	7 preempts/s
192006 milliseconds	2868 MB/s	0 short_reads/s	0 short_writes_echo/s	33 cpu_user_milliseconds	963 cpu_system_milliseconds	0 minor_page_faults/s	0 major_page_faults/s	0 yields/s	29 preempts/s
193006 milliseconds	2785 MB/s	0 short_reads/s	0 short_writes_echo/s	30 cpu_user_milliseconds	968 cpu_system_milliseconds	0 minor_page_faults/s	0 major_page_faults/s	0 yields/s	18 preempts/s
194006 milliseconds	2940 MB/s	0 short_reads/s	0 short_writes_echo/s	28 cpu_user_milliseconds	971 cpu_system_milliseconds	0 minor_page_faults/s	0 major_page_faults/s	0 yields/s	1 preempts/s
195006 milliseconds	2899 MB/s	0 short_reads/s	0 short_writes_echo/s	28 cpu_user_milliseconds	968 cpu_system_milliseconds	0 minor_page_faults/s	0 major_page_faults/s	0 yields/s	23 preempts/s
196006 milliseconds	2727 MB/s	0 short_reads/s	0 short_writes_echo/s	27 cpu_user_milliseconds	970 cpu_system_milliseconds	0 minor_page_faults/s	0 major_page_faults/s	0 yields/s	9 preempts/s
197006 milliseconds	2966 MB/s	0 short_reads/s	0 short_writes_echo/s	25 cpu_user_milliseconds	973 cpu_system_milliseconds	0 minor_page_faults/s	0 major_page_faults/s	0 yields/s	8 preempts/s
198006 milliseconds	2853 MB/s	0 short_reads/s	0 short_writes_echo/s	30 cpu_user_milliseconds	968 cpu_system_milliseconds	0 minor_page_faults/s	0 major_page_faults/s	0 yields/s	6 preempts/s
199006 milliseconds	2926 MB/s	0 short_reads/s	0 short_writes_echo/s	31 cpu_user_milliseconds	966 cpu_system_milliseconds	0 minor_page_faults/s	0 major_page_faults/s	0 yields/s	23 preempts/s
200006 milliseconds	2934 MB/s	0 short_reads/s	0 short_writes_echo/s	24 cpu_user_milliseconds	973 cpu_system_milliseconds	0 minor_page_faults/s	0 major_page_faults/s	0 yields/s	22 preempts/s
201006 milliseconds	2967 MB/s	0 short_reads/s	0 short_writes_echo/s	17 cpu_user_milliseconds	982 cpu_system_milliseconds	0 minor_page_faults/s	0 major_page_faults/s	0 yields/s	5 preempts/s
202006 milliseconds	2966 MB/s	0 short_reads/s	0 short_writes_echo/s	32 cpu_user_milliseconds	966 cpu_system_milliseconds	0 minor_page_faults/s	0 major_page_faults/s	0 yields/s	3 preempts/s
203006 milliseconds	2851 MB/s	0 short_reads/s	0 short_writes_echo/s	27 cpu_user_milliseconds	971 cpu_system_milliseconds	0 minor_page_faults/s	0 major_page_faults/s	0 yields/s	4 preempts/s
204006 milliseconds	2945 MB/s	0 short_reads/s	0 short_writes_echo/s	35 cpu_user_milliseconds	963 cpu_system_milliseconds	0 minor_page_faults/s	0 major_page_faults/s	0 yields/s	4 preempts/s
205006 milliseconds	2972 MB/s	5 short_reads/s	0 short_writes_echo/s	29 cpu_user_milliseconds	970 cpu_system_milliseconds	0 minor_page_faults/s	0 major_page_faults/s	2 yields/s	3 preempts/s
206006 milliseconds	2983 MB/s	0 short_reads/s	0 short_writes_echo/s	31 cpu_user_milliseconds	967 cpu_system_milliseconds	0 minor_page_faults/s	0 major_page_faults/s	0 yields/s	3 preempts/s
207006 milliseconds	2791 MB/s	0 short_reads/s	0 short_writes_echo/s	23 cpu_user_milliseconds	974 cpu_system_milliseconds	0 minor_page_faults/s	0 major_page_faults/s	0 yields/s	26 preempts/s
208006 milliseconds	2918 MB/s	0 short_reads/s	0 short_writes_echo/s	35 cpu_user_milliseconds	962 cpu_system_milliseconds	0 minor_page_faults/s	0 major_page_faults/s	0 yields/s	18 preempts/s
209006 milliseconds	2957 MB/s	0 short_reads/s	0 short_writes_echo/s	24 cpu_user_milliseconds	970 cpu_system_milliseconds	0 minor_page_faults/s	0 major_page_faults/s	1 yields/s	12 preempts/s
210006 milliseconds	2962 MB/s	0 short_reads/s	0 short_writes_echo/s	25 cpu_user_milliseconds	972 cpu_system_milliseconds	0 minor_page_faults/s	0 major_page_faults/s	0 yields/s	25 preempts/s
211006 milliseconds	2960 MB/s	0 short_reads/s	0 short_writes_echo/s	39 cpu_user_milliseconds	957 cpu_system_milliseconds	0 minor_page_faults/s	0 major_page_faults/s	0 yields/s	24 preempts/s
212006 milliseconds	2982 MB/s	0 short_reads/s	0 short_writes_echo/s	28 cpu_user_milliseconds	968 cpu_system_milliseconds	0 minor_page_faults/s	0 major_page_faults/s	0 yields/s	27 preempts/s
213007 milliseconds	2824 MB/s	0 short_reads/s	0 short_writes_echo/s	31 cpu_user_milliseconds	965 cpu_system_milliseconds	0 minor_page_faults/s	0 major_page_faults/s	0 yields/s	24 preempts/s
214007 milliseconds	2903 MB/s	0 short_reads/s	0 short_writes_echo/s	18 cpu_user_milliseconds	981 cpu_system_milliseconds	0 minor_page_faults/s	0 major_page_faults/s	0 yields/s	2 preempts/s
215007 milliseconds	2970 MB/s	0 short_reads/s	0 short_writes_echo/s	29 cpu_user_milliseconds	969 cpu_system_milliseconds	0 minor_page_faults/s	0 major_page_faults/s	0 yields/s	3 preempts/s
216007 milliseconds	2921 MB/s	0 short_reads/s	0 short_writes_echo/s	30 cpu_user_milliseconds	968 cpu_system_milliseconds	0 minor_page_faults/s	0 major_page_faults/s	0 yields/s	4 preempts/s
217007 milliseconds	2926 MB/s	0 short_reads/s	0 short_writes_echo/s	36 cpu_user_milliseconds	962 cpu_system_milliseconds	0 minor_page_faults/s	0 major_page_faults/s	0 yields/s	8 preempts/s
218007 milliseconds	2963 MB/s	0 short_reads/s	0 short_writes_echo/s	32 cpu_user_milliseconds	964 cpu_system_milliseconds	0 minor_page_faults/s	0 major_page_faults/s	0 yields/s	28 preempts/s
219007 milliseconds	2921 MB/s	0 short_reads/s	0 short_writes_echo/s	23 cpu_user_milliseconds	972 cpu_system_milliseconds	0 minor_page_faults/s	0 major_page_faults/s	0 yields/s	29 preempts/s
220007 milliseconds	2960 MB/s	0 short_reads/s	0 short_writes_echo/s	27 cpu_user_milliseconds	969 cpu_system_milliseconds	0 minor_page_faults/s	0 major_page_faults/s	0 yields/s	28 preempts/s
221007 milliseconds	2988 MB/s	0 short_reads/s	0 short_writes_echo/s	38 cpu_user_milliseconds	960 cpu_system_milliseconds	0 minor_page_faults/s	0 major_page_faults/s	0 yields/s	2 preempts/s
222007 milliseconds	3000 MB/s	0 short_reads/s	0 short_writes_echo/s	28 cpu_user_milliseconds	970 cpu_system_milliseconds	0 minor_page_faults/s	0 major_page_faults/s	0 yields/s	5 preempts/s
223007 milliseconds	2951 MB/s	0 short_reads/s	0 short_writes_echo/s	28 cpu_user_milliseconds	970 cpu_system_milliseconds	0 minor_page_faults/s	0 major_page_faults/s	0 yields/s	6 preempts/s
224007 milliseconds	2963 MB/s	0 short_reads/s	0 short_writes_echo/s	27 cpu_user_milliseconds	970 cpu_system_milliseconds	0 minor_page_faults/s	0 major_page_faults/s	0 yields/s	27 preempts/s
225007 milliseconds	2986 MB/s	0 short_reads/s	0 short_writes_echo/s	25 cpu_user_milliseconds	970 cpu_system_milliseconds	0 minor_page_faults/s	0 major_page_faults/s	0 yields/s	38 preempts/s
226007 milliseconds	2962 MB/s	0 short_reads/s	0 short_writes_echo/s	22 cpu_user_milliseconds	973 cpu_system_milliseconds	0 minor_page_faults/s	0 major_page_faults/s	0 yields/s	40 preempts/s
227007 milliseconds	2984 MB/s	0 short_reads/s	0 short_writes_echo/s	27 cpu_user_milliseconds	971 cpu_system_milliseconds	0 minor_page_faults/s	0 major_page_faults/s	0 yields/s	3 preempts/s
228007 milliseconds	2939 MB/s	0 short_reads/s	0 short_writes_echo/s	24 cpu_user_milliseconds	975 cpu_system_milliseconds	0 minor_page_faults/s	0 major_page_faults/s	0 yields/s	5 preempts/s
229007 milliseconds	2984 MB/s	0 short_reads/s	0 short_writes_echo/s	25 cpu_user_milliseconds	973 cpu_system_milliseconds	0 minor_page_faults/s	0 major_page_faults/s	0 yields/s	2 preempts/s
230007 milliseconds	2827 MB/s	0 short_reads/s	0 short_writes_echo/s	36 cpu_user_milliseconds	961 cpu_system_milliseconds	0 minor_page_faults/s	0 major_page_faults/s	0 yields/s	26 preempts/s
231007 milliseconds	2979 MB/s	0 short_reads/s	0 short_writes_echo/s	30 cpu_user_milliseconds	968 cpu_system_milliseconds	0 minor_page_faults/s	0 major_page_faults/s	0 yields/s	6 preempts/s
232007 milliseconds	2987 MB/s	0 short_reads/s	0 short_writes_echo/s	32 cpu_user_milliseconds	966 cpu_system_milliseconds	0 minor_page_faults/s	0 major_page_faults/s	0 yields/s	6 preempts/s
233007 milliseconds	2899 MB/s	0 short_reads/s	0 short_writes_echo/s	34 cpu_user_milliseconds	964 cpu_system_milliseconds	0 minor_page_faults/s	0 major_page_faults/s	0 yields/s	4 preempts/s
234007 milliseconds	2962 MB/s	0 short_reads/s	0 short_writes_echo/s	31 cpu_user_milliseconds	967 cpu_system_milliseconds	0 minor_page_faults/s	0 major_page_faults/s	0 yields/s	6 preempts/s
235007 milliseconds	2960 MB/s	0 short_reads/s	0 short_writes_echo/s	22 cpu_user_milliseconds	974 cpu_system_milliseconds	0 minor_page_faults/s	0 major_page_faults/s	0 yields/s	23 preempts/s
236007 milliseconds	2987 MB/s	0 short_reads/s	0 short_writes_echo/s	18 cpu_user_milliseconds	978 cpu_system_milliseconds	0 minor_page_faults/s	0 major_page_faults/s	0 yields/s	26 preempts/s
237007 milliseconds	2982 MB/s	0 short_reads/s	0 short_writes_echo/s	20 cpu_user_milliseconds	975 cpu_system_milliseconds	0 minor_page_faults/s	0 major_page_faults/s	0 yields/s	37 preempts/s
238007 milliseconds	2820 MB/s	138 short_reads/s	0 short_writes_echo/s	33 cpu_user_milliseconds	966 cpu_system_milliseconds	0 minor_page_faults/s	0 major_page_faults/s	17 yields/s	5 preempts/s
239007 milliseconds	2926 MB/s	0 short_reads/s	0 short_writes_echo/s	29 cpu_user_milliseconds	969 cpu_system_milliseconds	0 minor_page_faults/s	0 major_page_faults/s	0 yields/s	6 preempts/s
240007 milliseconds	2974 MB/s	0 short_reads/s	0 short_writes_echo/s	25 cpu_user_milliseconds	973 cpu_system_milliseconds	0 minor_page_faults/s	0 major_page_faults/s	0 yields/s	4 preempts/s
