1000 milliseconds	2430 MB/s	1 short_reads/s	0 short_writes_echo/s	60 cpu_user_milliseconds	941 cpu_system_milliseconds	192 minor_page_faults/s	0 major_page_faults/s	1 yields/s	13 preempts/s
2000 milliseconds	2471 MB/s	0 short_reads/s	0 short_writes_echo/s	53 cpu_user_milliseconds	945 cpu_system_milliseconds	4 minor_page_faults/s	0 major_page_faults/s	0 yields/s	7 preempts/s
3000 milliseconds	2524 MB/s	0 short_reads/s	0 short_writes_echo/s	50 cpu_user_milliseconds	948 cpu_system_milliseconds	0 minor_page_faults/s	0 major_page_faults/s	0 yields/s	5 preempts/s
4000 milliseconds	2375 MB/s	0 short_reads/s	0 short_writes_echo/s	64 cpu_user_milliseconds	932 cpu_system_milliseconds	0 minor_page_faults/s	0 major_page_faults/s	0 yields/s	25 preempts/s
5000 milliseconds	2479 MB/s	0 short_reads/s	0 short_writes_echo/s	54 cpu_user_milliseconds	942 cpu_system_milliseconds	0 minor_page_faults/s	0 major_page_faults/s	0 yields/s	28 preempts/s
6000 milliseconds	2524 MB/s	0 short_reads/s	0 short_writes_echo/s	49 cpu_user_milliseconds	948 cpu_system_milliseconds	0 minor_page_faults/s	0 major_page_faults/s	0 yields/s	26 preempts/s
7000 milliseconds	2454 MB/s	0 short_reads/s	0 short_writes_echo/s	56 cpu_user_milliseconds	941 cpu_system_milliseconds	0 minor_page_faults/s	0 major_page_faults/s	0 yields/s	31 preempts/s
8000 milliseconds	2329 MB/s	0 short_reads/s	0 short_writes_echo/s	70 cpu_user_milliseconds	928 cpu_system_milliseconds	0 minor_page_faults/s	0 major_page_faults/s	0 yields/s	3 preempts/s
9000 milliseconds	2464 MB/s	418 short_reads/s	0 short_writes_echo/s	41 cpu_user_milliseconds	956 cpu_system_milliseconds	0 minor_page_faults/s	0 major_page_faults/s	180 yields/s	5 preempts/s
10000 milliseconds	2389 MB/s	0 short_reads/s	0 short_writes_echo/s	55 cpu_user_milliseconds	943 cpu_system_milliseconds	0 minor_page_faults/s	0 major_page_faults/s	0 yields/s	4 preempts/s
11000 milliseconds	2515 MB/s	0 short_reads/s	0 short_writes_echo/s	46 cpu_user_milliseconds	951 cpu_system_milliseconds	0 minor_page_faults/s	0 major_page_faults/s	0 yields/s	25 preempts/s
12000 milliseconds	2512 MB/s	0 short_reads/s	0 short_writes_echo/s	48 cpu_user_milliseconds	951 cpu_system_milliseconds	0 minor_page_faults/s	0 major_page_faults/s	0 yields/s	0 preempts/s
13000 milliseconds	2505 MB/s	0 short_reads/s	0 short_writes_echo/s	44 cpu_user_milliseconds	954 cpu_system_milliseconds	0 minor_page_faults/s	0 major_page_faults/s	0 yields/s	6 preempts/s
14000 milliseconds	2420 MB/s	0 short_reads/s	0 short_writes_echo/s	61 cpu_user_milliseconds	937 cpu_system_milliseconds	0 minor_page_faults/s	0 major_page_faults/s	0 yields/s	7 preempts/s
15000 milliseconds	2476 MB/s	0 short_reads/s	0 short_writes_echo/s	49 cpu_user_milliseconds	947 cpu_system_milliseconds	0 minor_page_faults/s	0 major_page_faults/s	0 yields/s	31 preempts/s
16000 milliseconds	2456 MB/s	0 short_reads/s	0 short_writes_echo/s	49 cpu_user_milliseconds	948 cpu_system_milliseconds	0 minor_page_faults/s	0 major_page_faults/s	0 yields/s	20 preempts/s
17000 milliseconds	2515 MB/s	0 short_reads/s	0 short_writes_echo/s	67 cpu_user_milliseconds	931 cpu_system_milliseconds	0 minor_page_faults/s	0 major_page_faults/s	0 yields/s	4 preempts/s
18000 milliseconds	2507 MB/s	0 short_reads/s	0 short_writes_echo/s	63 cpu_user_milliseconds	935 cpu_system_milliseconds	0 minor_page_faults/s	0 major_page_faults/s	0 yields/s	5 preempts/s
19000 milliseconds	2382 MB/s	0 short_reads/s	0 short_writes_echo/s	39 cpu_user_milliseconds	960 cpu_system_milliseconds	0 minor_page_faults/s	0 major_page_faults/s	0 yields/s	4 preempts/s
20000 milliseconds	2428 MB/s	0 short_reads/s	0 short_writes_echo/s	46 cpu_user_milliseconds	952 cpu_system_milliseconds	0 minor_page_faults/s	0 major_page_faults/s	0 yields/s	3 preempts/s
21000 milliseconds	2504 MB/s	0 short_reads/s	0 short_writes_echo/s	57 cpu_user_milliseconds	940 cpu_system_milliseconds	0 minor_page_faults/s	0 major_page_faults/s	0 yields/s	24 preempts/s
22000 milliseconds	2437 MB/s	0 short_reads/s	0 short_writes_echo/s	38 cpu_user_milliseconds	961 cpu_system_milliseconds	0 minor_page_faults/s	0 major_page_faults/s	0 yields/s	7 preempts/s
23000 milliseconds	2431 MB/s	0 short_reads/s	0 short_writes_echo/s	49 cpu_user_milliseconds	949 cpu_system_milliseconds	0 minor_page_faults/s	0 major_page_faults/s	0 yields/s	10 preempts/s
24000 milliseconds	2414 MB/s	0 short_reads/s	0 short_writes_echo/s	61 cpu_user_milliseconds	937 cpu_system_milliseconds	0 minor_page_faults/s	0 major_page_faults/s	0 yields/s	4 preempts/s
25000 milliseconds	2424 MB/s	0 short_reads/s	0 short_writes_echo/s	39 cpu_user_milliseconds	959 cpu_system_milliseconds	0 minor_page_faults/s	0 major_page_faults/s	0 yields/s	16 preempts/s
26000 milliseconds	2481 MB/s	0 short_reads/s	0 short_writes_echo/s	60 cpu_user_milliseconds	938 cpu_system_milliseconds	0 minor_page_faults/s	0 major_page_faults/s	0 yields/s	7 preempts/s
27000 milliseconds	2499 MB/s	0 short_reads/s	0 short_writes_echo/s	61 cpu_user_milliseconds	937 cpu_system_milliseconds	0 minor_page_faults/s	0 major_page_faults/s	0 yields/s	6 preempts/s
28000 milliseconds	2514 MB/s	0 short_reads/s	0 short_writes_echo/s	50 cpu_user_milliseconds	948 cpu_system_milliseconds	0 minor_page_faults/s	0 major_page_faults/s	0 yields/s	5 preempts/s
29000 milliseconds	2355 MB/s	0 short_reads/s	0 short_writes_echo/s	48 cpu_user_milliseconds	950 cpu_system_milliseconds	0 minor_page_faults/s	0 major_page_faults/s	0 yields/s	6 preempts/s
30000 milliseconds	2266 MB/s	0 short_reads/s	0 short_writes_echo/s	39 cpu_user_milliseconds	959 cpu_system_milliseconds	0 minor_page_faults/s	0 major_page_faults/s	0 yields/s	5 preempts/s
31000 milliseconds	2390 MB/s	0 short_reads/s	0 short_writes_echo/s	51 cpu_user_milliseconds	947 cpu_system_milliseconds	0 minor_page_faults/s	0 major_page_faults/s	0 yields/s	6 preempts/s
32000 milliseconds	2504 MB/s	0 short_reads/s	0 short_writes_echo/s	57 cpu_user_milliseconds	941 cpu_system_milliseconds	0 minor_page_faults/s	0 major_page_faults/s	0 yields/s	9 preempts/s
33000 milliseconds	2420 MB/s	0 short_reads/s	0 short_writes_echo/s	57 cpu_user_milliseconds	941 cpu_system_milliseconds	0 minor_page_faults/s	0 major_page_faults/s	0 yields/s	6 preempts/s
34000 milliseconds	2418 MB/s	88 short_reads/s	0 short_writes_echo/s	55 cpu_user_milliseconds	944 cpu_system_milliseconds	0 minor_page_faults/s	0 major_page_faults/s	37 yields/s	6 preempts/s
35000 milliseconds	2451 MB/s	0 short_reads/s	0 short_writes_echo/s	55 cpu_user_milliseconds	943 cpu_system_milliseconds	0 minor_page_faults/s	0 major_page_faults/s	0 yields/s	5 preempts/s
36000 milliseconds	2376 MB/s	0 short_reads/s	0 short_writes_echo/s	42 cpu_user_milliseconds	954 cpu_system_milliseconds	0 minor_page_faults/s	0 major_page_faults/s	0 yields/s	23 preempts/s
37000 milliseconds	2528 MB/s	0 short_reads/s	0 short_writes_echo/s	49 cpu_user_milliseconds	949 cpu_system_milliseconds	0 minor_page_faults/s	0 major_page_faults/s	0 yields/s	8 preempts/s
38000 milliseconds	2527 MB/s	0 short_reads/s	0 short_writes_echo/s	56 cpu_user_milliseconds	942 cpu_system_milliseconds	0 minor_page_faults/s	0 major_page_faults/s	0 yields/s	4 preempts/s
39000 milliseconds	2320 MB/s	0 short_reads/s	0 short_writes_echo/s	49 cpu_user_milliseconds	949 cpu_system_milliseconds	0 minor_page_faults/s	0 major_page_faults/s	0 yields/s	7 preempts/s
40000 milliseconds	2505 MB/s	0 short_reads/s	0 short_writes_echo/s	64 cpu_user_milliseconds	934 cpu_system_milliseconds	0 minor_page_faults/s	0 major_page_faults/s	0 yields/s	5 preempts/s
41000 milliseconds	2505 MB/s	0 short_reads/s	0 short_writes_echo/s	45 cpu_user_milliseconds	953 cpu_system_milliseconds	0 minor_page_faults/s	0 major_page_faults/s	0 yields/s	4 preempts/s
42000 milliseconds	2347 MB/s	0 short_reads/s	0 short_writes_echo/s	43 cpu_user_milliseconds	953 cpu_system_milliseconds	0 minor_page_faults/s	0 major_page_faults/s	0 yields/s	24 preempts/s
43000 milliseconds	2497 MB/s	0 short_reads/s	0 short_writes_echo/s	52 cpu_user_milliseconds	946 cpu_system_milliseconds	0 minor_page_faults/s	0 major_page_faults/s	0 yields/s	11 preempts/s
44000 milliseconds	2353 MB/s	0 short_reads/s	0 short_writes_echo/s	39 cpu_user_milliseconds	959 cpu_system_milliseconds	0 minor_page_faults/s	0 major_page_faults/s	0 yields/s	5 preempts/s
45000 milliseconds	2505 MB/s	0 short_reads/s	0 short_writes_echo/s	63 cpu_user_milliseconds	936 cpu_system_milliseconds	0 minor_page_faults/s	0 major_page_faults/s	0 yields/s	8 preempts/s
46000 milliseconds	2515 MB/s	0 short_reads/s	0 short_writes_echo/s	49 cpu_user_milliseconds	949 cpu_system_milliseconds	0 minor_page_faults/s	0 major_page_faults/s	0 yields/s	4 preempts/s
47000 milliseconds	2510 MB/s	0 short_reads/s	0 short_writes_echo/s	46 cpu_user_milliseconds	952 cpu_system_milliseconds	0 minor_page_faults/s	0 major_page_faults/s	0 yields/s	4 preempts/s
48000 milliseconds	2435 MB/s	0 short_reads/s	0 short_writes_echo/s	51 cpu_user_milliseconds	945 cpu_system_milliseconds	0 minor_page_faults/s	0 major_page_faults/s	0 yields/s	28 preempts/s
49000 milliseconds	2410 MB/s	0 short_reads/s	0 short_writes_echo/s	47 cpu_user_milliseconds	950 cpu_system_milliseconds	0 minor_page_faults/s	0 major_page_faults/s	0 yields/s	26 preempts/s
50000 milliseconds	2494 MB/s	0 short_reads/s	0 short_writes_echo/s	53 cpu_user_milliseconds	945 cpu_system_milliseconds	0 minor_page_faults/s	0 major_page_faults/s	0 yields/s	5 preempts/s
51000 milliseconds	2494 MB/s	0 short_reads/s	0 short_writes_echo/s	43 cpu_user_milliseconds	955 cpu_system_milliseconds	0 minor_page_faults/s	0 major_page_faults/s	0 yields/s	6 preempts/s
52000 milliseconds	2491 MB/s	0 short_reads/s	0 short_writes_echo/s	42 cpu_user_milliseconds	956 cpu_system_milliseconds	0 minor_page_faults/s	0 major_page_faults/s	0 yields/s	7 preempts/s
53000 milliseconds	2502 MB/s	0 short_reads/s	0 short_writes_echo/s	59 cpu_user_milliseconds	937 cpu_system_milliseconds	0 minor_page_faults/s	0 major_page_faults/s	0 yields/s	35 preempts/s
54000 milliseconds	2365 MB/s	0 short_reads/s	0 short_writes_echo/s	63 cpu_user_milliseconds	934 cpu_system_milliseconds	0 minor_page_faults/s	0 major_page_faults/s	0 yields/s	32 preempts/s
55000 milliseconds	2508 MB/s	0 short_reads/s	0 short_writes_echo/s	57 cpu_user_milliseconds	941 cpu_system_milliseconds	0 minor_page_faults/s	0 major_page_faults/s	0 yields/s	10 preempts/s
56000 milliseconds	2537 MB/s	0 short_reads/s	0 short_writes_echo/s	46 cpu_user_milliseconds	952 cpu_system_milliseconds	0 minor_page_faults/s	0 major_page_faults/s	0 yields/s	4 preempts/s
57000 milliseconds	2405 MB/s	0 short_reads/s	0 short_writes_echo/s	53 cpu_user_milliseconds	945 cpu_system_milliseconds	0 minor_page_faults/s	0 major_page_faults/s	0 yields/s	5 preempts/s
58000 milliseconds	2535 MB/s	0 short_reads/s	0 short_writes_echo/s	57 cpu_user_milliseconds	939 cpu_system_milliseconds	0 minor_page_faults/s	0 major_page_faults/s	0 yields/s	28 preempts/s
59000 milliseconds	2496 MB/s	0 short_reads/s	0 short_writes_echo/s	70 cpu_user_milliseconds	928 cpu_system_milliseconds	0 minor_page_faults/s	0 major_page_faults/s	0 yields/s	10 preempts/s
60000 milliseconds	2491 MB/s	0 short_reads/s	0 short_writes_echo/s	56 cpu_user_milliseconds	942 cpu_system_milliseconds	0 minor_page_faults/s	0 major_page_faults/s	0 yields/s	5 preempts/s
61001 milliseconds	2527 MB/s	0 short_reads/s	0 short_writes_echo/s	44 cpu_user_milliseconds	954 cpu_system_milliseconds	0 minor_page_faults/s	0 major_page_faults/s	0 yields/s	8 preempts/s
62001 milliseconds	2577 MB/s	0 short_reads/s	0 short_writes_echo/s	58 cpu_user_milliseconds	940 cpu_system_milliseconds	0 minor_page_faults/s	0 major_page_faults/s	0 yields/s	24 preempts/s
63001 milliseconds	2568 MB/s	0 short_reads/s	0 short_writes_echo/s	51 cpu_user_milliseconds	947 cpu_system_milliseconds	0 minor_page_faults/s	0 major_page_faults/s	0 yields/s	8 preempts/s
64001 milliseconds	2408 MB/s	0 short_reads/s	0 short_writes_echo/s	67 cpu_user_milliseconds	931 cpu_system_milliseconds	0 minor_page_faults/s	0 major_page_faults/s	0 yields/s	2 preempts/s
65001 milliseconds	2467 MB/s	0 short_reads/s	0 short_writes_echo/s	54 cpu_user_milliseconds	942 cpu_system_milliseconds	0 minor_page_faults/s	0 major_page_faults/s	0 yields/s	30 preempts/s
66001 milliseconds	2567 MB/s	0 short_reads/s	0 short_writes_echo/s	49 cpu_user_milliseconds	949 cpu_system_milliseconds	0 minor_page_faults/s	0 major_page_faults/s	0 yields/s	8 preempts/s
67001 milliseconds	2475 MB/s	0 short_reads/s	0 short_writes_echo/s	38 cpu_user_milliseconds	960 cpu_system_milliseconds	0 minor_page_faults/s	0 major_page_faults/s	0 yields/s	6 preempts/s
68001 milliseconds	2453 MB/s	0 short_reads/s	0 short_writes_echo/s	53 cpu_user_milliseconds	945 cpu_system_milliseconds	0 minor_page_faults/s	0 major_page_faults/s	0 yields/s	3 preempts/s
69001 milliseconds	2390 MB/s	0 short_reads/s	0 short_writes_echo/s	36 cpu_user_milliseconds	962 cpu_system_milliseconds	0 minor_page_faults/s	0 major_page_faults/s	0 yields/s	7 preempts/s
70001 milliseconds	2551 MB/s	0 short_reads/s	0 short_writes_echo/s	51 cpu_user_milliseconds	947 cpu_system_milliseconds	0 minor_page_faults/s	0 major_page_faults/s	0 yields/s	5 preempts/s
71001 milliseconds	2502 MB/s	0 short_reads/s	0 short_writes_echo/s	57 cpu_user_milliseconds	939 cpu_system_milliseconds	0 minor_page_faults/s	0 major_page_faults/s	0 yields/s	31 preempts/s
72001 milliseconds	2523 MB/s	0 short_reads/s	0 short_writes_echo/s	54 cpu_user_milliseconds	944 cpu_system_milliseconds	0 minor_page_faults/s	0 major_page_faults/s	0 yields/s	7 preempts/s
73001 milliseconds	2514 MB/s	0 short_reads/s	0 short_writes_echo/s	45 cpu_user_milliseconds	953 cpu_system_milliseconds	0 minor_page_faults/s	0 major_page_faults/s	0 yields/s	8 preempts/s
74001 milliseconds	2428 MB/s	0 short_reads/s	0 short_writes_echo/s	54 cpu_user_milliseconds	944 cpu_system_milliseconds	0 minor_page_faults/s	0 major_page_faults/s	0 yields/s	7 preempts/s
75001 milliseconds	2540 MB/s	0 short_reads/s	0 short_writes_echo/s	41 cpu_user_milliseconds	957 cpu_system_milliseconds	0 minor_page_faults/s	0 major_page_faults/s	0 yields/s	8 preempts/s
76001 milliseconds	2570 MB/s	0 short_reads/s	0 short_writes_echo/s	52 cpu_user_milliseconds	946 cpu_system_milliseconds	0 minor_page_faults/s	0 major_page_faults/s	0 yields/s	4 preempts/s
77001 milliseconds	2556 MB/s	0 short_reads/s	0 short_writes_echo/s	49 cpu_user_milliseconds	949 cpu_system_milliseconds	0 minor_page_faults/s	0 major_page_faults/s	0 yields/s	25 preempts/s
78001 milliseconds	2574 MB/s	0 short_reads/s	0 short_writes_echo/s	54 cpu_user_milliseconds	942 cpu_system_milliseconds	0 minor_page_faults/s	0 major_page_faults/s	0 yields/s	28 preempts/s
79001 milliseconds	2494 MB/s	456 short_reads/s	0 short_writes_echo/s	43 cpu_user_milliseconds	952 cpu_system_milliseconds	0 minor_page_faults/s	0 major_page_faults/s	183 yields/s	31 preempts/s
80001 milliseconds	2508 MB/s	0 short_reads/s	0 short_writes_echo/s	46 cpu_user_milliseconds	950 cpu_system_milliseconds	0 minor_page_faults/s	0 major_page_faults/s	0 yields/s	28 preempts/s
81001 milliseconds	2501 MB/s	0 short_reads/s	0 short_writes_echo/s	63 cpu_user_milliseconds	935 cpu_system_milliseconds	0 minor_page_faults/s	0 major_page_faults/s	0 yields/s	6 preempts/s
82001 milliseconds	2555 MB/s	0 short_reads/s	0 short_writes_echo/s	53 cpu_user_milliseconds	945 cpu_system_milliseconds	0 minor_page_faults/s	0 major_page_faults/s	0 yields/s	8 preempts/s
83001 milliseconds	2527 MB/s	0 short_reads/s	0 short_writes_echo/s	48 cpu_user_milliseconds	949 cpu_system_milliseconds	0 minor_page_faults/s	0 major_page_faults/s	0 yields/s	28 preempts/s
84001 milliseconds	2502 MB/s	552 short_reads/s	0 short_writes_echo/s	45 cpu_user_milliseconds	949 cpu_system_milliseconds	0 minor_page_faults/s	0 major_page_faults/s	239 yields/s	27 preempts/s
85001 milliseconds	2577 MB/s	0 short_reads/s	0 short_writes_echo/s	45 cpu_user_milliseconds	953 cpu_system_milliseconds	0 minor_page_faults/s	0 major_page_faults/s	0 yields/s	4 preempts/s
86001 milliseconds	2584 MB/s	0 short_reads/s	0 short_writes_echo/s	68 cpu_user_milliseconds	930 cpu_system_milliseconds	0 minor_page_faults/s	0 major_page_faults/s	0 yields/s	6 preempts/s
87001 milliseconds	2572 MB/s	0 short_reads/s	0 short_writes_echo/s	57 cpu_user_milliseconds	941 cpu_system_milliseconds	0 minor_page_faults/s	0 major_page_faults/s	0 yields/s	5 preempts/s
88001 milliseconds	2579 MB/s	0 short_reads/s	0 short_writes_echo/s	61 cpu_user_milliseconds	937 cpu_system_milliseconds	0 minor_page_faults/s	0 major_page_faults/s	0 yields/s	3 preempts/s
89001 milliseconds	2533 MB/s	1350 short_reads/s	0 short_writes_echo/s	56 cpu_user_milliseconds	934 cpu_system_milliseconds	0 minor_page_faults/s	0 major_page_faults/s	594 yields/s	5 preempts/s
90001 milliseconds	2570 MB/s	0 short_reads/s	0 short_writes_echo/s	53 cpu_user_milliseconds	945 cpu_system_milliseconds	0 minor_page_faults/s	0 major_page_faults/s	0 yields/s	7 preempts/s
91001 milliseconds	2494 MB/s	489 short_reads/s	0 short_writes_echo/s	51 cpu_user_milliseconds	938 cpu_system_milliseconds	0 minor_page_faults/s	0 major_page_faults/s	405 yields/s	5 preempts/s
92001 milliseconds	2441 MB/s	0 short_reads/s	0 short_writes_echo/s	80 cpu_user_milliseconds	917 cpu_system_milliseconds	0 minor_page_faults/s	0 major_page_faults/s	0 yields/s	25 preempts/s
93001 milliseconds	2567 MB/s	0 short_reads/s	0 short_writes_echo/s	56 cpu_user_milliseconds	941 cpu_system_milliseconds	0 minor_page_faults/s	0 major_page_faults/s	0 yields/s	28 preempts/s
94001 milliseconds	2504 MB/s	0 short_reads/s	0 short_writes_echo/s	52 cpu_user_milliseconds	946 cpu_system_milliseconds	0 minor_page_faults/s	0 major_page_faults/s	0 yields/s	6 preempts/s
95001 milliseconds	2530 MB/s	0 short_reads/s	0 short_writes_echo/s	43 cpu_user_milliseconds	951 cpu_system_milliseconds	0 minor_page_faults/s	0 major_page_faults/s	0 yields/s	56 preempts/s
96001 milliseconds	2570 MB/s	0 short_reads/s	0 short_writes_echo/s	42 cpu_user_milliseconds	956 cpu_system_milliseconds	0 minor_page_faults/s	0 major_page_faults/s	0 yields/s	5 preempts/s
97001 milliseconds	2570 MB/s	0 short_reads/s	0 short_writes_echo/s	56 cpu_user_milliseconds	942 cpu_system_milliseconds	0 minor_page_faults/s	0 major_page_faults/s	0 yields/s	6 preempts/s
98001 milliseconds	2584 MB/s	0 short_reads/s	0 short_writes_echo/s	51 cpu_user_milliseconds	947 cpu_system_milliseconds	0 minor_page_faults/s	0 major_page_faults/s	0 yields/s	6 preempts/s
99001 milliseconds	2518 MB/s	0 short_reads/s	0 short_writes_echo/s	50 cpu_user_milliseconds	948 cpu_system_milliseconds	0 minor_page_faults/s	0 major_page_faults/s	0 yields/s	7 preempts/s
100001 milliseconds	2582 MB/s	0 short_reads/s	0 short_writes_echo/s	57 cpu_user_milliseconds	941 cpu_system_milliseconds	0 minor_page_faults/s	0 major_page_faults/s	0 yields/s	2 preempts/s
101001 milliseconds	2501 MB/s	0 short_reads/s	0 short_writes_echo/s	49 cpu_user_milliseconds	947 cpu_system_milliseconds	0 minor_page_faults/s	0 major_page_faults/s	0 yields/s	28 preempts/s
102001 milliseconds	2574 MB/s	0 short_reads/s	0 short_writes_echo/s	49 cpu_user_milliseconds	949 cpu_system_milliseconds	0 minor_page_faults/s	0 major_page_faults/s	0 yields/s	4 preempts/s
103001 milliseconds	2577 MB/s	0 short_reads/s	0 short_writes_echo/s	57 cpu_user_milliseconds	941 cpu_system_milliseconds	0 minor_page_faults/s	0 major_page_faults/s	0 yields/s	5 preempts/s
104001 milliseconds	2505 MB/s	1206 short_reads/s	0 short_writes_echo/s	56 cpu_user_milliseconds	939 cpu_system_milliseconds	0 minor_page_faults/s	0 major_page_faults/s	499 yields/s	5 preempts/s
105001 milliseconds	2561 MB/s	0 short_reads/s	0 short_writes_echo/s	57 cpu_user_milliseconds	941 cpu_system_milliseconds	0 minor_page_faults/s	0 major_page_faults/s	0 yields/s	9 preempts/s
106001 milliseconds	2487 MB/s	0 short_reads/s	0 short_writes_echo/s	52 cpu_user_milliseconds	946 cpu_system_milliseconds	0 minor_page_faults/s	0 major_page_faults/s	0 yields/s	12 preempts/s
107001 milliseconds	2517 MB/s	0 short_reads/s	0 short_writes_echo/s	46 cpu_user_milliseconds	950 cpu_system_milliseconds	0 minor_page_faults/s	0 major_page_faults/s	0 yields/s	32 preempts/s
108001 milliseconds	2575 MB/s	0 short_reads/s	0 short_writes_echo/s	49 cpu_user_milliseconds	949 cpu_system_milliseconds	0 minor_page_faults/s	0 major_page_faults/s	0 yields/s	4 preempts/s
109001 milliseconds	2473 MB/s	0 short_reads/s	0 short_writes_echo/s	60 cpu_user_milliseconds	938 cpu_system_milliseconds	0 minor_page_faults/s	0 major_page_faults/s	0 yields/s	16 preempts/s
110001 milliseconds	2483 MB/s	0 short_reads/s	0 short_writes_echo/s	50 cpu_user_milliseconds	946 cpu_system_milliseconds	0 minor_page_faults/s	0 major_page_faults/s	0 yields/s	31 preempts/s
111001 milliseconds	2458 MB/s	0 short_reads/s	0 short_writes_echo/s	42 cpu_user_milliseconds	954 cpu_system_milliseconds	0 minor_page_faults/s	0 major_page_faults/s	0 yields/s	29 preempts/s
112001 milliseconds	2565 MB/s	0 short_reads/s	0 short_writes_echo/s	60 cpu_user_milliseconds	936 cpu_system_milliseconds	0 minor_page_faults/s	0 major_page_faults/s	0 yields/s	28 preempts/s
113001 milliseconds	2488 MB/s	0 short_reads/s	0 short_writes_echo/s	69 cpu_user_milliseconds	927 cpu_system_milliseconds	0 minor_page_faults/s	0 major_page_faults/s	0 yields/s	24 preempts/s
114001 milliseconds	2459 MB/s	0 short_reads/s	0 short_writes_echo/s	56 cpu_user_milliseconds	942 cpu_system_milliseconds	0 minor_page_faults/s	0 major_page_faults/s	0 yields/s	6 preempts/s
115001 milliseconds	2479 MB/s	0 short_reads/s	0 short_writes_echo/s	63 cpu_user_milliseconds	933 cpu_system_milliseconds	0 minor_page_faults/s	0 major_page_faults/s	0 yields/s	31 preempts/s
116001 milliseconds	2568 MB/s	0 short_reads/s	0 short_writes_echo/s	47 cpu_user_milliseconds	951 cpu_system_milliseconds	0 minor_page_faults/s	0 major_page_faults/s	0 yields/s	4 preempts/s
117001 milliseconds	2437 MB/s	0 short_reads/s	0 short_writes_echo/s	57 cpu_user_milliseconds	933 cpu_system_milliseconds	0 minor_page_faults/s	0 major_page_faults/s	0 yields/s	234 preempts/s
118001 milliseconds	2526 MB/s	0 short_reads/s	0 short_writes_echo/s	54 cpu_user_milliseconds	944 cpu_system_milliseconds	0 minor_page_faults/s	0 major_page_faults/s	0 yields/s	1 preempts/s
119001 milliseconds	2486 MB/s	0 short_reads/s	0 short_writes_echo/s	51 cpu_user_milliseconds	947 cpu_system_milliseconds	0 minor_page_faults/s	0 major_page_faults/s	0 yields/s	3 preempts/s
120001 milliseconds	2561 MB/s	0 short_reads/s	0 short_writes_echo/s	49 cpu_user_milliseconds	949 cpu_system_milliseconds	0 minor_page_faults/s	0 major_page_faults/s	0 yields/s	5 preempts/s
121001 milliseconds	2491 MB/s	0 short_reads/s	0 short_writes_echo/s	47 cpu_user_milliseconds	951 cpu_system_milliseconds	0 minor_page_faults/s	0 major_page_faults/s	0 yields/s	4 preempts/s
122001 milliseconds	2524 MB/s	0 short_reads/s	0 short_writes_echo/s	44 cpu_user_milliseconds	954 cpu_system_milliseconds	0 minor_page_faults/s	0 major_page_faults/s	0 yields/s	5 preempts/s
123001 milliseconds	2569 MB/s	0 short_reads/s	0 short_writes_echo/s	71 cpu_user_milliseconds	927 cpu_system_milliseconds	0 minor_page_faults/s	0 major_page_faults/s	0 yields/s	6 preempts/s
124001 milliseconds	2482 MB/s	0 short_reads/s	0 short_writes_echo/s	48 cpu_user_milliseconds	950 cpu_system_milliseconds	0 minor_page_faults/s	0 major_page_faults/s	0 yields/s	7 preempts/s
125001 milliseconds	2533 MB/s	0 short_reads/s	0 short_writes_echo/s	61 cpu_user_milliseconds	937 cpu_system_milliseconds	0 minor_page_faults/s	0 major_page_faults/s	0 yields/s	12 preempts/s
126001 milliseconds	2489 MB/s	0 short_reads/s	0 short_writes_echo/s	67 cpu_user_milliseconds	931 cpu_system_milliseconds	0 minor_page_faults/s	0 major_page_faults/s	0 yields/s	9 preempts/s
127001 milliseconds	2517 MB/s	0 short_reads/s	0 short_writes_echo/s	58 cpu_user_milliseconds	939 cpu_system_milliseconds	0 minor_page_faults/s	0 major_page_faults/s	0 yields/s	22 preempts/s
128001 milliseconds	2439 MB/s	0 short_reads/s	0 short_writes_echo/s	57 cpu_user_milliseconds	940 cpu_system_milliseconds	0 minor_page_faults/s	0 major_page_faults/s	0 yields/s	30 preempts/s
129001 milliseconds	2440 MB/s	0 short_reads/s	0 short_writes_echo/s	61 cpu_user_milliseconds	935 cpu_system_milliseconds	0 minor_page_faults/s	0 major_page_faults/s	0 yields/s	27 preempts/s
130001 milliseconds	2554 MB/s	0 short_reads/s	0 short_writes_echo/s	49 cpu_user_milliseconds	945 cpu_system_milliseconds	0 minor_page_faults/s	0 major_page_faults/s	0 yields/s	57 preempts/s
131001 milliseconds	2547 MB/s	0 short_reads/s	0 short_writes_echo/s	49 cpu_user_milliseconds	949 cpu_system_milliseconds	0 minor_page_faults/s	0 major_page_faults/s	0 yields/s	5 preempts/s
132001 milliseconds	2492 MB/s	0 short_reads/s	0 short_writes_echo/s	51 cpu_user_milliseconds	947 cpu_system_milliseconds	0 minor_page_faults/s	0 major_page_faults/s	0 yields/s	4 preempts/s
133002 milliseconds	2563 MB/s	0 short_reads/s	0 short_writes_echo/s	47 cpu_user_milliseconds	950 cpu_system_milliseconds	0 minor_page_faults/s	0 major_page_faults/s	0 yields/s	25 preempts/s
134002 milliseconds	2509 MB/s	0 short_reads/s	0 short_writes_echo/s	55 cpu_user_milliseconds	941 cpu_system_milliseconds	0 minor_page_faults/s	0 major_page_faults/s	0 yields/s	27 preempts/s
135002 milliseconds	2464 MB/s	0 short_reads/s	0 short_writes_echo/s	63 cpu_user_milliseconds	935 cpu_system_milliseconds	0 minor_page_faults/s	0 major_page_faults/s	0 yields/s	8 preempts/s
136002 milliseconds	2576 MB/s	0 short_reads/s	0 short_writes_echo/s	60 cpu_user_milliseconds	936 cpu_system_milliseconds	0 minor_page_faults/s	0 major_page_faults/s	0 yields/s	26 preempts/s
137002 milliseconds	2579 MB/s	0 short_reads/s	0 short_writes_echo/s	64 cpu_user_milliseconds	932 cpu_system_milliseconds	0 minor_page_faults/s	0 major_page_faults/s	0 yields/s	32 preempts/s
138002 milliseconds	2557 MB/s	0 short_reads/s	0 short_writes_echo/s	48 cpu_user_milliseconds	947 cpu_system_milliseconds	0 minor_page_faults/s	0 major_page_faults/s	0 yields/s	49 preempts/s
139002 milliseconds	2524 MB/s	620 short_reads/s	0 short_writes_echo/s	51 cpu_user_milliseconds	943 cpu_system_milliseconds	0 minor_page_faults/s	0 major_page_faults/s	280 yields/s	29 preempts/s
140002 milliseconds	2564 MB/s	0 short_reads/s	0 short_writes_echo/s	58 cpu_user_milliseconds	940 cpu_system_milliseconds	0 minor_page_faults/s	0 major_page_faults/s	0 yields/s	3 preempts/s
141002 milliseconds	2573 MB/s	0 short_reads/s	0 short_writes_echo/s	55 cpu_user_milliseconds	943 cpu_system_milliseconds	0 minor_page_faults/s	0 major_page_faults/s	0 yields/s	5 preempts/s
142002 milliseconds	2488 MB/s	0 short_reads/s	0 short_writes_echo/s	51 cpu_user_milliseconds	947 cpu_system_milliseconds	0 minor_page_faults/s	0 major_page_faults/s	0 yields/s	4 preempts/s
143002 milliseconds	2578 MB/s	0 short_reads/s	0 short_writes_echo/s	64 cpu_user_milliseconds	934 cpu_system_milliseconds	0 minor_page_faults/s	0 major_page_faults/s	0 yields/s	23 preempts/s
144002 milliseconds	2359 MB/s	0 short_reads/s	0 short_writes_echo/s	50 cpu_user_milliseconds	949 cpu_system_milliseconds	0 minor_page_faults/s	0 major_page_faults/s	0 yields/s	11 preempts/s
145002 milliseconds	2538 MB/s	0 short_reads/s	0 short_writes_echo/s	62 cpu_user_milliseconds	936 cpu_system_milliseconds	0 minor_page_faults/s	0 major_page_faults/s	0 yields/s	2 preempts/s
146002 milliseconds	2567 MB/s	0 short_reads/s	0 short_writes_echo/s	61 cpu_user_milliseconds	936 cpu_system_milliseconds	0 minor_page_faults/s	0 major_page_faults/s	0 yields/s	18 preempts/s
147002 milliseconds	2520 MB/s	0 short_reads/s	0 short_writes_echo/s	43 cpu_user_milliseconds	953 cpu_system_milliseconds	0 minor_page_faults/s	0 major_page_faults/s	0 yields/s	27 preempts/s
148002 milliseconds	2197 MB/s	0 short_reads/s	0 short_writes_echo/s	43 cpu_user_milliseconds	955 cpu_system_milliseconds	0 minor_page_faults/s	0 major_page_faults/s	0 yields/s	8 preempts/s
149002 milliseconds	2513 MB/s	0 short_reads/s	0 short_writes_echo/s	52 cpu_user_milliseconds	944 cpu_system_milliseconds	0 minor_page_faults/s	0 major_page_faults/s	0 yields/s	32 preempts/s
150002 milliseconds	2553 MB/s	0 short_reads/s	0 short_writes_echo/s	67 cpu_user_milliseconds	930 cpu_system_milliseconds	0 minor_page_faults/s	0 major_page_faults/s	0 yields/s	28 preempts/s
151002 milliseconds	2480 MB/s	0 short_reads/s	0 short_writes_echo/s	50 cpu_user_milliseconds	948 cpu_system_milliseconds	0 minor_page_faults/s	0 major_page_faults/s	0 yields/s	5 preempts/s
152002 milliseconds	2547 MB/s	0 short_reads/s	0 short_writes_echo/s	61 cpu_user_milliseconds	936 cpu_system_milliseconds	0 minor_page_faults/s	0 major_page_faults/s	0 yields/s	27 preempts/s
153002 milliseconds	2554 MB/s	0 short_reads/s	0 short_writes_echo/s	54 cpu_user_milliseconds	942 cpu_system_milliseconds	0 minor_page_faults/s	0 major_page_faults/s	0 yields/s	25 preempts/s
154002 milliseconds	2502 MB/s	0 short_reads/s	0 short_writes_echo/s	52 cpu_user_milliseconds	946 cpu_system_milliseconds	0 minor_page_faults/s	0 major_page_faults/s	0 yields/s	4 preempts/s
155002 milliseconds	2554 MB/s	0 short_reads/s	0 short_writes_echo/s	53 cpu_user_milliseconds	944 cpu_system_milliseconds	0 minor_page_faults/s	0 major_page_faults/s	0 yields/s	17 preempts/s
156002 milliseconds	2547 MB/s	0 short_reads/s	0 short_writes_echo/s	47 cpu_user_milliseconds	950 cpu_system_milliseconds	0 minor_page_faults/s	0 major_page_faults/s	0 yields/s	28 preempts/s
157002 milliseconds	2494 MB/s	0 short_reads/s	0 short_writes_echo/s	52 cpu_user_milliseconds	946 cpu_system_milliseconds	0 minor_page_faults/s	0 major_page_faults/s	0 yields/s	5 preempts/s
158002 milliseconds	2531 MB/s	0 short_reads/s	0 short_writes_echo/s	71 cpu_user_milliseconds	928 cpu_system_milliseconds	0 minor_page_faults/s	0 major_page_faults/s	0 yields/s	5 preempts/s
159002 milliseconds	2505 MB/s	12 short_reads/s	0 short_writes_echo/s	63 cpu_user_milliseconds	933 cpu_system_milliseconds	0 minor_page_faults/s	0 major_page_faults/s	8 yields/s	23 preempts/s
160002 milliseconds	2568 MB/s	0 short_reads/s	0 short_writes_echo/s	48 cpu_user_milliseconds	950 cpu_system_milliseconds	0 minor_page_faults/s	0 major_page_faults/s	0 yields/s	4 preempts/s
161002 milliseconds	2568 MB/s	0 short_reads/s	0 short_writes_echo/s	46 cpu_user_milliseconds	952 cpu_system_milliseconds	0 minor_page_faults/s	0 major_page_faults/s	0 yields/s	6 preempts/s
162002 milliseconds	2555 MB/s	0 short_reads/s	0 short_writes_echo/s	39 cpu_user_milliseconds	960 cpu_system_milliseconds	0 minor_page_faults/s	0 major_page_faults/s	0 yields/s	5 preempts/s
163002 milliseconds	2533 MB/s	0 short_reads/s	0 short_writes_echo/s	52 cpu_user_milliseconds	946 cpu_system_milliseconds	0 minor_page_faults/s	0 major_page_faults/s	0 yields/s	8 preempts/s
164002 milliseconds	2398 MB/s	0 short_reads/s	0 short_writes_echo/s	62 cpu_user_milliseconds	936 cpu_system_milliseconds	0 minor_page_faults/s	0 major_page_faults/s	0 yields/s	10 preempts/s
165002 milliseconds	2497 MB/s	0 short_reads/s	0 short_writes_echo/s	51 cpu_user_milliseconds	946 cpu_system_milliseconds	0 minor_page_faults/s	0 major_page_faults/s	0 yields/s	28 preempts/s
166002 milliseconds	2565 MB/s	0 short_reads/s	0 short_writes_echo/s	51 cpu_user_milliseconds	941 cpu_system_milliseconds	0 minor_page_faults/s	0 major_page_faults/s	0 yields/s	69 preempts/s
167002 milliseconds	2561 MB/s	0 short_reads/s	0 short_writes_echo/s	51 cpu_user_milliseconds	947 cpu_system_milliseconds	0 minor_page_faults/s	0 major_page_faults/s	0 yields/s	13 preempts/s
168002 milliseconds	2499 MB/s	0 short_reads/s	0 short_writes_echo/s	55 cpu_user_milliseconds	942 cpu_system_milliseconds	0 minor_page_faults/s	0 major_page_faults/s	0 yields/s	23 preempts/s
169002 milliseconds	2472 MB/s	826 short_reads/s	0 short_writes_echo/s	59 cpu_user_milliseconds	936 cpu_system_milliseconds	0 minor_page_faults/s	0 major_page_faults/s	345 yields/s	3 preempts/s
170002 milliseconds	2507 MB/s	0 short_reads/s	0 short_writes_echo/s	57 cpu_user_milliseconds	941 cpu_system_milliseconds	0 minor_page_faults/s	0 major_page_faults/s	0 yields/s	21 preempts/s
171002 milliseconds	2586 MB/s	0 short_reads/s	0 short_writes_echo/s	57 cpu_user_milliseconds	940 cpu_system_milliseconds	0 minor_page_faults/s	0 major_page_faults/s	0 yields/s	27 preempts/s
172002 milliseconds	2549 MB/s	0 short_reads/s	0 short_writes_echo/s	53 cpu_user_milliseconds	945 cpu_system_milliseconds	0 minor_page_faults/s	0 major_page_faults/s	0 yields/s	4 preempts/s
173002 milliseconds	2585 MB/s	0 short_reads/s	0 short_writes_echo/s	69 cpu_user_milliseconds	927 cpu_system_milliseconds	0 minor_page_faults/s	0 major_page_faults/s	0 yields/s	27 preempts/s
174002 milliseconds	2531 MB/s	318 short_reads/s	0 short_writes_echo/s	57 cpu_user_milliseconds	938 cpu_system_milliseconds	0 minor_page_faults/s	0 major_page_faults/s	99 yields/s	43 preempts/s
175002 milliseconds	2389 MB/s	0 short_reads/s	0 short_writes_echo/s	50 cpu_user_milliseconds	948 cpu_system_milliseconds	0 minor_page_faults/s	0 major_page_faults/s	0 yields/s	2 preempts/s
176002 milliseconds	2472 MB/s	0 short_reads/s	0 short_writes_echo/s	52 cpu_user_milliseconds	945 cpu_system_milliseconds	0 minor_page_faults/s	0 major_page_faults/s	0 yields/s	27 preempts/s
177002 milliseconds	2486 MB/s	0 short_reads/s	0 short_writes_echo/s	59 cpu_user_milliseconds	939 cpu_system_milliseconds	0 minor_page_faults/s	0 major_page_faults/s	0 yields/s	7 preempts/s
178002 milliseconds	2440 MB/s	0 short_reads/s	0 short_writes_echo/s	60 cpu_user_milliseconds	932 cpu_system_milliseconds	0 minor_page_faults/s	0 major_page_faults/s	0 yields/s	68 preempts/s
179002 milliseconds	2482 MB/s	0 short_reads/s	0 short_writes_echo/s	41 cpu_user_milliseconds	957 cpu_system_milliseconds	0 minor_page_faults/s	0 major_page_faults/s	0 yields/s	13 preempts/s
180002 milliseconds	2533 MB/s	0 short_reads/s	0 short_writes_echo/s	56 cpu_user_milliseconds	942 cpu_system_milliseconds	0 minor_page_faults/s	0 major_page_faults/s	0 yields/s	3 preempts/s
181002 milliseconds	2581 MB/s	0 short_reads/s	0 short_writes_echo/s	49 cpu_user_milliseconds	949 cpu_system_milliseconds	0 minor_page_faults/s	0 major_page_faults/s	0 yields/s	4 preempts/s
182002 milliseconds	2575 MB/s	0 short_reads/s	0 short_writes_echo/s	62 cpu_user_milliseconds	936 cpu_system_milliseconds	0 minor_page_faults/s	0 major_page_faults/s	0 yields/s	4 preempts/s
183002 milliseconds	2513 MB/s	0 short_reads/s	0 short_writes_echo/s	56 cpu_user_milliseconds	942 cpu_system_milliseconds	0 minor_page_faults/s	0 major_page_faults/s	0 yields/s	4 preempts/s
184002 milliseconds	2371 MB/s	0 short_reads/s	0 short_writes_echo/s	48 cpu_user_milliseconds	950 cpu_system_milliseconds	0 minor_page_faults/s	0 major_page_faults/s	0 yields/s	7 preempts/s
185002 milliseconds	2556 MB/s	0 short_reads/s	0 short_writes_echo/s	55 cpu_user_milliseconds	943 cpu_system_milliseconds	0 minor_page_faults/s	0 major_page_faults/s	0 yields/s	4 preempts/s
186002 milliseconds	2562 MB/s	0 short_reads/s	0 short_writes_echo/s	58 cpu_user_milliseconds	940 cpu_system_milliseconds	0 minor_page_faults/s	0 major_page_faults/s	0 yields/s	7 preempts/s
187002 milliseconds	2561 MB/s	0 short_reads/s	0 short_writes_echo/s	51 cpu_user_milliseconds	947 cpu_system_milliseconds	0 minor_page_faults/s	0 major_page_faults/s	0 yields/s	8 preempts/s
188002 milliseconds	2352 MB/s	0 short_reads/s	0 short_writes_echo/s	46 cpu_user_milliseconds	952 cpu_system_milliseconds	0 minor_page_faults/s	0 major_page_faults/s	0 yields/s	13 preempts/s
189002 milliseconds	2445 MB/s	0 short_reads/s	0 short_writes_echo/s	51 cpu_user_milliseconds	946 cpu_system_milliseconds	0 minor_page_faults/s	0 major_page_faults/s	0 yields/s	25 preempts/s
190002 milliseconds	2486 MB/s	0 short_reads/s	0 short_writes_echo/s	56 cpu_user_milliseconds	936 cpu_system_milliseconds	0 minor_page_faults/s	0 major_page_faults/s	0 yields/s	71 preempts/s
191002 milliseconds	2570 MB/s	0 short_reads/s	0 short_writes_echo/s	56 cpu_user_milliseconds	937 cpu_system_milliseconds	0 minor_page_faults/s	0 major_page_faults/s	1 yields/s	33 preempts/s
192002 milliseconds	2541 MB/s	0 short_reads/s	0 short_writes_echo/s	54 cpu_user_milliseconds	944 cpu_system_milliseconds	0 minor_page_faults/s	0 major_page_faults/s	0 yields/s	2 preempts/s
193002 milliseconds	2562 MB/s	0 short_reads/s	0 short_writes_echo/s	52 cpu_user_milliseconds	946 cpu_system_milliseconds	0 minor_page_faults/s	0 major_page_faults/s	0 yields/s	4 preempts/s
194002 milliseconds	2482 MB/s	91 short_reads/s	0 short_writes_echo/s	59 cpu_user_milliseconds	932 cpu_system_milliseconds	0 minor_page_faults/s	0 major_page_faults/s	41 yields/s	66 preempts/s
195003 milliseconds	2564 MB/s	0 short_reads/s	0 short_writes_echo/s	48 cpu_user_milliseconds	950 cpu_system_milliseconds	0 minor_page_faults/s	0 major_page_faults/s	0 yields/s	8 preempts/s
196003 milliseconds	2485 MB/s	0 short_reads/s	0 short_writes_echo/s	60 cpu_user_milliseconds	937 cpu_system_milliseconds	0 minor_page_faults/s	0 major_page_faults/s	0 yields/s	28 preempts/s
197003 milliseconds	2526 MB/s	0 short_reads/s	0 short_writes_echo/s	62 cpu_user_milliseconds	936 cpu_system_milliseconds	0 minor_page_faults/s	0 major_page_faults/s	0 yields/s	8 preempts/s
198003 milliseconds	2552 MB/s	34 short_reads/s	0 short_writes_echo/s	48 cpu_user_milliseconds	948 cpu_system_milliseconds	0 minor_page_faults/s	0 major_page_faults/s	23 yields/s	2 preempts/s
199003 milliseconds	2412 MB/s	0 short_reads/s	0 short_writes_echo/s	56 cpu_user_milliseconds	942 cpu_system_milliseconds	0 minor_page_faults/s	0 major_page_faults/s	0 yields/s	6 preempts/s
200003 milliseconds	2537 MB/s	0 short_reads/s	0 short_writes_echo/s	57 cpu_user_milliseconds	939 cpu_system_milliseconds	0 minor_page_faults/s	0 major_page_faults/s	0 yields/s	27 preempts/s
201003 milliseconds	2540 MB/s	0 short_reads/s	0 short_writes_echo/s	59 cpu_user_milliseconds	939 cpu_system_milliseconds	0 minor_page_faults/s	0 major_page_faults/s	0 yields/s	8 preempts/s
202003 milliseconds	2508 MB/s	0 short_reads/s	0 short_writes_echo/s	45 cpu_user_milliseconds	954 cpu_system_milliseconds	0 minor_page_faults/s	0 major_page_faults/s	0 yields/s	3 preempts/s
203003 milliseconds	2554 MB/s	0 short_reads/s	0 short_writes_echo/s	46 cpu_user_milliseconds	952 cpu_system_milliseconds	0 minor_page_faults/s	0 major_page_faults/s	0 yields/s	6 preempts/s
204003 milliseconds	2437 MB/s	0 short_reads/s	0 short_writes_echo/s	46 cpu_user_milliseconds	952 cpu_system_milliseconds	0 minor_page_faults/s	0 major_page_faults/s	0 yields/s	4 preempts/s
205003 milliseconds	2529 MB/s	0 short_reads/s	0 short_writes_echo/s	49 cpu_user_milliseconds	949 cpu_system_milliseconds	0 minor_page_faults/s	0 major_page_faults/s	0 yields/s	6 preempts/s
206003 milliseconds	2575 MB/s	0 short_reads/s	0 short_writes_echo/s	52 cpu_user_milliseconds	944 cpu_system_milliseconds	0 minor_page_faults/s	0 major_page_faults/s	0 yields/s	42 preempts/s
207003 milliseconds	2513 MB/s	0 short_reads/s	0 short_writes_echo/s	59 cpu_user_milliseconds	937 cpu_system_milliseconds	0 minor_page_faults/s	0 major_page_faults/s	0 yields/s	30 preempts/s
208003 milliseconds	2520 MB/s	0 short_reads/s	0 short_writes_echo/s	60 cpu_user_milliseconds	938 cpu_system_milliseconds	0 minor_page_faults/s	0 major_page_faults/s	0 yields/s	1 preempts/s
209003 milliseconds	2475 MB/s	328 short_reads/s	0 short_writes_echo/s	59 cpu_user_milliseconds	939 cpu_system_milliseconds	0 minor_page_faults/s	0 major_page_faults/s	134 yields/s	5 preempts/s
210003 milliseconds	2451 MB/s	0 short_reads/s	0 short_writes_echo/s	47 cpu_user_milliseconds	949 cpu_system_milliseconds	0 minor_page_faults/s	0 major_page_faults/s	0 yields/s	29 preempts/s
211003 milliseconds	2478 MB/s	0 short_reads/s	0 short_writes_echo/s	70 cpu_user_milliseconds	928 cpu_system_milliseconds	0 minor_page_faults/s	0 major_page_faults/s	0 yields/s	7 preempts/s
212003 milliseconds	2566 MB/s	0 short_reads/s	0 short_writes_echo/s	41 cpu_user_milliseconds	957 cpu_system_milliseconds	0 minor_page_faults/s	0 major_page_faults/s	0 yields/s	6 preempts/s
213003 milliseconds	2563 MB/s	0 short_reads/s	0 short_writes_echo/s	57 cpu_user_milliseconds	941 cpu_system_milliseconds	0 minor_page_faults/s	0 major_page_faults/s	0 yields/s	6 preempts/s
214003 milliseconds	2448 MB/s	783 short_reads/s	0 short_writes_echo/s	44 cpu_user_milliseconds	949 cpu_system_milliseconds	0 minor_page_faults/s	0 major_page_faults/s	340 yields/s	7 preempts/s
215003 milliseconds	2479 MB/s	0 short_reads/s	0 short_writes_echo/s	43 cpu_user_milliseconds	955 cpu_system_milliseconds	0 minor_page_faults/s	0 major_page_faults/s	0 yields/s	9 preempts/s
216003 milliseconds	2587 MB/s	0 short_reads/s	0 short_writes_echo/s	54 cpu_user_milliseconds	944 cpu_system_milliseconds	0 minor_page_faults/s	0 major_page_faults/s	0 yields/s	3 preempts/s
217003 milliseconds	2498 MB/s	0 short_reads/s	0 short_writes_echo/s	52 cpu_user_milliseconds	946 cpu_system_milliseconds	0 minor_page_faults/s	0 major_page_faults/s	0 yields/s	6 preempts/s
218003 milliseconds	2564 MB/s	0 short_reads/s	0 short_writes_echo/s	52 cpu_user_milliseconds	946 cpu_system_milliseconds	0 minor_page_faults/s	0 major_page_faults/s	0 yields/s	16 preempts/s
219003 milliseconds	2467 MB/s	0 short_reads/s	0 short_writes_echo/s	56 cpu_user_milliseconds	940 cpu_system_milliseconds	0 minor_page_faults/s	0 major_page_faults/s	0 yields/s	31 preempts/s
220003 milliseconds	2564 MB/s	0 short_reads/s	0 short_writes_echo/s	54 cpu_user_milliseconds	942 cpu_system_milliseconds	0 minor_page_faults/s	0 major_page_faults/s	0 yields/s	25 preempts/s
221003 milliseconds	2484 MB/s	0 short_reads/s	0 short_writes_echo/s	53 cpu_user_milliseconds	944 cpu_system_milliseconds	0 minor_page_faults/s	0 major_page_faults/s	0 yields/s	27 preempts/s
222003 milliseconds	2569 MB/s	0 short_reads/s	0 short_writes_echo/s	47 cpu_user_milliseconds	946 cpu_system_milliseconds	0 minor_page_faults/s	0 major_page_faults/s	1 yields/s	22 preempts/s
223003 milliseconds	2514 MB/s	0 short_reads/s	0 short_writes_echo/s	49 cpu_user_milliseconds	947 cpu_system_milliseconds	0 minor_page_faults/s	0 major_page_faults/s	0 yields/s	30 preempts/s
224003 milliseconds	2454 MB/s	1160 short_reads/s	0 short_writes_echo/s	51 cpu_user_milliseconds	941 cpu_system_milliseconds	0 minor_page_faults/s	0 major_page_faults/s	468 yields/s	28 preempts/s
225003 milliseconds	2527 MB/s	0 short_reads/s	0 short_writes_echo/s	55 cpu_user_milliseconds	943 cpu_system_milliseconds	0 minor_page_faults/s	0 major_page_faults/s	0 yields/s	4 preempts/s
226003 milliseconds	2571 MB/s	0 short_reads/s	0 short_writes_echo/s	56 cpu_user_milliseconds	939 cpu_system_milliseconds	0 minor_page_faults/s	0 major_page_faults/s	0 yields/s	38 preempts/s
227003 milliseconds	2572 MB/s	0 short_reads/s	0 short_writes_echo/s	57 cpu_user_milliseconds	938 cpu_system_milliseconds	0 minor_page_faults/s	0 major_page_faults/s	0 yields/s	34 preempts/s
228003 milliseconds	2560 MB/s	0 short_reads/s	0 short_writes_echo/s	46 cpu_user_milliseconds	950 cpu_system_milliseconds	0 minor_page_faults/s	0 major_page_faults/s	0 yields/s	29 preempts/s
229003 milliseconds	2476 MB/s	0 short_reads/s	0 short_writes_echo/s	51 cpu_user_milliseconds	947 cpu_system_milliseconds	0 minor_page_faults/s	0 major_page_faults/s	0 yields/s	3 preempts/s
230003 milliseconds	2558 MB/s	0 short_reads/s	0 short_writes_echo/s	48 cpu_user_milliseconds	949 cpu_system_milliseconds	0 minor_page_faults/s	0 major_page_faults/s	0 yields/s	27 preempts/s
231003 milliseconds	2498 MB/s	0 short_reads/s	0 short_writes_echo/s	57 cpu_user_milliseconds	941 cpu_system_milliseconds	0 minor_page_faults/s	0 major_page_faults/s	0 yields/s	8 preempts/s
232003 milliseconds	2497 MB/s	0 short_reads/s	0 short_writes_echo/s	51 cpu_user_milliseconds	947 cpu_system_milliseconds	0 minor_page_faults/s	0 major_page_faults/s	0 yields/s	6 preempts/s
233003 milliseconds	2534 MB/s	0 short_reads/s	0 short_writes_echo/s	53 cpu_user_milliseconds	945 cpu_system_milliseconds	0 minor_page_faults/s	0 major_page_faults/s	0 yields/s	5 preempts/s
234003 milliseconds	2549 MB/s	1254 short_reads/s	0 short_writes_echo/s	48 cpu_user_milliseconds	947 cpu_system_milliseconds	0 minor_page_faults/s	0 major_page_faults/s	492 yields/s	5 preempts/s
235003 milliseconds	2578 MB/s	0 short_reads/s	0 short_writes_echo/s	58 cpu_user_milliseconds	940 cpu_system_milliseconds	0 minor_page_faults/s	0 major_page_faults/s	0 yields/s	4 preempts/s
236003 milliseconds	2565 MB/s	0 short_reads/s	0 short_writes_echo/s	42 cpu_user_milliseconds	956 cpu_system_milliseconds	0 minor_page_faults/s	0 major_page_faults/s	0 yields/s	6 preempts/s
237003 milliseconds	2512 MB/s	585 short_reads/s	0 short_writes_echo/s	43 cpu_user_milliseconds	943 cpu_system_milliseconds	0 minor_page_faults/s	0 major_page_faults/s	440 yields/s	3 preempts/s
238003 milliseconds	2497 MB/s	0 short_reads/s	0 short_writes_echo/s	52 cpu_user_milliseconds	946 cpu_system_milliseconds	0 minor_page_faults/s	0 major_page_faults/s	0 yields/s	8 preempts/s
239003 milliseconds	2513 MB/s	1683 short_reads/s	0 short_writes_echo/s	44 cpu_user_milliseconds	946 cpu_system_milliseconds	0 minor_page_faults/s	0 major_page_faults/s	693 yields/s	28 preempts/s
240003 milliseconds	2498 MB/s	0 short_reads/s	0 short_writes_echo/s	55 cpu_user_milliseconds	943 cpu_system_milliseconds	0 minor_page_faults/s	0 major_page_faults/s	0 yields/s	8 preempts/s
