1000 milliseconds	2839 MB/s	2 short_reads/s	0 short_writes_echo/s	44 cpu_user_milliseconds	954 cpu_system_milliseconds	200 minor_page_faults/s	0 major_page_faults/s	1 yields/s	26 preempts/s
2000 milliseconds	2884 MB/s	0 short_reads/s	0 short_writes_echo/s	36 cpu_user_milliseconds	962 cpu_system_milliseconds	3 minor_page_faults/s	0 major_page_faults/s	0 yields/s	5 preempts/s
3000 milliseconds	2821 MB/s	12 short_reads/s	0 short_writes_echo/s	47 cpu_user_milliseconds	949 cpu_system_milliseconds	0 minor_page_faults/s	0 major_page_faults/s	6 yields/s	26 preempts/s
4000 milliseconds	2880 MB/s	0 short_reads/s	0 short_writes_echo/s	46 cpu_user_milliseconds	952 cpu_system_milliseconds	0 minor_page_faults/s	0 major_page_faults/s	0 yields/s	11 preempts/s
5000 milliseconds	2757 MB/s	0 short_reads/s	0 short_writes_echo/s	38 cpu_user_milliseconds	960 cpu_system_milliseconds	0 minor_page_faults/s	0 major_page_faults/s	0 yields/s	10 preempts/s
6000 milliseconds	2865 MB/s	0 short_reads/s	0 short_writes_echo/s	45 cpu_user_milliseconds	951 cpu_system_milliseconds	0 minor_page_faults/s	0 major_page_faults/s	0 yields/s	25 preempts/s
7000 milliseconds	2879 MB/s	0 short_reads/s	0 short_writes_echo/s	45 cpu_user_milliseconds	951 cpu_system_milliseconds	0 minor_page_faults/s	0 major_page_faults/s	0 yields/s	26 preempts/s
8000 milliseconds	2831 MB/s	261 short_reads/s	0 short_writes_echo/s	38 cpu_user_milliseconds	960 cpu_system_milliseconds	0 minor_page_faults/s	0 major_page_faults/s	73 yields/s	7 preempts/s
9000 milliseconds	2798 MB/s	0 short_reads/s	0 short_writes_echo/s	39 cpu_user_milliseconds	959 cpu_system_milliseconds	0 minor_page_faults/s	0 major_page_faults/s	0 yields/s	8 preempts/s
10000 milliseconds	2892 MB/s	0 short_reads/s	0 short_writes_echo/s	40 cpu_user_milliseconds	958 cpu_system_milliseconds	0 minor_page_faults/s	0 major_page_faults/s	0 yields/s	8 preempts/s
11000 milliseconds	2889 MB/s	0 short_reads/s	0 short_writes_echo/s	43 cpu_user_milliseconds	955 cpu_system_milliseconds	0 minor_page_faults/s	0 major_page_faults/s	0 yields/s	2 preempts/s
12000 milliseconds	2881 MB/s	0 short_reads/s	0 short_writes_echo/s	59 cpu_user_milliseconds	939 cpu_system_milliseconds	0 minor_page_faults/s	0 major_page_faults/s	0 yields/s	4 preempts/s
13000 milliseconds	2828 MB/s	0 short_reads/s	0 short_writes_echo/s	48 cpu_user_milliseconds	950 cpu_system_milliseconds	0 minor_page_faults/s	0 major_page_faults/s	0 yields/s	5 preempts/s
14000 milliseconds	2892 MB/s	0 short_reads/s	0 short_writes_echo/s	30 cpu_user_milliseconds	969 cpu_system_milliseconds	0 minor_page_faults/s	0 major_page_faults/s	0 yields/s	4 preempts/s
15000 milliseconds	2789 MB/s	0 short_reads/s	0 short_writes_echo/s	39 cpu_user_milliseconds	959 cpu_system_milliseconds	0 minor_page_faults/s	0 major_page_faults/s	0 yields/s	3 preempts/s
16000 milliseconds	2770 MB/s	0 short_reads/s	0 short_writes_echo/s	45 cpu_user_milliseconds	948 cpu_system_milliseconds	0 minor_page_faults/s	0 major_page_faults/s	0 yields/s	69 preempts/s
17000 milliseconds	2867 MB/s	0 short_reads/s	0 short_writes_echo/s	59 cpu_user_milliseconds	937 cpu_system_milliseconds	0 minor_page_faults/s	0 major_page_faults/s	0 yields/s	28 preempts/s
18000 milliseconds	2744 MB/s	0 short_reads/s	0 short_writes_echo/s	45 cpu_user_milliseconds	953 cpu_system_milliseconds	0 minor_page_faults/s	0 major_page_faults/s	0 yields/s	5 preempts/s
19000 milliseconds	2837 MB/s	0 short_reads/s	0 short_writes_echo/s	44 cpu_user_milliseconds	954 cpu_system_milliseconds	0 minor_page_faults/s	0 major_page_faults/s	0 yields/s	5 preempts/s
20000 milliseconds	2824 MB/s	0 short_reads/s	0 short_writes_echo/s	48 cpu_user_milliseconds	950 cpu_system_milliseconds	0 minor_page_faults/s	0 major_page_faults/s	0 yields/s	3 preempts/s
21000 milliseconds	2768 MB/s	0 short_reads/s	0 short_writes_echo/s	35 cpu_user_milliseconds	963 cpu_system_milliseconds	0 minor_page_faults/s	0 major_page_faults/s	0 yields/s	5 preempts/s
22000 milliseconds	2800 MB/s	0 short_reads/s	0 short_writes_echo/s	44 cpu_user_milliseconds	954 cpu_system_milliseconds	0 minor_page_faults/s	0 major_page_faults/s	0 yields/s	4 preempts/s
23000 milliseconds	2826 MB/s	0 short_reads/s	0 short_writes_echo/s	45 cpu_user_milliseconds	953 cpu_system_milliseconds	0 minor_page_faults/s	0 major_page_faults/s	0 yields/s	7 preempts/s
24000 milliseconds	2774 MB/s	0 short_reads/s	0 short_writes_echo/s	42 cpu_user_milliseconds	954 cpu_system_milliseconds	0 minor_page_faults/s	0 major_page_faults/s	0 yields/s	24 preempts/s
25000 milliseconds	2696 MB/s	0 short_reads/s	0 short_writes_echo/s	40 cpu_user_milliseconds	958 cpu_system_milliseconds	0 minor_page_faults/s	0 major_page_faults/s	0 yields/s	5 preempts/s
26000 milliseconds	2793 MB/s	0 short_reads/s	0 short_writes_echo/s	55 cpu_user_milliseconds	943 cpu_system_milliseconds	0 minor_page_faults/s	0 major_page_faults/s	0 yields/s	3 preempts/s
27000 milliseconds	2890 MB/s	0 short_reads/s	0 short_writes_echo/s	41 cpu_user_milliseconds	958 cpu_system_milliseconds	0 minor_page_faults/s	0 major_page_faults/s	0 yields/s	2 preempts/s
28000 milliseconds	2715 MB/s	0 short_reads/s	0 short_writes_echo/s	30 cpu_user_milliseconds	966 cpu_system_milliseconds	0 minor_page_faults/s	0 major_page_faults/s	0 yields/s	25 preempts/s
29000 milliseconds	2890 MB/s	0 short_reads/s	0 short_writes_echo/s	46 cpu_user_milliseconds	952 cpu_system_milliseconds	0 minor_page_faults/s	0 major_page_faults/s	0 yields/s	4 preempts/s
30000 milliseconds	2870 MB/s	1 short_reads/s	0 short_writes_echo/s	32 cpu_user_milliseconds	967 cpu_system_milliseconds	0 minor_page_faults/s	0 major_page_faults/s	1 yields/s	4 preempts/s
31000 milliseconds	2843 MB/s	0 short_reads/s	0 short_writes_echo/s	50 cpu_user_milliseconds	948 cpu_system_milliseconds	0 minor_page_faults/s	0 major_page_faults/s	0 yields/s	5 preempts/s
32000 milliseconds	2776 MB/s	0 short_reads/s	0 short_writes_echo/s	36 cpu_user_milliseconds	956 cpu_system_milliseconds	0 minor_page_faults/s	0 major_page_faults/s	0 yields/s	74 preempts/s
33000 milliseconds	2831 MB/s	421 short_reads/s	0 short_writes_echo/s	44 cpu_user_milliseconds	953 cpu_system_milliseconds	0 minor_page_faults/s	0 major_page_faults/s	107 yields/s	6 preempts/s
34000 milliseconds	2899 MB/s	0 short_reads/s	0 short_writes_echo/s	42 cpu_user_milliseconds	956 cpu_system_milliseconds	0 minor_page_faults/s	0 major_page_faults/s	0 yields/s	7 preempts/s
35000 milliseconds	2878 MB/s	0 short_reads/s	0 short_writes_echo/s	41 cpu_user_milliseconds	957 cpu_system_milliseconds	0 minor_page_faults/s	0 major_page_faults/s	0 yields/s	4 preempts/s
36000 milliseconds	2894 MB/s	0 short_reads/s	0 short_writes_echo/s	35 cpu_user_milliseconds	961 cpu_system_milliseconds	0 minor_page_faults/s	0 major_page_faults/s	0 yields/s	35 preempts/s
37000 milliseconds	2887 MB/s	0 short_reads/s	0 short_writes_echo/s	39 cpu_user_milliseconds	959 cpu_system_milliseconds	0 minor_page_faults/s	0 major_page_faults/s	0 yields/s	5 preempts/s
38000 milliseconds	2789 MB/s	0 short_reads/s	0 short_writes_echo/s	47 cpu_user_milliseconds	951 cpu_system_milliseconds	0 minor_page_faults/s	0 major_page_faults/s	0 yields/s	7 preempts/s
39000 milliseconds	2841 MB/s	0 short_reads/s	0 short_writes_echo/s	46 cpu_user_milliseconds	951 cpu_system_milliseconds	0 minor_page_faults/s	0 major_page_faults/s	0 yields/s	16 preempts/s
40000 milliseconds	2880 MB/s	0 short_reads/s	0 short_writes_echo/s	46 cpu_user_milliseconds	948 cpu_system_milliseconds	0 minor_page_faults/s	0 major_page_faults/s	0 yields/s	43 preempts/s
41000 milliseconds	2890 MB/s	0 short_reads/s	0 short_writes_echo/s	40 cpu_user_milliseconds	956 cpu_system_milliseconds	0 minor_page_faults/s	0 major_page_faults/s	0 yields/s	37 preempts/s
42000 milliseconds	2870 MB/s	0 short_reads/s	0 short_writes_echo/s	38 cpu_user_milliseconds	960 cpu_system_milliseconds	0 minor_page_faults/s	0 major_page_faults/s	0 yields/s	10 preempts/s
43000 milliseconds	2822 MB/s	0 short_reads/s	0 short_writes_echo/s	35 cpu_user_milliseconds	964 cpu_system_milliseconds	0 minor_page_faults/s	0 major_page_faults/s	0 yields/s	7 preempts/s
44000 milliseconds	2859 MB/s	0 short_reads/s	0 short_writes_echo/s	43 cpu_user_milliseconds	951 cpu_system_milliseconds	0 minor_page_faults/s	0 major_page_faults/s	0 yields/s	48 preempts/s
45000 milliseconds	2906 MB/s	0 short_reads/s	0 short_writes_echo/s	57 cpu_user_milliseconds	941 cpu_system_milliseconds	0 minor_page_faults/s	0 major_page_faults/s	0 yields/s	8 preempts/s
46000 milliseconds	2856 MB/s	0 short_reads/s	0 short_writes_echo/s	48 cpu_user_milliseconds	948 cpu_system_milliseconds	0 minor_page_faults/s	0 major_page_faults/s	0 yields/s	30 preempts/s
47000 milliseconds	2850 MB/s	0 short_reads/s	0 short_writes_echo/s	41 cpu_user_milliseconds	955 cpu_system_milliseconds	0 minor_page_faults/s	0 major_page_faults/s	0 yields/s	28 preempts/s
48000 milliseconds	2757 MB/s	0 short_reads/s	0 short_writes_echo/s	44 cpu_user_milliseconds	952 cpu_system_milliseconds	0 minor_page_faults/s	0 major_page_faults/s	0 yields/s	28 preempts/s
49001 milliseconds	2919 MB/s	0 short_reads/s	0 short_writes_echo/s	53 cpu_user_milliseconds	943 cpu_system_milliseconds	0 minor_page_faults/s	0 major_page_faults/s	0 yields/s	28 preempts/s
50001 milliseconds	2829 MB/s	0 short_reads/s	0 short_writes_echo/s	38 cpu_user_milliseconds	960 cpu_system_milliseconds	0 minor_page_faults/s	0 major_page_faults/s	0 yields/s	8 preempts/s
51001 milliseconds	2896 MB/s	0 short_reads/s	0 short_writes_echo/s	41 cpu_user_milliseconds	957 cpu_system_milliseconds	0 minor_page_faults/s	0 major_page_faults/s	0 yields/s	2 preempts/s
52001 milliseconds	2923 MB/s	0 short_reads/s	0 short_writes_echo/s	43 cpu_user_milliseconds	955 cpu_system_milliseconds	0 minor_page_faults/s	0 major_page_faults/s	0 yields/s	2 preempts/s
53001 milliseconds	2747 MB/s	0 short_reads/s	0 short_writes_echo/s	50 cpu_user_milliseconds	948 cpu_system_milliseconds	0 minor_page_faults/s	0 major_page_faults/s	0 yields/s	4 preempts/s
54001 milliseconds	2680 MB/s	0 short_reads/s	0 short_writes_echo/s	36 cpu_user_milliseconds	962 cpu_system_milliseconds	0 minor_page_faults/s	0 major_page_faults/s	0 yields/s	9 preempts/s
55001 milliseconds	2904 MB/s	0 short_reads/s	0 short_writes_echo/s	45 cpu_user_milliseconds	953 cpu_system_milliseconds	0 minor_page_faults/s	0 major_page_faults/s	0 yields/s	2 preempts/s
56001 milliseconds	2899 MB/s	0 short_reads/s	0 short_writes_echo/s	38 cpu_user_milliseconds	960 cpu_system_milliseconds	0 minor_page_faults/s	0 major_page_faults/s	0 yields/s	8 preempts/s
57001 milliseconds	2880 MB/s	0 short_reads/s	0 short_writes_echo/s	47 cpu_user_milliseconds	951 cpu_system_milliseconds	0 minor_page_faults/s	0 major_page_faults/s	0 yields/s	4 preempts/s
58001 milliseconds	2752 MB/s	0 short_reads/s	0 short_writes_echo/s	43 cpu_user_milliseconds	953 cpu_system_milliseconds	0 minor_page_faults/s	0 major_page_faults/s	0 yields/s	32 preempts/s
59001 milliseconds	2819 MB/s	0 short_reads/s	0 short_writes_echo/s	63 cpu_user_milliseconds	935 cpu_system_milliseconds	0 minor_page_faults/s	0 major_page_faults/s	0 yields/s	11 preempts/s
60001 milliseconds	2891 MB/s	0 short_reads/s	0 short_writes_echo/s	47 cpu_user_milliseconds	951 cpu_system_milliseconds	0 minor_page_faults/s	0 major_page_faults/s	0 yields/s	2 preempts/s
61001 milliseconds	2914 MB/s	0 short_reads/s	0 short_writes_echo/s	39 cpu_user_milliseconds	957 cpu_system_milliseconds	0 minor_page_faults/s	0 major_page_faults/s	0 yields/s	28 preempts/s
62001 milliseconds	2862 MB/s	0 short_reads/s	0 short_writes_echo/s	45 cpu_user_milliseconds	951 cpu_system_milliseconds	0 minor_page_faults/s	0 major_page_faults/s	0 yields/s	30 preempts/s
63001 milliseconds	2842 MB/s	22 short_reads/s	0 short_writes_echo/s	47 cpu_user_milliseconds	951 cpu_system_milliseconds	0 minor_page_faults/s	0 major_page_faults/s	7 yields/s	3 preempts/s
64001 milliseconds	2831 MB/s	0 short_reads/s	0 short_writes_echo/s	40 cpu_user_milliseconds	958 cpu_system_milliseconds	0 minor_page_faults/s	0 major_page_faults/s	0 yields/s	3 preempts/s
65001 milliseconds	2883 MB/s	0 short_reads/s	0 short_writes_echo/s	42 cpu_user_milliseconds	956 cpu_system_milliseconds	0 minor_page_faults/s	0 major_page_faults/s	0 yields/s	10 preempts/s
66001 milliseconds	2922 MB/s	0 short_reads/s	0 short_writes_echo/s	34 cpu_user_milliseconds	964 cpu_system_milliseconds	0 minor_page_faults/s	0 major_page_faults/s	0 yields/s	3 preempts/s
67001 milliseconds	2926 MB/s	0 short_reads/s	0 short_writes_echo/s	46 cpu_user_milliseconds	952 cpu_system_milliseconds	0 minor_page_faults/s	0 major_page_faults/s	0 yields/s	1 preempts/s
68001 milliseconds	2825 MB/s	265 short_reads/s	0 short_writes_echo/s	52 cpu_user_milliseconds	945 cpu_system_milliseconds	0 minor_page_faults/s	0 major_page_faults/s	61 yields/s	5 preempts/s
69001 milliseconds	2896 MB/s	0 short_reads/s	0 short_writes_echo/s	44 cpu_user_milliseconds	954 cpu_system_milliseconds	0 minor_page_faults/s	0 major_page_faults/s	0 yields/s	6 preempts/s
70001 milliseconds	2875 MB/s	0 short_reads/s	0 short_writes_echo/s	50 cpu_user_milliseconds	948 cpu_system_milliseconds	0 minor_page_faults/s	0 major_page_faults/s	0 yields/s	4 preempts/s
71001 milliseconds	2746 MB/s	0 short_reads/s	0 short_writes_echo/s	62 cpu_user_milliseconds	935 cpu_system_milliseconds	0 minor_page_faults/s	0 major_page_faults/s	0 yields/s	16 preempts/s
72001 milliseconds	2884 MB/s	0 short_reads/s	0 short_writes_echo/s	46 cpu_user_milliseconds	952 cpu_system_milliseconds	0 minor_page_faults/s	0 major_page_faults/s	0 yields/s	3 preempts/s
73001 milliseconds	2831 MB/s	467 short_reads/s	0 short_writes_echo/s	43 cpu_user_milliseconds	951 cpu_system_milliseconds	0 minor_page_faults/s	0 major_page_faults/s	138 yields/s	27 preempts/s
74001 milliseconds	2898 MB/s	0 short_reads/s	0 short_writes_echo/s	52 cpu_user_milliseconds	946 cpu_system_milliseconds	0 minor_page_faults/s	0 major_page_faults/s	0 yields/s	6 preempts/s
75001 milliseconds	2908 MB/s	0 short_reads/s	0 short_writes_echo/s	51 cpu_user_milliseconds	947 cpu_system_milliseconds	0 minor_page_faults/s	0 major_page_faults/s	0 yields/s	8 preempts/s
76001 milliseconds	2888 MB/s	0 short_reads/s	0 short_writes_echo/s	38 cpu_user_milliseconds	961 cpu_system_milliseconds	0 minor_page_faults/s	0 major_page_faults/s	0 yields/s	3 preempts/s
77001 milliseconds	2909 MB/s	0 short_reads/s	0 short_writes_echo/s	43 cpu_user_milliseconds	955 cpu_system_milliseconds	0 minor_page_faults/s	0 major_page_faults/s	0 yields/s	8 preempts/s
78001 milliseconds	2849 MB/s	0 short_reads/s	0 short_writes_echo/s	42 cpu_user_milliseconds	956 cpu_system_milliseconds	0 minor_page_faults/s	0 major_page_faults/s	0 yields/s	6 preempts/s
79001 milliseconds	2911 MB/s	0 short_reads/s	0 short_writes_echo/s	37 cpu_user_milliseconds	961 cpu_system_milliseconds	0 minor_page_faults/s	0 major_page_faults/s	0 yields/s	8 preempts/s
80001 milliseconds	2753 MB/s	0 short_reads/s	0 short_writes_echo/s	51 cpu_user_milliseconds	947 cpu_system_milliseconds	0 minor_page_faults/s	0 major_page_faults/s	0 yields/s	6 preempts/s
81001 milliseconds	2884 MB/s	0 short_reads/s	0 short_writes_echo/s	20 cpu_user_milliseconds	977 cpu_system_milliseconds	0 minor_page_faults/s	0 major_page_faults/s	0 yields/s	24 preempts/s
82001 milliseconds	2856 MB/s	0 short_reads/s	0 short_writes_echo/s	46 cpu_user_milliseconds	952 cpu_system_milliseconds	0 minor_page_faults/s	0 major_page_faults/s	0 yields/s	5 preempts/s
83001 milliseconds	2799 MB/s	713 short_reads/s	0 short_writes_echo/s	40 cpu_user_milliseconds	957 cpu_system_milliseconds	0 minor_page_faults/s	0 major_page_faults/s	217 yields/s	11 preempts/s
84001 milliseconds	2844 MB/s	0 short_reads/s	0 short_writes_echo/s	56 cpu_user_milliseconds	942 cpu_system_milliseconds	0 minor_page_faults/s	0 major_page_faults/s	0 yields/s	4 preempts/s
85001 milliseconds	2899 MB/s	0 short_reads/s	0 short_writes_echo/s	46 cpu_user_milliseconds	950 cpu_system_milliseconds	0 minor_page_faults/s	0 major_page_faults/s	0 yields/s	29 preempts/s
86001 milliseconds	2850 MB/s	0 short_reads/s	0 short_writes_echo/s	42 cpu_user_milliseconds	956 cpu_system_milliseconds	0 minor_page_faults/s	0 major_page_faults/s	0 yields/s	7 preempts/s
87001 milliseconds	2842 MB/s	0 short_reads/s	0 short_writes_echo/s	45 cpu_user_milliseconds	953 cpu_system_milliseconds	0 minor_page_faults/s	0 major_page_faults/s	0 yields/s	6 preempts/s
88001 milliseconds	2861 MB/s	0 short_reads/s	0 short_writes_echo/s	41 cpu_user_milliseconds	955 cpu_system_milliseconds	0 minor_page_faults/s	0 major_page_faults/s	0 yields/s	29 preempts/s
89001 milliseconds	2876 MB/s	0 short_reads/s	0 short_writes_echo/s	41 cpu_user_milliseconds	958 cpu_system_milliseconds	0 minor_page_faults/s	0 major_page_faults/s	0 yields/s	12 preempts/s
90001 milliseconds	2899 MB/s	0 short_reads/s	0 short_writes_echo/s	39 cpu_user_milliseconds	960 cpu_system_milliseconds	0 minor_page_faults/s	0 major_page_faults/s	0 yields/s	3 preempts/s
91001 milliseconds	2810 MB/s	0 short_reads/s	0 short_writes_echo/s	47 cpu_user_milliseconds	952 cpu_system_milliseconds	0 minor_page_faults/s	0 major_page_faults/s	0 yields/s	3 preempts/s
92001 milliseconds	2752 MB/s	0 short_reads/s	0 short_writes_echo/s	54 cpu_user_milliseconds	944 cpu_system_milliseconds	0 minor_page_faults/s	0 major_page_faults/s	0 yields/s	9 preempts/s
93002 milliseconds	2872 MB/s	119 short_reads/s	0 short_writes_echo/s	55 cpu_user_milliseconds	944 cpu_system_milliseconds	0 minor_page_faults/s	0 major_page_faults/s	24 yields/s	6 preempts/s
94002 milliseconds	2908 MB/s	0 short_reads/s	0 short_writes_echo/s	42 cpu_user_milliseconds	956 cpu_system_milliseconds	0 minor_page_faults/s	0 major_page_faults/s	0 yields/s	6 preempts/s
95002 milliseconds	2798 MB/s	0 short_reads/s	0 short_writes_echo/s	57 cpu_user_milliseconds	941 cpu_system_milliseconds	0 minor_page_faults/s	0 major_page_faults/s	0 yields/s	8 preempts/s
96002 milliseconds	2879 MB/s	0 short_reads/s	0 short_writes_echo/s	47 cpu_user_milliseconds	951 cpu_system_milliseconds	0 minor_page_faults/s	0 major_page_faults/s	0 yields/s	1 preempts/s
97002 milliseconds	2865 MB/s	0 short_reads/s	0 short_writes_echo/s	45 cpu_user_milliseconds	953 cpu_system_milliseconds	0 minor_page_faults/s	0 major_page_faults/s	0 yields/s	4 preempts/s
98002 milliseconds	2820 MB/s	225 short_reads/s	0 short_writes_echo/s	36 cpu_user_milliseconds	961 cpu_system_milliseconds	0 minor_page_faults/s	0 major_page_faults/s	61 yields/s	9 preempts/s
99002 milliseconds	2920 MB/s	0 short_reads/s	0 short_writes_echo/s	44 cpu_user_milliseconds	954 cpu_system_milliseconds	0 minor_page_faults/s	0 major_page_faults/s	0 yields/s	6 preempts/s
100002 milliseconds	2851 MB/s	0 short_reads/s	0 short_writes_echo/s	34 cpu_user_milliseconds	964 cpu_system_milliseconds	0 minor_page_faults/s	0 major_page_faults/s	0 yields/s	7 preempts/s
101002 milliseconds	2788 MB/s	0 short_reads/s	0 short_writes_echo/s	45 cpu_user_milliseconds	953 cpu_system_milliseconds	0 minor_page_faults/s	0 major_page_faults/s	0 yields/s	16 preempts/s
102002 milliseconds	2857 MB/s	0 short_reads/s	0 short_writes_echo/s	38 cpu_user_milliseconds	958 cpu_system_milliseconds	0 minor_page_faults/s	0 major_page_faults/s	0 yields/s	25 preempts/s
103002 milliseconds	2793 MB/s	0 short_reads/s	0 short_writes_echo/s	39 cpu_user_milliseconds	959 cpu_system_milliseconds	0 minor_page_faults/s	0 major_page_faults/s	0 yields/s	11 preempts/s
104002 milliseconds	2874 MB/s	0 short_reads/s	0 short_writes_echo/s	43 cpu_user_milliseconds	955 cpu_system_milliseconds	0 minor_page_faults/s	0 major_page_faults/s	0 yields/s	22 preempts/s
105002 milliseconds	2898 MB/s	0 short_reads/s	0 short_writes_echo/s	39 cpu_user_milliseconds	960 cpu_system_milliseconds	0 minor_page_faults/s	0 major_page_faults/s	0 yields/s	17 preempts/s
106002 milliseconds	2893 MB/s	0 short_reads/s	0 short_writes_echo/s	43 cpu_user_milliseconds	953 cpu_system_milliseconds	0 minor_page_faults/s	0 major_page_faults/s	0 yields/s	30 preempts/s
107002 milliseconds	2881 MB/s	0 short_reads/s	0 short_writes_echo/s	48 cpu_user_milliseconds	948 cpu_system_milliseconds	0 minor_page_faults/s	0 major_page_faults/s	0 yields/s	28 preempts/s
108002 milliseconds	2812 MB/s	0 short_reads/s	0 short_writes_echo/s	42 cpu_user_milliseconds	956 cpu_system_milliseconds	0 minor_page_faults/s	0 major_page_faults/s	0 yields/s	9 preempts/s
109002 milliseconds	2908 MB/s	0 short_reads/s	0 short_writes_echo/s	40 cpu_user_milliseconds	957 cpu_system_milliseconds	0 minor_page_faults/s	0 major_page_faults/s	0 yields/s	30 preempts/s
110002 milliseconds	2908 MB/s	0 short_reads/s	0 short_writes_echo/s	35 cpu_user_milliseconds	963 cpu_system_milliseconds	0 minor_page_faults/s	0 major_page_faults/s	0 yields/s	7 preempts/s
111002 milliseconds	2904 MB/s	0 short_reads/s	0 short_writes_echo/s	49 cpu_user_milliseconds	949 cpu_system_milliseconds	0 minor_page_faults/s	0 major_page_faults/s	0 yields/s	4 preempts/s
112002 milliseconds	2910 MB/s	0 short_reads/s	0 short_writes_echo/s	46 cpu_user_milliseconds	952 cpu_system_milliseconds	0 minor_page_faults/s	0 major_page_faults/s	0 yields/s	7 preempts/s
113002 milliseconds	2791 MB/s	608 short_reads/s	0 short_writes_echo/s	41 cpu_user_milliseconds	953 cpu_system_milliseconds	0 minor_page_faults/s	0 major_page_faults/s	183 yields/s	9 preempts/s
114002 milliseconds	2852 MB/s	0 short_reads/s	0 short_writes_echo/s	59 cpu_user_milliseconds	937 cpu_system_milliseconds	0 minor_page_faults/s	0 major_page_faults/s	0 yields/s	25 preempts/s
115002 milliseconds	2827 MB/s	0 short_reads/s	0 short_writes_echo/s	43 cpu_user_milliseconds	952 cpu_system_milliseconds	0 minor_page_faults/s	0 major_page_faults/s	0 yields/s	34 preempts/s
116002 milliseconds	2914 MB/s	0 short_reads/s	0 short_writes_echo/s	56 cpu_user_milliseconds	940 cpu_system_milliseconds	0 minor_page_faults/s	0 major_page_faults/s	0 yields/s	28 preempts/s
117002 milliseconds	2818 MB/s	0 short_reads/s	0 short_writes_echo/s	50 cpu_user_milliseconds	946 cpu_system_milliseconds	0 minor_page_faults/s	0 major_page_faults/s	0 yields/s	27 preempts/s
118002 milliseconds	2792 MB/s	0 short_reads/s	0 short_writes_echo/s	36 cpu_user_milliseconds	963 cpu_system_milliseconds	0 minor_page_faults/s	0 major_page_faults/s	0 yields/s	4 preempts/s
119002 milliseconds	2847 MB/s	0 short_reads/s	0 short_writes_echo/s	35 cpu_user_milliseconds	963 cpu_system_milliseconds	0 minor_page_faults/s	0 major_page_faults/s	0 yields/s	7 preempts/s
120002 milliseconds	2906 MB/s	0 short_reads/s	0 short_writes_echo/s	56 cpu_user_milliseconds	942 cpu_system_milliseconds	0 minor_page_faults/s	0 major_page_faults/s	0 yields/s	5 preempts/s
121002 milliseconds	2903 MB/s	0 short_reads/s	0 short_writes_echo/s	43 cpu_user_milliseconds	955 cpu_system_milliseconds	0 minor_page_faults/s	0 major_page_faults/s	0 yields/s	5 preempts/s
122002 milliseconds	2897 MB/s	0 short_reads/s	0 short_writes_echo/s	36 cpu_user_milliseconds	962 cpu_system_milliseconds	0 minor_page_faults/s	0 major_page_faults/s	0 yields/s	7 preempts/s
123002 milliseconds	2825 MB/s	638 short_reads/s	0 short_writes_echo/s	52 cpu_user_milliseconds	946 cpu_system_milliseconds	0 minor_page_faults/s	0 major_page_faults/s	178 yields/s	4 preempts/s
124002 milliseconds	2870 MB/s	0 short_reads/s	0 short_writes_echo/s	34 cpu_user_milliseconds	965 cpu_system_milliseconds	0 minor_page_faults/s	0 major_page_faults/s	0 yields/s	3 preempts/s
125002 milliseconds	2826 MB/s	0 short_reads/s	0 short_writes_echo/s	48 cpu_user_milliseconds	948 cpu_system_milliseconds	0 minor_page_faults/s	0 major_page_faults/s	0 yields/s	35 preempts/s
126002 milliseconds	2749 MB/s	0 short_reads/s	0 short_writes_echo/s	44 cpu_user_milliseconds	953 cpu_system_milliseconds	0 minor_page_faults/s	0 major_page_faults/s	0 yields/s	24 preempts/s
127002 milliseconds	2894 MB/s	0 short_reads/s	0 short_writes_echo/s	49 cpu_user_milliseconds	948 cpu_system_milliseconds	0 minor_page_faults/s	0 major_page_faults/s	0 yields/s	25 preempts/s
128002 milliseconds	2872 MB/s	295 short_reads/s	0 short_writes_echo/s	47 cpu_user_milliseconds	951 cpu_system_milliseconds	0 minor_page_faults/s	0 major_page_faults/s	77 yields/s	1 preempts/s
129002 milliseconds	2907 MB/s	0 short_reads/s	0 short_writes_echo/s	48 cpu_user_milliseconds	951 cpu_system_milliseconds	0 minor_page_faults/s	0 major_page_faults/s	0 yields/s	8 preempts/s
130002 milliseconds	2909 MB/s	0 short_reads/s	0 short_writes_echo/s	37 cpu_user_milliseconds	959 cpu_system_milliseconds	0 minor_page_faults/s	0 major_page_faults/s	0 yields/s	25 preempts/s
131002 milliseconds	2894 MB/s	0 short_reads/s	0 short_writes_echo/s	54 cpu_user_milliseconds	944 cpu_system_milliseconds	0 minor_page_faults/s	0 major_page_faults/s	0 yields/s	5 preempts/s
132002 milliseconds	2873 MB/s	0 short_reads/s	0 short_writes_echo/s	49 cpu_user_milliseconds	949 cpu_system_milliseconds	0 minor_page_faults/s	0 major_page_faults/s	0 yields/s	5 preempts/s
133002 milliseconds	2808 MB/s	0 short_reads/s	0 short_writes_echo/s	36 cpu_user_milliseconds	962 cpu_system_milliseconds	0 minor_page_faults/s	0 major_page_faults/s	0 yields/s	7 preempts/s
134002 milliseconds	2850 MB/s	0 short_reads/s	0 short_writes_echo/s	47 cpu_user_milliseconds	951 cpu_system_milliseconds	0 minor_page_faults/s	0 major_page_faults/s	0 yields/s	13 preempts/s
135002 milliseconds	2858 MB/s	0 short_reads/s	0 short_writes_echo/s	41 cpu_user_milliseconds	955 cpu_system_milliseconds	0 minor_page_faults/s	0 major_page_faults/s	0 yields/s	31 preempts/s
136002 milliseconds	2866 MB/s	0 short_reads/s	0 short_writes_echo/s	57 cpu_user_milliseconds	941 cpu_system_milliseconds	0 minor_page_faults/s	0 major_page_faults/s	0 yields/s	5 preempts/s
137002 milliseconds	2778 MB/s	0 short_reads/s	0 short_writes_echo/s	43 cpu_user_milliseconds	952 cpu_system_milliseconds	0 minor_page_faults/s	0 major_page_faults/s	0 yields/s	43 preempts/s
138002 milliseconds	2550 MB/s	165 short_reads/s	0 short_writes_echo/s	38 cpu_user_milliseconds	960 cpu_system_milliseconds	0 minor_page_faults/s	0 major_page_faults/s	40 yields/s	11 preempts/s
139002 milliseconds	2916 MB/s	0 short_reads/s	0 short_writes_echo/s	39 cpu_user_milliseconds	960 cpu_system_milliseconds	0 minor_page_faults/s	0 major_page_faults/s	0 yields/s	0 preempts/s
140002 milliseconds	2930 MB/s	0 short_reads/s	0 short_writes_echo/s	56 cpu_user_milliseconds	942 cpu_system_milliseconds	0 minor_page_faults/s	0 major_page_faults/s	0 yields/s	5 preempts/s
141002 milliseconds	2851 MB/s	407 short_reads/s	0 short_writes_echo/s	41 cpu_user_milliseconds	949 cpu_system_milliseconds	0 minor_page_faults/s	0 major_page_faults/s	215 yields/s	4 preempts/s
142002 milliseconds	2870 MB/s	0 short_reads/s	0 short_writes_echo/s	38 cpu_user_milliseconds	960 cpu_system_milliseconds	0 minor_page_faults/s	0 major_page_faults/s	0 yields/s	9 preempts/s
143002 milliseconds	2800 MB/s	0 short_reads/s	0 short_writes_echo/s	42 cpu_user_milliseconds	956 cpu_system_milliseconds	0 minor_page_faults/s	0 major_page_faults/s	0 yields/s	6 preempts/s
144002 milliseconds	2869 MB/s	0 short_reads/s	0 short_writes_echo/s	29 cpu_user_milliseconds	970 cpu_system_milliseconds	0 minor_page_faults/s	0 major_page_faults/s	0 yields/s	2 preempts/s
145003 milliseconds	2887 MB/s	0 short_reads/s	0 short_writes_echo/s	44 cpu_user_milliseconds	952 cpu_system_milliseconds	0 minor_page_faults/s	0 major_page_faults/s	0 yields/s	29 preempts/s
146003 milliseconds	2771 MB/s	0 short_reads/s	0 short_writes_echo/s	41 cpu_user_milliseconds	955 cpu_system_milliseconds	0 minor_page_faults/s	0 major_page_faults/s	0 yields/s	32 preempts/s
147003 milliseconds	2925 MB/s	0 short_reads/s	0 short_writes_echo/s	49 cpu_user_milliseconds	949 cpu_system_milliseconds	0 minor_page_faults/s	0 major_page_faults/s	0 yields/s	2 preempts/s
148003 milliseconds	2853 MB/s	0 short_reads/s	0 short_writes_echo/s	45 cpu_user_milliseconds	951 cpu_system_milliseconds	0 minor_page_faults/s	0 major_page_faults/s	0 yields/s	29 preempts/s
149003 milliseconds	2878 MB/s	0 short_reads/s	0 short_writes_echo/s	49 cpu_user_milliseconds	950 cpu_system_milliseconds	0 minor_page_faults/s	0 major_page_faults/s	0 yields/s	8 preempts/s
150003 milliseconds	2869 MB/s	0 short_reads/s	0 short_writes_echo/s	45 cpu_user_milliseconds	953 cpu_system_milliseconds	0 minor_page_faults/s	0 major_page_faults/s	0 yields/s	2 preempts/s
151003 milliseconds	2869 MB/s	0 short_reads/s	0 short_writes_echo/s	56 cpu_user_milliseconds	942 cpu_system_milliseconds	0 minor_page_faults/s	0 major_page_faults/s	0 yields/s	6 preempts/s
152003 milliseconds	2839 MB/s	0 short_reads/s	0 short_writes_echo/s	52 cpu_user_milliseconds	946 cpu_system_milliseconds	0 minor_page_faults/s	0 major_page_faults/s	0 yields/s	2 preempts/s
153003 milliseconds	2731 MB/s	0 short_reads/s	0 short_writes_echo/s	32 cpu_user_milliseconds	966 cpu_system_milliseconds	0 minor_page_faults/s	0 major_page_faults/s	0 yields/s	10 preempts/s
154003 milliseconds	2886 MB/s	0 short_reads/s	0 short_writes_echo/s	43 cpu_user_milliseconds	955 cpu_system_milliseconds	0 minor_page_faults/s	0 major_page_faults/s	0 yields/s	3 preempts/s
155003 milliseconds	2868 MB/s	0 short_reads/s	0 short_writes_echo/s	46 cpu_user_milliseconds	952 cpu_system_milliseconds	0 minor_page_faults/s	0 major_page_faults/s	0 yields/s	6 preempts/s
156003 milliseconds	2897 MB/s	0 short_reads/s	0 short_writes_echo/s	43 cpu_user_milliseconds	955 cpu_system_milliseconds	0 minor_page_faults/s	0 major_page_faults/s	0 yields/s	3 preempts/s
157003 milliseconds	2901 MB/s	0 short_reads/s	0 short_writes_echo/s	48 cpu_user_milliseconds	948 cpu_system_milliseconds	0 minor_page_faults/s	0 major_page_faults/s	0 yields/s	26 preempts/s
158003 milliseconds	2872 MB/s	0 short_reads/s	0 short_writes_echo/s	33 cpu_user_milliseconds	966 cpu_system_milliseconds	0 minor_page_faults/s	0 major_page_faults/s	0 yields/s	9 preempts/s
159003 milliseconds	2881 MB/s	0 short_reads/s	0 short_writes_echo/s	35 cpu_user_milliseconds	964 cpu_system_milliseconds	0 minor_page_faults/s	0 major_page_faults/s	0 yields/s	4 preempts/s
160003 milliseconds	2899 MB/s	0 short_reads/s	0 short_writes_echo/s	53 cpu_user_milliseconds	943 cpu_system_milliseconds	0 minor_page_faults/s	0 major_page_faults/s	0 yields/s	27 preempts/s
161003 milliseconds	2868 MB/s	0 short_reads/s	0 short_writes_echo/s	44 cpu_user_milliseconds	948 cpu_system_milliseconds	0 minor_page_faults/s	0 major_page_faults/s	1 yields/s	38 preempts/s
162003 milliseconds	2871 MB/s	0 short_reads/s	0 short_writes_echo/s	36 cpu_user_milliseconds	963 cpu_system_milliseconds	0 minor_page_faults/s	0 major_page_faults/s	0 yields/s	4 preempts/s
163003 milliseconds	2872 MB/s	0 short_reads/s	0 short_writes_echo/s	40 cpu_user_milliseconds	958 cpu_system_milliseconds	0 minor_page_faults/s	0 major_page_faults/s	0 yields/s	6 preempts/s
164003 milliseconds	2830 MB/s	0 short_reads/s	0 short_writes_echo/s	36 cpu_user_milliseconds	962 cpu_system_milliseconds	0 minor_page_faults/s	0 major_page_faults/s	0 yields/s	3 preempts/s
165003 milliseconds	2917 MB/s	0 short_reads/s	0 short_writes_echo/s	44 cpu_user_milliseconds	954 cpu_system_milliseconds	0 minor_page_faults/s	0 major_page_faults/s	0 yields/s	5 preempts/s
166003 milliseconds	2907 MB/s	0 short_reads/s	0 short_writes_echo/s	46 cpu_user_milliseconds	952 cpu_system_milliseconds	0 minor_page_faults/s	0 major_page_faults/s	0 yields/s	4 preempts/s
167003 milliseconds	2898 MB/s	0 short_reads/s	0 short_writes_echo/s	50 cpu_user_milliseconds	948 cpu_system_milliseconds	0 minor_page_faults/s	0 major_page_faults/s	0 yields/s	4 preempts/s
168003 milliseconds	2844 MB/s	0 short_reads/s	0 short_writes_echo/s	40 cpu_user_milliseconds	958 cpu_system_milliseconds	0 minor_page_faults/s	0 major_page_faults/s	0 yields/s	9 preempts/s
169003 milliseconds	2749 MB/s	0 short_reads/s	0 short_writes_echo/s	33 cpu_user_milliseconds	965 cpu_system_milliseconds	0 minor_page_faults/s	0 major_page_faults/s	0 yields/s	14 preempts/s
170003 milliseconds	2782 MB/s	0 short_reads/s	0 short_writes_echo/s	39 cpu_user_milliseconds	959 cpu_system_milliseconds	0 minor_page_faults/s	0 major_page_faults/s	0 yields/s	7 preempts/s
171003 milliseconds	2911 MB/s	0 short_reads/s	0 short_writes_echo/s	53 cpu_user_milliseconds	945 cpu_system_milliseconds	0 minor_page_faults/s	0 major_page_faults/s	0 yields/s	2 preempts/s
172003 milliseconds	2897 MB/s	0 short_reads/s	0 short_writes_echo/s	44 cpu_user_milliseconds	952 cpu_system_milliseconds	0 minor_page_faults/s	0 major_page_faults/s	0 yields/s	27 preempts/s
173003 milliseconds	2841 MB/s	529 short_reads/s	0 short_writes_echo/s	39 cpu_user_milliseconds	958 cpu_system_milliseconds	0 minor_page_faults/s	0 major_page_faults/s	142 yields/s	11 preempts/s
174003 milliseconds	2883 MB/s	624 short_reads/s	0 short_writes_echo/s	39 cpu_user_milliseconds	953 cpu_system_milliseconds	0 minor_page_faults/s	0 major_page_faults/s	268 yields/s	3 preempts/s
175003 milliseconds	2836 MB/s	0 short_reads/s	0 short_writes_echo/s	38 cpu_user_milliseconds	960 cpu_system_milliseconds	0 minor_page_faults/s	0 major_page_faults/s	0 yields/s	8 preempts/s
176003 milliseconds	2908 MB/s	0 short_reads/s	0 short_writes_echo/s	46 cpu_user_milliseconds	950 cpu_system_milliseconds	0 minor_page_faults/s	0 major_page_faults/s	0 yields/s	26 preempts/s
177003 milliseconds	2889 MB/s	0 short_reads/s	0 short_writes_echo/s	39 cpu_user_milliseconds	953 cpu_system_milliseconds	0 minor_page_faults/s	0 major_page_faults/s	0 yields/s	72 preempts/s
178003 milliseconds	2821 MB/s	88 short_reads/s	0 short_writes_echo/s	44 cpu_user_milliseconds	951 cpu_system_milliseconds	0 minor_page_faults/s	0 major_page_faults/s	53 yields/s	32 preempts/s
179003 milliseconds	2883 MB/s	0 short_reads/s	0 short_writes_echo/s	37 cpu_user_milliseconds	962 cpu_system_milliseconds	0 minor_page_faults/s	0 major_page_faults/s	0 yields/s	11 preempts/s
180003 milliseconds	2900 MB/s	0 short_reads/s	0 short_writes_echo/s	52 cpu_user_milliseconds	946 cpu_system_milliseconds	0 minor_page_faults/s	0 major_page_faults/s	0 yields/s	3 preempts/s
181003 milliseconds	2916 MB/s	0 short_reads/s	0 short_writes_echo/s	44 cpu_user_milliseconds	954 cpu_system_milliseconds	0 minor_page_faults/s	0 major_page_faults/s	0 yields/s	5 preempts/s
182003 milliseconds	2914 MB/s	0 short_reads/s	0 short_writes_echo/s	40 cpu_user_milliseconds	959 cpu_system_milliseconds	0 minor_page_faults/s	0 major_page_faults/s	0 yields/s	1 preempts/s
183003 milliseconds	2904 MB/s	0 short_reads/s	0 short_writes_echo/s	55 cpu_user_milliseconds	943 cpu_system_milliseconds	0 minor_page_faults/s	0 major_page_faults/s	0 yields/s	7 preempts/s
184003 milliseconds	2919 MB/s	0 short_reads/s	0 short_writes_echo/s	39 cpu_user_milliseconds	959 cpu_system_milliseconds	0 minor_page_faults/s	0 major_page_faults/s	0 yields/s	4 preempts/s
185003 milliseconds	2926 MB/s	0 short_reads/s	0 short_writes_echo/s	49 cpu_user_milliseconds	949 cpu_system_milliseconds	0 minor_page_faults/s	0 major_page_faults/s	0 yields/s	10 preempts/s
186003 milliseconds	2808 MB/s	0 short_reads/s	0 short_writes_echo/s	44 cpu_user_milliseconds	954 cpu_system_milliseconds	0 minor_page_faults/s	0 major_page_faults/s	0 yields/s	3 preempts/s
187003 milliseconds	2911 MB/s	0 short_reads/s	0 short_writes_echo/s	48 cpu_user_milliseconds	950 cpu_system_milliseconds	0 minor_page_faults/s	0 major_page_faults/s	0 yields/s	2 preempts/s
188003 milliseconds	2856 MB/s	147 short_reads/s	0 short_writes_echo/s	47 cpu_user_milliseconds	951 cpu_system_milliseconds	0 minor_page_faults/s	0 major_page_faults/s	26 yields/s	4 preempts/s
189003 milliseconds	2892 MB/s	28 short_reads/s	0 short_writes_echo/s	45 cpu_user_milliseconds	951 cpu_system_milliseconds	0 minor_page_faults/s	0 major_page_faults/s	19 yields/s	1 preempts/s
190003 milliseconds	2899 MB/s	0 short_reads/s	0 short_writes_echo/s	34 cpu_user_milliseconds	965 cpu_system_milliseconds	0 minor_page_faults/s	0 major_page_faults/s	0 yields/s	6 preempts/s
191003 milliseconds	2918 MB/s	0 short_reads/s	0 short_writes_echo/s	41 cpu_user_milliseconds	957 cpu_system_milliseconds	0 minor_page_faults/s	0 major_page_faults/s	0 yields/s	4 preempts/s
192003 milliseconds	2922 MB/s	0 short_reads/s	0 short_writes_echo/s	34 cpu_user_milliseconds	965 cpu_system_milliseconds	0 minor_page_faults/s	0 major_page_faults/s	0 yields/s	4 preempts/s
193003 milliseconds	2806 MB/s	374 short_reads/s	0 short_writes_echo/s	51 cpu_user_milliseconds	946 cpu_system_milliseconds	0 minor_page_faults/s	0 major_page_faults/s	99 yields/s	8 preempts/s
194003 milliseconds	2865 MB/s	0 short_reads/s	0 short_writes_echo/s	51 cpu_user_milliseconds	947 cpu_system_milliseconds	0 minor_page_faults/s	0 major_page_faults/s	0 yields/s	4 preempts/s
195003 milliseconds	2927 MB/s	0 short_reads/s	0 short_writes_echo/s	52 cpu_user_milliseconds	946 cpu_system_milliseconds	0 minor_page_faults/s	0 major_page_faults/s	0 yields/s	4 preempts/s
196003 milliseconds	2915 MB/s	0 short_reads/s	0 short_writes_echo/s	40 cpu_user_milliseconds	958 cpu_system_milliseconds	0 minor_page_faults/s	0 major_page_faults/s	0 yields/s	3 preempts/s
197003 milliseconds	2913 MB/s	0 short_reads/s	0 short_writes_echo/s	44 cpu_user_milliseconds	954 cpu_system_milliseconds	0 minor_page_faults/s	0 major_page_faults/s	0 yields/s	6 preempts/s
198003 milliseconds	2686 MB/s	0 short_reads/s	0 short_writes_echo/s	41 cpu_user_milliseconds	957 cpu_system_milliseconds	0 minor_page_faults/s	0 major_page_faults/s	0 yields/s	3 preempts/s
199003 milliseconds	2927 MB/s	0 short_reads/s	0 short_writes_echo/s	41 cpu_user_milliseconds	957 cpu_system_milliseconds	0 minor_page_faults/s	0 major_page_faults/s	0 yields/s	6 preempts/s
200003 milliseconds	2857 MB/s	644 short_reads/s	0 short_writes_echo/s	43 cpu_user_milliseconds	947 cpu_system_milliseconds	0 minor_page_faults/s	0 major_page_faults/s	273 yields/s	4 preempts/s
201004 milliseconds	2902 MB/s	0 short_reads/s	0 short_writes_echo/s	47 cpu_user_milliseconds	951 cpu_system_milliseconds	0 minor_page_faults/s	0 major_page_faults/s	0 yields/s	9 preempts/s
202004 milliseconds	2779 MB/s	0 short_reads/s	0 short_writes_echo/s	58 cpu_user_milliseconds	940 cpu_system_milliseconds	0 minor_page_faults/s	0 major_page_faults/s	0 yields/s	5 preempts/s
203004 milliseconds	2864 MB/s	0 short_reads/s	0 short_writes_echo/s	43 cpu_user_milliseconds	955 cpu_system_milliseconds	0 minor_page_faults/s	0 major_page_faults/s	0 yields/s	4 preempts/s
204004 milliseconds	2860 MB/s	0 short_reads/s	0 short_writes_echo/s	41 cpu_user_milliseconds	955 cpu_system_milliseconds	0 minor_page_faults/s	0 major_page_faults/s	0 yields/s	26 preempts/s
205004 milliseconds	2844 MB/s	0 short_reads/s	0 short_writes_echo/s	44 cpu_user_milliseconds	954 cpu_system_milliseconds	0 minor_page_faults/s	0 major_page_faults/s	0 yields/s	8 preempts/s
206004 milliseconds	2873 MB/s	0 short_reads/s	0 short_writes_echo/s	45 cpu_user_milliseconds	952 cpu_system_milliseconds	0 minor_page_faults/s	0 major_page_faults/s	0 yields/s	22 preempts/s
207004 milliseconds	2905 MB/s	0 short_reads/s	0 short_writes_echo/s	39 cpu_user_milliseconds	959 cpu_system_milliseconds	0 minor_page_faults/s	0 major_page_faults/s	0 yields/s	5 preempts/s
208004 milliseconds	2854 MB/s	0 short_reads/s	0 short_writes_echo/s	40 cpu_user_milliseconds	958 cpu_system_milliseconds	0 minor_page_faults/s	0 major_page_faults/s	0 yields/s	4 preempts/s
209004 milliseconds	2888 MB/s	0 short_reads/s	0 short_writes_echo/s	51 cpu_user_milliseconds	947 cpu_system_milliseconds	0 minor_page_faults/s	0 major_page_faults/s	0 yields/s	6 preempts/s
210004 milliseconds	2912 MB/s	0 short_reads/s	0 short_writes_echo/s	41 cpu_user_milliseconds	957 cpu_system_milliseconds	0 minor_page_faults/s	0 major_page_faults/s	0 yields/s	8 preempts/s
211004 milliseconds	2866 MB/s	0 short_reads/s	0 short_writes_echo/s	40 cpu_user_milliseconds	958 cpu_system_milliseconds	0 minor_page_faults/s	0 major_page_faults/s	0 yields/s	4 preempts/s
212004 milliseconds	2823 MB/s	0 short_reads/s	0 short_writes_echo/s	40 cpu_user_milliseconds	959 cpu_system_milliseconds	0 minor_page_faults/s	0 major_page_faults/s	0 yields/s	2 preempts/s
213004 milliseconds	2827 MB/s	0 short_reads/s	0 short_writes_echo/s	54 cpu_user_milliseconds	944 cpu_system_milliseconds	0 minor_page_faults/s	0 major_page_faults/s	0 yields/s	4 preempts/s
214004 milliseconds	2899 MB/s	0 short_reads/s	0 short_writes_echo/s	42 cpu_user_milliseconds	953 cpu_system_milliseconds	0 minor_page_faults/s	0 major_page_faults/s	0 yields/s	46 preempts/s
215004 milliseconds	2917 MB/s	0 short_reads/s	0 short_writes_echo/s	43 cpu_user_milliseconds	954 cpu_system_milliseconds	0 minor_page_faults/s	0 major_page_faults/s	0 yields/s	24 preempts/s
216004 milliseconds	2908 MB/s	0 short_reads/s	0 short_writes_echo/s	61 cpu_user_milliseconds	937 cpu_system_milliseconds	0 minor_page_faults/s	0 major_page_faults/s	0 yields/s	4 preempts/s
217004 milliseconds	2843 MB/s	0 short_reads/s	0 short_writes_echo/s	33 cpu_user_milliseconds	963 cpu_system_milliseconds	0 minor_page_faults/s	0 major_page_faults/s	0 yields/s	29 preempts/s
218004 milliseconds	2701 MB/s	0 short_reads/s	0 short_writes_echo/s	41 cpu_user_milliseconds	957 cpu_system_milliseconds	0 minor_page_faults/s	0 major_page_faults/s	0 yields/s	5 preempts/s
219004 milliseconds	2870 MB/s	0 short_reads/s	0 short_writes_echo/s	40 cpu_user_milliseconds	958 cpu_system_milliseconds	0 minor_page_faults/s	0 major_page_faults/s	0 yields/s	7 preempts/s
220004 milliseconds	2919 MB/s	0 short_reads/s	0 short_writes_echo/s	50 cpu_user_milliseconds	948 cpu_system_milliseconds	0 minor_page_faults/s	0 major_page_faults/s	0 yields/s	2 preempts/s
221004 milliseconds	2831 MB/s	1 short_reads/s	0 short_writes_echo/s	37 cpu_user_milliseconds	959 cpu_system_milliseconds	0 minor_page_faults/s	0 major_page_faults/s	1 yields/s	29 preempts/s
222004 milliseconds	2877 MB/s	0 short_reads/s	0 short_writes_echo/s	32 cpu_user_milliseconds	964 cpu_system_milliseconds	0 minor_page_faults/s	0 major_page_faults/s	0 yields/s	31 preempts/s
223004 milliseconds	2736 MB/s	0 short_reads/s	0 short_writes_echo/s	35 cpu_user_milliseconds	963 cpu_system_milliseconds	0 minor_page_faults/s	0 major_page_faults/s	0 yields/s	10 preempts/s
224004 milliseconds	2867 MB/s	0 short_reads/s	0 short_writes_echo/s	45 cpu_user_milliseconds	952 cpu_system_milliseconds	0 minor_page_faults/s	0 major_page_faults/s	0 yields/s	14 preempts/s
225004 milliseconds	2855 MB/s	0 short_reads/s	0 short_writes_echo/s	55 cpu_user_milliseconds	942 cpu_system_milliseconds	0 minor_page_faults/s	0 major_page_faults/s	0 yields/s	33 preempts/s
226004 milliseconds	2886 MB/s	0 short_reads/s	0 short_writes_echo/s	54 cpu_user_milliseconds	943 cpu_system_milliseconds	0 minor_page_faults/s	0 major_page_faults/s	0 yields/s	25 preempts/s
227004 milliseconds	2905 MB/s	0 short_reads/s	0 short_writes_echo/s	35 cpu_user_milliseconds	961 cpu_system_milliseconds	0 minor_page_faults/s	0 major_page_faults/s	0 yields/s	27 preempts/s
228004 milliseconds	2842 MB/s	0 short_reads/s	0 short_writes_echo/s	49 cpu_user_milliseconds	948 cpu_system_milliseconds	0 minor_page_faults/s	0 major_page_faults/s	0 yields/s	25 preempts/s
229004 milliseconds	2884 MB/s	0 short_reads/s	0 short_writes_echo/s	40 cpu_user_milliseconds	959 cpu_system_milliseconds	0 minor_page_faults/s	0 major_page_faults/s	0 yields/s	16 preempts/s
230004 milliseconds	2911 MB/s	0 short_reads/s	0 short_writes_echo/s	35 cpu_user_milliseconds	963 cpu_system_milliseconds	0 minor_page_faults/s	0 major_page_faults/s	0 yields/s	7 preempts/s
231004 milliseconds	2878 MB/s	0 short_reads/s	0 short_writes_echo/s	38 cpu_user_milliseconds	958 cpu_system_milliseconds	0 minor_page_faults/s	0 major_page_faults/s	0 yields/s	29 preempts/s
232004 milliseconds	2822 MB/s	0 short_reads/s	0 short_writes_echo/s	39 cpu_user_milliseconds	959 cpu_system_milliseconds	0 minor_page_faults/s	0 major_page_faults/s	0 yields/s	7 preempts/s
233004 milliseconds	2643 MB/s	0 short_reads/s	0 short_writes_echo/s	34 cpu_user_milliseconds	964 cpu_system_milliseconds	0 minor_page_faults/s	0 major_page_faults/s	0 yields/s	7 preempts/s
234004 milliseconds	2842 MB/s	0 short_reads/s	0 short_writes_echo/s	43 cpu_user_milliseconds	955 cpu_system_milliseconds	0 minor_page_faults/s	0 major_page_faults/s	0 yields/s	8 preempts/s
235004 milliseconds	2777 MB/s	0 short_reads/s	0 short_writes_echo/s	52 cpu_user_milliseconds	946 cpu_system_milliseconds	0 minor_page_faults/s	0 major_page_faults/s	0 yields/s	5 preempts/s
236004 milliseconds	2918 MB/s	0 short_reads/s	0 short_writes_echo/s	37 cpu_user_milliseconds	962 cpu_system_milliseconds	0 minor_page_faults/s	0 major_page_faults/s	0 yields/s	2 preempts/s
237004 milliseconds	2916 MB/s	0 short_reads/s	0 short_writes_echo/s	46 cpu_user_milliseconds	952 cpu_system_milliseconds	0 minor_page_faults/s	0 major_page_faults/s	0 yields/s	8 preempts/s
238004 milliseconds	2852 MB/s	0 short_reads/s	0 short_writes_echo/s	46 cpu_user_milliseconds	952 cpu_system_milliseconds	0 minor_page_faults/s	0 major_page_faults/s	0 yields/s	6 preempts/s
239004 milliseconds	2884 MB/s	0 short_reads/s	0 short_writes_echo/s	42 cpu_user_milliseconds	956 cpu_system_milliseconds	0 minor_page_faults/s	0 major_page_faults/s	0 yields/s	7 preempts/s
240004 milliseconds	2918 MB/s	0 short_reads/s	0 short_writes_echo/s	44 cpu_user_milliseconds	954 cpu_system_milliseconds	0 minor_page_faults/s	0 major_page_faults/s	0 yields/s	3 preempts/s
