1000 milliseconds	2556 MB/s	1 short_reads/s	0 short_writes_echo/s	38 cpu_user_milliseconds	962 cpu_system_milliseconds	195 minor_page_faults/s	0 major_page_faults/s	2 yields/s	15 preempts/s
2000 milliseconds	2687 MB/s	0 short_reads/s	0 short_writes_echo/s	50 cpu_user_milliseconds	949 cpu_system_milliseconds	4 minor_page_faults/s	0 major_page_faults/s	0 yields/s	5 preempts/s
3000 milliseconds	2656 MB/s	0 short_reads/s	0 short_writes_echo/s	48 cpu_user_milliseconds	950 cpu_system_milliseconds	0 minor_page_faults/s	0 major_page_faults/s	0 yields/s	8 preempts/s
4000 milliseconds	2704 MB/s	0 short_reads/s	0 short_writes_echo/s	47 cpu_user_milliseconds	949 cpu_system_milliseconds	0 minor_page_faults/s	0 major_page_faults/s	0 yields/s	30 preempts/s
5000 milliseconds	2663 MB/s	0 short_reads/s	0 short_writes_echo/s	37 cpu_user_milliseconds	961 cpu_system_milliseconds	0 minor_page_faults/s	0 major_page_faults/s	0 yields/s	8 preempts/s
6000 milliseconds	2709 MB/s	0 short_reads/s	0 short_writes_echo/s	54 cpu_user_milliseconds	942 cpu_system_milliseconds	0 minor_page_faults/s	0 major_page_faults/s	0 yields/s	30 preempts/s
7000 milliseconds	2712 MB/s	0 short_reads/s	0 short_writes_echo/s	31 cpu_user_milliseconds	968 cpu_system_milliseconds	0 minor_page_faults/s	0 major_page_faults/s	0 yields/s	8 preempts/s
8000 milliseconds	2637 MB/s	0 short_reads/s	0 short_writes_echo/s	62 cpu_user_milliseconds	936 cpu_system_milliseconds	0 minor_page_faults/s	0 major_page_faults/s	0 yields/s	5 preempts/s
9000 milliseconds	2645 MB/s	0 short_reads/s	0 short_writes_echo/s	46 cpu_user_milliseconds	946 cpu_system_milliseconds	0 minor_page_faults/s	0 major_page_faults/s	0 yields/s	72 preempts/s
10000 milliseconds	2709 MB/s	0 short_reads/s	0 short_writes_echo/s	41 cpu_user_milliseconds	957 cpu_system_milliseconds	0 minor_page_faults/s	0 major_page_faults/s	0 yields/s	9 preempts/s
11000 milliseconds	2655 MB/s	0 short_reads/s	0 short_writes_echo/s	55 cpu_user_milliseconds	944 cpu_system_milliseconds	0 minor_page_faults/s	0 major_page_faults/s	0 yields/s	6 preempts/s
12000 milliseconds	2719 MB/s	0 short_reads/s	0 short_writes_echo/s	44 cpu_user_milliseconds	954 cpu_system_milliseconds	0 minor_page_faults/s	0 major_page_faults/s	0 yields/s	2 preempts/s
13000 milliseconds	2628 MB/s	0 short_reads/s	0 short_writes_echo/s	45 cpu_user_milliseconds	950 cpu_system_milliseconds	0 minor_page_faults/s	0 major_page_faults/s	0 yields/s	46 preempts/s
14000 milliseconds	2683 MB/s	0 short_reads/s	0 short_writes_echo/s	51 cpu_user_milliseconds	946 cpu_system_milliseconds	0 minor_page_faults/s	0 major_page_faults/s	0 yields/s	8 preempts/s
15000 milliseconds	2628 MB/s	0 short_reads/s	0 short_writes_echo/s	54 cpu_user_milliseconds	944 cpu_system_milliseconds	0 minor_page_faults/s	0 major_page_faults/s	0 yields/s	10 preempts/s
16000 milliseconds	2717 MB/s	0 short_reads/s	0 short_writes_echo/s	49 cpu_user_milliseconds	947 cpu_system_milliseconds	0 minor_page_faults/s	0 major_page_faults/s	0 yields/s	28 preempts/s
17000 milliseconds	2671 MB/s	0 short_reads/s	0 short_writes_echo/s	57 cpu_user_milliseconds	940 cpu_system_milliseconds	0 minor_page_faults/s	0 major_page_faults/s	0 yields/s	22 preempts/s
18000 milliseconds	2676 MB/s	353 short_reads/s	0 short_writes_echo/s	48 cpu_user_milliseconds	948 cpu_system_milliseconds	0 minor_page_faults/s	0 major_page_faults/s	96 yields/s	28 preempts/s
19000 milliseconds	2707 MB/s	0 short_reads/s	0 short_writes_echo/s	50 cpu_user_milliseconds	948 cpu_system_milliseconds	0 minor_page_faults/s	0 major_page_faults/s	0 yields/s	9 preempts/s
20000 milliseconds	2702 MB/s	0 short_reads/s	0 short_writes_echo/s	47 cpu_user_milliseconds	951 cpu_system_milliseconds	0 minor_page_faults/s	0 major_page_faults/s	0 yields/s	5 preempts/s
21000 milliseconds	2644 MB/s	0 short_reads/s	0 short_writes_echo/s	45 cpu_user_milliseconds	951 cpu_system_milliseconds	0 minor_page_faults/s	0 major_page_faults/s	0 yields/s	41 preempts/s
22000 milliseconds	2665 MB/s	0 short_reads/s	0 short_writes_echo/s	52 cpu_user_milliseconds	946 cpu_system_milliseconds	0 minor_page_faults/s	0 major_page_faults/s	0 yields/s	9 preempts/s
23000 milliseconds	2626 MB/s	0 short_reads/s	0 short_writes_echo/s	55 cpu_user_milliseconds	943 cpu_system_milliseconds	0 minor_page_faults/s	0 major_page_faults/s	0 yields/s	8 preempts/s
24000 milliseconds	2693 MB/s	0 short_reads/s	0 short_writes_echo/s	45 cpu_user_milliseconds	950 cpu_system_milliseconds	0 minor_page_faults/s	0 major_page_faults/s	0 yields/s	52 preempts/s
25000 milliseconds	2693 MB/s	0 short_reads/s	0 short_writes_echo/s	54 cpu_user_milliseconds	940 cpu_system_milliseconds	0 minor_page_faults/s	0 major_page_faults/s	0 yields/s	49 preempts/s
26000 milliseconds	2589 MB/s	0 short_reads/s	0 short_writes_echo/s	61 cpu_user_milliseconds	938 cpu_system_milliseconds	0 minor_page_faults/s	0 major_page_faults/s	0 yields/s	7 preempts/s
27000 milliseconds	2615 MB/s	0 short_reads/s	0 short_writes_echo/s	36 cpu_user_milliseconds	962 cpu_system_milliseconds	0 minor_page_faults/s	0 major_page_faults/s	0 yields/s	5 preempts/s
28000 milliseconds	2696 MB/s	206 short_reads/s	0 short_writes_echo/s	49 cpu_user_milliseconds	947 cpu_system_milliseconds	0 minor_page_faults/s	0 major_page_faults/s	64 yields/s	28 preempts/s
29000 milliseconds	2669 MB/s	0 short_reads/s	0 short_writes_echo/s	53 cpu_user_milliseconds	944 cpu_system_milliseconds	0 minor_page_faults/s	0 major_page_faults/s	0 yields/s	21 preempts/s
30000 milliseconds	2705 MB/s	0 short_reads/s	0 short_writes_echo/s	66 cpu_user_milliseconds	930 cpu_system_milliseconds	0 minor_page_faults/s	0 major_page_faults/s	0 yields/s	29 preempts/s
31000 milliseconds	2708 MB/s	0 short_reads/s	0 short_writes_echo/s	70 cpu_user_milliseconds	926 cpu_system_milliseconds	0 minor_page_faults/s	0 major_page_faults/s	0 yields/s	26 preempts/s
32000 milliseconds	2707 MB/s	0 short_reads/s	0 short_writes_echo/s	58 cpu_user_milliseconds	938 cpu_system_milliseconds	0 minor_page_faults/s	0 major_page_faults/s	0 yields/s	25 preempts/s
33000 milliseconds	2654 MB/s	0 short_reads/s	0 short_writes_echo/s	54 cpu_user_milliseconds	945 cpu_system_milliseconds	0 minor_page_faults/s	0 major_page_faults/s	0 yields/s	11 preempts/s
34000 milliseconds	2721 MB/s	0 short_reads/s	0 short_writes_echo/s	36 cpu_user_milliseconds	960 cpu_system_milliseconds	0 minor_page_faults/s	0 major_page_faults/s	0 yields/s	29 preempts/s
35000 milliseconds	2625 MB/s	0 short_reads/s	0 short_writes_echo/s	49 cpu_user_milliseconds	949 cpu_system_milliseconds	0 minor_page_faults/s	0 major_page_faults/s	0 yields/s	9 preempts/s
36000 milliseconds	2683 MB/s	0 short_reads/s	0 short_writes_echo/s	44 cpu_user_milliseconds	954 cpu_system_milliseconds	0 minor_page_faults/s	0 major_page_faults/s	0 yields/s	4 preempts/s
37000 milliseconds	2692 MB/s	32 short_reads/s	0 short_writes_echo/s	46 cpu_user_milliseconds	951 cpu_system_milliseconds	0 minor_page_faults/s	0 major_page_faults/s	23 yields/s	7 preempts/s
38000 milliseconds	2663 MB/s	0 short_reads/s	0 short_writes_echo/s	41 cpu_user_milliseconds	957 cpu_system_milliseconds	0 minor_page_faults/s	0 major_page_faults/s	0 yields/s	7 preempts/s
39000 milliseconds	2637 MB/s	0 short_reads/s	0 short_writes_echo/s	41 cpu_user_milliseconds	957 cpu_system_milliseconds	0 minor_page_faults/s	0 major_page_faults/s	0 yields/s	8 preempts/s
40000 milliseconds	2586 MB/s	0 short_reads/s	0 short_writes_echo/s	39 cpu_user_milliseconds	959 cpu_system_milliseconds	0 minor_page_faults/s	0 major_page_faults/s	0 yields/s	7 preempts/s
41000 milliseconds	2595 MB/s	0 short_reads/s	0 short_writes_echo/s	40 cpu_user_milliseconds	958 cpu_system_milliseconds	0 minor_page_faults/s	0 major_page_faults/s	0 yields/s	3 preempts/s
42000 milliseconds	2707 MB/s	0 short_reads/s	0 short_writes_echo/s	49 cpu_user_milliseconds	949 cpu_system_milliseconds	0 minor_page_faults/s	0 major_page_faults/s	0 yields/s	5 preempts/s
43001 milliseconds	2659 MB/s	0 short_reads/s	0 short_writes_echo/s	49 cpu_user_milliseconds	949 cpu_system_milliseconds	0 minor_page_faults/s	0 major_page_faults/s	0 yields/s	2 preempts/s
44001 milliseconds	2714 MB/s	0 short_reads/s	0 short_writes_echo/s	42 cpu_user_milliseconds	954 cpu_system_milliseconds	0 minor_page_faults/s	0 major_page_faults/s	0 yields/s	30 preempts/s
45001 milliseconds	2699 MB/s	0 short_reads/s	0 short_writes_echo/s	41 cpu_user_milliseconds	951 cpu_system_milliseconds	0 minor_page_faults/s	0 major_page_faults/s	0 yields/s	69 preempts/s
46001 milliseconds	2721 MB/s	0 short_reads/s	0 short_writes_echo/s	42 cpu_user_milliseconds	954 cpu_system_milliseconds	0 minor_page_faults/s	0 major_page_faults/s	0 yields/s	28 preempts/s
47001 milliseconds	2685 MB/s	0 short_reads/s	0 short_writes_echo/s	46 cpu_user_milliseconds	951 cpu_system_milliseconds	0 minor_page_faults/s	0 major_page_faults/s	0 yields/s	30 preempts/s
48001 milliseconds	2559 MB/s	0 short_reads/s	0 short_writes_echo/s	38 cpu_user_milliseconds	958 cpu_system_milliseconds	0 minor_page_faults/s	0 major_page_faults/s	0 yields/s	29 preempts/s
49001 milliseconds	2643 MB/s	0 short_reads/s	0 short_writes_echo/s	40 cpu_user_milliseconds	955 cpu_system_milliseconds	0 minor_page_faults/s	0 major_page_faults/s	0 yields/s	44 preempts/s
50001 milliseconds	2709 MB/s	0 short_reads/s	0 short_writes_echo/s	39 cpu_user_milliseconds	959 cpu_system_milliseconds	0 minor_page_faults/s	0 major_page_faults/s	0 yields/s	4 preempts/s
51001 milliseconds	2677 MB/s	0 short_reads/s	0 short_writes_echo/s	50 cpu_user_milliseconds	948 cpu_system_milliseconds	0 minor_page_faults/s	0 major_page_faults/s	0 yields/s	5 preempts/s
52001 milliseconds	2618 MB/s	0 short_reads/s	0 short_writes_echo/s	39 cpu_user_milliseconds	959 cpu_system_milliseconds	0 minor_page_faults/s	0 major_page_faults/s	0 yields/s	8 preempts/s
53001 milliseconds	2640 MB/s	0 short_reads/s	0 short_writes_echo/s	50 cpu_user_milliseconds	946 cpu_system_milliseconds	0 minor_page_faults/s	0 major_page_faults/s	0 yields/s	27 preempts/s
54001 milliseconds	2708 MB/s	0 short_reads/s	0 short_writes_echo/s	52 cpu_user_milliseconds	946 cpu_system_milliseconds	0 minor_page_faults/s	0 major_page_faults/s	0 yields/s	6 preempts/s
55001 milliseconds	2710 MB/s	0 short_reads/s	0 short_writes_echo/s	47 cpu_user_milliseconds	951 cpu_system_milliseconds	0 minor_page_faults/s	0 major_page_faults/s	0 yields/s	4 preempts/s
56001 milliseconds	2695 MB/s	0 short_reads/s	0 short_writes_echo/s	39 cpu_user_milliseconds	959 cpu_system_milliseconds	0 minor_page_faults/s	0 major_page_faults/s	0 yields/s	7 preempts/s
57001 milliseconds	2585 MB/s	0 short_reads/s	0 short_writes_echo/s	34 cpu_user_milliseconds	964 cpu_system_milliseconds	0 minor_page_faults/s	0 major_page_faults/s	0 yields/s	9 preempts/s
58001 milliseconds	2657 MB/s	0 short_reads/s	0 short_writes_echo/s	46 cpu_user_milliseconds	951 cpu_system_milliseconds	0 minor_page_faults/s	0 major_page_faults/s	0 yields/s	28 preempts/s
59001 milliseconds	2673 MB/s	0 short_reads/s	0 short_writes_echo/s	42 cpu_user_milliseconds	956 cpu_system_milliseconds	0 minor_page_faults/s	0 major_page_faults/s	0 yields/s	2 preempts/s
60001 milliseconds	2574 MB/s	0 short_reads/s	0 short_writes_echo/s	41 cpu_user_milliseconds	957 cpu_system_milliseconds	0 minor_page_faults/s	0 major_page_faults/s	0 yields/s	8 preempts/s
61001 milliseconds	2677 MB/s	0 short_reads/s	0 short_writes_echo/s	60 cpu_user_milliseconds	938 cpu_system_milliseconds	0 minor_page_faults/s	0 major_page_faults/s	0 yields/s	7 preempts/s
62001 milliseconds	2604 MB/s	0 short_reads/s	0 short_writes_echo/s	50 cpu_user_milliseconds	948 cpu_system_milliseconds	0 minor_page_faults/s	0 major_page_faults/s	0 yields/s	5 preempts/s
63001 milliseconds	2553 MB/s	0 short_reads/s	0 short_writes_echo/s	42 cpu_user_milliseconds	954 cpu_system_milliseconds	0 minor_page_faults/s	0 major_page_faults/s	0 yields/s	24 preempts/s
64001 milliseconds	2654 MB/s	0 short_reads/s	0 short_writes_echo/s	55 cpu_user_milliseconds	943 cpu_system_milliseconds	0 minor_page_faults/s	0 major_page_faults/s	0 yields/s	7 preempts/s
65001 milliseconds	2705 MB/s	0 short_reads/s	0 short_writes_echo/s	45 cpu_user_milliseconds	948 cpu_system_milliseconds	0 minor_page_faults/s	0 major_page_faults/s	0 yields/s	58 preempts/s
66001 milliseconds	2609 MB/s	0 short_reads/s	0 short_writes_echo/s	50 cpu_user_milliseconds	948 cpu_system_milliseconds	0 minor_page_faults/s	0 major_page_faults/s	0 yields/s	4 preempts/s
67001 milliseconds	2714 MB/s	0 short_reads/s	0 short_writes_echo/s	52 cpu_user_milliseconds	946 cpu_system_milliseconds	0 minor_page_faults/s	0 major_page_faults/s	0 yields/s	2 preempts/s
68001 milliseconds	2652 MB/s	325 short_reads/s	0 short_writes_echo/s	52 cpu_user_milliseconds	946 cpu_system_milliseconds	0 minor_page_faults/s	0 major_page_faults/s	104 yields/s	6 preempts/s
69001 milliseconds	2641 MB/s	0 short_reads/s	0 short_writes_echo/s	46 cpu_user_milliseconds	952 cpu_system_milliseconds	0 minor_page_faults/s	0 major_page_faults/s	0 yields/s	5 preempts/s
70001 milliseconds	2700 MB/s	0 short_reads/s	0 short_writes_echo/s	51 cpu_user_milliseconds	948 cpu_system_milliseconds	0 minor_page_faults/s	0 major_page_faults/s	0 yields/s	3 preempts/s
71001 milliseconds	2672 MB/s	0 short_reads/s	0 short_writes_echo/s	47 cpu_user_milliseconds	951 cpu_system_milliseconds	0 minor_page_faults/s	0 major_page_faults/s	0 yields/s	5 preempts/s
72001 milliseconds	2706 MB/s	0 short_reads/s	0 short_writes_echo/s	47 cpu_user_milliseconds	951 cpu_system_milliseconds	0 minor_page_faults/s	0 major_page_faults/s	0 yields/s	4 preempts/s
73001 milliseconds	2490 MB/s	0 short_reads/s	0 short_writes_echo/s	44 cpu_user_milliseconds	954 cpu_system_milliseconds	0 minor_page_faults/s	0 major_page_faults/s	0 yields/s	17 preempts/s
74001 milliseconds	2701 MB/s	0 short_reads/s	0 short_writes_echo/s	37 cpu_user_milliseconds	960 cpu_system_milliseconds	0 minor_page_faults/s	0 major_page_faults/s	0 yields/s	29 preempts/s
75001 milliseconds	2616 MB/s	0 short_reads/s	0 short_writes_echo/s	50 cpu_user_milliseconds	948 cpu_system_milliseconds	0 minor_page_faults/s	0 major_page_faults/s	0 yields/s	6 preempts/s
76001 milliseconds	2703 MB/s	0 short_reads/s	0 short_writes_echo/s	50 cpu_user_milliseconds	947 cpu_system_milliseconds	0 minor_page_faults/s	0 major_page_faults/s	0 yields/s	28 preempts/s
77001 milliseconds	2676 MB/s	0 short_reads/s	0 short_writes_echo/s	42 cpu_user_milliseconds	956 cpu_system_milliseconds	0 minor_page_faults/s	0 major_page_faults/s	0 yields/s	10 preempts/s
78001 milliseconds	2570 MB/s	0 short_reads/s	0 short_writes_echo/s	53 cpu_user_milliseconds	945 cpu_system_milliseconds	0 minor_page_faults/s	0 major_page_faults/s	0 yields/s	8 preempts/s
79001 milliseconds	2688 MB/s	0 short_reads/s	0 short_writes_echo/s	41 cpu_user_milliseconds	957 cpu_system_milliseconds	0 minor_page_faults/s	0 major_page_faults/s	0 yields/s	5 preempts/s
80001 milliseconds	2712 MB/s	0 short_reads/s	0 short_writes_echo/s	52 cpu_user_milliseconds	946 cpu_system_milliseconds	0 minor_page_faults/s	0 major_page_faults/s	0 yields/s	5 preempts/s
81001 milliseconds	2632 MB/s	0 short_reads/s	0 short_writes_echo/s	46 cpu_user_milliseconds	950 cpu_system_milliseconds	0 minor_page_faults/s	0 major_page_faults/s	0 yields/s	26 preempts/s
82001 milliseconds	2656 MB/s	0 short_reads/s	0 short_writes_echo/s	47 cpu_user_milliseconds	951 cpu_system_milliseconds	0 minor_page_faults/s	0 major_page_faults/s	0 yields/s	9 preempts/s
83001 milliseconds	2572 MB/s	0 short_reads/s	0 short_writes_echo/s	53 cpu_user_milliseconds	945 cpu_system_milliseconds	0 minor_page_faults/s	0 major_page_faults/s	0 yields/s	3 preempts/s
84001 milliseconds	2706 MB/s	0 short_reads/s	0 short_writes_echo/s	47 cpu_user_milliseconds	951 cpu_system_milliseconds	0 minor_page_faults/s	0 major_page_faults/s	0 yields/s	24 preempts/s
85001 milliseconds	2718 MB/s	0 short_reads/s	0 short_writes_echo/s	56 cpu_user_milliseconds	940 cpu_system_milliseconds	0 minor_page_faults/s	0 major_page_faults/s	0 yields/s	36 preempts/s
86001 milliseconds	2719 MB/s	0 short_reads/s	0 short_writes_echo/s	39 cpu_user_milliseconds	959 cpu_system_milliseconds	0 minor_page_faults/s	0 major_page_faults/s	0 yields/s	9 preempts/s
87001 milliseconds	2653 MB/s	0 short_reads/s	0 short_writes_echo/s	51 cpu_user_milliseconds	945 cpu_system_milliseconds	0 minor_page_faults/s	0 major_page_faults/s	0 yields/s	25 preempts/s
88001 milliseconds	2562 MB/s	0 short_reads/s	0 short_writes_echo/s	50 cpu_user_milliseconds	947 cpu_system_milliseconds	0 minor_page_faults/s	0 major_page_faults/s	0 yields/s	28 preempts/s
89001 milliseconds	2680 MB/s	0 short_reads/s	0 short_writes_echo/s	39 cpu_user_milliseconds	958 cpu_system_milliseconds	0 minor_page_faults/s	0 major_page_faults/s	0 yields/s	28 preempts/s
90001 milliseconds	2702 MB/s	0 short_reads/s	0 short_writes_echo/s	43 cpu_user_milliseconds	956 cpu_system_milliseconds	0 minor_page_faults/s	0 major_page_faults/s	0 yields/s	3 preempts/s
91001 milliseconds	2727 MB/s	0 short_reads/s	0 short_writes_echo/s	48 cpu_user_milliseconds	950 cpu_system_milliseconds	0 minor_page_faults/s	0 major_page_faults/s	0 yields/s	3 preempts/s
92001 milliseconds	2705 MB/s	0 short_reads/s	0 short_writes_echo/s	42 cpu_user_milliseconds	956 cpu_system_milliseconds	0 minor_page_faults/s	0 major_page_faults/s	0 yields/s	3 preempts/s
93002 milliseconds	2623 MB/s	0 short_reads/s	0 short_writes_echo/s	44 cpu_user_milliseconds	954 cpu_system_milliseconds	0 minor_page_faults/s	0 major_page_faults/s	0 yields/s	4 preempts/s
94002 milliseconds	2651 MB/s	0 short_reads/s	0 short_writes_echo/s	43 cpu_user_milliseconds	955 cpu_system_milliseconds	0 minor_page_faults/s	0 major_page_faults/s	0 yields/s	8 preempts/s
95002 milliseconds	2665 MB/s	0 short_reads/s	0 short_writes_echo/s	43 cpu_user_milliseconds	953 cpu_system_milliseconds	0 minor_page_faults/s	0 major_page_faults/s	0 yields/s	25 preempts/s
96002 milliseconds	2709 MB/s	0 short_reads/s	0 short_writes_echo/s	48 cpu_user_milliseconds	950 cpu_system_milliseconds	0 minor_page_faults/s	0 major_page_faults/s	0 yields/s	7 preempts/s
97002 milliseconds	2705 MB/s	0 short_reads/s	0 short_writes_echo/s	54 cpu_user_milliseconds	944 cpu_system_milliseconds	0 minor_page_faults/s	0 major_page_faults/s	0 yields/s	2 preempts/s
98002 milliseconds	2597 MB/s	0 short_reads/s	0 short_writes_echo/s	38 cpu_user_milliseconds	960 cpu_system_milliseconds	0 minor_page_faults/s	0 major_page_faults/s	0 yields/s	5 preempts/s
99002 milliseconds	2706 MB/s	0 short_reads/s	0 short_writes_echo/s	63 cpu_user_milliseconds	935 cpu_system_milliseconds	0 minor_page_faults/s	0 major_page_faults/s	0 yields/s	2 preempts/s
100002 milliseconds	2694 MB/s	0 short_reads/s	0 short_writes_echo/s	49 cpu_user_milliseconds	947 cpu_system_milliseconds	0 minor_page_faults/s	0 major_page_faults/s	0 yields/s	27 preempts/s
101002 milliseconds	2557 MB/s	0 short_reads/s	0 short_writes_echo/s	36 cpu_user_milliseconds	962 cpu_system_milliseconds	0 minor_page_faults/s	0 major_page_faults/s	0 yields/s	8 preempts/s
102002 milliseconds	2722 MB/s	0 short_reads/s	0 short_writes_echo/s	51 cpu_user_milliseconds	947 cpu_system_milliseconds	0 minor_page_faults/s	0 major_page_faults/s	0 yields/s	6 preempts/s
103002 milliseconds	2587 MB/s	0 short_reads/s	0 short_writes_echo/s	48 cpu_user_milliseconds	950 cpu_system_milliseconds	0 minor_page_faults/s	0 major_page_faults/s	0 yields/s	2 preempts/s
104002 milliseconds	2713 MB/s	0 short_reads/s	0 short_writes_echo/s	34 cpu_user_milliseconds	964 cpu_system_milliseconds	0 minor_page_faults/s	0 major_page_faults/s	0 yields/s	7 preempts/s
105002 milliseconds	2670 MB/s	0 short_reads/s	0 short_writes_echo/s	44 cpu_user_milliseconds	950 cpu_system_milliseconds	0 minor_page_faults/s	0 major_page_faults/s	0 yields/s	50 preempts/s
106002 milliseconds	2698 MB/s	0 short_reads/s	0 short_writes_echo/s	57 cpu_user_milliseconds	941 cpu_system_milliseconds	0 minor_page_faults/s	0 major_page_faults/s	0 yields/s	10 preempts/s
107002 milliseconds	2711 MB/s	0 short_reads/s	0 short_writes_echo/s	36 cpu_user_milliseconds	963 cpu_system_milliseconds	0 minor_page_faults/s	0 major_page_faults/s	0 yields/s	4 preempts/s
108002 milliseconds	2667 MB/s	494 short_reads/s	0 short_writes_echo/s	54 cpu_user_milliseconds	944 cpu_system_milliseconds	0 minor_page_faults/s	0 major_page_faults/s	165 yields/s	8 preempts/s
109002 milliseconds	2703 MB/s	0 short_reads/s	0 short_writes_echo/s	43 cpu_user_milliseconds	950 cpu_system_milliseconds	0 minor_page_faults/s	0 major_page_faults/s	0 yields/s	57 preempts/s
110002 milliseconds	2718 MB/s	0 short_reads/s	0 short_writes_echo/s	42 cpu_user_milliseconds	953 cpu_system_milliseconds	0 minor_page_faults/s	0 major_page_faults/s	0 yields/s	39 preempts/s
111002 milliseconds	2708 MB/s	0 short_reads/s	0 short_writes_echo/s	61 cpu_user_milliseconds	937 cpu_system_milliseconds	0 minor_page_faults/s	0 major_page_faults/s	0 yields/s	4 preempts/s
112002 milliseconds	2563 MB/s	0 short_reads/s	0 short_writes_echo/s	45 cpu_user_milliseconds	953 cpu_system_milliseconds	0 minor_page_faults/s	0 major_page_faults/s	0 yields/s	2 preempts/s
113002 milliseconds	2646 MB/s	0 short_reads/s	0 short_writes_echo/s	47 cpu_user_milliseconds	951 cpu_system_milliseconds	0 minor_page_faults/s	0 major_page_faults/s	0 yields/s	6 preempts/s
114002 milliseconds	2706 MB/s	0 short_reads/s	0 short_writes_echo/s	43 cpu_user_milliseconds	954 cpu_system_milliseconds	0 minor_page_faults/s	0 major_page_faults/s	0 yields/s	26 preempts/s
115002 milliseconds	2640 MB/s	0 short_reads/s	0 short_writes_echo/s	50 cpu_user_milliseconds	946 cpu_system_milliseconds	0 minor_page_faults/s	0 major_page_faults/s	0 yields/s	28 preempts/s
116002 milliseconds	2624 MB/s	0 short_reads/s	0 short_writes_echo/s	49 cpu_user_milliseconds	949 cpu_system_milliseconds	0 minor_page_faults/s	0 major_page_faults/s	0 yields/s	8 preempts/s
117002 milliseconds	2474 MB/s	0 short_reads/s	0 short_writes_echo/s	48 cpu_user_milliseconds	950 cpu_system_milliseconds	0 minor_page_faults/s	0 major_page_faults/s	0 yields/s	4 preempts/s
118002 milliseconds	2677 MB/s	197 short_reads/s	0 short_writes_echo/s	39 cpu_user_milliseconds	959 cpu_system_milliseconds	0 minor_page_faults/s	0 major_page_faults/s	61 yields/s	4 preempts/s
119002 milliseconds	2591 MB/s	0 short_reads/s	0 short_writes_echo/s	46 cpu_user_milliseconds	952 cpu_system_milliseconds	0 minor_page_faults/s	0 major_page_faults/s	0 yields/s	2 preempts/s
120002 milliseconds	2692 MB/s	0 short_reads/s	0 short_writes_echo/s	63 cpu_user_milliseconds	935 cpu_system_milliseconds	0 minor_page_faults/s	0 major_page_faults/s	0 yields/s	4 preempts/s
121002 milliseconds	2640 MB/s	0 short_reads/s	0 short_writes_echo/s	44 cpu_user_milliseconds	952 cpu_system_milliseconds	0 minor_page_faults/s	0 major_page_faults/s	0 yields/s	31 preempts/s
122002 milliseconds	2665 MB/s	0 short_reads/s	0 short_writes_echo/s	55 cpu_user_milliseconds	943 cpu_system_milliseconds	0 minor_page_faults/s	0 major_page_faults/s	0 yields/s	19 preempts/s
123002 milliseconds	2613 MB/s	0 short_reads/s	0 short_writes_echo/s	49 cpu_user_milliseconds	950 cpu_system_milliseconds	0 minor_page_faults/s	0 major_page_faults/s	0 yields/s	12 preempts/s
124002 milliseconds	2718 MB/s	0 short_reads/s	0 short_writes_echo/s	50 cpu_user_milliseconds	948 cpu_system_milliseconds	0 minor_page_faults/s	0 major_page_faults/s	0 yields/s	8 preempts/s
125002 milliseconds	2708 MB/s	0 short_reads/s	0 short_writes_echo/s	33 cpu_user_milliseconds	966 cpu_system_milliseconds	0 minor_page_faults/s	0 major_page_faults/s	0 yields/s	4 preempts/s
126002 milliseconds	2703 MB/s	0 short_reads/s	0 short_writes_echo/s	43 cpu_user_milliseconds	955 cpu_system_milliseconds	0 minor_page_faults/s	0 major_page_faults/s	0 yields/s	10 preempts/s
127002 milliseconds	2712 MB/s	0 short_reads/s	0 short_writes_echo/s	43 cpu_user_milliseconds	953 cpu_system_milliseconds	0 minor_page_faults/s	0 major_page_faults/s	0 yields/s	24 preempts/s
128002 milliseconds	2542 MB/s	264 short_reads/s	0 short_writes_echo/s	45 cpu_user_milliseconds	953 cpu_system_milliseconds	0 minor_page_faults/s	0 major_page_faults/s	77 yields/s	9 preempts/s
129002 milliseconds	2712 MB/s	0 short_reads/s	0 short_writes_echo/s	41 cpu_user_milliseconds	955 cpu_system_milliseconds	0 minor_page_faults/s	0 major_page_faults/s	0 yields/s	27 preempts/s
130002 milliseconds	2705 MB/s	0 short_reads/s	0 short_writes_echo/s	45 cpu_user_milliseconds	951 cpu_system_milliseconds	0 minor_page_faults/s	0 major_page_faults/s	0 yields/s	51 preempts/s
131002 milliseconds	2698 MB/s	0 short_reads/s	0 short_writes_echo/s	53 cpu_user_milliseconds	944 cpu_system_milliseconds	0 minor_page_faults/s	0 major_page_faults/s	0 yields/s	25 preempts/s
132002 milliseconds	2729 MB/s	0 short_reads/s	0 short_writes_echo/s	41 cpu_user_milliseconds	955 cpu_system_milliseconds	0 minor_page_faults/s	0 major_page_faults/s	0 yields/s	27 preempts/s
133002 milliseconds	2633 MB/s	0 short_reads/s	0 short_writes_echo/s	48 cpu_user_milliseconds	949 cpu_system_milliseconds	0 minor_page_faults/s	0 major_page_faults/s	0 yields/s	27 preempts/s
134002 milliseconds	2717 MB/s	0 short_reads/s	0 short_writes_echo/s	41 cpu_user_milliseconds	958 cpu_system_milliseconds	0 minor_page_faults/s	0 major_page_faults/s	0 yields/s	2 preempts/s
135002 milliseconds	2630 MB/s	654 short_reads/s	0 short_writes_echo/s	45 cpu_user_milliseconds	945 cpu_system_milliseconds	0 minor_page_faults/s	0 major_page_faults/s	311 yields/s	6 preempts/s
136002 milliseconds	2701 MB/s	0 short_reads/s	0 short_writes_echo/s	52 cpu_user_milliseconds	944 cpu_system_milliseconds	0 minor_page_faults/s	0 major_page_faults/s	0 yields/s	22 preempts/s
137002 milliseconds	2701 MB/s	0 short_reads/s	0 short_writes_echo/s	47 cpu_user_milliseconds	950 cpu_system_milliseconds	0 minor_page_faults/s	0 major_page_faults/s	0 yields/s	24 preempts/s
138002 milliseconds	2612 MB/s	0 short_reads/s	0 short_writes_echo/s	41 cpu_user_milliseconds	953 cpu_system_milliseconds	0 minor_page_faults/s	0 major_page_faults/s	0 yields/s	57 preempts/s
139002 milliseconds	2715 MB/s	0 short_reads/s	0 short_writes_echo/s	49 cpu_user_milliseconds	949 cpu_system_milliseconds	0 minor_page_faults/s	0 major_page_faults/s	0 yields/s	2 preempts/s
140002 milliseconds	2668 MB/s	0 short_reads/s	0 short_writes_echo/s	60 cpu_user_milliseconds	938 cpu_system_milliseconds	0 minor_page_faults/s	0 major_page_faults/s	0 yields/s	5 preempts/s
141002 milliseconds	2614 MB/s	0 short_reads/s	0 short_writes_echo/s	51 cpu_user_milliseconds	945 cpu_system_milliseconds	0 minor_page_faults/s	0 major_page_faults/s	0 yields/s	27 preempts/s
142002 milliseconds	2711 MB/s	0 short_reads/s	0 short_writes_echo/s	47 cpu_user_milliseconds	951 cpu_system_milliseconds	0 minor_page_faults/s	0 major_page_faults/s	0 yields/s	19 preempts/s
143002 milliseconds	2674 MB/s	948 short_reads/s	0 short_writes_echo/s	57 cpu_user_milliseconds	940 cpu_system_milliseconds	0 minor_page_faults/s	0 major_page_faults/s	307 yields/s	7 preempts/s
144003 milliseconds	2703 MB/s	0 short_reads/s	0 short_writes_echo/s	31 cpu_user_milliseconds	968 cpu_system_milliseconds	0 minor_page_faults/s	0 major_page_faults/s	0 yields/s	4 preempts/s
145003 milliseconds	2704 MB/s	0 short_reads/s	0 short_writes_echo/s	55 cpu_user_milliseconds	942 cpu_system_milliseconds	0 minor_page_faults/s	0 major_page_faults/s	0 yields/s	23 preempts/s
146003 milliseconds	2698 MB/s	0 short_reads/s	0 short_writes_echo/s	52 cpu_user_milliseconds	944 cpu_system_milliseconds	0 minor_page_faults/s	0 major_page_faults/s	0 yields/s	33 preempts/s
147003 milliseconds	2701 MB/s	0 short_reads/s	0 short_writes_echo/s	44 cpu_user_milliseconds	952 cpu_system_milliseconds	0 minor_page_faults/s	0 major_page_faults/s	0 yields/s	29 preempts/s
148003 milliseconds	2656 MB/s	194 short_reads/s	0 short_writes_echo/s	43 cpu_user_milliseconds	953 cpu_system_milliseconds	0 minor_page_faults/s	0 major_page_faults/s	62 yields/s	24 preempts/s
149003 milliseconds	2707 MB/s	0 short_reads/s	0 short_writes_echo/s	44 cpu_user_milliseconds	953 cpu_system_milliseconds	0 minor_page_faults/s	0 major_page_faults/s	0 yields/s	17 preempts/s
150003 milliseconds	2677 MB/s	0 short_reads/s	0 short_writes_echo/s	51 cpu_user_milliseconds	945 cpu_system_milliseconds	0 minor_page_faults/s	0 major_page_faults/s	0 yields/s	32 preempts/s
151003 milliseconds	2667 MB/s	0 short_reads/s	0 short_writes_echo/s	62 cpu_user_milliseconds	935 cpu_system_milliseconds	0 minor_page_faults/s	0 major_page_faults/s	0 yields/s	26 preempts/s
152003 milliseconds	2664 MB/s	0 short_reads/s	0 short_writes_echo/s	48 cpu_user_milliseconds	950 cpu_system_milliseconds	0 minor_page_faults/s	0 major_page_faults/s	0 yields/s	5 preempts/s
153003 milliseconds	2623 MB/s	342 short_reads/s	0 short_writes_echo/s	49 cpu_user_milliseconds	948 cpu_system_milliseconds	0 minor_page_faults/s	0 major_page_faults/s	106 yields/s	5 preempts/s
154003 milliseconds	2714 MB/s	0 short_reads/s	0 short_writes_echo/s	47 cpu_user_milliseconds	951 cpu_system_milliseconds	0 minor_page_faults/s	0 major_page_faults/s	0 yields/s	7 preempts/s
155003 milliseconds	2627 MB/s	0 short_reads/s	0 short_writes_echo/s	45 cpu_user_milliseconds	953 cpu_system_milliseconds	0 minor_page_faults/s	0 major_page_faults/s	0 yields/s	4 preempts/s
156003 milliseconds	2645 MB/s	0 short_reads/s	0 short_writes_echo/s	54 cpu_user_milliseconds	944 cpu_system_milliseconds	0 minor_page_faults/s	0 major_page_faults/s	0 yields/s	14 preempts/s
157003 milliseconds	2631 MB/s	0 short_reads/s	0 short_writes_echo/s	43 cpu_user_milliseconds	955 cpu_system_milliseconds	0 minor_page_faults/s	0 major_page_faults/s	0 yields/s	8 preempts/s
158003 milliseconds	2481 MB/s	0 short_reads/s	0 short_writes_echo/s	53 cpu_user_milliseconds	945 cpu_system_milliseconds	0 minor_page_faults/s	0 major_page_faults/s	0 yields/s	10 preempts/s
159003 milliseconds	2697 MB/s	0 short_reads/s	0 short_writes_echo/s	50 cpu_user_milliseconds	948 cpu_system_milliseconds	0 minor_page_faults/s	0 major_page_faults/s	0 yields/s	1 preempts/s
160003 milliseconds	2695 MB/s	0 short_reads/s	0 short_writes_echo/s	41 cpu_user_milliseconds	957 cpu_system_milliseconds	0 minor_page_faults/s	0 major_page_faults/s	0 yields/s	7 preempts/s
161003 milliseconds	2612 MB/s	0 short_reads/s	0 short_writes_echo/s	54 cpu_user_milliseconds	944 cpu_system_milliseconds	0 minor_page_faults/s	0 major_page_faults/s	0 yields/s	4 preempts/s
162003 milliseconds	2717 MB/s	0 short_reads/s	0 short_writes_echo/s	52 cpu_user_milliseconds	946 cpu_system_milliseconds	0 minor_page_faults/s	0 major_page_faults/s	0 yields/s	26 preempts/s
163003 milliseconds	2658 MB/s	0 short_reads/s	0 short_writes_echo/s	48 cpu_user_milliseconds	950 cpu_system_milliseconds	0 minor_page_faults/s	0 major_page_faults/s	0 yields/s	21 preempts/s
164003 milliseconds	2728 MB/s	0 short_reads/s	0 short_writes_echo/s	48 cpu_user_milliseconds	948 cpu_system_milliseconds	0 minor_page_faults/s	0 major_page_faults/s	0 yields/s	33 preempts/s
165003 milliseconds	2717 MB/s	0 short_reads/s	0 short_writes_echo/s	32 cpu_user_milliseconds	964 cpu_system_milliseconds	0 minor_page_faults/s	0 major_page_faults/s	0 yields/s	26 preempts/s
166003 milliseconds	2708 MB/s	0 short_reads/s	0 short_writes_echo/s	49 cpu_user_milliseconds	950 cpu_system_milliseconds	0 minor_page_faults/s	0 major_page_faults/s	0 yields/s	7 preempts/s
167003 milliseconds	2702 MB/s	0 short_reads/s	0 short_writes_echo/s	41 cpu_user_milliseconds	957 cpu_system_milliseconds	0 minor_page_faults/s	0 major_page_faults/s	0 yields/s	7 preempts/s
168003 milliseconds	2620 MB/s	0 short_reads/s	0 short_writes_echo/s	36 cpu_user_milliseconds	960 cpu_system_milliseconds	0 minor_page_faults/s	0 major_page_faults/s	0 yields/s	28 preempts/s
169003 milliseconds	2726 MB/s	0 short_reads/s	0 short_writes_echo/s	58 cpu_user_milliseconds	939 cpu_system_milliseconds	0 minor_page_faults/s	0 major_page_faults/s	0 yields/s	27 preempts/s
170003 milliseconds	2704 MB/s	0 short_reads/s	0 short_writes_echo/s	56 cpu_user_milliseconds	939 cpu_system_milliseconds	0 minor_page_faults/s	0 major_page_faults/s	0 yields/s	45 preempts/s
171003 milliseconds	2714 MB/s	0 short_reads/s	0 short_writes_echo/s	32 cpu_user_milliseconds	967 cpu_system_milliseconds	0 minor_page_faults/s	0 major_page_faults/s	0 yields/s	3 preempts/s
172003 milliseconds	2615 MB/s	0 short_reads/s	0 short_writes_echo/s	46 cpu_user_milliseconds	953 cpu_system_milliseconds	0 minor_page_faults/s	0 major_page_faults/s	0 yields/s	1 preempts/s
173003 milliseconds	2582 MB/s	0 short_reads/s	0 short_writes_echo/s	48 cpu_user_milliseconds	950 cpu_system_milliseconds	0 minor_page_faults/s	0 major_page_faults/s	0 yields/s	4 preempts/s
174003 milliseconds	2708 MB/s	0 short_reads/s	0 short_writes_echo/s	44 cpu_user_milliseconds	953 cpu_system_milliseconds	0 minor_page_faults/s	0 major_page_faults/s	0 yields/s	28 preempts/s
175003 milliseconds	2702 MB/s	0 short_reads/s	0 short_writes_echo/s	46 cpu_user_milliseconds	951 cpu_system_milliseconds	0 minor_page_faults/s	0 major_page_faults/s	0 yields/s	15 preempts/s
176003 milliseconds	2690 MB/s	0 short_reads/s	0 short_writes_echo/s	63 cpu_user_milliseconds	935 cpu_system_milliseconds	0 minor_page_faults/s	0 major_page_faults/s	0 yields/s	6 preempts/s
177003 milliseconds	2693 MB/s	0 short_reads/s	0 short_writes_echo/s	47 cpu_user_milliseconds	951 cpu_system_milliseconds	0 minor_page_faults/s	0 major_page_faults/s	0 yields/s	5 preempts/s
178003 milliseconds	2653 MB/s	1001 short_reads/s	0 short_writes_echo/s	49 cpu_user_milliseconds	945 cpu_system_milliseconds	0 minor_page_faults/s	0 major_page_faults/s	339 yields/s	2 preempts/s
179003 milliseconds	2659 MB/s	0 short_reads/s	0 short_writes_echo/s	42 cpu_user_milliseconds	956 cpu_system_milliseconds	0 minor_page_faults/s	0 major_page_faults/s	0 yields/s	6 preempts/s
180003 milliseconds	2710 MB/s	0 short_reads/s	0 short_writes_echo/s	41 cpu_user_milliseconds	958 cpu_system_milliseconds	0 minor_page_faults/s	0 major_page_faults/s	0 yields/s	2 preempts/s
181003 milliseconds	2708 MB/s	0 short_reads/s	0 short_writes_echo/s	49 cpu_user_milliseconds	949 cpu_system_milliseconds	0 minor_page_faults/s	0 major_page_faults/s	0 yields/s	6 preempts/s
182003 milliseconds	2662 MB/s	0 short_reads/s	0 short_writes_echo/s	44 cpu_user_milliseconds	950 cpu_system_milliseconds	0 minor_page_faults/s	0 major_page_faults/s	0 yields/s	47 preempts/s
183003 milliseconds	2647 MB/s	1382 short_reads/s	0 short_writes_echo/s	45 cpu_user_milliseconds	948 cpu_system_milliseconds	0 minor_page_faults/s	0 major_page_faults/s	436 yields/s	28 preempts/s
184003 milliseconds	2643 MB/s	0 short_reads/s	0 short_writes_echo/s	52 cpu_user_milliseconds	946 cpu_system_milliseconds	0 minor_page_faults/s	0 major_page_faults/s	0 yields/s	5 preempts/s
185003 milliseconds	2703 MB/s	0 short_reads/s	0 short_writes_echo/s	44 cpu_user_milliseconds	954 cpu_system_milliseconds	0 minor_page_faults/s	0 major_page_faults/s	0 yields/s	3 preempts/s
186003 milliseconds	2665 MB/s	0 short_reads/s	0 short_writes_echo/s	56 cpu_user_milliseconds	942 cpu_system_milliseconds	0 minor_page_faults/s	0 major_page_faults/s	0 yields/s	3 preempts/s
187003 milliseconds	2705 MB/s	0 short_reads/s	0 short_writes_echo/s	47 cpu_user_milliseconds	951 cpu_system_milliseconds	0 minor_page_faults/s	0 major_page_faults/s	0 yields/s	4 preempts/s
188003 milliseconds	2659 MB/s	1231 short_reads/s	0 short_writes_echo/s	48 cpu_user_milliseconds	947 cpu_system_milliseconds	0 minor_page_faults/s	0 major_page_faults/s	373 yields/s	4 preempts/s
189003 milliseconds	2681 MB/s	0 short_reads/s	0 short_writes_echo/s	45 cpu_user_milliseconds	953 cpu_system_milliseconds	0 minor_page_faults/s	0 major_page_faults/s	0 yields/s	5 preempts/s
190003 milliseconds	2700 MB/s	0 short_reads/s	0 short_writes_echo/s	43 cpu_user_milliseconds	953 cpu_system_milliseconds	0 minor_page_faults/s	0 major_page_faults/s	0 yields/s	30 preempts/s
191003 milliseconds	2604 MB/s	0 short_reads/s	0 short_writes_echo/s	30 cpu_user_milliseconds	967 cpu_system_milliseconds	0 minor_page_faults/s	0 major_page_faults/s	0 yields/s	27 preempts/s
192003 milliseconds	2713 MB/s	0 short_reads/s	0 short_writes_echo/s	44 cpu_user_milliseconds	954 cpu_system_milliseconds	0 minor_page_faults/s	0 major_page_faults/s	0 yields/s	7 preempts/s
193003 milliseconds	2649 MB/s	0 short_reads/s	0 short_writes_echo/s	45 cpu_user_milliseconds	953 cpu_system_milliseconds	0 minor_page_faults/s	0 major_page_faults/s	0 yields/s	5 preempts/s
194004 milliseconds	2693 MB/s	0 short_reads/s	0 short_writes_echo/s	42 cpu_user_milliseconds	956 cpu_system_milliseconds	0 minor_page_faults/s	0 major_page_faults/s	0 yields/s	8 preempts/s
195004 milliseconds	2605 MB/s	0 short_reads/s	0 short_writes_echo/s	51 cpu_user_milliseconds	947 cpu_system_milliseconds	0 minor_page_faults/s	0 major_page_faults/s	0 yields/s	5 preempts/s
196004 milliseconds	2716 MB/s	0 short_reads/s	0 short_writes_echo/s	49 cpu_user_milliseconds	949 cpu_system_milliseconds	0 minor_page_faults/s	0 major_page_faults/s	0 yields/s	7 preempts/s
197004 milliseconds	2698 MB/s	0 short_reads/s	0 short_writes_echo/s	51 cpu_user_milliseconds	947 cpu_system_milliseconds	0 minor_page_faults/s	0 major_page_faults/s	0 yields/s	5 preempts/s
198004 milliseconds	2668 MB/s	383 short_reads/s	0 short_writes_echo/s	52 cpu_user_milliseconds	943 cpu_system_milliseconds	0 minor_page_faults/s	0 major_page_faults/s	137 yields/s	6 preempts/s
199004 milliseconds	2724 MB/s	0 short_reads/s	0 short_writes_echo/s	51 cpu_user_milliseconds	947 cpu_system_milliseconds	0 minor_page_faults/s	0 major_page_faults/s	0 yields/s	7 preempts/s
200004 milliseconds	2686 MB/s	0 short_reads/s	0 short_writes_echo/s	42 cpu_user_milliseconds	956 cpu_system_milliseconds	0 minor_page_faults/s	0 major_page_faults/s	0 yields/s	6 preempts/s
201004 milliseconds	2632 MB/s	0 short_reads/s	0 short_writes_echo/s	38 cpu_user_milliseconds	961 cpu_system_milliseconds	0 minor_page_faults/s	0 major_page_faults/s	0 yields/s	5 preempts/s
202004 milliseconds	2644 MB/s	0 short_reads/s	0 short_writes_echo/s	44 cpu_user_milliseconds	952 cpu_system_milliseconds	0 minor_page_faults/s	0 major_page_faults/s	0 yields/s	32 preempts/s
203004 milliseconds	2622 MB/s	713 short_reads/s	0 short_writes_echo/s	46 cpu_user_milliseconds	948 cpu_system_milliseconds	0 minor_page_faults/s	0 major_page_faults/s	236 yields/s	26 preempts/s
204004 milliseconds	2655 MB/s	0 short_reads/s	0 short_writes_echo/s	54 cpu_user_milliseconds	944 cpu_system_milliseconds	0 minor_page_faults/s	0 major_page_faults/s	0 yields/s	8 preempts/s
205004 milliseconds	2629 MB/s	0 short_reads/s	0 short_writes_echo/s	58 cpu_user_milliseconds	940 cpu_system_milliseconds	0 minor_page_faults/s	0 major_page_faults/s	0 yields/s	5 preempts/s
206004 milliseconds	2659 MB/s	0 short_reads/s	0 short_writes_echo/s	48 cpu_user_milliseconds	946 cpu_system_milliseconds	0 minor_page_faults/s	0 major_page_faults/s	0 yields/s	51 preempts/s
207004 milliseconds	2667 MB/s	0 short_reads/s	0 short_writes_echo/s	56 cpu_user_milliseconds	940 cpu_system_milliseconds	0 minor_page_faults/s	0 major_page_faults/s	0 yields/s	31 preempts/s
208004 milliseconds	2616 MB/s	0 short_reads/s	0 short_writes_echo/s	55 cpu_user_milliseconds	943 cpu_system_milliseconds	0 minor_page_faults/s	0 major_page_faults/s	0 yields/s	2 preempts/s
209004 milliseconds	2680 MB/s	0 short_reads/s	0 short_writes_echo/s	44 cpu_user_milliseconds	954 cpu_system_milliseconds	0 minor_page_faults/s	0 major_page_faults/s	0 yields/s	3 preempts/s
210004 milliseconds	2724 MB/s	0 short_reads/s	0 short_writes_echo/s	46 cpu_user_milliseconds	952 cpu_system_milliseconds	0 minor_page_faults/s	0 major_page_faults/s	0 yields/s	4 preempts/s
211004 milliseconds	2725 MB/s	0 short_reads/s	0 short_writes_echo/s	44 cpu_user_milliseconds	954 cpu_system_milliseconds	0 minor_page_faults/s	0 major_page_faults/s	0 yields/s	6 preempts/s
212004 milliseconds	2651 MB/s	0 short_reads/s	0 short_writes_echo/s	46 cpu_user_milliseconds	952 cpu_system_milliseconds	0 minor_page_faults/s	0 major_page_faults/s	0 yields/s	7 preempts/s
213004 milliseconds	2552 MB/s	0 short_reads/s	0 short_writes_echo/s	48 cpu_user_milliseconds	950 cpu_system_milliseconds	0 minor_page_faults/s	0 major_page_faults/s	0 yields/s	11 preempts/s
214004 milliseconds	2714 MB/s	0 short_reads/s	0 short_writes_echo/s	50 cpu_user_milliseconds	948 cpu_system_milliseconds	0 minor_page_faults/s	0 major_page_faults/s	0 yields/s	4 preempts/s
215004 milliseconds	2628 MB/s	0 short_reads/s	0 short_writes_echo/s	44 cpu_user_milliseconds	955 cpu_system_milliseconds	0 minor_page_faults/s	0 major_page_faults/s	0 yields/s	1 preempts/s
216004 milliseconds	2650 MB/s	0 short_reads/s	0 short_writes_echo/s	46 cpu_user_milliseconds	952 cpu_system_milliseconds	0 minor_page_faults/s	0 major_page_faults/s	0 yields/s	3 preempts/s
217004 milliseconds	2630 MB/s	0 short_reads/s	0 short_writes_echo/s	39 cpu_user_milliseconds	959 cpu_system_milliseconds	0 minor_page_faults/s	0 major_page_faults/s	0 yields/s	5 preempts/s
218004 milliseconds	2647 MB/s	0 short_reads/s	0 short_writes_echo/s	41 cpu_user_milliseconds	957 cpu_system_milliseconds	0 minor_page_faults/s	0 major_page_faults/s	0 yields/s	8 preempts/s
219004 milliseconds	2706 MB/s	0 short_reads/s	0 short_writes_echo/s	62 cpu_user_milliseconds	936 cpu_system_milliseconds	0 minor_page_faults/s	0 major_page_faults/s	0 yields/s	7 preempts/s
220004 milliseconds	2665 MB/s	0 short_reads/s	0 short_writes_echo/s	48 cpu_user_milliseconds	950 cpu_system_milliseconds	0 minor_page_faults/s	0 major_page_faults/s	0 yields/s	6 preempts/s
221004 milliseconds	2506 MB/s	0 short_reads/s	0 short_writes_echo/s	49 cpu_user_milliseconds	949 cpu_system_milliseconds	0 minor_page_faults/s	0 major_page_faults/s	0 yields/s	7 preempts/s
222004 milliseconds	2659 MB/s	0 short_reads/s	0 short_writes_echo/s	43 cpu_user_milliseconds	955 cpu_system_milliseconds	0 minor_page_faults/s	0 major_page_faults/s	0 yields/s	10 preempts/s
223004 milliseconds	2581 MB/s	0 short_reads/s	0 short_writes_echo/s	57 cpu_user_milliseconds	941 cpu_system_milliseconds	0 minor_page_faults/s	0 major_page_faults/s	0 yields/s	8 preempts/s
224004 milliseconds	2662 MB/s	0 short_reads/s	0 short_writes_echo/s	58 cpu_user_milliseconds	938 cpu_system_milliseconds	0 minor_page_faults/s	0 major_page_faults/s	0 yields/s	31 preempts/s
225004 milliseconds	2650 MB/s	0 short_reads/s	0 short_writes_echo/s	46 cpu_user_milliseconds	950 cpu_system_milliseconds	0 minor_page_faults/s	0 major_page_faults/s	0 yields/s	29 preempts/s
226004 milliseconds	2637 MB/s	0 short_reads/s	0 short_writes_echo/s	47 cpu_user_milliseconds	946 cpu_system_milliseconds	0 minor_page_faults/s	0 major_page_faults/s	0 yields/s	70 preempts/s
227004 milliseconds	2573 MB/s	0 short_reads/s	0 short_writes_echo/s	51 cpu_user_milliseconds	947 cpu_system_milliseconds	0 minor_page_faults/s	0 major_page_faults/s	0 yields/s	7 preempts/s
228004 milliseconds	2530 MB/s	0 short_reads/s	0 short_writes_echo/s	50 cpu_user_milliseconds	948 cpu_system_milliseconds	0 minor_page_faults/s	0 major_page_faults/s	0 yields/s	7 preempts/s
229004 milliseconds	2661 MB/s	0 short_reads/s	0 short_writes_echo/s	54 cpu_user_milliseconds	944 cpu_system_milliseconds	0 minor_page_faults/s	0 major_page_faults/s	0 yields/s	6 preempts/s
230004 milliseconds	2637 MB/s	0 short_reads/s	0 short_writes_echo/s	41 cpu_user_milliseconds	957 cpu_system_milliseconds	0 minor_page_faults/s	0 major_page_faults/s	0 yields/s	6 preempts/s
231004 milliseconds	2715 MB/s	0 short_reads/s	0 short_writes_echo/s	47 cpu_user_milliseconds	951 cpu_system_milliseconds	0 minor_page_faults/s	0 major_page_faults/s	0 yields/s	6 preempts/s
232004 milliseconds	2597 MB/s	0 short_reads/s	0 short_writes_echo/s	37 cpu_user_milliseconds	962 cpu_system_milliseconds	0 minor_page_faults/s	0 major_page_faults/s	0 yields/s	6 preempts/s
233004 milliseconds	2585 MB/s	0 short_reads/s	0 short_writes_echo/s	31 cpu_user_milliseconds	966 cpu_system_milliseconds	0 minor_page_faults/s	0 major_page_faults/s	0 yields/s	29 preempts/s
234004 milliseconds	2554 MB/s	0 short_reads/s	0 short_writes_echo/s	42 cpu_user_milliseconds	956 cpu_system_milliseconds	0 minor_page_faults/s	0 major_page_faults/s	0 yields/s	16 preempts/s
235004 milliseconds	2561 MB/s	0 short_reads/s	0 short_writes_echo/s	44 cpu_user_milliseconds	954 cpu_system_milliseconds	0 minor_page_faults/s	0 major_page_faults/s	0 yields/s	19 preempts/s
236004 milliseconds	2629 MB/s	0 short_reads/s	0 short_writes_echo/s	53 cpu_user_milliseconds	943 cpu_system_milliseconds	0 minor_page_faults/s	0 major_page_faults/s	0 yields/s	33 preempts/s
237004 milliseconds	2695 MB/s	0 short_reads/s	0 short_writes_echo/s	44 cpu_user_milliseconds	954 cpu_system_milliseconds	0 minor_page_faults/s	0 major_page_faults/s	0 yields/s	12 preempts/s
238004 milliseconds	2601 MB/s	457 short_reads/s	0 short_writes_echo/s	42 cpu_user_milliseconds	953 cpu_system_milliseconds	0 minor_page_faults/s	0 major_page_faults/s	145 yields/s	26 preempts/s
239004 milliseconds	2710 MB/s	0 short_reads/s	0 short_writes_echo/s	53 cpu_user_milliseconds	945 cpu_system_milliseconds	0 minor_page_faults/s	0 major_page_faults/s	0 yields/s	3 preempts/s
240004 milliseconds	2692 MB/s	0 short_reads/s	0 short_writes_echo/s	40 cpu_user_milliseconds	956 cpu_system_milliseconds	0 minor_page_faults/s	0 major_page_faults/s	0 yields/s	28 preempts/s
