1000 milliseconds	3282 MB/s	77696 short_reads/s	0 short_writes_echo/s	148 cpu_user_milliseconds	641 cpu_system_milliseconds	175 minor_page_faults/s	0 major_page_faults/s	32835 yields/s	24 preempts/s
2000 milliseconds	3412 MB/s	86925 short_reads/s	0 short_writes_echo/s	151 cpu_user_milliseconds	670 cpu_system_milliseconds	2 minor_page_faults/s	0 major_page_faults/s	37861 yields/s	0 preempts/s
3000 milliseconds	3349 MB/s	76732 short_reads/s	0 short_writes_echo/s	141 cpu_user_milliseconds	651 cpu_system_milliseconds	0 minor_page_faults/s	0 major_page_faults/s	33227 yields/s	0 preempts/s
4000 milliseconds	3405 MB/s	79221 short_reads/s	0 short_writes_echo/s	107 cpu_user_milliseconds	679 cpu_system_milliseconds	0 minor_page_faults/s	0 major_page_faults/s	35251 yields/s	2 preempts/s
5000 milliseconds	3394 MB/s	93797 short_reads/s	0 short_writes_echo/s	158 cpu_user_milliseconds	693 cpu_system_milliseconds	0 minor_page_faults/s	0 major_page_faults/s	38435 yields/s	3 preempts/s
6000 milliseconds	3336 MB/s	82967 short_reads/s	0 short_writes_echo/s	115 cpu_user_milliseconds	688 cpu_system_milliseconds	0 minor_page_faults/s	0 major_page_faults/s	34360 yields/s	0 preempts/s
7000 milliseconds	3471 MB/s	88308 short_reads/s	0 short_writes_echo/s	144 cpu_user_milliseconds	679 cpu_system_milliseconds	0 minor_page_faults/s	0 major_page_faults/s	36300 yields/s	1 preempts/s
8000 milliseconds	3371 MB/s	69220 short_reads/s	0 short_writes_echo/s	113 cpu_user_milliseconds	646 cpu_system_milliseconds	0 minor_page_faults/s	0 major_page_faults/s	29868 yields/s	0 preempts/s
9000 milliseconds	3439 MB/s	98472 short_reads/s	0 short_writes_echo/s	158 cpu_user_milliseconds	711 cpu_system_milliseconds	0 minor_page_faults/s	0 major_page_faults/s	41241 yields/s	0 preempts/s
10000 milliseconds	3454 MB/s	97258 short_reads/s	0 short_writes_echo/s	171 cpu_user_milliseconds	692 cpu_system_milliseconds	0 minor_page_faults/s	0 major_page_faults/s	38842 yields/s	2 preempts/s
11000 milliseconds	3301 MB/s	73729 short_reads/s	0 short_writes_echo/s	120 cpu_user_milliseconds	644 cpu_system_milliseconds	0 minor_page_faults/s	0 major_page_faults/s	29522 yields/s	0 preempts/s
12000 milliseconds	3437 MB/s	98388 short_reads/s	0 short_writes_echo/s	167 cpu_user_milliseconds	703 cpu_system_milliseconds	0 minor_page_faults/s	0 major_page_faults/s	40676 yields/s	2 preempts/s
13000 milliseconds	3387 MB/s	86418 short_reads/s	0 short_writes_echo/s	125 cpu_user_milliseconds	695 cpu_system_milliseconds	0 minor_page_faults/s	0 major_page_faults/s	36542 yields/s	20 preempts/s
14000 milliseconds	3220 MB/s	80861 short_reads/s	0 short_writes_echo/s	138 cpu_user_milliseconds	674 cpu_system_milliseconds	0 minor_page_faults/s	0 major_page_faults/s	35543 yields/s	0 preempts/s
15000 milliseconds	3259 MB/s	86243 short_reads/s	0 short_writes_echo/s	136 cpu_user_milliseconds	691 cpu_system_milliseconds	0 minor_page_faults/s	0 major_page_faults/s	34687 yields/s	5 preempts/s
16000 milliseconds	3470 MB/s	99321 short_reads/s	0 short_writes_echo/s	161 cpu_user_milliseconds	710 cpu_system_milliseconds	0 minor_page_faults/s	0 major_page_faults/s	40073 yields/s	0 preempts/s
17000 milliseconds	3447 MB/s	98755 short_reads/s	0 short_writes_echo/s	145 cpu_user_milliseconds	727 cpu_system_milliseconds	0 minor_page_faults/s	0 major_page_faults/s	38860 yields/s	0 preempts/s
18000 milliseconds	3555 MB/s	101928 short_reads/s	0 short_writes_echo/s	186 cpu_user_milliseconds	687 cpu_system_milliseconds	0 minor_page_faults/s	0 major_page_faults/s	43574 yields/s	1 preempts/s
19000 milliseconds	3375 MB/s	71710 short_reads/s	0 short_writes_echo/s	124 cpu_user_milliseconds	642 cpu_system_milliseconds	0 minor_page_faults/s	0 major_page_faults/s	28780 yields/s	0 preempts/s
20000 milliseconds	3360 MB/s	83137 short_reads/s	0 short_writes_echo/s	144 cpu_user_milliseconds	672 cpu_system_milliseconds	0 minor_page_faults/s	0 major_page_faults/s	34002 yields/s	17 preempts/s
21000 milliseconds	3545 MB/s	101631 short_reads/s	0 short_writes_echo/s	134 cpu_user_milliseconds	734 cpu_system_milliseconds	0 minor_page_faults/s	0 major_page_faults/s	43185 yields/s	0 preempts/s
22000 milliseconds	3324 MB/s	70063 short_reads/s	0 short_writes_echo/s	112 cpu_user_milliseconds	644 cpu_system_milliseconds	0 minor_page_faults/s	0 major_page_faults/s	31965 yields/s	0 preempts/s
23000 milliseconds	3442 MB/s	98703 short_reads/s	0 short_writes_echo/s	148 cpu_user_milliseconds	716 cpu_system_milliseconds	0 minor_page_faults/s	0 major_page_faults/s	40503 yields/s	0 preempts/s
24000 milliseconds	3436 MB/s	78274 short_reads/s	0 short_writes_echo/s	126 cpu_user_milliseconds	656 cpu_system_milliseconds	0 minor_page_faults/s	0 major_page_faults/s	32699 yields/s	0 preempts/s
25000 milliseconds	3519 MB/s	98480 short_reads/s	0 short_writes_echo/s	141 cpu_user_milliseconds	721 cpu_system_milliseconds	0 minor_page_faults/s	0 major_page_faults/s	37991 yields/s	0 preempts/s
26000 milliseconds	3403 MB/s	77478 short_reads/s	0 short_writes_echo/s	135 cpu_user_milliseconds	651 cpu_system_milliseconds	0 minor_page_faults/s	0 major_page_faults/s	33748 yields/s	0 preempts/s
27000 milliseconds	3553 MB/s	100242 short_reads/s	0 short_writes_echo/s	172 cpu_user_milliseconds	689 cpu_system_milliseconds	0 minor_page_faults/s	0 major_page_faults/s	41804 yields/s	0 preempts/s
28000 milliseconds	3455 MB/s	99070 short_reads/s	0 short_writes_echo/s	161 cpu_user_milliseconds	708 cpu_system_milliseconds	0 minor_page_faults/s	0 major_page_faults/s	40674 yields/s	3 preempts/s
29000 milliseconds	3308 MB/s	69732 short_reads/s	0 short_writes_echo/s	111 cpu_user_milliseconds	641 cpu_system_milliseconds	0 minor_page_faults/s	0 major_page_faults/s	30804 yields/s	0 preempts/s
30000 milliseconds	3529 MB/s	100515 short_reads/s	0 short_writes_echo/s	163 cpu_user_milliseconds	710 cpu_system_milliseconds	0 minor_page_faults/s	0 major_page_faults/s	39998 yields/s	9 preempts/s
31000 milliseconds	3538 MB/s	101298 short_reads/s	0 short_writes_echo/s	171 cpu_user_milliseconds	700 cpu_system_milliseconds	0 minor_page_faults/s	0 major_page_faults/s	42856 yields/s	1 preempts/s
32000 milliseconds	3515 MB/s	100781 short_reads/s	0 short_writes_echo/s	145 cpu_user_milliseconds	725 cpu_system_milliseconds	0 minor_page_faults/s	0 major_page_faults/s	41813 yields/s	1 preempts/s
33000 milliseconds	3442 MB/s	77076 short_reads/s	0 short_writes_echo/s	130 cpu_user_milliseconds	642 cpu_system_milliseconds	0 minor_page_faults/s	0 major_page_faults/s	33093 yields/s	0 preempts/s
34000 milliseconds	3386 MB/s	87859 short_reads/s	0 short_writes_echo/s	126 cpu_user_milliseconds	695 cpu_system_milliseconds	0 minor_page_faults/s	0 major_page_faults/s	37205 yields/s	18 preempts/s
35000 milliseconds	3316 MB/s	83559 short_reads/s	0 short_writes_echo/s	145 cpu_user_milliseconds	668 cpu_system_milliseconds	0 minor_page_faults/s	0 major_page_faults/s	36089 yields/s	1 preempts/s
36000 milliseconds	3392 MB/s	84319 short_reads/s	0 short_writes_echo/s	136 cpu_user_milliseconds	676 cpu_system_milliseconds	0 minor_page_faults/s	0 major_page_faults/s	33415 yields/s	2 preempts/s
37000 milliseconds	3459 MB/s	99108 short_reads/s	0 short_writes_echo/s	164 cpu_user_milliseconds	687 cpu_system_milliseconds	0 minor_page_faults/s	0 major_page_faults/s	42061 yields/s	0 preempts/s
38000 milliseconds	3563 MB/s	102158 short_reads/s	0 short_writes_echo/s	159 cpu_user_milliseconds	710 cpu_system_milliseconds	0 minor_page_faults/s	0 major_page_faults/s	43200 yields/s	0 preempts/s
39000 milliseconds	3448 MB/s	79867 short_reads/s	0 short_writes_echo/s	118 cpu_user_milliseconds	664 cpu_system_milliseconds	0 minor_page_faults/s	0 major_page_faults/s	32216 yields/s	0 preempts/s
40000 milliseconds	3353 MB/s	95988 short_reads/s	0 short_writes_echo/s	136 cpu_user_milliseconds	734 cpu_system_milliseconds	0 minor_page_faults/s	0 major_page_faults/s	39860 yields/s	4 preempts/s
41000 milliseconds	3396 MB/s	84714 short_reads/s	0 short_writes_echo/s	141 cpu_user_milliseconds	672 cpu_system_milliseconds	0 minor_page_faults/s	0 major_page_faults/s	36643 yields/s	0 preempts/s
42000 milliseconds	3509 MB/s	100418 short_reads/s	0 short_writes_echo/s	159 cpu_user_milliseconds	709 cpu_system_milliseconds	0 minor_page_faults/s	0 major_page_faults/s	43143 yields/s	0 preempts/s
43000 milliseconds	3458 MB/s	95829 short_reads/s	0 short_writes_echo/s	126 cpu_user_milliseconds	724 cpu_system_milliseconds	0 minor_page_faults/s	0 major_page_faults/s	41480 yields/s	42 preempts/s
44000 milliseconds	3501 MB/s	100237 short_reads/s	0 short_writes_echo/s	152 cpu_user_milliseconds	717 cpu_system_milliseconds	0 minor_page_faults/s	0 major_page_faults/s	43040 yields/s	1 preempts/s
45000 milliseconds	3381 MB/s	78836 short_reads/s	0 short_writes_echo/s	132 cpu_user_milliseconds	661 cpu_system_milliseconds	0 minor_page_faults/s	0 major_page_faults/s	31883 yields/s	3 preempts/s
46000 milliseconds	3293 MB/s	54840 short_reads/s	0 short_writes_echo/s	100 cpu_user_milliseconds	607 cpu_system_milliseconds	0 minor_page_faults/s	0 major_page_faults/s	33739 yields/s	0 preempts/s
47000 milliseconds	3285 MB/s	76283 short_reads/s	0 short_writes_echo/s	112 cpu_user_milliseconds	669 cpu_system_milliseconds	0 minor_page_faults/s	0 major_page_faults/s	32287 yields/s	61 preempts/s
48000 milliseconds	3334 MB/s	68834 short_reads/s	0 short_writes_echo/s	123 cpu_user_milliseconds	629 cpu_system_milliseconds	0 minor_page_faults/s	0 major_page_faults/s	28952 yields/s	1 preempts/s
49000 milliseconds	3507 MB/s	90716 short_reads/s	0 short_writes_echo/s	149 cpu_user_milliseconds	680 cpu_system_milliseconds	0 minor_page_faults/s	0 major_page_faults/s	36882 yields/s	0 preempts/s
50000 milliseconds	3459 MB/s	98994 short_reads/s	0 short_writes_echo/s	142 cpu_user_milliseconds	729 cpu_system_milliseconds	0 minor_page_faults/s	0 major_page_faults/s	41135 yields/s	0 preempts/s
51000 milliseconds	3499 MB/s	97846 short_reads/s	0 short_writes_echo/s	136 cpu_user_milliseconds	717 cpu_system_milliseconds	0 minor_page_faults/s	0 major_page_faults/s	41931 yields/s	0 preempts/s
52000 milliseconds	3481 MB/s	98675 short_reads/s	0 short_writes_echo/s	153 cpu_user_milliseconds	709 cpu_system_milliseconds	0 minor_page_faults/s	0 major_page_faults/s	42175 yields/s	0 preempts/s
53000 milliseconds	3517 MB/s	100884 short_reads/s	0 short_writes_echo/s	168 cpu_user_milliseconds	703 cpu_system_milliseconds	0 minor_page_faults/s	0 major_page_faults/s	42211 yields/s	0 preempts/s
54000 milliseconds	3496 MB/s	81606 short_reads/s	0 short_writes_echo/s	130 cpu_user_milliseconds	663 cpu_system_milliseconds	0 minor_page_faults/s	0 major_page_faults/s	32392 yields/s	0 preempts/s
55000 milliseconds	3437 MB/s	90041 short_reads/s	0 short_writes_echo/s	140 cpu_user_milliseconds	696 cpu_system_milliseconds	0 minor_page_faults/s	0 major_page_faults/s	36361 yields/s	0 preempts/s
56000 milliseconds	3412 MB/s	84332 short_reads/s	0 short_writes_echo/s	140 cpu_user_milliseconds	675 cpu_system_milliseconds	0 minor_page_faults/s	0 major_page_faults/s	38451 yields/s	1 preempts/s
57000 milliseconds	3269 MB/s	75324 short_reads/s	0 short_writes_echo/s	104 cpu_user_milliseconds	676 cpu_system_milliseconds	0 minor_page_faults/s	0 major_page_faults/s	31883 yields/s	3 preempts/s
58000 milliseconds	3412 MB/s	76939 short_reads/s	0 short_writes_echo/s	125 cpu_user_milliseconds	656 cpu_system_milliseconds	0 minor_page_faults/s	0 major_page_faults/s	33134 yields/s	0 preempts/s
59000 milliseconds	3419 MB/s	97939 short_reads/s	0 short_writes_echo/s	164 cpu_user_milliseconds	702 cpu_system_milliseconds	0 minor_page_faults/s	0 major_page_faults/s	39265 yields/s	0 preempts/s
60000 milliseconds	3445 MB/s	97862 short_reads/s	0 short_writes_echo/s	147 cpu_user_milliseconds	724 cpu_system_milliseconds	0 minor_page_faults/s	0 major_page_faults/s	40136 yields/s	17 preempts/s
61000 milliseconds	3479 MB/s	81514 short_reads/s	0 short_writes_echo/s	155 cpu_user_milliseconds	633 cpu_system_milliseconds	0 minor_page_faults/s	0 major_page_faults/s	33349 yields/s	0 preempts/s
62000 milliseconds	3371 MB/s	73837 short_reads/s	0 short_writes_echo/s	114 cpu_user_milliseconds	662 cpu_system_milliseconds	0 minor_page_faults/s	0 major_page_faults/s	29605 yields/s	0 preempts/s
63000 milliseconds	3328 MB/s	88578 short_reads/s	0 short_writes_echo/s	138 cpu_user_milliseconds	675 cpu_system_milliseconds	0 minor_page_faults/s	0 major_page_faults/s	36378 yields/s	0 preempts/s
64000 milliseconds	3299 MB/s	82104 short_reads/s	0 short_writes_echo/s	143 cpu_user_milliseconds	675 cpu_system_milliseconds	0 minor_page_faults/s	0 major_page_faults/s	34538 yields/s	1 preempts/s
65000 milliseconds	3382 MB/s	96673 short_reads/s	0 short_writes_echo/s	144 cpu_user_milliseconds	717 cpu_system_milliseconds	0 minor_page_faults/s	0 major_page_faults/s	40657 yields/s	2 preempts/s
66000 milliseconds	3507 MB/s	95646 short_reads/s	0 short_writes_echo/s	141 cpu_user_milliseconds	710 cpu_system_milliseconds	0 minor_page_faults/s	0 major_page_faults/s	40116 yields/s	4 preempts/s
67000 milliseconds	3533 MB/s	101370 short_reads/s	0 short_writes_echo/s	162 cpu_user_milliseconds	704 cpu_system_milliseconds	0 minor_page_faults/s	0 major_page_faults/s	43987 yields/s	2 preempts/s
68000 milliseconds	3454 MB/s	75426 short_reads/s	0 short_writes_echo/s	105 cpu_user_milliseconds	663 cpu_system_milliseconds	0 minor_page_faults/s	0 major_page_faults/s	31837 yields/s	1 preempts/s
69000 milliseconds	3368 MB/s	88440 short_reads/s	0 short_writes_echo/s	135 cpu_user_milliseconds	691 cpu_system_milliseconds	0 minor_page_faults/s	0 major_page_faults/s	37234 yields/s	0 preempts/s
70000 milliseconds	3456 MB/s	98966 short_reads/s	0 short_writes_echo/s	155 cpu_user_milliseconds	714 cpu_system_milliseconds	0 minor_page_faults/s	0 major_page_faults/s	41335 yields/s	2 preempts/s
71000 milliseconds	3497 MB/s	100103 short_reads/s	0 short_writes_echo/s	155 cpu_user_milliseconds	711 cpu_system_milliseconds	0 minor_page_faults/s	0 major_page_faults/s	40047 yields/s	0 preempts/s
72000 milliseconds	3450 MB/s	98933 short_reads/s	0 short_writes_echo/s	169 cpu_user_milliseconds	695 cpu_system_milliseconds	0 minor_page_faults/s	0 major_page_faults/s	41747 yields/s	1 preempts/s
73000 milliseconds	3358 MB/s	68311 short_reads/s	0 short_writes_echo/s	95 cpu_user_milliseconds	663 cpu_system_milliseconds	0 minor_page_faults/s	0 major_page_faults/s	29453 yields/s	1 preempts/s
74000 milliseconds	3351 MB/s	93264 short_reads/s	0 short_writes_echo/s	160 cpu_user_milliseconds	692 cpu_system_milliseconds	0 minor_page_faults/s	0 major_page_faults/s	39164 yields/s	0 preempts/s
75000 milliseconds	3439 MB/s	89766 short_reads/s	0 short_writes_echo/s	162 cpu_user_milliseconds	675 cpu_system_milliseconds	0 minor_page_faults/s	0 major_page_faults/s	36653 yields/s	20 preempts/s
76000 milliseconds	3537 MB/s	99707 short_reads/s	0 short_writes_echo/s	151 cpu_user_milliseconds	710 cpu_system_milliseconds	0 minor_page_faults/s	0 major_page_faults/s	42783 yields/s	20 preempts/s
77000 milliseconds	3477 MB/s	99489 short_reads/s	0 short_writes_echo/s	126 cpu_user_milliseconds	743 cpu_system_milliseconds	0 minor_page_faults/s	0 major_page_faults/s	42271 yields/s	0 preempts/s
78000 milliseconds	3511 MB/s	97897 short_reads/s	0 short_writes_echo/s	175 cpu_user_milliseconds	682 cpu_system_milliseconds	0 minor_page_faults/s	0 major_page_faults/s	41825 yields/s	16 preempts/s
79000 milliseconds	3452 MB/s	80687 short_reads/s	0 short_writes_echo/s	134 cpu_user_milliseconds	659 cpu_system_milliseconds	0 minor_page_faults/s	0 major_page_faults/s	32236 yields/s	0 preempts/s
80000 milliseconds	3480 MB/s	99399 short_reads/s	0 short_writes_echo/s	156 cpu_user_milliseconds	708 cpu_system_milliseconds	0 minor_page_faults/s	0 major_page_faults/s	40937 yields/s	1 preempts/s
81000 milliseconds	3487 MB/s	99870 short_reads/s	0 short_writes_echo/s	171 cpu_user_milliseconds	699 cpu_system_milliseconds	0 minor_page_faults/s	0 major_page_faults/s	42021 yields/s	20 preempts/s
82000 milliseconds	3425 MB/s	77286 short_reads/s	0 short_writes_echo/s	120 cpu_user_milliseconds	655 cpu_system_milliseconds	0 minor_page_faults/s	0 major_page_faults/s	32724 yields/s	0 preempts/s
83000 milliseconds	3444 MB/s	86867 short_reads/s	0 short_writes_echo/s	125 cpu_user_milliseconds	690 cpu_system_milliseconds	0 minor_page_faults/s	0 major_page_faults/s	37135 yields/s	20 preempts/s
84000 milliseconds	3393 MB/s	91834 short_reads/s	0 short_writes_echo/s	151 cpu_user_milliseconds	691 cpu_system_milliseconds	0 minor_page_faults/s	0 major_page_faults/s	38978 yields/s	0 preempts/s
85000 milliseconds	3388 MB/s	97014 short_reads/s	0 short_writes_echo/s	151 cpu_user_milliseconds	709 cpu_system_milliseconds	0 minor_page_faults/s	0 major_page_faults/s	41402 yields/s	24 preempts/s
86000 milliseconds	3389 MB/s	80389 short_reads/s	0 short_writes_echo/s	114 cpu_user_milliseconds	681 cpu_system_milliseconds	0 minor_page_faults/s	0 major_page_faults/s	34965 yields/s	0 preempts/s
87000 milliseconds	3433 MB/s	75016 short_reads/s	0 short_writes_echo/s	151 cpu_user_milliseconds	624 cpu_system_milliseconds	0 minor_page_faults/s	0 major_page_faults/s	34456 yields/s	0 preempts/s
88000 milliseconds	3524 MB/s	92231 short_reads/s	0 short_writes_echo/s	126 cpu_user_milliseconds	704 cpu_system_milliseconds	0 minor_page_faults/s	0 major_page_faults/s	38592 yields/s	0 preempts/s
89000 milliseconds	3460 MB/s	97601 short_reads/s	0 short_writes_echo/s	144 cpu_user_milliseconds	718 cpu_system_milliseconds	0 minor_page_faults/s	0 major_page_faults/s	40788 yields/s	0 preempts/s
90000 milliseconds	3356 MB/s	83515 short_reads/s	0 short_writes_echo/s	140 cpu_user_milliseconds	670 cpu_system_milliseconds	0 minor_page_faults/s	0 major_page_faults/s	33337 yields/s	0 preempts/s
91000 milliseconds	3531 MB/s	87576 short_reads/s	0 short_writes_echo/s	157 cpu_user_milliseconds	655 cpu_system_milliseconds	0 minor_page_faults/s	0 major_page_faults/s	34011 yields/s	1 preempts/s
92000 milliseconds	3559 MB/s	102025 short_reads/s	0 short_writes_echo/s	156 cpu_user_milliseconds	713 cpu_system_milliseconds	0 minor_page_faults/s	0 major_page_faults/s	43276 yields/s	3 preempts/s
93000 milliseconds	3468 MB/s	99405 short_reads/s	0 short_writes_echo/s	140 cpu_user_milliseconds	723 cpu_system_milliseconds	0 minor_page_faults/s	0 major_page_faults/s	41887 yields/s	1 preempts/s
94000 milliseconds	3412 MB/s	97847 short_reads/s	0 short_writes_echo/s	129 cpu_user_milliseconds	733 cpu_system_milliseconds	0 minor_page_faults/s	0 major_page_faults/s	41463 yields/s	0 preempts/s
95000 milliseconds	3405 MB/s	97305 short_reads/s	0 short_writes_echo/s	151 cpu_user_milliseconds	709 cpu_system_milliseconds	0 minor_page_faults/s	0 major_page_faults/s	41377 yields/s	18 preempts/s
96000 milliseconds	3450 MB/s	90228 short_reads/s	0 short_writes_echo/s	142 cpu_user_milliseconds	689 cpu_system_milliseconds	0 minor_page_faults/s	0 major_page_faults/s	38410 yields/s	0 preempts/s
97000 milliseconds	3279 MB/s	93042 short_reads/s	0 short_writes_echo/s	144 cpu_user_milliseconds	696 cpu_system_milliseconds	0 minor_page_faults/s	0 major_page_faults/s	39605 yields/s	0 preempts/s
98000 milliseconds	3575 MB/s	102519 short_reads/s	0 short_writes_echo/s	158 cpu_user_milliseconds	715 cpu_system_milliseconds	0 minor_page_faults/s	0 major_page_faults/s	43342 yields/s	0 preempts/s
99000 milliseconds	3521 MB/s	100825 short_reads/s	0 short_writes_echo/s	154 cpu_user_milliseconds	713 cpu_system_milliseconds	0 minor_page_faults/s	0 major_page_faults/s	42872 yields/s	0 preempts/s
100000 milliseconds	3535 MB/s	100826 short_reads/s	0 short_writes_echo/s	152 cpu_user_milliseconds	720 cpu_system_milliseconds	0 minor_page_faults/s	0 major_page_faults/s	38817 yields/s	1 preempts/s
101000 milliseconds	3415 MB/s	97824 short_reads/s	0 short_writes_echo/s	145 cpu_user_milliseconds	719 cpu_system_milliseconds	0 minor_page_faults/s	0 major_page_faults/s	42060 yields/s	3 preempts/s
102000 milliseconds	3427 MB/s	89630 short_reads/s	0 short_writes_echo/s	136 cpu_user_milliseconds	695 cpu_system_milliseconds	0 minor_page_faults/s	0 major_page_faults/s	38806 yields/s	18 preempts/s
103000 milliseconds	3331 MB/s	80106 short_reads/s	0 short_writes_echo/s	132 cpu_user_milliseconds	669 cpu_system_milliseconds	0 minor_page_faults/s	0 major_page_faults/s	34497 yields/s	0 preempts/s
104000 milliseconds	3490 MB/s	99858 short_reads/s	0 short_writes_echo/s	148 cpu_user_milliseconds	721 cpu_system_milliseconds	0 minor_page_faults/s	0 major_page_faults/s	42515 yields/s	1 preempts/s
105000 milliseconds	3445 MB/s	95610 short_reads/s	0 short_writes_echo/s	154 cpu_user_milliseconds	705 cpu_system_milliseconds	0 minor_page_faults/s	0 major_page_faults/s	39993 yields/s	1 preempts/s
106000 milliseconds	3432 MB/s	85869 short_reads/s	0 short_writes_echo/s	146 cpu_user_milliseconds	665 cpu_system_milliseconds	0 minor_page_faults/s	0 major_page_faults/s	36340 yields/s	0 preempts/s
107000 milliseconds	3474 MB/s	99409 short_reads/s	0 short_writes_echo/s	159 cpu_user_milliseconds	708 cpu_system_milliseconds	0 minor_page_faults/s	0 major_page_faults/s	41513 yields/s	0 preempts/s
108000 milliseconds	3524 MB/s	100838 short_reads/s	0 short_writes_echo/s	145 cpu_user_milliseconds	728 cpu_system_milliseconds	0 minor_page_faults/s	0 major_page_faults/s	42827 yields/s	0 preempts/s
109000 milliseconds	3371 MB/s	84266 short_reads/s	0 short_writes_echo/s	141 cpu_user_milliseconds	666 cpu_system_milliseconds	0 minor_page_faults/s	0 major_page_faults/s	35831 yields/s	0 preempts/s
110000 milliseconds	3259 MB/s	77941 short_reads/s	0 short_writes_echo/s	127 cpu_user_milliseconds	671 cpu_system_milliseconds	0 minor_page_faults/s	0 major_page_faults/s	33779 yields/s	0 preempts/s
111000 milliseconds	3407 MB/s	91174 short_reads/s	0 short_writes_echo/s	158 cpu_user_milliseconds	687 cpu_system_milliseconds	0 minor_page_faults/s	0 major_page_faults/s	37742 yields/s	0 preempts/s
112000 milliseconds	3293 MB/s	79061 short_reads/s	0 short_writes_echo/s	132 cpu_user_milliseconds	669 cpu_system_milliseconds	0 minor_page_faults/s	0 major_page_faults/s	32081 yields/s	0 preempts/s
113000 milliseconds	3497 MB/s	92249 short_reads/s	0 short_writes_echo/s	138 cpu_user_milliseconds	695 cpu_system_milliseconds	0 minor_page_faults/s	0 major_page_faults/s	34214 yields/s	0 preempts/s
114000 milliseconds	3453 MB/s	78716 short_reads/s	0 short_writes_echo/s	124 cpu_user_milliseconds	660 cpu_system_milliseconds	0 minor_page_faults/s	0 major_page_faults/s	33520 yields/s	0 preempts/s
115000 milliseconds	3438 MB/s	92055 short_reads/s	0 short_writes_echo/s	146 cpu_user_milliseconds	691 cpu_system_milliseconds	0 minor_page_faults/s	0 major_page_faults/s	38109 yields/s	3 preempts/s
116000 milliseconds	3547 MB/s	101010 short_reads/s	0 short_writes_echo/s	164 cpu_user_milliseconds	703 cpu_system_milliseconds	0 minor_page_faults/s	0 major_page_faults/s	43194 yields/s	17 preempts/s
117000 milliseconds	3429 MB/s	86796 short_reads/s	0 short_writes_echo/s	134 cpu_user_milliseconds	677 cpu_system_milliseconds	0 minor_page_faults/s	0 major_page_faults/s	37416 yields/s	0 preempts/s
118000 milliseconds	3474 MB/s	97718 short_reads/s	0 short_writes_echo/s	132 cpu_user_milliseconds	729 cpu_system_milliseconds	0 minor_page_faults/s	0 major_page_faults/s	41545 yields/s	0 preempts/s
119000 milliseconds	3485 MB/s	99656 short_reads/s	0 short_writes_echo/s	157 cpu_user_milliseconds	702 cpu_system_milliseconds	0 minor_page_faults/s	0 major_page_faults/s	43036 yields/s	66 preempts/s
120000 milliseconds	3374 MB/s	93545 short_reads/s	0 short_writes_echo/s	146 cpu_user_milliseconds	700 cpu_system_milliseconds	0 minor_page_faults/s	0 major_page_faults/s	39699 yields/s	1 preempts/s
121000 milliseconds	3359 MB/s	73955 short_reads/s	0 short_writes_echo/s	133 cpu_user_milliseconds	638 cpu_system_milliseconds	0 minor_page_faults/s	0 major_page_faults/s	32001 yields/s	1 preempts/s
122000 milliseconds	3446 MB/s	98773 short_reads/s	0 short_writes_echo/s	162 cpu_user_milliseconds	707 cpu_system_milliseconds	0 minor_page_faults/s	0 major_page_faults/s	41458 yields/s	1 preempts/s
123000 milliseconds	3274 MB/s	79517 short_reads/s	0 short_writes_echo/s	127 cpu_user_milliseconds	648 cpu_system_milliseconds	0 minor_page_faults/s	0 major_page_faults/s	34377 yields/s	0 preempts/s
124000 milliseconds	3456 MB/s	99067 short_reads/s	0 short_writes_echo/s	143 cpu_user_milliseconds	726 cpu_system_milliseconds	0 minor_page_faults/s	0 major_page_faults/s	41353 yields/s	0 preempts/s
125000 milliseconds	3372 MB/s	85229 short_reads/s	0 short_writes_echo/s	150 cpu_user_milliseconds	668 cpu_system_milliseconds	0 minor_page_faults/s	0 major_page_faults/s	34326 yields/s	0 preempts/s
126000 milliseconds	3346 MB/s	74215 short_reads/s	0 short_writes_echo/s	128 cpu_user_milliseconds	638 cpu_system_milliseconds	0 minor_page_faults/s	0 major_page_faults/s	31275 yields/s	0 preempts/s
127000 milliseconds	3476 MB/s	92563 short_reads/s	0 short_writes_echo/s	151 cpu_user_milliseconds	684 cpu_system_milliseconds	0 minor_page_faults/s	0 major_page_faults/s	39311 yields/s	19 preempts/s
128001 milliseconds	3465 MB/s	91778 short_reads/s	0 short_writes_echo/s	158 cpu_user_milliseconds	676 cpu_system_milliseconds	0 minor_page_faults/s	0 major_page_faults/s	37584 yields/s	0 preempts/s
129001 milliseconds	3391 MB/s	75724 short_reads/s	0 short_writes_echo/s	118 cpu_user_milliseconds	653 cpu_system_milliseconds	0 minor_page_faults/s	0 major_page_faults/s	31246 yields/s	0 preempts/s
130001 milliseconds	3422 MB/s	84675 short_reads/s	0 short_writes_echo/s	136 cpu_user_milliseconds	670 cpu_system_milliseconds	0 minor_page_faults/s	0 major_page_faults/s	34989 yields/s	3 preempts/s
131001 milliseconds	3419 MB/s	85693 short_reads/s	0 short_writes_echo/s	156 cpu_user_milliseconds	655 cpu_system_milliseconds	0 minor_page_faults/s	0 major_page_faults/s	35209 yields/s	0 preempts/s
132001 milliseconds	3567 MB/s	102229 short_reads/s	0 short_writes_echo/s	171 cpu_user_milliseconds	696 cpu_system_milliseconds	0 minor_page_faults/s	0 major_page_faults/s	42264 yields/s	1 preempts/s
133001 milliseconds	3404 MB/s	86694 short_reads/s	0 short_writes_echo/s	138 cpu_user_milliseconds	686 cpu_system_milliseconds	0 minor_page_faults/s	0 major_page_faults/s	35999 yields/s	2 preempts/s
134001 milliseconds	3330 MB/s	89000 short_reads/s	0 short_writes_echo/s	138 cpu_user_milliseconds	694 cpu_system_milliseconds	0 minor_page_faults/s	0 major_page_faults/s	37605 yields/s	3 preempts/s
135001 milliseconds	3348 MB/s	90264 short_reads/s	0 short_writes_echo/s	159 cpu_user_milliseconds	676 cpu_system_milliseconds	0 minor_page_faults/s	0 major_page_faults/s	38027 yields/s	16 preempts/s
136001 milliseconds	3514 MB/s	90114 short_reads/s	0 short_writes_echo/s	142 cpu_user_milliseconds	682 cpu_system_milliseconds	0 minor_page_faults/s	0 major_page_faults/s	37872 yields/s	20 preempts/s
137001 milliseconds	3540 MB/s	98391 short_reads/s	0 short_writes_echo/s	147 cpu_user_milliseconds	711 cpu_system_milliseconds	0 minor_page_faults/s	0 major_page_faults/s	42262 yields/s	0 preempts/s
138001 milliseconds	3398 MB/s	94862 short_reads/s	0 short_writes_echo/s	166 cpu_user_milliseconds	690 cpu_system_milliseconds	0 minor_page_faults/s	0 major_page_faults/s	39669 yields/s	0 preempts/s
139001 milliseconds	3544 MB/s	101617 short_reads/s	0 short_writes_echo/s	139 cpu_user_milliseconds	729 cpu_system_milliseconds	0 minor_page_faults/s	0 major_page_faults/s	42367 yields/s	0 preempts/s
140001 milliseconds	3377 MB/s	93793 short_reads/s	0 short_writes_echo/s	171 cpu_user_milliseconds	686 cpu_system_milliseconds	0 minor_page_faults/s	0 major_page_faults/s	39390 yields/s	6 preempts/s
141001 milliseconds	3296 MB/s	66207 short_reads/s	0 short_writes_echo/s	121 cpu_user_milliseconds	619 cpu_system_milliseconds	0 minor_page_faults/s	0 major_page_faults/s	32224 yields/s	0 preempts/s
142001 milliseconds	3383 MB/s	82789 short_reads/s	0 short_writes_echo/s	139 cpu_user_milliseconds	665 cpu_system_milliseconds	0 minor_page_faults/s	0 major_page_faults/s	36445 yields/s	0 preempts/s
143001 milliseconds	3547 MB/s	101306 short_reads/s	0 short_writes_echo/s	141 cpu_user_milliseconds	731 cpu_system_milliseconds	0 minor_page_faults/s	0 major_page_faults/s	42864 yields/s	0 preempts/s
144001 milliseconds	3530 MB/s	98458 short_reads/s	0 short_writes_echo/s	157 cpu_user_milliseconds	702 cpu_system_milliseconds	0 minor_page_faults/s	0 major_page_faults/s	41608 yields/s	0 preempts/s
145001 milliseconds	3465 MB/s	97677 short_reads/s	0 short_writes_echo/s	160 cpu_user_milliseconds	703 cpu_system_milliseconds	0 minor_page_faults/s	0 major_page_faults/s	40854 yields/s	2 preempts/s
146001 milliseconds	3264 MB/s	68207 short_reads/s	0 short_writes_echo/s	116 cpu_user_milliseconds	639 cpu_system_milliseconds	0 minor_page_faults/s	0 major_page_faults/s	29771 yields/s	1 preempts/s
147001 milliseconds	3545 MB/s	101523 short_reads/s	0 short_writes_echo/s	137 cpu_user_milliseconds	730 cpu_system_milliseconds	0 minor_page_faults/s	0 major_page_faults/s	43370 yields/s	34 preempts/s
148001 milliseconds	3305 MB/s	74269 short_reads/s	0 short_writes_echo/s	120 cpu_user_milliseconds	660 cpu_system_milliseconds	0 minor_page_faults/s	0 major_page_faults/s	34279 yields/s	2 preempts/s
149001 milliseconds	3391 MB/s	86938 short_reads/s	0 short_writes_echo/s	138 cpu_user_milliseconds	685 cpu_system_milliseconds	0 minor_page_faults/s	0 major_page_faults/s	38759 yields/s	20 preempts/s
150001 milliseconds	3390 MB/s	88736 short_reads/s	0 short_writes_echo/s	127 cpu_user_milliseconds	702 cpu_system_milliseconds	0 minor_page_faults/s	0 major_page_faults/s	37270 yields/s	14 preempts/s
151001 milliseconds	3393 MB/s	86775 short_reads/s	0 short_writes_echo/s	123 cpu_user_milliseconds	700 cpu_system_milliseconds	0 minor_page_faults/s	0 major_page_faults/s	35217 yields/s	0 preempts/s
152001 milliseconds	3481 MB/s	99797 short_reads/s	0 short_writes_echo/s	138 cpu_user_milliseconds	728 cpu_system_milliseconds	0 minor_page_faults/s	0 major_page_faults/s	42405 yields/s	0 preempts/s
153001 milliseconds	3513 MB/s	100649 short_reads/s	0 short_writes_echo/s	155 cpu_user_milliseconds	714 cpu_system_milliseconds	0 minor_page_faults/s	0 major_page_faults/s	42964 yields/s	18 preempts/s
154001 milliseconds	3562 MB/s	102155 short_reads/s	0 short_writes_echo/s	142 cpu_user_milliseconds	728 cpu_system_milliseconds	0 minor_page_faults/s	0 major_page_faults/s	43822 yields/s	0 preempts/s
155001 milliseconds	3470 MB/s	99504 short_reads/s	0 short_writes_echo/s	168 cpu_user_milliseconds	697 cpu_system_milliseconds	0 minor_page_faults/s	0 major_page_faults/s	42621 yields/s	0 preempts/s
156001 milliseconds	3462 MB/s	96854 short_reads/s	0 short_writes_echo/s	130 cpu_user_milliseconds	734 cpu_system_milliseconds	0 minor_page_faults/s	0 major_page_faults/s	38427 yields/s	0 preempts/s
157001 milliseconds	3330 MB/s	78621 short_reads/s	0 short_writes_echo/s	126 cpu_user_milliseconds	675 cpu_system_milliseconds	0 minor_page_faults/s	0 major_page_faults/s	34239 yields/s	19 preempts/s
158001 milliseconds	3439 MB/s	82188 short_reads/s	0 short_writes_echo/s	138 cpu_user_milliseconds	651 cpu_system_milliseconds	0 minor_page_faults/s	0 major_page_faults/s	35829 yields/s	5 preempts/s
159001 milliseconds	3402 MB/s	80954 short_reads/s	0 short_writes_echo/s	124 cpu_user_milliseconds	667 cpu_system_milliseconds	0 minor_page_faults/s	0 major_page_faults/s	35258 yields/s	0 preempts/s
160001 milliseconds	3272 MB/s	93332 short_reads/s	0 short_writes_echo/s	144 cpu_user_milliseconds	720 cpu_system_milliseconds	0 minor_page_faults/s	0 major_page_faults/s	36646 yields/s	7 preempts/s
161001 milliseconds	3383 MB/s	88722 short_reads/s	0 short_writes_echo/s	138 cpu_user_milliseconds	690 cpu_system_milliseconds	0 minor_page_faults/s	0 major_page_faults/s	39452 yields/s	0 preempts/s
162001 milliseconds	3427 MB/s	93307 short_reads/s	0 short_writes_echo/s	145 cpu_user_milliseconds	703 cpu_system_milliseconds	0 minor_page_faults/s	0 major_page_faults/s	38851 yields/s	4 preempts/s
163001 milliseconds	3320 MB/s	76433 short_reads/s	0 short_writes_echo/s	124 cpu_user_milliseconds	664 cpu_system_milliseconds	0 minor_page_faults/s	0 major_page_faults/s	33494 yields/s	2 preempts/s
164001 milliseconds	3478 MB/s	84714 short_reads/s	0 short_writes_echo/s	139 cpu_user_milliseconds	665 cpu_system_milliseconds	0 minor_page_faults/s	0 major_page_faults/s	35344 yields/s	0 preempts/s
165001 milliseconds	3406 MB/s	77160 short_reads/s	0 short_writes_echo/s	129 cpu_user_milliseconds	657 cpu_system_milliseconds	0 minor_page_faults/s	0 major_page_faults/s	32422 yields/s	0 preempts/s
166001 milliseconds	3421 MB/s	76418 short_reads/s	0 short_writes_echo/s	106 cpu_user_milliseconds	665 cpu_system_milliseconds	0 minor_page_faults/s	0 major_page_faults/s	32218 yields/s	1 preempts/s
167001 milliseconds	3321 MB/s	83396 short_reads/s	0 short_writes_echo/s	136 cpu_user_milliseconds	677 cpu_system_milliseconds	0 minor_page_faults/s	0 major_page_faults/s	33970 yields/s	0 preempts/s
168001 milliseconds	3234 MB/s	62968 short_reads/s	0 short_writes_echo/s	106 cpu_user_milliseconds	644 cpu_system_milliseconds	0 minor_page_faults/s	0 major_page_faults/s	29711 yields/s	0 preempts/s
169001 milliseconds	3362 MB/s	81638 short_reads/s	0 short_writes_echo/s	132 cpu_user_milliseconds	670 cpu_system_milliseconds	0 minor_page_faults/s	0 major_page_faults/s	35403 yields/s	0 preempts/s
170001 milliseconds	3323 MB/s	77090 short_reads/s	0 short_writes_echo/s	115 cpu_user_milliseconds	673 cpu_system_milliseconds	0 minor_page_faults/s	0 major_page_faults/s	32041 yields/s	0 preempts/s
171001 milliseconds	3429 MB/s	87395 short_reads/s	0 short_writes_echo/s	124 cpu_user_milliseconds	685 cpu_system_milliseconds	0 minor_page_faults/s	0 major_page_faults/s	37741 yields/s	43 preempts/s
172001 milliseconds	3354 MB/s	87008 short_reads/s	0 short_writes_echo/s	134 cpu_user_milliseconds	697 cpu_system_milliseconds	0 minor_page_faults/s	0 major_page_faults/s	37123 yields/s	0 preempts/s
173001 milliseconds	3573 MB/s	102481 short_reads/s	0 short_writes_echo/s	161 cpu_user_milliseconds	708 cpu_system_milliseconds	0 minor_page_faults/s	0 major_page_faults/s	41754 yields/s	2 preempts/s
174001 milliseconds	3413 MB/s	83772 short_reads/s	0 short_writes_echo/s	143 cpu_user_milliseconds	662 cpu_system_milliseconds	0 minor_page_faults/s	0 major_page_faults/s	34840 yields/s	20 preempts/s
175001 milliseconds	3434 MB/s	87866 short_reads/s	0 short_writes_echo/s	146 cpu_user_milliseconds	672 cpu_system_milliseconds	0 minor_page_faults/s	0 major_page_faults/s	36582 yields/s	1 preempts/s
176001 milliseconds	3554 MB/s	101840 short_reads/s	0 short_writes_echo/s	162 cpu_user_milliseconds	707 cpu_system_milliseconds	0 minor_page_faults/s	0 major_page_faults/s	43656 yields/s	20 preempts/s
177001 milliseconds	3530 MB/s	95010 short_reads/s	0 short_writes_echo/s	154 cpu_user_milliseconds	687 cpu_system_milliseconds	0 minor_page_faults/s	0 major_page_faults/s	39668 yields/s	21 preempts/s
178001 milliseconds	3374 MB/s	74389 short_reads/s	0 short_writes_echo/s	126 cpu_user_milliseconds	649 cpu_system_milliseconds	0 minor_page_faults/s	0 major_page_faults/s	34830 yields/s	0 preempts/s
179001 milliseconds	3522 MB/s	100365 short_reads/s	0 short_writes_echo/s	138 cpu_user_milliseconds	726 cpu_system_milliseconds	0 minor_page_faults/s	0 major_page_faults/s	42292 yields/s	20 preempts/s
180001 milliseconds	3378 MB/s	82757 short_reads/s	0 short_writes_echo/s	113 cpu_user_milliseconds	692 cpu_system_milliseconds	0 minor_page_faults/s	0 major_page_faults/s	34659 yields/s	3 preempts/s
181001 milliseconds	3430 MB/s	98121 short_reads/s	0 short_writes_echo/s	152 cpu_user_milliseconds	712 cpu_system_milliseconds	0 minor_page_faults/s	0 major_page_faults/s	42250 yields/s	0 preempts/s
182001 milliseconds	3320 MB/s	95012 short_reads/s	0 short_writes_echo/s	157 cpu_user_milliseconds	713 cpu_system_milliseconds	0 minor_page_faults/s	0 major_page_faults/s	38871 yields/s	20 preempts/s
183001 milliseconds	3373 MB/s	71814 short_reads/s	0 short_writes_echo/s	129 cpu_user_milliseconds	643 cpu_system_milliseconds	0 minor_page_faults/s	0 major_page_faults/s	29348 yields/s	18 preempts/s
184001 milliseconds	3482 MB/s	94120 short_reads/s	0 short_writes_echo/s	145 cpu_user_milliseconds	697 cpu_system_milliseconds	0 minor_page_faults/s	0 major_page_faults/s	40657 yields/s	0 preempts/s
185001 milliseconds	3317 MB/s	83959 short_reads/s	0 short_writes_echo/s	140 cpu_user_milliseconds	681 cpu_system_milliseconds	0 minor_page_faults/s	0 major_page_faults/s	35996 yields/s	24 preempts/s
186001 milliseconds	3447 MB/s	98589 short_reads/s	0 short_writes_echo/s	155 cpu_user_milliseconds	710 cpu_system_milliseconds	0 minor_page_faults/s	0 major_page_faults/s	40776 yields/s	17 preempts/s
187001 milliseconds	3469 MB/s	99223 short_reads/s	0 short_writes_echo/s	150 cpu_user_milliseconds	715 cpu_system_milliseconds	0 minor_page_faults/s	0 major_page_faults/s	41848 yields/s	0 preempts/s
188001 milliseconds	3469 MB/s	88789 short_reads/s	0 short_writes_echo/s	150 cpu_user_milliseconds	677 cpu_system_milliseconds	0 minor_page_faults/s	0 major_page_faults/s	36533 yields/s	0 preempts/s
189001 milliseconds	3470 MB/s	99410 short_reads/s	0 short_writes_echo/s	178 cpu_user_milliseconds	692 cpu_system_milliseconds	0 minor_page_faults/s	0 major_page_faults/s	39646 yields/s	0 preempts/s
190001 milliseconds	3408 MB/s	86377 short_reads/s	0 short_writes_echo/s	150 cpu_user_milliseconds	668 cpu_system_milliseconds	0 minor_page_faults/s	0 major_page_faults/s	35430 yields/s	4 preempts/s
191001 milliseconds	3502 MB/s	94489 short_reads/s	0 short_writes_echo/s	151 cpu_user_milliseconds	694 cpu_system_milliseconds	0 minor_page_faults/s	0 major_page_faults/s	39570 yields/s	0 preempts/s
192001 milliseconds	3409 MB/s	94187 short_reads/s	0 short_writes_echo/s	143 cpu_user_milliseconds	708 cpu_system_milliseconds	0 minor_page_faults/s	0 major_page_faults/s	40020 yields/s	0 preempts/s
193001 milliseconds	3287 MB/s	63759 short_reads/s	0 short_writes_echo/s	126 cpu_user_milliseconds	610 cpu_system_milliseconds	0 minor_page_faults/s	0 major_page_faults/s	31303 yields/s	0 preempts/s
194001 milliseconds	3379 MB/s	91969 short_reads/s	0 short_writes_echo/s	148 cpu_user_milliseconds	699 cpu_system_milliseconds	0 minor_page_faults/s	0 major_page_faults/s	35171 yields/s	0 preempts/s
195001 milliseconds	3422 MB/s	95762 short_reads/s	0 short_writes_echo/s	159 cpu_user_milliseconds	696 cpu_system_milliseconds	0 minor_page_faults/s	0 major_page_faults/s	39489 yields/s	9 preempts/s
196001 milliseconds	3394 MB/s	97371 short_reads/s	0 short_writes_echo/s	155 cpu_user_milliseconds	709 cpu_system_milliseconds	0 minor_page_faults/s	0 major_page_faults/s	41838 yields/s	0 preempts/s
197001 milliseconds	3297 MB/s	81854 short_reads/s	0 short_writes_echo/s	119 cpu_user_milliseconds	697 cpu_system_milliseconds	0 minor_page_faults/s	0 major_page_faults/s	35952 yields/s	0 preempts/s
198001 milliseconds	3382 MB/s	70233 short_reads/s	0 short_writes_echo/s	113 cpu_user_milliseconds	648 cpu_system_milliseconds	0 minor_page_faults/s	0 major_page_faults/s	34582 yields/s	0 preempts/s
199001 milliseconds	3450 MB/s	87370 short_reads/s	0 short_writes_echo/s	143 cpu_user_milliseconds	673 cpu_system_milliseconds	0 minor_page_faults/s	0 major_page_faults/s	36548 yields/s	0 preempts/s
200001 milliseconds	3458 MB/s	93228 short_reads/s	0 short_writes_echo/s	156 cpu_user_milliseconds	688 cpu_system_milliseconds	0 minor_page_faults/s	0 major_page_faults/s	37104 yields/s	22 preempts/s
201001 milliseconds	3423 MB/s	81605 short_reads/s	0 short_writes_echo/s	138 cpu_user_milliseconds	656 cpu_system_milliseconds	0 minor_page_faults/s	0 major_page_faults/s	35342 yields/s	21 preempts/s
202001 milliseconds	3392 MB/s	84373 short_reads/s	0 short_writes_echo/s	146 cpu_user_milliseconds	665 cpu_system_milliseconds	0 minor_page_faults/s	0 major_page_faults/s	37304 yields/s	1 preempts/s
203001 milliseconds	3317 MB/s	75141 short_reads/s	0 short_writes_echo/s	131 cpu_user_milliseconds	642 cpu_system_milliseconds	0 minor_page_faults/s	0 major_page_faults/s	31771 yields/s	19 preempts/s
204001 milliseconds	3333 MB/s	70948 short_reads/s	0 short_writes_echo/s	139 cpu_user_milliseconds	619 cpu_system_milliseconds	0 minor_page_faults/s	0 major_page_faults/s	31054 yields/s	0 preempts/s
205001 milliseconds	3329 MB/s	91373 short_reads/s	0 short_writes_echo/s	161 cpu_user_milliseconds	681 cpu_system_milliseconds	0 minor_page_faults/s	0 major_page_faults/s	37931 yields/s	2 preempts/s
206001 milliseconds	3472 MB/s	99504 short_reads/s	0 short_writes_echo/s	150 cpu_user_milliseconds	721 cpu_system_milliseconds	0 minor_page_faults/s	0 major_page_faults/s	42075 yields/s	1 preempts/s
207001 milliseconds	3523 MB/s	89138 short_reads/s	0 short_writes_echo/s	121 cpu_user_milliseconds	697 cpu_system_milliseconds	0 minor_page_faults/s	0 major_page_faults/s	36432 yields/s	4 preempts/s
208001 milliseconds	3504 MB/s	92399 short_reads/s	0 short_writes_echo/s	167 cpu_user_milliseconds	667 cpu_system_milliseconds	0 minor_page_faults/s	0 major_page_faults/s	39447 yields/s	22 preempts/s
209001 milliseconds	3372 MB/s	74580 short_reads/s	0 short_writes_echo/s	128 cpu_user_milliseconds	647 cpu_system_milliseconds	0 minor_page_faults/s	0 major_page_faults/s	34613 yields/s	1 preempts/s
210001 milliseconds	3381 MB/s	84227 short_reads/s	0 short_writes_echo/s	140 cpu_user_milliseconds	674 cpu_system_milliseconds	0 minor_page_faults/s	0 major_page_faults/s	34344 yields/s	20 preempts/s
211001 milliseconds	3470 MB/s	99594 short_reads/s	0 short_writes_echo/s	170 cpu_user_milliseconds	695 cpu_system_milliseconds	0 minor_page_faults/s	0 major_page_faults/s	42949 yields/s	0 preempts/s
212001 milliseconds	3460 MB/s	99274 short_reads/s	0 short_writes_echo/s	150 cpu_user_milliseconds	719 cpu_system_milliseconds	0 minor_page_faults/s	0 major_page_faults/s	40740 yields/s	0 preempts/s
213001 milliseconds	3498 MB/s	100279 short_reads/s	0 short_writes_echo/s	125 cpu_user_milliseconds	742 cpu_system_milliseconds	0 minor_page_faults/s	0 major_page_faults/s	43012 yields/s	0 preempts/s
214001 milliseconds	3439 MB/s	92286 short_reads/s	0 short_writes_echo/s	149 cpu_user_milliseconds	689 cpu_system_milliseconds	0 minor_page_faults/s	0 major_page_faults/s	38529 yields/s	2 preempts/s
215001 milliseconds	3332 MB/s	95561 short_reads/s	0 short_writes_echo/s	152 cpu_user_milliseconds	702 cpu_system_milliseconds	0 minor_page_faults/s	0 major_page_faults/s	40679 yields/s	0 preempts/s
216001 milliseconds	3384 MB/s	72501 short_reads/s	0 short_writes_echo/s	113 cpu_user_milliseconds	651 cpu_system_milliseconds	0 minor_page_faults/s	0 major_page_faults/s	28911 yields/s	0 preempts/s
217001 milliseconds	3403 MB/s	97487 short_reads/s	0 short_writes_echo/s	163 cpu_user_milliseconds	687 cpu_system_milliseconds	0 minor_page_faults/s	0 major_page_faults/s	41669 yields/s	0 preempts/s
218001 milliseconds	3535 MB/s	99839 short_reads/s	0 short_writes_echo/s	148 cpu_user_milliseconds	717 cpu_system_milliseconds	0 minor_page_faults/s	0 major_page_faults/s	40032 yields/s	0 preempts/s
219001 milliseconds	3399 MB/s	83317 short_reads/s	0 short_writes_echo/s	119 cpu_user_milliseconds	681 cpu_system_milliseconds	0 minor_page_faults/s	0 major_page_faults/s	34121 yields/s	0 preempts/s
220001 milliseconds	3399 MB/s	89320 short_reads/s	0 short_writes_echo/s	162 cpu_user_milliseconds	673 cpu_system_milliseconds	0 minor_page_faults/s	0 major_page_faults/s	37562 yields/s	1 preempts/s
221001 milliseconds	3239 MB/s	63575 short_reads/s	0 short_writes_echo/s	106 cpu_user_milliseconds	634 cpu_system_milliseconds	0 minor_page_faults/s	0 major_page_faults/s	31634 yields/s	0 preempts/s
222001 milliseconds	3516 MB/s	100148 short_reads/s	0 short_writes_echo/s	145 cpu_user_milliseconds	723 cpu_system_milliseconds	0 minor_page_faults/s	0 major_page_faults/s	41635 yields/s	0 preempts/s
223002 milliseconds	3392 MB/s	96427 short_reads/s	0 short_writes_echo/s	136 cpu_user_milliseconds	718 cpu_system_milliseconds	0 minor_page_faults/s	0 major_page_faults/s	41666 yields/s	15 preempts/s
224002 milliseconds	3295 MB/s	71277 short_reads/s	0 short_writes_echo/s	120 cpu_user_milliseconds	645 cpu_system_milliseconds	0 minor_page_faults/s	0 major_page_faults/s	29906 yields/s	5 preempts/s
225002 milliseconds	3450 MB/s	98410 short_reads/s	0 short_writes_echo/s	168 cpu_user_milliseconds	698 cpu_system_milliseconds	0 minor_page_faults/s	0 major_page_faults/s	41914 yields/s	5 preempts/s
226002 milliseconds	3549 MB/s	100927 short_reads/s	0 short_writes_echo/s	143 cpu_user_milliseconds	722 cpu_system_milliseconds	0 minor_page_faults/s	0 major_page_faults/s	42248 yields/s	0 preempts/s
227002 milliseconds	3542 MB/s	101611 short_reads/s	0 short_writes_echo/s	155 cpu_user_milliseconds	705 cpu_system_milliseconds	0 minor_page_faults/s	0 major_page_faults/s	42711 yields/s	0 preempts/s
228002 milliseconds	3555 MB/s	101888 short_reads/s	0 short_writes_echo/s	151 cpu_user_milliseconds	722 cpu_system_milliseconds	0 minor_page_faults/s	0 major_page_faults/s	42494 yields/s	0 preempts/s
229002 milliseconds	3511 MB/s	100537 short_reads/s	0 short_writes_echo/s	163 cpu_user_milliseconds	704 cpu_system_milliseconds	0 minor_page_faults/s	0 major_page_faults/s	37476 yields/s	0 preempts/s
230002 milliseconds	3409 MB/s	97604 short_reads/s	0 short_writes_echo/s	156 cpu_user_milliseconds	698 cpu_system_milliseconds	0 minor_page_faults/s	0 major_page_faults/s	40310 yields/s	19 preempts/s
231002 milliseconds	3549 MB/s	101797 short_reads/s	0 short_writes_echo/s	152 cpu_user_milliseconds	712 cpu_system_milliseconds	0 minor_page_faults/s	0 major_page_faults/s	40986 yields/s	0 preempts/s
232002 milliseconds	3523 MB/s	99595 short_reads/s	0 short_writes_echo/s	171 cpu_user_milliseconds	692 cpu_system_milliseconds	0 minor_page_faults/s	0 major_page_faults/s	42531 yields/s	22 preempts/s
233002 milliseconds	3440 MB/s	89756 short_reads/s	0 short_writes_echo/s	161 cpu_user_milliseconds	666 cpu_system_milliseconds	0 minor_page_faults/s	0 major_page_faults/s	38377 yields/s	18 preempts/s
234002 milliseconds	3317 MB/s	79422 short_reads/s	0 short_writes_echo/s	133 cpu_user_milliseconds	660 cpu_system_milliseconds	0 minor_page_faults/s	0 major_page_faults/s	33837 yields/s	0 preempts/s
235002 milliseconds	3372 MB/s	93070 short_reads/s	0 short_writes_echo/s	158 cpu_user_milliseconds	687 cpu_system_milliseconds	0 minor_page_faults/s	0 major_page_faults/s	37836 yields/s	2 preempts/s
236002 milliseconds	3496 MB/s	87468 short_reads/s	0 short_writes_echo/s	132 cpu_user_milliseconds	681 cpu_system_milliseconds	0 minor_page_faults/s	0 major_page_faults/s	35766 yields/s	1 preempts/s
237002 milliseconds	3495 MB/s	81815 short_reads/s	0 short_writes_echo/s	126 cpu_user_milliseconds	664 cpu_system_milliseconds	0 minor_page_faults/s	0 major_page_faults/s	33164 yields/s	0 preempts/s
238002 milliseconds	3424 MB/s	86076 short_reads/s	0 short_writes_echo/s	135 cpu_user_milliseconds	678 cpu_system_milliseconds	0 minor_page_faults/s	0 major_page_faults/s	36104 yields/s	0 preempts/s
239002 milliseconds	3490 MB/s	98069 short_reads/s	0 short_writes_echo/s	158 cpu_user_milliseconds	703 cpu_system_milliseconds	0 minor_page_faults/s	0 major_page_faults/s	41694 yields/s	0 preempts/s
240002 milliseconds	3317 MB/s	76062 short_reads/s	0 short_writes_echo/s	106 cpu_user_milliseconds	669 cpu_system_milliseconds	0 minor_page_faults/s	0 major_page_faults/s	33950 yields/s	3 preempts/s
