1000 milliseconds	3572 MB/s	61856 short_reads/s	0 short_writes_echo/s	105 cpu_user_milliseconds	660 cpu_system_milliseconds	175 minor_page_faults/s	0 major_page_faults/s	17555 yields/s	0 preempts/s
2000 milliseconds	3565 MB/s	62906 short_reads/s	0 short_writes_echo/s	105 cpu_user_milliseconds	656 cpu_system_milliseconds	3 minor_page_faults/s	0 major_page_faults/s	17402 yields/s	18 preempts/s
3000 milliseconds	3662 MB/s	65506 short_reads/s	0 short_writes_echo/s	88 cpu_user_milliseconds	672 cpu_system_milliseconds	0 minor_page_faults/s	0 major_page_faults/s	16715 yields/s	0 preempts/s
4000 milliseconds	3642 MB/s	64445 short_reads/s	0 short_writes_echo/s	109 cpu_user_milliseconds	646 cpu_system_milliseconds	0 minor_page_faults/s	0 major_page_faults/s	16942 yields/s	0 preempts/s
5000 milliseconds	3675 MB/s	64887 short_reads/s	0 short_writes_echo/s	116 cpu_user_milliseconds	640 cpu_system_milliseconds	0 minor_page_faults/s	0 major_page_faults/s	17554 yields/s	20 preempts/s
6000 milliseconds	3567 MB/s	64913 short_reads/s	0 short_writes_echo/s	107 cpu_user_milliseconds	658 cpu_system_milliseconds	0 minor_page_faults/s	0 major_page_faults/s	19379 yields/s	0 preempts/s
7000 milliseconds	3627 MB/s	65738 short_reads/s	0 short_writes_echo/s	103 cpu_user_milliseconds	670 cpu_system_milliseconds	0 minor_page_faults/s	0 major_page_faults/s	18330 yields/s	3 preempts/s
8000 milliseconds	3673 MB/s	68004 short_reads/s	0 short_writes_echo/s	104 cpu_user_milliseconds	673 cpu_system_milliseconds	0 minor_page_faults/s	0 major_page_faults/s	21053 yields/s	0 preempts/s
9000 milliseconds	3673 MB/s	65221 short_reads/s	0 short_writes_echo/s	99 cpu_user_milliseconds	659 cpu_system_milliseconds	0 minor_page_faults/s	0 major_page_faults/s	18749 yields/s	0 preempts/s
10000 milliseconds	3682 MB/s	64295 short_reads/s	0 short_writes_echo/s	111 cpu_user_milliseconds	640 cpu_system_milliseconds	0 minor_page_faults/s	0 major_page_faults/s	17820 yields/s	0 preempts/s
11000 milliseconds	3665 MB/s	67885 short_reads/s	0 short_writes_echo/s	108 cpu_user_milliseconds	669 cpu_system_milliseconds	0 minor_page_faults/s	0 major_page_faults/s	20440 yields/s	0 preempts/s
12000 milliseconds	3623 MB/s	63905 short_reads/s	0 short_writes_echo/s	92 cpu_user_milliseconds	667 cpu_system_milliseconds	0 minor_page_faults/s	0 major_page_faults/s	17558 yields/s	2 preempts/s
13000 milliseconds	3557 MB/s	62721 short_reads/s	0 short_writes_echo/s	114 cpu_user_milliseconds	654 cpu_system_milliseconds	0 minor_page_faults/s	0 major_page_faults/s	17092 yields/s	0 preempts/s
14000 milliseconds	3630 MB/s	64416 short_reads/s	0 short_writes_echo/s	123 cpu_user_milliseconds	633 cpu_system_milliseconds	0 minor_page_faults/s	0 major_page_faults/s	16259 yields/s	1 preempts/s
15000 milliseconds	3648 MB/s	64525 short_reads/s	0 short_writes_echo/s	113 cpu_user_milliseconds	645 cpu_system_milliseconds	0 minor_page_faults/s	0 major_page_faults/s	16837 yields/s	0 preempts/s
16000 milliseconds	3622 MB/s	65826 short_reads/s	0 short_writes_echo/s	108 cpu_user_milliseconds	667 cpu_system_milliseconds	0 minor_page_faults/s	0 major_page_faults/s	19640 yields/s	2 preempts/s
17000 milliseconds	3622 MB/s	64725 short_reads/s	0 short_writes_echo/s	118 cpu_user_milliseconds	640 cpu_system_milliseconds	0 minor_page_faults/s	0 major_page_faults/s	16644 yields/s	1 preempts/s
18000 milliseconds	3687 MB/s	65778 short_reads/s	0 short_writes_echo/s	107 cpu_user_milliseconds	654 cpu_system_milliseconds	0 minor_page_faults/s	0 major_page_faults/s	19453 yields/s	22 preempts/s
19000 milliseconds	3650 MB/s	65723 short_reads/s	0 short_writes_echo/s	92 cpu_user_milliseconds	672 cpu_system_milliseconds	0 minor_page_faults/s	0 major_page_faults/s	18216 yields/s	1 preempts/s
20000 milliseconds	3646 MB/s	64293 short_reads/s	0 short_writes_echo/s	113 cpu_user_milliseconds	638 cpu_system_milliseconds	0 minor_page_faults/s	0 major_page_faults/s	17124 yields/s	0 preempts/s
21000 milliseconds	3665 MB/s	66993 short_reads/s	0 short_writes_echo/s	119 cpu_user_milliseconds	653 cpu_system_milliseconds	0 minor_page_faults/s	0 major_page_faults/s	20213 yields/s	0 preempts/s
22000 milliseconds	3579 MB/s	64563 short_reads/s	0 short_writes_echo/s	114 cpu_user_milliseconds	641 cpu_system_milliseconds	0 minor_page_faults/s	0 major_page_faults/s	17529 yields/s	2 preempts/s
23000 milliseconds	3625 MB/s	65322 short_reads/s	0 short_writes_echo/s	87 cpu_user_milliseconds	674 cpu_system_milliseconds	0 minor_page_faults/s	0 major_page_faults/s	17730 yields/s	0 preempts/s
24000 milliseconds	3612 MB/s	65637 short_reads/s	0 short_writes_echo/s	88 cpu_user_milliseconds	675 cpu_system_milliseconds	0 minor_page_faults/s	0 major_page_faults/s	16975 yields/s	1 preempts/s
25000 milliseconds	3688 MB/s	63959 short_reads/s	0 short_writes_echo/s	88 cpu_user_milliseconds	663 cpu_system_milliseconds	0 minor_page_faults/s	0 major_page_faults/s	18381 yields/s	5 preempts/s
26000 milliseconds	3580 MB/s	63449 short_reads/s	0 short_writes_echo/s	110 cpu_user_milliseconds	653 cpu_system_milliseconds	0 minor_page_faults/s	0 major_page_faults/s	16998 yields/s	0 preempts/s
27000 milliseconds	3607 MB/s	63973 short_reads/s	0 short_writes_echo/s	107 cpu_user_milliseconds	652 cpu_system_milliseconds	0 minor_page_faults/s	0 major_page_faults/s	16392 yields/s	7 preempts/s
28000 milliseconds	3610 MB/s	63982 short_reads/s	0 short_writes_echo/s	127 cpu_user_milliseconds	638 cpu_system_milliseconds	0 minor_page_faults/s	0 major_page_faults/s	16407 yields/s	0 preempts/s
29000 milliseconds	3646 MB/s	65051 short_reads/s	0 short_writes_echo/s	111 cpu_user_milliseconds	645 cpu_system_milliseconds	0 minor_page_faults/s	0 major_page_faults/s	17081 yields/s	0 preempts/s
30000 milliseconds	3683 MB/s	67929 short_reads/s	0 short_writes_echo/s	111 cpu_user_milliseconds	666 cpu_system_milliseconds	0 minor_page_faults/s	0 major_page_faults/s	18319 yields/s	1 preempts/s
31000 milliseconds	3644 MB/s	64785 short_reads/s	0 short_writes_echo/s	104 cpu_user_milliseconds	659 cpu_system_milliseconds	0 minor_page_faults/s	0 major_page_faults/s	19021 yields/s	1 preempts/s
32000 milliseconds	3642 MB/s	66141 short_reads/s	0 short_writes_echo/s	123 cpu_user_milliseconds	649 cpu_system_milliseconds	0 minor_page_faults/s	0 major_page_faults/s	20110 yields/s	4 preempts/s
33000 milliseconds	3671 MB/s	65261 short_reads/s	0 short_writes_echo/s	93 cpu_user_milliseconds	664 cpu_system_milliseconds	0 minor_page_faults/s	0 major_page_faults/s	18187 yields/s	0 preempts/s
34000 milliseconds	3698 MB/s	66543 short_reads/s	0 short_writes_echo/s	110 cpu_user_milliseconds	659 cpu_system_milliseconds	0 minor_page_faults/s	0 major_page_faults/s	20244 yields/s	0 preempts/s
35000 milliseconds	3631 MB/s	66077 short_reads/s	0 short_writes_echo/s	113 cpu_user_milliseconds	660 cpu_system_milliseconds	0 minor_page_faults/s	0 major_page_faults/s	17758 yields/s	2 preempts/s
36000 milliseconds	3662 MB/s	64749 short_reads/s	0 short_writes_echo/s	111 cpu_user_milliseconds	647 cpu_system_milliseconds	0 minor_page_faults/s	0 major_page_faults/s	17164 yields/s	1 preempts/s
37000 milliseconds	3587 MB/s	64392 short_reads/s	0 short_writes_echo/s	95 cpu_user_milliseconds	675 cpu_system_milliseconds	0 minor_page_faults/s	0 major_page_faults/s	18418 yields/s	16 preempts/s
38000 milliseconds	3657 MB/s	66839 short_reads/s	0 short_writes_echo/s	105 cpu_user_milliseconds	663 cpu_system_milliseconds	0 minor_page_faults/s	0 major_page_faults/s	18902 yields/s	0 preempts/s
39000 milliseconds	3643 MB/s	64984 short_reads/s	0 short_writes_echo/s	108 cpu_user_milliseconds	651 cpu_system_milliseconds	0 minor_page_faults/s	0 major_page_faults/s	18185 yields/s	0 preempts/s
40000 milliseconds	3678 MB/s	66085 short_reads/s	0 short_writes_echo/s	119 cpu_user_milliseconds	647 cpu_system_milliseconds	0 minor_page_faults/s	0 major_page_faults/s	17444 yields/s	4 preempts/s
41000 milliseconds	3675 MB/s	68189 short_reads/s	0 short_writes_echo/s	107 cpu_user_milliseconds	675 cpu_system_milliseconds	0 minor_page_faults/s	0 major_page_faults/s	19939 yields/s	0 preempts/s
42000 milliseconds	3629 MB/s	64370 short_reads/s	0 short_writes_echo/s	111 cpu_user_milliseconds	655 cpu_system_milliseconds	0 minor_page_faults/s	0 major_page_faults/s	17174 yields/s	3 preempts/s
43000 milliseconds	3592 MB/s	66244 short_reads/s	0 short_writes_echo/s	91 cpu_user_milliseconds	687 cpu_system_milliseconds	0 minor_page_faults/s	0 major_page_faults/s	19355 yields/s	20 preempts/s
44000 milliseconds	3620 MB/s	64172 short_reads/s	0 short_writes_echo/s	102 cpu_user_milliseconds	661 cpu_system_milliseconds	0 minor_page_faults/s	0 major_page_faults/s	18684 yields/s	2 preempts/s
45000 milliseconds	3685 MB/s	64628 short_reads/s	0 short_writes_echo/s	110 cpu_user_milliseconds	645 cpu_system_milliseconds	0 minor_page_faults/s	0 major_page_faults/s	18180 yields/s	0 preempts/s
46000 milliseconds	3626 MB/s	64677 short_reads/s	0 short_writes_echo/s	97 cpu_user_milliseconds	669 cpu_system_milliseconds	0 minor_page_faults/s	0 major_page_faults/s	17870 yields/s	0 preempts/s
47000 milliseconds	3590 MB/s	64378 short_reads/s	0 short_writes_echo/s	96 cpu_user_milliseconds	667 cpu_system_milliseconds	0 minor_page_faults/s	0 major_page_faults/s	16309 yields/s	49 preempts/s
48000 milliseconds	3639 MB/s	63279 short_reads/s	0 short_writes_echo/s	114 cpu_user_milliseconds	645 cpu_system_milliseconds	0 minor_page_faults/s	0 major_page_faults/s	17438 yields/s	0 preempts/s
49000 milliseconds	3693 MB/s	63440 short_reads/s	0 short_writes_echo/s	108 cpu_user_milliseconds	645 cpu_system_milliseconds	0 minor_page_faults/s	0 major_page_faults/s	18099 yields/s	1 preempts/s
50000 milliseconds	3672 MB/s	65283 short_reads/s	0 short_writes_echo/s	107 cpu_user_milliseconds	650 cpu_system_milliseconds	0 minor_page_faults/s	0 major_page_faults/s	17279 yields/s	3 preempts/s
51000 milliseconds	3632 MB/s	64915 short_reads/s	0 short_writes_echo/s	108 cpu_user_milliseconds	645 cpu_system_milliseconds	0 minor_page_faults/s	0 major_page_faults/s	16876 yields/s	48 preempts/s
52000 milliseconds	3569 MB/s	63018 short_reads/s	0 short_writes_echo/s	102 cpu_user_milliseconds	658 cpu_system_milliseconds	0 minor_page_faults/s	0 major_page_faults/s	16247 yields/s	1 preempts/s
53000 milliseconds	3715 MB/s	65812 short_reads/s	0 short_writes_echo/s	100 cpu_user_milliseconds	664 cpu_system_milliseconds	0 minor_page_faults/s	0 major_page_faults/s	18542 yields/s	0 preempts/s
54000 milliseconds	3556 MB/s	62483 short_reads/s	0 short_writes_echo/s	97 cpu_user_milliseconds	677 cpu_system_milliseconds	0 minor_page_faults/s	0 major_page_faults/s	17840 yields/s	0 preempts/s
55000 milliseconds	3564 MB/s	63415 short_reads/s	0 short_writes_echo/s	102 cpu_user_milliseconds	669 cpu_system_milliseconds	0 minor_page_faults/s	0 major_page_faults/s	16381 yields/s	1 preempts/s
56000 milliseconds	3669 MB/s	64496 short_reads/s	0 short_writes_echo/s	114 cpu_user_milliseconds	649 cpu_system_milliseconds	0 minor_page_faults/s	0 major_page_faults/s	17395 yields/s	0 preempts/s
57000 milliseconds	3638 MB/s	65102 short_reads/s	0 short_writes_echo/s	106 cpu_user_milliseconds	659 cpu_system_milliseconds	0 minor_page_faults/s	0 major_page_faults/s	17453 yields/s	16 preempts/s
58000 milliseconds	3708 MB/s	63144 short_reads/s	0 short_writes_echo/s	90 cpu_user_milliseconds	657 cpu_system_milliseconds	0 minor_page_faults/s	0 major_page_faults/s	17947 yields/s	0 preempts/s
59000 milliseconds	3690 MB/s	65840 short_reads/s	0 short_writes_echo/s	107 cpu_user_milliseconds	653 cpu_system_milliseconds	0 minor_page_faults/s	0 major_page_faults/s	17369 yields/s	0 preempts/s
60000 milliseconds	3678 MB/s	68402 short_reads/s	0 short_writes_echo/s	93 cpu_user_milliseconds	685 cpu_system_milliseconds	0 minor_page_faults/s	0 major_page_faults/s	20601 yields/s	1 preempts/s
61000 milliseconds	3668 MB/s	66348 short_reads/s	0 short_writes_echo/s	94 cpu_user_milliseconds	670 cpu_system_milliseconds	0 minor_page_faults/s	0 major_page_faults/s	17330 yields/s	0 preempts/s
62000 milliseconds	3632 MB/s	66225 short_reads/s	0 short_writes_echo/s	110 cpu_user_milliseconds	667 cpu_system_milliseconds	0 minor_page_faults/s	0 major_page_faults/s	19130 yields/s	1 preempts/s
63000 milliseconds	3631 MB/s	64413 short_reads/s	0 short_writes_echo/s	108 cpu_user_milliseconds	640 cpu_system_milliseconds	0 minor_page_faults/s	0 major_page_faults/s	16368 yields/s	65 preempts/s
64000 milliseconds	3530 MB/s	63222 short_reads/s	0 short_writes_echo/s	106 cpu_user_milliseconds	663 cpu_system_milliseconds	0 minor_page_faults/s	0 major_page_faults/s	16756 yields/s	1 preempts/s
65000 milliseconds	3627 MB/s	65006 short_reads/s	0 short_writes_echo/s	96 cpu_user_milliseconds	666 cpu_system_milliseconds	0 minor_page_faults/s	0 major_page_faults/s	16676 yields/s	1 preempts/s
66000 milliseconds	3543 MB/s	64164 short_reads/s	0 short_writes_echo/s	100 cpu_user_milliseconds	664 cpu_system_milliseconds	0 minor_page_faults/s	0 major_page_faults/s	18192 yields/s	0 preempts/s
67000 milliseconds	3592 MB/s	64633 short_reads/s	0 short_writes_echo/s	110 cpu_user_milliseconds	663 cpu_system_milliseconds	0 minor_page_faults/s	0 major_page_faults/s	17532 yields/s	0 preempts/s
68000 milliseconds	3644 MB/s	67044 short_reads/s	0 short_writes_echo/s	104 cpu_user_milliseconds	662 cpu_system_milliseconds	0 minor_page_faults/s	0 major_page_faults/s	19922 yields/s	1 preempts/s
69000 milliseconds	3640 MB/s	65597 short_reads/s	0 short_writes_echo/s	105 cpu_user_milliseconds	654 cpu_system_milliseconds	0 minor_page_faults/s	0 major_page_faults/s	17650 yields/s	0 preempts/s
70000 milliseconds	3564 MB/s	64632 short_reads/s	0 short_writes_echo/s	102 cpu_user_milliseconds	672 cpu_system_milliseconds	0 minor_page_faults/s	0 major_page_faults/s	18143 yields/s	2 preempts/s
71000 milliseconds	3603 MB/s	63273 short_reads/s	0 short_writes_echo/s	97 cpu_user_milliseconds	662 cpu_system_milliseconds	0 minor_page_faults/s	0 major_page_faults/s	17543 yields/s	0 preempts/s
72000 milliseconds	3593 MB/s	62899 short_reads/s	0 short_writes_echo/s	107 cpu_user_milliseconds	651 cpu_system_milliseconds	0 minor_page_faults/s	0 major_page_faults/s	16301 yields/s	1 preempts/s
73000 milliseconds	3627 MB/s	64870 short_reads/s	0 short_writes_echo/s	92 cpu_user_milliseconds	666 cpu_system_milliseconds	0 minor_page_faults/s	0 major_page_faults/s	17417 yields/s	21 preempts/s
74000 milliseconds	3629 MB/s	65118 short_reads/s	0 short_writes_echo/s	123 cpu_user_milliseconds	635 cpu_system_milliseconds	0 minor_page_faults/s	0 major_page_faults/s	17007 yields/s	21 preempts/s
75000 milliseconds	3600 MB/s	64547 short_reads/s	0 short_writes_echo/s	119 cpu_user_milliseconds	645 cpu_system_milliseconds	0 minor_page_faults/s	0 major_page_faults/s	17420 yields/s	48 preempts/s
76000 milliseconds	3643 MB/s	64136 short_reads/s	0 short_writes_echo/s	113 cpu_user_milliseconds	640 cpu_system_milliseconds	0 minor_page_faults/s	0 major_page_faults/s	19124 yields/s	0 preempts/s
77000 milliseconds	3627 MB/s	63638 short_reads/s	0 short_writes_echo/s	104 cpu_user_milliseconds	648 cpu_system_milliseconds	0 minor_page_faults/s	0 major_page_faults/s	18427 yields/s	5 preempts/s
78001 milliseconds	3644 MB/s	64109 short_reads/s	0 short_writes_echo/s	108 cpu_user_milliseconds	659 cpu_system_milliseconds	0 minor_page_faults/s	0 major_page_faults/s	18737 yields/s	1 preempts/s
79001 milliseconds	3651 MB/s	65731 short_reads/s	0 short_writes_echo/s	125 cpu_user_milliseconds	635 cpu_system_milliseconds	0 minor_page_faults/s	0 major_page_faults/s	18138 yields/s	1 preempts/s
80001 milliseconds	3675 MB/s	67528 short_reads/s	0 short_writes_echo/s	113 cpu_user_milliseconds	665 cpu_system_milliseconds	0 minor_page_faults/s	0 major_page_faults/s	21922 yields/s	1 preempts/s
81001 milliseconds	3658 MB/s	65406 short_reads/s	0 short_writes_echo/s	98 cpu_user_milliseconds	675 cpu_system_milliseconds	0 minor_page_faults/s	0 major_page_faults/s	21200 yields/s	0 preempts/s
82001 milliseconds	3631 MB/s	66393 short_reads/s	0 short_writes_echo/s	112 cpu_user_milliseconds	660 cpu_system_milliseconds	0 minor_page_faults/s	0 major_page_faults/s	22867 yields/s	2 preempts/s
83001 milliseconds	3672 MB/s	66118 short_reads/s	0 short_writes_echo/s	120 cpu_user_milliseconds	641 cpu_system_milliseconds	0 minor_page_faults/s	0 major_page_faults/s	17860 yields/s	0 preempts/s
84001 milliseconds	3652 MB/s	66836 short_reads/s	0 short_writes_echo/s	121 cpu_user_milliseconds	649 cpu_system_milliseconds	0 minor_page_faults/s	0 major_page_faults/s	19037 yields/s	0 preempts/s
85001 milliseconds	3611 MB/s	65852 short_reads/s	0 short_writes_echo/s	125 cpu_user_milliseconds	649 cpu_system_milliseconds	0 minor_page_faults/s	0 major_page_faults/s	18295 yields/s	10 preempts/s
86001 milliseconds	3587 MB/s	65228 short_reads/s	0 short_writes_echo/s	108 cpu_user_milliseconds	668 cpu_system_milliseconds	0 minor_page_faults/s	0 major_page_faults/s	19322 yields/s	0 preempts/s
87001 milliseconds	3591 MB/s	62229 short_reads/s	0 short_writes_echo/s	93 cpu_user_milliseconds	661 cpu_system_milliseconds	0 minor_page_faults/s	0 major_page_faults/s	16578 yields/s	0 preempts/s
88001 milliseconds	3606 MB/s	65011 short_reads/s	0 short_writes_echo/s	134 cpu_user_milliseconds	634 cpu_system_milliseconds	0 minor_page_faults/s	0 major_page_faults/s	17702 yields/s	22 preempts/s
89001 milliseconds	3499 MB/s	62201 short_reads/s	0 short_writes_echo/s	97 cpu_user_milliseconds	655 cpu_system_milliseconds	0 minor_page_faults/s	0 major_page_faults/s	16440 yields/s	0 preempts/s
90001 milliseconds	3650 MB/s	65004 short_reads/s	0 short_writes_echo/s	111 cpu_user_milliseconds	646 cpu_system_milliseconds	0 minor_page_faults/s	0 major_page_faults/s	16615 yields/s	0 preempts/s
91001 milliseconds	3655 MB/s	67064 short_reads/s	0 short_writes_echo/s	104 cpu_user_milliseconds	669 cpu_system_milliseconds	0 minor_page_faults/s	0 major_page_faults/s	17758 yields/s	0 preempts/s
92001 milliseconds	3562 MB/s	63546 short_reads/s	0 short_writes_echo/s	108 cpu_user_milliseconds	652 cpu_system_milliseconds	0 minor_page_faults/s	0 major_page_faults/s	17288 yields/s	9 preempts/s
93001 milliseconds	3628 MB/s	65807 short_reads/s	0 short_writes_echo/s	107 cpu_user_milliseconds	657 cpu_system_milliseconds	0 minor_page_faults/s	0 major_page_faults/s	18997 yields/s	22 preempts/s
94001 milliseconds	3605 MB/s	65085 short_reads/s	0 short_writes_echo/s	119 cpu_user_milliseconds	647 cpu_system_milliseconds	0 minor_page_faults/s	0 major_page_faults/s	16982 yields/s	0 preempts/s
95001 milliseconds	3566 MB/s	64682 short_reads/s	0 short_writes_echo/s	110 cpu_user_milliseconds	660 cpu_system_milliseconds	0 minor_page_faults/s	0 major_page_faults/s	18179 yields/s	17 preempts/s
96001 milliseconds	3680 MB/s	65085 short_reads/s	0 short_writes_echo/s	118 cpu_user_milliseconds	642 cpu_system_milliseconds	0 minor_page_faults/s	0 major_page_faults/s	18060 yields/s	0 preempts/s
97001 milliseconds	3560 MB/s	63314 short_reads/s	0 short_writes_echo/s	97 cpu_user_milliseconds	676 cpu_system_milliseconds	0 minor_page_faults/s	0 major_page_faults/s	17818 yields/s	1 preempts/s
98001 milliseconds	3655 MB/s	64659 short_reads/s	0 short_writes_echo/s	91 cpu_user_milliseconds	661 cpu_system_milliseconds	0 minor_page_faults/s	0 major_page_faults/s	16644 yields/s	0 preempts/s
99001 milliseconds	3671 MB/s	63998 short_reads/s	0 short_writes_echo/s	101 cpu_user_milliseconds	653 cpu_system_milliseconds	0 minor_page_faults/s	0 major_page_faults/s	17552 yields/s	4 preempts/s
100001 milliseconds	3692 MB/s	64963 short_reads/s	0 short_writes_echo/s	105 cpu_user_milliseconds	654 cpu_system_milliseconds	0 minor_page_faults/s	0 major_page_faults/s	17291 yields/s	0 preempts/s
101001 milliseconds	3694 MB/s	66474 short_reads/s	0 short_writes_echo/s	110 cpu_user_milliseconds	655 cpu_system_milliseconds	0 minor_page_faults/s	0 major_page_faults/s	17560 yields/s	0 preempts/s
102001 milliseconds	3457 MB/s	62466 short_reads/s	0 short_writes_echo/s	114 cpu_user_milliseconds	664 cpu_system_milliseconds	0 minor_page_faults/s	0 major_page_faults/s	16424 yields/s	2 preempts/s
103001 milliseconds	3651 MB/s	64872 short_reads/s	0 short_writes_echo/s	99 cpu_user_milliseconds	656 cpu_system_milliseconds	0 minor_page_faults/s	0 major_page_faults/s	16742 yields/s	0 preempts/s
104001 milliseconds	3608 MB/s	64033 short_reads/s	0 short_writes_echo/s	94 cpu_user_milliseconds	657 cpu_system_milliseconds	0 minor_page_faults/s	0 major_page_faults/s	16865 yields/s	46 preempts/s
105001 milliseconds	3609 MB/s	64475 short_reads/s	0 short_writes_echo/s	101 cpu_user_milliseconds	659 cpu_system_milliseconds	0 minor_page_faults/s	0 major_page_faults/s	17798 yields/s	17 preempts/s
106001 milliseconds	3592 MB/s	64067 short_reads/s	0 short_writes_echo/s	97 cpu_user_milliseconds	673 cpu_system_milliseconds	0 minor_page_faults/s	0 major_page_faults/s	17207 yields/s	2 preempts/s
107001 milliseconds	3637 MB/s	63293 short_reads/s	0 short_writes_echo/s	110 cpu_user_milliseconds	642 cpu_system_milliseconds	0 minor_page_faults/s	0 major_page_faults/s	19108 yields/s	3 preempts/s
108001 milliseconds	3706 MB/s	65129 short_reads/s	0 short_writes_echo/s	113 cpu_user_milliseconds	646 cpu_system_milliseconds	0 minor_page_faults/s	0 major_page_faults/s	17761 yields/s	0 preempts/s
109001 milliseconds	3589 MB/s	64648 short_reads/s	0 short_writes_echo/s	93 cpu_user_milliseconds	678 cpu_system_milliseconds	0 minor_page_faults/s	0 major_page_faults/s	17299 yields/s	1 preempts/s
110001 milliseconds	3669 MB/s	65454 short_reads/s	0 short_writes_echo/s	112 cpu_user_milliseconds	645 cpu_system_milliseconds	0 minor_page_faults/s	0 major_page_faults/s	18235 yields/s	0 preempts/s
111001 milliseconds	3654 MB/s	64245 short_reads/s	0 short_writes_echo/s	102 cpu_user_milliseconds	652 cpu_system_milliseconds	0 minor_page_faults/s	0 major_page_faults/s	16825 yields/s	0 preempts/s
112001 milliseconds	3655 MB/s	63896 short_reads/s	0 short_writes_echo/s	86 cpu_user_milliseconds	674 cpu_system_milliseconds	0 minor_page_faults/s	0 major_page_faults/s	16947 yields/s	3 preempts/s
113001 milliseconds	3704 MB/s	63203 short_reads/s	0 short_writes_echo/s	95 cpu_user_milliseconds	654 cpu_system_milliseconds	0 minor_page_faults/s	0 major_page_faults/s	17793 yields/s	0 preempts/s
114001 milliseconds	3704 MB/s	64547 short_reads/s	0 short_writes_echo/s	101 cpu_user_milliseconds	654 cpu_system_milliseconds	0 minor_page_faults/s	0 major_page_faults/s	18792 yields/s	0 preempts/s
115001 milliseconds	3606 MB/s	61801 short_reads/s	0 short_writes_echo/s	96 cpu_user_milliseconds	637 cpu_system_milliseconds	0 minor_page_faults/s	0 major_page_faults/s	18345 yields/s	0 preempts/s
116001 milliseconds	3674 MB/s	64599 short_reads/s	0 short_writes_echo/s	96 cpu_user_milliseconds	659 cpu_system_milliseconds	0 minor_page_faults/s	0 major_page_faults/s	18777 yields/s	0 preempts/s
117001 milliseconds	3532 MB/s	61038 short_reads/s	0 short_writes_echo/s	99 cpu_user_milliseconds	664 cpu_system_milliseconds	0 minor_page_faults/s	0 major_page_faults/s	17418 yields/s	0 preempts/s
118001 milliseconds	3697 MB/s	64586 short_reads/s	0 short_writes_echo/s	116 cpu_user_milliseconds	641 cpu_system_milliseconds	0 minor_page_faults/s	0 major_page_faults/s	18448 yields/s	0 preempts/s
119001 milliseconds	3639 MB/s	67021 short_reads/s	0 short_writes_echo/s	121 cpu_user_milliseconds	655 cpu_system_milliseconds	0 minor_page_faults/s	0 major_page_faults/s	21969 yields/s	19 preempts/s
120001 milliseconds	3693 MB/s	67103 short_reads/s	0 short_writes_echo/s	96 cpu_user_milliseconds	675 cpu_system_milliseconds	0 minor_page_faults/s	0 major_page_faults/s	20372 yields/s	0 preempts/s
121001 milliseconds	3662 MB/s	66319 short_reads/s	0 short_writes_echo/s	112 cpu_user_milliseconds	657 cpu_system_milliseconds	0 minor_page_faults/s	0 major_page_faults/s	18371 yields/s	0 preempts/s
122001 milliseconds	3577 MB/s	63789 short_reads/s	0 short_writes_echo/s	98 cpu_user_milliseconds	658 cpu_system_milliseconds	0 minor_page_faults/s	0 major_page_faults/s	17536 yields/s	0 preempts/s
123001 milliseconds	3652 MB/s	64427 short_reads/s	0 short_writes_echo/s	93 cpu_user_milliseconds	661 cpu_system_milliseconds	0 minor_page_faults/s	0 major_page_faults/s	16086 yields/s	0 preempts/s
124001 milliseconds	3643 MB/s	64785 short_reads/s	0 short_writes_echo/s	110 cpu_user_milliseconds	649 cpu_system_milliseconds	0 minor_page_faults/s	0 major_page_faults/s	16431 yields/s	2 preempts/s
125001 milliseconds	3633 MB/s	64689 short_reads/s	0 short_writes_echo/s	108 cpu_user_milliseconds	658 cpu_system_milliseconds	0 minor_page_faults/s	0 major_page_faults/s	18105 yields/s	20 preempts/s
126001 milliseconds	3573 MB/s	63681 short_reads/s	0 short_writes_echo/s	102 cpu_user_milliseconds	658 cpu_system_milliseconds	0 minor_page_faults/s	0 major_page_faults/s	18596 yields/s	0 preempts/s
127001 milliseconds	3658 MB/s	62620 short_reads/s	0 short_writes_echo/s	103 cpu_user_milliseconds	652 cpu_system_milliseconds	0 minor_page_faults/s	0 major_page_faults/s	17534 yields/s	0 preempts/s
128001 milliseconds	3647 MB/s	63189 short_reads/s	0 short_writes_echo/s	123 cpu_user_milliseconds	641 cpu_system_milliseconds	0 minor_page_faults/s	0 major_page_faults/s	18424 yields/s	3 preempts/s
129001 milliseconds	3660 MB/s	65247 short_reads/s	0 short_writes_echo/s	123 cpu_user_milliseconds	643 cpu_system_milliseconds	0 minor_page_faults/s	0 major_page_faults/s	17369 yields/s	1 preempts/s
130001 milliseconds	3643 MB/s	65922 short_reads/s	0 short_writes_echo/s	92 cpu_user_milliseconds	670 cpu_system_milliseconds	0 minor_page_faults/s	0 major_page_faults/s	18244 yields/s	1 preempts/s
131001 milliseconds	3635 MB/s	63884 short_reads/s	0 short_writes_echo/s	111 cpu_user_milliseconds	649 cpu_system_milliseconds	0 minor_page_faults/s	0 major_page_faults/s	17241 yields/s	0 preempts/s
132001 milliseconds	3652 MB/s	62484 short_reads/s	0 short_writes_echo/s	89 cpu_user_milliseconds	674 cpu_system_milliseconds	0 minor_page_faults/s	0 major_page_faults/s	16525 yields/s	4 preempts/s
133001 milliseconds	3683 MB/s	65700 short_reads/s	0 short_writes_echo/s	109 cpu_user_milliseconds	655 cpu_system_milliseconds	0 minor_page_faults/s	0 major_page_faults/s	17874 yields/s	0 preempts/s
134001 milliseconds	3689 MB/s	65082 short_reads/s	0 short_writes_echo/s	109 cpu_user_milliseconds	650 cpu_system_milliseconds	0 minor_page_faults/s	0 major_page_faults/s	18542 yields/s	0 preempts/s
135001 milliseconds	3630 MB/s	63901 short_reads/s	0 short_writes_echo/s	119 cpu_user_milliseconds	638 cpu_system_milliseconds	0 minor_page_faults/s	0 major_page_faults/s	16784 yields/s	3 preempts/s
136001 milliseconds	3660 MB/s	64762 short_reads/s	0 short_writes_echo/s	113 cpu_user_milliseconds	643 cpu_system_milliseconds	0 minor_page_faults/s	0 major_page_faults/s	16658 yields/s	0 preempts/s
137001 milliseconds	3644 MB/s	65044 short_reads/s	0 short_writes_echo/s	104 cpu_user_milliseconds	668 cpu_system_milliseconds	0 minor_page_faults/s	0 major_page_faults/s	18680 yields/s	4 preempts/s
138001 milliseconds	3645 MB/s	69074 short_reads/s	0 short_writes_echo/s	113 cpu_user_milliseconds	671 cpu_system_milliseconds	0 minor_page_faults/s	0 major_page_faults/s	19470 yields/s	3 preempts/s
139001 milliseconds	3670 MB/s	66813 short_reads/s	0 short_writes_echo/s	110 cpu_user_milliseconds	657 cpu_system_milliseconds	0 minor_page_faults/s	0 major_page_faults/s	19068 yields/s	3 preempts/s
140001 milliseconds	3692 MB/s	65053 short_reads/s	0 short_writes_echo/s	104 cpu_user_milliseconds	651 cpu_system_milliseconds	0 minor_page_faults/s	0 major_page_faults/s	17421 yields/s	4 preempts/s
141001 milliseconds	3684 MB/s	64962 short_reads/s	0 short_writes_echo/s	96 cpu_user_milliseconds	658 cpu_system_milliseconds	0 minor_page_faults/s	0 major_page_faults/s	17197 yields/s	0 preempts/s
142001 milliseconds	3595 MB/s	63321 short_reads/s	0 short_writes_echo/s	118 cpu_user_milliseconds	638 cpu_system_milliseconds	0 minor_page_faults/s	0 major_page_faults/s	16548 yields/s	0 preempts/s
143001 milliseconds	3655 MB/s	63660 short_reads/s	0 short_writes_echo/s	125 cpu_user_milliseconds	628 cpu_system_milliseconds	0 minor_page_faults/s	0 major_page_faults/s	17800 yields/s	0 preempts/s
144001 milliseconds	3674 MB/s	68107 short_reads/s	0 short_writes_echo/s	114 cpu_user_milliseconds	661 cpu_system_milliseconds	0 minor_page_faults/s	0 major_page_faults/s	20615 yields/s	0 preempts/s
145001 milliseconds	3663 MB/s	67485 short_reads/s	0 short_writes_echo/s	116 cpu_user_milliseconds	661 cpu_system_milliseconds	0 minor_page_faults/s	0 major_page_faults/s	18176 yields/s	2 preempts/s
146001 milliseconds	3683 MB/s	66267 short_reads/s	0 short_writes_echo/s	108 cpu_user_milliseconds	655 cpu_system_milliseconds	0 minor_page_faults/s	0 major_page_faults/s	19326 yields/s	0 preempts/s
147001 milliseconds	3558 MB/s	63775 short_reads/s	0 short_writes_echo/s	107 cpu_user_milliseconds	663 cpu_system_milliseconds	0 minor_page_faults/s	0 major_page_faults/s	16319 yields/s	4 preempts/s
148001 milliseconds	3639 MB/s	64600 short_reads/s	0 short_writes_echo/s	124 cpu_user_milliseconds	628 cpu_system_milliseconds	0 minor_page_faults/s	0 major_page_faults/s	17514 yields/s	0 preempts/s
149001 milliseconds	3599 MB/s	63869 short_reads/s	0 short_writes_echo/s	115 cpu_user_milliseconds	657 cpu_system_milliseconds	0 minor_page_faults/s	0 major_page_faults/s	16334 yields/s	0 preempts/s
150001 milliseconds	3659 MB/s	66966 short_reads/s	0 short_writes_echo/s	129 cpu_user_milliseconds	647 cpu_system_milliseconds	0 minor_page_faults/s	0 major_page_faults/s	19174 yields/s	4 preempts/s
151002 milliseconds	3553 MB/s	62904 short_reads/s	0 short_writes_echo/s	99 cpu_user_milliseconds	665 cpu_system_milliseconds	0 minor_page_faults/s	0 major_page_faults/s	17775 yields/s	21 preempts/s
152002 milliseconds	3556 MB/s	63983 short_reads/s	0 short_writes_echo/s	104 cpu_user_milliseconds	664 cpu_system_milliseconds	0 minor_page_faults/s	0 major_page_faults/s	16920 yields/s	2 preempts/s
153002 milliseconds	3635 MB/s	65620 short_reads/s	0 short_writes_echo/s	124 cpu_user_milliseconds	636 cpu_system_milliseconds	0 minor_page_faults/s	0 major_page_faults/s	17294 yields/s	1 preempts/s
154002 milliseconds	3641 MB/s	63691 short_reads/s	0 short_writes_echo/s	98 cpu_user_milliseconds	649 cpu_system_milliseconds	0 minor_page_faults/s	0 major_page_faults/s	16500 yields/s	0 preempts/s
155002 milliseconds	3642 MB/s	64025 short_reads/s	0 short_writes_echo/s	113 cpu_user_milliseconds	636 cpu_system_milliseconds	0 minor_page_faults/s	0 major_page_faults/s	16548 yields/s	0 preempts/s
156002 milliseconds	3621 MB/s	64399 short_reads/s	0 short_writes_echo/s	101 cpu_user_milliseconds	657 cpu_system_milliseconds	0 minor_page_faults/s	0 major_page_faults/s	17475 yields/s	15 preempts/s
157002 milliseconds	3618 MB/s	63802 short_reads/s	0 short_writes_echo/s	108 cpu_user_milliseconds	648 cpu_system_milliseconds	0 minor_page_faults/s	0 major_page_faults/s	16634 yields/s	3 preempts/s
158002 milliseconds	3619 MB/s	64382 short_reads/s	0 short_writes_echo/s	128 cpu_user_milliseconds	632 cpu_system_milliseconds	0 minor_page_faults/s	0 major_page_faults/s	16954 yields/s	1 preempts/s
159002 milliseconds	3634 MB/s	65597 short_reads/s	0 short_writes_echo/s	118 cpu_user_milliseconds	642 cpu_system_milliseconds	0 minor_page_faults/s	0 major_page_faults/s	19279 yields/s	19 preempts/s
160002 milliseconds	3659 MB/s	63384 short_reads/s	0 short_writes_echo/s	98 cpu_user_milliseconds	655 cpu_system_milliseconds	0 minor_page_faults/s	0 major_page_faults/s	16829 yields/s	30 preempts/s
161002 milliseconds	3609 MB/s	62715 short_reads/s	0 short_writes_echo/s	103 cpu_user_milliseconds	665 cpu_system_milliseconds	0 minor_page_faults/s	0 major_page_faults/s	17047 yields/s	0 preempts/s
162002 milliseconds	3629 MB/s	64913 short_reads/s	0 short_writes_echo/s	111 cpu_user_milliseconds	660 cpu_system_milliseconds	0 minor_page_faults/s	0 major_page_faults/s	17898 yields/s	5 preempts/s
163002 milliseconds	3694 MB/s	65795 short_reads/s	0 short_writes_echo/s	113 cpu_user_milliseconds	647 cpu_system_milliseconds	0 minor_page_faults/s	0 major_page_faults/s	17878 yields/s	0 preempts/s
164002 milliseconds	3655 MB/s	63480 short_reads/s	0 short_writes_echo/s	94 cpu_user_milliseconds	658 cpu_system_milliseconds	0 minor_page_faults/s	0 major_page_faults/s	17222 yields/s	2 preempts/s
165002 milliseconds	3680 MB/s	65365 short_reads/s	0 short_writes_echo/s	114 cpu_user_milliseconds	643 cpu_system_milliseconds	0 minor_page_faults/s	0 major_page_faults/s	17604 yields/s	0 preempts/s
166002 milliseconds	3661 MB/s	66345 short_reads/s	0 short_writes_echo/s	99 cpu_user_milliseconds	670 cpu_system_milliseconds	0 minor_page_faults/s	0 major_page_faults/s	19325 yields/s	0 preempts/s
167002 milliseconds	3624 MB/s	64126 short_reads/s	0 short_writes_echo/s	92 cpu_user_milliseconds	666 cpu_system_milliseconds	0 minor_page_faults/s	0 major_page_faults/s	15957 yields/s	3 preempts/s
168002 milliseconds	3679 MB/s	65687 short_reads/s	0 short_writes_echo/s	87 cpu_user_milliseconds	676 cpu_system_milliseconds	0 minor_page_faults/s	0 major_page_faults/s	17356 yields/s	1 preempts/s
169002 milliseconds	3675 MB/s	65020 short_reads/s	0 short_writes_echo/s	103 cpu_user_milliseconds	654 cpu_system_milliseconds	0 minor_page_faults/s	0 major_page_faults/s	17656 yields/s	14 preempts/s
170002 milliseconds	3645 MB/s	61596 short_reads/s	0 short_writes_echo/s	108 cpu_user_milliseconds	648 cpu_system_milliseconds	0 minor_page_faults/s	0 major_page_faults/s	17613 yields/s	0 preempts/s
171002 milliseconds	3643 MB/s	62512 short_reads/s	0 short_writes_echo/s	112 cpu_user_milliseconds	644 cpu_system_milliseconds	0 minor_page_faults/s	0 major_page_faults/s	17450 yields/s	0 preempts/s
172002 milliseconds	3583 MB/s	62461 short_reads/s	0 short_writes_echo/s	87 cpu_user_milliseconds	670 cpu_system_milliseconds	0 minor_page_faults/s	0 major_page_faults/s	17600 yields/s	4 preempts/s
173002 milliseconds	3649 MB/s	64611 short_reads/s	0 short_writes_echo/s	117 cpu_user_milliseconds	642 cpu_system_milliseconds	0 minor_page_faults/s	0 major_page_faults/s	18045 yields/s	2 preempts/s
174002 milliseconds	3673 MB/s	66341 short_reads/s	0 short_writes_echo/s	116 cpu_user_milliseconds	647 cpu_system_milliseconds	0 minor_page_faults/s	0 major_page_faults/s	19673 yields/s	0 preempts/s
175002 milliseconds	3600 MB/s	65368 short_reads/s	0 short_writes_echo/s	115 cpu_user_milliseconds	639 cpu_system_milliseconds	0 minor_page_faults/s	0 major_page_faults/s	19020 yields/s	0 preempts/s
176002 milliseconds	3676 MB/s	64515 short_reads/s	0 short_writes_echo/s	94 cpu_user_milliseconds	660 cpu_system_milliseconds	0 minor_page_faults/s	0 major_page_faults/s	17187 yields/s	0 preempts/s
177002 milliseconds	3592 MB/s	63668 short_reads/s	0 short_writes_echo/s	101 cpu_user_milliseconds	661 cpu_system_milliseconds	0 minor_page_faults/s	0 major_page_faults/s	17702 yields/s	4 preempts/s
178002 milliseconds	3637 MB/s	63973 short_reads/s	0 short_writes_echo/s	114 cpu_user_milliseconds	648 cpu_system_milliseconds	0 minor_page_faults/s	0 major_page_faults/s	17718 yields/s	0 preempts/s
179002 milliseconds	3608 MB/s	67223 short_reads/s	0 short_writes_echo/s	110 cpu_user_milliseconds	670 cpu_system_milliseconds	0 minor_page_faults/s	0 major_page_faults/s	19826 yields/s	4 preempts/s
180002 milliseconds	3588 MB/s	63826 short_reads/s	0 short_writes_echo/s	100 cpu_user_milliseconds	653 cpu_system_milliseconds	0 minor_page_faults/s	0 major_page_faults/s	16195 yields/s	37 preempts/s
181002 milliseconds	3624 MB/s	64579 short_reads/s	0 short_writes_echo/s	91 cpu_user_milliseconds	665 cpu_system_milliseconds	0 minor_page_faults/s	0 major_page_faults/s	16832 yields/s	12 preempts/s
182002 milliseconds	3543 MB/s	63659 short_reads/s	0 short_writes_echo/s	110 cpu_user_milliseconds	660 cpu_system_milliseconds	0 minor_page_faults/s	0 major_page_faults/s	17522 yields/s	20 preempts/s
183002 milliseconds	3658 MB/s	65849 short_reads/s	0 short_writes_echo/s	99 cpu_user_milliseconds	658 cpu_system_milliseconds	0 minor_page_faults/s	0 major_page_faults/s	16931 yields/s	1 preempts/s
184002 milliseconds	3639 MB/s	64451 short_reads/s	0 short_writes_echo/s	122 cpu_user_milliseconds	633 cpu_system_milliseconds	0 minor_page_faults/s	0 major_page_faults/s	16747 yields/s	0 preempts/s
185002 milliseconds	3569 MB/s	63542 short_reads/s	0 short_writes_echo/s	110 cpu_user_milliseconds	659 cpu_system_milliseconds	0 minor_page_faults/s	0 major_page_faults/s	18148 yields/s	0 preempts/s
186002 milliseconds	3553 MB/s	63623 short_reads/s	0 short_writes_echo/s	121 cpu_user_milliseconds	636 cpu_system_milliseconds	0 minor_page_faults/s	0 major_page_faults/s	16836 yields/s	0 preempts/s
187002 milliseconds	3629 MB/s	64316 short_reads/s	0 short_writes_echo/s	114 cpu_user_milliseconds	650 cpu_system_milliseconds	0 minor_page_faults/s	0 major_page_faults/s	16778 yields/s	3 preempts/s
188002 milliseconds	3634 MB/s	65750 short_reads/s	0 short_writes_echo/s	110 cpu_user_milliseconds	649 cpu_system_milliseconds	0 minor_page_faults/s	0 major_page_faults/s	17118 yields/s	0 preempts/s
189002 milliseconds	3637 MB/s	64947 short_reads/s	0 short_writes_echo/s	102 cpu_user_milliseconds	651 cpu_system_milliseconds	0 minor_page_faults/s	0 major_page_faults/s	16622 yields/s	0 preempts/s
190002 milliseconds	3643 MB/s	64984 short_reads/s	0 short_writes_echo/s	101 cpu_user_milliseconds	654 cpu_system_milliseconds	0 minor_page_faults/s	0 major_page_faults/s	17809 yields/s	0 preempts/s
191002 milliseconds	3640 MB/s	65239 short_reads/s	0 short_writes_echo/s	110 cpu_user_milliseconds	649 cpu_system_milliseconds	0 minor_page_faults/s	0 major_page_faults/s	16730 yields/s	0 preempts/s
192002 milliseconds	3583 MB/s	64156 short_reads/s	0 short_writes_echo/s	101 cpu_user_milliseconds	666 cpu_system_milliseconds	0 minor_page_faults/s	0 major_page_faults/s	17323 yields/s	25 preempts/s
193002 milliseconds	3650 MB/s	64751 short_reads/s	0 short_writes_echo/s	108 cpu_user_milliseconds	647 cpu_system_milliseconds	0 minor_page_faults/s	0 major_page_faults/s	16542 yields/s	0 preempts/s
194002 milliseconds	3642 MB/s	64631 short_reads/s	0 short_writes_echo/s	92 cpu_user_milliseconds	664 cpu_system_milliseconds	0 minor_page_faults/s	0 major_page_faults/s	16208 yields/s	0 preempts/s
195002 milliseconds	3636 MB/s	65837 short_reads/s	0 short_writes_echo/s	98 cpu_user_milliseconds	662 cpu_system_milliseconds	0 minor_page_faults/s	0 major_page_faults/s	17994 yields/s	1 preempts/s
196002 milliseconds	3574 MB/s	64157 short_reads/s	0 short_writes_echo/s	102 cpu_user_milliseconds	663 cpu_system_milliseconds	0 minor_page_faults/s	0 major_page_faults/s	17822 yields/s	2 preempts/s
197002 milliseconds	3580 MB/s	63644 short_reads/s	0 short_writes_echo/s	110 cpu_user_milliseconds	655 cpu_system_milliseconds	0 minor_page_faults/s	0 major_page_faults/s	18135 yields/s	7 preempts/s
198002 milliseconds	3627 MB/s	63708 short_reads/s	0 short_writes_echo/s	99 cpu_user_milliseconds	657 cpu_system_milliseconds	0 minor_page_faults/s	0 major_page_faults/s	16825 yields/s	0 preempts/s
199002 milliseconds	3634 MB/s	65711 short_reads/s	0 short_writes_echo/s	112 cpu_user_milliseconds	655 cpu_system_milliseconds	0 minor_page_faults/s	0 major_page_faults/s	16536 yields/s	1 preempts/s
200002 milliseconds	3666 MB/s	64510 short_reads/s	0 short_writes_echo/s	108 cpu_user_milliseconds	656 cpu_system_milliseconds	0 minor_page_faults/s	0 major_page_faults/s	17831 yields/s	0 preempts/s
201002 milliseconds	3615 MB/s	64376 short_reads/s	0 short_writes_echo/s	117 cpu_user_milliseconds	647 cpu_system_milliseconds	0 minor_page_faults/s	0 major_page_faults/s	17767 yields/s	22 preempts/s
202002 milliseconds	3641 MB/s	63756 short_reads/s	0 short_writes_echo/s	92 cpu_user_milliseconds	667 cpu_system_milliseconds	0 minor_page_faults/s	0 major_page_faults/s	17400 yields/s	0 preempts/s
203002 milliseconds	3641 MB/s	65567 short_reads/s	0 short_writes_echo/s	107 cpu_user_milliseconds	663 cpu_system_milliseconds	0 minor_page_faults/s	0 major_page_faults/s	17612 yields/s	1 preempts/s
204002 milliseconds	3589 MB/s	63909 short_reads/s	0 short_writes_echo/s	107 cpu_user_milliseconds	656 cpu_system_milliseconds	0 minor_page_faults/s	0 major_page_faults/s	17097 yields/s	8 preempts/s
205002 milliseconds	3634 MB/s	63984 short_reads/s	0 short_writes_echo/s	94 cpu_user_milliseconds	669 cpu_system_milliseconds	0 minor_page_faults/s	0 major_page_faults/s	16731 yields/s	0 preempts/s
206002 milliseconds	3683 MB/s	63440 short_reads/s	0 short_writes_echo/s	93 cpu_user_milliseconds	664 cpu_system_milliseconds	0 minor_page_faults/s	0 major_page_faults/s	18157 yields/s	1 preempts/s
207002 milliseconds	3614 MB/s	64241 short_reads/s	0 short_writes_echo/s	121 cpu_user_milliseconds	636 cpu_system_milliseconds	0 minor_page_faults/s	0 major_page_faults/s	18420 yields/s	1 preempts/s
208002 milliseconds	3622 MB/s	64662 short_reads/s	0 short_writes_echo/s	106 cpu_user_milliseconds	655 cpu_system_milliseconds	0 minor_page_faults/s	0 major_page_faults/s	17475 yields/s	29 preempts/s
209002 milliseconds	3580 MB/s	63557 short_reads/s	0 short_writes_echo/s	120 cpu_user_milliseconds	649 cpu_system_milliseconds	0 minor_page_faults/s	0 major_page_faults/s	15937 yields/s	1 preempts/s
210002 milliseconds	3615 MB/s	65054 short_reads/s	0 short_writes_echo/s	109 cpu_user_milliseconds	652 cpu_system_milliseconds	0 minor_page_faults/s	0 major_page_faults/s	17067 yields/s	0 preempts/s
211002 milliseconds	3610 MB/s	65562 short_reads/s	0 short_writes_echo/s	91 cpu_user_milliseconds	677 cpu_system_milliseconds	0 minor_page_faults/s	0 major_page_faults/s	17130 yields/s	0 preempts/s
212002 milliseconds	3651 MB/s	62305 short_reads/s	0 short_writes_echo/s	91 cpu_user_milliseconds	658 cpu_system_milliseconds	0 minor_page_faults/s	0 major_page_faults/s	17810 yields/s	7 preempts/s
213002 milliseconds	3670 MB/s	64913 short_reads/s	0 short_writes_echo/s	128 cpu_user_milliseconds	633 cpu_system_milliseconds	0 minor_page_faults/s	0 major_page_faults/s	17938 yields/s	0 preempts/s
214002 milliseconds	3613 MB/s	64541 short_reads/s	0 short_writes_echo/s	102 cpu_user_milliseconds	664 cpu_system_milliseconds	0 minor_page_faults/s	0 major_page_faults/s	17129 yields/s	0 preempts/s
215002 milliseconds	3642 MB/s	64551 short_reads/s	0 short_writes_echo/s	104 cpu_user_milliseconds	652 cpu_system_milliseconds	0 minor_page_faults/s	0 major_page_faults/s	16787 yields/s	19 preempts/s
216002 milliseconds	3659 MB/s	64184 short_reads/s	0 short_writes_echo/s	102 cpu_user_milliseconds	650 cpu_system_milliseconds	0 minor_page_faults/s	0 major_page_faults/s	16431 yields/s	0 preempts/s
217002 milliseconds	3603 MB/s	62857 short_reads/s	0 short_writes_echo/s	110 cpu_user_milliseconds	655 cpu_system_milliseconds	0 minor_page_faults/s	0 major_page_faults/s	17090 yields/s	1 preempts/s
218002 milliseconds	3637 MB/s	65004 short_reads/s	0 short_writes_echo/s	105 cpu_user_milliseconds	658 cpu_system_milliseconds	0 minor_page_faults/s	0 major_page_faults/s	16988 yields/s	0 preempts/s
219002 milliseconds	3661 MB/s	64976 short_reads/s	0 short_writes_echo/s	98 cpu_user_milliseconds	658 cpu_system_milliseconds	0 minor_page_faults/s	0 major_page_faults/s	16725 yields/s	0 preempts/s
220002 milliseconds	3617 MB/s	65573 short_reads/s	0 short_writes_echo/s	110 cpu_user_milliseconds	662 cpu_system_milliseconds	0 minor_page_faults/s	0 major_page_faults/s	17176 yields/s	1 preempts/s
221002 milliseconds	3668 MB/s	67134 short_reads/s	0 short_writes_echo/s	119 cpu_user_milliseconds	655 cpu_system_milliseconds	0 minor_page_faults/s	0 major_page_faults/s	20035 yields/s	0 preempts/s
222002 milliseconds	3593 MB/s	63516 short_reads/s	0 short_writes_echo/s	109 cpu_user_milliseconds	658 cpu_system_milliseconds	0 minor_page_faults/s	0 major_page_faults/s	16533 yields/s	1 preempts/s
223002 milliseconds	3655 MB/s	64505 short_reads/s	0 short_writes_echo/s	102 cpu_user_milliseconds	652 cpu_system_milliseconds	0 minor_page_faults/s	0 major_page_faults/s	16702 yields/s	1 preempts/s
224003 milliseconds	3645 MB/s	64582 short_reads/s	0 short_writes_echo/s	106 cpu_user_milliseconds	651 cpu_system_milliseconds	0 minor_page_faults/s	0 major_page_faults/s	16513 yields/s	2 preempts/s
225003 milliseconds	3656 MB/s	64748 short_reads/s	0 short_writes_echo/s	105 cpu_user_milliseconds	648 cpu_system_milliseconds	0 minor_page_faults/s	0 major_page_faults/s	16834 yields/s	0 preempts/s
226003 milliseconds	3616 MB/s	62291 short_reads/s	0 short_writes_echo/s	104 cpu_user_milliseconds	654 cpu_system_milliseconds	0 minor_page_faults/s	0 major_page_faults/s	18075 yields/s	0 preempts/s
227003 milliseconds	3616 MB/s	64932 short_reads/s	0 short_writes_echo/s	116 cpu_user_milliseconds	643 cpu_system_milliseconds	0 minor_page_faults/s	0 major_page_faults/s	17373 yields/s	1 preempts/s
228003 milliseconds	3638 MB/s	65659 short_reads/s	0 short_writes_echo/s	98 cpu_user_milliseconds	664 cpu_system_milliseconds	0 minor_page_faults/s	0 major_page_faults/s	17802 yields/s	9 preempts/s
229003 milliseconds	3609 MB/s	64030 short_reads/s	0 short_writes_echo/s	124 cpu_user_milliseconds	642 cpu_system_milliseconds	0 minor_page_faults/s	0 major_page_faults/s	18314 yields/s	20 preempts/s
230003 milliseconds	3679 MB/s	64809 short_reads/s	0 short_writes_echo/s	111 cpu_user_milliseconds	655 cpu_system_milliseconds	0 minor_page_faults/s	0 major_page_faults/s	19226 yields/s	0 preempts/s
231003 milliseconds	3699 MB/s	66695 short_reads/s	0 short_writes_echo/s	132 cpu_user_milliseconds	642 cpu_system_milliseconds	0 minor_page_faults/s	0 major_page_faults/s	19858 yields/s	1 preempts/s
232003 milliseconds	3642 MB/s	65258 short_reads/s	0 short_writes_echo/s	88 cpu_user_milliseconds	679 cpu_system_milliseconds	0 minor_page_faults/s	0 major_page_faults/s	18515 yields/s	1 preempts/s
233003 milliseconds	3667 MB/s	65824 short_reads/s	0 short_writes_echo/s	100 cpu_user_milliseconds	668 cpu_system_milliseconds	0 minor_page_faults/s	0 major_page_faults/s	17907 yields/s	0 preempts/s
234003 milliseconds	3683 MB/s	61881 short_reads/s	0 short_writes_echo/s	119 cpu_user_milliseconds	623 cpu_system_milliseconds	0 minor_page_faults/s	0 major_page_faults/s	17189 yields/s	0 preempts/s
235003 milliseconds	3631 MB/s	62511 short_reads/s	0 short_writes_echo/s	83 cpu_user_milliseconds	683 cpu_system_milliseconds	0 minor_page_faults/s	0 major_page_faults/s	17124 yields/s	1 preempts/s
236003 milliseconds	3639 MB/s	64580 short_reads/s	0 short_writes_echo/s	100 cpu_user_milliseconds	675 cpu_system_milliseconds	0 minor_page_faults/s	0 major_page_faults/s	18098 yields/s	0 preempts/s
237003 milliseconds	3609 MB/s	63242 short_reads/s	0 short_writes_echo/s	102 cpu_user_milliseconds	660 cpu_system_milliseconds	0 minor_page_faults/s	0 major_page_faults/s	16345 yields/s	3 preempts/s
238003 milliseconds	3692 MB/s	68454 short_reads/s	0 short_writes_echo/s	111 cpu_user_milliseconds	669 cpu_system_milliseconds	0 minor_page_faults/s	0 major_page_faults/s	23040 yields/s	1 preempts/s
239003 milliseconds	3661 MB/s	65451 short_reads/s	0 short_writes_echo/s	97 cpu_user_milliseconds	671 cpu_system_milliseconds	0 minor_page_faults/s	0 major_page_faults/s	18802 yields/s	1 preempts/s
240003 milliseconds	3687 MB/s	64415 short_reads/s	0 short_writes_echo/s	91 cpu_user_milliseconds	665 cpu_system_milliseconds	0 minor_page_faults/s	0 major_page_faults/s	18933 yields/s	0 preempts/s
