1000 milliseconds	3336 MB/s	874 short_reads/s	0 short_writes_echo/s	87 cpu_user_milliseconds	655 cpu_system_milliseconds	177 minor_page_faults/s	0 major_page_faults/s	53973 yields/s	1 preempts/s
2000 milliseconds	3320 MB/s	581 short_reads/s	0 short_writes_echo/s	105 cpu_user_milliseconds	629 cpu_system_milliseconds	2 minor_page_faults/s	0 major_page_faults/s	53677 yields/s	1 preempts/s
3000 milliseconds	3222 MB/s	1528 short_reads/s	0 short_writes_echo/s	116 cpu_user_milliseconds	634 cpu_system_milliseconds	0 minor_page_faults/s	0 major_page_faults/s	49994 yields/s	2 preempts/s
4000 milliseconds	3422 MB/s	998 short_reads/s	0 short_writes_echo/s	80 cpu_user_milliseconds	671 cpu_system_milliseconds	0 minor_page_faults/s	0 major_page_faults/s	55209 yields/s	1 preempts/s
5000 milliseconds	3414 MB/s	830 short_reads/s	0 short_writes_echo/s	89 cpu_user_milliseconds	660 cpu_system_milliseconds	0 minor_page_faults/s	0 major_page_faults/s	55108 yields/s	0 preempts/s
6000 milliseconds	3260 MB/s	684 short_reads/s	0 short_writes_echo/s	103 cpu_user_milliseconds	632 cpu_system_milliseconds	0 minor_page_faults/s	0 major_page_faults/s	52876 yields/s	0 preempts/s
7000 milliseconds	2975 MB/s	6265 short_reads/s	0 short_writes_echo/s	98 cpu_user_milliseconds	598 cpu_system_milliseconds	0 minor_page_faults/s	0 major_page_faults/s	29410 yields/s	88 preempts/s
8000 milliseconds	3213 MB/s	690 short_reads/s	0 short_writes_echo/s	77 cpu_user_milliseconds	663 cpu_system_milliseconds	0 minor_page_faults/s	0 major_page_faults/s	51659 yields/s	0 preempts/s
9000 milliseconds	3383 MB/s	1045 short_reads/s	0 short_writes_echo/s	90 cpu_user_milliseconds	657 cpu_system_milliseconds	0 minor_page_faults/s	0 major_page_faults/s	54553 yields/s	0 preempts/s
10000 milliseconds	3398 MB/s	714 short_reads/s	0 short_writes_echo/s	69 cpu_user_milliseconds	676 cpu_system_milliseconds	0 minor_page_faults/s	0 major_page_faults/s	55206 yields/s	1 preempts/s
11000 milliseconds	3237 MB/s	1472 short_reads/s	0 short_writes_echo/s	80 cpu_user_milliseconds	656 cpu_system_milliseconds	0 minor_page_faults/s	0 major_page_faults/s	52452 yields/s	0 preempts/s
12000 milliseconds	3391 MB/s	758 short_reads/s	0 short_writes_echo/s	101 cpu_user_milliseconds	643 cpu_system_milliseconds	0 minor_page_faults/s	0 major_page_faults/s	54992 yields/s	1 preempts/s
13000 milliseconds	3066 MB/s	5806 short_reads/s	0 short_writes_echo/s	91 cpu_user_milliseconds	612 cpu_system_milliseconds	0 minor_page_faults/s	0 major_page_faults/s	39473 yields/s	2 preempts/s
14000 milliseconds	3418 MB/s	1063 short_reads/s	0 short_writes_echo/s	87 cpu_user_milliseconds	663 cpu_system_milliseconds	0 minor_page_faults/s	0 major_page_faults/s	55165 yields/s	0 preempts/s
15000 milliseconds	3423 MB/s	888 short_reads/s	0 short_writes_echo/s	88 cpu_user_milliseconds	662 cpu_system_milliseconds	0 minor_page_faults/s	0 major_page_faults/s	55360 yields/s	0 preempts/s
16000 milliseconds	3309 MB/s	605 short_reads/s	0 short_writes_echo/s	95 cpu_user_milliseconds	647 cpu_system_milliseconds	0 minor_page_faults/s	0 major_page_faults/s	53484 yields/s	21 preempts/s
17000 milliseconds	3311 MB/s	1312 short_reads/s	0 short_writes_echo/s	103 cpu_user_milliseconds	631 cpu_system_milliseconds	0 minor_page_faults/s	0 major_page_faults/s	51392 yields/s	0 preempts/s
18000 milliseconds	3153 MB/s	5679 short_reads/s	0 short_writes_echo/s	95 cpu_user_milliseconds	615 cpu_system_milliseconds	0 minor_page_faults/s	0 major_page_faults/s	40367 yields/s	1 preempts/s
19000 milliseconds	3416 MB/s	674 short_reads/s	0 short_writes_echo/s	92 cpu_user_milliseconds	652 cpu_system_milliseconds	0 minor_page_faults/s	0 major_page_faults/s	55170 yields/s	0 preempts/s
20000 milliseconds	3351 MB/s	1197 short_reads/s	0 short_writes_echo/s	77 cpu_user_milliseconds	658 cpu_system_milliseconds	0 minor_page_faults/s	0 major_page_faults/s	53193 yields/s	19 preempts/s
21000 milliseconds	3323 MB/s	908 short_reads/s	0 short_writes_echo/s	109 cpu_user_milliseconds	629 cpu_system_milliseconds	0 minor_page_faults/s	0 major_page_faults/s	53743 yields/s	0 preempts/s
22000 milliseconds	3238 MB/s	1103 short_reads/s	0 short_writes_echo/s	87 cpu_user_milliseconds	658 cpu_system_milliseconds	0 minor_page_faults/s	0 major_page_faults/s	52181 yields/s	21 preempts/s
23000 milliseconds	3251 MB/s	516 short_reads/s	0 short_writes_echo/s	114 cpu_user_milliseconds	623 cpu_system_milliseconds	0 minor_page_faults/s	0 major_page_faults/s	52452 yields/s	0 preempts/s
24000 milliseconds	3327 MB/s	570 short_reads/s	0 short_writes_echo/s	90 cpu_user_milliseconds	655 cpu_system_milliseconds	0 minor_page_faults/s	0 major_page_faults/s	53796 yields/s	0 preempts/s
25000 milliseconds	3302 MB/s	1129 short_reads/s	0 short_writes_echo/s	100 cpu_user_milliseconds	632 cpu_system_milliseconds	0 minor_page_faults/s	0 major_page_faults/s	52610 yields/s	0 preempts/s
26000 milliseconds	3115 MB/s	4293 short_reads/s	0 short_writes_echo/s	94 cpu_user_milliseconds	619 cpu_system_milliseconds	0 minor_page_faults/s	0 major_page_faults/s	42451 yields/s	1 preempts/s
27000 milliseconds	3383 MB/s	576 short_reads/s	0 short_writes_echo/s	98 cpu_user_milliseconds	643 cpu_system_milliseconds	0 minor_page_faults/s	0 major_page_faults/s	54473 yields/s	2 preempts/s
28000 milliseconds	3374 MB/s	2455 short_reads/s	0 short_writes_echo/s	78 cpu_user_milliseconds	673 cpu_system_milliseconds	0 minor_page_faults/s	0 major_page_faults/s	53797 yields/s	10 preempts/s
29000 milliseconds	3326 MB/s	946 short_reads/s	0 short_writes_echo/s	97 cpu_user_milliseconds	635 cpu_system_milliseconds	0 minor_page_faults/s	0 major_page_faults/s	53788 yields/s	0 preempts/s
30000 milliseconds	3314 MB/s	812 short_reads/s	0 short_writes_echo/s	87 cpu_user_milliseconds	644 cpu_system_milliseconds	0 minor_page_faults/s	0 major_page_faults/s	53660 yields/s	0 preempts/s
31000 milliseconds	3226 MB/s	2911 short_reads/s	0 short_writes_echo/s	99 cpu_user_milliseconds	622 cpu_system_milliseconds	0 minor_page_faults/s	0 major_page_faults/s	46048 yields/s	0 preempts/s
32000 milliseconds	3225 MB/s	2658 short_reads/s	0 short_writes_echo/s	99 cpu_user_milliseconds	628 cpu_system_milliseconds	0 minor_page_faults/s	0 major_page_faults/s	51888 yields/s	46 preempts/s
33000 milliseconds	3356 MB/s	3409 short_reads/s	0 short_writes_echo/s	99 cpu_user_milliseconds	656 cpu_system_milliseconds	0 minor_page_faults/s	0 major_page_faults/s	52449 yields/s	3 preempts/s
34000 milliseconds	3311 MB/s	633 short_reads/s	0 short_writes_echo/s	89 cpu_user_milliseconds	643 cpu_system_milliseconds	0 minor_page_faults/s	0 major_page_faults/s	53567 yields/s	0 preempts/s
35000 milliseconds	3270 MB/s	1512 short_reads/s	0 short_writes_echo/s	94 cpu_user_milliseconds	646 cpu_system_milliseconds	0 minor_page_faults/s	0 major_page_faults/s	48916 yields/s	1 preempts/s
36000 milliseconds	3341 MB/s	639 short_reads/s	0 short_writes_echo/s	90 cpu_user_milliseconds	643 cpu_system_milliseconds	0 minor_page_faults/s	0 major_page_faults/s	53762 yields/s	3 preempts/s
37000 milliseconds	3300 MB/s	698 short_reads/s	0 short_writes_echo/s	83 cpu_user_milliseconds	652 cpu_system_milliseconds	0 minor_page_faults/s	0 major_page_faults/s	53200 yields/s	46 preempts/s
38000 milliseconds	3082 MB/s	7463 short_reads/s	0 short_writes_echo/s	107 cpu_user_milliseconds	617 cpu_system_milliseconds	0 minor_page_faults/s	0 major_page_faults/s	35822 yields/s	3 preempts/s
39000 milliseconds	3281 MB/s	612 short_reads/s	0 short_writes_echo/s	75 cpu_user_milliseconds	663 cpu_system_milliseconds	0 minor_page_faults/s	0 major_page_faults/s	53139 yields/s	1 preempts/s
40000 milliseconds	3295 MB/s	460 short_reads/s	0 short_writes_echo/s	111 cpu_user_milliseconds	618 cpu_system_milliseconds	0 minor_page_faults/s	0 major_page_faults/s	53189 yields/s	1 preempts/s
41000 milliseconds	3213 MB/s	560 short_reads/s	0 short_writes_echo/s	96 cpu_user_milliseconds	640 cpu_system_milliseconds	0 minor_page_faults/s	0 major_page_faults/s	51652 yields/s	0 preempts/s
42000 milliseconds	3330 MB/s	667 short_reads/s	0 short_writes_echo/s	76 cpu_user_milliseconds	667 cpu_system_milliseconds	0 minor_page_faults/s	0 major_page_faults/s	53713 yields/s	0 preempts/s
43000 milliseconds	3263 MB/s	1706 short_reads/s	0 short_writes_echo/s	93 cpu_user_milliseconds	658 cpu_system_milliseconds	0 minor_page_faults/s	0 major_page_faults/s	51797 yields/s	0 preempts/s
44000 milliseconds	3333 MB/s	917 short_reads/s	0 short_writes_echo/s	86 cpu_user_milliseconds	650 cpu_system_milliseconds	0 minor_page_faults/s	0 major_page_faults/s	53496 yields/s	17 preempts/s
45000 milliseconds	3251 MB/s	2206 short_reads/s	0 short_writes_echo/s	80 cpu_user_milliseconds	656 cpu_system_milliseconds	0 minor_page_faults/s	0 major_page_faults/s	47738 yields/s	3 preempts/s
46000 milliseconds	3267 MB/s	563 short_reads/s	0 short_writes_echo/s	96 cpu_user_milliseconds	635 cpu_system_milliseconds	0 minor_page_faults/s	0 major_page_faults/s	52652 yields/s	0 preempts/s
47000 milliseconds	3360 MB/s	470 short_reads/s	0 short_writes_echo/s	88 cpu_user_milliseconds	649 cpu_system_milliseconds	0 minor_page_faults/s	0 major_page_faults/s	54267 yields/s	0 preempts/s
48000 milliseconds	3207 MB/s	1436 short_reads/s	0 short_writes_echo/s	95 cpu_user_milliseconds	645 cpu_system_milliseconds	0 minor_page_faults/s	0 major_page_faults/s	51477 yields/s	5 preempts/s
49000 milliseconds	3402 MB/s	957 short_reads/s	0 short_writes_echo/s	85 cpu_user_milliseconds	660 cpu_system_milliseconds	0 minor_page_faults/s	0 major_page_faults/s	54854 yields/s	0 preempts/s
50000 milliseconds	3345 MB/s	1336 short_reads/s	0 short_writes_echo/s	77 cpu_user_milliseconds	660 cpu_system_milliseconds	0 minor_page_faults/s	0 major_page_faults/s	53348 yields/s	0 preempts/s
51000 milliseconds	3388 MB/s	1012 short_reads/s	0 short_writes_echo/s	91 cpu_user_milliseconds	653 cpu_system_milliseconds	0 minor_page_faults/s	0 major_page_faults/s	53944 yields/s	0 preempts/s
52000 milliseconds	3295 MB/s	721 short_reads/s	0 short_writes_echo/s	79 cpu_user_milliseconds	655 cpu_system_milliseconds	0 minor_page_faults/s	0 major_page_faults/s	53412 yields/s	0 preempts/s
53000 milliseconds	3186 MB/s	4965 short_reads/s	0 short_writes_echo/s	107 cpu_user_milliseconds	620 cpu_system_milliseconds	0 minor_page_faults/s	0 major_page_faults/s	44224 yields/s	22 preempts/s
54000 milliseconds	3336 MB/s	662 short_reads/s	0 short_writes_echo/s	73 cpu_user_milliseconds	660 cpu_system_milliseconds	0 minor_page_faults/s	0 major_page_faults/s	53479 yields/s	2 preempts/s
55000 milliseconds	3214 MB/s	4183 short_reads/s	0 short_writes_echo/s	98 cpu_user_milliseconds	611 cpu_system_milliseconds	0 minor_page_faults/s	0 major_page_faults/s	41188 yields/s	0 preempts/s
56000 milliseconds	3265 MB/s	1266 short_reads/s	0 short_writes_echo/s	93 cpu_user_milliseconds	643 cpu_system_milliseconds	0 minor_page_faults/s	0 major_page_faults/s	51513 yields/s	0 preempts/s
57000 milliseconds	3339 MB/s	686 short_reads/s	0 short_writes_echo/s	78 cpu_user_milliseconds	673 cpu_system_milliseconds	0 minor_page_faults/s	0 major_page_faults/s	53753 yields/s	0 preempts/s
58000 milliseconds	3182 MB/s	1355 short_reads/s	0 short_writes_echo/s	91 cpu_user_milliseconds	644 cpu_system_milliseconds	0 minor_page_faults/s	0 major_page_faults/s	49897 yields/s	18 preempts/s
59000 milliseconds	3304 MB/s	2202 short_reads/s	0 short_writes_echo/s	84 cpu_user_milliseconds	653 cpu_system_milliseconds	0 minor_page_faults/s	0 major_page_faults/s	49872 yields/s	0 preempts/s
60000 milliseconds	3328 MB/s	687 short_reads/s	0 short_writes_echo/s	107 cpu_user_milliseconds	625 cpu_system_milliseconds	0 minor_page_faults/s	0 major_page_faults/s	53780 yields/s	0 preempts/s
61000 milliseconds	3267 MB/s	955 short_reads/s	0 short_writes_echo/s	87 cpu_user_milliseconds	667 cpu_system_milliseconds	0 minor_page_faults/s	0 major_page_faults/s	52469 yields/s	1 preempts/s
62000 milliseconds	3294 MB/s	1477 short_reads/s	0 short_writes_echo/s	86 cpu_user_milliseconds	639 cpu_system_milliseconds	0 minor_page_faults/s	0 major_page_faults/s	51290 yields/s	0 preempts/s
63000 milliseconds	3229 MB/s	2326 short_reads/s	0 short_writes_echo/s	101 cpu_user_milliseconds	637 cpu_system_milliseconds	0 minor_page_faults/s	0 major_page_faults/s	51209 yields/s	22 preempts/s
64000 milliseconds	3310 MB/s	752 short_reads/s	0 short_writes_echo/s	93 cpu_user_milliseconds	630 cpu_system_milliseconds	0 minor_page_faults/s	0 major_page_faults/s	53366 yields/s	1 preempts/s
65000 milliseconds	3161 MB/s	637 short_reads/s	0 short_writes_echo/s	93 cpu_user_milliseconds	658 cpu_system_milliseconds	0 minor_page_faults/s	0 major_page_faults/s	50835 yields/s	40 preempts/s
66000 milliseconds	3077 MB/s	5040 short_reads/s	0 short_writes_echo/s	92 cpu_user_milliseconds	622 cpu_system_milliseconds	0 minor_page_faults/s	0 major_page_faults/s	39622 yields/s	0 preempts/s
67000 milliseconds	3423 MB/s	795 short_reads/s	0 short_writes_echo/s	88 cpu_user_milliseconds	659 cpu_system_milliseconds	0 minor_page_faults/s	0 major_page_faults/s	55192 yields/s	0 preempts/s
68000 milliseconds	3167 MB/s	805 short_reads/s	0 short_writes_echo/s	84 cpu_user_milliseconds	651 cpu_system_milliseconds	0 minor_page_faults/s	0 major_page_faults/s	47921 yields/s	24 preempts/s
69000 milliseconds	3375 MB/s	735 short_reads/s	0 short_writes_echo/s	85 cpu_user_milliseconds	658 cpu_system_milliseconds	0 minor_page_faults/s	0 major_page_faults/s	54650 yields/s	1 preempts/s
70000 milliseconds	3315 MB/s	2392 short_reads/s	0 short_writes_echo/s	89 cpu_user_milliseconds	638 cpu_system_milliseconds	0 minor_page_faults/s	0 major_page_faults/s	49862 yields/s	0 preempts/s
71000 milliseconds	3296 MB/s	1514 short_reads/s	0 short_writes_echo/s	79 cpu_user_milliseconds	657 cpu_system_milliseconds	0 minor_page_faults/s	0 major_page_faults/s	53419 yields/s	0 preempts/s
72000 milliseconds	3303 MB/s	1189 short_reads/s	0 short_writes_echo/s	95 cpu_user_milliseconds	632 cpu_system_milliseconds	0 minor_page_faults/s	0 major_page_faults/s	52046 yields/s	0 preempts/s
73000 milliseconds	3291 MB/s	2835 short_reads/s	0 short_writes_echo/s	108 cpu_user_milliseconds	631 cpu_system_milliseconds	0 minor_page_faults/s	0 major_page_faults/s	52281 yields/s	0 preempts/s
74000 milliseconds	3332 MB/s	598 short_reads/s	0 short_writes_echo/s	94 cpu_user_milliseconds	646 cpu_system_milliseconds	0 minor_page_faults/s	0 major_page_faults/s	54141 yields/s	0 preempts/s
75000 milliseconds	3192 MB/s	4495 short_reads/s	0 short_writes_echo/s	106 cpu_user_milliseconds	605 cpu_system_milliseconds	0 minor_page_faults/s	0 major_page_faults/s	42206 yields/s	1 preempts/s
76000 milliseconds	3387 MB/s	758 short_reads/s	0 short_writes_echo/s	101 cpu_user_milliseconds	642 cpu_system_milliseconds	0 minor_page_faults/s	0 major_page_faults/s	54980 yields/s	0 preempts/s
77000 milliseconds	3345 MB/s	1835 short_reads/s	0 short_writes_echo/s	90 cpu_user_milliseconds	645 cpu_system_milliseconds	0 minor_page_faults/s	0 major_page_faults/s	51265 yields/s	0 preempts/s
78000 milliseconds	3151 MB/s	2982 short_reads/s	0 short_writes_echo/s	105 cpu_user_milliseconds	647 cpu_system_milliseconds	0 minor_page_faults/s	0 major_page_faults/s	50121 yields/s	20 preempts/s
79001 milliseconds	3366 MB/s	573 short_reads/s	0 short_writes_echo/s	97 cpu_user_milliseconds	648 cpu_system_milliseconds	0 minor_page_faults/s	0 major_page_faults/s	54295 yields/s	2 preempts/s
80001 milliseconds	3146 MB/s	4313 short_reads/s	0 short_writes_echo/s	94 cpu_user_milliseconds	618 cpu_system_milliseconds	0 minor_page_faults/s	0 major_page_faults/s	43243 yields/s	20 preempts/s
81001 milliseconds	3200 MB/s	714 short_reads/s	0 short_writes_echo/s	87 cpu_user_milliseconds	653 cpu_system_milliseconds	0 minor_page_faults/s	0 major_page_faults/s	51386 yields/s	5 preempts/s
82001 milliseconds	3132 MB/s	5416 short_reads/s	0 short_writes_echo/s	94 cpu_user_milliseconds	612 cpu_system_milliseconds	0 minor_page_faults/s	0 major_page_faults/s	40000 yields/s	0 preempts/s
83001 milliseconds	3257 MB/s	918 short_reads/s	0 short_writes_echo/s	96 cpu_user_milliseconds	643 cpu_system_milliseconds	0 minor_page_faults/s	0 major_page_faults/s	52217 yields/s	0 preempts/s
84001 milliseconds	3344 MB/s	804 short_reads/s	0 short_writes_echo/s	98 cpu_user_milliseconds	648 cpu_system_milliseconds	0 minor_page_faults/s	0 major_page_faults/s	53971 yields/s	17 preempts/s
85001 milliseconds	3385 MB/s	789 short_reads/s	0 short_writes_echo/s	79 cpu_user_milliseconds	668 cpu_system_milliseconds	0 minor_page_faults/s	0 major_page_faults/s	54541 yields/s	0 preempts/s
86001 milliseconds	3116 MB/s	7264 short_reads/s	0 short_writes_echo/s	91 cpu_user_milliseconds	600 cpu_system_milliseconds	0 minor_page_faults/s	0 major_page_faults/s	34684 yields/s	0 preempts/s
87001 milliseconds	3336 MB/s	668 short_reads/s	0 short_writes_echo/s	75 cpu_user_milliseconds	657 cpu_system_milliseconds	0 minor_page_faults/s	0 major_page_faults/s	53501 yields/s	0 preempts/s
88001 milliseconds	3265 MB/s	2923 short_reads/s	0 short_writes_echo/s	90 cpu_user_milliseconds	642 cpu_system_milliseconds	0 minor_page_faults/s	0 major_page_faults/s	50756 yields/s	1 preempts/s
89001 milliseconds	3381 MB/s	956 short_reads/s	0 short_writes_echo/s	98 cpu_user_milliseconds	645 cpu_system_milliseconds	0 minor_page_faults/s	0 major_page_faults/s	54666 yields/s	0 preempts/s
90001 milliseconds	3242 MB/s	812 short_reads/s	0 short_writes_echo/s	91 cpu_user_milliseconds	640 cpu_system_milliseconds	0 minor_page_faults/s	0 major_page_faults/s	49870 yields/s	0 preempts/s
91001 milliseconds	3252 MB/s	1618 short_reads/s	0 short_writes_echo/s	78 cpu_user_milliseconds	665 cpu_system_milliseconds	0 minor_page_faults/s	0 major_page_faults/s	49586 yields/s	0 preempts/s
92001 milliseconds	3344 MB/s	767 short_reads/s	0 short_writes_echo/s	89 cpu_user_milliseconds	661 cpu_system_milliseconds	0 minor_page_faults/s	0 major_page_faults/s	53770 yields/s	0 preempts/s
93001 milliseconds	3164 MB/s	7148 short_reads/s	0 short_writes_echo/s	99 cpu_user_milliseconds	615 cpu_system_milliseconds	0 minor_page_faults/s	0 major_page_faults/s	41049 yields/s	47 preempts/s
94001 milliseconds	3217 MB/s	3489 short_reads/s	0 short_writes_echo/s	115 cpu_user_milliseconds	596 cpu_system_milliseconds	0 minor_page_faults/s	0 major_page_faults/s	45349 yields/s	0 preempts/s
95001 milliseconds	3195 MB/s	4120 short_reads/s	0 short_writes_echo/s	94 cpu_user_milliseconds	615 cpu_system_milliseconds	0 minor_page_faults/s	0 major_page_faults/s	42709 yields/s	1 preempts/s
96001 milliseconds	3370 MB/s	804 short_reads/s	0 short_writes_echo/s	82 cpu_user_milliseconds	660 cpu_system_milliseconds	0 minor_page_faults/s	0 major_page_faults/s	54424 yields/s	0 preempts/s
97001 milliseconds	3317 MB/s	2886 short_reads/s	0 short_writes_echo/s	98 cpu_user_milliseconds	632 cpu_system_milliseconds	0 minor_page_faults/s	0 major_page_faults/s	49050 yields/s	0 preempts/s
98001 milliseconds	3270 MB/s	2452 short_reads/s	0 short_writes_echo/s	87 cpu_user_milliseconds	647 cpu_system_milliseconds	0 minor_page_faults/s	0 major_page_faults/s	50899 yields/s	1 preempts/s
99001 milliseconds	3363 MB/s	836 short_reads/s	0 short_writes_echo/s	92 cpu_user_milliseconds	647 cpu_system_milliseconds	0 minor_page_faults/s	0 major_page_faults/s	53921 yields/s	0 preempts/s
100001 milliseconds	3435 MB/s	925 short_reads/s	0 short_writes_echo/s	88 cpu_user_milliseconds	664 cpu_system_milliseconds	0 minor_page_faults/s	0 major_page_faults/s	55512 yields/s	0 preempts/s
101001 milliseconds	3416 MB/s	1028 short_reads/s	0 short_writes_echo/s	93 cpu_user_milliseconds	657 cpu_system_milliseconds	0 minor_page_faults/s	0 major_page_faults/s	55146 yields/s	0 preempts/s
102001 milliseconds	3417 MB/s	863 short_reads/s	0 short_writes_echo/s	96 cpu_user_milliseconds	653 cpu_system_milliseconds	0 minor_page_faults/s	0 major_page_faults/s	55301 yields/s	0 preempts/s
103001 milliseconds	3383 MB/s	3212 short_reads/s	0 short_writes_echo/s	104 cpu_user_milliseconds	652 cpu_system_milliseconds	0 minor_page_faults/s	0 major_page_faults/s	52500 yields/s	2 preempts/s
104001 milliseconds	3230 MB/s	4569 short_reads/s	0 short_writes_echo/s	92 cpu_user_milliseconds	617 cpu_system_milliseconds	0 minor_page_faults/s	0 major_page_faults/s	41136 yields/s	2 preempts/s
105001 milliseconds	3235 MB/s	3717 short_reads/s	0 short_writes_echo/s	89 cpu_user_milliseconds	626 cpu_system_milliseconds	0 minor_page_faults/s	0 major_page_faults/s	48032 yields/s	0 preempts/s
106001 milliseconds	3324 MB/s	1309 short_reads/s	0 short_writes_echo/s	83 cpu_user_milliseconds	647 cpu_system_milliseconds	0 minor_page_faults/s	0 major_page_faults/s	52753 yields/s	0 preempts/s
107001 milliseconds	3303 MB/s	721 short_reads/s	0 short_writes_echo/s	73 cpu_user_milliseconds	661 cpu_system_milliseconds	0 minor_page_faults/s	0 major_page_faults/s	53366 yields/s	0 preempts/s
108001 milliseconds	3332 MB/s	2270 short_reads/s	0 short_writes_echo/s	103 cpu_user_milliseconds	646 cpu_system_milliseconds	0 minor_page_faults/s	0 major_page_faults/s	52080 yields/s	9 preempts/s
109001 milliseconds	3415 MB/s	1024 short_reads/s	0 short_writes_echo/s	95 cpu_user_milliseconds	654 cpu_system_milliseconds	0 minor_page_faults/s	0 major_page_faults/s	55189 yields/s	0 preempts/s
110001 milliseconds	3252 MB/s	4264 short_reads/s	0 short_writes_echo/s	104 cpu_user_milliseconds	619 cpu_system_milliseconds	0 minor_page_faults/s	0 major_page_faults/s	41441 yields/s	0 preempts/s
111001 milliseconds	3359 MB/s	857 short_reads/s	0 short_writes_echo/s	87 cpu_user_milliseconds	656 cpu_system_milliseconds	0 minor_page_faults/s	0 major_page_faults/s	54385 yields/s	0 preempts/s
112001 milliseconds	3279 MB/s	786 short_reads/s	0 short_writes_echo/s	105 cpu_user_milliseconds	648 cpu_system_milliseconds	0 minor_page_faults/s	0 major_page_faults/s	52898 yields/s	0 preempts/s
113001 milliseconds	3266 MB/s	867 short_reads/s	0 short_writes_echo/s	90 cpu_user_milliseconds	642 cpu_system_milliseconds	0 minor_page_faults/s	0 major_page_faults/s	52663 yields/s	1 preempts/s
114001 milliseconds	3366 MB/s	549 short_reads/s	0 short_writes_echo/s	108 cpu_user_milliseconds	630 cpu_system_milliseconds	0 minor_page_faults/s	0 major_page_faults/s	54340 yields/s	0 preempts/s
115001 milliseconds	3329 MB/s	1030 short_reads/s	0 short_writes_echo/s	92 cpu_user_milliseconds	634 cpu_system_milliseconds	0 minor_page_faults/s	0 major_page_faults/s	52589 yields/s	0 preempts/s
116001 milliseconds	3173 MB/s	633 short_reads/s	0 short_writes_echo/s	107 cpu_user_milliseconds	636 cpu_system_milliseconds	0 minor_page_faults/s	0 major_page_faults/s	51358 yields/s	0 preempts/s
117001 milliseconds	3246 MB/s	3315 short_reads/s	0 short_writes_echo/s	90 cpu_user_milliseconds	626 cpu_system_milliseconds	0 minor_page_faults/s	0 major_page_faults/s	46742 yields/s	0 preempts/s
118001 milliseconds	3195 MB/s	6870 short_reads/s	0 short_writes_echo/s	111 cpu_user_milliseconds	613 cpu_system_milliseconds	0 minor_page_faults/s	0 major_page_faults/s	41568 yields/s	1 preempts/s
119001 milliseconds	3320 MB/s	613 short_reads/s	0 short_writes_echo/s	95 cpu_user_milliseconds	636 cpu_system_milliseconds	0 minor_page_faults/s	0 major_page_faults/s	53301 yields/s	0 preempts/s
120001 milliseconds	3389 MB/s	550 short_reads/s	0 short_writes_echo/s	77 cpu_user_milliseconds	660 cpu_system_milliseconds	0 minor_page_faults/s	0 major_page_faults/s	54781 yields/s	0 preempts/s
121001 milliseconds	3325 MB/s	1433 short_reads/s	0 short_writes_echo/s	96 cpu_user_milliseconds	630 cpu_system_milliseconds	0 minor_page_faults/s	0 major_page_faults/s	52172 yields/s	61 preempts/s
122001 milliseconds	3333 MB/s	785 short_reads/s	0 short_writes_echo/s	123 cpu_user_milliseconds	620 cpu_system_milliseconds	0 minor_page_faults/s	0 major_page_faults/s	53597 yields/s	1 preempts/s
123001 milliseconds	3303 MB/s	2222 short_reads/s	0 short_writes_echo/s	74 cpu_user_milliseconds	663 cpu_system_milliseconds	0 minor_page_faults/s	0 major_page_faults/s	53174 yields/s	2 preempts/s
124001 milliseconds	3366 MB/s	654 short_reads/s	0 short_writes_echo/s	83 cpu_user_milliseconds	653 cpu_system_milliseconds	0 minor_page_faults/s	0 major_page_faults/s	54380 yields/s	21 preempts/s
125001 milliseconds	3290 MB/s	1848 short_reads/s	0 short_writes_echo/s	75 cpu_user_milliseconds	645 cpu_system_milliseconds	0 minor_page_faults/s	0 major_page_faults/s	50349 yields/s	31 preempts/s
126001 milliseconds	3291 MB/s	630 short_reads/s	0 short_writes_echo/s	97 cpu_user_milliseconds	627 cpu_system_milliseconds	0 minor_page_faults/s	0 major_page_faults/s	53089 yields/s	0 preempts/s
127001 milliseconds	3418 MB/s	611 short_reads/s	0 short_writes_echo/s	94 cpu_user_milliseconds	654 cpu_system_milliseconds	0 minor_page_faults/s	0 major_page_faults/s	55061 yields/s	0 preempts/s
128001 milliseconds	3099 MB/s	5251 short_reads/s	0 short_writes_echo/s	92 cpu_user_milliseconds	635 cpu_system_milliseconds	0 minor_page_faults/s	0 major_page_faults/s	41362 yields/s	2 preempts/s
129001 milliseconds	3261 MB/s	856 short_reads/s	0 short_writes_echo/s	95 cpu_user_milliseconds	641 cpu_system_milliseconds	0 minor_page_faults/s	0 major_page_faults/s	52802 yields/s	0 preempts/s
130001 milliseconds	3073 MB/s	6869 short_reads/s	0 short_writes_echo/s	86 cpu_user_milliseconds	610 cpu_system_milliseconds	0 minor_page_faults/s	0 major_page_faults/s	33838 yields/s	0 preempts/s
131001 milliseconds	3139 MB/s	4603 short_reads/s	0 short_writes_echo/s	100 cpu_user_milliseconds	598 cpu_system_milliseconds	0 minor_page_faults/s	0 major_page_faults/s	43512 yields/s	0 preempts/s
132001 milliseconds	3331 MB/s	788 short_reads/s	0 short_writes_echo/s	105 cpu_user_milliseconds	629 cpu_system_milliseconds	0 minor_page_faults/s	0 major_page_faults/s	53943 yields/s	1 preempts/s
133001 milliseconds	3303 MB/s	2112 short_reads/s	0 short_writes_echo/s	88 cpu_user_milliseconds	665 cpu_system_milliseconds	0 minor_page_faults/s	0 major_page_faults/s	52046 yields/s	6 preempts/s
134001 milliseconds	3123 MB/s	5650 short_reads/s	0 short_writes_echo/s	95 cpu_user_milliseconds	603 cpu_system_milliseconds	0 minor_page_faults/s	0 major_page_faults/s	39009 yields/s	19 preempts/s
135001 milliseconds	3234 MB/s	1300 short_reads/s	0 short_writes_echo/s	89 cpu_user_milliseconds	641 cpu_system_milliseconds	0 minor_page_faults/s	0 major_page_faults/s	50708 yields/s	41 preempts/s
136001 milliseconds	3421 MB/s	779 short_reads/s	0 short_writes_echo/s	81 cpu_user_milliseconds	671 cpu_system_milliseconds	0 minor_page_faults/s	0 major_page_faults/s	55384 yields/s	3 preempts/s
137001 milliseconds	3250 MB/s	2402 short_reads/s	0 short_writes_echo/s	118 cpu_user_milliseconds	618 cpu_system_milliseconds	0 minor_page_faults/s	0 major_page_faults/s	47455 yields/s	19 preempts/s
138001 milliseconds	3289 MB/s	2660 short_reads/s	0 short_writes_echo/s	78 cpu_user_milliseconds	655 cpu_system_milliseconds	0 minor_page_faults/s	0 major_page_faults/s	52422 yields/s	0 preempts/s
139001 milliseconds	3360 MB/s	499 short_reads/s	0 short_writes_echo/s	86 cpu_user_milliseconds	651 cpu_system_milliseconds	0 minor_page_faults/s	0 major_page_faults/s	54353 yields/s	7 preempts/s
140001 milliseconds	3380 MB/s	1207 short_reads/s	0 short_writes_echo/s	111 cpu_user_milliseconds	628 cpu_system_milliseconds	0 minor_page_faults/s	0 major_page_faults/s	53440 yields/s	2 preempts/s
141001 milliseconds	3302 MB/s	525 short_reads/s	0 short_writes_echo/s	95 cpu_user_milliseconds	633 cpu_system_milliseconds	0 minor_page_faults/s	0 major_page_faults/s	53340 yields/s	46 preempts/s
142001 milliseconds	3279 MB/s	1399 short_reads/s	0 short_writes_echo/s	73 cpu_user_milliseconds	660 cpu_system_milliseconds	0 minor_page_faults/s	0 major_page_faults/s	51363 yields/s	0 preempts/s
143001 milliseconds	3131 MB/s	5047 short_reads/s	0 short_writes_echo/s	103 cpu_user_milliseconds	616 cpu_system_milliseconds	0 minor_page_faults/s	0 major_page_faults/s	42321 yields/s	5 preempts/s
144001 milliseconds	3314 MB/s	760 short_reads/s	0 short_writes_echo/s	88 cpu_user_milliseconds	650 cpu_system_milliseconds	0 minor_page_faults/s	0 major_page_faults/s	53673 yields/s	0 preempts/s
145001 milliseconds	3316 MB/s	2621 short_reads/s	0 short_writes_echo/s	92 cpu_user_milliseconds	637 cpu_system_milliseconds	0 minor_page_faults/s	0 major_page_faults/s	50115 yields/s	7 preempts/s
146001 milliseconds	3264 MB/s	4451 short_reads/s	0 short_writes_echo/s	102 cpu_user_milliseconds	614 cpu_system_milliseconds	0 minor_page_faults/s	0 major_page_faults/s	45264 yields/s	3 preempts/s
147001 milliseconds	3074 MB/s	8361 short_reads/s	0 short_writes_echo/s	99 cpu_user_milliseconds	582 cpu_system_milliseconds	0 minor_page_faults/s	0 major_page_faults/s	34102 yields/s	0 preempts/s
148001 milliseconds	3254 MB/s	2609 short_reads/s	0 short_writes_echo/s	114 cpu_user_milliseconds	621 cpu_system_milliseconds	0 minor_page_faults/s	0 major_page_faults/s	52422 yields/s	5 preempts/s
149001 milliseconds	3318 MB/s	920 short_reads/s	0 short_writes_echo/s	91 cpu_user_milliseconds	642 cpu_system_milliseconds	0 minor_page_faults/s	0 major_page_faults/s	53461 yields/s	0 preempts/s
150001 milliseconds	3388 MB/s	858 short_reads/s	0 short_writes_echo/s	85 cpu_user_milliseconds	662 cpu_system_milliseconds	0 minor_page_faults/s	0 major_page_faults/s	54635 yields/s	0 preempts/s
151001 milliseconds	3414 MB/s	973 short_reads/s	0 short_writes_echo/s	105 cpu_user_milliseconds	644 cpu_system_milliseconds	0 minor_page_faults/s	0 major_page_faults/s	55183 yields/s	0 preempts/s
152001 milliseconds	3367 MB/s	451 short_reads/s	0 short_writes_echo/s	84 cpu_user_milliseconds	667 cpu_system_milliseconds	0 minor_page_faults/s	0 major_page_faults/s	54359 yields/s	1 preempts/s
153001 milliseconds	3128 MB/s	3585 short_reads/s	0 short_writes_echo/s	104 cpu_user_milliseconds	617 cpu_system_milliseconds	0 minor_page_faults/s	0 major_page_faults/s	44033 yields/s	1 preempts/s
154001 milliseconds	3142 MB/s	6672 short_reads/s	0 short_writes_echo/s	101 cpu_user_milliseconds	591 cpu_system_milliseconds	0 minor_page_faults/s	0 major_page_faults/s	36747 yields/s	0 preempts/s
155001 milliseconds	3397 MB/s	787 short_reads/s	0 short_writes_echo/s	104 cpu_user_milliseconds	644 cpu_system_milliseconds	0 minor_page_faults/s	0 major_page_faults/s	54878 yields/s	0 preempts/s
156001 milliseconds	3112 MB/s	6825 short_reads/s	0 short_writes_echo/s	88 cpu_user_milliseconds	605 cpu_system_milliseconds	0 minor_page_faults/s	0 major_page_faults/s	35823 yields/s	1 preempts/s
157001 milliseconds	3221 MB/s	624 short_reads/s	0 short_writes_echo/s	90 cpu_user_milliseconds	648 cpu_system_milliseconds	0 minor_page_faults/s	0 major_page_faults/s	52112 yields/s	1 preempts/s
158001 milliseconds	3309 MB/s	1060 short_reads/s	0 short_writes_echo/s	100 cpu_user_milliseconds	649 cpu_system_milliseconds	0 minor_page_faults/s	0 major_page_faults/s	53282 yields/s	0 preempts/s
159001 milliseconds	3314 MB/s	489 short_reads/s	0 short_writes_echo/s	77 cpu_user_milliseconds	652 cpu_system_milliseconds	0 minor_page_faults/s	0 major_page_faults/s	53606 yields/s	0 preempts/s
160001 milliseconds	3398 MB/s	943 short_reads/s	0 short_writes_echo/s	101 cpu_user_milliseconds	654 cpu_system_milliseconds	0 minor_page_faults/s	0 major_page_faults/s	54918 yields/s	0 preempts/s
161001 milliseconds	3415 MB/s	1053 short_reads/s	0 short_writes_echo/s	93 cpu_user_milliseconds	658 cpu_system_milliseconds	0 minor_page_faults/s	0 major_page_faults/s	55023 yields/s	0 preempts/s
162001 milliseconds	3186 MB/s	5837 short_reads/s	0 short_writes_echo/s	98 cpu_user_milliseconds	606 cpu_system_milliseconds	0 minor_page_faults/s	0 major_page_faults/s	40827 yields/s	0 preempts/s
163001 milliseconds	3138 MB/s	2289 short_reads/s	0 short_writes_echo/s	84 cpu_user_milliseconds	667 cpu_system_milliseconds	0 minor_page_faults/s	0 major_page_faults/s	49290 yields/s	0 preempts/s
164001 milliseconds	3327 MB/s	735 short_reads/s	0 short_writes_echo/s	91 cpu_user_milliseconds	638 cpu_system_milliseconds	0 minor_page_faults/s	0 major_page_faults/s	53487 yields/s	2 preempts/s
165001 milliseconds	3287 MB/s	1275 short_reads/s	0 short_writes_echo/s	100 cpu_user_milliseconds	641 cpu_system_milliseconds	0 minor_page_faults/s	0 major_page_faults/s	50495 yields/s	58 preempts/s
166001 milliseconds	3412 MB/s	693 short_reads/s	0 short_writes_echo/s	100 cpu_user_milliseconds	645 cpu_system_milliseconds	0 minor_page_faults/s	0 major_page_faults/s	54828 yields/s	0 preempts/s
167001 milliseconds	3406 MB/s	713 short_reads/s	0 short_writes_echo/s	110 cpu_user_milliseconds	635 cpu_system_milliseconds	0 minor_page_faults/s	0 major_page_faults/s	54934 yields/s	0 preempts/s
168001 milliseconds	3218 MB/s	2540 short_reads/s	0 short_writes_echo/s	104 cpu_user_milliseconds	626 cpu_system_milliseconds	0 minor_page_faults/s	0 major_page_faults/s	45297 yields/s	3 preempts/s
169001 milliseconds	3339 MB/s	876 short_reads/s	0 short_writes_echo/s	85 cpu_user_milliseconds	653 cpu_system_milliseconds	0 minor_page_faults/s	0 major_page_faults/s	53967 yields/s	0 preempts/s
170001 milliseconds	3324 MB/s	688 short_reads/s	0 short_writes_echo/s	90 cpu_user_milliseconds	647 cpu_system_milliseconds	0 minor_page_faults/s	0 major_page_faults/s	53768 yields/s	16 preempts/s
171001 milliseconds	3383 MB/s	687 short_reads/s	0 short_writes_echo/s	80 cpu_user_milliseconds	665 cpu_system_milliseconds	0 minor_page_faults/s	0 major_page_faults/s	54520 yields/s	0 preempts/s
172001 milliseconds	3323 MB/s	586 short_reads/s	0 short_writes_echo/s	76 cpu_user_milliseconds	662 cpu_system_milliseconds	0 minor_page_faults/s	0 major_page_faults/s	53663 yields/s	0 preempts/s
173001 milliseconds	3249 MB/s	2748 short_reads/s	0 short_writes_echo/s	106 cpu_user_milliseconds	629 cpu_system_milliseconds	0 minor_page_faults/s	0 major_page_faults/s	46176 yields/s	0 preempts/s
174001 milliseconds	3105 MB/s	7990 short_reads/s	0 short_writes_echo/s	97 cpu_user_milliseconds	586 cpu_system_milliseconds	0 minor_page_faults/s	0 major_page_faults/s	33163 yields/s	0 preempts/s
175001 milliseconds	3397 MB/s	715 short_reads/s	0 short_writes_echo/s	93 cpu_user_milliseconds	655 cpu_system_milliseconds	0 minor_page_faults/s	0 major_page_faults/s	54768 yields/s	0 preempts/s
176001 milliseconds	3422 MB/s	595 short_reads/s	0 short_writes_echo/s	85 cpu_user_milliseconds	664 cpu_system_milliseconds	0 minor_page_faults/s	0 major_page_faults/s	55466 yields/s	0 preempts/s
177001 milliseconds	3367 MB/s	1118 short_reads/s	0 short_writes_echo/s	92 cpu_user_milliseconds	650 cpu_system_milliseconds	0 minor_page_faults/s	0 major_page_faults/s	54138 yields/s	0 preempts/s
178001 milliseconds	3086 MB/s	4405 short_reads/s	0 short_writes_echo/s	100 cpu_user_milliseconds	614 cpu_system_milliseconds	0 minor_page_faults/s	0 major_page_faults/s	40914 yields/s	0 preempts/s
179002 milliseconds	3351 MB/s	541 short_reads/s	0 short_writes_echo/s	74 cpu_user_milliseconds	666 cpu_system_milliseconds	0 minor_page_faults/s	0 major_page_faults/s	54145 yields/s	0 preempts/s
180002 milliseconds	3353 MB/s	661 short_reads/s	0 short_writes_echo/s	103 cpu_user_milliseconds	628 cpu_system_milliseconds	0 minor_page_faults/s	0 major_page_faults/s	54299 yields/s	18 preempts/s
181002 milliseconds	3329 MB/s	746 short_reads/s	0 short_writes_echo/s	93 cpu_user_milliseconds	645 cpu_system_milliseconds	0 minor_page_faults/s	0 major_page_faults/s	53335 yields/s	3 preempts/s
182002 milliseconds	3376 MB/s	720 short_reads/s	0 short_writes_echo/s	94 cpu_user_milliseconds	647 cpu_system_milliseconds	0 minor_page_faults/s	0 major_page_faults/s	54324 yields/s	0 preempts/s
183002 milliseconds	3290 MB/s	3320 short_reads/s	0 short_writes_echo/s	81 cpu_user_milliseconds	654 cpu_system_milliseconds	0 minor_page_faults/s	0 major_page_faults/s	50882 yields/s	0 preempts/s
184002 milliseconds	3316 MB/s	706 short_reads/s	0 short_writes_echo/s	104 cpu_user_milliseconds	642 cpu_system_milliseconds	0 minor_page_faults/s	0 major_page_faults/s	53444 yields/s	1 preempts/s
185002 milliseconds	3311 MB/s	764 short_reads/s	0 short_writes_echo/s	103 cpu_user_milliseconds	642 cpu_system_milliseconds	0 minor_page_faults/s	0 major_page_faults/s	53719 yields/s	0 preempts/s
186002 milliseconds	3374 MB/s	879 short_reads/s	0 short_writes_echo/s	89 cpu_user_milliseconds	652 cpu_system_milliseconds	0 minor_page_faults/s	0 major_page_faults/s	54555 yields/s	0 preempts/s
187002 milliseconds	3396 MB/s	899 short_reads/s	0 short_writes_echo/s	89 cpu_user_milliseconds	654 cpu_system_milliseconds	0 minor_page_faults/s	0 major_page_faults/s	55020 yields/s	0 preempts/s
188002 milliseconds	3234 MB/s	2454 short_reads/s	0 short_writes_echo/s	77 cpu_user_milliseconds	660 cpu_system_milliseconds	0 minor_page_faults/s	0 major_page_faults/s	50587 yields/s	17 preempts/s
189002 milliseconds	3101 MB/s	5817 short_reads/s	0 short_writes_echo/s	111 cpu_user_milliseconds	589 cpu_system_milliseconds	0 minor_page_faults/s	0 major_page_faults/s	36922 yields/s	1 preempts/s
190002 milliseconds	3091 MB/s	7215 short_reads/s	0 short_writes_echo/s	100 cpu_user_milliseconds	597 cpu_system_milliseconds	0 minor_page_faults/s	0 major_page_faults/s	28947 yields/s	0 preempts/s
191002 milliseconds	3246 MB/s	1269 short_reads/s	0 short_writes_echo/s	101 cpu_user_milliseconds	618 cpu_system_milliseconds	0 minor_page_faults/s	0 major_page_faults/s	52802 yields/s	0 preempts/s
192002 milliseconds	3338 MB/s	663 short_reads/s	0 short_writes_echo/s	80 cpu_user_milliseconds	662 cpu_system_milliseconds	0 minor_page_faults/s	0 major_page_faults/s	53891 yields/s	5 preempts/s
193002 milliseconds	3312 MB/s	1565 short_reads/s	0 short_writes_echo/s	72 cpu_user_milliseconds	679 cpu_system_milliseconds	0 minor_page_faults/s	0 major_page_faults/s	52606 yields/s	0 preempts/s
194002 milliseconds	3343 MB/s	1288 short_reads/s	0 short_writes_echo/s	105 cpu_user_milliseconds	637 cpu_system_milliseconds	0 minor_page_faults/s	0 major_page_faults/s	52804 yields/s	0 preempts/s
195002 milliseconds	3410 MB/s	894 short_reads/s	0 short_writes_echo/s	85 cpu_user_milliseconds	664 cpu_system_milliseconds	0 minor_page_faults/s	0 major_page_faults/s	54792 yields/s	0 preempts/s
196002 milliseconds	3328 MB/s	682 short_reads/s	0 short_writes_echo/s	98 cpu_user_milliseconds	640 cpu_system_milliseconds	0 minor_page_faults/s	0 major_page_faults/s	53958 yields/s	15 preempts/s
197002 milliseconds	3419 MB/s	921 short_reads/s	0 short_writes_echo/s	95 cpu_user_milliseconds	655 cpu_system_milliseconds	0 minor_page_faults/s	0 major_page_faults/s	55117 yields/s	0 preempts/s
198002 milliseconds	3224 MB/s	1369 short_reads/s	0 short_writes_echo/s	91 cpu_user_milliseconds	656 cpu_system_milliseconds	0 minor_page_faults/s	0 major_page_faults/s	50871 yields/s	4 preempts/s
199002 milliseconds	3132 MB/s	6052 short_reads/s	0 short_writes_echo/s	85 cpu_user_milliseconds	612 cpu_system_milliseconds	0 minor_page_faults/s	0 major_page_faults/s	34547 yields/s	0 preempts/s
200002 milliseconds	3377 MB/s	510 short_reads/s	0 short_writes_echo/s	84 cpu_user_milliseconds	657 cpu_system_milliseconds	0 minor_page_faults/s	0 major_page_faults/s	54344 yields/s	0 preempts/s
201002 milliseconds	3306 MB/s	1795 short_reads/s	0 short_writes_echo/s	101 cpu_user_milliseconds	638 cpu_system_milliseconds	0 minor_page_faults/s	0 major_page_faults/s	49451 yields/s	2 preempts/s
202002 milliseconds	3232 MB/s	779 short_reads/s	0 short_writes_echo/s	80 cpu_user_milliseconds	662 cpu_system_milliseconds	0 minor_page_faults/s	0 major_page_faults/s	52094 yields/s	0 preempts/s
203002 milliseconds	3298 MB/s	893 short_reads/s	0 short_writes_echo/s	93 cpu_user_milliseconds	651 cpu_system_milliseconds	0 minor_page_faults/s	0 major_page_faults/s	53090 yields/s	1 preempts/s
204002 milliseconds	3279 MB/s	1404 short_reads/s	0 short_writes_echo/s	80 cpu_user_milliseconds	647 cpu_system_milliseconds	0 minor_page_faults/s	0 major_page_faults/s	51478 yields/s	0 preempts/s
205002 milliseconds	3422 MB/s	732 short_reads/s	0 short_writes_echo/s	94 cpu_user_milliseconds	655 cpu_system_milliseconds	0 minor_page_faults/s	0 major_page_faults/s	54888 yields/s	0 preempts/s
206002 milliseconds	3314 MB/s	2528 short_reads/s	0 short_writes_echo/s	89 cpu_user_milliseconds	640 cpu_system_milliseconds	0 minor_page_faults/s	0 major_page_faults/s	49798 yields/s	19 preempts/s
207002 milliseconds	3356 MB/s	778 short_reads/s	0 short_writes_echo/s	78 cpu_user_milliseconds	659 cpu_system_milliseconds	0 minor_page_faults/s	0 major_page_faults/s	54067 yields/s	1 preempts/s
208002 milliseconds	3174 MB/s	4608 short_reads/s	0 short_writes_echo/s	80 cpu_user_milliseconds	646 cpu_system_milliseconds	0 minor_page_faults/s	0 major_page_faults/s	43586 yields/s	2 preempts/s
209002 milliseconds	3340 MB/s	3611 short_reads/s	0 short_writes_echo/s	87 cpu_user_milliseconds	644 cpu_system_milliseconds	0 minor_page_faults/s	0 major_page_faults/s	48668 yields/s	0 preempts/s
210002 milliseconds	3325 MB/s	891 short_reads/s	0 short_writes_echo/s	98 cpu_user_milliseconds	643 cpu_system_milliseconds	0 minor_page_faults/s	0 major_page_faults/s	53662 yields/s	0 preempts/s
211002 milliseconds	3355 MB/s	1219 short_reads/s	0 short_writes_echo/s	91 cpu_user_milliseconds	648 cpu_system_milliseconds	0 minor_page_faults/s	0 major_page_faults/s	53668 yields/s	0 preempts/s
212002 milliseconds	3357 MB/s	717 short_reads/s	0 short_writes_echo/s	100 cpu_user_milliseconds	638 cpu_system_milliseconds	0 minor_page_faults/s	0 major_page_faults/s	54309 yields/s	1 preempts/s
213002 milliseconds	3236 MB/s	2747 short_reads/s	0 short_writes_echo/s	95 cpu_user_milliseconds	645 cpu_system_milliseconds	0 minor_page_faults/s	0 major_page_faults/s	50695 yields/s	0 preempts/s
214002 milliseconds	3298 MB/s	964 short_reads/s	0 short_writes_echo/s	83 cpu_user_milliseconds	657 cpu_system_milliseconds	0 minor_page_faults/s	0 major_page_faults/s	53270 yields/s	0 preempts/s
215002 milliseconds	3403 MB/s	985 short_reads/s	0 short_writes_echo/s	80 cpu_user_milliseconds	665 cpu_system_milliseconds	0 minor_page_faults/s	0 major_page_faults/s	55050 yields/s	0 preempts/s
216002 milliseconds	3318 MB/s	960 short_reads/s	0 short_writes_echo/s	100 cpu_user_milliseconds	644 cpu_system_milliseconds	0 minor_page_faults/s	0 major_page_faults/s	53010 yields/s	0 preempts/s
217002 milliseconds	3281 MB/s	1212 short_reads/s	0 short_writes_echo/s	91 cpu_user_milliseconds	653 cpu_system_milliseconds	0 minor_page_faults/s	0 major_page_faults/s	52343 yields/s	15 preempts/s
218002 milliseconds	3218 MB/s	794 short_reads/s	0 short_writes_echo/s	96 cpu_user_milliseconds	654 cpu_system_milliseconds	0 minor_page_faults/s	0 major_page_faults/s	52045 yields/s	1 preempts/s
219002 milliseconds	3331 MB/s	805 short_reads/s	0 short_writes_echo/s	87 cpu_user_milliseconds	665 cpu_system_milliseconds	0 minor_page_faults/s	0 major_page_faults/s	53675 yields/s	0 preempts/s
220002 milliseconds	3120 MB/s	8540 short_reads/s	0 short_writes_echo/s	85 cpu_user_milliseconds	600 cpu_system_milliseconds	0 minor_page_faults/s	0 major_page_faults/s	33133 yields/s	0 preempts/s
221002 milliseconds	3363 MB/s	820 short_reads/s	0 short_writes_echo/s	98 cpu_user_milliseconds	643 cpu_system_milliseconds	0 minor_page_faults/s	0 major_page_faults/s	54409 yields/s	0 preempts/s
222002 milliseconds	3427 MB/s	1043 short_reads/s	0 short_writes_echo/s	99 cpu_user_milliseconds	654 cpu_system_milliseconds	0 minor_page_faults/s	0 major_page_faults/s	55334 yields/s	0 preempts/s
223002 milliseconds	3139 MB/s	5486 short_reads/s	0 short_writes_echo/s	109 cpu_user_milliseconds	602 cpu_system_milliseconds	0 minor_page_faults/s	0 major_page_faults/s	40633 yields/s	0 preempts/s
224002 milliseconds	3336 MB/s	744 short_reads/s	0 short_writes_echo/s	86 cpu_user_milliseconds	660 cpu_system_milliseconds	0 minor_page_faults/s	0 major_page_faults/s	53683 yields/s	0 preempts/s
225002 milliseconds	3152 MB/s	4433 short_reads/s	0 short_writes_echo/s	101 cpu_user_milliseconds	597 cpu_system_milliseconds	0 minor_page_faults/s	0 major_page_faults/s	39165 yields/s	0 preempts/s
226002 milliseconds	3324 MB/s	1017 short_reads/s	0 short_writes_echo/s	78 cpu_user_milliseconds	669 cpu_system_milliseconds	0 minor_page_faults/s	0 major_page_faults/s	53037 yields/s	0 preempts/s
227002 milliseconds	3316 MB/s	834 short_reads/s	0 short_writes_echo/s	79 cpu_user_milliseconds	652 cpu_system_milliseconds	0 minor_page_faults/s	0 major_page_faults/s	53601 yields/s	0 preempts/s
228002 milliseconds	3134 MB/s	5828 short_reads/s	0 short_writes_echo/s	105 cpu_user_milliseconds	597 cpu_system_milliseconds	0 minor_page_faults/s	0 major_page_faults/s	38035 yields/s	3 preempts/s
229002 milliseconds	3390 MB/s	886 short_reads/s	0 short_writes_echo/s	96 cpu_user_milliseconds	654 cpu_system_milliseconds	0 minor_page_faults/s	0 major_page_faults/s	54535 yields/s	21 preempts/s
230002 milliseconds	3367 MB/s	450 short_reads/s	0 short_writes_echo/s	90 cpu_user_milliseconds	652 cpu_system_milliseconds	0 minor_page_faults/s	0 major_page_faults/s	54574 yields/s	0 preempts/s
231002 milliseconds	3400 MB/s	984 short_reads/s	0 short_writes_echo/s	81 cpu_user_milliseconds	669 cpu_system_milliseconds	0 minor_page_faults/s	0 major_page_faults/s	55108 yields/s	0 preempts/s
232002 milliseconds	3217 MB/s	677 short_reads/s	0 short_writes_echo/s	113 cpu_user_milliseconds	634 cpu_system_milliseconds	0 minor_page_faults/s	0 major_page_faults/s	51820 yields/s	0 preempts/s
233002 milliseconds	3306 MB/s	2453 short_reads/s	0 short_writes_echo/s	102 cpu_user_milliseconds	637 cpu_system_milliseconds	0 minor_page_faults/s	0 major_page_faults/s	52294 yields/s	14 preempts/s
234002 milliseconds	3344 MB/s	637 short_reads/s	0 short_writes_echo/s	86 cpu_user_milliseconds	661 cpu_system_milliseconds	0 minor_page_faults/s	0 major_page_faults/s	53852 yields/s	0 preempts/s
235002 milliseconds	3200 MB/s	468 short_reads/s	0 short_writes_echo/s	94 cpu_user_milliseconds	661 cpu_system_milliseconds	0 minor_page_faults/s	0 major_page_faults/s	51656 yields/s	0 preempts/s
236002 milliseconds	3317 MB/s	798 short_reads/s	0 short_writes_echo/s	86 cpu_user_milliseconds	642 cpu_system_milliseconds	0 minor_page_faults/s	0 major_page_faults/s	53821 yields/s	0 preempts/s
237002 milliseconds	3387 MB/s	1105 short_reads/s	0 short_writes_echo/s	93 cpu_user_milliseconds	651 cpu_system_milliseconds	0 minor_page_faults/s	0 major_page_faults/s	54667 yields/s	0 preempts/s
238002 milliseconds	3073 MB/s	4373 short_reads/s	0 short_writes_echo/s	90 cpu_user_milliseconds	623 cpu_system_milliseconds	0 minor_page_faults/s	0 major_page_faults/s	38791 yields/s	14 preempts/s
239002 milliseconds	3098 MB/s	7833 short_reads/s	0 short_writes_echo/s	95 cpu_user_milliseconds	590 cpu_system_milliseconds	0 minor_page_faults/s	0 major_page_faults/s	34999 yields/s	19 preempts/s
240002 milliseconds	3209 MB/s	5133 short_reads/s	0 short_writes_echo/s	97 cpu_user_milliseconds	609 cpu_system_milliseconds	0 minor_page_faults/s	0 major_page_faults/s	42314 yields/s	0 preempts/s
