1000 milliseconds	4369 MB/s	68771 short_reads/s	0 short_writes_echo/s	115 cpu_user_milliseconds	686 cpu_system_milliseconds	171 minor_page_faults/s	0 major_page_faults/s	32893 yields/s	13 preempts/s
2000 milliseconds	2932 MB/s	46173 short_reads/s	0 short_writes_echo/s	73 cpu_user_milliseconds	530 cpu_system_milliseconds	3 minor_page_faults/s	0 major_page_faults/s	33428 yields/s	3 preempts/s
3000 milliseconds	3064 MB/s	48271 short_reads/s	0 short_writes_echo/s	114 cpu_user_milliseconds	550 cpu_system_milliseconds	0 minor_page_faults/s	0 major_page_faults/s	33148 yields/s	0 preempts/s
4000 milliseconds	3031 MB/s	47746 short_reads/s	0 short_writes_echo/s	106 cpu_user_milliseconds	557 cpu_system_milliseconds	0 minor_page_faults/s	0 major_page_faults/s	33223 yields/s	0 preempts/s
5000 milliseconds	3100 MB/s	48828 short_reads/s	0 short_writes_echo/s	98 cpu_user_milliseconds	563 cpu_system_milliseconds	0 minor_page_faults/s	0 major_page_faults/s	34064 yields/s	0 preempts/s
6000 milliseconds	2987 MB/s	47020 short_reads/s	0 short_writes_echo/s	79 cpu_user_milliseconds	606 cpu_system_milliseconds	0 minor_page_faults/s	0 major_page_faults/s	30641 yields/s	2 preempts/s
7000 milliseconds	2948 MB/s	46441 short_reads/s	0 short_writes_echo/s	72 cpu_user_milliseconds	597 cpu_system_milliseconds	0 minor_page_faults/s	0 major_page_faults/s	31749 yields/s	1 preempts/s
8000 milliseconds	3050 MB/s	48043 short_reads/s	0 short_writes_echo/s	90 cpu_user_milliseconds	571 cpu_system_milliseconds	0 minor_page_faults/s	0 major_page_faults/s	33477 yields/s	3 preempts/s
9000 milliseconds	3049 MB/s	48036 short_reads/s	0 short_writes_echo/s	79 cpu_user_milliseconds	581 cpu_system_milliseconds	0 minor_page_faults/s	0 major_page_faults/s	33380 yields/s	0 preempts/s
10000 milliseconds	2918 MB/s	45962 short_reads/s	0 short_writes_echo/s	96 cpu_user_milliseconds	558 cpu_system_milliseconds	0 minor_page_faults/s	0 major_page_faults/s	31787 yields/s	0 preempts/s
11000 milliseconds	3024 MB/s	47619 short_reads/s	0 short_writes_echo/s	102 cpu_user_milliseconds	573 cpu_system_milliseconds	0 minor_page_faults/s	0 major_page_faults/s	31929 yields/s	0 preempts/s
12000 milliseconds	3078 MB/s	48478 short_reads/s	0 short_writes_echo/s	105 cpu_user_milliseconds	561 cpu_system_milliseconds	0 minor_page_faults/s	0 major_page_faults/s	32860 yields/s	3 preempts/s
13000 milliseconds	2990 MB/s	47110 short_reads/s	0 short_writes_echo/s	99 cpu_user_milliseconds	571 cpu_system_milliseconds	0 minor_page_faults/s	0 major_page_faults/s	32325 yields/s	0 preempts/s
14000 milliseconds	3069 MB/s	48337 short_reads/s	0 short_writes_echo/s	93 cpu_user_milliseconds	570 cpu_system_milliseconds	0 minor_page_faults/s	0 major_page_faults/s	33638 yields/s	0 preempts/s
15000 milliseconds	3090 MB/s	48672 short_reads/s	0 short_writes_echo/s	92 cpu_user_milliseconds	572 cpu_system_milliseconds	0 minor_page_faults/s	0 major_page_faults/s	33684 yields/s	0 preempts/s
16000 milliseconds	3074 MB/s	48407 short_reads/s	0 short_writes_echo/s	88 cpu_user_milliseconds	580 cpu_system_milliseconds	0 minor_page_faults/s	0 major_page_faults/s	32978 yields/s	4 preempts/s
17000 milliseconds	2959 MB/s	46612 short_reads/s	0 short_writes_echo/s	78 cpu_user_milliseconds	598 cpu_system_milliseconds	0 minor_page_faults/s	0 major_page_faults/s	31673 yields/s	0 preempts/s
18000 milliseconds	3021 MB/s	47582 short_reads/s	0 short_writes_echo/s	101 cpu_user_milliseconds	567 cpu_system_milliseconds	0 minor_page_faults/s	0 major_page_faults/s	32868 yields/s	0 preempts/s
19000 milliseconds	3091 MB/s	48683 short_reads/s	0 short_writes_echo/s	105 cpu_user_milliseconds	566 cpu_system_milliseconds	0 minor_page_faults/s	0 major_page_faults/s	33169 yields/s	1 preempts/s
20000 milliseconds	2864 MB/s	45122 short_reads/s	0 short_writes_echo/s	91 cpu_user_milliseconds	582 cpu_system_milliseconds	0 minor_page_faults/s	0 major_page_faults/s	30628 yields/s	3 preempts/s
21000 milliseconds	2966 MB/s	46726 short_reads/s	0 short_writes_echo/s	114 cpu_user_milliseconds	558 cpu_system_milliseconds	0 minor_page_faults/s	0 major_page_faults/s	31795 yields/s	1 preempts/s
22000 milliseconds	3027 MB/s	47664 short_reads/s	0 short_writes_echo/s	92 cpu_user_milliseconds	576 cpu_system_milliseconds	0 minor_page_faults/s	0 major_page_faults/s	32689 yields/s	2 preempts/s
23000 milliseconds	3096 MB/s	48763 short_reads/s	0 short_writes_echo/s	103 cpu_user_milliseconds	564 cpu_system_milliseconds	0 minor_page_faults/s	0 major_page_faults/s	33510 yields/s	0 preempts/s
24000 milliseconds	3089 MB/s	48663 short_reads/s	0 short_writes_echo/s	90 cpu_user_milliseconds	576 cpu_system_milliseconds	0 minor_page_faults/s	0 major_page_faults/s	33584 yields/s	0 preempts/s
25000 milliseconds	3117 MB/s	49098 short_reads/s	0 short_writes_echo/s	87 cpu_user_milliseconds	581 cpu_system_milliseconds	0 minor_page_faults/s	0 major_page_faults/s	33626 yields/s	0 preempts/s
26000 milliseconds	2979 MB/s	46899 short_reads/s	0 short_writes_echo/s	94 cpu_user_milliseconds	579 cpu_system_milliseconds	0 minor_page_faults/s	0 major_page_faults/s	31408 yields/s	41 preempts/s
27000 milliseconds	3052 MB/s	48065 short_reads/s	0 short_writes_echo/s	82 cpu_user_milliseconds	584 cpu_system_milliseconds	0 minor_page_faults/s	0 major_page_faults/s	32884 yields/s	8 preempts/s
28000 milliseconds	3000 MB/s	47264 short_reads/s	0 short_writes_echo/s	84 cpu_user_milliseconds	585 cpu_system_milliseconds	0 minor_page_faults/s	0 major_page_faults/s	32658 yields/s	0 preempts/s
29000 milliseconds	3047 MB/s	47995 short_reads/s	0 short_writes_echo/s	84 cpu_user_milliseconds	580 cpu_system_milliseconds	0 minor_page_faults/s	0 major_page_faults/s	33442 yields/s	0 preempts/s
30000 milliseconds	3053 MB/s	48094 short_reads/s	0 short_writes_echo/s	92 cpu_user_milliseconds	567 cpu_system_milliseconds	0 minor_page_faults/s	0 major_page_faults/s	33586 yields/s	0 preempts/s
31000 milliseconds	3084 MB/s	48572 short_reads/s	0 short_writes_echo/s	81 cpu_user_milliseconds	589 cpu_system_milliseconds	0 minor_page_faults/s	0 major_page_faults/s	32772 yields/s	1 preempts/s
32000 milliseconds	3060 MB/s	48203 short_reads/s	0 short_writes_echo/s	94 cpu_user_milliseconds	577 cpu_system_milliseconds	0 minor_page_faults/s	0 major_page_faults/s	32469 yields/s	13 preempts/s
33000 milliseconds	3106 MB/s	48914 short_reads/s	0 short_writes_echo/s	94 cpu_user_milliseconds	575 cpu_system_milliseconds	0 minor_page_faults/s	0 major_page_faults/s	33078 yields/s	22 preempts/s
34000 milliseconds	3110 MB/s	48983 short_reads/s	0 short_writes_echo/s	104 cpu_user_milliseconds	566 cpu_system_milliseconds	0 minor_page_faults/s	0 major_page_faults/s	33169 yields/s	0 preempts/s
35000 milliseconds	2979 MB/s	46923 short_reads/s	0 short_writes_echo/s	87 cpu_user_milliseconds	590 cpu_system_milliseconds	0 minor_page_faults/s	0 major_page_faults/s	31772 yields/s	0 preempts/s
36000 milliseconds	3077 MB/s	48461 short_reads/s	0 short_writes_echo/s	89 cpu_user_milliseconds	578 cpu_system_milliseconds	0 minor_page_faults/s	0 major_page_faults/s	32824 yields/s	0 preempts/s
37000 milliseconds	2964 MB/s	46684 short_reads/s	0 short_writes_echo/s	94 cpu_user_milliseconds	584 cpu_system_milliseconds	0 minor_page_faults/s	0 major_page_faults/s	31565 yields/s	19 preempts/s
38000 milliseconds	2963 MB/s	46661 short_reads/s	0 short_writes_echo/s	89 cpu_user_milliseconds	540 cpu_system_milliseconds	0 minor_page_faults/s	0 major_page_faults/s	29998 yields/s	46 preempts/s
39000 milliseconds	2973 MB/s	46831 short_reads/s	0 short_writes_echo/s	77 cpu_user_milliseconds	545 cpu_system_milliseconds	0 minor_page_faults/s	0 major_page_faults/s	30599 yields/s	0 preempts/s
40000 milliseconds	2929 MB/s	46142 short_reads/s	0 short_writes_echo/s	82 cpu_user_milliseconds	536 cpu_system_milliseconds	0 minor_page_faults/s	0 major_page_faults/s	30242 yields/s	18 preempts/s
41000 milliseconds	2915 MB/s	45897 short_reads/s	0 short_writes_echo/s	94 cpu_user_milliseconds	520 cpu_system_milliseconds	0 minor_page_faults/s	0 major_page_faults/s	29891 yields/s	36 preempts/s
42000 milliseconds	2906 MB/s	45767 short_reads/s	0 short_writes_echo/s	88 cpu_user_milliseconds	540 cpu_system_milliseconds	0 minor_page_faults/s	0 major_page_faults/s	29218 yields/s	7 preempts/s
43000 milliseconds	2882 MB/s	45392 short_reads/s	0 short_writes_echo/s	75 cpu_user_milliseconds	547 cpu_system_milliseconds	0 minor_page_faults/s	0 major_page_faults/s	29790 yields/s	0 preempts/s
44000 milliseconds	2869 MB/s	45188 short_reads/s	0 short_writes_echo/s	96 cpu_user_milliseconds	513 cpu_system_milliseconds	0 minor_page_faults/s	0 major_page_faults/s	29743 yields/s	0 preempts/s
45000 milliseconds	2960 MB/s	46631 short_reads/s	0 short_writes_echo/s	90 cpu_user_milliseconds	532 cpu_system_milliseconds	0 minor_page_faults/s	0 major_page_faults/s	30133 yields/s	0 preempts/s
46000 milliseconds	2956 MB/s	46536 short_reads/s	0 short_writes_echo/s	96 cpu_user_milliseconds	534 cpu_system_milliseconds	0 minor_page_faults/s	0 major_page_faults/s	28846 yields/s	12 preempts/s
47000 milliseconds	2811 MB/s	44282 short_reads/s	0 short_writes_echo/s	84 cpu_user_milliseconds	541 cpu_system_milliseconds	0 minor_page_faults/s	0 major_page_faults/s	28830 yields/s	3 preempts/s
48000 milliseconds	2958 MB/s	46583 short_reads/s	0 short_writes_echo/s	86 cpu_user_milliseconds	537 cpu_system_milliseconds	0 minor_page_faults/s	0 major_page_faults/s	29817 yields/s	20 preempts/s
49000 milliseconds	3143 MB/s	49502 short_reads/s	0 short_writes_echo/s	93 cpu_user_milliseconds	572 cpu_system_milliseconds	0 minor_page_faults/s	0 major_page_faults/s	33597 yields/s	19 preempts/s
50000 milliseconds	3095 MB/s	48744 short_reads/s	0 short_writes_echo/s	77 cpu_user_milliseconds	584 cpu_system_milliseconds	0 minor_page_faults/s	0 major_page_faults/s	33272 yields/s	49 preempts/s
51000 milliseconds	3063 MB/s	48249 short_reads/s	0 short_writes_echo/s	91 cpu_user_milliseconds	572 cpu_system_milliseconds	0 minor_page_faults/s	0 major_page_faults/s	33161 yields/s	0 preempts/s
52000 milliseconds	3085 MB/s	48578 short_reads/s	0 short_writes_echo/s	93 cpu_user_milliseconds	577 cpu_system_milliseconds	0 minor_page_faults/s	0 major_page_faults/s	32811 yields/s	6 preempts/s
53000 milliseconds	3137 MB/s	49417 short_reads/s	0 short_writes_echo/s	104 cpu_user_milliseconds	563 cpu_system_milliseconds	0 minor_page_faults/s	0 major_page_faults/s	34239 yields/s	0 preempts/s
54000 milliseconds	3078 MB/s	48489 short_reads/s	0 short_writes_echo/s	101 cpu_user_milliseconds	564 cpu_system_milliseconds	0 minor_page_faults/s	0 major_page_faults/s	33554 yields/s	0 preempts/s
55000 milliseconds	3105 MB/s	48908 short_reads/s	0 short_writes_echo/s	98 cpu_user_milliseconds	568 cpu_system_milliseconds	0 minor_page_faults/s	0 major_page_faults/s	33598 yields/s	0 preempts/s
56000 milliseconds	3056 MB/s	48113 short_reads/s	0 short_writes_echo/s	87 cpu_user_milliseconds	586 cpu_system_milliseconds	0 minor_page_faults/s	0 major_page_faults/s	32508 yields/s	0 preempts/s
57000 milliseconds	3096 MB/s	48756 short_reads/s	0 short_writes_echo/s	98 cpu_user_milliseconds	573 cpu_system_milliseconds	0 minor_page_faults/s	0 major_page_faults/s	32693 yields/s	13 preempts/s
58000 milliseconds	3105 MB/s	48910 short_reads/s	0 short_writes_echo/s	94 cpu_user_milliseconds	577 cpu_system_milliseconds	0 minor_page_faults/s	0 major_page_faults/s	33285 yields/s	0 preempts/s
59000 milliseconds	3064 MB/s	48266 short_reads/s	0 short_writes_echo/s	81 cpu_user_milliseconds	593 cpu_system_milliseconds	0 minor_page_faults/s	0 major_page_faults/s	32941 yields/s	0 preempts/s
60000 milliseconds	3118 MB/s	49119 short_reads/s	0 short_writes_echo/s	95 cpu_user_milliseconds	574 cpu_system_milliseconds	0 minor_page_faults/s	0 major_page_faults/s	33568 yields/s	0 preempts/s
61001 milliseconds	3102 MB/s	48859 short_reads/s	0 short_writes_echo/s	94 cpu_user_milliseconds	579 cpu_system_milliseconds	0 minor_page_faults/s	0 major_page_faults/s	32758 yields/s	0 preempts/s
62001 milliseconds	2947 MB/s	46391 short_reads/s	0 short_writes_echo/s	104 cpu_user_milliseconds	520 cpu_system_milliseconds	0 minor_page_faults/s	0 major_page_faults/s	29582 yields/s	63 preempts/s
63001 milliseconds	2981 MB/s	46934 short_reads/s	0 short_writes_echo/s	86 cpu_user_milliseconds	533 cpu_system_milliseconds	0 minor_page_faults/s	0 major_page_faults/s	29874 yields/s	0 preempts/s
64001 milliseconds	2958 MB/s	46586 short_reads/s	0 short_writes_echo/s	79 cpu_user_milliseconds	538 cpu_system_milliseconds	0 minor_page_faults/s	0 major_page_faults/s	29701 yields/s	0 preempts/s
65001 milliseconds	2839 MB/s	44726 short_reads/s	0 short_writes_echo/s	74 cpu_user_milliseconds	561 cpu_system_milliseconds	0 minor_page_faults/s	0 major_page_faults/s	27812 yields/s	0 preempts/s
66001 milliseconds	2964 MB/s	46678 short_reads/s	0 short_writes_echo/s	83 cpu_user_milliseconds	537 cpu_system_milliseconds	0 minor_page_faults/s	0 major_page_faults/s	29466 yields/s	3 preempts/s
67001 milliseconds	3067 MB/s	48296 short_reads/s	0 short_writes_echo/s	73 cpu_user_milliseconds	597 cpu_system_milliseconds	0 minor_page_faults/s	0 major_page_faults/s	32379 yields/s	13 preempts/s
68001 milliseconds	3086 MB/s	48618 short_reads/s	0 short_writes_echo/s	82 cpu_user_milliseconds	581 cpu_system_milliseconds	0 minor_page_faults/s	0 major_page_faults/s	33621 yields/s	0 preempts/s
69001 milliseconds	3027 MB/s	47687 short_reads/s	0 short_writes_echo/s	95 cpu_user_milliseconds	576 cpu_system_milliseconds	0 minor_page_faults/s	0 major_page_faults/s	32751 yields/s	1 preempts/s
70001 milliseconds	2991 MB/s	47119 short_reads/s	0 short_writes_echo/s	86 cpu_user_milliseconds	563 cpu_system_milliseconds	0 minor_page_faults/s	0 major_page_faults/s	33028 yields/s	0 preempts/s
71001 milliseconds	3031 MB/s	47735 short_reads/s	0 short_writes_echo/s	90 cpu_user_milliseconds	577 cpu_system_milliseconds	0 minor_page_faults/s	0 major_page_faults/s	32631 yields/s	2 preempts/s
72001 milliseconds	2970 MB/s	46791 short_reads/s	0 short_writes_echo/s	99 cpu_user_milliseconds	568 cpu_system_milliseconds	0 minor_page_faults/s	0 major_page_faults/s	31837 yields/s	11 preempts/s
73001 milliseconds	3098 MB/s	48786 short_reads/s	0 short_writes_echo/s	89 cpu_user_milliseconds	579 cpu_system_milliseconds	0 minor_page_faults/s	0 major_page_faults/s	32806 yields/s	12 preempts/s
74001 milliseconds	3076 MB/s	48454 short_reads/s	0 short_writes_echo/s	102 cpu_user_milliseconds	565 cpu_system_milliseconds	0 minor_page_faults/s	0 major_page_faults/s	32841 yields/s	0 preempts/s
75001 milliseconds	3096 MB/s	48745 short_reads/s	0 short_writes_echo/s	105 cpu_user_milliseconds	562 cpu_system_milliseconds	0 minor_page_faults/s	0 major_page_faults/s	32873 yields/s	23 preempts/s
76001 milliseconds	3059 MB/s	48174 short_reads/s	0 short_writes_echo/s	105 cpu_user_milliseconds	558 cpu_system_milliseconds	0 minor_page_faults/s	0 major_page_faults/s	33049 yields/s	21 preempts/s
77001 milliseconds	3049 MB/s	48031 short_reads/s	0 short_writes_echo/s	79 cpu_user_milliseconds	586 cpu_system_milliseconds	0 minor_page_faults/s	0 major_page_faults/s	32944 yields/s	5 preempts/s
78001 milliseconds	2984 MB/s	47006 short_reads/s	0 short_writes_echo/s	83 cpu_user_milliseconds	589 cpu_system_milliseconds	0 minor_page_faults/s	0 major_page_faults/s	31720 yields/s	4 preempts/s
79001 milliseconds	3083 MB/s	48559 short_reads/s	0 short_writes_echo/s	90 cpu_user_milliseconds	580 cpu_system_milliseconds	0 minor_page_faults/s	0 major_page_faults/s	33013 yields/s	1 preempts/s
80001 milliseconds	2995 MB/s	47175 short_reads/s	0 short_writes_echo/s	94 cpu_user_milliseconds	570 cpu_system_milliseconds	0 minor_page_faults/s	0 major_page_faults/s	32591 yields/s	0 preempts/s
81001 milliseconds	3028 MB/s	47695 short_reads/s	0 short_writes_echo/s	92 cpu_user_milliseconds	566 cpu_system_milliseconds	0 minor_page_faults/s	0 major_page_faults/s	33438 yields/s	3 preempts/s
82001 milliseconds	3048 MB/s	48012 short_reads/s	0 short_writes_echo/s	96 cpu_user_milliseconds	567 cpu_system_milliseconds	0 minor_page_faults/s	0 major_page_faults/s	33074 yields/s	0 preempts/s
83001 milliseconds	3030 MB/s	47721 short_reads/s	0 short_writes_echo/s	102 cpu_user_milliseconds	574 cpu_system_milliseconds	0 minor_page_faults/s	0 major_page_faults/s	31912 yields/s	0 preempts/s
84001 milliseconds	3102 MB/s	48871 short_reads/s	0 short_writes_echo/s	97 cpu_user_milliseconds	570 cpu_system_milliseconds	0 minor_page_faults/s	0 major_page_faults/s	33544 yields/s	0 preempts/s
85001 milliseconds	3013 MB/s	47465 short_reads/s	0 short_writes_echo/s	96 cpu_user_milliseconds	574 cpu_system_milliseconds	0 minor_page_faults/s	0 major_page_faults/s	32487 yields/s	1 preempts/s
86001 milliseconds	2939 MB/s	46285 short_reads/s	0 short_writes_echo/s	95 cpu_user_milliseconds	587 cpu_system_milliseconds	0 minor_page_faults/s	0 major_page_faults/s	30507 yields/s	3 preempts/s
87001 milliseconds	2912 MB/s	45875 short_reads/s	0 short_writes_echo/s	99 cpu_user_milliseconds	581 cpu_system_milliseconds	0 minor_page_faults/s	0 major_page_faults/s	30474 yields/s	1 preempts/s
88001 milliseconds	3066 MB/s	48298 short_reads/s	0 short_writes_echo/s	81 cpu_user_milliseconds	586 cpu_system_milliseconds	0 minor_page_faults/s	0 major_page_faults/s	33036 yields/s	0 preempts/s
89001 milliseconds	3077 MB/s	48465 short_reads/s	0 short_writes_echo/s	95 cpu_user_milliseconds	577 cpu_system_milliseconds	0 minor_page_faults/s	0 major_page_faults/s	32834 yields/s	1 preempts/s
90001 milliseconds	3091 MB/s	48692 short_reads/s	0 short_writes_echo/s	101 cpu_user_milliseconds	562 cpu_system_milliseconds	0 minor_page_faults/s	0 major_page_faults/s	33231 yields/s	0 preempts/s
91001 milliseconds	3060 MB/s	48196 short_reads/s	0 short_writes_echo/s	90 cpu_user_milliseconds	586 cpu_system_milliseconds	0 minor_page_faults/s	0 major_page_faults/s	31664 yields/s	7 preempts/s
92001 milliseconds	3032 MB/s	47744 short_reads/s	0 short_writes_echo/s	81 cpu_user_milliseconds	588 cpu_system_milliseconds	0 minor_page_faults/s	0 major_page_faults/s	32212 yields/s	1 preempts/s
93001 milliseconds	3096 MB/s	48765 short_reads/s	0 short_writes_echo/s	103 cpu_user_milliseconds	559 cpu_system_milliseconds	0 minor_page_faults/s	0 major_page_faults/s	33777 yields/s	2 preempts/s
94001 milliseconds	3001 MB/s	47272 short_reads/s	0 short_writes_echo/s	87 cpu_user_milliseconds	577 cpu_system_milliseconds	0 minor_page_faults/s	0 major_page_faults/s	32540 yields/s	0 preempts/s
95001 milliseconds	3108 MB/s	48965 short_reads/s	0 short_writes_echo/s	94 cpu_user_milliseconds	576 cpu_system_milliseconds	0 minor_page_faults/s	0 major_page_faults/s	33300 yields/s	0 preempts/s
96001 milliseconds	3056 MB/s	48133 short_reads/s	0 short_writes_echo/s	103 cpu_user_milliseconds	574 cpu_system_milliseconds	0 minor_page_faults/s	0 major_page_faults/s	32084 yields/s	0 preempts/s
97001 milliseconds	2907 MB/s	45773 short_reads/s	0 short_writes_echo/s	80 cpu_user_milliseconds	607 cpu_system_milliseconds	0 minor_page_faults/s	0 major_page_faults/s	29872 yields/s	0 preempts/s
98001 milliseconds	3070 MB/s	48364 short_reads/s	0 short_writes_echo/s	106 cpu_user_milliseconds	560 cpu_system_milliseconds	0 minor_page_faults/s	0 major_page_faults/s	33144 yields/s	0 preempts/s
99001 milliseconds	3077 MB/s	48478 short_reads/s	0 short_writes_echo/s	82 cpu_user_milliseconds	579 cpu_system_milliseconds	0 minor_page_faults/s	0 major_page_faults/s	33564 yields/s	0 preempts/s
100001 milliseconds	3116 MB/s	49088 short_reads/s	0 short_writes_echo/s	105 cpu_user_milliseconds	560 cpu_system_milliseconds	0 minor_page_faults/s	0 major_page_faults/s	33526 yields/s	0 preempts/s
101001 milliseconds	3068 MB/s	48332 short_reads/s	0 short_writes_echo/s	97 cpu_user_milliseconds	570 cpu_system_milliseconds	0 minor_page_faults/s	0 major_page_faults/s	32991 yields/s	0 preempts/s
102001 milliseconds	3056 MB/s	48135 short_reads/s	0 short_writes_echo/s	80 cpu_user_milliseconds	588 cpu_system_milliseconds	0 minor_page_faults/s	0 major_page_faults/s	32803 yields/s	2 preempts/s
103001 milliseconds	3083 MB/s	48567 short_reads/s	0 short_writes_echo/s	86 cpu_user_milliseconds	581 cpu_system_milliseconds	0 minor_page_faults/s	0 major_page_faults/s	33223 yields/s	0 preempts/s
104001 milliseconds	2944 MB/s	46383 short_reads/s	0 short_writes_echo/s	104 cpu_user_milliseconds	550 cpu_system_milliseconds	0 minor_page_faults/s	0 major_page_faults/s	31969 yields/s	0 preempts/s
105001 milliseconds	3051 MB/s	48062 short_reads/s	0 short_writes_echo/s	81 cpu_user_milliseconds	582 cpu_system_milliseconds	0 minor_page_faults/s	0 major_page_faults/s	33207 yields/s	0 preempts/s
106001 milliseconds	3083 MB/s	48541 short_reads/s	0 short_writes_echo/s	77 cpu_user_milliseconds	594 cpu_system_milliseconds	0 minor_page_faults/s	0 major_page_faults/s	32449 yields/s	0 preempts/s
107001 milliseconds	2910 MB/s	45843 short_reads/s	0 short_writes_echo/s	80 cpu_user_milliseconds	589 cpu_system_milliseconds	0 minor_page_faults/s	0 major_page_faults/s	31201 yields/s	10 preempts/s
108001 milliseconds	3104 MB/s	48891 short_reads/s	0 short_writes_echo/s	102 cpu_user_milliseconds	565 cpu_system_milliseconds	0 minor_page_faults/s	0 major_page_faults/s	33398 yields/s	0 preempts/s
109001 milliseconds	3083 MB/s	48561 short_reads/s	0 short_writes_echo/s	86 cpu_user_milliseconds	578 cpu_system_milliseconds	0 minor_page_faults/s	0 major_page_faults/s	33236 yields/s	0 preempts/s
110001 milliseconds	3077 MB/s	48465 short_reads/s	0 short_writes_echo/s	90 cpu_user_milliseconds	575 cpu_system_milliseconds	0 minor_page_faults/s	0 major_page_faults/s	33074 yields/s	6 preempts/s
111001 milliseconds	3055 MB/s	48103 short_reads/s	0 short_writes_echo/s	91 cpu_user_milliseconds	579 cpu_system_milliseconds	0 minor_page_faults/s	0 major_page_faults/s	32329 yields/s	12 preempts/s
112001 milliseconds	2922 MB/s	46011 short_reads/s	0 short_writes_echo/s	89 cpu_user_milliseconds	593 cpu_system_milliseconds	0 minor_page_faults/s	0 major_page_faults/s	30253 yields/s	35 preempts/s
113001 milliseconds	3084 MB/s	48581 short_reads/s	0 short_writes_echo/s	92 cpu_user_milliseconds	573 cpu_system_milliseconds	0 minor_page_faults/s	0 major_page_faults/s	33270 yields/s	8 preempts/s
114001 milliseconds	3002 MB/s	47295 short_reads/s	0 short_writes_echo/s	92 cpu_user_milliseconds	579 cpu_system_milliseconds	0 minor_page_faults/s	0 major_page_faults/s	32101 yields/s	0 preempts/s
115001 milliseconds	3047 MB/s	47995 short_reads/s	0 short_writes_echo/s	101 cpu_user_milliseconds	566 cpu_system_milliseconds	0 minor_page_faults/s	0 major_page_faults/s	32879 yields/s	0 preempts/s
116001 milliseconds	3017 MB/s	47531 short_reads/s	0 short_writes_echo/s	96 cpu_user_milliseconds	570 cpu_system_milliseconds	0 minor_page_faults/s	0 major_page_faults/s	32540 yields/s	2 preempts/s
117001 milliseconds	3020 MB/s	47581 short_reads/s	0 short_writes_echo/s	98 cpu_user_milliseconds	571 cpu_system_milliseconds	0 minor_page_faults/s	0 major_page_faults/s	32492 yields/s	3 preempts/s
118001 milliseconds	3062 MB/s	48242 short_reads/s	0 short_writes_echo/s	87 cpu_user_milliseconds	570 cpu_system_milliseconds	0 minor_page_faults/s	0 major_page_faults/s	33389 yields/s	0 preempts/s
119002 milliseconds	3101 MB/s	48852 short_reads/s	0 short_writes_echo/s	104 cpu_user_milliseconds	563 cpu_system_milliseconds	0 minor_page_faults/s	0 major_page_faults/s	33529 yields/s	0 preempts/s
120002 milliseconds	3090 MB/s	48677 short_reads/s	0 short_writes_echo/s	94 cpu_user_milliseconds	576 cpu_system_milliseconds	0 minor_page_faults/s	0 major_page_faults/s	33203 yields/s	0 preempts/s
121002 milliseconds	3056 MB/s	48133 short_reads/s	0 short_writes_echo/s	89 cpu_user_milliseconds	585 cpu_system_milliseconds	0 minor_page_faults/s	0 major_page_faults/s	32402 yields/s	0 preempts/s
122002 milliseconds	3037 MB/s	47827 short_reads/s	0 short_writes_echo/s	84 cpu_user_milliseconds	589 cpu_system_milliseconds	0 minor_page_faults/s	0 major_page_faults/s	31920 yields/s	48 preempts/s
123002 milliseconds	3113 MB/s	49031 short_reads/s	0 short_writes_echo/s	86 cpu_user_milliseconds	581 cpu_system_milliseconds	0 minor_page_faults/s	0 major_page_faults/s	33480 yields/s	1 preempts/s
124002 milliseconds	3071 MB/s	48374 short_reads/s	0 short_writes_echo/s	97 cpu_user_milliseconds	575 cpu_system_milliseconds	0 minor_page_faults/s	0 major_page_faults/s	32545 yields/s	0 preempts/s
125002 milliseconds	3078 MB/s	48485 short_reads/s	0 short_writes_echo/s	101 cpu_user_milliseconds	557 cpu_system_milliseconds	0 minor_page_faults/s	0 major_page_faults/s	33836 yields/s	18 preempts/s
126002 milliseconds	3053 MB/s	48084 short_reads/s	0 short_writes_echo/s	108 cpu_user_milliseconds	558 cpu_system_milliseconds	0 minor_page_faults/s	0 major_page_faults/s	32981 yields/s	11 preempts/s
127002 milliseconds	3070 MB/s	48352 short_reads/s	0 short_writes_echo/s	96 cpu_user_milliseconds	565 cpu_system_milliseconds	0 minor_page_faults/s	0 major_page_faults/s	33302 yields/s	10 preempts/s
128002 milliseconds	3107 MB/s	48941 short_reads/s	0 short_writes_echo/s	73 cpu_user_milliseconds	593 cpu_system_milliseconds	0 minor_page_faults/s	0 major_page_faults/s	33511 yields/s	1 preempts/s
129002 milliseconds	3087 MB/s	48607 short_reads/s	0 short_writes_echo/s	97 cpu_user_milliseconds	576 cpu_system_milliseconds	0 minor_page_faults/s	0 major_page_faults/s	32424 yields/s	20 preempts/s
130002 milliseconds	3017 MB/s	47455 short_reads/s	0 short_writes_echo/s	93 cpu_user_milliseconds	596 cpu_system_milliseconds	0 minor_page_faults/s	0 major_page_faults/s	30349 yields/s	4 preempts/s
131002 milliseconds	3068 MB/s	48311 short_reads/s	0 short_writes_echo/s	81 cpu_user_milliseconds	585 cpu_system_milliseconds	0 minor_page_faults/s	0 major_page_faults/s	32978 yields/s	0 preempts/s
132002 milliseconds	2986 MB/s	47039 short_reads/s	0 short_writes_echo/s	97 cpu_user_milliseconds	563 cpu_system_milliseconds	0 minor_page_faults/s	0 major_page_faults/s	32753 yields/s	16 preempts/s
133002 milliseconds	2943 MB/s	46365 short_reads/s	0 short_writes_echo/s	99 cpu_user_milliseconds	575 cpu_system_milliseconds	0 minor_page_faults/s	0 major_page_faults/s	31688 yields/s	2 preempts/s
134002 milliseconds	3041 MB/s	47878 short_reads/s	0 short_writes_echo/s	93 cpu_user_milliseconds	572 cpu_system_milliseconds	0 minor_page_faults/s	0 major_page_faults/s	32655 yields/s	47 preempts/s
135002 milliseconds	3085 MB/s	48594 short_reads/s	0 short_writes_echo/s	72 cpu_user_milliseconds	593 cpu_system_milliseconds	0 minor_page_faults/s	0 major_page_faults/s	33179 yields/s	21 preempts/s
136002 milliseconds	3076 MB/s	48441 short_reads/s	0 short_writes_echo/s	106 cpu_user_milliseconds	563 cpu_system_milliseconds	0 minor_page_faults/s	0 major_page_faults/s	32566 yields/s	0 preempts/s
137002 milliseconds	3056 MB/s	48144 short_reads/s	0 short_writes_echo/s	81 cpu_user_milliseconds	580 cpu_system_milliseconds	0 minor_page_faults/s	0 major_page_faults/s	33408 yields/s	0 preempts/s
138002 milliseconds	3089 MB/s	48662 short_reads/s	0 short_writes_echo/s	94 cpu_user_milliseconds	569 cpu_system_milliseconds	0 minor_page_faults/s	0 major_page_faults/s	33480 yields/s	0 preempts/s
139002 milliseconds	3025 MB/s	47640 short_reads/s	0 short_writes_echo/s	114 cpu_user_milliseconds	553 cpu_system_milliseconds	0 minor_page_faults/s	0 major_page_faults/s	32403 yields/s	24 preempts/s
140002 milliseconds	2947 MB/s	46419 short_reads/s	0 short_writes_echo/s	87 cpu_user_milliseconds	583 cpu_system_milliseconds	0 minor_page_faults/s	0 major_page_faults/s	31730 yields/s	0 preempts/s
141002 milliseconds	3122 MB/s	49132 short_reads/s	0 short_writes_echo/s	98 cpu_user_milliseconds	578 cpu_system_milliseconds	0 minor_page_faults/s	0 major_page_faults/s	32056 yields/s	18 preempts/s
142002 milliseconds	3051 MB/s	48047 short_reads/s	0 short_writes_echo/s	83 cpu_user_milliseconds	586 cpu_system_milliseconds	0 minor_page_faults/s	0 major_page_faults/s	32166 yields/s	1 preempts/s
143002 milliseconds	3085 MB/s	48593 short_reads/s	0 short_writes_echo/s	107 cpu_user_milliseconds	564 cpu_system_milliseconds	0 minor_page_faults/s	0 major_page_faults/s	33059 yields/s	0 preempts/s
144002 milliseconds	3009 MB/s	47399 short_reads/s	0 short_writes_echo/s	96 cpu_user_milliseconds	578 cpu_system_milliseconds	0 minor_page_faults/s	0 major_page_faults/s	31959 yields/s	0 preempts/s
145002 milliseconds	3011 MB/s	47436 short_reads/s	0 short_writes_echo/s	91 cpu_user_milliseconds	581 cpu_system_milliseconds	0 minor_page_faults/s	0 major_page_faults/s	32256 yields/s	1 preempts/s
146002 milliseconds	3048 MB/s	48017 short_reads/s	0 short_writes_echo/s	105 cpu_user_milliseconds	561 cpu_system_milliseconds	0 minor_page_faults/s	0 major_page_faults/s	33114 yields/s	0 preempts/s
147002 milliseconds	3064 MB/s	48261 short_reads/s	0 short_writes_echo/s	83 cpu_user_milliseconds	578 cpu_system_milliseconds	0 minor_page_faults/s	0 major_page_faults/s	33694 yields/s	1 preempts/s
148002 milliseconds	3089 MB/s	48660 short_reads/s	0 short_writes_echo/s	88 cpu_user_milliseconds	580 cpu_system_milliseconds	0 minor_page_faults/s	0 major_page_faults/s	33193 yields/s	0 preempts/s
149002 milliseconds	3034 MB/s	47791 short_reads/s	0 short_writes_echo/s	91 cpu_user_milliseconds	579 cpu_system_milliseconds	0 minor_page_faults/s	0 major_page_faults/s	32769 yields/s	0 preempts/s
150002 milliseconds	3068 MB/s	48326 short_reads/s	0 short_writes_echo/s	89 cpu_user_milliseconds	572 cpu_system_milliseconds	0 minor_page_faults/s	0 major_page_faults/s	33553 yields/s	0 preempts/s
151002 milliseconds	2935 MB/s	46224 short_reads/s	0 short_writes_echo/s	86 cpu_user_milliseconds	595 cpu_system_milliseconds	0 minor_page_faults/s	0 major_page_faults/s	30931 yields/s	1 preempts/s
152002 milliseconds	3102 MB/s	48856 short_reads/s	0 short_writes_echo/s	97 cpu_user_milliseconds	570 cpu_system_milliseconds	0 minor_page_faults/s	0 major_page_faults/s	33135 yields/s	31 preempts/s
153002 milliseconds	3099 MB/s	48824 short_reads/s	0 short_writes_echo/s	85 cpu_user_milliseconds	579 cpu_system_milliseconds	0 minor_page_faults/s	0 major_page_faults/s	33713 yields/s	0 preempts/s
154002 milliseconds	3070 MB/s	48367 short_reads/s	0 short_writes_echo/s	90 cpu_user_milliseconds	576 cpu_system_milliseconds	0 minor_page_faults/s	0 major_page_faults/s	33085 yields/s	8 preempts/s
155002 milliseconds	3095 MB/s	48749 short_reads/s	0 short_writes_echo/s	97 cpu_user_milliseconds	566 cpu_system_milliseconds	0 minor_page_faults/s	0 major_page_faults/s	33839 yields/s	0 preempts/s
156002 milliseconds	3058 MB/s	48146 short_reads/s	0 short_writes_echo/s	91 cpu_user_milliseconds	587 cpu_system_milliseconds	0 minor_page_faults/s	0 major_page_faults/s	31885 yields/s	0 preempts/s
157002 milliseconds	3060 MB/s	48204 short_reads/s	0 short_writes_echo/s	104 cpu_user_milliseconds	565 cpu_system_milliseconds	0 minor_page_faults/s	0 major_page_faults/s	32663 yields/s	1 preempts/s
158002 milliseconds	3078 MB/s	48489 short_reads/s	0 short_writes_echo/s	89 cpu_user_milliseconds	570 cpu_system_milliseconds	0 minor_page_faults/s	0 major_page_faults/s	33692 yields/s	0 preempts/s
159002 milliseconds	3089 MB/s	48654 short_reads/s	0 short_writes_echo/s	89 cpu_user_milliseconds	574 cpu_system_milliseconds	0 minor_page_faults/s	0 major_page_faults/s	33618 yields/s	0 preempts/s
160002 milliseconds	3087 MB/s	48631 short_reads/s	0 short_writes_echo/s	88 cpu_user_milliseconds	578 cpu_system_milliseconds	0 minor_page_faults/s	0 major_page_faults/s	33363 yields/s	0 preempts/s
161002 milliseconds	3078 MB/s	48482 short_reads/s	0 short_writes_echo/s	83 cpu_user_milliseconds	582 cpu_system_milliseconds	0 minor_page_faults/s	0 major_page_faults/s	33009 yields/s	14 preempts/s
162002 milliseconds	3068 MB/s	48322 short_reads/s	0 short_writes_echo/s	105 cpu_user_milliseconds	562 cpu_system_milliseconds	0 minor_page_faults/s	0 major_page_faults/s	32701 yields/s	1 preempts/s
163002 milliseconds	3096 MB/s	48649 short_reads/s	0 short_writes_echo/s	91 cpu_user_milliseconds	607 cpu_system_milliseconds	0 minor_page_faults/s	0 major_page_faults/s	28977 yields/s	0 preempts/s
164002 milliseconds	3061 MB/s	48202 short_reads/s	0 short_writes_echo/s	99 cpu_user_milliseconds	574 cpu_system_milliseconds	0 minor_page_faults/s	0 major_page_faults/s	32425 yields/s	0 preempts/s
165002 milliseconds	3040 MB/s	47894 short_reads/s	0 short_writes_echo/s	109 cpu_user_milliseconds	561 cpu_system_milliseconds	0 minor_page_faults/s	0 major_page_faults/s	32575 yields/s	0 preempts/s
166002 milliseconds	3013 MB/s	47443 short_reads/s	0 short_writes_echo/s	83 cpu_user_milliseconds	594 cpu_system_milliseconds	0 minor_page_faults/s	0 major_page_faults/s	31535 yields/s	1 preempts/s
167002 milliseconds	3068 MB/s	48331 short_reads/s	0 short_writes_echo/s	83 cpu_user_milliseconds	579 cpu_system_milliseconds	0 minor_page_faults/s	0 major_page_faults/s	33679 yields/s	0 preempts/s
168002 milliseconds	3011 MB/s	47439 short_reads/s	0 short_writes_echo/s	108 cpu_user_milliseconds	559 cpu_system_milliseconds	0 minor_page_faults/s	0 major_page_faults/s	32692 yields/s	0 preempts/s
169002 milliseconds	3017 MB/s	47524 short_reads/s	0 short_writes_echo/s	92 cpu_user_milliseconds	574 cpu_system_milliseconds	0 minor_page_faults/s	0 major_page_faults/s	32833 yields/s	0 preempts/s
170002 milliseconds	3020 MB/s	47574 short_reads/s	0 short_writes_echo/s	82 cpu_user_milliseconds	586 cpu_system_milliseconds	0 minor_page_faults/s	0 major_page_faults/s	32796 yields/s	0 preempts/s
171002 milliseconds	2949 MB/s	46449 short_reads/s	0 short_writes_echo/s	83 cpu_user_milliseconds	593 cpu_system_milliseconds	0 minor_page_faults/s	0 major_page_faults/s	30972 yields/s	2 preempts/s
172002 milliseconds	2940 MB/s	46304 short_reads/s	0 short_writes_echo/s	88 cpu_user_milliseconds	584 cpu_system_milliseconds	0 minor_page_faults/s	0 major_page_faults/s	31086 yields/s	30 preempts/s
173002 milliseconds	3093 MB/s	48726 short_reads/s	0 short_writes_echo/s	94 cpu_user_milliseconds	571 cpu_system_milliseconds	0 minor_page_faults/s	0 major_page_faults/s	33399 yields/s	0 preempts/s
174002 milliseconds	3085 MB/s	48587 short_reads/s	0 short_writes_echo/s	103 cpu_user_milliseconds	561 cpu_system_milliseconds	0 minor_page_faults/s	0 major_page_faults/s	33205 yields/s	13 preempts/s
175002 milliseconds	2927 MB/s	46103 short_reads/s	0 short_writes_echo/s	76 cpu_user_milliseconds	600 cpu_system_milliseconds	0 minor_page_faults/s	0 major_page_faults/s	31063 yields/s	1 preempts/s
176003 milliseconds	3014 MB/s	47449 short_reads/s	0 short_writes_echo/s	90 cpu_user_milliseconds	592 cpu_system_milliseconds	0 minor_page_faults/s	0 major_page_faults/s	31033 yields/s	0 preempts/s
177003 milliseconds	3031 MB/s	47734 short_reads/s	0 short_writes_echo/s	94 cpu_user_milliseconds	571 cpu_system_milliseconds	0 minor_page_faults/s	0 major_page_faults/s	32650 yields/s	6 preempts/s
178003 milliseconds	3063 MB/s	48252 short_reads/s	0 short_writes_echo/s	87 cpu_user_milliseconds	573 cpu_system_milliseconds	0 minor_page_faults/s	0 major_page_faults/s	33746 yields/s	0 preempts/s
179003 milliseconds	3043 MB/s	47934 short_reads/s	0 short_writes_echo/s	101 cpu_user_milliseconds	558 cpu_system_milliseconds	0 minor_page_faults/s	0 major_page_faults/s	33590 yields/s	0 preempts/s
180003 milliseconds	2999 MB/s	47240 short_reads/s	0 short_writes_echo/s	85 cpu_user_milliseconds	588 cpu_system_milliseconds	0 minor_page_faults/s	0 major_page_faults/s	32025 yields/s	0 preempts/s
181003 milliseconds	3083 MB/s	48546 short_reads/s	0 short_writes_echo/s	92 cpu_user_milliseconds	577 cpu_system_milliseconds	0 minor_page_faults/s	0 major_page_faults/s	32390 yields/s	20 preempts/s
182003 milliseconds	3024 MB/s	47610 short_reads/s	0 short_writes_echo/s	88 cpu_user_milliseconds	583 cpu_system_milliseconds	0 minor_page_faults/s	0 major_page_faults/s	31731 yields/s	52 preempts/s
183003 milliseconds	2979 MB/s	46924 short_reads/s	0 short_writes_echo/s	127 cpu_user_milliseconds	548 cpu_system_milliseconds	0 minor_page_faults/s	0 major_page_faults/s	31692 yields/s	0 preempts/s
184003 milliseconds	3025 MB/s	47639 short_reads/s	0 short_writes_echo/s	89 cpu_user_milliseconds	579 cpu_system_milliseconds	0 minor_page_faults/s	0 major_page_faults/s	32375 yields/s	2 preempts/s
185003 milliseconds	3087 MB/s	48621 short_reads/s	0 short_writes_echo/s	87 cpu_user_milliseconds	579 cpu_system_milliseconds	0 minor_page_faults/s	0 major_page_faults/s	33345 yields/s	0 preempts/s
186003 milliseconds	2909 MB/s	45814 short_reads/s	0 short_writes_echo/s	101 cpu_user_milliseconds	572 cpu_system_milliseconds	0 minor_page_faults/s	0 major_page_faults/s	30959 yields/s	20 preempts/s
187003 milliseconds	2948 MB/s	46428 short_reads/s	0 short_writes_echo/s	80 cpu_user_milliseconds	596 cpu_system_milliseconds	0 minor_page_faults/s	0 major_page_faults/s	31227 yields/s	2 preempts/s
188003 milliseconds	2925 MB/s	46077 short_reads/s	0 short_writes_echo/s	94 cpu_user_milliseconds	580 cpu_system_milliseconds	0 minor_page_faults/s	0 major_page_faults/s	31259 yields/s	16 preempts/s
189003 milliseconds	3017 MB/s	47515 short_reads/s	0 short_writes_echo/s	109 cpu_user_milliseconds	558 cpu_system_milliseconds	0 minor_page_faults/s	0 major_page_faults/s	32458 yields/s	18 preempts/s
190003 milliseconds	3099 MB/s	48739 short_reads/s	0 short_writes_echo/s	90 cpu_user_milliseconds	597 cpu_system_milliseconds	0 minor_page_faults/s	0 major_page_faults/s	31704 yields/s	0 preempts/s
191003 milliseconds	3065 MB/s	48274 short_reads/s	0 short_writes_echo/s	79 cpu_user_milliseconds	587 cpu_system_milliseconds	0 minor_page_faults/s	0 major_page_faults/s	33633 yields/s	2 preempts/s
192003 milliseconds	2890 MB/s	45517 short_reads/s	0 short_writes_echo/s	77 cpu_user_milliseconds	599 cpu_system_milliseconds	0 minor_page_faults/s	0 major_page_faults/s	30789 yields/s	1 preempts/s
193003 milliseconds	3068 MB/s	48330 short_reads/s	0 short_writes_echo/s	78 cpu_user_milliseconds	592 cpu_system_milliseconds	0 minor_page_faults/s	0 major_page_faults/s	33116 yields/s	0 preempts/s
194003 milliseconds	3034 MB/s	47777 short_reads/s	0 short_writes_echo/s	86 cpu_user_milliseconds	583 cpu_system_milliseconds	0 minor_page_faults/s	0 major_page_faults/s	32087 yields/s	48 preempts/s
195003 milliseconds	3112 MB/s	49023 short_reads/s	0 short_writes_echo/s	87 cpu_user_milliseconds	581 cpu_system_milliseconds	0 minor_page_faults/s	0 major_page_faults/s	33808 yields/s	0 preempts/s
196003 milliseconds	2992 MB/s	47131 short_reads/s	0 short_writes_echo/s	97 cpu_user_milliseconds	569 cpu_system_milliseconds	0 minor_page_faults/s	0 major_page_faults/s	31979 yields/s	17 preempts/s
197003 milliseconds	2942 MB/s	46335 short_reads/s	0 short_writes_echo/s	92 cpu_user_milliseconds	588 cpu_system_milliseconds	0 minor_page_faults/s	0 major_page_faults/s	30774 yields/s	4 preempts/s
198003 milliseconds	3053 MB/s	48097 short_reads/s	0 short_writes_echo/s	95 cpu_user_milliseconds	575 cpu_system_milliseconds	0 minor_page_faults/s	0 major_page_faults/s	32548 yields/s	0 preempts/s
199003 milliseconds	3057 MB/s	48160 short_reads/s	0 short_writes_echo/s	86 cpu_user_milliseconds	583 cpu_system_milliseconds	0 minor_page_faults/s	0 major_page_faults/s	32970 yields/s	0 preempts/s
200003 milliseconds	3007 MB/s	47362 short_reads/s	0 short_writes_echo/s	93 cpu_user_milliseconds	578 cpu_system_milliseconds	0 minor_page_faults/s	0 major_page_faults/s	32258 yields/s	0 preempts/s
201003 milliseconds	3084 MB/s	48553 short_reads/s	0 short_writes_echo/s	101 cpu_user_milliseconds	579 cpu_system_milliseconds	0 minor_page_faults/s	0 major_page_faults/s	31826 yields/s	7 preempts/s
202003 milliseconds	3078 MB/s	48474 short_reads/s	0 short_writes_echo/s	82 cpu_user_milliseconds	583 cpu_system_milliseconds	0 minor_page_faults/s	0 major_page_faults/s	33135 yields/s	0 preempts/s
203003 milliseconds	3089 MB/s	48669 short_reads/s	0 short_writes_echo/s	82 cpu_user_milliseconds	580 cpu_system_milliseconds	0 minor_page_faults/s	0 major_page_faults/s	33674 yields/s	0 preempts/s
204003 milliseconds	3089 MB/s	48652 short_reads/s	0 short_writes_echo/s	89 cpu_user_milliseconds	572 cpu_system_milliseconds	0 minor_page_faults/s	0 major_page_faults/s	33512 yields/s	20 preempts/s
205003 milliseconds	3081 MB/s	48522 short_reads/s	0 short_writes_echo/s	85 cpu_user_milliseconds	575 cpu_system_milliseconds	0 minor_page_faults/s	0 major_page_faults/s	33602 yields/s	21 preempts/s
206003 milliseconds	3055 MB/s	48116 short_reads/s	0 short_writes_echo/s	86 cpu_user_milliseconds	581 cpu_system_milliseconds	0 minor_page_faults/s	0 major_page_faults/s	32732 yields/s	1 preempts/s
207003 milliseconds	2929 MB/s	46132 short_reads/s	0 short_writes_echo/s	96 cpu_user_milliseconds	579 cpu_system_milliseconds	0 minor_page_faults/s	0 major_page_faults/s	30821 yields/s	22 preempts/s
208003 milliseconds	3022 MB/s	47598 short_reads/s	0 short_writes_echo/s	95 cpu_user_milliseconds	574 cpu_system_milliseconds	0 minor_page_faults/s	0 major_page_faults/s	32639 yields/s	0 preempts/s
209003 milliseconds	2801 MB/s	44121 short_reads/s	0 short_writes_echo/s	107 cpu_user_milliseconds	580 cpu_system_milliseconds	0 minor_page_faults/s	0 major_page_faults/s	29362 yields/s	2 preempts/s
210003 milliseconds	2933 MB/s	46187 short_reads/s	0 short_writes_echo/s	79 cpu_user_milliseconds	605 cpu_system_milliseconds	0 minor_page_faults/s	0 major_page_faults/s	30618 yields/s	0 preempts/s
211003 milliseconds	3041 MB/s	47905 short_reads/s	0 short_writes_echo/s	77 cpu_user_milliseconds	583 cpu_system_milliseconds	0 minor_page_faults/s	0 major_page_faults/s	33173 yields/s	0 preempts/s
212003 milliseconds	2898 MB/s	45651 short_reads/s	0 short_writes_echo/s	95 cpu_user_milliseconds	584 cpu_system_milliseconds	0 minor_page_faults/s	0 major_page_faults/s	30635 yields/s	0 preempts/s
213003 milliseconds	3100 MB/s	48832 short_reads/s	0 short_writes_echo/s	106 cpu_user_milliseconds	557 cpu_system_milliseconds	0 minor_page_faults/s	0 major_page_faults/s	33574 yields/s	0 preempts/s
214003 milliseconds	3107 MB/s	48918 short_reads/s	0 short_writes_echo/s	97 cpu_user_milliseconds	572 cpu_system_milliseconds	0 minor_page_faults/s	0 major_page_faults/s	32873 yields/s	0 preempts/s
215003 milliseconds	2952 MB/s	46498 short_reads/s	0 short_writes_echo/s	98 cpu_user_milliseconds	579 cpu_system_milliseconds	0 minor_page_faults/s	0 major_page_faults/s	31243 yields/s	0 preempts/s
216003 milliseconds	2998 MB/s	47210 short_reads/s	0 short_writes_echo/s	83 cpu_user_milliseconds	598 cpu_system_milliseconds	0 minor_page_faults/s	0 major_page_faults/s	31084 yields/s	0 preempts/s
217003 milliseconds	3021 MB/s	47579 short_reads/s	0 short_writes_echo/s	102 cpu_user_milliseconds	577 cpu_system_milliseconds	0 minor_page_faults/s	0 major_page_faults/s	31556 yields/s	7 preempts/s
218003 milliseconds	3119 MB/s	49132 short_reads/s	0 short_writes_echo/s	96 cpu_user_milliseconds	568 cpu_system_milliseconds	0 minor_page_faults/s	0 major_page_faults/s	33895 yields/s	0 preempts/s
219003 milliseconds	3021 MB/s	47592 short_reads/s	0 short_writes_echo/s	80 cpu_user_milliseconds	595 cpu_system_milliseconds	0 minor_page_faults/s	0 major_page_faults/s	32212 yields/s	0 preempts/s
220003 milliseconds	3159 MB/s	49755 short_reads/s	0 short_writes_echo/s	89 cpu_user_milliseconds	579 cpu_system_milliseconds	0 minor_page_faults/s	0 major_page_faults/s	33996 yields/s	0 preempts/s
221003 milliseconds	3089 MB/s	48655 short_reads/s	0 short_writes_echo/s	96 cpu_user_milliseconds	575 cpu_system_milliseconds	0 minor_page_faults/s	0 major_page_faults/s	32724 yields/s	0 preempts/s
222004 milliseconds	2999 MB/s	47230 short_reads/s	0 short_writes_echo/s	91 cpu_user_milliseconds	581 cpu_system_milliseconds	0 minor_page_faults/s	0 major_page_faults/s	31944 yields/s	46 preempts/s
223004 milliseconds	3092 MB/s	48637 short_reads/s	0 short_writes_echo/s	98 cpu_user_milliseconds	590 cpu_system_milliseconds	0 minor_page_faults/s	0 major_page_faults/s	31104 yields/s	1 preempts/s
224004 milliseconds	3103 MB/s	48879 short_reads/s	0 short_writes_echo/s	92 cpu_user_milliseconds	568 cpu_system_milliseconds	0 minor_page_faults/s	0 major_page_faults/s	33958 yields/s	0 preempts/s
225004 milliseconds	3071 MB/s	48386 short_reads/s	0 short_writes_echo/s	90 cpu_user_milliseconds	576 cpu_system_milliseconds	0 minor_page_faults/s	0 major_page_faults/s	33228 yields/s	0 preempts/s
226004 milliseconds	3104 MB/s	48863 short_reads/s	0 short_writes_echo/s	80 cpu_user_milliseconds	601 cpu_system_milliseconds	0 minor_page_faults/s	0 major_page_faults/s	31800 yields/s	0 preempts/s
227004 milliseconds	3097 MB/s	48783 short_reads/s	0 short_writes_echo/s	86 cpu_user_milliseconds	581 cpu_system_milliseconds	0 minor_page_faults/s	0 major_page_faults/s	33145 yields/s	2 preempts/s
228004 milliseconds	3078 MB/s	48486 short_reads/s	0 short_writes_echo/s	93 cpu_user_milliseconds	569 cpu_system_milliseconds	0 minor_page_faults/s	0 major_page_faults/s	33651 yields/s	0 preempts/s
229004 milliseconds	3086 MB/s	48609 short_reads/s	0 short_writes_echo/s	78 cpu_user_milliseconds	587 cpu_system_milliseconds	0 minor_page_faults/s	0 major_page_faults/s	33738 yields/s	0 preempts/s
230004 milliseconds	3103 MB/s	48870 short_reads/s	0 short_writes_echo/s	96 cpu_user_milliseconds	578 cpu_system_milliseconds	0 minor_page_faults/s	0 major_page_faults/s	32875 yields/s	0 preempts/s
231004 milliseconds	3098 MB/s	48786 short_reads/s	0 short_writes_echo/s	104 cpu_user_milliseconds	566 cpu_system_milliseconds	0 minor_page_faults/s	0 major_page_faults/s	32744 yields/s	1 preempts/s
232004 milliseconds	3089 MB/s	48648 short_reads/s	0 short_writes_echo/s	79 cpu_user_milliseconds	592 cpu_system_milliseconds	0 minor_page_faults/s	0 major_page_faults/s	32263 yields/s	1 preempts/s
233004 milliseconds	2989 MB/s	47092 short_reads/s	0 short_writes_echo/s	102 cpu_user_milliseconds	574 cpu_system_milliseconds	0 minor_page_faults/s	0 major_page_faults/s	31816 yields/s	0 preempts/s
234004 milliseconds	2902 MB/s	45697 short_reads/s	0 short_writes_echo/s	97 cpu_user_milliseconds	587 cpu_system_milliseconds	0 minor_page_faults/s	0 major_page_faults/s	30209 yields/s	0 preempts/s
235004 milliseconds	2963 MB/s	46680 short_reads/s	0 short_writes_echo/s	94 cpu_user_milliseconds	580 cpu_system_milliseconds	0 minor_page_faults/s	0 major_page_faults/s	31829 yields/s	0 preempts/s
236004 milliseconds	3052 MB/s	48056 short_reads/s	0 short_writes_echo/s	90 cpu_user_milliseconds	593 cpu_system_milliseconds	0 minor_page_faults/s	0 major_page_faults/s	31283 yields/s	0 preempts/s
237004 milliseconds	3074 MB/s	48424 short_reads/s	0 short_writes_echo/s	75 cpu_user_milliseconds	589 cpu_system_milliseconds	0 minor_page_faults/s	0 major_page_faults/s	33515 yields/s	1 preempts/s
238004 milliseconds	3107 MB/s	48945 short_reads/s	0 short_writes_echo/s	89 cpu_user_milliseconds	578 cpu_system_milliseconds	0 minor_page_faults/s	0 major_page_faults/s	33336 yields/s	0 preempts/s
239004 milliseconds	3087 MB/s	48633 short_reads/s	0 short_writes_echo/s	81 cpu_user_milliseconds	591 cpu_system_milliseconds	0 minor_page_faults/s	0 major_page_faults/s	32871 yields/s	1 preempts/s
240004 milliseconds	3104 MB/s	48887 short_reads/s	0 short_writes_echo/s	111 cpu_user_milliseconds	555 cpu_system_milliseconds	0 minor_page_faults/s	0 major_page_faults/s	33414 yields/s	0 preempts/s
