1000 milliseconds	3627 MB/s	57191 short_reads/s	0 short_writes_echo/s	84 cpu_user_milliseconds	654 cpu_system_milliseconds	176 minor_page_faults/s	0 major_page_faults/s	17365 yields/s	4 preempts/s
2000 milliseconds	3574 MB/s	56411 short_reads/s	0 short_writes_echo/s	93 cpu_user_milliseconds	633 cpu_system_milliseconds	2 minor_page_faults/s	0 major_page_faults/s	19169 yields/s	2 preempts/s
3000 milliseconds	3632 MB/s	56849 short_reads/s	0 short_writes_echo/s	101 cpu_user_milliseconds	625 cpu_system_milliseconds	0 minor_page_faults/s	0 major_page_faults/s	18345 yields/s	1 preempts/s
4000 milliseconds	3583 MB/s	56597 short_reads/s	0 short_writes_echo/s	91 cpu_user_milliseconds	639 cpu_system_milliseconds	0 minor_page_faults/s	0 major_page_faults/s	17589 yields/s	0 preempts/s
5000 milliseconds	3594 MB/s	56856 short_reads/s	0 short_writes_echo/s	115 cpu_user_milliseconds	606 cpu_system_milliseconds	0 minor_page_faults/s	0 major_page_faults/s	19688 yields/s	0 preempts/s
6000 milliseconds	3440 MB/s	54440 short_reads/s	0 short_writes_echo/s	88 cpu_user_milliseconds	641 cpu_system_milliseconds	0 minor_page_faults/s	0 major_page_faults/s	18248 yields/s	9 preempts/s
7000 milliseconds	3535 MB/s	55948 short_reads/s	0 short_writes_echo/s	98 cpu_user_milliseconds	636 cpu_system_milliseconds	0 minor_page_faults/s	0 major_page_faults/s	18036 yields/s	0 preempts/s
8000 milliseconds	3661 MB/s	57946 short_reads/s	0 short_writes_echo/s	93 cpu_user_milliseconds	626 cpu_system_milliseconds	0 minor_page_faults/s	0 major_page_faults/s	18134 yields/s	0 preempts/s
9000 milliseconds	3624 MB/s	57097 short_reads/s	0 short_writes_echo/s	96 cpu_user_milliseconds	632 cpu_system_milliseconds	0 minor_page_faults/s	0 major_page_faults/s	17596 yields/s	0 preempts/s
10000 milliseconds	3544 MB/s	55853 short_reads/s	0 short_writes_echo/s	94 cpu_user_milliseconds	619 cpu_system_milliseconds	0 minor_page_faults/s	0 major_page_faults/s	17350 yields/s	0 preempts/s
11000 milliseconds	3617 MB/s	57025 short_reads/s	0 short_writes_echo/s	94 cpu_user_milliseconds	633 cpu_system_milliseconds	0 minor_page_faults/s	0 major_page_faults/s	17417 yields/s	0 preempts/s
12000 milliseconds	3555 MB/s	56000 short_reads/s	0 short_writes_echo/s	107 cpu_user_milliseconds	619 cpu_system_milliseconds	0 minor_page_faults/s	0 major_page_faults/s	17892 yields/s	0 preempts/s
13000 milliseconds	3561 MB/s	55893 short_reads/s	0 short_writes_echo/s	93 cpu_user_milliseconds	645 cpu_system_milliseconds	0 minor_page_faults/s	0 major_page_faults/s	16812 yields/s	0 preempts/s
14000 milliseconds	3548 MB/s	55782 short_reads/s	0 short_writes_echo/s	73 cpu_user_milliseconds	659 cpu_system_milliseconds	0 minor_page_faults/s	0 major_page_faults/s	16549 yields/s	0 preempts/s
15000 milliseconds	3634 MB/s	57431 short_reads/s	0 short_writes_echo/s	93 cpu_user_milliseconds	630 cpu_system_milliseconds	0 minor_page_faults/s	0 major_page_faults/s	17947 yields/s	2 preempts/s
16000 milliseconds	3587 MB/s	56964 short_reads/s	0 short_writes_echo/s	89 cpu_user_milliseconds	627 cpu_system_milliseconds	0 minor_page_faults/s	0 major_page_faults/s	18412 yields/s	6 preempts/s
17000 milliseconds	3621 MB/s	57101 short_reads/s	0 short_writes_echo/s	100 cpu_user_milliseconds	622 cpu_system_milliseconds	0 minor_page_faults/s	0 major_page_faults/s	18419 yields/s	0 preempts/s
18000 milliseconds	3571 MB/s	56432 short_reads/s	0 short_writes_echo/s	88 cpu_user_milliseconds	634 cpu_system_milliseconds	0 minor_page_faults/s	0 major_page_faults/s	18712 yields/s	1 preempts/s
19000 milliseconds	3605 MB/s	57142 short_reads/s	0 short_writes_echo/s	92 cpu_user_milliseconds	623 cpu_system_milliseconds	0 minor_page_faults/s	0 major_page_faults/s	19171 yields/s	0 preempts/s
20000 milliseconds	3577 MB/s	56930 short_reads/s	0 short_writes_echo/s	94 cpu_user_milliseconds	618 cpu_system_milliseconds	0 minor_page_faults/s	0 major_page_faults/s	19124 yields/s	0 preempts/s
21000 milliseconds	3586 MB/s	56671 short_reads/s	0 short_writes_echo/s	91 cpu_user_milliseconds	629 cpu_system_milliseconds	0 minor_page_faults/s	0 major_page_faults/s	18749 yields/s	3 preempts/s
22000 milliseconds	3639 MB/s	57832 short_reads/s	0 short_writes_echo/s	92 cpu_user_milliseconds	631 cpu_system_milliseconds	0 minor_page_faults/s	0 major_page_faults/s	18275 yields/s	0 preempts/s
23000 milliseconds	3647 MB/s	57675 short_reads/s	0 short_writes_echo/s	102 cpu_user_milliseconds	617 cpu_system_milliseconds	0 minor_page_faults/s	0 major_page_faults/s	18387 yields/s	0 preempts/s
24000 milliseconds	3648 MB/s	57806 short_reads/s	0 short_writes_echo/s	101 cpu_user_milliseconds	615 cpu_system_milliseconds	0 minor_page_faults/s	0 major_page_faults/s	18309 yields/s	0 preempts/s
25000 milliseconds	3663 MB/s	57807 short_reads/s	0 short_writes_echo/s	96 cpu_user_milliseconds	619 cpu_system_milliseconds	0 minor_page_faults/s	0 major_page_faults/s	18435 yields/s	0 preempts/s
26000 milliseconds	3525 MB/s	56337 short_reads/s	0 short_writes_echo/s	78 cpu_user_milliseconds	652 cpu_system_milliseconds	0 minor_page_faults/s	0 major_page_faults/s	18454 yields/s	5 preempts/s
27000 milliseconds	3571 MB/s	56607 short_reads/s	0 short_writes_echo/s	84 cpu_user_milliseconds	634 cpu_system_milliseconds	0 minor_page_faults/s	0 major_page_faults/s	19314 yields/s	20 preempts/s
28000 milliseconds	3654 MB/s	58074 short_reads/s	0 short_writes_echo/s	85 cpu_user_milliseconds	634 cpu_system_milliseconds	0 minor_page_faults/s	0 major_page_faults/s	19249 yields/s	1 preempts/s
29000 milliseconds	3584 MB/s	56735 short_reads/s	0 short_writes_echo/s	96 cpu_user_milliseconds	623 cpu_system_milliseconds	0 minor_page_faults/s	0 major_page_faults/s	18499 yields/s	21 preempts/s
30000 milliseconds	3642 MB/s	56938 short_reads/s	0 short_writes_echo/s	104 cpu_user_milliseconds	619 cpu_system_milliseconds	0 minor_page_faults/s	0 major_page_faults/s	17711 yields/s	0 preempts/s
31000 milliseconds	3623 MB/s	56903 short_reads/s	0 short_writes_echo/s	88 cpu_user_milliseconds	641 cpu_system_milliseconds	0 minor_page_faults/s	0 major_page_faults/s	17358 yields/s	1 preempts/s
32000 milliseconds	3578 MB/s	56486 short_reads/s	0 short_writes_echo/s	92 cpu_user_milliseconds	622 cpu_system_milliseconds	0 minor_page_faults/s	0 major_page_faults/s	18636 yields/s	3 preempts/s
33000 milliseconds	3566 MB/s	56153 short_reads/s	0 short_writes_echo/s	92 cpu_user_milliseconds	629 cpu_system_milliseconds	0 minor_page_faults/s	0 major_page_faults/s	17869 yields/s	2 preempts/s
34000 milliseconds	3689 MB/s	57963 short_reads/s	0 short_writes_echo/s	107 cpu_user_milliseconds	614 cpu_system_milliseconds	0 minor_page_faults/s	0 major_page_faults/s	17875 yields/s	0 preempts/s
35000 milliseconds	3680 MB/s	58288 short_reads/s	0 short_writes_echo/s	102 cpu_user_milliseconds	616 cpu_system_milliseconds	0 minor_page_faults/s	0 major_page_faults/s	18141 yields/s	0 preempts/s
36000 milliseconds	3594 MB/s	56663 short_reads/s	0 short_writes_echo/s	108 cpu_user_milliseconds	620 cpu_system_milliseconds	0 minor_page_faults/s	0 major_page_faults/s	17795 yields/s	2 preempts/s
37000 milliseconds	3619 MB/s	57252 short_reads/s	0 short_writes_echo/s	107 cpu_user_milliseconds	608 cpu_system_milliseconds	0 minor_page_faults/s	0 major_page_faults/s	19005 yields/s	0 preempts/s
38000 milliseconds	3618 MB/s	57151 short_reads/s	0 short_writes_echo/s	75 cpu_user_milliseconds	639 cpu_system_milliseconds	0 minor_page_faults/s	0 major_page_faults/s	18894 yields/s	0 preempts/s
39000 milliseconds	3597 MB/s	56925 short_reads/s	0 short_writes_echo/s	101 cpu_user_milliseconds	615 cpu_system_milliseconds	0 minor_page_faults/s	0 major_page_faults/s	19013 yields/s	25 preempts/s
40000 milliseconds	3619 MB/s	57197 short_reads/s	0 short_writes_echo/s	86 cpu_user_milliseconds	629 cpu_system_milliseconds	0 minor_page_faults/s	0 major_page_faults/s	18866 yields/s	0 preempts/s
41000 milliseconds	3587 MB/s	56729 short_reads/s	0 short_writes_echo/s	82 cpu_user_milliseconds	644 cpu_system_milliseconds	0 minor_page_faults/s	0 major_page_faults/s	17654 yields/s	2 preempts/s
42000 milliseconds	3526 MB/s	55461 short_reads/s	0 short_writes_echo/s	93 cpu_user_milliseconds	640 cpu_system_milliseconds	0 minor_page_faults/s	0 major_page_faults/s	17237 yields/s	1 preempts/s
43000 milliseconds	3578 MB/s	56628 short_reads/s	0 short_writes_echo/s	89 cpu_user_milliseconds	635 cpu_system_milliseconds	0 minor_page_faults/s	0 major_page_faults/s	18497 yields/s	0 preempts/s
44000 milliseconds	3610 MB/s	56938 short_reads/s	0 short_writes_echo/s	91 cpu_user_milliseconds	629 cpu_system_milliseconds	0 minor_page_faults/s	0 major_page_faults/s	18701 yields/s	1 preempts/s
45000 milliseconds	3616 MB/s	57313 short_reads/s	0 short_writes_echo/s	100 cpu_user_milliseconds	617 cpu_system_milliseconds	0 minor_page_faults/s	0 major_page_faults/s	18920 yields/s	0 preempts/s
46000 milliseconds	3568 MB/s	56323 short_reads/s	0 short_writes_echo/s	94 cpu_user_milliseconds	632 cpu_system_milliseconds	0 minor_page_faults/s	0 major_page_faults/s	18165 yields/s	1 preempts/s
47000 milliseconds	3611 MB/s	57194 short_reads/s	0 short_writes_echo/s	82 cpu_user_milliseconds	633 cpu_system_milliseconds	0 minor_page_faults/s	0 major_page_faults/s	18823 yields/s	19 preempts/s
48000 milliseconds	3582 MB/s	56384 short_reads/s	0 short_writes_echo/s	105 cpu_user_milliseconds	620 cpu_system_milliseconds	0 minor_page_faults/s	0 major_page_faults/s	18486 yields/s	0 preempts/s
49000 milliseconds	3591 MB/s	56799 short_reads/s	0 short_writes_echo/s	100 cpu_user_milliseconds	617 cpu_system_milliseconds	0 minor_page_faults/s	0 major_page_faults/s	18615 yields/s	1 preempts/s
50000 milliseconds	3617 MB/s	57752 short_reads/s	0 short_writes_echo/s	98 cpu_user_milliseconds	621 cpu_system_milliseconds	0 minor_page_faults/s	0 major_page_faults/s	20276 yields/s	0 preempts/s
51000 milliseconds	3601 MB/s	56791 short_reads/s	0 short_writes_echo/s	93 cpu_user_milliseconds	628 cpu_system_milliseconds	0 minor_page_faults/s	0 major_page_faults/s	18220 yields/s	3 preempts/s
52000 milliseconds	3653 MB/s	57823 short_reads/s	0 short_writes_echo/s	101 cpu_user_milliseconds	617 cpu_system_milliseconds	0 minor_page_faults/s	0 major_page_faults/s	18131 yields/s	1 preempts/s
53000 milliseconds	3559 MB/s	56131 short_reads/s	0 short_writes_echo/s	75 cpu_user_milliseconds	650 cpu_system_milliseconds	0 minor_page_faults/s	0 major_page_faults/s	18412 yields/s	24 preempts/s
54000 milliseconds	3601 MB/s	56882 short_reads/s	0 short_writes_echo/s	93 cpu_user_milliseconds	628 cpu_system_milliseconds	0 minor_page_faults/s	0 major_page_faults/s	18738 yields/s	0 preempts/s
55000 milliseconds	3553 MB/s	55623 short_reads/s	0 short_writes_echo/s	104 cpu_user_milliseconds	639 cpu_system_milliseconds	0 minor_page_faults/s	0 major_page_faults/s	17574 yields/s	0 preempts/s
56000 milliseconds	3539 MB/s	55846 short_reads/s	0 short_writes_echo/s	86 cpu_user_milliseconds	631 cpu_system_milliseconds	0 minor_page_faults/s	0 major_page_faults/s	18253 yields/s	12 preempts/s
57000 milliseconds	3628 MB/s	57442 short_reads/s	0 short_writes_echo/s	85 cpu_user_milliseconds	637 cpu_system_milliseconds	0 minor_page_faults/s	0 major_page_faults/s	18418 yields/s	0 preempts/s
58000 milliseconds	3657 MB/s	57760 short_reads/s	0 short_writes_echo/s	86 cpu_user_milliseconds	632 cpu_system_milliseconds	0 minor_page_faults/s	0 major_page_faults/s	18334 yields/s	0 preempts/s
59000 milliseconds	3575 MB/s	56554 short_reads/s	0 short_writes_echo/s	90 cpu_user_milliseconds	616 cpu_system_milliseconds	0 minor_page_faults/s	0 major_page_faults/s	18404 yields/s	0 preempts/s
60000 milliseconds	3643 MB/s	57270 short_reads/s	0 short_writes_echo/s	98 cpu_user_milliseconds	623 cpu_system_milliseconds	0 minor_page_faults/s	0 major_page_faults/s	18185 yields/s	0 preempts/s
61000 milliseconds	3617 MB/s	57036 short_reads/s	0 short_writes_echo/s	87 cpu_user_milliseconds	637 cpu_system_milliseconds	0 minor_page_faults/s	0 major_page_faults/s	17432 yields/s	21 preempts/s
62000 milliseconds	3574 MB/s	56625 short_reads/s	0 short_writes_echo/s	85 cpu_user_milliseconds	630 cpu_system_milliseconds	0 minor_page_faults/s	0 major_page_faults/s	19284 yields/s	2 preempts/s
63000 milliseconds	3603 MB/s	57154 short_reads/s	0 short_writes_echo/s	92 cpu_user_milliseconds	631 cpu_system_milliseconds	0 minor_page_faults/s	0 major_page_faults/s	18300 yields/s	1 preempts/s
64000 milliseconds	3581 MB/s	56746 short_reads/s	0 short_writes_echo/s	98 cpu_user_milliseconds	618 cpu_system_milliseconds	0 minor_page_faults/s	0 major_page_faults/s	19489 yields/s	47 preempts/s
65000 milliseconds	3647 MB/s	57411 short_reads/s	0 short_writes_echo/s	99 cpu_user_milliseconds	622 cpu_system_milliseconds	0 minor_page_faults/s	0 major_page_faults/s	18261 yields/s	0 preempts/s
66000 milliseconds	3601 MB/s	56610 short_reads/s	0 short_writes_echo/s	97 cpu_user_milliseconds	624 cpu_system_milliseconds	0 minor_page_faults/s	0 major_page_faults/s	17945 yields/s	0 preempts/s
67000 milliseconds	3660 MB/s	58039 short_reads/s	0 short_writes_echo/s	102 cpu_user_milliseconds	615 cpu_system_milliseconds	0 minor_page_faults/s	0 major_page_faults/s	18389 yields/s	0 preempts/s
68000 milliseconds	3640 MB/s	57460 short_reads/s	0 short_writes_echo/s	92 cpu_user_milliseconds	623 cpu_system_milliseconds	0 minor_page_faults/s	0 major_page_faults/s	18430 yields/s	0 preempts/s
69000 milliseconds	3637 MB/s	57473 short_reads/s	0 short_writes_echo/s	85 cpu_user_milliseconds	631 cpu_system_milliseconds	0 minor_page_faults/s	0 major_page_faults/s	18628 yields/s	1 preempts/s
70000 milliseconds	3465 MB/s	54646 short_reads/s	0 short_writes_echo/s	101 cpu_user_milliseconds	617 cpu_system_milliseconds	0 minor_page_faults/s	0 major_page_faults/s	18268 yields/s	0 preempts/s
71000 milliseconds	3552 MB/s	56717 short_reads/s	0 short_writes_echo/s	101 cpu_user_milliseconds	615 cpu_system_milliseconds	0 minor_page_faults/s	0 major_page_faults/s	19569 yields/s	20 preempts/s
72000 milliseconds	3582 MB/s	57060 short_reads/s	0 short_writes_echo/s	103 cpu_user_milliseconds	609 cpu_system_milliseconds	0 minor_page_faults/s	0 major_page_faults/s	19239 yields/s	43 preempts/s
73000 milliseconds	3570 MB/s	56249 short_reads/s	0 short_writes_echo/s	95 cpu_user_milliseconds	624 cpu_system_milliseconds	0 minor_page_faults/s	0 major_page_faults/s	18851 yields/s	2 preempts/s
74000 milliseconds	3616 MB/s	57711 short_reads/s	0 short_writes_echo/s	110 cpu_user_milliseconds	606 cpu_system_milliseconds	0 minor_page_faults/s	0 major_page_faults/s	20027 yields/s	18 preempts/s
75000 milliseconds	3600 MB/s	57044 short_reads/s	0 short_writes_echo/s	107 cpu_user_milliseconds	608 cpu_system_milliseconds	0 minor_page_faults/s	0 major_page_faults/s	19126 yields/s	20 preempts/s
76001 milliseconds	3564 MB/s	56447 short_reads/s	0 short_writes_echo/s	109 cpu_user_milliseconds	612 cpu_system_milliseconds	0 minor_page_faults/s	0 major_page_faults/s	18182 yields/s	45 preempts/s
77001 milliseconds	3604 MB/s	56958 short_reads/s	0 short_writes_echo/s	82 cpu_user_milliseconds	635 cpu_system_milliseconds	0 minor_page_faults/s	0 major_page_faults/s	19166 yields/s	0 preempts/s
78001 milliseconds	3625 MB/s	57561 short_reads/s	0 short_writes_echo/s	79 cpu_user_milliseconds	637 cpu_system_milliseconds	0 minor_page_faults/s	0 major_page_faults/s	18962 yields/s	0 preempts/s
79001 milliseconds	3623 MB/s	57557 short_reads/s	0 short_writes_echo/s	96 cpu_user_milliseconds	618 cpu_system_milliseconds	0 minor_page_faults/s	0 major_page_faults/s	19049 yields/s	0 preempts/s
80001 milliseconds	3588 MB/s	56749 short_reads/s	0 short_writes_echo/s	94 cpu_user_milliseconds	621 cpu_system_milliseconds	0 minor_page_faults/s	0 major_page_faults/s	19129 yields/s	64 preempts/s
81001 milliseconds	3612 MB/s	56705 short_reads/s	0 short_writes_echo/s	99 cpu_user_milliseconds	632 cpu_system_milliseconds	0 minor_page_faults/s	0 major_page_faults/s	17660 yields/s	4 preempts/s
82001 milliseconds	3629 MB/s	57344 short_reads/s	0 short_writes_echo/s	90 cpu_user_milliseconds	629 cpu_system_milliseconds	0 minor_page_faults/s	0 major_page_faults/s	18681 yields/s	0 preempts/s
83001 milliseconds	3624 MB/s	57327 short_reads/s	0 short_writes_echo/s	94 cpu_user_milliseconds	620 cpu_system_milliseconds	0 minor_page_faults/s	0 major_page_faults/s	19079 yields/s	0 preempts/s
84001 milliseconds	3608 MB/s	56958 short_reads/s	0 short_writes_echo/s	90 cpu_user_milliseconds	628 cpu_system_milliseconds	0 minor_page_faults/s	0 major_page_faults/s	18770 yields/s	0 preempts/s
85001 milliseconds	3663 MB/s	57650 short_reads/s	0 short_writes_echo/s	94 cpu_user_milliseconds	631 cpu_system_milliseconds	0 minor_page_faults/s	0 major_page_faults/s	18186 yields/s	2 preempts/s
86001 milliseconds	3595 MB/s	56565 short_reads/s	0 short_writes_echo/s	107 cpu_user_milliseconds	618 cpu_system_milliseconds	0 minor_page_faults/s	0 major_page_faults/s	17427 yields/s	2 preempts/s
87001 milliseconds	3664 MB/s	57702 short_reads/s	0 short_writes_echo/s	77 cpu_user_milliseconds	643 cpu_system_milliseconds	0 minor_page_faults/s	0 major_page_faults/s	18386 yields/s	0 preempts/s
88001 milliseconds	3636 MB/s	57342 short_reads/s	0 short_writes_echo/s	99 cpu_user_milliseconds	623 cpu_system_milliseconds	0 minor_page_faults/s	0 major_page_faults/s	18105 yields/s	1 preempts/s
89001 milliseconds	3516 MB/s	54988 short_reads/s	0 short_writes_echo/s	89 cpu_user_milliseconds	652 cpu_system_milliseconds	0 minor_page_faults/s	0 major_page_faults/s	17420 yields/s	0 preempts/s
90001 milliseconds	3665 MB/s	57625 short_reads/s	0 short_writes_echo/s	99 cpu_user_milliseconds	621 cpu_system_milliseconds	0 minor_page_faults/s	0 major_page_faults/s	17994 yields/s	0 preempts/s
91001 milliseconds	3587 MB/s	56569 short_reads/s	0 short_writes_echo/s	96 cpu_user_milliseconds	633 cpu_system_milliseconds	0 minor_page_faults/s	0 major_page_faults/s	17295 yields/s	0 preempts/s
92001 milliseconds	3613 MB/s	56311 short_reads/s	0 short_writes_echo/s	81 cpu_user_milliseconds	647 cpu_system_milliseconds	0 minor_page_faults/s	0 major_page_faults/s	17541 yields/s	0 preempts/s
93001 milliseconds	3568 MB/s	56905 short_reads/s	0 short_writes_echo/s	99 cpu_user_milliseconds	615 cpu_system_milliseconds	0 minor_page_faults/s	0 major_page_faults/s	17825 yields/s	1 preempts/s
94001 milliseconds	3670 MB/s	57839 short_reads/s	0 short_writes_echo/s	99 cpu_user_milliseconds	620 cpu_system_milliseconds	0 minor_page_faults/s	0 major_page_faults/s	18211 yields/s	0 preempts/s
95001 milliseconds	3600 MB/s	57131 short_reads/s	0 short_writes_echo/s	87 cpu_user_milliseconds	635 cpu_system_milliseconds	0 minor_page_faults/s	0 major_page_faults/s	19122 yields/s	0 preempts/s
96001 milliseconds	3529 MB/s	55900 short_reads/s	0 short_writes_echo/s	81 cpu_user_milliseconds	640 cpu_system_milliseconds	0 minor_page_faults/s	0 major_page_faults/s	17846 yields/s	17 preempts/s
97001 milliseconds	3635 MB/s	57460 short_reads/s	0 short_writes_echo/s	78 cpu_user_milliseconds	643 cpu_system_milliseconds	0 minor_page_faults/s	0 major_page_faults/s	18092 yields/s	1 preempts/s
98001 milliseconds	3625 MB/s	57272 short_reads/s	0 short_writes_echo/s	95 cpu_user_milliseconds	625 cpu_system_milliseconds	0 minor_page_faults/s	0 major_page_faults/s	17904 yields/s	17 preempts/s
99001 milliseconds	3683 MB/s	58102 short_reads/s	0 short_writes_echo/s	89 cpu_user_milliseconds	630 cpu_system_milliseconds	0 minor_page_faults/s	0 major_page_faults/s	18097 yields/s	0 preempts/s
100001 milliseconds	3592 MB/s	57011 short_reads/s	0 short_writes_echo/s	91 cpu_user_milliseconds	637 cpu_system_milliseconds	0 minor_page_faults/s	0 major_page_faults/s	18815 yields/s	0 preempts/s
101001 milliseconds	3574 MB/s	56662 short_reads/s	0 short_writes_echo/s	77 cpu_user_milliseconds	643 cpu_system_milliseconds	0 minor_page_faults/s	0 major_page_faults/s	17641 yields/s	19 preempts/s
102001 milliseconds	3644 MB/s	57375 short_reads/s	0 short_writes_echo/s	108 cpu_user_milliseconds	615 cpu_system_milliseconds	0 minor_page_faults/s	0 major_page_faults/s	18223 yields/s	0 preempts/s
103001 milliseconds	3640 MB/s	57554 short_reads/s	0 short_writes_echo/s	82 cpu_user_milliseconds	641 cpu_system_milliseconds	0 minor_page_faults/s	0 major_page_faults/s	18115 yields/s	0 preempts/s
104001 milliseconds	3643 MB/s	57707 short_reads/s	0 short_writes_echo/s	104 cpu_user_milliseconds	614 cpu_system_milliseconds	0 minor_page_faults/s	0 major_page_faults/s	18419 yields/s	0 preempts/s
105001 milliseconds	3664 MB/s	57750 short_reads/s	0 short_writes_echo/s	101 cpu_user_milliseconds	615 cpu_system_milliseconds	0 minor_page_faults/s	0 major_page_faults/s	18137 yields/s	0 preempts/s
106001 milliseconds	3583 MB/s	56444 short_reads/s	0 short_writes_echo/s	93 cpu_user_milliseconds	642 cpu_system_milliseconds	0 minor_page_faults/s	0 major_page_faults/s	17879 yields/s	21 preempts/s
107001 milliseconds	3666 MB/s	57374 short_reads/s	0 short_writes_echo/s	96 cpu_user_milliseconds	629 cpu_system_milliseconds	0 minor_page_faults/s	0 major_page_faults/s	18137 yields/s	0 preempts/s
108001 milliseconds	3642 MB/s	57297 short_reads/s	0 short_writes_echo/s	97 cpu_user_milliseconds	623 cpu_system_milliseconds	0 minor_page_faults/s	0 major_page_faults/s	18225 yields/s	1 preempts/s
109001 milliseconds	3676 MB/s	58233 short_reads/s	0 short_writes_echo/s	84 cpu_user_milliseconds	636 cpu_system_milliseconds	0 minor_page_faults/s	0 major_page_faults/s	18365 yields/s	0 preempts/s
110001 milliseconds	3657 MB/s	57728 short_reads/s	0 short_writes_echo/s	87 cpu_user_milliseconds	633 cpu_system_milliseconds	0 minor_page_faults/s	0 major_page_faults/s	18365 yields/s	0 preempts/s
111001 milliseconds	3590 MB/s	56508 short_reads/s	0 short_writes_echo/s	92 cpu_user_milliseconds	641 cpu_system_milliseconds	0 minor_page_faults/s	0 major_page_faults/s	17586 yields/s	2 preempts/s
112001 milliseconds	3641 MB/s	57290 short_reads/s	0 short_writes_echo/s	86 cpu_user_milliseconds	629 cpu_system_milliseconds	0 minor_page_faults/s	0 major_page_faults/s	18123 yields/s	0 preempts/s
113001 milliseconds	3642 MB/s	57642 short_reads/s	0 short_writes_echo/s	100 cpu_user_milliseconds	626 cpu_system_milliseconds	0 minor_page_faults/s	0 major_page_faults/s	17539 yields/s	0 preempts/s
114001 milliseconds	3611 MB/s	57092 short_reads/s	0 short_writes_echo/s	74 cpu_user_milliseconds	646 cpu_system_milliseconds	0 minor_page_faults/s	0 major_page_faults/s	18712 yields/s	3 preempts/s
115001 milliseconds	3421 MB/s	53281 short_reads/s	0 short_writes_echo/s	87 cpu_user_milliseconds	665 cpu_system_milliseconds	0 minor_page_faults/s	0 major_page_faults/s	16715 yields/s	0 preempts/s
116001 milliseconds	3565 MB/s	56276 short_reads/s	0 short_writes_echo/s	89 cpu_user_milliseconds	638 cpu_system_milliseconds	0 minor_page_faults/s	0 major_page_faults/s	18301 yields/s	9 preempts/s
117001 milliseconds	3651 MB/s	57346 short_reads/s	0 short_writes_echo/s	97 cpu_user_milliseconds	626 cpu_system_milliseconds	0 minor_page_faults/s	0 major_page_faults/s	17955 yields/s	1 preempts/s
118001 milliseconds	3666 MB/s	58163 short_reads/s	0 short_writes_echo/s	88 cpu_user_milliseconds	627 cpu_system_milliseconds	0 minor_page_faults/s	0 major_page_faults/s	18283 yields/s	0 preempts/s
119001 milliseconds	3563 MB/s	56424 short_reads/s	0 short_writes_echo/s	97 cpu_user_milliseconds	630 cpu_system_milliseconds	0 minor_page_faults/s	0 major_page_faults/s	18155 yields/s	1 preempts/s
120001 milliseconds	3581 MB/s	56742 short_reads/s	0 short_writes_echo/s	91 cpu_user_milliseconds	622 cpu_system_milliseconds	0 minor_page_faults/s	0 major_page_faults/s	18803 yields/s	44 preempts/s
121001 milliseconds	3572 MB/s	56880 short_reads/s	0 short_writes_echo/s	98 cpu_user_milliseconds	637 cpu_system_milliseconds	0 minor_page_faults/s	0 major_page_faults/s	18781 yields/s	6 preempts/s
122001 milliseconds	3660 MB/s	57574 short_reads/s	0 short_writes_echo/s	103 cpu_user_milliseconds	615 cpu_system_milliseconds	0 minor_page_faults/s	0 major_page_faults/s	18295 yields/s	0 preempts/s
123001 milliseconds	3625 MB/s	57070 short_reads/s	0 short_writes_echo/s	91 cpu_user_milliseconds	632 cpu_system_milliseconds	0 minor_page_faults/s	0 major_page_faults/s	18061 yields/s	3 preempts/s
124001 milliseconds	3608 MB/s	56626 short_reads/s	0 short_writes_echo/s	78 cpu_user_milliseconds	647 cpu_system_milliseconds	0 minor_page_faults/s	0 major_page_faults/s	18391 yields/s	0 preempts/s
125001 milliseconds	3462 MB/s	54096 short_reads/s	0 short_writes_echo/s	99 cpu_user_milliseconds	643 cpu_system_milliseconds	0 minor_page_faults/s	0 major_page_faults/s	17723 yields/s	3 preempts/s
126001 milliseconds	3573 MB/s	56191 short_reads/s	0 short_writes_echo/s	91 cpu_user_milliseconds	629 cpu_system_milliseconds	0 minor_page_faults/s	0 major_page_faults/s	18305 yields/s	0 preempts/s
127001 milliseconds	3667 MB/s	57479 short_reads/s	0 short_writes_echo/s	79 cpu_user_milliseconds	648 cpu_system_milliseconds	0 minor_page_faults/s	0 major_page_faults/s	17908 yields/s	0 preempts/s
128001 milliseconds	3649 MB/s	57346 short_reads/s	0 short_writes_echo/s	81 cpu_user_milliseconds	641 cpu_system_milliseconds	0 minor_page_faults/s	0 major_page_faults/s	17986 yields/s	0 preempts/s
129001 milliseconds	3652 MB/s	57750 short_reads/s	0 short_writes_echo/s	91 cpu_user_milliseconds	626 cpu_system_milliseconds	0 minor_page_faults/s	0 major_page_faults/s	18448 yields/s	0 preempts/s
130001 milliseconds	3477 MB/s	55108 short_reads/s	0 short_writes_echo/s	111 cpu_user_milliseconds	606 cpu_system_milliseconds	0 minor_page_faults/s	0 major_page_faults/s	18324 yields/s	1 preempts/s
131001 milliseconds	3628 MB/s	57011 short_reads/s	0 short_writes_echo/s	60 cpu_user_milliseconds	666 cpu_system_milliseconds	0 minor_page_faults/s	0 major_page_faults/s	17700 yields/s	0 preempts/s
132001 milliseconds	3654 MB/s	57701 short_reads/s	0 short_writes_echo/s	101 cpu_user_milliseconds	618 cpu_system_milliseconds	0 minor_page_faults/s	0 major_page_faults/s	18246 yields/s	0 preempts/s
133001 milliseconds	3592 MB/s	56475 short_reads/s	0 short_writes_echo/s	88 cpu_user_milliseconds	637 cpu_system_milliseconds	0 minor_page_faults/s	0 major_page_faults/s	17944 yields/s	0 preempts/s
134001 milliseconds	3624 MB/s	57180 short_reads/s	0 short_writes_echo/s	97 cpu_user_milliseconds	621 cpu_system_milliseconds	0 minor_page_faults/s	0 major_page_faults/s	18984 yields/s	0 preempts/s
135001 milliseconds	3578 MB/s	56692 short_reads/s	0 short_writes_echo/s	91 cpu_user_milliseconds	627 cpu_system_milliseconds	0 minor_page_faults/s	0 major_page_faults/s	18950 yields/s	0 preempts/s
136001 milliseconds	3608 MB/s	57021 short_reads/s	0 short_writes_echo/s	109 cpu_user_milliseconds	619 cpu_system_milliseconds	0 minor_page_faults/s	0 major_page_faults/s	17947 yields/s	0 preempts/s
137001 milliseconds	3588 MB/s	56165 short_reads/s	0 short_writes_echo/s	101 cpu_user_milliseconds	631 cpu_system_milliseconds	0 minor_page_faults/s	0 major_page_faults/s	17832 yields/s	6 preempts/s
138001 milliseconds	3676 MB/s	58353 short_reads/s	0 short_writes_echo/s	105 cpu_user_milliseconds	615 cpu_system_milliseconds	0 minor_page_faults/s	0 major_page_faults/s	18011 yields/s	0 preempts/s
139001 milliseconds	3631 MB/s	57296 short_reads/s	0 short_writes_echo/s	83 cpu_user_milliseconds	638 cpu_system_milliseconds	0 minor_page_faults/s	0 major_page_faults/s	18532 yields/s	0 preempts/s
140001 milliseconds	3634 MB/s	57685 short_reads/s	0 short_writes_echo/s	95 cpu_user_milliseconds	621 cpu_system_milliseconds	0 minor_page_faults/s	0 major_page_faults/s	18326 yields/s	1 preempts/s
141001 milliseconds	3611 MB/s	56735 short_reads/s	0 short_writes_echo/s	86 cpu_user_milliseconds	657 cpu_system_milliseconds	0 minor_page_faults/s	0 major_page_faults/s	17082 yields/s	1 preempts/s
142001 milliseconds	3654 MB/s	57874 short_reads/s	0 short_writes_echo/s	103 cpu_user_milliseconds	613 cpu_system_milliseconds	0 minor_page_faults/s	0 major_page_faults/s	18279 yields/s	0 preempts/s
143001 milliseconds	3618 MB/s	56897 short_reads/s	0 short_writes_echo/s	78 cpu_user_milliseconds	645 cpu_system_milliseconds	0 minor_page_faults/s	0 major_page_faults/s	18232 yields/s	0 preempts/s
144001 milliseconds	3632 MB/s	57345 short_reads/s	0 short_writes_echo/s	96 cpu_user_milliseconds	631 cpu_system_milliseconds	0 minor_page_faults/s	0 major_page_faults/s	18181 yields/s	5 preempts/s
145001 milliseconds	3561 MB/s	56198 short_reads/s	0 short_writes_echo/s	73 cpu_user_milliseconds	651 cpu_system_milliseconds	0 minor_page_faults/s	0 major_page_faults/s	18251 yields/s	2 preempts/s
146001 milliseconds	3541 MB/s	56084 short_reads/s	0 short_writes_echo/s	91 cpu_user_milliseconds	620 cpu_system_milliseconds	0 minor_page_faults/s	0 major_page_faults/s	18783 yields/s	0 preempts/s
147001 milliseconds	3659 MB/s	57687 short_reads/s	0 short_writes_echo/s	75 cpu_user_milliseconds	644 cpu_system_milliseconds	0 minor_page_faults/s	0 major_page_faults/s	18168 yields/s	0 preempts/s
148001 milliseconds	3661 MB/s	57495 short_reads/s	0 short_writes_echo/s	89 cpu_user_milliseconds	627 cpu_system_milliseconds	0 minor_page_faults/s	0 major_page_faults/s	18537 yields/s	1 preempts/s
149002 milliseconds	3587 MB/s	56746 short_reads/s	0 short_writes_echo/s	74 cpu_user_milliseconds	644 cpu_system_milliseconds	0 minor_page_faults/s	0 major_page_faults/s	18522 yields/s	19 preempts/s
150002 milliseconds	3597 MB/s	56774 short_reads/s	0 short_writes_echo/s	87 cpu_user_milliseconds	628 cpu_system_milliseconds	0 minor_page_faults/s	0 major_page_faults/s	19051 yields/s	19 preempts/s
151002 milliseconds	3481 MB/s	55222 short_reads/s	0 short_writes_echo/s	93 cpu_user_milliseconds	644 cpu_system_milliseconds	0 minor_page_faults/s	0 major_page_faults/s	17915 yields/s	4 preempts/s
152002 milliseconds	3501 MB/s	55410 short_reads/s	0 short_writes_echo/s	96 cpu_user_milliseconds	641 cpu_system_milliseconds	0 minor_page_faults/s	0 major_page_faults/s	17812 yields/s	1 preempts/s
153002 milliseconds	3540 MB/s	56042 short_reads/s	0 short_writes_echo/s	77 cpu_user_milliseconds	635 cpu_system_milliseconds	0 minor_page_faults/s	0 major_page_faults/s	18617 yields/s	1 preempts/s
154002 milliseconds	3611 MB/s	57174 short_reads/s	0 short_writes_echo/s	94 cpu_user_milliseconds	621 cpu_system_milliseconds	0 minor_page_faults/s	0 major_page_faults/s	19228 yields/s	0 preempts/s
155002 milliseconds	3548 MB/s	56018 short_reads/s	0 short_writes_echo/s	72 cpu_user_milliseconds	658 cpu_system_milliseconds	0 minor_page_faults/s	0 major_page_faults/s	17966 yields/s	0 preempts/s
156002 milliseconds	3563 MB/s	56274 short_reads/s	0 short_writes_echo/s	98 cpu_user_milliseconds	641 cpu_system_milliseconds	0 minor_page_faults/s	0 major_page_faults/s	16928 yields/s	4 preempts/s
157002 milliseconds	3627 MB/s	57419 short_reads/s	0 short_writes_echo/s	86 cpu_user_milliseconds	647 cpu_system_milliseconds	0 minor_page_faults/s	0 major_page_faults/s	17998 yields/s	0 preempts/s
158002 milliseconds	3661 MB/s	57745 short_reads/s	0 short_writes_echo/s	91 cpu_user_milliseconds	628 cpu_system_milliseconds	0 minor_page_faults/s	0 major_page_faults/s	18380 yields/s	2 preempts/s
159002 milliseconds	3667 MB/s	57844 short_reads/s	0 short_writes_echo/s	99 cpu_user_milliseconds	623 cpu_system_milliseconds	0 minor_page_faults/s	0 major_page_faults/s	17665 yields/s	0 preempts/s
160002 milliseconds	3648 MB/s	57496 short_reads/s	0 short_writes_echo/s	98 cpu_user_milliseconds	621 cpu_system_milliseconds	0 minor_page_faults/s	0 major_page_faults/s	18601 yields/s	0 preempts/s
161002 milliseconds	3585 MB/s	56731 short_reads/s	0 short_writes_echo/s	104 cpu_user_milliseconds	620 cpu_system_milliseconds	0 minor_page_faults/s	0 major_page_faults/s	18084 yields/s	27 preempts/s
162002 milliseconds	3665 MB/s	58066 short_reads/s	0 short_writes_echo/s	89 cpu_user_milliseconds	627 cpu_system_milliseconds	0 minor_page_faults/s	0 major_page_faults/s	18125 yields/s	0 preempts/s
163002 milliseconds	3668 MB/s	57674 short_reads/s	0 short_writes_echo/s	105 cpu_user_milliseconds	614 cpu_system_milliseconds	0 minor_page_faults/s	0 major_page_faults/s	18071 yields/s	0 preempts/s
164002 milliseconds	3590 MB/s	57063 short_reads/s	0 short_writes_echo/s	97 cpu_user_milliseconds	621 cpu_system_milliseconds	0 minor_page_faults/s	0 major_page_faults/s	19474 yields/s	20 preempts/s
165002 milliseconds	3573 MB/s	56697 short_reads/s	0 short_writes_echo/s	76 cpu_user_milliseconds	642 cpu_system_milliseconds	0 minor_page_faults/s	0 major_page_faults/s	19385 yields/s	41 preempts/s
166002 milliseconds	3605 MB/s	56864 short_reads/s	0 short_writes_echo/s	97 cpu_user_milliseconds	635 cpu_system_milliseconds	0 minor_page_faults/s	0 major_page_faults/s	17457 yields/s	1 preempts/s
167002 milliseconds	3499 MB/s	54413 short_reads/s	0 short_writes_echo/s	85 cpu_user_milliseconds	649 cpu_system_milliseconds	0 minor_page_faults/s	0 major_page_faults/s	17884 yields/s	0 preempts/s
168002 milliseconds	3651 MB/s	58044 short_reads/s	0 short_writes_echo/s	77 cpu_user_milliseconds	640 cpu_system_milliseconds	0 minor_page_faults/s	0 major_page_faults/s	18015 yields/s	0 preempts/s
169002 milliseconds	3668 MB/s	57900 short_reads/s	0 short_writes_echo/s	90 cpu_user_milliseconds	627 cpu_system_milliseconds	0 minor_page_faults/s	0 major_page_faults/s	18288 yields/s	0 preempts/s
170002 milliseconds	3659 MB/s	57794 short_reads/s	0 short_writes_echo/s	80 cpu_user_milliseconds	636 cpu_system_milliseconds	0 minor_page_faults/s	0 major_page_faults/s	18493 yields/s	0 preempts/s
171002 milliseconds	3555 MB/s	55978 short_reads/s	0 short_writes_echo/s	107 cpu_user_milliseconds	625 cpu_system_milliseconds	0 minor_page_faults/s	0 major_page_faults/s	18091 yields/s	7 preempts/s
172002 milliseconds	3595 MB/s	56882 short_reads/s	0 short_writes_echo/s	99 cpu_user_milliseconds	619 cpu_system_milliseconds	0 minor_page_faults/s	0 major_page_faults/s	18779 yields/s	22 preempts/s
173002 milliseconds	3559 MB/s	56361 short_reads/s	0 short_writes_echo/s	85 cpu_user_milliseconds	636 cpu_system_milliseconds	0 minor_page_faults/s	0 major_page_faults/s	18756 yields/s	3 preempts/s
174002 milliseconds	3564 MB/s	56383 short_reads/s	0 short_writes_echo/s	91 cpu_user_milliseconds	629 cpu_system_milliseconds	0 minor_page_faults/s	0 major_page_faults/s	18791 yields/s	31 preempts/s
175002 milliseconds	3593 MB/s	56878 short_reads/s	0 short_writes_echo/s	99 cpu_user_milliseconds	620 cpu_system_milliseconds	0 minor_page_faults/s	0 major_page_faults/s	18414 yields/s	0 preempts/s
176002 milliseconds	3619 MB/s	57696 short_reads/s	0 short_writes_echo/s	99 cpu_user_milliseconds	646 cpu_system_milliseconds	0 minor_page_faults/s	0 major_page_faults/s	18637 yields/s	2 preempts/s
177002 milliseconds	3619 MB/s	57063 short_reads/s	0 short_writes_echo/s	85 cpu_user_milliseconds	648 cpu_system_milliseconds	0 minor_page_faults/s	0 major_page_faults/s	17523 yields/s	1 preempts/s
178002 milliseconds	3679 MB/s	57315 short_reads/s	0 short_writes_echo/s	87 cpu_user_milliseconds	633 cpu_system_milliseconds	0 minor_page_faults/s	0 major_page_faults/s	18055 yields/s	0 preempts/s
179002 milliseconds	3590 MB/s	57148 short_reads/s	0 short_writes_echo/s	98 cpu_user_milliseconds	612 cpu_system_milliseconds	0 minor_page_faults/s	0 major_page_faults/s	18376 yields/s	0 preempts/s
180002 milliseconds	3576 MB/s	56342 short_reads/s	0 short_writes_echo/s	93 cpu_user_milliseconds	635 cpu_system_milliseconds	0 minor_page_faults/s	0 major_page_faults/s	18071 yields/s	1 preempts/s
181002 milliseconds	3548 MB/s	55818 short_reads/s	0 short_writes_echo/s	114 cpu_user_milliseconds	616 cpu_system_milliseconds	0 minor_page_faults/s	0 major_page_faults/s	17915 yields/s	2 preempts/s
182002 milliseconds	3553 MB/s	55293 short_reads/s	0 short_writes_echo/s	84 cpu_user_milliseconds	660 cpu_system_milliseconds	0 minor_page_faults/s	0 major_page_faults/s	16993 yields/s	1 preempts/s
183002 milliseconds	3644 MB/s	57411 short_reads/s	0 short_writes_echo/s	86 cpu_user_milliseconds	630 cpu_system_milliseconds	0 minor_page_faults/s	0 major_page_faults/s	18353 yields/s	0 preempts/s
184002 milliseconds	3654 MB/s	58012 short_reads/s	0 short_writes_echo/s	91 cpu_user_milliseconds	629 cpu_system_milliseconds	0 minor_page_faults/s	0 major_page_faults/s	18222 yields/s	1 preempts/s
185002 milliseconds	3599 MB/s	56630 short_reads/s	0 short_writes_echo/s	101 cpu_user_milliseconds	621 cpu_system_milliseconds	0 minor_page_faults/s	0 major_page_faults/s	18462 yields/s	0 preempts/s
186002 milliseconds	3636 MB/s	57396 short_reads/s	0 short_writes_echo/s	103 cpu_user_milliseconds	625 cpu_system_milliseconds	0 minor_page_faults/s	0 major_page_faults/s	17771 yields/s	0 preempts/s
187002 milliseconds	3670 MB/s	57879 short_reads/s	0 short_writes_echo/s	86 cpu_user_milliseconds	632 cpu_system_milliseconds	0 minor_page_faults/s	0 major_page_faults/s	18015 yields/s	0 preempts/s
188002 milliseconds	3631 MB/s	58363 short_reads/s	0 short_writes_echo/s	100 cpu_user_milliseconds	640 cpu_system_milliseconds	0 minor_page_faults/s	0 major_page_faults/s	18579 yields/s	0 preempts/s
189002 milliseconds	3611 MB/s	56917 short_reads/s	0 short_writes_echo/s	101 cpu_user_milliseconds	629 cpu_system_milliseconds	0 minor_page_faults/s	0 major_page_faults/s	17694 yields/s	0 preempts/s
190002 milliseconds	3538 MB/s	56010 short_reads/s	0 short_writes_echo/s	89 cpu_user_milliseconds	629 cpu_system_milliseconds	0 minor_page_faults/s	0 major_page_faults/s	17465 yields/s	0 preempts/s
191002 milliseconds	3527 MB/s	55501 short_reads/s	0 short_writes_echo/s	94 cpu_user_milliseconds	629 cpu_system_milliseconds	0 minor_page_faults/s	0 major_page_faults/s	17484 yields/s	0 preempts/s
192002 milliseconds	3608 MB/s	56776 short_reads/s	0 short_writes_echo/s	86 cpu_user_milliseconds	634 cpu_system_milliseconds	0 minor_page_faults/s	0 major_page_faults/s	19022 yields/s	20 preempts/s
193002 milliseconds	3593 MB/s	56629 short_reads/s	0 short_writes_echo/s	92 cpu_user_milliseconds	631 cpu_system_milliseconds	0 minor_page_faults/s	0 major_page_faults/s	18846 yields/s	1 preempts/s
194002 milliseconds	3618 MB/s	57241 short_reads/s	0 short_writes_echo/s	76 cpu_user_milliseconds	644 cpu_system_milliseconds	0 minor_page_faults/s	0 major_page_faults/s	19178 yields/s	0 preempts/s
195002 milliseconds	3604 MB/s	57226 short_reads/s	0 short_writes_echo/s	92 cpu_user_milliseconds	623 cpu_system_milliseconds	0 minor_page_faults/s	0 major_page_faults/s	19503 yields/s	12 preempts/s
196002 milliseconds	3600 MB/s	56739 short_reads/s	0 short_writes_echo/s	78 cpu_user_milliseconds	647 cpu_system_milliseconds	0 minor_page_faults/s	0 major_page_faults/s	18174 yields/s	1 preempts/s
197002 milliseconds	3622 MB/s	57209 short_reads/s	0 short_writes_echo/s	79 cpu_user_milliseconds	648 cpu_system_milliseconds	0 minor_page_faults/s	0 major_page_faults/s	17595 yields/s	10 preempts/s
198002 milliseconds	3616 MB/s	56367 short_reads/s	0 short_writes_echo/s	99 cpu_user_milliseconds	638 cpu_system_milliseconds	0 minor_page_faults/s	0 major_page_faults/s	17998 yields/s	0 preempts/s
199002 milliseconds	3640 MB/s	57585 short_reads/s	0 short_writes_echo/s	90 cpu_user_milliseconds	627 cpu_system_milliseconds	0 minor_page_faults/s	0 major_page_faults/s	18419 yields/s	0 preempts/s
200002 milliseconds	3563 MB/s	56031 short_reads/s	0 short_writes_echo/s	94 cpu_user_milliseconds	631 cpu_system_milliseconds	0 minor_page_faults/s	0 major_page_faults/s	18716 yields/s	1 preempts/s
201002 milliseconds	3559 MB/s	56278 short_reads/s	0 short_writes_echo/s	85 cpu_user_milliseconds	644 cpu_system_milliseconds	0 minor_page_faults/s	0 major_page_faults/s	17739 yields/s	3 preempts/s
202002 milliseconds	3622 MB/s	57308 short_reads/s	0 short_writes_echo/s	88 cpu_user_milliseconds	628 cpu_system_milliseconds	0 minor_page_faults/s	0 major_page_faults/s	18635 yields/s	0 preempts/s
203002 milliseconds	3610 MB/s	56981 short_reads/s	0 short_writes_echo/s	97 cpu_user_milliseconds	624 cpu_system_milliseconds	0 minor_page_faults/s	0 major_page_faults/s	18726 yields/s	0 preempts/s
204002 milliseconds	3659 MB/s	57857 short_reads/s	0 short_writes_echo/s	95 cpu_user_milliseconds	623 cpu_system_milliseconds	0 minor_page_faults/s	0 major_page_faults/s	18154 yields/s	2 preempts/s
205002 milliseconds	3640 MB/s	57619 short_reads/s	0 short_writes_echo/s	102 cpu_user_milliseconds	616 cpu_system_milliseconds	0 minor_page_faults/s	0 major_page_faults/s	18395 yields/s	0 preempts/s
206002 milliseconds	3543 MB/s	56266 short_reads/s	0 short_writes_echo/s	88 cpu_user_milliseconds	631 cpu_system_milliseconds	0 minor_page_faults/s	0 major_page_faults/s	18707 yields/s	2 preempts/s
207002 milliseconds	3614 MB/s	57350 short_reads/s	0 short_writes_echo/s	108 cpu_user_milliseconds	607 cpu_system_milliseconds	0 minor_page_faults/s	0 major_page_faults/s	18862 yields/s	0 preempts/s
208002 milliseconds	3556 MB/s	56440 short_reads/s	0 short_writes_echo/s	94 cpu_user_milliseconds	632 cpu_system_milliseconds	0 minor_page_faults/s	0 major_page_faults/s	18023 yields/s	9 preempts/s
209002 milliseconds	3662 MB/s	57375 short_reads/s	0 short_writes_echo/s	99 cpu_user_milliseconds	618 cpu_system_milliseconds	0 minor_page_faults/s	0 major_page_faults/s	18354 yields/s	2 preempts/s
210002 milliseconds	3673 MB/s	57902 short_reads/s	0 short_writes_echo/s	98 cpu_user_milliseconds	618 cpu_system_milliseconds	0 minor_page_faults/s	0 major_page_faults/s	18286 yields/s	1 preempts/s
211002 milliseconds	3545 MB/s	55812 short_reads/s	0 short_writes_echo/s	68 cpu_user_milliseconds	664 cpu_system_milliseconds	0 minor_page_faults/s	0 major_page_faults/s	17412 yields/s	1 preempts/s
212002 milliseconds	3667 MB/s	58111 short_reads/s	0 short_writes_echo/s	105 cpu_user_milliseconds	611 cpu_system_milliseconds	0 minor_page_faults/s	0 major_page_faults/s	18274 yields/s	0 preempts/s
213002 milliseconds	3559 MB/s	56668 short_reads/s	0 short_writes_echo/s	74 cpu_user_milliseconds	640 cpu_system_milliseconds	0 minor_page_faults/s	0 major_page_faults/s	18022 yields/s	0 preempts/s
214002 milliseconds	3628 MB/s	57113 short_reads/s	0 short_writes_echo/s	100 cpu_user_milliseconds	624 cpu_system_milliseconds	0 minor_page_faults/s	0 major_page_faults/s	18222 yields/s	0 preempts/s
215002 milliseconds	3641 MB/s	57866 short_reads/s	0 short_writes_echo/s	87 cpu_user_milliseconds	630 cpu_system_milliseconds	0 minor_page_faults/s	0 major_page_faults/s	18321 yields/s	0 preempts/s
216002 milliseconds	3578 MB/s	56386 short_reads/s	0 short_writes_echo/s	96 cpu_user_milliseconds	633 cpu_system_milliseconds	0 minor_page_faults/s	0 major_page_faults/s	17243 yields/s	5 preempts/s
217002 milliseconds	3618 MB/s	57154 short_reads/s	0 short_writes_echo/s	90 cpu_user_milliseconds	628 cpu_system_milliseconds	0 minor_page_faults/s	0 major_page_faults/s	18443 yields/s	0 preempts/s
218002 milliseconds	3620 MB/s	56849 short_reads/s	0 short_writes_echo/s	105 cpu_user_milliseconds	619 cpu_system_milliseconds	0 minor_page_faults/s	0 major_page_faults/s	17590 yields/s	0 preempts/s
219003 milliseconds	3667 MB/s	57659 short_reads/s	0 short_writes_echo/s	95 cpu_user_milliseconds	623 cpu_system_milliseconds	0 minor_page_faults/s	0 major_page_faults/s	18041 yields/s	0 preempts/s
220003 milliseconds	3659 MB/s	58276 short_reads/s	0 short_writes_echo/s	77 cpu_user_milliseconds	640 cpu_system_milliseconds	0 minor_page_faults/s	0 major_page_faults/s	18340 yields/s	0 preempts/s
221003 milliseconds	3586 MB/s	56839 short_reads/s	0 short_writes_echo/s	80 cpu_user_milliseconds	641 cpu_system_milliseconds	0 minor_page_faults/s	0 major_page_faults/s	17721 yields/s	2 preempts/s
222003 milliseconds	3630 MB/s	57346 short_reads/s	0 short_writes_echo/s	87 cpu_user_milliseconds	632 cpu_system_milliseconds	0 minor_page_faults/s	0 major_page_faults/s	18559 yields/s	0 preempts/s
223003 milliseconds	3612 MB/s	57367 short_reads/s	0 short_writes_echo/s	87 cpu_user_milliseconds	627 cpu_system_milliseconds	0 minor_page_faults/s	0 major_page_faults/s	18964 yields/s	21 preempts/s
224003 milliseconds	3601 MB/s	57097 short_reads/s	0 short_writes_echo/s	86 cpu_user_milliseconds	631 cpu_system_milliseconds	0 minor_page_faults/s	0 major_page_faults/s	18690 yields/s	0 preempts/s
225003 milliseconds	3591 MB/s	56679 short_reads/s	0 short_writes_echo/s	90 cpu_user_milliseconds	637 cpu_system_milliseconds	0 minor_page_faults/s	0 major_page_faults/s	18423 yields/s	0 preempts/s
226003 milliseconds	3590 MB/s	56898 short_reads/s	0 short_writes_echo/s	111 cpu_user_milliseconds	612 cpu_system_milliseconds	0 minor_page_faults/s	0 major_page_faults/s	18085 yields/s	5 preempts/s
227003 milliseconds	3556 MB/s	56655 short_reads/s	0 short_writes_echo/s	94 cpu_user_milliseconds	626 cpu_system_milliseconds	0 minor_page_faults/s	0 major_page_faults/s	19477 yields/s	48 preempts/s
228003 milliseconds	3587 MB/s	56739 short_reads/s	0 short_writes_echo/s	86 cpu_user_milliseconds	631 cpu_system_milliseconds	0 minor_page_faults/s	0 major_page_faults/s	18921 yields/s	0 preempts/s
229003 milliseconds	3668 MB/s	58076 short_reads/s	0 short_writes_echo/s	92 cpu_user_milliseconds	627 cpu_system_milliseconds	0 minor_page_faults/s	0 major_page_faults/s	18064 yields/s	0 preempts/s
230003 milliseconds	3633 MB/s	57375 short_reads/s	0 short_writes_echo/s	87 cpu_user_milliseconds	638 cpu_system_milliseconds	0 minor_page_faults/s	0 major_page_faults/s	17483 yields/s	0 preempts/s
231003 milliseconds	3562 MB/s	56093 short_reads/s	0 short_writes_echo/s	90 cpu_user_milliseconds	642 cpu_system_milliseconds	0 minor_page_faults/s	0 major_page_faults/s	17563 yields/s	1 preempts/s
232003 milliseconds	3559 MB/s	55448 short_reads/s	0 short_writes_echo/s	104 cpu_user_milliseconds	636 cpu_system_milliseconds	0 minor_page_faults/s	0 major_page_faults/s	17404 yields/s	1 preempts/s
233003 milliseconds	3636 MB/s	57284 short_reads/s	0 short_writes_echo/s	95 cpu_user_milliseconds	631 cpu_system_milliseconds	0 minor_page_faults/s	0 major_page_faults/s	18889 yields/s	1 preempts/s
234003 milliseconds	3606 MB/s	57218 short_reads/s	0 short_writes_echo/s	90 cpu_user_milliseconds	631 cpu_system_milliseconds	0 minor_page_faults/s	0 major_page_faults/s	18319 yields/s	1 preempts/s
235003 milliseconds	3611 MB/s	57683 short_reads/s	0 short_writes_echo/s	85 cpu_user_milliseconds	635 cpu_system_milliseconds	0 minor_page_faults/s	0 major_page_faults/s	20386 yields/s	0 preempts/s
236003 milliseconds	3512 MB/s	55625 short_reads/s	0 short_writes_echo/s	93 cpu_user_milliseconds	643 cpu_system_milliseconds	0 minor_page_faults/s	0 major_page_faults/s	18149 yields/s	3 preempts/s
237003 milliseconds	3613 MB/s	57050 short_reads/s	0 short_writes_echo/s	98 cpu_user_milliseconds	624 cpu_system_milliseconds	0 minor_page_faults/s	0 major_page_faults/s	18396 yields/s	0 preempts/s
238003 milliseconds	3642 MB/s	57388 short_reads/s	0 short_writes_echo/s	101 cpu_user_milliseconds	622 cpu_system_milliseconds	0 minor_page_faults/s	0 major_page_faults/s	17782 yields/s	1 preempts/s
239003 milliseconds	3577 MB/s	57261 short_reads/s	0 short_writes_echo/s	89 cpu_user_milliseconds	622 cpu_system_milliseconds	0 minor_page_faults/s	0 major_page_faults/s	18225 yields/s	0 preempts/s
240003 milliseconds	3687 MB/s	58574 short_reads/s	0 short_writes_echo/s	99 cpu_user_milliseconds	624 cpu_system_milliseconds	0 minor_page_faults/s	0 major_page_faults/s	17429 yields/s	0 preempts/s
