1000 milliseconds	601 MB/s	0 short_reads/s	0 short_writes_echo/s	155 cpu_user_milliseconds	466 cpu_system_milliseconds	171 minor_page_faults/s	0 major_page_faults/s	63550 yields/s	0 preempts/s
2000 milliseconds	628 MB/s	0 short_reads/s	0 short_writes_echo/s	105 cpu_user_milliseconds	499 cpu_system_milliseconds	4 minor_page_faults/s	0 major_page_faults/s	68833 yields/s	1 preempts/s
3000 milliseconds	756 MB/s	0 short_reads/s	0 short_writes_echo/s	177 cpu_user_milliseconds	476 cpu_system_milliseconds	0 minor_page_faults/s	0 major_page_faults/s	48661 yields/s	24 preempts/s
4000 milliseconds	1123 MB/s	0 short_reads/s	0 short_writes_echo/s	247 cpu_user_milliseconds	502 cpu_system_milliseconds	0 minor_page_faults/s	0 major_page_faults/s	13904 yields/s	1 preempts/s
5000 milliseconds	1107 MB/s	1 short_reads/s	0 short_writes_echo/s	226 cpu_user_milliseconds	522 cpu_system_milliseconds	0 minor_page_faults/s	0 major_page_faults/s	13820 yields/s	21 preempts/s
6000 milliseconds	1109 MB/s	1 short_reads/s	0 short_writes_echo/s	238 cpu_user_milliseconds	507 cpu_system_milliseconds	0 minor_page_faults/s	0 major_page_faults/s	13904 yields/s	20 preempts/s
7000 milliseconds	1117 MB/s	0 short_reads/s	0 short_writes_echo/s	244 cpu_user_milliseconds	504 cpu_system_milliseconds	0 minor_page_faults/s	0 major_page_faults/s	14163 yields/s	1 preempts/s
8000 milliseconds	1087 MB/s	1 short_reads/s	0 short_writes_echo/s	214 cpu_user_milliseconds	532 cpu_system_milliseconds	0 minor_page_faults/s	0 major_page_faults/s	13376 yields/s	4 preempts/s
9000 milliseconds	1097 MB/s	8 short_reads/s	0 short_writes_echo/s	225 cpu_user_milliseconds	542 cpu_system_milliseconds	0 minor_page_faults/s	0 major_page_faults/s	12593 yields/s	2 preempts/s
10000 milliseconds	1135 MB/s	1 short_reads/s	0 short_writes_echo/s	232 cpu_user_milliseconds	519 cpu_system_milliseconds	0 minor_page_faults/s	0 major_page_faults/s	14046 yields/s	0 preempts/s
11000 milliseconds	1127 MB/s	5 short_reads/s	0 short_writes_echo/s	222 cpu_user_milliseconds	523 cpu_system_milliseconds	0 minor_page_faults/s	0 major_page_faults/s	14442 yields/s	2 preempts/s
12000 milliseconds	1136 MB/s	9 short_reads/s	0 short_writes_echo/s	211 cpu_user_milliseconds	540 cpu_system_milliseconds	0 minor_page_faults/s	0 major_page_faults/s	14040 yields/s	0 preempts/s
13000 milliseconds	1099 MB/s	9 short_reads/s	0 short_writes_echo/s	240 cpu_user_milliseconds	506 cpu_system_milliseconds	0 minor_page_faults/s	0 major_page_faults/s	14004 yields/s	4 preempts/s
14000 milliseconds	1084 MB/s	9 short_reads/s	0 short_writes_echo/s	245 cpu_user_milliseconds	501 cpu_system_milliseconds	0 minor_page_faults/s	0 major_page_faults/s	13771 yields/s	0 preempts/s
15000 milliseconds	1024 MB/s	7 short_reads/s	0 short_writes_echo/s	201 cpu_user_milliseconds	555 cpu_system_milliseconds	0 minor_page_faults/s	0 major_page_faults/s	13173 yields/s	1 preempts/s
16000 milliseconds	1131 MB/s	7 short_reads/s	0 short_writes_echo/s	231 cpu_user_milliseconds	505 cpu_system_milliseconds	0 minor_page_faults/s	0 major_page_faults/s	14646 yields/s	0 preempts/s
17000 milliseconds	1116 MB/s	0 short_reads/s	0 short_writes_echo/s	222 cpu_user_milliseconds	525 cpu_system_milliseconds	0 minor_page_faults/s	0 major_page_faults/s	13946 yields/s	0 preempts/s
18000 milliseconds	1154 MB/s	4 short_reads/s	0 short_writes_echo/s	229 cpu_user_milliseconds	555 cpu_system_milliseconds	0 minor_page_faults/s	0 major_page_faults/s	11986 yields/s	11 preempts/s
19000 milliseconds	1143 MB/s	0 short_reads/s	0 short_writes_echo/s	206 cpu_user_milliseconds	545 cpu_system_milliseconds	0 minor_page_faults/s	0 major_page_faults/s	14452 yields/s	21 preempts/s
20000 milliseconds	1117 MB/s	5 short_reads/s	0 short_writes_echo/s	205 cpu_user_milliseconds	546 cpu_system_milliseconds	0 minor_page_faults/s	0 major_page_faults/s	14258 yields/s	1 preempts/s
21000 milliseconds	1142 MB/s	0 short_reads/s	0 short_writes_echo/s	222 cpu_user_milliseconds	527 cpu_system_milliseconds	0 minor_page_faults/s	0 major_page_faults/s	14579 yields/s	0 preempts/s
22000 milliseconds	1142 MB/s	1 short_reads/s	0 short_writes_echo/s	216 cpu_user_milliseconds	528 cpu_system_milliseconds	0 minor_page_faults/s	0 major_page_faults/s	14736 yields/s	0 preempts/s
23000 milliseconds	1050 MB/s	3 short_reads/s	0 short_writes_echo/s	204 cpu_user_milliseconds	547 cpu_system_milliseconds	0 minor_page_faults/s	0 major_page_faults/s	12761 yields/s	66 preempts/s
24000 milliseconds	1111 MB/s	13 short_reads/s	0 short_writes_echo/s	229 cpu_user_milliseconds	526 cpu_system_milliseconds	0 minor_page_faults/s	0 major_page_faults/s	13179 yields/s	0 preempts/s
25000 milliseconds	1144 MB/s	0 short_reads/s	0 short_writes_echo/s	226 cpu_user_milliseconds	522 cpu_system_milliseconds	0 minor_page_faults/s	0 major_page_faults/s	14677 yields/s	0 preempts/s
26000 milliseconds	1140 MB/s	0 short_reads/s	0 short_writes_echo/s	245 cpu_user_milliseconds	504 cpu_system_milliseconds	0 minor_page_faults/s	0 major_page_faults/s	14387 yields/s	0 preempts/s
27000 milliseconds	1119 MB/s	3 short_reads/s	0 short_writes_echo/s	221 cpu_user_milliseconds	525 cpu_system_milliseconds	0 minor_page_faults/s	0 major_page_faults/s	14521 yields/s	1 preempts/s
28000 milliseconds	1135 MB/s	13 short_reads/s	0 short_writes_echo/s	234 cpu_user_milliseconds	554 cpu_system_milliseconds	0 minor_page_faults/s	0 major_page_faults/s	8477 yields/s	10 preempts/s
29000 milliseconds	1210 MB/s	0 short_reads/s	0 short_writes_echo/s	238 cpu_user_milliseconds	532 cpu_system_milliseconds	0 minor_page_faults/s	0 major_page_faults/s	6745 yields/s	0 preempts/s
30000 milliseconds	1137 MB/s	0 short_reads/s	0 short_writes_echo/s	232 cpu_user_milliseconds	541 cpu_system_milliseconds	0 minor_page_faults/s	0 major_page_faults/s	6488 yields/s	12 preempts/s
31000 milliseconds	1217 MB/s	0 short_reads/s	0 short_writes_echo/s	222 cpu_user_milliseconds	549 cpu_system_milliseconds	0 minor_page_faults/s	0 major_page_faults/s	6778 yields/s	0 preempts/s
32000 milliseconds	1090 MB/s	0 short_reads/s	0 short_writes_echo/s	215 cpu_user_milliseconds	576 cpu_system_milliseconds	0 minor_page_faults/s	0 major_page_faults/s	8796 yields/s	2 preempts/s
33000 milliseconds	1154 MB/s	0 short_reads/s	0 short_writes_echo/s	247 cpu_user_milliseconds	534 cpu_system_milliseconds	0 minor_page_faults/s	0 major_page_faults/s	12568 yields/s	1 preempts/s
34000 milliseconds	1134 MB/s	15 short_reads/s	0 short_writes_echo/s	225 cpu_user_milliseconds	523 cpu_system_milliseconds	0 minor_page_faults/s	0 major_page_faults/s	14338 yields/s	2 preempts/s
35000 milliseconds	1133 MB/s	11 short_reads/s	0 short_writes_echo/s	234 cpu_user_milliseconds	529 cpu_system_milliseconds	0 minor_page_faults/s	0 major_page_faults/s	13590 yields/s	1 preempts/s
36000 milliseconds	1112 MB/s	3 short_reads/s	0 short_writes_echo/s	198 cpu_user_milliseconds	549 cpu_system_milliseconds	0 minor_page_faults/s	0 major_page_faults/s	14100 yields/s	1 preempts/s
37000 milliseconds	1081 MB/s	0 short_reads/s	0 short_writes_echo/s	196 cpu_user_milliseconds	586 cpu_system_milliseconds	0 minor_page_faults/s	0 major_page_faults/s	12056 yields/s	0 preempts/s
38000 milliseconds	1080 MB/s	3 short_reads/s	0 short_writes_echo/s	214 cpu_user_milliseconds	531 cpu_system_milliseconds	0 minor_page_faults/s	0 major_page_faults/s	13665 yields/s	25 preempts/s
39000 milliseconds	1108 MB/s	0 short_reads/s	0 short_writes_echo/s	230 cpu_user_milliseconds	522 cpu_system_milliseconds	0 minor_page_faults/s	0 major_page_faults/s	13960 yields/s	0 preempts/s
40000 milliseconds	1119 MB/s	15 short_reads/s	0 short_writes_echo/s	236 cpu_user_milliseconds	507 cpu_system_milliseconds	0 minor_page_faults/s	0 major_page_faults/s	14346 yields/s	0 preempts/s
41000 milliseconds	1128 MB/s	0 short_reads/s	0 short_writes_echo/s	234 cpu_user_milliseconds	513 cpu_system_milliseconds	0 minor_page_faults/s	0 major_page_faults/s	14407 yields/s	0 preempts/s
42000 milliseconds	1116 MB/s	0 short_reads/s	0 short_writes_echo/s	229 cpu_user_milliseconds	518 cpu_system_milliseconds	0 minor_page_faults/s	0 major_page_faults/s	14332 yields/s	0 preempts/s
43000 milliseconds	1089 MB/s	3 short_reads/s	0 short_writes_echo/s	206 cpu_user_milliseconds	556 cpu_system_milliseconds	0 minor_page_faults/s	0 major_page_faults/s	12518 yields/s	4 preempts/s
44000 milliseconds	1153 MB/s	0 short_reads/s	0 short_writes_echo/s	244 cpu_user_milliseconds	516 cpu_system_milliseconds	0 minor_page_faults/s	0 major_page_faults/s	13989 yields/s	0 preempts/s
45000 milliseconds	1076 MB/s	0 short_reads/s	0 short_writes_echo/s	212 cpu_user_milliseconds	546 cpu_system_milliseconds	0 minor_page_faults/s	0 major_page_faults/s	13489 yields/s	0 preempts/s
46000 milliseconds	1139 MB/s	0 short_reads/s	0 short_writes_echo/s	236 cpu_user_milliseconds	512 cpu_system_milliseconds	0 minor_page_faults/s	0 major_page_faults/s	14388 yields/s	0 preempts/s
47000 milliseconds	1077 MB/s	0 short_reads/s	0 short_writes_echo/s	228 cpu_user_milliseconds	516 cpu_system_milliseconds	0 minor_page_faults/s	0 major_page_faults/s	13457 yields/s	5 preempts/s
48000 milliseconds	1129 MB/s	0 short_reads/s	0 short_writes_echo/s	244 cpu_user_milliseconds	518 cpu_system_milliseconds	0 minor_page_faults/s	0 major_page_faults/s	13078 yields/s	103 preempts/s
49000 milliseconds	1144 MB/s	1 short_reads/s	0 short_writes_echo/s	223 cpu_user_milliseconds	520 cpu_system_milliseconds	0 minor_page_faults/s	0 major_page_faults/s	14580 yields/s	1 preempts/s
50000 milliseconds	1107 MB/s	0 short_reads/s	0 short_writes_echo/s	233 cpu_user_milliseconds	504 cpu_system_milliseconds	0 minor_page_faults/s	0 major_page_faults/s	14134 yields/s	21 preempts/s
51000 milliseconds	1137 MB/s	0 short_reads/s	0 short_writes_echo/s	209 cpu_user_milliseconds	535 cpu_system_milliseconds	0 minor_page_faults/s	0 major_page_faults/s	14290 yields/s	23 preempts/s
52000 milliseconds	1097 MB/s	9 short_reads/s	0 short_writes_echo/s	219 cpu_user_milliseconds	528 cpu_system_milliseconds	0 minor_page_faults/s	0 major_page_faults/s	13781 yields/s	53 preempts/s
53000 milliseconds	1110 MB/s	7 short_reads/s	0 short_writes_echo/s	228 cpu_user_milliseconds	529 cpu_system_milliseconds	0 minor_page_faults/s	0 major_page_faults/s	13520 yields/s	0 preempts/s
54000 milliseconds	1141 MB/s	9 short_reads/s	0 short_writes_echo/s	219 cpu_user_milliseconds	526 cpu_system_milliseconds	0 minor_page_faults/s	0 major_page_faults/s	14572 yields/s	0 preempts/s
55000 milliseconds	1129 MB/s	1 short_reads/s	0 short_writes_echo/s	213 cpu_user_milliseconds	528 cpu_system_milliseconds	0 minor_page_faults/s	0 major_page_faults/s	14573 yields/s	1 preempts/s
56000 milliseconds	1092 MB/s	0 short_reads/s	0 short_writes_echo/s	205 cpu_user_milliseconds	534 cpu_system_milliseconds	0 minor_page_faults/s	0 major_page_faults/s	14040 yields/s	0 preempts/s
57000 milliseconds	1147 MB/s	15 short_reads/s	0 short_writes_echo/s	205 cpu_user_milliseconds	545 cpu_system_milliseconds	0 minor_page_faults/s	0 major_page_faults/s	14502 yields/s	0 preempts/s
58000 milliseconds	1129 MB/s	3 short_reads/s	0 short_writes_echo/s	231 cpu_user_milliseconds	518 cpu_system_milliseconds	0 minor_page_faults/s	0 major_page_faults/s	13947 yields/s	0 preempts/s
59000 milliseconds	1143 MB/s	9 short_reads/s	0 short_writes_echo/s	232 cpu_user_milliseconds	516 cpu_system_milliseconds	0 minor_page_faults/s	0 major_page_faults/s	14460 yields/s	0 preempts/s
60000 milliseconds	1133 MB/s	0 short_reads/s	0 short_writes_echo/s	219 cpu_user_milliseconds	525 cpu_system_milliseconds	0 minor_page_faults/s	0 major_page_faults/s	14414 yields/s	0 preempts/s
61000 milliseconds	1144 MB/s	0 short_reads/s	0 short_writes_echo/s	206 cpu_user_milliseconds	535 cpu_system_milliseconds	0 minor_page_faults/s	0 major_page_faults/s	14703 yields/s	0 preempts/s
62000 milliseconds	1122 MB/s	11 short_reads/s	0 short_writes_echo/s	237 cpu_user_milliseconds	506 cpu_system_milliseconds	0 minor_page_faults/s	0 major_page_faults/s	14283 yields/s	0 preempts/s
63000 milliseconds	1116 MB/s	1 short_reads/s	0 short_writes_echo/s	200 cpu_user_milliseconds	540 cpu_system_milliseconds	0 minor_page_faults/s	0 major_page_faults/s	13944 yields/s	0 preempts/s
64000 milliseconds	1129 MB/s	0 short_reads/s	0 short_writes_echo/s	238 cpu_user_milliseconds	522 cpu_system_milliseconds	0 minor_page_faults/s	0 major_page_faults/s	13834 yields/s	0 preempts/s
65000 milliseconds	1130 MB/s	1 short_reads/s	0 short_writes_echo/s	236 cpu_user_milliseconds	513 cpu_system_milliseconds	0 minor_page_faults/s	0 major_page_faults/s	14266 yields/s	1 preempts/s
66000 milliseconds	1144 MB/s	0 short_reads/s	0 short_writes_echo/s	233 cpu_user_milliseconds	512 cpu_system_milliseconds	0 minor_page_faults/s	0 major_page_faults/s	14513 yields/s	0 preempts/s
67000 milliseconds	1143 MB/s	1 short_reads/s	0 short_writes_echo/s	225 cpu_user_milliseconds	525 cpu_system_milliseconds	0 minor_page_faults/s	0 major_page_faults/s	14433 yields/s	0 preempts/s
68000 milliseconds	1082 MB/s	19 short_reads/s	0 short_writes_echo/s	214 cpu_user_milliseconds	535 cpu_system_milliseconds	0 minor_page_faults/s	0 major_page_faults/s	13122 yields/s	7 preempts/s
69000 milliseconds	1132 MB/s	1 short_reads/s	0 short_writes_echo/s	208 cpu_user_milliseconds	544 cpu_system_milliseconds	0 minor_page_faults/s	0 major_page_faults/s	14002 yields/s	0 preempts/s
70000 milliseconds	1094 MB/s	3 short_reads/s	0 short_writes_echo/s	225 cpu_user_milliseconds	513 cpu_system_milliseconds	0 minor_page_faults/s	0 major_page_faults/s	14052 yields/s	1 preempts/s
71000 milliseconds	1130 MB/s	0 short_reads/s	0 short_writes_echo/s	223 cpu_user_milliseconds	521 cpu_system_milliseconds	0 minor_page_faults/s	0 major_page_faults/s	14486 yields/s	0 preempts/s
72000 milliseconds	1100 MB/s	3 short_reads/s	0 short_writes_echo/s	223 cpu_user_milliseconds	531 cpu_system_milliseconds	0 minor_page_faults/s	0 major_page_faults/s	13685 yields/s	1 preempts/s
73000 milliseconds	1104 MB/s	1 short_reads/s	0 short_writes_echo/s	228 cpu_user_milliseconds	513 cpu_system_milliseconds	0 minor_page_faults/s	0 major_page_faults/s	13745 yields/s	6 preempts/s
74000 milliseconds	1120 MB/s	1 short_reads/s	0 short_writes_echo/s	211 cpu_user_milliseconds	534 cpu_system_milliseconds	0 minor_page_faults/s	0 major_page_faults/s	14156 yields/s	1 preempts/s
75000 milliseconds	1121 MB/s	0 short_reads/s	0 short_writes_echo/s	221 cpu_user_milliseconds	523 cpu_system_milliseconds	0 minor_page_faults/s	0 major_page_faults/s	14286 yields/s	5 preempts/s
76000 milliseconds	1103 MB/s	0 short_reads/s	0 short_writes_echo/s	209 cpu_user_milliseconds	542 cpu_system_milliseconds	0 minor_page_faults/s	0 major_page_faults/s	13367 yields/s	70 preempts/s
77000 milliseconds	1127 MB/s	1 short_reads/s	0 short_writes_echo/s	218 cpu_user_milliseconds	529 cpu_system_milliseconds	0 minor_page_faults/s	0 major_page_faults/s	14092 yields/s	0 preempts/s
78000 milliseconds	1106 MB/s	13 short_reads/s	0 short_writes_echo/s	233 cpu_user_milliseconds	523 cpu_system_milliseconds	0 minor_page_faults/s	0 major_page_faults/s	13464 yields/s	2 preempts/s
79000 milliseconds	1113 MB/s	5 short_reads/s	0 short_writes_echo/s	240 cpu_user_milliseconds	511 cpu_system_milliseconds	0 minor_page_faults/s	0 major_page_faults/s	14034 yields/s	3 preempts/s
80000 milliseconds	1136 MB/s	1 short_reads/s	0 short_writes_echo/s	225 cpu_user_milliseconds	517 cpu_system_milliseconds	0 minor_page_faults/s	0 major_page_faults/s	14545 yields/s	0 preempts/s
81000 milliseconds	1085 MB/s	0 short_reads/s	0 short_writes_echo/s	228 cpu_user_milliseconds	532 cpu_system_milliseconds	0 minor_page_faults/s	0 major_page_faults/s	13399 yields/s	0 preempts/s
82000 milliseconds	1134 MB/s	11 short_reads/s	0 short_writes_echo/s	210 cpu_user_milliseconds	551 cpu_system_milliseconds	0 minor_page_faults/s	0 major_page_faults/s	13560 yields/s	0 preempts/s
83000 milliseconds	1180 MB/s	5 short_reads/s	0 short_writes_echo/s	227 cpu_user_milliseconds	556 cpu_system_milliseconds	0 minor_page_faults/s	0 major_page_faults/s	9071 yields/s	1 preempts/s
84000 milliseconds	1216 MB/s	0 short_reads/s	0 short_writes_echo/s	256 cpu_user_milliseconds	518 cpu_system_milliseconds	0 minor_page_faults/s	0 major_page_faults/s	6469 yields/s	0 preempts/s
85000 milliseconds	1226 MB/s	0 short_reads/s	0 short_writes_echo/s	241 cpu_user_milliseconds	541 cpu_system_milliseconds	0 minor_page_faults/s	0 major_page_faults/s	6400 yields/s	0 preempts/s
86000 milliseconds	1218 MB/s	0 short_reads/s	0 short_writes_echo/s	244 cpu_user_milliseconds	545 cpu_system_milliseconds	0 minor_page_faults/s	0 major_page_faults/s	6167 yields/s	0 preempts/s
87000 milliseconds	1231 MB/s	0 short_reads/s	0 short_writes_echo/s	230 cpu_user_milliseconds	552 cpu_system_milliseconds	0 minor_page_faults/s	0 major_page_faults/s	6453 yields/s	0 preempts/s
88000 milliseconds	1180 MB/s	0 short_reads/s	0 short_writes_echo/s	223 cpu_user_milliseconds	552 cpu_system_milliseconds	0 minor_page_faults/s	0 major_page_faults/s	6175 yields/s	53 preempts/s
89000 milliseconds	1225 MB/s	0 short_reads/s	0 short_writes_echo/s	246 cpu_user_milliseconds	536 cpu_system_milliseconds	0 minor_page_faults/s	0 major_page_faults/s	6177 yields/s	63 preempts/s
90000 milliseconds	1201 MB/s	0 short_reads/s	0 short_writes_echo/s	228 cpu_user_milliseconds	553 cpu_system_milliseconds	0 minor_page_faults/s	0 major_page_faults/s	6423 yields/s	0 preempts/s
91000 milliseconds	1201 MB/s	0 short_reads/s	0 short_writes_echo/s	234 cpu_user_milliseconds	541 cpu_system_milliseconds	0 minor_page_faults/s	0 major_page_faults/s	6462 yields/s	2 preempts/s
92000 milliseconds	1160 MB/s	0 short_reads/s	0 short_writes_echo/s	211 cpu_user_milliseconds	564 cpu_system_milliseconds	0 minor_page_faults/s	0 major_page_faults/s	6240 yields/s	0 preempts/s
93000 milliseconds	1180 MB/s	0 short_reads/s	0 short_writes_echo/s	216 cpu_user_milliseconds	571 cpu_system_milliseconds	0 minor_page_faults/s	0 major_page_faults/s	6009 yields/s	0 preempts/s
94000 milliseconds	1209 MB/s	0 short_reads/s	0 short_writes_echo/s	225 cpu_user_milliseconds	557 cpu_system_milliseconds	0 minor_page_faults/s	0 major_page_faults/s	6393 yields/s	0 preempts/s
95000 milliseconds	1182 MB/s	0 short_reads/s	0 short_writes_echo/s	225 cpu_user_milliseconds	547 cpu_system_milliseconds	0 minor_page_faults/s	0 major_page_faults/s	6365 yields/s	1 preempts/s
96000 milliseconds	1163 MB/s	0 short_reads/s	0 short_writes_echo/s	247 cpu_user_milliseconds	567 cpu_system_milliseconds	0 minor_page_faults/s	0 major_page_faults/s	5232 yields/s	7 preempts/s
97000 milliseconds	1189 MB/s	0 short_reads/s	0 short_writes_echo/s	230 cpu_user_milliseconds	539 cpu_system_milliseconds	0 minor_page_faults/s	0 major_page_faults/s	6557 yields/s	0 preempts/s
98002 milliseconds	991 MB/s	107 short_reads/s	0 short_writes_echo/s	190 cpu_user_milliseconds	539 cpu_system_milliseconds	0 minor_page_faults/s	0 major_page_faults/s	4731 yields/s	35 preempts/s
99002 milliseconds	646 MB/s	379 short_reads/s	0 short_writes_echo/s	165 cpu_user_milliseconds	389 cpu_system_milliseconds	0 minor_page_faults/s	0 major_page_faults/s	1253 yields/s	321 preempts/s
100002 milliseconds	824 MB/s	0 short_reads/s	0 short_writes_echo/s	182 cpu_user_milliseconds	568 cpu_system_milliseconds	0 minor_page_faults/s	0 major_page_faults/s	4047 yields/s	75 preempts/s
101002 milliseconds	906 MB/s	0 short_reads/s	0 short_writes_echo/s	222 cpu_user_milliseconds	701 cpu_system_milliseconds	0 minor_page_faults/s	0 major_page_faults/s	1363 yields/s	16 preempts/s
102002 milliseconds	947 MB/s	0 short_reads/s	0 short_writes_echo/s	221 cpu_user_milliseconds	777 cpu_system_milliseconds	0 minor_page_faults/s	0 major_page_faults/s	0 yields/s	8 preempts/s
103002 milliseconds	948 MB/s	0 short_reads/s	0 short_writes_echo/s	226 cpu_user_milliseconds	772 cpu_system_milliseconds	0 minor_page_faults/s	0 major_page_faults/s	0 yields/s	13 preempts/s
104002 milliseconds	949 MB/s	0 short_reads/s	0 short_writes_echo/s	231 cpu_user_milliseconds	768 cpu_system_milliseconds	0 minor_page_faults/s	0 major_page_faults/s	0 yields/s	9 preempts/s
105002 milliseconds	873 MB/s	2 short_reads/s	0 short_writes_echo/s	174 cpu_user_milliseconds	653 cpu_system_milliseconds	0 minor_page_faults/s	0 major_page_faults/s	3485 yields/s	8 preempts/s
106002 milliseconds	888 MB/s	7 short_reads/s	0 short_writes_echo/s	207 cpu_user_milliseconds	656 cpu_system_milliseconds	0 minor_page_faults/s	0 major_page_faults/s	2718 yields/s	28 preempts/s
107002 milliseconds	1143 MB/s	4 short_reads/s	0 short_writes_echo/s	234 cpu_user_milliseconds	507 cpu_system_milliseconds	0 minor_page_faults/s	0 major_page_faults/s	13882 yields/s	1 preempts/s
108003 milliseconds	1118 MB/s	3 short_reads/s	0 short_writes_echo/s	203 cpu_user_milliseconds	538 cpu_system_milliseconds	0 minor_page_faults/s	0 major_page_faults/s	14061 yields/s	47 preempts/s
109003 milliseconds	1143 MB/s	0 short_reads/s	0 short_writes_echo/s	232 cpu_user_milliseconds	519 cpu_system_milliseconds	0 minor_page_faults/s	0 major_page_faults/s	14110 yields/s	0 preempts/s
110003 milliseconds	1123 MB/s	5 short_reads/s	0 short_writes_echo/s	224 cpu_user_milliseconds	516 cpu_system_milliseconds	0 minor_page_faults/s	0 major_page_faults/s	14497 yields/s	0 preempts/s
111003 milliseconds	1090 MB/s	3 short_reads/s	0 short_writes_echo/s	209 cpu_user_milliseconds	536 cpu_system_milliseconds	0 minor_page_faults/s	0 major_page_faults/s	14071 yields/s	0 preempts/s
112003 milliseconds	1040 MB/s	1 short_reads/s	0 short_writes_echo/s	222 cpu_user_milliseconds	536 cpu_system_milliseconds	0 minor_page_faults/s	0 major_page_faults/s	13173 yields/s	0 preempts/s
113003 milliseconds	1124 MB/s	1 short_reads/s	0 short_writes_echo/s	219 cpu_user_milliseconds	541 cpu_system_milliseconds	0 minor_page_faults/s	0 major_page_faults/s	13170 yields/s	24 preempts/s
114003 milliseconds	1121 MB/s	9 short_reads/s	0 short_writes_echo/s	235 cpu_user_milliseconds	503 cpu_system_milliseconds	0 minor_page_faults/s	0 major_page_faults/s	14568 yields/s	1 preempts/s
115003 milliseconds	1143 MB/s	0 short_reads/s	0 short_writes_echo/s	222 cpu_user_milliseconds	528 cpu_system_milliseconds	0 minor_page_faults/s	0 major_page_faults/s	14159 yields/s	0 preempts/s
116003 milliseconds	1115 MB/s	0 short_reads/s	0 short_writes_echo/s	233 cpu_user_milliseconds	517 cpu_system_milliseconds	0 minor_page_faults/s	0 major_page_faults/s	14042 yields/s	0 preempts/s
117003 milliseconds	1142 MB/s	9 short_reads/s	0 short_writes_echo/s	210 cpu_user_milliseconds	530 cpu_system_milliseconds	0 minor_page_faults/s	0 major_page_faults/s	14741 yields/s	0 preempts/s
118003 milliseconds	1129 MB/s	6 short_reads/s	0 short_writes_echo/s	221 cpu_user_milliseconds	537 cpu_system_milliseconds	0 minor_page_faults/s	0 major_page_faults/s	13463 yields/s	0 preempts/s
119003 milliseconds	1137 MB/s	15 short_reads/s	0 short_writes_echo/s	218 cpu_user_milliseconds	521 cpu_system_milliseconds	0 minor_page_faults/s	0 major_page_faults/s	14571 yields/s	0 preempts/s
120003 milliseconds	1137 MB/s	7 short_reads/s	0 short_writes_echo/s	219 cpu_user_milliseconds	519 cpu_system_milliseconds	0 minor_page_faults/s	0 major_page_faults/s	14773 yields/s	0 preempts/s
121003 milliseconds	1120 MB/s	7 short_reads/s	0 short_writes_echo/s	213 cpu_user_milliseconds	532 cpu_system_milliseconds	0 minor_page_faults/s	0 major_page_faults/s	14454 yields/s	0 preempts/s
122003 milliseconds	1113 MB/s	1 short_reads/s	0 short_writes_echo/s	212 cpu_user_milliseconds	525 cpu_system_milliseconds	0 minor_page_faults/s	0 major_page_faults/s	14474 yields/s	1 preempts/s
123003 milliseconds	1165 MB/s	0 short_reads/s	0 short_writes_echo/s	230 cpu_user_milliseconds	541 cpu_system_milliseconds	0 minor_page_faults/s	0 major_page_faults/s	9443 yields/s	3 preempts/s
124003 milliseconds	1204 MB/s	0 short_reads/s	0 short_writes_echo/s	234 cpu_user_milliseconds	533 cpu_system_milliseconds	0 minor_page_faults/s	0 major_page_faults/s	6667 yields/s	0 preempts/s
125003 milliseconds	1212 MB/s	0 short_reads/s	0 short_writes_echo/s	241 cpu_user_milliseconds	528 cpu_system_milliseconds	0 minor_page_faults/s	0 major_page_faults/s	6748 yields/s	0 preempts/s
126003 milliseconds	1199 MB/s	0 short_reads/s	0 short_writes_echo/s	217 cpu_user_milliseconds	556 cpu_system_milliseconds	0 minor_page_faults/s	0 major_page_faults/s	6617 yields/s	0 preempts/s
127003 milliseconds	1193 MB/s	0 short_reads/s	0 short_writes_echo/s	196 cpu_user_milliseconds	578 cpu_system_milliseconds	0 minor_page_faults/s	0 major_page_faults/s	6694 yields/s	0 preempts/s
128003 milliseconds	1162 MB/s	0 short_reads/s	0 short_writes_echo/s	228 cpu_user_milliseconds	546 cpu_system_milliseconds	0 minor_page_faults/s	0 major_page_faults/s	6246 yields/s	1 preempts/s
129003 milliseconds	1202 MB/s	0 short_reads/s	0 short_writes_echo/s	235 cpu_user_milliseconds	527 cpu_system_milliseconds	0 minor_page_faults/s	0 major_page_faults/s	6804 yields/s	0 preempts/s
130003 milliseconds	1222 MB/s	0 short_reads/s	0 short_writes_echo/s	234 cpu_user_milliseconds	562 cpu_system_milliseconds	0 minor_page_faults/s	0 major_page_faults/s	5939 yields/s	1 preempts/s
131003 milliseconds	1215 MB/s	0 short_reads/s	0 short_writes_echo/s	233 cpu_user_milliseconds	539 cpu_system_milliseconds	0 minor_page_faults/s	0 major_page_faults/s	6682 yields/s	0 preempts/s
132003 milliseconds	1193 MB/s	0 short_reads/s	0 short_writes_echo/s	221 cpu_user_milliseconds	546 cpu_system_milliseconds	0 minor_page_faults/s	0 major_page_faults/s	6547 yields/s	1 preempts/s
133003 milliseconds	1188 MB/s	0 short_reads/s	0 short_writes_echo/s	217 cpu_user_milliseconds	548 cpu_system_milliseconds	0 minor_page_faults/s	0 major_page_faults/s	6729 yields/s	20 preempts/s
134003 milliseconds	1198 MB/s	0 short_reads/s	0 short_writes_echo/s	234 cpu_user_milliseconds	539 cpu_system_milliseconds	0 minor_page_faults/s	0 major_page_faults/s	6669 yields/s	0 preempts/s
135003 milliseconds	1208 MB/s	0 short_reads/s	0 short_writes_echo/s	235 cpu_user_milliseconds	547 cpu_system_milliseconds	0 minor_page_faults/s	0 major_page_faults/s	6447 yields/s	0 preempts/s
136003 milliseconds	1171 MB/s	0 short_reads/s	0 short_writes_echo/s	231 cpu_user_milliseconds	541 cpu_system_milliseconds	0 minor_page_faults/s	0 major_page_faults/s	6636 yields/s	1 preempts/s
137003 milliseconds	1139 MB/s	0 short_reads/s	0 short_writes_echo/s	232 cpu_user_milliseconds	558 cpu_system_milliseconds	0 minor_page_faults/s	0 major_page_faults/s	11457 yields/s	5 preempts/s
138003 milliseconds	1127 MB/s	0 short_reads/s	0 short_writes_echo/s	207 cpu_user_milliseconds	550 cpu_system_milliseconds	0 minor_page_faults/s	0 major_page_faults/s	13495 yields/s	1 preempts/s
139003 milliseconds	1129 MB/s	0 short_reads/s	0 short_writes_echo/s	253 cpu_user_milliseconds	500 cpu_system_milliseconds	0 minor_page_faults/s	0 major_page_faults/s	14292 yields/s	0 preempts/s
140003 milliseconds	1180 MB/s	1 short_reads/s	0 short_writes_echo/s	219 cpu_user_milliseconds	561 cpu_system_milliseconds	0 minor_page_faults/s	0 major_page_faults/s	12613 yields/s	48 preempts/s
141003 milliseconds	1127 MB/s	0 short_reads/s	0 short_writes_echo/s	210 cpu_user_milliseconds	535 cpu_system_milliseconds	0 minor_page_faults/s	0 major_page_faults/s	14368 yields/s	0 preempts/s
142003 milliseconds	1072 MB/s	0 short_reads/s	0 short_writes_echo/s	223 cpu_user_milliseconds	532 cpu_system_milliseconds	0 minor_page_faults/s	0 major_page_faults/s	13751 yields/s	0 preempts/s
143003 milliseconds	1122 MB/s	0 short_reads/s	0 short_writes_echo/s	236 cpu_user_milliseconds	512 cpu_system_milliseconds	0 minor_page_faults/s	0 major_page_faults/s	14138 yields/s	0 preempts/s
144003 milliseconds	1135 MB/s	0 short_reads/s	0 short_writes_echo/s	221 cpu_user_milliseconds	530 cpu_system_milliseconds	0 minor_page_faults/s	0 major_page_faults/s	14338 yields/s	1 preempts/s
145003 milliseconds	1146 MB/s	7 short_reads/s	0 short_writes_echo/s	236 cpu_user_milliseconds	511 cpu_system_milliseconds	0 minor_page_faults/s	0 major_page_faults/s	14546 yields/s	0 preempts/s
146003 milliseconds	1152 MB/s	0 short_reads/s	0 short_writes_echo/s	246 cpu_user_milliseconds	515 cpu_system_milliseconds	0 minor_page_faults/s	0 major_page_faults/s	13896 yields/s	1 preempts/s
147003 milliseconds	1139 MB/s	0 short_reads/s	0 short_writes_echo/s	242 cpu_user_milliseconds	504 cpu_system_milliseconds	0 minor_page_faults/s	0 major_page_faults/s	14561 yields/s	0 preempts/s
148003 milliseconds	1103 MB/s	1 short_reads/s	0 short_writes_echo/s	244 cpu_user_milliseconds	533 cpu_system_milliseconds	0 minor_page_faults/s	0 major_page_faults/s	12635 yields/s	4 preempts/s
149003 milliseconds	1089 MB/s	0 short_reads/s	0 short_writes_echo/s	244 cpu_user_milliseconds	508 cpu_system_milliseconds	0 minor_page_faults/s	0 major_page_faults/s	13930 yields/s	1 preempts/s
150003 milliseconds	1129 MB/s	0 short_reads/s	0 short_writes_echo/s	211 cpu_user_milliseconds	535 cpu_system_milliseconds	0 minor_page_faults/s	0 major_page_faults/s	14495 yields/s	0 preempts/s
151003 milliseconds	1147 MB/s	3 short_reads/s	0 short_writes_echo/s	217 cpu_user_milliseconds	532 cpu_system_milliseconds	0 minor_page_faults/s	0 major_page_faults/s	14646 yields/s	0 preempts/s
152003 milliseconds	1061 MB/s	15 short_reads/s	0 short_writes_echo/s	239 cpu_user_milliseconds	505 cpu_system_milliseconds	0 minor_page_faults/s	0 major_page_faults/s	13532 yields/s	2 preempts/s
153003 milliseconds	1051 MB/s	0 short_reads/s	0 short_writes_echo/s	191 cpu_user_milliseconds	578 cpu_system_milliseconds	0 minor_page_faults/s	0 major_page_faults/s	12422 yields/s	13 preempts/s
154003 milliseconds	1129 MB/s	3 short_reads/s	0 short_writes_echo/s	221 cpu_user_milliseconds	531 cpu_system_milliseconds	0 minor_page_faults/s	0 major_page_faults/s	13864 yields/s	1 preempts/s
155003 milliseconds	1139 MB/s	1 short_reads/s	0 short_writes_echo/s	216 cpu_user_milliseconds	527 cpu_system_milliseconds	0 minor_page_faults/s	0 major_page_faults/s	14527 yields/s	0 preempts/s
156003 milliseconds	1131 MB/s	1 short_reads/s	0 short_writes_echo/s	228 cpu_user_milliseconds	508 cpu_system_milliseconds	0 minor_page_faults/s	0 major_page_faults/s	14584 yields/s	0 preempts/s
157003 milliseconds	1135 MB/s	1 short_reads/s	0 short_writes_echo/s	206 cpu_user_milliseconds	533 cpu_system_milliseconds	0 minor_page_faults/s	0 major_page_faults/s	14595 yields/s	0 preempts/s
158003 milliseconds	1159 MB/s	0 short_reads/s	0 short_writes_echo/s	203 cpu_user_milliseconds	597 cpu_system_milliseconds	0 minor_page_faults/s	0 major_page_faults/s	9129 yields/s	9 preempts/s
159003 milliseconds	1120 MB/s	13 short_reads/s	0 short_writes_echo/s	205 cpu_user_milliseconds	552 cpu_system_milliseconds	0 minor_page_faults/s	0 major_page_faults/s	13654 yields/s	2 preempts/s
160003 milliseconds	1141 MB/s	0 short_reads/s	0 short_writes_echo/s	233 cpu_user_milliseconds	523 cpu_system_milliseconds	0 minor_page_faults/s	0 major_page_faults/s	13625 yields/s	23 preempts/s
161003 milliseconds	1125 MB/s	0 short_reads/s	0 short_writes_echo/s	214 cpu_user_milliseconds	530 cpu_system_milliseconds	0 minor_page_faults/s	0 major_page_faults/s	14347 yields/s	1 preempts/s
162003 milliseconds	1147 MB/s	0 short_reads/s	0 short_writes_echo/s	213 cpu_user_milliseconds	536 cpu_system_milliseconds	0 minor_page_faults/s	0 major_page_faults/s	14390 yields/s	0 preempts/s
163003 milliseconds	1124 MB/s	0 short_reads/s	0 short_writes_echo/s	229 cpu_user_milliseconds	521 cpu_system_milliseconds	0 minor_page_faults/s	0 major_page_faults/s	14051 yields/s	0 preempts/s
164003 milliseconds	1075 MB/s	0 short_reads/s	0 short_writes_echo/s	238 cpu_user_milliseconds	519 cpu_system_milliseconds	0 minor_page_faults/s	0 major_page_faults/s	13332 yields/s	2 preempts/s
165003 milliseconds	1111 MB/s	0 short_reads/s	0 short_writes_echo/s	234 cpu_user_milliseconds	516 cpu_system_milliseconds	0 minor_page_faults/s	0 major_page_faults/s	13923 yields/s	2 preempts/s
166003 milliseconds	1139 MB/s	0 short_reads/s	0 short_writes_echo/s	237 cpu_user_milliseconds	510 cpu_system_milliseconds	0 minor_page_faults/s	0 major_page_faults/s	14462 yields/s	0 preempts/s
167003 milliseconds	1077 MB/s	0 short_reads/s	0 short_writes_echo/s	204 cpu_user_milliseconds	542 cpu_system_milliseconds	0 minor_page_faults/s	0 major_page_faults/s	13722 yields/s	2 preempts/s
168003 milliseconds	1086 MB/s	14 short_reads/s	0 short_writes_echo/s	207 cpu_user_milliseconds	551 cpu_system_milliseconds	0 minor_page_faults/s	0 major_page_faults/s	12292 yields/s	3 preempts/s
169003 milliseconds	1121 MB/s	0 short_reads/s	0 short_writes_echo/s	231 cpu_user_milliseconds	528 cpu_system_milliseconds	0 minor_page_faults/s	0 major_page_faults/s	12793 yields/s	3 preempts/s
170003 milliseconds	1089 MB/s	0 short_reads/s	0 short_writes_echo/s	221 cpu_user_milliseconds	526 cpu_system_milliseconds	0 minor_page_faults/s	0 major_page_faults/s	13967 yields/s	2 preempts/s
171003 milliseconds	1136 MB/s	0 short_reads/s	0 short_writes_echo/s	228 cpu_user_milliseconds	515 cpu_system_milliseconds	0 minor_page_faults/s	0 major_page_faults/s	14351 yields/s	21 preempts/s
172003 milliseconds	1120 MB/s	0 short_reads/s	0 short_writes_echo/s	216 cpu_user_milliseconds	536 cpu_system_milliseconds	0 minor_page_faults/s	0 major_page_faults/s	13878 yields/s	1 preempts/s
173003 milliseconds	1089 MB/s	3 short_reads/s	0 short_writes_echo/s	218 cpu_user_milliseconds	537 cpu_system_milliseconds	0 minor_page_faults/s	0 major_page_faults/s	13148 yields/s	3 preempts/s
174003 milliseconds	1095 MB/s	0 short_reads/s	0 short_writes_echo/s	234 cpu_user_milliseconds	518 cpu_system_milliseconds	0 minor_page_faults/s	0 major_page_faults/s	13845 yields/s	0 preempts/s
175003 milliseconds	1142 MB/s	0 short_reads/s	0 short_writes_echo/s	216 cpu_user_milliseconds	530 cpu_system_milliseconds	0 minor_page_faults/s	0 major_page_faults/s	14508 yields/s	0 preempts/s
176003 milliseconds	1146 MB/s	7 short_reads/s	0 short_writes_echo/s	232 cpu_user_milliseconds	522 cpu_system_milliseconds	0 minor_page_faults/s	0 major_page_faults/s	13870 yields/s	22 preempts/s
177003 milliseconds	1118 MB/s	13 short_reads/s	0 short_writes_echo/s	235 cpu_user_milliseconds	512 cpu_system_milliseconds	0 minor_page_faults/s	0 major_page_faults/s	14148 yields/s	0 preempts/s
178003 milliseconds	1122 MB/s	0 short_reads/s	0 short_writes_echo/s	233 cpu_user_milliseconds	512 cpu_system_milliseconds	0 minor_page_faults/s	0 major_page_faults/s	14028 yields/s	1 preempts/s
179003 milliseconds	1074 MB/s	0 short_reads/s	0 short_writes_echo/s	238 cpu_user_milliseconds	512 cpu_system_milliseconds	0 minor_page_faults/s	0 major_page_faults/s	13586 yields/s	17 preempts/s
180003 milliseconds	1116 MB/s	1 short_reads/s	0 short_writes_echo/s	213 cpu_user_milliseconds	540 cpu_system_milliseconds	0 minor_page_faults/s	0 major_page_faults/s	13812 yields/s	1 preempts/s
181003 milliseconds	1118 MB/s	0 short_reads/s	0 short_writes_echo/s	224 cpu_user_milliseconds	522 cpu_system_milliseconds	0 minor_page_faults/s	0 major_page_faults/s	13997 yields/s	23 preempts/s
182003 milliseconds	1061 MB/s	3 short_reads/s	0 short_writes_echo/s	224 cpu_user_milliseconds	537 cpu_system_milliseconds	0 minor_page_faults/s	0 major_page_faults/s	13279 yields/s	0 preempts/s
183003 milliseconds	1109 MB/s	2 short_reads/s	0 short_writes_echo/s	232 cpu_user_milliseconds	543 cpu_system_milliseconds	0 minor_page_faults/s	0 major_page_faults/s	12611 yields/s	18 preempts/s
184003 milliseconds	1149 MB/s	0 short_reads/s	0 short_writes_echo/s	210 cpu_user_milliseconds	540 cpu_system_milliseconds	0 minor_page_faults/s	0 major_page_faults/s	14080 yields/s	49 preempts/s
185003 milliseconds	1136 MB/s	0 short_reads/s	0 short_writes_echo/s	214 cpu_user_milliseconds	526 cpu_system_milliseconds	0 minor_page_faults/s	0 major_page_faults/s	14425 yields/s	0 preempts/s
186003 milliseconds	1142 MB/s	1 short_reads/s	0 short_writes_echo/s	229 cpu_user_milliseconds	516 cpu_system_milliseconds	0 minor_page_faults/s	0 major_page_faults/s	14520 yields/s	1 preempts/s
187003 milliseconds	1143 MB/s	0 short_reads/s	0 short_writes_echo/s	209 cpu_user_milliseconds	538 cpu_system_milliseconds	0 minor_page_faults/s	0 major_page_faults/s	14591 yields/s	0 preempts/s
188003 milliseconds	1110 MB/s	0 short_reads/s	0 short_writes_echo/s	210 cpu_user_milliseconds	582 cpu_system_milliseconds	0 minor_page_faults/s	0 major_page_faults/s	8690 yields/s	77 preempts/s
189003 milliseconds	1156 MB/s	0 short_reads/s	0 short_writes_echo/s	242 cpu_user_milliseconds	539 cpu_system_milliseconds	0 minor_page_faults/s	0 major_page_faults/s	6432 yields/s	1 preempts/s
190003 milliseconds	1206 MB/s	0 short_reads/s	0 short_writes_echo/s	215 cpu_user_milliseconds	588 cpu_system_milliseconds	0 minor_page_faults/s	0 major_page_faults/s	5826 yields/s	0 preempts/s
191003 milliseconds	1198 MB/s	0 short_reads/s	0 short_writes_echo/s	211 cpu_user_milliseconds	557 cpu_system_milliseconds	0 minor_page_faults/s	0 major_page_faults/s	6906 yields/s	2 preempts/s
192003 milliseconds	1168 MB/s	0 short_reads/s	0 short_writes_echo/s	216 cpu_user_milliseconds	549 cpu_system_milliseconds	0 minor_page_faults/s	0 major_page_faults/s	6674 yields/s	19 preempts/s
193003 milliseconds	1142 MB/s	0 short_reads/s	0 short_writes_echo/s	203 cpu_user_milliseconds	574 cpu_system_milliseconds	0 minor_page_faults/s	0 major_page_faults/s	6418 yields/s	24 preempts/s
194004 milliseconds	1196 MB/s	0 short_reads/s	0 short_writes_echo/s	212 cpu_user_milliseconds	559 cpu_system_milliseconds	0 minor_page_faults/s	0 major_page_faults/s	6822 yields/s	0 preempts/s
195004 milliseconds	1209 MB/s	0 short_reads/s	0 short_writes_echo/s	239 cpu_user_milliseconds	529 cpu_system_milliseconds	0 minor_page_faults/s	0 major_page_faults/s	6741 yields/s	0 preempts/s
196004 milliseconds	1209 MB/s	0 short_reads/s	0 short_writes_echo/s	246 cpu_user_milliseconds	523 cpu_system_milliseconds	0 minor_page_faults/s	0 major_page_faults/s	6825 yields/s	22 preempts/s
197004 milliseconds	1171 MB/s	0 short_reads/s	0 short_writes_echo/s	230 cpu_user_milliseconds	546 cpu_system_milliseconds	0 minor_page_faults/s	0 major_page_faults/s	6653 yields/s	1 preempts/s
198004 milliseconds	1174 MB/s	0 short_reads/s	0 short_writes_echo/s	227 cpu_user_milliseconds	553 cpu_system_milliseconds	0 minor_page_faults/s	0 major_page_faults/s	6466 yields/s	0 preempts/s
199004 milliseconds	1180 MB/s	0 short_reads/s	0 short_writes_echo/s	225 cpu_user_milliseconds	543 cpu_system_milliseconds	0 minor_page_faults/s	0 major_page_faults/s	6767 yields/s	4 preempts/s
200004 milliseconds	1186 MB/s	0 short_reads/s	0 short_writes_echo/s	233 cpu_user_milliseconds	536 cpu_system_milliseconds	0 minor_page_faults/s	0 major_page_faults/s	6823 yields/s	0 preempts/s
201004 milliseconds	1170 MB/s	0 short_reads/s	0 short_writes_echo/s	213 cpu_user_milliseconds	559 cpu_system_milliseconds	0 minor_page_faults/s	0 major_page_faults/s	6768 yields/s	0 preempts/s
202004 milliseconds	1193 MB/s	0 short_reads/s	0 short_writes_echo/s	250 cpu_user_milliseconds	519 cpu_system_milliseconds	0 minor_page_faults/s	0 major_page_faults/s	6682 yields/s	0 preempts/s
203004 milliseconds	1230 MB/s	0 short_reads/s	0 short_writes_echo/s	215 cpu_user_milliseconds	608 cpu_system_milliseconds	0 minor_page_faults/s	0 major_page_faults/s	5088 yields/s	1 preempts/s
204004 milliseconds	1192 MB/s	5 short_reads/s	0 short_writes_echo/s	193 cpu_user_milliseconds	562 cpu_system_milliseconds	0 minor_page_faults/s	0 major_page_faults/s	6918 yields/s	0 preempts/s
205004 milliseconds	1201 MB/s	0 short_reads/s	0 short_writes_echo/s	216 cpu_user_milliseconds	543 cpu_system_milliseconds	0 minor_page_faults/s	0 major_page_faults/s	6983 yields/s	0 preempts/s
206004 milliseconds	1186 MB/s	0 short_reads/s	0 short_writes_echo/s	229 cpu_user_milliseconds	542 cpu_system_milliseconds	0 minor_page_faults/s	0 major_page_faults/s	6632 yields/s	0 preempts/s
207004 milliseconds	1210 MB/s	1 short_reads/s	0 short_writes_echo/s	220 cpu_user_milliseconds	544 cpu_system_milliseconds	0 minor_page_faults/s	0 major_page_faults/s	6980 yields/s	1 preempts/s
208004 milliseconds	1170 MB/s	5 short_reads/s	0 short_writes_echo/s	201 cpu_user_milliseconds	558 cpu_system_milliseconds	0 minor_page_faults/s	0 major_page_faults/s	6735 yields/s	0 preempts/s
209004 milliseconds	1202 MB/s	1 short_reads/s	0 short_writes_echo/s	245 cpu_user_milliseconds	513 cpu_system_milliseconds	0 minor_page_faults/s	0 major_page_faults/s	6969 yields/s	0 preempts/s
210004 milliseconds	1179 MB/s	0 short_reads/s	0 short_writes_echo/s	216 cpu_user_milliseconds	547 cpu_system_milliseconds	0 minor_page_faults/s	0 major_page_faults/s	6866 yields/s	1 preempts/s
211004 milliseconds	1214 MB/s	0 short_reads/s	0 short_writes_echo/s	216 cpu_user_milliseconds	549 cpu_system_milliseconds	0 minor_page_faults/s	0 major_page_faults/s	6971 yields/s	1 preempts/s
212004 milliseconds	1198 MB/s	0 short_reads/s	0 short_writes_echo/s	237 cpu_user_milliseconds	529 cpu_system_milliseconds	0 minor_page_faults/s	0 major_page_faults/s	6847 yields/s	0 preempts/s
213004 milliseconds	1169 MB/s	0 short_reads/s	0 short_writes_echo/s	220 cpu_user_milliseconds	590 cpu_system_milliseconds	0 minor_page_faults/s	0 major_page_faults/s	4751 yields/s	33 preempts/s
214004 milliseconds	1218 MB/s	0 short_reads/s	0 short_writes_echo/s	250 cpu_user_milliseconds	521 cpu_system_milliseconds	0 minor_page_faults/s	0 major_page_faults/s	6665 yields/s	21 preempts/s
215004 milliseconds	1223 MB/s	0 short_reads/s	0 short_writes_echo/s	237 cpu_user_milliseconds	540 cpu_system_milliseconds	0 minor_page_faults/s	0 major_page_faults/s	6584 yields/s	0 preempts/s
216004 milliseconds	1214 MB/s	0 short_reads/s	0 short_writes_echo/s	242 cpu_user_milliseconds	553 cpu_system_milliseconds	0 minor_page_faults/s	0 major_page_faults/s	5922 yields/s	50 preempts/s
217004 milliseconds	1223 MB/s	0 short_reads/s	0 short_writes_echo/s	234 cpu_user_milliseconds	543 cpu_system_milliseconds	0 minor_page_faults/s	0 major_page_faults/s	6534 yields/s	0 preempts/s
218004 milliseconds	1191 MB/s	0 short_reads/s	0 short_writes_echo/s	233 cpu_user_milliseconds	546 cpu_system_milliseconds	0 minor_page_faults/s	0 major_page_faults/s	6185 yields/s	0 preempts/s
219004 milliseconds	1200 MB/s	0 short_reads/s	0 short_writes_echo/s	237 cpu_user_milliseconds	537 cpu_system_milliseconds	0 minor_page_faults/s	0 major_page_faults/s	6484 yields/s	0 preempts/s
220004 milliseconds	1184 MB/s	0 short_reads/s	0 short_writes_echo/s	224 cpu_user_milliseconds	549 cpu_system_milliseconds	0 minor_page_faults/s	0 major_page_faults/s	6548 yields/s	4 preempts/s
221004 milliseconds	1217 MB/s	0 short_reads/s	0 short_writes_echo/s	205 cpu_user_milliseconds	566 cpu_system_milliseconds	0 minor_page_faults/s	0 major_page_faults/s	6622 yields/s	0 preempts/s
222004 milliseconds	1220 MB/s	0 short_reads/s	0 short_writes_echo/s	227 cpu_user_milliseconds	547 cpu_system_milliseconds	0 minor_page_faults/s	0 major_page_faults/s	6650 yields/s	0 preempts/s
223004 milliseconds	1190 MB/s	0 short_reads/s	0 short_writes_echo/s	240 cpu_user_milliseconds	525 cpu_system_milliseconds	0 minor_page_faults/s	0 major_page_faults/s	6513 yields/s	0 preempts/s
224004 milliseconds	1199 MB/s	0 short_reads/s	0 short_writes_echo/s	201 cpu_user_milliseconds	574 cpu_system_milliseconds	0 minor_page_faults/s	0 major_page_faults/s	6655 yields/s	1 preempts/s
225004 milliseconds	1205 MB/s	0 short_reads/s	0 short_writes_echo/s	211 cpu_user_milliseconds	562 cpu_system_milliseconds	0 minor_page_faults/s	0 major_page_faults/s	6596 yields/s	0 preempts/s
226004 milliseconds	1215 MB/s	0 short_reads/s	0 short_writes_echo/s	231 cpu_user_milliseconds	539 cpu_system_milliseconds	0 minor_page_faults/s	0 major_page_faults/s	6758 yields/s	0 preempts/s
227004 milliseconds	1201 MB/s	0 short_reads/s	0 short_writes_echo/s	215 cpu_user_milliseconds	550 cpu_system_milliseconds	0 minor_page_faults/s	0 major_page_faults/s	6788 yields/s	1 preempts/s
228004 milliseconds	1171 MB/s	0 short_reads/s	0 short_writes_echo/s	245 cpu_user_milliseconds	525 cpu_system_milliseconds	0 minor_page_faults/s	0 major_page_faults/s	6549 yields/s	4 preempts/s
229004 milliseconds	1223 MB/s	0 short_reads/s	0 short_writes_echo/s	228 cpu_user_milliseconds	545 cpu_system_milliseconds	0 minor_page_faults/s	0 major_page_faults/s	6673 yields/s	0 preempts/s
230004 milliseconds	1225 MB/s	0 short_reads/s	0 short_writes_echo/s	229 cpu_user_milliseconds	542 cpu_system_milliseconds	0 minor_page_faults/s	0 major_page_faults/s	6829 yields/s	0 preempts/s
231004 milliseconds	1211 MB/s	0 short_reads/s	0 short_writes_echo/s	214 cpu_user_milliseconds	550 cpu_system_milliseconds	0 minor_page_faults/s	0 major_page_faults/s	6845 yields/s	0 preempts/s
232004 milliseconds	1236 MB/s	0 short_reads/s	0 short_writes_echo/s	219 cpu_user_milliseconds	572 cpu_system_milliseconds	0 minor_page_faults/s	0 major_page_faults/s	6108 yields/s	49 preempts/s
233004 milliseconds	1160 MB/s	0 short_reads/s	0 short_writes_echo/s	223 cpu_user_milliseconds	559 cpu_system_milliseconds	0 minor_page_faults/s	0 major_page_faults/s	6072 yields/s	11 preempts/s
234004 milliseconds	1228 MB/s	0 short_reads/s	0 short_writes_echo/s	236 cpu_user_milliseconds	538 cpu_system_milliseconds	0 minor_page_faults/s	0 major_page_faults/s	6712 yields/s	0 preempts/s
235004 milliseconds	1226 MB/s	0 short_reads/s	0 short_writes_echo/s	232 cpu_user_milliseconds	544 cpu_system_milliseconds	0 minor_page_faults/s	0 major_page_faults/s	6636 yields/s	0 preempts/s
236004 milliseconds	1222 MB/s	0 short_reads/s	0 short_writes_echo/s	239 cpu_user_milliseconds	535 cpu_system_milliseconds	0 minor_page_faults/s	0 major_page_faults/s	6475 yields/s	35 preempts/s
237004 milliseconds	1188 MB/s	0 short_reads/s	0 short_writes_echo/s	225 cpu_user_milliseconds	556 cpu_system_milliseconds	0 minor_page_faults/s	0 major_page_faults/s	5949 yields/s	24 preempts/s
238004 milliseconds	1179 MB/s	0 short_reads/s	0 short_writes_echo/s	231 cpu_user_milliseconds	560 cpu_system_milliseconds	0 minor_page_faults/s	0 major_page_faults/s	9088 yields/s	23 preempts/s
239004 milliseconds	1090 MB/s	3 short_reads/s	0 short_writes_echo/s	210 cpu_user_milliseconds	541 cpu_system_milliseconds	0 minor_page_faults/s	0 major_page_faults/s	13875 yields/s	6 preempts/s
240004 milliseconds	1118 MB/s	21 short_reads/s	0 short_writes_echo/s	250 cpu_user_milliseconds	497 cpu_system_milliseconds	0 minor_page_faults/s	0 major_page_faults/s	14318 yields/s	0 preempts/s
