1000 milliseconds	345 MB/s	0 short_reads/s	0 short_writes_echo/s	140 cpu_user_milliseconds	525 cpu_system_milliseconds	176 minor_page_faults/s	0 major_page_faults/s	63004 yields/s	2 preempts/s
2000 milliseconds	674 MB/s	0 short_reads/s	0 short_writes_echo/s	241 cpu_user_milliseconds	591 cpu_system_milliseconds	3 minor_page_faults/s	0 major_page_faults/s	16143 yields/s	91 preempts/s
3000 milliseconds	715 MB/s	0 short_reads/s	0 short_writes_echo/s	277 cpu_user_milliseconds	593 cpu_system_milliseconds	0 minor_page_faults/s	0 major_page_faults/s	2635 yields/s	50 preempts/s
4000 milliseconds	724 MB/s	0 short_reads/s	0 short_writes_echo/s	308 cpu_user_milliseconds	558 cpu_system_milliseconds	0 minor_page_faults/s	0 major_page_faults/s	2703 yields/s	62 preempts/s
5000 milliseconds	761 MB/s	0 short_reads/s	0 short_writes_echo/s	270 cpu_user_milliseconds	592 cpu_system_milliseconds	0 minor_page_faults/s	0 major_page_faults/s	2925 yields/s	15 preempts/s
6000 milliseconds	759 MB/s	0 short_reads/s	0 short_writes_echo/s	269 cpu_user_milliseconds	594 cpu_system_milliseconds	0 minor_page_faults/s	0 major_page_faults/s	2828 yields/s	26 preempts/s
7000 milliseconds	632 MB/s	8 short_reads/s	0 short_writes_echo/s	254 cpu_user_milliseconds	624 cpu_system_milliseconds	0 minor_page_faults/s	0 major_page_faults/s	1419 yields/s	92 preempts/s
8000 milliseconds	653 MB/s	9 short_reads/s	0 short_writes_echo/s	272 cpu_user_milliseconds	598 cpu_system_milliseconds	0 minor_page_faults/s	0 major_page_faults/s	5360 yields/s	100 preempts/s
9000 milliseconds	691 MB/s	3 short_reads/s	0 short_writes_echo/s	283 cpu_user_milliseconds	574 cpu_system_milliseconds	0 minor_page_faults/s	0 major_page_faults/s	6943 yields/s	65 preempts/s
10000 milliseconds	654 MB/s	9 short_reads/s	0 short_writes_echo/s	252 cpu_user_milliseconds	603 cpu_system_milliseconds	0 minor_page_faults/s	0 major_page_faults/s	6594 yields/s	64 preempts/s
11000 milliseconds	710 MB/s	1 short_reads/s	0 short_writes_echo/s	267 cpu_user_milliseconds	585 cpu_system_milliseconds	0 minor_page_faults/s	0 major_page_faults/s	7051 yields/s	37 preempts/s
12000 milliseconds	749 MB/s	0 short_reads/s	0 short_writes_echo/s	286 cpu_user_milliseconds	637 cpu_system_milliseconds	0 minor_page_faults/s	0 major_page_faults/s	3897 yields/s	65 preempts/s
13000 milliseconds	717 MB/s	0 short_reads/s	0 short_writes_echo/s	261 cpu_user_milliseconds	678 cpu_system_milliseconds	0 minor_page_faults/s	0 major_page_faults/s	1966 yields/s	233 preempts/s
14000 milliseconds	611 MB/s	24 short_reads/s	0 short_writes_echo/s	276 cpu_user_milliseconds	551 cpu_system_milliseconds	0 minor_page_faults/s	0 major_page_faults/s	3885 yields/s	180 preempts/s
15000 milliseconds	605 MB/s	0 short_reads/s	0 short_writes_echo/s	240 cpu_user_milliseconds	591 cpu_system_milliseconds	0 minor_page_faults/s	0 major_page_faults/s	1979 yields/s	132 preempts/s
16000 milliseconds	710 MB/s	0 short_reads/s	0 short_writes_echo/s	283 cpu_user_milliseconds	583 cpu_system_milliseconds	0 minor_page_faults/s	0 major_page_faults/s	2380 yields/s	92 preempts/s
17000 milliseconds	680 MB/s	0 short_reads/s	0 short_writes_echo/s	280 cpu_user_milliseconds	591 cpu_system_milliseconds	0 minor_page_faults/s	0 major_page_faults/s	2080 yields/s	199 preempts/s
18000 milliseconds	736 MB/s	0 short_reads/s	0 short_writes_echo/s	270 cpu_user_milliseconds	589 cpu_system_milliseconds	0 minor_page_faults/s	0 major_page_faults/s	2830 yields/s	12 preempts/s
19000 milliseconds	628 MB/s	0 short_reads/s	0 short_writes_echo/s	268 cpu_user_milliseconds	598 cpu_system_milliseconds	0 minor_page_faults/s	0 major_page_faults/s	1924 yields/s	152 preempts/s
20000 milliseconds	662 MB/s	0 short_reads/s	0 short_writes_echo/s	256 cpu_user_milliseconds	677 cpu_system_milliseconds	0 minor_page_faults/s	0 major_page_faults/s	76 yields/s	262 preempts/s
21000 milliseconds	789 MB/s	0 short_reads/s	0 short_writes_echo/s	300 cpu_user_milliseconds	693 cpu_system_milliseconds	0 minor_page_faults/s	0 major_page_faults/s	0 yields/s	89 preempts/s
22000 milliseconds	722 MB/s	4 short_reads/s	0 short_writes_echo/s	300 cpu_user_milliseconds	628 cpu_system_milliseconds	0 minor_page_faults/s	0 major_page_faults/s	2804 yields/s	71 preempts/s
23000 milliseconds	689 MB/s	13 short_reads/s	0 short_writes_echo/s	262 cpu_user_milliseconds	607 cpu_system_milliseconds	0 minor_page_faults/s	0 major_page_faults/s	4938 yields/s	171 preempts/s
24000 milliseconds	724 MB/s	1 short_reads/s	0 short_writes_echo/s	264 cpu_user_milliseconds	581 cpu_system_milliseconds	0 minor_page_faults/s	0 major_page_faults/s	7554 yields/s	25 preempts/s
25000 milliseconds	697 MB/s	9 short_reads/s	0 short_writes_echo/s	275 cpu_user_milliseconds	563 cpu_system_milliseconds	0 minor_page_faults/s	0 major_page_faults/s	6885 yields/s	62 preempts/s
26000 milliseconds	745 MB/s	1 short_reads/s	0 short_writes_echo/s	287 cpu_user_milliseconds	563 cpu_system_milliseconds	0 minor_page_faults/s	0 major_page_faults/s	8538 yields/s	4 preempts/s
27000 milliseconds	660 MB/s	5 short_reads/s	0 short_writes_echo/s	250 cpu_user_milliseconds	593 cpu_system_milliseconds	0 minor_page_faults/s	0 major_page_faults/s	5891 yields/s	104 preempts/s
28000 milliseconds	729 MB/s	0 short_reads/s	0 short_writes_echo/s	294 cpu_user_milliseconds	558 cpu_system_milliseconds	0 minor_page_faults/s	0 major_page_faults/s	7750 yields/s	11 preempts/s
29000 milliseconds	615 MB/s	18 short_reads/s	0 short_writes_echo/s	263 cpu_user_milliseconds	675 cpu_system_milliseconds	0 minor_page_faults/s	0 major_page_faults/s	614 yields/s	88 preempts/s
30000 milliseconds	544 MB/s	175 short_reads/s	0 short_writes_echo/s	204 cpu_user_milliseconds	501 cpu_system_milliseconds	0 minor_page_faults/s	0 major_page_faults/s	5902 yields/s	39 preempts/s
31000 milliseconds	576 MB/s	3 short_reads/s	0 short_writes_echo/s	274 cpu_user_milliseconds	637 cpu_system_milliseconds	0 minor_page_faults/s	0 major_page_faults/s	649 yields/s	214 preempts/s
32000 milliseconds	734 MB/s	0 short_reads/s	0 short_writes_echo/s	275 cpu_user_milliseconds	686 cpu_system_milliseconds	0 minor_page_faults/s	0 major_page_faults/s	350 yields/s	77 preempts/s
33000 milliseconds	795 MB/s	0 short_reads/s	0 short_writes_echo/s	298 cpu_user_milliseconds	700 cpu_system_milliseconds	0 minor_page_faults/s	0 major_page_faults/s	0 yields/s	19 preempts/s
34000 milliseconds	732 MB/s	0 short_reads/s	0 short_writes_echo/s	261 cpu_user_milliseconds	678 cpu_system_milliseconds	0 minor_page_faults/s	0 major_page_faults/s	276 yields/s	209 preempts/s
35000 milliseconds	484 MB/s	187 short_reads/s	0 short_writes_echo/s	220 cpu_user_milliseconds	544 cpu_system_milliseconds	0 minor_page_faults/s	0 major_page_faults/s	276 yields/s	367 preempts/s
36002 milliseconds	277 MB/s	0 short_reads/s	0 short_writes_echo/s	136 cpu_user_milliseconds	289 cpu_system_milliseconds	0 minor_page_faults/s	0 major_page_faults/s	252 yields/s	256 preempts/s
37002 milliseconds	346 MB/s	87 short_reads/s	0 short_writes_echo/s	160 cpu_user_milliseconds	395 cpu_system_milliseconds	0 minor_page_faults/s	0 major_page_faults/s	411 yields/s	377 preempts/s
38002 milliseconds	399 MB/s	6 short_reads/s	0 short_writes_echo/s	181 cpu_user_milliseconds	472 cpu_system_milliseconds	0 minor_page_faults/s	0 major_page_faults/s	102 yields/s	467 preempts/s
39002 milliseconds	541 MB/s	4 short_reads/s	0 short_writes_echo/s	221 cpu_user_milliseconds	581 cpu_system_milliseconds	0 minor_page_faults/s	0 major_page_faults/s	939 yields/s	503 preempts/s
40002 milliseconds	543 MB/s	31 short_reads/s	0 short_writes_echo/s	237 cpu_user_milliseconds	644 cpu_system_milliseconds	0 minor_page_faults/s	0 major_page_faults/s	1189 yields/s	206 preempts/s
41002 milliseconds	575 MB/s	30 short_reads/s	0 short_writes_echo/s	241 cpu_user_milliseconds	631 cpu_system_milliseconds	0 minor_page_faults/s	0 major_page_faults/s	999 yields/s	349 preempts/s
42002 milliseconds	371 MB/s	153 short_reads/s	0 short_writes_echo/s	161 cpu_user_milliseconds	416 cpu_system_milliseconds	0 minor_page_faults/s	0 major_page_faults/s	393 yields/s	468 preempts/s
43002 milliseconds	301 MB/s	366 short_reads/s	0 short_writes_echo/s	122 cpu_user_milliseconds	313 cpu_system_milliseconds	0 minor_page_faults/s	0 major_page_faults/s	595 yields/s	211 preempts/s
44002 milliseconds	380 MB/s	134 short_reads/s	0 short_writes_echo/s	164 cpu_user_milliseconds	435 cpu_system_milliseconds	0 minor_page_faults/s	0 major_page_faults/s	200 yields/s	368 preempts/s
45002 milliseconds	630 MB/s	7 short_reads/s	0 short_writes_echo/s	260 cpu_user_milliseconds	649 cpu_system_milliseconds	0 minor_page_faults/s	0 major_page_faults/s	1460 yields/s	229 preempts/s
46002 milliseconds	653 MB/s	16 short_reads/s	0 short_writes_echo/s	273 cpu_user_milliseconds	596 cpu_system_milliseconds	0 minor_page_faults/s	0 major_page_faults/s	5481 yields/s	65 preempts/s
47002 milliseconds	712 MB/s	8 short_reads/s	0 short_writes_echo/s	261 cpu_user_milliseconds	653 cpu_system_milliseconds	0 minor_page_faults/s	0 major_page_faults/s	4065 yields/s	19 preempts/s
48002 milliseconds	723 MB/s	1 short_reads/s	0 short_writes_echo/s	279 cpu_user_milliseconds	589 cpu_system_milliseconds	0 minor_page_faults/s	0 major_page_faults/s	6843 yields/s	18 preempts/s
49002 milliseconds	751 MB/s	0 short_reads/s	0 short_writes_echo/s	258 cpu_user_milliseconds	591 cpu_system_milliseconds	0 minor_page_faults/s	0 major_page_faults/s	8436 yields/s	1 preempts/s
50002 milliseconds	677 MB/s	7 short_reads/s	0 short_writes_echo/s	264 cpu_user_milliseconds	606 cpu_system_milliseconds	0 minor_page_faults/s	0 major_page_faults/s	4808 yields/s	130 preempts/s
51002 milliseconds	628 MB/s	9 short_reads/s	0 short_writes_echo/s	263 cpu_user_milliseconds	604 cpu_system_milliseconds	0 minor_page_faults/s	0 major_page_faults/s	4912 yields/s	123 preempts/s
52006 milliseconds	394 MB/s	63 short_reads/s	0 short_writes_echo/s	192 cpu_user_milliseconds	471 cpu_system_milliseconds	0 minor_page_faults/s	0 major_page_faults/s	149 yields/s	690 preempts/s
53006 milliseconds	359 MB/s	73 short_reads/s	0 short_writes_echo/s	146 cpu_user_milliseconds	454 cpu_system_milliseconds	0 minor_page_faults/s	0 major_page_faults/s	636 yields/s	288 preempts/s
54006 milliseconds	477 MB/s	108 short_reads/s	0 short_writes_echo/s	200 cpu_user_milliseconds	585 cpu_system_milliseconds	0 minor_page_faults/s	0 major_page_faults/s	906 yields/s	439 preempts/s
55006 milliseconds	660 MB/s	17 short_reads/s	0 short_writes_echo/s	269 cpu_user_milliseconds	606 cpu_system_milliseconds	0 minor_page_faults/s	0 major_page_faults/s	5198 yields/s	75 preempts/s
56006 milliseconds	562 MB/s	11 short_reads/s	0 short_writes_echo/s	232 cpu_user_milliseconds	633 cpu_system_milliseconds	0 minor_page_faults/s	0 major_page_faults/s	2707 yields/s	333 preempts/s
57006 milliseconds	470 MB/s	88 short_reads/s	0 short_writes_echo/s	215 cpu_user_milliseconds	507 cpu_system_milliseconds	0 minor_page_faults/s	0 major_page_faults/s	838 yields/s	457 preempts/s
58006 milliseconds	446 MB/s	188 short_reads/s	0 short_writes_echo/s	212 cpu_user_milliseconds	531 cpu_system_milliseconds	0 minor_page_faults/s	0 major_page_faults/s	508 yields/s	386 preempts/s
59006 milliseconds	639 MB/s	31 short_reads/s	0 short_writes_echo/s	260 cpu_user_milliseconds	632 cpu_system_milliseconds	0 minor_page_faults/s	0 major_page_faults/s	1605 yields/s	197 preempts/s
60006 milliseconds	582 MB/s	48 short_reads/s	0 short_writes_echo/s	243 cpu_user_milliseconds	628 cpu_system_milliseconds	0 minor_page_faults/s	0 major_page_faults/s	716 yields/s	295 preempts/s
61006 milliseconds	625 MB/s	39 short_reads/s	0 short_writes_echo/s	237 cpu_user_milliseconds	616 cpu_system_milliseconds	0 minor_page_faults/s	0 major_page_faults/s	3368 yields/s	199 preempts/s
62006 milliseconds	592 MB/s	7 short_reads/s	0 short_writes_echo/s	255 cpu_user_milliseconds	604 cpu_system_milliseconds	0 minor_page_faults/s	0 major_page_faults/s	3632 yields/s	191 preempts/s
63006 milliseconds	623 MB/s	33 short_reads/s	0 short_writes_echo/s	262 cpu_user_milliseconds	598 cpu_system_milliseconds	0 minor_page_faults/s	0 major_page_faults/s	4431 yields/s	190 preempts/s
64006 milliseconds	640 MB/s	19 short_reads/s	0 short_writes_echo/s	281 cpu_user_milliseconds	581 cpu_system_milliseconds	0 minor_page_faults/s	0 major_page_faults/s	4871 yields/s	131 preempts/s
65006 milliseconds	614 MB/s	33 short_reads/s	0 short_writes_echo/s	290 cpu_user_milliseconds	562 cpu_system_milliseconds	0 minor_page_faults/s	0 major_page_faults/s	4422 yields/s	130 preempts/s
66006 milliseconds	643 MB/s	5 short_reads/s	0 short_writes_echo/s	273 cpu_user_milliseconds	608 cpu_system_milliseconds	0 minor_page_faults/s	0 major_page_faults/s	4835 yields/s	83 preempts/s
67006 milliseconds	627 MB/s	5 short_reads/s	0 short_writes_echo/s	264 cpu_user_milliseconds	675 cpu_system_milliseconds	0 minor_page_faults/s	0 major_page_faults/s	1394 yields/s	229 preempts/s
68006 milliseconds	691 MB/s	2 short_reads/s	0 short_writes_echo/s	287 cpu_user_milliseconds	622 cpu_system_milliseconds	0 minor_page_faults/s	0 major_page_faults/s	3153 yields/s	135 preempts/s
69006 milliseconds	624 MB/s	13 short_reads/s	0 short_writes_echo/s	273 cpu_user_milliseconds	586 cpu_system_milliseconds	0 minor_page_faults/s	0 major_page_faults/s	5040 yields/s	135 preempts/s
70006 milliseconds	646 MB/s	19 short_reads/s	0 short_writes_echo/s	251 cpu_user_milliseconds	590 cpu_system_milliseconds	0 minor_page_faults/s	0 major_page_faults/s	5994 yields/s	62 preempts/s
71006 milliseconds	662 MB/s	15 short_reads/s	0 short_writes_echo/s	264 cpu_user_milliseconds	620 cpu_system_milliseconds	0 minor_page_faults/s	0 major_page_faults/s	4668 yields/s	59 preempts/s
72006 milliseconds	681 MB/s	5 short_reads/s	0 short_writes_echo/s	257 cpu_user_milliseconds	687 cpu_system_milliseconds	0 minor_page_faults/s	0 major_page_faults/s	1682 yields/s	77 preempts/s
73006 milliseconds	648 MB/s	19 short_reads/s	0 short_writes_echo/s	278 cpu_user_milliseconds	590 cpu_system_milliseconds	0 minor_page_faults/s	0 major_page_faults/s	4152 yields/s	166 preempts/s
74006 milliseconds	674 MB/s	17 short_reads/s	0 short_writes_echo/s	300 cpu_user_milliseconds	571 cpu_system_milliseconds	0 minor_page_faults/s	0 major_page_faults/s	4987 yields/s	128 preempts/s
75006 milliseconds	655 MB/s	15 short_reads/s	0 short_writes_echo/s	288 cpu_user_milliseconds	576 cpu_system_milliseconds	0 minor_page_faults/s	0 major_page_faults/s	5297 yields/s	119 preempts/s
76007 milliseconds	601 MB/s	121 short_reads/s	0 short_writes_echo/s	266 cpu_user_milliseconds	532 cpu_system_milliseconds	0 minor_page_faults/s	0 major_page_faults/s	4571 yields/s	99 preempts/s
77007 milliseconds	571 MB/s	51 short_reads/s	0 short_writes_echo/s	262 cpu_user_milliseconds	515 cpu_system_milliseconds	0 minor_page_faults/s	0 major_page_faults/s	3429 yields/s	230 preempts/s
78007 milliseconds	707 MB/s	5 short_reads/s	0 short_writes_echo/s	279 cpu_user_milliseconds	584 cpu_system_milliseconds	0 minor_page_faults/s	0 major_page_faults/s	6977 yields/s	71 preempts/s
79007 milliseconds	713 MB/s	0 short_reads/s	0 short_writes_echo/s	294 cpu_user_milliseconds	567 cpu_system_milliseconds	0 minor_page_faults/s	0 major_page_faults/s	7258 yields/s	16 preempts/s
80007 milliseconds	670 MB/s	21 short_reads/s	0 short_writes_echo/s	284 cpu_user_milliseconds	607 cpu_system_milliseconds	0 minor_page_faults/s	0 major_page_faults/s	3366 yields/s	216 preempts/s
81007 milliseconds	665 MB/s	5 short_reads/s	0 short_writes_echo/s	248 cpu_user_milliseconds	687 cpu_system_milliseconds	0 minor_page_faults/s	0 major_page_faults/s	1853 yields/s	127 preempts/s
82007 milliseconds	769 MB/s	0 short_reads/s	0 short_writes_echo/s	290 cpu_user_milliseconds	697 cpu_system_milliseconds	0 minor_page_faults/s	0 major_page_faults/s	124 yields/s	168 preempts/s
83007 milliseconds	710 MB/s	4 short_reads/s	0 short_writes_echo/s	274 cpu_user_milliseconds	703 cpu_system_milliseconds	0 minor_page_faults/s	0 major_page_faults/s	378 yields/s	81 preempts/s
84007 milliseconds	631 MB/s	36 short_reads/s	0 short_writes_echo/s	283 cpu_user_milliseconds	600 cpu_system_milliseconds	0 minor_page_faults/s	0 major_page_faults/s	2109 yields/s	158 preempts/s
85007 milliseconds	620 MB/s	15 short_reads/s	0 short_writes_echo/s	267 cpu_user_milliseconds	624 cpu_system_milliseconds	0 minor_page_faults/s	0 major_page_faults/s	3572 yields/s	105 preempts/s
86007 milliseconds	629 MB/s	6 short_reads/s	0 short_writes_echo/s	273 cpu_user_milliseconds	644 cpu_system_milliseconds	0 minor_page_faults/s	0 major_page_faults/s	1575 yields/s	196 preempts/s
87007 milliseconds	511 MB/s	21 short_reads/s	0 short_writes_echo/s	228 cpu_user_milliseconds	638 cpu_system_milliseconds	0 minor_page_faults/s	0 major_page_faults/s	418 yields/s	299 preempts/s
88007 milliseconds	457 MB/s	27 short_reads/s	0 short_writes_echo/s	199 cpu_user_milliseconds	538 cpu_system_milliseconds	0 minor_page_faults/s	0 major_page_faults/s	396 yields/s	506 preempts/s
89007 milliseconds	532 MB/s	7 short_reads/s	0 short_writes_echo/s	246 cpu_user_milliseconds	648 cpu_system_milliseconds	0 minor_page_faults/s	0 major_page_faults/s	1005 yields/s	315 preempts/s
90007 milliseconds	590 MB/s	0 short_reads/s	0 short_writes_echo/s	248 cpu_user_milliseconds	725 cpu_system_milliseconds	0 minor_page_faults/s	0 major_page_faults/s	0 yields/s	232 preempts/s
91007 milliseconds	661 MB/s	10 short_reads/s	0 short_writes_echo/s	266 cpu_user_milliseconds	615 cpu_system_milliseconds	0 minor_page_faults/s	0 major_page_faults/s	4427 yields/s	174 preempts/s
92007 milliseconds	604 MB/s	14 short_reads/s	0 short_writes_echo/s	253 cpu_user_milliseconds	662 cpu_system_milliseconds	0 minor_page_faults/s	0 major_page_faults/s	1684 yields/s	143 preempts/s
93007 milliseconds	611 MB/s	13 short_reads/s	0 short_writes_echo/s	268 cpu_user_milliseconds	594 cpu_system_milliseconds	0 minor_page_faults/s	0 major_page_faults/s	4745 yields/s	136 preempts/s
94007 milliseconds	482 MB/s	21 short_reads/s	0 short_writes_echo/s	200 cpu_user_milliseconds	566 cpu_system_milliseconds	0 minor_page_faults/s	0 major_page_faults/s	489 yields/s	468 preempts/s
95007 milliseconds	494 MB/s	36 short_reads/s	0 short_writes_echo/s	195 cpu_user_milliseconds	661 cpu_system_milliseconds	0 minor_page_faults/s	0 major_page_faults/s	207 yields/s	312 preempts/s
96007 milliseconds	511 MB/s	73 short_reads/s	0 short_writes_echo/s	236 cpu_user_milliseconds	574 cpu_system_milliseconds	0 minor_page_faults/s	0 major_page_faults/s	1284 yields/s	329 preempts/s
97007 milliseconds	708 MB/s	1 short_reads/s	0 short_writes_echo/s	293 cpu_user_milliseconds	646 cpu_system_milliseconds	0 minor_page_faults/s	0 major_page_faults/s	2448 yields/s	175 preempts/s
98007 milliseconds	818 MB/s	0 short_reads/s	0 short_writes_echo/s	272 cpu_user_milliseconds	725 cpu_system_milliseconds	0 minor_page_faults/s	0 major_page_faults/s	0 yields/s	45 preempts/s
99007 milliseconds	758 MB/s	0 short_reads/s	0 short_writes_echo/s	263 cpu_user_milliseconds	728 cpu_system_milliseconds	0 minor_page_faults/s	0 major_page_faults/s	0 yields/s	154 preempts/s
100007 milliseconds	776 MB/s	0 short_reads/s	0 short_writes_echo/s	287 cpu_user_milliseconds	704 cpu_system_milliseconds	0 minor_page_faults/s	0 major_page_faults/s	0 yields/s	113 preempts/s
101007 milliseconds	712 MB/s	0 short_reads/s	0 short_writes_echo/s	326 cpu_user_milliseconds	667 cpu_system_milliseconds	0 minor_page_faults/s	0 major_page_faults/s	0 yields/s	63 preempts/s
102007 milliseconds	608 MB/s	0 short_reads/s	0 short_writes_echo/s	242 cpu_user_milliseconds	712 cpu_system_milliseconds	0 minor_page_faults/s	0 major_page_faults/s	24 yields/s	336 preempts/s
103007 milliseconds	710 MB/s	16 short_reads/s	0 short_writes_echo/s	271 cpu_user_milliseconds	614 cpu_system_milliseconds	0 minor_page_faults/s	0 major_page_faults/s	4815 yields/s	53 preempts/s
104007 milliseconds	662 MB/s	5 short_reads/s	0 short_writes_echo/s	277 cpu_user_milliseconds	592 cpu_system_milliseconds	0 minor_page_faults/s	0 major_page_faults/s	5606 yields/s	119 preempts/s
105007 milliseconds	661 MB/s	15 short_reads/s	0 short_writes_echo/s	290 cpu_user_milliseconds	576 cpu_system_milliseconds	0 minor_page_faults/s	0 major_page_faults/s	5640 yields/s	104 preempts/s
106007 milliseconds	722 MB/s	0 short_reads/s	0 short_writes_echo/s	258 cpu_user_milliseconds	607 cpu_system_milliseconds	0 minor_page_faults/s	0 major_page_faults/s	7585 yields/s	21 preempts/s
107007 milliseconds	675 MB/s	31 short_reads/s	0 short_writes_echo/s	240 cpu_user_milliseconds	607 cpu_system_milliseconds	0 minor_page_faults/s	0 major_page_faults/s	6002 yields/s	100 preempts/s
108007 milliseconds	708 MB/s	9 short_reads/s	0 short_writes_echo/s	253 cpu_user_milliseconds	608 cpu_system_milliseconds	0 minor_page_faults/s	0 major_page_faults/s	6330 yields/s	54 preempts/s
109007 milliseconds	753 MB/s	3 short_reads/s	0 short_writes_echo/s	260 cpu_user_milliseconds	593 cpu_system_milliseconds	0 minor_page_faults/s	0 major_page_faults/s	8141 yields/s	8 preempts/s
110007 milliseconds	696 MB/s	1 short_reads/s	0 short_writes_echo/s	262 cpu_user_milliseconds	601 cpu_system_milliseconds	0 minor_page_faults/s	0 major_page_faults/s	6653 yields/s	89 preempts/s
111007 milliseconds	702 MB/s	7 short_reads/s	0 short_writes_echo/s	259 cpu_user_milliseconds	597 cpu_system_milliseconds	0 minor_page_faults/s	0 major_page_faults/s	7283 yields/s	35 preempts/s
112008 milliseconds	704 MB/s	1 short_reads/s	0 short_writes_echo/s	289 cpu_user_milliseconds	647 cpu_system_milliseconds	0 minor_page_faults/s	0 major_page_faults/s	3036 yields/s	31 preempts/s
113008 milliseconds	725 MB/s	0 short_reads/s	0 short_writes_echo/s	289 cpu_user_milliseconds	685 cpu_system_milliseconds	0 minor_page_faults/s	0 major_page_faults/s	736 yields/s	21 preempts/s
114008 milliseconds	739 MB/s	5 short_reads/s	0 short_writes_echo/s	276 cpu_user_milliseconds	574 cpu_system_milliseconds	0 minor_page_faults/s	0 major_page_faults/s	8187 yields/s	1 preempts/s
115008 milliseconds	737 MB/s	0 short_reads/s	0 short_writes_echo/s	276 cpu_user_milliseconds	571 cpu_system_milliseconds	0 minor_page_faults/s	0 major_page_faults/s	8186 yields/s	11 preempts/s
116008 milliseconds	699 MB/s	3 short_reads/s	0 short_writes_echo/s	264 cpu_user_milliseconds	582 cpu_system_milliseconds	0 minor_page_faults/s	0 major_page_faults/s	7003 yields/s	52 preempts/s
117008 milliseconds	737 MB/s	3 short_reads/s	0 short_writes_echo/s	273 cpu_user_milliseconds	571 cpu_system_milliseconds	0 minor_page_faults/s	0 major_page_faults/s	8043 yields/s	9 preempts/s
118008 milliseconds	757 MB/s	3 short_reads/s	0 short_writes_echo/s	278 cpu_user_milliseconds	572 cpu_system_milliseconds	0 minor_page_faults/s	0 major_page_faults/s	8407 yields/s	0 preempts/s
119008 milliseconds	771 MB/s	3 short_reads/s	0 short_writes_echo/s	280 cpu_user_milliseconds	573 cpu_system_milliseconds	0 minor_page_faults/s	0 major_page_faults/s	8621 yields/s	1 preempts/s
120008 milliseconds	747 MB/s	0 short_reads/s	0 short_writes_echo/s	263 cpu_user_milliseconds	583 cpu_system_milliseconds	0 minor_page_faults/s	0 major_page_faults/s	8658 yields/s	35 preempts/s
121008 milliseconds	705 MB/s	9 short_reads/s	0 short_writes_echo/s	300 cpu_user_milliseconds	554 cpu_system_milliseconds	0 minor_page_faults/s	0 major_page_faults/s	6769 yields/s	49 preempts/s
122008 milliseconds	650 MB/s	11 short_reads/s	0 short_writes_echo/s	271 cpu_user_milliseconds	576 cpu_system_milliseconds	0 minor_page_faults/s	0 major_page_faults/s	6141 yields/s	105 preempts/s
123008 milliseconds	770 MB/s	0 short_reads/s	0 short_writes_echo/s	277 cpu_user_milliseconds	579 cpu_system_milliseconds	0 minor_page_faults/s	0 major_page_faults/s	8414 yields/s	1 preempts/s
124008 milliseconds	750 MB/s	0 short_reads/s	0 short_writes_echo/s	275 cpu_user_milliseconds	578 cpu_system_milliseconds	0 minor_page_faults/s	0 major_page_faults/s	8239 yields/s	6 preempts/s
125008 milliseconds	762 MB/s	0 short_reads/s	0 short_writes_echo/s	283 cpu_user_milliseconds	560 cpu_system_milliseconds	0 minor_page_faults/s	0 major_page_faults/s	8796 yields/s	0 preempts/s
126008 milliseconds	763 MB/s	1 short_reads/s	0 short_writes_echo/s	275 cpu_user_milliseconds	568 cpu_system_milliseconds	0 minor_page_faults/s	0 major_page_faults/s	8864 yields/s	0 preempts/s
127008 milliseconds	741 MB/s	0 short_reads/s	0 short_writes_echo/s	279 cpu_user_milliseconds	578 cpu_system_milliseconds	0 minor_page_faults/s	0 major_page_faults/s	7785 yields/s	55 preempts/s
128008 milliseconds	758 MB/s	0 short_reads/s	0 short_writes_echo/s	274 cpu_user_milliseconds	567 cpu_system_milliseconds	0 minor_page_faults/s	0 major_page_faults/s	8758 yields/s	0 preempts/s
129008 milliseconds	733 MB/s	1 short_reads/s	0 short_writes_echo/s	284 cpu_user_milliseconds	560 cpu_system_milliseconds	0 minor_page_faults/s	0 major_page_faults/s	8329 yields/s	2 preempts/s
130008 milliseconds	757 MB/s	0 short_reads/s	0 short_writes_echo/s	273 cpu_user_milliseconds	571 cpu_system_milliseconds	0 minor_page_faults/s	0 major_page_faults/s	8672 yields/s	0 preempts/s
131008 milliseconds	752 MB/s	0 short_reads/s	0 short_writes_echo/s	284 cpu_user_milliseconds	562 cpu_system_milliseconds	0 minor_page_faults/s	0 major_page_faults/s	8695 yields/s	3 preempts/s
132008 milliseconds	731 MB/s	0 short_reads/s	0 short_writes_echo/s	250 cpu_user_milliseconds	587 cpu_system_milliseconds	0 minor_page_faults/s	0 major_page_faults/s	8437 yields/s	3 preempts/s
133008 milliseconds	752 MB/s	0 short_reads/s	0 short_writes_echo/s	290 cpu_user_milliseconds	558 cpu_system_milliseconds	0 minor_page_faults/s	0 major_page_faults/s	8470 yields/s	22 preempts/s
134008 milliseconds	737 MB/s	0 short_reads/s	0 short_writes_echo/s	284 cpu_user_milliseconds	562 cpu_system_milliseconds	0 minor_page_faults/s	0 major_page_faults/s	8570 yields/s	0 preempts/s
135008 milliseconds	681 MB/s	3 short_reads/s	0 short_writes_echo/s	262 cpu_user_milliseconds	588 cpu_system_milliseconds	0 minor_page_faults/s	0 major_page_faults/s	6799 yields/s	86 preempts/s
136008 milliseconds	728 MB/s	3 short_reads/s	0 short_writes_echo/s	272 cpu_user_milliseconds	588 cpu_system_milliseconds	0 minor_page_faults/s	0 major_page_faults/s	7288 yields/s	18 preempts/s
137008 milliseconds	700 MB/s	9 short_reads/s	0 short_writes_echo/s	266 cpu_user_milliseconds	596 cpu_system_milliseconds	0 minor_page_faults/s	0 major_page_faults/s	6584 yields/s	21 preempts/s
138008 milliseconds	671 MB/s	5 short_reads/s	0 short_writes_echo/s	278 cpu_user_milliseconds	579 cpu_system_milliseconds	0 minor_page_faults/s	0 major_page_faults/s	6112 yields/s	62 preempts/s
139008 milliseconds	692 MB/s	0 short_reads/s	0 short_writes_echo/s	270 cpu_user_milliseconds	590 cpu_system_milliseconds	0 minor_page_faults/s	0 major_page_faults/s	6021 yields/s	49 preempts/s
140008 milliseconds	696 MB/s	1 short_reads/s	0 short_writes_echo/s	239 cpu_user_milliseconds	683 cpu_system_milliseconds	0 minor_page_faults/s	0 major_page_faults/s	3173 yields/s	69 preempts/s
141008 milliseconds	682 MB/s	0 short_reads/s	0 short_writes_echo/s	255 cpu_user_milliseconds	623 cpu_system_milliseconds	0 minor_page_faults/s	0 major_page_faults/s	5487 yields/s	75 preempts/s
142008 milliseconds	441 MB/s	192 short_reads/s	0 short_writes_echo/s	181 cpu_user_milliseconds	502 cpu_system_milliseconds	0 minor_page_faults/s	0 major_page_faults/s	1302 yields/s	338 preempts/s
143008 milliseconds	684 MB/s	4 short_reads/s	0 short_writes_echo/s	271 cpu_user_milliseconds	593 cpu_system_milliseconds	0 minor_page_faults/s	0 major_page_faults/s	6230 yields/s	52 preempts/s
144008 milliseconds	664 MB/s	15 short_reads/s	0 short_writes_echo/s	257 cpu_user_milliseconds	601 cpu_system_milliseconds	0 minor_page_faults/s	0 major_page_faults/s	5306 yields/s	181 preempts/s
145008 milliseconds	711 MB/s	7 short_reads/s	0 short_writes_echo/s	283 cpu_user_milliseconds	591 cpu_system_milliseconds	0 minor_page_faults/s	0 major_page_faults/s	5634 yields/s	161 preempts/s
146008 milliseconds	685 MB/s	17 short_reads/s	0 short_writes_echo/s	274 cpu_user_milliseconds	578 cpu_system_milliseconds	0 minor_page_faults/s	0 major_page_faults/s	7338 yields/s	60 preempts/s
147008 milliseconds	677 MB/s	15 short_reads/s	0 short_writes_echo/s	288 cpu_user_milliseconds	565 cpu_system_milliseconds	0 minor_page_faults/s	0 major_page_faults/s	6219 yields/s	107 preempts/s
148008 milliseconds	835 MB/s	0 short_reads/s	0 short_writes_echo/s	276 cpu_user_milliseconds	720 cpu_system_milliseconds	0 minor_page_faults/s	0 major_page_faults/s	73 yields/s	11 preempts/s
149008 milliseconds	854 MB/s	0 short_reads/s	0 short_writes_echo/s	298 cpu_user_milliseconds	699 cpu_system_milliseconds	0 minor_page_faults/s	0 major_page_faults/s	0 yields/s	25 preempts/s
150008 milliseconds	840 MB/s	0 short_reads/s	0 short_writes_echo/s	275 cpu_user_milliseconds	707 cpu_system_milliseconds	0 minor_page_faults/s	0 major_page_faults/s	838 yields/s	26 preempts/s
151008 milliseconds	761 MB/s	0 short_reads/s	0 short_writes_echo/s	296 cpu_user_milliseconds	544 cpu_system_milliseconds	0 minor_page_faults/s	0 major_page_faults/s	9030 yields/s	0 preempts/s
152008 milliseconds	691 MB/s	0 short_reads/s	0 short_writes_echo/s	275 cpu_user_milliseconds	569 cpu_system_milliseconds	0 minor_page_faults/s	0 major_page_faults/s	7767 yields/s	18 preempts/s
153008 milliseconds	759 MB/s	3 short_reads/s	0 short_writes_echo/s	286 cpu_user_milliseconds	556 cpu_system_milliseconds	0 minor_page_faults/s	0 major_page_faults/s	8935 yields/s	0 preempts/s
154008 milliseconds	746 MB/s	0 short_reads/s	0 short_writes_echo/s	286 cpu_user_milliseconds	557 cpu_system_milliseconds	0 minor_page_faults/s	0 major_page_faults/s	8819 yields/s	0 preempts/s
155008 milliseconds	762 MB/s	0 short_reads/s	0 short_writes_echo/s	295 cpu_user_milliseconds	546 cpu_system_milliseconds	0 minor_page_faults/s	0 major_page_faults/s	9022 yields/s	0 preempts/s
156008 milliseconds	742 MB/s	0 short_reads/s	0 short_writes_echo/s	256 cpu_user_milliseconds	588 cpu_system_milliseconds	0 minor_page_faults/s	0 major_page_faults/s	8692 yields/s	2 preempts/s
157008 milliseconds	792 MB/s	1 short_reads/s	0 short_writes_echo/s	306 cpu_user_milliseconds	619 cpu_system_milliseconds	0 minor_page_faults/s	0 major_page_faults/s	4157 yields/s	1 preempts/s
158008 milliseconds	847 MB/s	0 short_reads/s	0 short_writes_echo/s	332 cpu_user_milliseconds	649 cpu_system_milliseconds	0 minor_page_faults/s	0 major_page_faults/s	1068 yields/s	6 preempts/s
159008 milliseconds	748 MB/s	1 short_reads/s	0 short_writes_echo/s	291 cpu_user_milliseconds	559 cpu_system_milliseconds	0 minor_page_faults/s	0 major_page_faults/s	8161 yields/s	16 preempts/s
160008 milliseconds	700 MB/s	0 short_reads/s	0 short_writes_echo/s	275 cpu_user_milliseconds	572 cpu_system_milliseconds	0 minor_page_faults/s	0 major_page_faults/s	7515 yields/s	33 preempts/s
161008 milliseconds	651 MB/s	17 short_reads/s	0 short_writes_echo/s	273 cpu_user_milliseconds	594 cpu_system_milliseconds	0 minor_page_faults/s	0 major_page_faults/s	4794 yields/s	126 preempts/s
162008 milliseconds	725 MB/s	12 short_reads/s	0 short_writes_echo/s	258 cpu_user_milliseconds	651 cpu_system_milliseconds	0 minor_page_faults/s	0 major_page_faults/s	3284 yields/s	148 preempts/s
163008 milliseconds	710 MB/s	7 short_reads/s	0 short_writes_echo/s	312 cpu_user_milliseconds	550 cpu_system_milliseconds	0 minor_page_faults/s	0 major_page_faults/s	6708 yields/s	82 preempts/s
164008 milliseconds	713 MB/s	5 short_reads/s	0 short_writes_echo/s	267 cpu_user_milliseconds	586 cpu_system_milliseconds	0 minor_page_faults/s	0 major_page_faults/s	7657 yields/s	23 preempts/s
165008 milliseconds	714 MB/s	3 short_reads/s	0 short_writes_echo/s	259 cpu_user_milliseconds	597 cpu_system_milliseconds	0 minor_page_faults/s	0 major_page_faults/s	7045 yields/s	37 preempts/s
166008 milliseconds	723 MB/s	7 short_reads/s	0 short_writes_echo/s	268 cpu_user_milliseconds	585 cpu_system_milliseconds	0 minor_page_faults/s	0 major_page_faults/s	7557 yields/s	39 preempts/s
167008 milliseconds	639 MB/s	3 short_reads/s	0 short_writes_echo/s	271 cpu_user_milliseconds	601 cpu_system_milliseconds	0 minor_page_faults/s	0 major_page_faults/s	4830 yields/s	143 preempts/s
168008 milliseconds	646 MB/s	5 short_reads/s	0 short_writes_echo/s	271 cpu_user_milliseconds	590 cpu_system_milliseconds	0 minor_page_faults/s	0 major_page_faults/s	5775 yields/s	82 preempts/s
169008 milliseconds	753 MB/s	1 short_reads/s	0 short_writes_echo/s	284 cpu_user_milliseconds	571 cpu_system_milliseconds	0 minor_page_faults/s	0 major_page_faults/s	8102 yields/s	10 preempts/s
170008 milliseconds	698 MB/s	5 short_reads/s	0 short_writes_echo/s	286 cpu_user_milliseconds	577 cpu_system_milliseconds	0 minor_page_faults/s	0 major_page_faults/s	6383 yields/s	103 preempts/s
171008 milliseconds	747 MB/s	0 short_reads/s	0 short_writes_echo/s	263 cpu_user_milliseconds	587 cpu_system_milliseconds	0 minor_page_faults/s	0 major_page_faults/s	8411 yields/s	25 preempts/s
172008 milliseconds	718 MB/s	1 short_reads/s	0 short_writes_echo/s	268 cpu_user_milliseconds	584 cpu_system_milliseconds	0 minor_page_faults/s	0 major_page_faults/s	7881 yields/s	4 preempts/s
173008 milliseconds	766 MB/s	0 short_reads/s	0 short_writes_echo/s	239 cpu_user_milliseconds	616 cpu_system_milliseconds	0 minor_page_faults/s	0 major_page_faults/s	8489 yields/s	0 preempts/s
174008 milliseconds	765 MB/s	1 short_reads/s	0 short_writes_echo/s	281 cpu_user_milliseconds	572 cpu_system_milliseconds	0 minor_page_faults/s	0 major_page_faults/s	8582 yields/s	0 preempts/s
175008 milliseconds	754 MB/s	0 short_reads/s	0 short_writes_echo/s	286 cpu_user_milliseconds	578 cpu_system_milliseconds	0 minor_page_faults/s	0 major_page_faults/s	8170 yields/s	1 preempts/s
176008 milliseconds	812 MB/s	0 short_reads/s	0 short_writes_echo/s	274 cpu_user_milliseconds	682 cpu_system_milliseconds	0 minor_page_faults/s	0 major_page_faults/s	2559 yields/s	6 preempts/s
177008 milliseconds	823 MB/s	0 short_reads/s	0 short_writes_echo/s	305 cpu_user_milliseconds	691 cpu_system_milliseconds	0 minor_page_faults/s	0 major_page_faults/s	0 yields/s	37 preempts/s
178008 milliseconds	851 MB/s	0 short_reads/s	0 short_writes_echo/s	283 cpu_user_milliseconds	716 cpu_system_milliseconds	0 minor_page_faults/s	0 major_page_faults/s	0 yields/s	6 preempts/s
179008 milliseconds	848 MB/s	0 short_reads/s	0 short_writes_echo/s	294 cpu_user_milliseconds	703 cpu_system_milliseconds	0 minor_page_faults/s	0 major_page_faults/s	0 yields/s	27 preempts/s
180008 milliseconds	860 MB/s	0 short_reads/s	0 short_writes_echo/s	315 cpu_user_milliseconds	684 cpu_system_milliseconds	0 minor_page_faults/s	0 major_page_faults/s	0 yields/s	2 preempts/s
181008 milliseconds	850 MB/s	0 short_reads/s	0 short_writes_echo/s	275 cpu_user_milliseconds	724 cpu_system_milliseconds	0 minor_page_faults/s	0 major_page_faults/s	0 yields/s	3 preempts/s
182008 milliseconds	775 MB/s	2 short_reads/s	0 short_writes_echo/s	259 cpu_user_milliseconds	672 cpu_system_milliseconds	0 minor_page_faults/s	0 major_page_faults/s	3878 yields/s	8 preempts/s
183008 milliseconds	668 MB/s	7 short_reads/s	0 short_writes_echo/s	251 cpu_user_milliseconds	611 cpu_system_milliseconds	0 minor_page_faults/s	0 major_page_faults/s	5521 yields/s	117 preempts/s
184008 milliseconds	718 MB/s	1 short_reads/s	0 short_writes_echo/s	264 cpu_user_milliseconds	600 cpu_system_milliseconds	0 minor_page_faults/s	0 major_page_faults/s	6958 yields/s	27 preempts/s
185008 milliseconds	724 MB/s	0 short_reads/s	0 short_writes_echo/s	270 cpu_user_milliseconds	591 cpu_system_milliseconds	0 minor_page_faults/s	0 major_page_faults/s	6548 yields/s	108 preempts/s
186008 milliseconds	723 MB/s	1 short_reads/s	0 short_writes_echo/s	293 cpu_user_milliseconds	562 cpu_system_milliseconds	0 minor_page_faults/s	0 major_page_faults/s	7381 yields/s	84 preempts/s
187008 milliseconds	646 MB/s	3 short_reads/s	0 short_writes_echo/s	276 cpu_user_milliseconds	662 cpu_system_milliseconds	0 minor_page_faults/s	0 major_page_faults/s	2845 yields/s	71 preempts/s
188008 milliseconds	825 MB/s	0 short_reads/s	0 short_writes_echo/s	302 cpu_user_milliseconds	695 cpu_system_milliseconds	0 minor_page_faults/s	0 major_page_faults/s	0 yields/s	34 preempts/s
189008 milliseconds	838 MB/s	0 short_reads/s	0 short_writes_echo/s	279 cpu_user_milliseconds	717 cpu_system_milliseconds	0 minor_page_faults/s	0 major_page_faults/s	0 yields/s	35 preempts/s
190008 milliseconds	771 MB/s	0 short_reads/s	0 short_writes_echo/s	267 cpu_user_milliseconds	727 cpu_system_milliseconds	0 minor_page_faults/s	0 major_page_faults/s	0 yields/s	106 preempts/s
191008 milliseconds	822 MB/s	0 short_reads/s	0 short_writes_echo/s	301 cpu_user_milliseconds	697 cpu_system_milliseconds	0 minor_page_faults/s	0 major_page_faults/s	0 yields/s	7 preempts/s
192008 milliseconds	793 MB/s	0 short_reads/s	0 short_writes_echo/s	274 cpu_user_milliseconds	725 cpu_system_milliseconds	0 minor_page_faults/s	0 major_page_faults/s	0 yields/s	6 preempts/s
193008 milliseconds	828 MB/s	0 short_reads/s	0 short_writes_echo/s	293 cpu_user_milliseconds	706 cpu_system_milliseconds	0 minor_page_faults/s	0 major_page_faults/s	0 yields/s	3 preempts/s
194008 milliseconds	805 MB/s	0 short_reads/s	0 short_writes_echo/s	310 cpu_user_milliseconds	688 cpu_system_milliseconds	0 minor_page_faults/s	0 major_page_faults/s	0 yields/s	8 preempts/s
195008 milliseconds	599 MB/s	4 short_reads/s	0 short_writes_echo/s	255 cpu_user_milliseconds	636 cpu_system_milliseconds	0 minor_page_faults/s	0 major_page_faults/s	1708 yields/s	276 preempts/s
196008 milliseconds	667 MB/s	14 short_reads/s	0 short_writes_echo/s	269 cpu_user_milliseconds	609 cpu_system_milliseconds	0 minor_page_faults/s	0 major_page_faults/s	5207 yields/s	79 preempts/s
197008 milliseconds	660 MB/s	0 short_reads/s	0 short_writes_echo/s	258 cpu_user_milliseconds	592 cpu_system_milliseconds	0 minor_page_faults/s	0 major_page_faults/s	7098 yields/s	28 preempts/s
198008 milliseconds	693 MB/s	7 short_reads/s	0 short_writes_echo/s	278 cpu_user_milliseconds	577 cpu_system_milliseconds	0 minor_page_faults/s	0 major_page_faults/s	7376 yields/s	18 preempts/s
199008 milliseconds	712 MB/s	5 short_reads/s	0 short_writes_echo/s	299 cpu_user_milliseconds	557 cpu_system_milliseconds	0 minor_page_faults/s	0 major_page_faults/s	7470 yields/s	11 preempts/s
200008 milliseconds	829 MB/s	0 short_reads/s	0 short_writes_echo/s	305 cpu_user_milliseconds	693 cpu_system_milliseconds	0 minor_page_faults/s	0 major_page_faults/s	0 yields/s	4 preempts/s
201008 milliseconds	840 MB/s	0 short_reads/s	0 short_writes_echo/s	291 cpu_user_milliseconds	707 cpu_system_milliseconds	0 minor_page_faults/s	0 major_page_faults/s	0 yields/s	6 preempts/s
202008 milliseconds	801 MB/s	0 short_reads/s	0 short_writes_echo/s	275 cpu_user_milliseconds	723 cpu_system_milliseconds	0 minor_page_faults/s	0 major_page_faults/s	0 yields/s	22 preempts/s
203008 milliseconds	841 MB/s	0 short_reads/s	0 short_writes_echo/s	288 cpu_user_milliseconds	711 cpu_system_milliseconds	0 minor_page_faults/s	0 major_page_faults/s	0 yields/s	5 preempts/s
204008 milliseconds	774 MB/s	0 short_reads/s	0 short_writes_echo/s	305 cpu_user_milliseconds	692 cpu_system_milliseconds	0 minor_page_faults/s	0 major_page_faults/s	0 yields/s	28 preempts/s
205008 milliseconds	846 MB/s	0 short_reads/s	0 short_writes_echo/s	288 cpu_user_milliseconds	694 cpu_system_milliseconds	0 minor_page_faults/s	0 major_page_faults/s	927 yields/s	5 preempts/s
206008 milliseconds	739 MB/s	5 short_reads/s	0 short_writes_echo/s	287 cpu_user_milliseconds	555 cpu_system_milliseconds	0 minor_page_faults/s	0 major_page_faults/s	8615 yields/s	0 preempts/s
207008 milliseconds	744 MB/s	0 short_reads/s	0 short_writes_echo/s	256 cpu_user_milliseconds	590 cpu_system_milliseconds	0 minor_page_faults/s	0 major_page_faults/s	8342 yields/s	9 preempts/s
208008 milliseconds	691 MB/s	5 short_reads/s	0 short_writes_echo/s	281 cpu_user_milliseconds	568 cpu_system_milliseconds	0 minor_page_faults/s	0 major_page_faults/s	7301 yields/s	19 preempts/s
209008 milliseconds	689 MB/s	5 short_reads/s	0 short_writes_echo/s	272 cpu_user_milliseconds	583 cpu_system_milliseconds	0 minor_page_faults/s	0 major_page_faults/s	6978 yields/s	68 preempts/s
210008 milliseconds	717 MB/s	1 short_reads/s	0 short_writes_echo/s	295 cpu_user_milliseconds	560 cpu_system_milliseconds	0 minor_page_faults/s	0 major_page_faults/s	7807 yields/s	14 preempts/s
211008 milliseconds	755 MB/s	0 short_reads/s	0 short_writes_echo/s	275 cpu_user_milliseconds	571 cpu_system_milliseconds	0 minor_page_faults/s	0 major_page_faults/s	8548 yields/s	27 preempts/s
212008 milliseconds	657 MB/s	7 short_reads/s	0 short_writes_echo/s	254 cpu_user_milliseconds	593 cpu_system_milliseconds	0 minor_page_faults/s	0 major_page_faults/s	6034 yields/s	103 preempts/s
213008 milliseconds	691 MB/s	11 short_reads/s	0 short_writes_echo/s	271 cpu_user_milliseconds	573 cpu_system_milliseconds	0 minor_page_faults/s	0 major_page_faults/s	7391 yields/s	9 preempts/s
214008 milliseconds	734 MB/s	5 short_reads/s	0 short_writes_echo/s	292 cpu_user_milliseconds	556 cpu_system_milliseconds	0 minor_page_faults/s	0 major_page_faults/s	8289 yields/s	4 preempts/s
215008 milliseconds	696 MB/s	1 short_reads/s	0 short_writes_echo/s	256 cpu_user_milliseconds	592 cpu_system_milliseconds	0 minor_page_faults/s	0 major_page_faults/s	7268 yields/s	26 preempts/s
216008 milliseconds	702 MB/s	5 short_reads/s	0 short_writes_echo/s	287 cpu_user_milliseconds	562 cpu_system_milliseconds	0 minor_page_faults/s	0 major_page_faults/s	7915 yields/s	11 preempts/s
217008 milliseconds	692 MB/s	13 short_reads/s	0 short_writes_echo/s	273 cpu_user_milliseconds	568 cpu_system_milliseconds	0 minor_page_faults/s	0 major_page_faults/s	7164 yields/s	8 preempts/s
218008 milliseconds	714 MB/s	0 short_reads/s	0 short_writes_echo/s	293 cpu_user_milliseconds	565 cpu_system_milliseconds	0 minor_page_faults/s	0 major_page_faults/s	7691 yields/s	10 preempts/s
219008 milliseconds	714 MB/s	1 short_reads/s	0 short_writes_echo/s	253 cpu_user_milliseconds	595 cpu_system_milliseconds	0 minor_page_faults/s	0 major_page_faults/s	8198 yields/s	3 preempts/s
220008 milliseconds	702 MB/s	7 short_reads/s	0 short_writes_echo/s	299 cpu_user_milliseconds	557 cpu_system_milliseconds	0 minor_page_faults/s	0 major_page_faults/s	7296 yields/s	13 preempts/s
221008 milliseconds	682 MB/s	13 short_reads/s	0 short_writes_echo/s	285 cpu_user_milliseconds	557 cpu_system_milliseconds	0 minor_page_faults/s	0 major_page_faults/s	7780 yields/s	9 preempts/s
222008 milliseconds	674 MB/s	1 short_reads/s	0 short_writes_echo/s	266 cpu_user_milliseconds	583 cpu_system_milliseconds	0 minor_page_faults/s	0 major_page_faults/s	7097 yields/s	5 preempts/s
223008 milliseconds	748 MB/s	0 short_reads/s	0 short_writes_echo/s	269 cpu_user_milliseconds	580 cpu_system_milliseconds	0 minor_page_faults/s	0 major_page_faults/s	8526 yields/s	4 preempts/s
224008 milliseconds	740 MB/s	0 short_reads/s	0 short_writes_echo/s	266 cpu_user_milliseconds	580 cpu_system_milliseconds	0 minor_page_faults/s	0 major_page_faults/s	8743 yields/s	1 preempts/s
225008 milliseconds	749 MB/s	0 short_reads/s	0 short_writes_echo/s	262 cpu_user_milliseconds	579 cpu_system_milliseconds	0 minor_page_faults/s	0 major_page_faults/s	8759 yields/s	2 preempts/s
226008 milliseconds	755 MB/s	0 short_reads/s	0 short_writes_echo/s	283 cpu_user_milliseconds	562 cpu_system_milliseconds	0 minor_page_faults/s	0 major_page_faults/s	8606 yields/s	13 preempts/s
227008 milliseconds	726 MB/s	0 short_reads/s	0 short_writes_echo/s	275 cpu_user_milliseconds	591 cpu_system_milliseconds	0 minor_page_faults/s	0 major_page_faults/s	7052 yields/s	12 preempts/s
228008 milliseconds	719 MB/s	5 short_reads/s	0 short_writes_echo/s	282 cpu_user_milliseconds	586 cpu_system_milliseconds	0 minor_page_faults/s	0 major_page_faults/s	6506 yields/s	12 preempts/s
229008 milliseconds	571 MB/s	8 short_reads/s	0 short_writes_echo/s	247 cpu_user_milliseconds	598 cpu_system_milliseconds	0 minor_page_faults/s	0 major_page_faults/s	3261 yields/s	334 preempts/s
230008 milliseconds	543 MB/s	18 short_reads/s	0 short_writes_echo/s	210 cpu_user_milliseconds	672 cpu_system_milliseconds	0 minor_page_faults/s	0 major_page_faults/s	84 yields/s	276 preempts/s
231008 milliseconds	541 MB/s	32 short_reads/s	0 short_writes_echo/s	251 cpu_user_milliseconds	579 cpu_system_milliseconds	0 minor_page_faults/s	0 major_page_faults/s	1703 yields/s	295 preempts/s
232008 milliseconds	682 MB/s	6 short_reads/s	0 short_writes_echo/s	300 cpu_user_milliseconds	588 cpu_system_milliseconds	0 minor_page_faults/s	0 major_page_faults/s	3840 yields/s	125 preempts/s
233008 milliseconds	679 MB/s	1 short_reads/s	0 short_writes_echo/s	276 cpu_user_milliseconds	579 cpu_system_milliseconds	0 minor_page_faults/s	0 major_page_faults/s	7315 yields/s	27 preempts/s
234008 milliseconds	705 MB/s	9 short_reads/s	0 short_writes_echo/s	265 cpu_user_milliseconds	586 cpu_system_milliseconds	0 minor_page_faults/s	0 major_page_faults/s	6802 yields/s	100 preempts/s
235008 milliseconds	760 MB/s	5 short_reads/s	0 short_writes_echo/s	280 cpu_user_milliseconds	560 cpu_system_milliseconds	0 minor_page_faults/s	0 major_page_faults/s	9047 yields/s	0 preempts/s
236008 milliseconds	739 MB/s	0 short_reads/s	0 short_writes_echo/s	277 cpu_user_milliseconds	576 cpu_system_milliseconds	0 minor_page_faults/s	0 major_page_faults/s	8301 yields/s	2 preempts/s
237008 milliseconds	721 MB/s	1 short_reads/s	0 short_writes_echo/s	266 cpu_user_milliseconds	571 cpu_system_milliseconds	0 minor_page_faults/s	0 major_page_faults/s	7644 yields/s	10 preempts/s
238008 milliseconds	747 MB/s	0 short_reads/s	0 short_writes_echo/s	261 cpu_user_milliseconds	580 cpu_system_milliseconds	0 minor_page_faults/s	0 major_page_faults/s	8745 yields/s	0 preempts/s
239008 milliseconds	711 MB/s	5 short_reads/s	0 short_writes_echo/s	279 cpu_user_milliseconds	567 cpu_system_milliseconds	0 minor_page_faults/s	0 major_page_faults/s	7238 yields/s	55 preempts/s
240008 milliseconds	679 MB/s	5 short_reads/s	0 short_writes_echo/s	259 cpu_user_milliseconds	609 cpu_system_milliseconds	0 minor_page_faults/s	0 major_page_faults/s	5615 yields/s	135 preempts/s
