1000 milliseconds	3869 MB/s	60291 short_reads/s	0 short_writes_echo/s	112 cpu_user_milliseconds	682 cpu_system_milliseconds	173 minor_page_faults/s	0 major_page_faults/s	26543 yields/s	0 preempts/s
2000 milliseconds	3786 MB/s	59008 short_reads/s	0 short_writes_echo/s	104 cpu_user_milliseconds	683 cpu_system_milliseconds	3 minor_page_faults/s	0 major_page_faults/s	28864 yields/s	0 preempts/s
3000 milliseconds	3847 MB/s	59951 short_reads/s	0 short_writes_echo/s	103 cpu_user_milliseconds	688 cpu_system_milliseconds	0 minor_page_faults/s	0 major_page_faults/s	29057 yields/s	0 preempts/s
4000 milliseconds	3883 MB/s	60519 short_reads/s	0 short_writes_echo/s	114 cpu_user_milliseconds	677 cpu_system_milliseconds	0 minor_page_faults/s	0 major_page_faults/s	29449 yields/s	0 preempts/s
5000 milliseconds	3464 MB/s	53911 short_reads/s	0 short_writes_echo/s	109 cpu_user_milliseconds	593 cpu_system_milliseconds	0 minor_page_faults/s	0 major_page_faults/s	27839 yields/s	62 preempts/s
6000 milliseconds	3207 MB/s	49974 short_reads/s	0 short_writes_echo/s	84 cpu_user_milliseconds	565 cpu_system_milliseconds	0 minor_page_faults/s	0 major_page_faults/s	28161 yields/s	45 preempts/s
7000 milliseconds	3188 MB/s	49664 short_reads/s	0 short_writes_echo/s	85 cpu_user_milliseconds	599 cpu_system_milliseconds	0 minor_page_faults/s	0 major_page_faults/s	26260 yields/s	6 preempts/s
8000 milliseconds	3227 MB/s	50295 short_reads/s	0 short_writes_echo/s	98 cpu_user_milliseconds	558 cpu_system_milliseconds	0 minor_page_faults/s	0 major_page_faults/s	28072 yields/s	18 preempts/s
9000 milliseconds	3233 MB/s	50388 short_reads/s	0 short_writes_echo/s	81 cpu_user_milliseconds	575 cpu_system_milliseconds	0 minor_page_faults/s	0 major_page_faults/s	28357 yields/s	0 preempts/s
10000 milliseconds	3242 MB/s	50524 short_reads/s	0 short_writes_echo/s	84 cpu_user_milliseconds	575 cpu_system_milliseconds	0 minor_page_faults/s	0 major_page_faults/s	28275 yields/s	1 preempts/s
11000 milliseconds	3231 MB/s	50349 short_reads/s	0 short_writes_echo/s	110 cpu_user_milliseconds	545 cpu_system_milliseconds	0 minor_page_faults/s	0 major_page_faults/s	28472 yields/s	0 preempts/s
12000 milliseconds	3146 MB/s	49022 short_reads/s	0 short_writes_echo/s	86 cpu_user_milliseconds	579 cpu_system_milliseconds	0 minor_page_faults/s	0 major_page_faults/s	27054 yields/s	0 preempts/s
13000 milliseconds	3218 MB/s	50142 short_reads/s	0 short_writes_echo/s	104 cpu_user_milliseconds	552 cpu_system_milliseconds	0 minor_page_faults/s	0 major_page_faults/s	28181 yields/s	21 preempts/s
14000 milliseconds	3126 MB/s	48718 short_reads/s	0 short_writes_echo/s	82 cpu_user_milliseconds	581 cpu_system_milliseconds	0 minor_page_faults/s	0 major_page_faults/s	27373 yields/s	22 preempts/s
15000 milliseconds	3208 MB/s	50004 short_reads/s	0 short_writes_echo/s	95 cpu_user_milliseconds	559 cpu_system_milliseconds	0 minor_page_faults/s	0 major_page_faults/s	28319 yields/s	0 preempts/s
16000 milliseconds	3111 MB/s	48491 short_reads/s	0 short_writes_echo/s	88 cpu_user_milliseconds	576 cpu_system_milliseconds	0 minor_page_faults/s	0 major_page_faults/s	27237 yields/s	0 preempts/s
17000 milliseconds	3187 MB/s	49670 short_reads/s	0 short_writes_echo/s	95 cpu_user_milliseconds	569 cpu_system_milliseconds	0 minor_page_faults/s	0 major_page_faults/s	27625 yields/s	2 preempts/s
18000 milliseconds	3126 MB/s	48713 short_reads/s	0 short_writes_echo/s	86 cpu_user_milliseconds	576 cpu_system_milliseconds	0 minor_page_faults/s	0 major_page_faults/s	27373 yields/s	10 preempts/s
19000 milliseconds	3241 MB/s	50507 short_reads/s	0 short_writes_echo/s	106 cpu_user_milliseconds	553 cpu_system_milliseconds	0 minor_page_faults/s	0 major_page_faults/s	28348 yields/s	0 preempts/s
20000 milliseconds	2976 MB/s	46375 short_reads/s	0 short_writes_echo/s	100 cpu_user_milliseconds	582 cpu_system_milliseconds	0 minor_page_faults/s	0 major_page_faults/s	25424 yields/s	18 preempts/s
21000 milliseconds	3238 MB/s	50467 short_reads/s	0 short_writes_echo/s	78 cpu_user_milliseconds	580 cpu_system_milliseconds	0 minor_page_faults/s	0 major_page_faults/s	28458 yields/s	0 preempts/s
22000 milliseconds	3127 MB/s	48730 short_reads/s	0 short_writes_echo/s	98 cpu_user_milliseconds	570 cpu_system_milliseconds	0 minor_page_faults/s	0 major_page_faults/s	26936 yields/s	3 preempts/s
23000 milliseconds	3166 MB/s	49350 short_reads/s	0 short_writes_echo/s	94 cpu_user_milliseconds	564 cpu_system_milliseconds	0 minor_page_faults/s	0 major_page_faults/s	27989 yields/s	0 preempts/s
24000 milliseconds	3241 MB/s	50508 short_reads/s	0 short_writes_echo/s	87 cpu_user_milliseconds	569 cpu_system_milliseconds	0 minor_page_faults/s	0 major_page_faults/s	28455 yields/s	0 preempts/s
25000 milliseconds	3204 MB/s	49930 short_reads/s	0 short_writes_echo/s	97 cpu_user_milliseconds	555 cpu_system_milliseconds	0 minor_page_faults/s	0 major_page_faults/s	28296 yields/s	0 preempts/s
26000 milliseconds	3110 MB/s	48477 short_reads/s	0 short_writes_echo/s	85 cpu_user_milliseconds	579 cpu_system_milliseconds	0 minor_page_faults/s	0 major_page_faults/s	27247 yields/s	8 preempts/s
27000 milliseconds	3176 MB/s	49493 short_reads/s	0 short_writes_echo/s	96 cpu_user_milliseconds	562 cpu_system_milliseconds	0 minor_page_faults/s	0 major_page_faults/s	27523 yields/s	1 preempts/s
28000 milliseconds	3213 MB/s	50082 short_reads/s	0 short_writes_echo/s	99 cpu_user_milliseconds	554 cpu_system_milliseconds	0 minor_page_faults/s	0 major_page_faults/s	28485 yields/s	0 preempts/s
29000 milliseconds	3216 MB/s	50117 short_reads/s	0 short_writes_echo/s	96 cpu_user_milliseconds	559 cpu_system_milliseconds	0 minor_page_faults/s	0 major_page_faults/s	28442 yields/s	0 preempts/s
30000 milliseconds	3212 MB/s	50057 short_reads/s	0 short_writes_echo/s	75 cpu_user_milliseconds	580 cpu_system_milliseconds	0 minor_page_faults/s	0 major_page_faults/s	28396 yields/s	0 preempts/s
31000 milliseconds	3235 MB/s	50411 short_reads/s	0 short_writes_echo/s	100 cpu_user_milliseconds	560 cpu_system_milliseconds	0 minor_page_faults/s	0 major_page_faults/s	28467 yields/s	0 preempts/s
32000 milliseconds	2954 MB/s	46030 short_reads/s	0 short_writes_echo/s	90 cpu_user_milliseconds	589 cpu_system_milliseconds	0 minor_page_faults/s	0 major_page_faults/s	25602 yields/s	2 preempts/s
33000 milliseconds	3247 MB/s	50607 short_reads/s	0 short_writes_echo/s	94 cpu_user_milliseconds	563 cpu_system_milliseconds	0 minor_page_faults/s	0 major_page_faults/s	28439 yields/s	0 preempts/s
34000 milliseconds	3249 MB/s	50637 short_reads/s	0 short_writes_echo/s	82 cpu_user_milliseconds	574 cpu_system_milliseconds	0 minor_page_faults/s	0 major_page_faults/s	28478 yields/s	0 preempts/s
35000 milliseconds	3150 MB/s	49097 short_reads/s	0 short_writes_echo/s	89 cpu_user_milliseconds	571 cpu_system_milliseconds	0 minor_page_faults/s	0 major_page_faults/s	27739 yields/s	1 preempts/s
36000 milliseconds	3204 MB/s	49940 short_reads/s	0 short_writes_echo/s	108 cpu_user_milliseconds	540 cpu_system_milliseconds	0 minor_page_faults/s	0 major_page_faults/s	28619 yields/s	0 preempts/s
37000 milliseconds	3177 MB/s	49502 short_reads/s	0 short_writes_echo/s	82 cpu_user_milliseconds	589 cpu_system_milliseconds	0 minor_page_faults/s	0 major_page_faults/s	26816 yields/s	0 preempts/s
38000 milliseconds	3201 MB/s	49876 short_reads/s	0 short_writes_echo/s	103 cpu_user_milliseconds	555 cpu_system_milliseconds	0 minor_page_faults/s	0 major_page_faults/s	27876 yields/s	20 preempts/s
39000 milliseconds	3228 MB/s	50256 short_reads/s	0 short_writes_echo/s	105 cpu_user_milliseconds	577 cpu_system_milliseconds	0 minor_page_faults/s	0 major_page_faults/s	26162 yields/s	1 preempts/s
40000 milliseconds	3070 MB/s	47852 short_reads/s	0 short_writes_echo/s	100 cpu_user_milliseconds	565 cpu_system_milliseconds	0 minor_page_faults/s	0 major_page_faults/s	27091 yields/s	2 preempts/s
41000 milliseconds	3182 MB/s	49599 short_reads/s	0 short_writes_echo/s	73 cpu_user_milliseconds	581 cpu_system_milliseconds	0 minor_page_faults/s	0 major_page_faults/s	28161 yields/s	1 preempts/s
42000 milliseconds	3063 MB/s	47728 short_reads/s	0 short_writes_echo/s	93 cpu_user_milliseconds	579 cpu_system_milliseconds	0 minor_page_faults/s	0 major_page_faults/s	26182 yields/s	1 preempts/s
43000 milliseconds	3221 MB/s	50197 short_reads/s	0 short_writes_echo/s	96 cpu_user_milliseconds	563 cpu_system_milliseconds	0 minor_page_faults/s	0 major_page_faults/s	28261 yields/s	0 preempts/s
44000 milliseconds	3220 MB/s	50188 short_reads/s	0 short_writes_echo/s	109 cpu_user_milliseconds	546 cpu_system_milliseconds	0 minor_page_faults/s	0 major_page_faults/s	28374 yields/s	0 preempts/s
45000 milliseconds	3075 MB/s	47928 short_reads/s	0 short_writes_echo/s	89 cpu_user_milliseconds	578 cpu_system_milliseconds	0 minor_page_faults/s	0 major_page_faults/s	27080 yields/s	0 preempts/s
46000 milliseconds	3132 MB/s	48807 short_reads/s	0 short_writes_echo/s	83 cpu_user_milliseconds	576 cpu_system_milliseconds	0 minor_page_faults/s	0 major_page_faults/s	27577 yields/s	2 preempts/s
47000 milliseconds	3132 MB/s	48806 short_reads/s	0 short_writes_echo/s	108 cpu_user_milliseconds	555 cpu_system_milliseconds	0 minor_page_faults/s	0 major_page_faults/s	27249 yields/s	4 preempts/s
48000 milliseconds	3211 MB/s	50044 short_reads/s	0 short_writes_echo/s	90 cpu_user_milliseconds	564 cpu_system_milliseconds	0 minor_page_faults/s	0 major_page_faults/s	28430 yields/s	0 preempts/s
49000 milliseconds	3234 MB/s	50403 short_reads/s	0 short_writes_echo/s	78 cpu_user_milliseconds	577 cpu_system_milliseconds	0 minor_page_faults/s	0 major_page_faults/s	28591 yields/s	0 preempts/s
50000 milliseconds	3234 MB/s	50397 short_reads/s	0 short_writes_echo/s	75 cpu_user_milliseconds	583 cpu_system_milliseconds	0 minor_page_faults/s	0 major_page_faults/s	28153 yields/s	0 preempts/s
51000 milliseconds	3086 MB/s	48086 short_reads/s	0 short_writes_echo/s	98 cpu_user_milliseconds	578 cpu_system_milliseconds	0 minor_page_faults/s	0 major_page_faults/s	26552 yields/s	0 preempts/s
52000 milliseconds	3136 MB/s	48862 short_reads/s	0 short_writes_echo/s	103 cpu_user_milliseconds	569 cpu_system_milliseconds	0 minor_page_faults/s	0 major_page_faults/s	26135 yields/s	11 preempts/s
53000 milliseconds	3198 MB/s	49840 short_reads/s	0 short_writes_echo/s	104 cpu_user_milliseconds	549 cpu_system_milliseconds	0 minor_page_faults/s	0 major_page_faults/s	28439 yields/s	0 preempts/s
54000 milliseconds	3197 MB/s	49823 short_reads/s	0 short_writes_echo/s	97 cpu_user_milliseconds	553 cpu_system_milliseconds	0 minor_page_faults/s	0 major_page_faults/s	28420 yields/s	0 preempts/s
55000 milliseconds	3208 MB/s	49995 short_reads/s	0 short_writes_echo/s	77 cpu_user_milliseconds	574 cpu_system_milliseconds	0 minor_page_faults/s	0 major_page_faults/s	28646 yields/s	0 preempts/s
56000 milliseconds	3200 MB/s	49868 short_reads/s	0 short_writes_echo/s	98 cpu_user_milliseconds	551 cpu_system_milliseconds	0 minor_page_faults/s	0 major_page_faults/s	28641 yields/s	0 preempts/s
57000 milliseconds	3211 MB/s	50025 short_reads/s	0 short_writes_echo/s	75 cpu_user_milliseconds	590 cpu_system_milliseconds	0 minor_page_faults/s	0 major_page_faults/s	27288 yields/s	11 preempts/s
58001 milliseconds	3193 MB/s	49762 short_reads/s	0 short_writes_echo/s	99 cpu_user_milliseconds	553 cpu_system_milliseconds	0 minor_page_faults/s	0 major_page_faults/s	28374 yields/s	0 preempts/s
59001 milliseconds	3215 MB/s	50105 short_reads/s	0 short_writes_echo/s	99 cpu_user_milliseconds	554 cpu_system_milliseconds	0 minor_page_faults/s	0 major_page_faults/s	28412 yields/s	0 preempts/s
60001 milliseconds	3205 MB/s	49951 short_reads/s	0 short_writes_echo/s	93 cpu_user_milliseconds	558 cpu_system_milliseconds	0 minor_page_faults/s	0 major_page_faults/s	28722 yields/s	0 preempts/s
61001 milliseconds	3199 MB/s	49854 short_reads/s	0 short_writes_echo/s	126 cpu_user_milliseconds	523 cpu_system_milliseconds	0 minor_page_faults/s	0 major_page_faults/s	28611 yields/s	0 preempts/s
62001 milliseconds	3131 MB/s	48778 short_reads/s	0 short_writes_echo/s	95 cpu_user_milliseconds	577 cpu_system_milliseconds	0 minor_page_faults/s	0 major_page_faults/s	26483 yields/s	22 preempts/s
63001 milliseconds	3533 MB/s	55058 short_reads/s	0 short_writes_echo/s	107 cpu_user_milliseconds	680 cpu_system_milliseconds	0 minor_page_faults/s	0 major_page_faults/s	31214 yields/s	2 preempts/s
64001 milliseconds	3795 MB/s	59145 short_reads/s	0 short_writes_echo/s	120 cpu_user_milliseconds	655 cpu_system_milliseconds	0 minor_page_faults/s	0 major_page_faults/s	34077 yields/s	0 preempts/s
65001 milliseconds	3325 MB/s	51793 short_reads/s	0 short_writes_echo/s	110 cpu_user_milliseconds	604 cpu_system_milliseconds	0 minor_page_faults/s	0 major_page_faults/s	26153 yields/s	0 preempts/s
66001 milliseconds	3131 MB/s	48798 short_reads/s	0 short_writes_echo/s	94 cpu_user_milliseconds	570 cpu_system_milliseconds	0 minor_page_faults/s	0 major_page_faults/s	23258 yields/s	0 preempts/s
67001 milliseconds	3152 MB/s	49120 short_reads/s	0 short_writes_echo/s	105 cpu_user_milliseconds	566 cpu_system_milliseconds	0 minor_page_faults/s	0 major_page_faults/s	22350 yields/s	11 preempts/s
68001 milliseconds	3195 MB/s	49789 short_reads/s	0 short_writes_echo/s	82 cpu_user_milliseconds	575 cpu_system_milliseconds	0 minor_page_faults/s	0 major_page_faults/s	23677 yields/s	0 preempts/s
69001 milliseconds	3176 MB/s	49498 short_reads/s	0 short_writes_echo/s	77 cpu_user_milliseconds	579 cpu_system_milliseconds	0 minor_page_faults/s	0 major_page_faults/s	23914 yields/s	0 preempts/s
70001 milliseconds	3178 MB/s	49527 short_reads/s	0 short_writes_echo/s	93 cpu_user_milliseconds	562 cpu_system_milliseconds	0 minor_page_faults/s	0 major_page_faults/s	23552 yields/s	0 preempts/s
71001 milliseconds	3217 MB/s	50132 short_reads/s	0 short_writes_echo/s	95 cpu_user_milliseconds	567 cpu_system_milliseconds	0 minor_page_faults/s	0 major_page_faults/s	23833 yields/s	0 preempts/s
72001 milliseconds	3192 MB/s	49735 short_reads/s	0 short_writes_echo/s	103 cpu_user_milliseconds	568 cpu_system_milliseconds	0 minor_page_faults/s	0 major_page_faults/s	22943 yields/s	1 preempts/s
73001 milliseconds	3175 MB/s	49480 short_reads/s	0 short_writes_echo/s	100 cpu_user_milliseconds	555 cpu_system_milliseconds	0 minor_page_faults/s	0 major_page_faults/s	23716 yields/s	0 preempts/s
74001 milliseconds	3165 MB/s	49334 short_reads/s	0 short_writes_echo/s	82 cpu_user_milliseconds	571 cpu_system_milliseconds	0 minor_page_faults/s	0 major_page_faults/s	23880 yields/s	0 preempts/s
75001 milliseconds	3085 MB/s	48078 short_reads/s	0 short_writes_echo/s	91 cpu_user_milliseconds	569 cpu_system_milliseconds	0 minor_page_faults/s	0 major_page_faults/s	23135 yields/s	0 preempts/s
76001 milliseconds	3030 MB/s	47226 short_reads/s	0 short_writes_echo/s	79 cpu_user_milliseconds	574 cpu_system_milliseconds	0 minor_page_faults/s	0 major_page_faults/s	22901 yields/s	0 preempts/s
77001 milliseconds	3145 MB/s	49007 short_reads/s	0 short_writes_echo/s	84 cpu_user_milliseconds	579 cpu_system_milliseconds	0 minor_page_faults/s	0 major_page_faults/s	23182 yields/s	2 preempts/s
78001 milliseconds	3144 MB/s	49003 short_reads/s	0 short_writes_echo/s	98 cpu_user_milliseconds	564 cpu_system_milliseconds	0 minor_page_faults/s	0 major_page_faults/s	23240 yields/s	0 preempts/s
79001 milliseconds	3099 MB/s	48295 short_reads/s	0 short_writes_echo/s	97 cpu_user_milliseconds	570 cpu_system_milliseconds	0 minor_page_faults/s	0 major_page_faults/s	22794 yields/s	0 preempts/s
80001 milliseconds	3083 MB/s	48039 short_reads/s	0 short_writes_echo/s	85 cpu_user_milliseconds	580 cpu_system_milliseconds	0 minor_page_faults/s	0 major_page_faults/s	22742 yields/s	0 preempts/s
81001 milliseconds	3196 MB/s	49796 short_reads/s	0 short_writes_echo/s	81 cpu_user_milliseconds	575 cpu_system_milliseconds	0 minor_page_faults/s	0 major_page_faults/s	23318 yields/s	45 preempts/s
82001 milliseconds	3101 MB/s	48288 short_reads/s	0 short_writes_echo/s	101 cpu_user_milliseconds	570 cpu_system_milliseconds	0 minor_page_faults/s	0 major_page_faults/s	25142 yields/s	65 preempts/s
83001 milliseconds	3199 MB/s	49859 short_reads/s	0 short_writes_echo/s	111 cpu_user_milliseconds	545 cpu_system_milliseconds	0 minor_page_faults/s	0 major_page_faults/s	28191 yields/s	0 preempts/s
84001 milliseconds	3166 MB/s	49349 short_reads/s	0 short_writes_echo/s	97 cpu_user_milliseconds	564 cpu_system_milliseconds	0 minor_page_faults/s	0 major_page_faults/s	27757 yields/s	0 preempts/s
85001 milliseconds	3161 MB/s	49265 short_reads/s	0 short_writes_echo/s	107 cpu_user_milliseconds	560 cpu_system_milliseconds	0 minor_page_faults/s	0 major_page_faults/s	27615 yields/s	0 preempts/s
86001 milliseconds	3132 MB/s	48821 short_reads/s	0 short_writes_echo/s	106 cpu_user_milliseconds	555 cpu_system_milliseconds	0 minor_page_faults/s	0 major_page_faults/s	27649 yields/s	2 preempts/s
87001 milliseconds	3198 MB/s	49822 short_reads/s	0 short_writes_echo/s	82 cpu_user_milliseconds	587 cpu_system_milliseconds	0 minor_page_faults/s	0 major_page_faults/s	27033 yields/s	6 preempts/s
88001 milliseconds	3275 MB/s	51043 short_reads/s	0 short_writes_echo/s	102 cpu_user_milliseconds	555 cpu_system_milliseconds	0 minor_page_faults/s	0 major_page_faults/s	28635 yields/s	0 preempts/s
89001 milliseconds	3220 MB/s	50185 short_reads/s	0 short_writes_echo/s	102 cpu_user_milliseconds	549 cpu_system_milliseconds	0 minor_page_faults/s	0 major_page_faults/s	28506 yields/s	0 preempts/s
90001 milliseconds	3080 MB/s	47998 short_reads/s	0 short_writes_echo/s	86 cpu_user_milliseconds	578 cpu_system_milliseconds	0 minor_page_faults/s	0 major_page_faults/s	27171 yields/s	0 preempts/s
91001 milliseconds	3086 MB/s	48092 short_reads/s	0 short_writes_echo/s	109 cpu_user_milliseconds	552 cpu_system_milliseconds	0 minor_page_faults/s	0 major_page_faults/s	27207 yields/s	21 preempts/s
92001 milliseconds	3578 MB/s	55736 short_reads/s	0 short_writes_echo/s	82 cpu_user_milliseconds	669 cpu_system_milliseconds	0 minor_page_faults/s	0 major_page_faults/s	32406 yields/s	0 preempts/s
93001 milliseconds	3742 MB/s	58306 short_reads/s	0 short_writes_echo/s	94 cpu_user_milliseconds	683 cpu_system_milliseconds	0 minor_page_faults/s	0 major_page_faults/s	34112 yields/s	0 preempts/s
94001 milliseconds	3684 MB/s	57417 short_reads/s	0 short_writes_echo/s	106 cpu_user_milliseconds	671 cpu_system_milliseconds	0 minor_page_faults/s	0 major_page_faults/s	33767 yields/s	0 preempts/s
95001 milliseconds	3716 MB/s	57915 short_reads/s	0 short_writes_echo/s	113 cpu_user_milliseconds	653 cpu_system_milliseconds	0 minor_page_faults/s	0 major_page_faults/s	33965 yields/s	0 preempts/s
96001 milliseconds	3737 MB/s	58245 short_reads/s	0 short_writes_echo/s	98 cpu_user_milliseconds	669 cpu_system_milliseconds	0 minor_page_faults/s	0 major_page_faults/s	34799 yields/s	0 preempts/s
97001 milliseconds	3317 MB/s	51639 short_reads/s	0 short_writes_echo/s	93 cpu_user_milliseconds	608 cpu_system_milliseconds	0 minor_page_faults/s	0 major_page_faults/s	27503 yields/s	3 preempts/s
98001 milliseconds	3206 MB/s	49966 short_reads/s	0 short_writes_echo/s	91 cpu_user_milliseconds	563 cpu_system_milliseconds	0 minor_page_faults/s	0 major_page_faults/s	28134 yields/s	0 preempts/s
99001 milliseconds	3148 MB/s	49064 short_reads/s	0 short_writes_echo/s	85 cpu_user_milliseconds	560 cpu_system_milliseconds	0 minor_page_faults/s	0 major_page_faults/s	27938 yields/s	0 preempts/s
100001 milliseconds	3220 MB/s	50193 short_reads/s	0 short_writes_echo/s	82 cpu_user_milliseconds	573 cpu_system_milliseconds	0 minor_page_faults/s	0 major_page_faults/s	28346 yields/s	0 preempts/s
101001 milliseconds	3251 MB/s	50668 short_reads/s	0 short_writes_echo/s	88 cpu_user_milliseconds	570 cpu_system_milliseconds	0 minor_page_faults/s	0 major_page_faults/s	28658 yields/s	0 preempts/s
102001 milliseconds	3162 MB/s	49281 short_reads/s	0 short_writes_echo/s	93 cpu_user_milliseconds	561 cpu_system_milliseconds	0 minor_page_faults/s	0 major_page_faults/s	27953 yields/s	1 preempts/s
103001 milliseconds	3206 MB/s	49967 short_reads/s	0 short_writes_echo/s	98 cpu_user_milliseconds	552 cpu_system_milliseconds	0 minor_page_faults/s	0 major_page_faults/s	28556 yields/s	0 preempts/s
104001 milliseconds	3169 MB/s	49392 short_reads/s	0 short_writes_echo/s	93 cpu_user_milliseconds	563 cpu_system_milliseconds	0 minor_page_faults/s	0 major_page_faults/s	28176 yields/s	0 preempts/s
105001 milliseconds	3174 MB/s	49476 short_reads/s	0 short_writes_echo/s	90 cpu_user_milliseconds	563 cpu_system_milliseconds	0 minor_page_faults/s	0 major_page_faults/s	28274 yields/s	0 preempts/s
106001 milliseconds	3128 MB/s	48751 short_reads/s	0 short_writes_echo/s	105 cpu_user_milliseconds	553 cpu_system_milliseconds	0 minor_page_faults/s	0 major_page_faults/s	27833 yields/s	0 preempts/s
107001 milliseconds	3186 MB/s	49640 short_reads/s	0 short_writes_echo/s	96 cpu_user_milliseconds	574 cpu_system_milliseconds	0 minor_page_faults/s	0 major_page_faults/s	26824 yields/s	22 preempts/s
108001 milliseconds	3224 MB/s	50244 short_reads/s	0 short_writes_echo/s	115 cpu_user_milliseconds	540 cpu_system_milliseconds	0 minor_page_faults/s	0 major_page_faults/s	28273 yields/s	0 preempts/s
109001 milliseconds	3205 MB/s	49953 short_reads/s	0 short_writes_echo/s	101 cpu_user_milliseconds	557 cpu_system_milliseconds	0 minor_page_faults/s	0 major_page_faults/s	28404 yields/s	0 preempts/s
110001 milliseconds	3130 MB/s	48785 short_reads/s	0 short_writes_echo/s	84 cpu_user_milliseconds	581 cpu_system_milliseconds	0 minor_page_faults/s	0 major_page_faults/s	27430 yields/s	0 preempts/s
111001 milliseconds	3210 MB/s	50019 short_reads/s	0 short_writes_echo/s	87 cpu_user_milliseconds	579 cpu_system_milliseconds	0 minor_page_faults/s	0 major_page_faults/s	27563 yields/s	1 preempts/s
112001 milliseconds	3121 MB/s	48636 short_reads/s	0 short_writes_echo/s	102 cpu_user_milliseconds	559 cpu_system_milliseconds	0 minor_page_faults/s	0 major_page_faults/s	27245 yields/s	21 preempts/s
113001 milliseconds	3211 MB/s	50047 short_reads/s	0 short_writes_echo/s	110 cpu_user_milliseconds	544 cpu_system_milliseconds	0 minor_page_faults/s	0 major_page_faults/s	28259 yields/s	16 preempts/s
114001 milliseconds	3197 MB/s	49824 short_reads/s	0 short_writes_echo/s	100 cpu_user_milliseconds	555 cpu_system_milliseconds	0 minor_page_faults/s	0 major_page_faults/s	28086 yields/s	8 preempts/s
115001 milliseconds	3233 MB/s	50387 short_reads/s	0 short_writes_echo/s	97 cpu_user_milliseconds	559 cpu_system_milliseconds	0 minor_page_faults/s	0 major_page_faults/s	28336 yields/s	0 preempts/s
116001 milliseconds	3032 MB/s	47258 short_reads/s	0 short_writes_echo/s	79 cpu_user_milliseconds	595 cpu_system_milliseconds	0 minor_page_faults/s	0 major_page_faults/s	26421 yields/s	0 preempts/s
117001 milliseconds	3187 MB/s	49664 short_reads/s	0 short_writes_echo/s	83 cpu_user_milliseconds	577 cpu_system_milliseconds	0 minor_page_faults/s	0 major_page_faults/s	27509 yields/s	4 preempts/s
118002 milliseconds	3215 MB/s	50103 short_reads/s	0 short_writes_echo/s	95 cpu_user_milliseconds	564 cpu_system_milliseconds	0 minor_page_faults/s	0 major_page_faults/s	28271 yields/s	0 preempts/s
119002 milliseconds	3244 MB/s	50559 short_reads/s	0 short_writes_echo/s	90 cpu_user_milliseconds	567 cpu_system_milliseconds	0 minor_page_faults/s	0 major_page_faults/s	28500 yields/s	0 preempts/s
120002 milliseconds	3034 MB/s	47290 short_reads/s	0 short_writes_echo/s	97 cpu_user_milliseconds	572 cpu_system_milliseconds	0 minor_page_faults/s	0 major_page_faults/s	26872 yields/s	0 preempts/s
121002 milliseconds	3227 MB/s	50291 short_reads/s	0 short_writes_echo/s	87 cpu_user_milliseconds	567 cpu_system_milliseconds	0 minor_page_faults/s	0 major_page_faults/s	28364 yields/s	0 preempts/s
122002 milliseconds	3042 MB/s	47403 short_reads/s	0 short_writes_echo/s	106 cpu_user_milliseconds	554 cpu_system_milliseconds	0 minor_page_faults/s	0 major_page_faults/s	26969 yields/s	2 preempts/s
123002 milliseconds	3169 MB/s	49386 short_reads/s	0 short_writes_echo/s	87 cpu_user_milliseconds	568 cpu_system_milliseconds	0 minor_page_faults/s	0 major_page_faults/s	27981 yields/s	2 preempts/s
124002 milliseconds	2857 MB/s	44522 short_reads/s	0 short_writes_echo/s	84 cpu_user_milliseconds	607 cpu_system_milliseconds	0 minor_page_faults/s	0 major_page_faults/s	24790 yields/s	2 preempts/s
125002 milliseconds	2970 MB/s	46279 short_reads/s	0 short_writes_echo/s	76 cpu_user_milliseconds	577 cpu_system_milliseconds	0 minor_page_faults/s	0 major_page_faults/s	26037 yields/s	24 preempts/s
126002 milliseconds	3240 MB/s	50496 short_reads/s	0 short_writes_echo/s	107 cpu_user_milliseconds	550 cpu_system_milliseconds	0 minor_page_faults/s	0 major_page_faults/s	28182 yields/s	5 preempts/s
127002 milliseconds	2943 MB/s	45865 short_reads/s	0 short_writes_echo/s	96 cpu_user_milliseconds	575 cpu_system_milliseconds	0 minor_page_faults/s	0 major_page_faults/s	26032 yields/s	0 preempts/s
128002 milliseconds	3221 MB/s	50201 short_reads/s	0 short_writes_echo/s	74 cpu_user_milliseconds	579 cpu_system_milliseconds	0 minor_page_faults/s	0 major_page_faults/s	28505 yields/s	0 preempts/s
129002 milliseconds	3234 MB/s	50407 short_reads/s	0 short_writes_echo/s	89 cpu_user_milliseconds	563 cpu_system_milliseconds	0 minor_page_faults/s	0 major_page_faults/s	28735 yields/s	0 preempts/s
130002 milliseconds	3178 MB/s	49538 short_reads/s	0 short_writes_echo/s	87 cpu_user_milliseconds	563 cpu_system_milliseconds	0 minor_page_faults/s	0 major_page_faults/s	28356 yields/s	1 preempts/s
131002 milliseconds	3178 MB/s	49531 short_reads/s	0 short_writes_echo/s	103 cpu_user_milliseconds	552 cpu_system_milliseconds	0 minor_page_faults/s	0 major_page_faults/s	28423 yields/s	0 preempts/s
132002 milliseconds	3168 MB/s	49375 short_reads/s	0 short_writes_echo/s	100 cpu_user_milliseconds	556 cpu_system_milliseconds	0 minor_page_faults/s	0 major_page_faults/s	28020 yields/s	3 preempts/s
133002 milliseconds	3125 MB/s	48708 short_reads/s	0 short_writes_echo/s	101 cpu_user_milliseconds	556 cpu_system_milliseconds	0 minor_page_faults/s	0 major_page_faults/s	27716 yields/s	0 preempts/s
134002 milliseconds	3197 MB/s	49834 short_reads/s	0 short_writes_echo/s	95 cpu_user_milliseconds	555 cpu_system_milliseconds	0 minor_page_faults/s	0 major_page_faults/s	28676 yields/s	0 preempts/s
135002 milliseconds	3219 MB/s	50176 short_reads/s	0 short_writes_echo/s	102 cpu_user_milliseconds	549 cpu_system_milliseconds	0 minor_page_faults/s	0 major_page_faults/s	28835 yields/s	0 preempts/s
136002 milliseconds	3120 MB/s	48620 short_reads/s	0 short_writes_echo/s	89 cpu_user_milliseconds	558 cpu_system_milliseconds	0 minor_page_faults/s	0 major_page_faults/s	28105 yields/s	0 preempts/s
137002 milliseconds	3155 MB/s	49169 short_reads/s	0 short_writes_echo/s	109 cpu_user_milliseconds	554 cpu_system_milliseconds	0 minor_page_faults/s	0 major_page_faults/s	27635 yields/s	0 preempts/s
138002 milliseconds	3186 MB/s	49654 short_reads/s	0 short_writes_echo/s	97 cpu_user_milliseconds	552 cpu_system_milliseconds	0 minor_page_faults/s	0 major_page_faults/s	28298 yields/s	0 preempts/s
139002 milliseconds	3185 MB/s	49643 short_reads/s	0 short_writes_echo/s	72 cpu_user_milliseconds	579 cpu_system_milliseconds	0 minor_page_faults/s	0 major_page_faults/s	28450 yields/s	1 preempts/s
140002 milliseconds	3171 MB/s	49415 short_reads/s	0 short_writes_echo/s	85 cpu_user_milliseconds	572 cpu_system_milliseconds	0 minor_page_faults/s	0 major_page_faults/s	27946 yields/s	0 preempts/s
141002 milliseconds	3242 MB/s	50525 short_reads/s	0 short_writes_echo/s	111 cpu_user_milliseconds	542 cpu_system_milliseconds	0 minor_page_faults/s	0 major_page_faults/s	28722 yields/s	21 preempts/s
142002 milliseconds	3171 MB/s	49417 short_reads/s	0 short_writes_echo/s	106 cpu_user_milliseconds	552 cpu_system_milliseconds	0 minor_page_faults/s	0 major_page_faults/s	27651 yields/s	2 preempts/s
143002 milliseconds	3175 MB/s	49478 short_reads/s	0 short_writes_echo/s	77 cpu_user_milliseconds	574 cpu_system_milliseconds	0 minor_page_faults/s	0 major_page_faults/s	28511 yields/s	0 preempts/s
144002 milliseconds	3210 MB/s	50025 short_reads/s	0 short_writes_echo/s	101 cpu_user_milliseconds	550 cpu_system_milliseconds	0 minor_page_faults/s	0 major_page_faults/s	28806 yields/s	0 preempts/s
145002 milliseconds	3105 MB/s	48397 short_reads/s	0 short_writes_echo/s	108 cpu_user_milliseconds	552 cpu_system_milliseconds	0 minor_page_faults/s	0 major_page_faults/s	27736 yields/s	0 preempts/s
146002 milliseconds	3101 MB/s	48317 short_reads/s	0 short_writes_echo/s	78 cpu_user_milliseconds	588 cpu_system_milliseconds	0 minor_page_faults/s	0 major_page_faults/s	26898 yields/s	47 preempts/s
147002 milliseconds	3028 MB/s	47181 short_reads/s	0 short_writes_echo/s	82 cpu_user_milliseconds	577 cpu_system_milliseconds	0 minor_page_faults/s	0 major_page_faults/s	26584 yields/s	22 preempts/s
148002 milliseconds	3212 MB/s	50057 short_reads/s	0 short_writes_echo/s	107 cpu_user_milliseconds	547 cpu_system_milliseconds	0 minor_page_faults/s	0 major_page_faults/s	28624 yields/s	0 preempts/s
149002 milliseconds	3211 MB/s	50043 short_reads/s	0 short_writes_echo/s	89 cpu_user_milliseconds	560 cpu_system_milliseconds	0 minor_page_faults/s	0 major_page_faults/s	28599 yields/s	0 preempts/s
150002 milliseconds	3208 MB/s	49996 short_reads/s	0 short_writes_echo/s	96 cpu_user_milliseconds	555 cpu_system_milliseconds	0 minor_page_faults/s	0 major_page_faults/s	28514 yields/s	0 preempts/s
151002 milliseconds	3216 MB/s	50115 short_reads/s	0 short_writes_echo/s	85 cpu_user_milliseconds	570 cpu_system_milliseconds	0 minor_page_faults/s	0 major_page_faults/s	28571 yields/s	0 preempts/s
152002 milliseconds	3212 MB/s	49976 short_reads/s	0 short_writes_echo/s	84 cpu_user_milliseconds	600 cpu_system_milliseconds	0 minor_page_faults/s	0 major_page_faults/s	26026 yields/s	0 preempts/s
153002 milliseconds	3203 MB/s	49917 short_reads/s	0 short_writes_echo/s	96 cpu_user_milliseconds	557 cpu_system_milliseconds	0 minor_page_faults/s	0 major_page_faults/s	28482 yields/s	0 preempts/s
154002 milliseconds	3161 MB/s	49266 short_reads/s	0 short_writes_echo/s	104 cpu_user_milliseconds	562 cpu_system_milliseconds	0 minor_page_faults/s	0 major_page_faults/s	27684 yields/s	2 preempts/s
155002 milliseconds	3160 MB/s	49249 short_reads/s	0 short_writes_echo/s	98 cpu_user_milliseconds	570 cpu_system_milliseconds	0 minor_page_faults/s	0 major_page_faults/s	27554 yields/s	0 preempts/s
156002 milliseconds	3124 MB/s	48688 short_reads/s	0 short_writes_echo/s	91 cpu_user_milliseconds	572 cpu_system_milliseconds	0 minor_page_faults/s	0 major_page_faults/s	27580 yields/s	4 preempts/s
157002 milliseconds	3143 MB/s	48978 short_reads/s	0 short_writes_echo/s	96 cpu_user_milliseconds	573 cpu_system_milliseconds	0 minor_page_faults/s	0 major_page_faults/s	27156 yields/s	0 preempts/s
158002 milliseconds	3220 MB/s	50178 short_reads/s	0 short_writes_echo/s	101 cpu_user_milliseconds	554 cpu_system_milliseconds	0 minor_page_faults/s	0 major_page_faults/s	28336 yields/s	0 preempts/s
159002 milliseconds	3232 MB/s	50317 short_reads/s	0 short_writes_echo/s	108 cpu_user_milliseconds	572 cpu_system_milliseconds	0 minor_page_faults/s	0 major_page_faults/s	26548 yields/s	0 preempts/s
160002 milliseconds	3140 MB/s	48935 short_reads/s	0 short_writes_echo/s	85 cpu_user_milliseconds	581 cpu_system_milliseconds	0 minor_page_faults/s	0 major_page_faults/s	27569 yields/s	0 preempts/s
161002 milliseconds	3227 MB/s	50301 short_reads/s	0 short_writes_echo/s	69 cpu_user_milliseconds	584 cpu_system_milliseconds	0 minor_page_faults/s	0 major_page_faults/s	28680 yields/s	0 preempts/s
162002 milliseconds	3211 MB/s	50029 short_reads/s	0 short_writes_echo/s	89 cpu_user_milliseconds	579 cpu_system_milliseconds	0 minor_page_faults/s	0 major_page_faults/s	27039 yields/s	1 preempts/s
163002 milliseconds	3185 MB/s	49636 short_reads/s	0 short_writes_echo/s	76 cpu_user_milliseconds	588 cpu_system_milliseconds	0 minor_page_faults/s	0 major_page_faults/s	27844 yields/s	0 preempts/s
164002 milliseconds	3165 MB/s	49325 short_reads/s	0 short_writes_echo/s	92 cpu_user_milliseconds	570 cpu_system_milliseconds	0 minor_page_faults/s	0 major_page_faults/s	27837 yields/s	0 preempts/s
165002 milliseconds	2879 MB/s	44865 short_reads/s	0 short_writes_echo/s	93 cpu_user_milliseconds	587 cpu_system_milliseconds	0 minor_page_faults/s	0 major_page_faults/s	25035 yields/s	16 preempts/s
166002 milliseconds	3156 MB/s	49177 short_reads/s	0 short_writes_echo/s	101 cpu_user_milliseconds	556 cpu_system_milliseconds	0 minor_page_faults/s	0 major_page_faults/s	27604 yields/s	48 preempts/s
167002 milliseconds	3094 MB/s	48224 short_reads/s	0 short_writes_echo/s	93 cpu_user_milliseconds	568 cpu_system_milliseconds	0 minor_page_faults/s	0 major_page_faults/s	27394 yields/s	1 preempts/s
168002 milliseconds	3204 MB/s	49938 short_reads/s	0 short_writes_echo/s	102 cpu_user_milliseconds	555 cpu_system_milliseconds	0 minor_page_faults/s	0 major_page_faults/s	28111 yields/s	0 preempts/s
169002 milliseconds	3198 MB/s	49834 short_reads/s	0 short_writes_echo/s	95 cpu_user_milliseconds	564 cpu_system_milliseconds	0 minor_page_faults/s	0 major_page_faults/s	27939 yields/s	0 preempts/s
170002 milliseconds	3183 MB/s	49614 short_reads/s	0 short_writes_echo/s	92 cpu_user_milliseconds	565 cpu_system_milliseconds	0 minor_page_faults/s	0 major_page_faults/s	28108 yields/s	0 preempts/s
171002 milliseconds	3183 MB/s	49614 short_reads/s	0 short_writes_echo/s	93 cpu_user_milliseconds	564 cpu_system_milliseconds	0 minor_page_faults/s	0 major_page_faults/s	28062 yields/s	0 preempts/s
172002 milliseconds	3093 MB/s	48186 short_reads/s	0 short_writes_echo/s	94 cpu_user_milliseconds	565 cpu_system_milliseconds	0 minor_page_faults/s	0 major_page_faults/s	27169 yields/s	21 preempts/s
173002 milliseconds	3164 MB/s	49319 short_reads/s	0 short_writes_echo/s	111 cpu_user_milliseconds	547 cpu_system_milliseconds	0 minor_page_faults/s	0 major_page_faults/s	27984 yields/s	0 preempts/s
174002 milliseconds	3198 MB/s	49842 short_reads/s	0 short_writes_echo/s	83 cpu_user_milliseconds	573 cpu_system_milliseconds	0 minor_page_faults/s	0 major_page_faults/s	28171 yields/s	1 preempts/s
175002 milliseconds	3214 MB/s	50098 short_reads/s	0 short_writes_echo/s	83 cpu_user_milliseconds	567 cpu_system_milliseconds	0 minor_page_faults/s	0 major_page_faults/s	28624 yields/s	14 preempts/s
176002 milliseconds	3075 MB/s	47923 short_reads/s	0 short_writes_echo/s	81 cpu_user_milliseconds	582 cpu_system_milliseconds	0 minor_page_faults/s	0 major_page_faults/s	27260 yields/s	0 preempts/s
177002 milliseconds	3018 MB/s	47027 short_reads/s	0 short_writes_echo/s	101 cpu_user_milliseconds	569 cpu_system_milliseconds	0 minor_page_faults/s	0 major_page_faults/s	26270 yields/s	18 preempts/s
178002 milliseconds	3195 MB/s	49791 short_reads/s	0 short_writes_echo/s	87 cpu_user_milliseconds	563 cpu_system_milliseconds	0 minor_page_faults/s	0 major_page_faults/s	28400 yields/s	0 preempts/s
179002 milliseconds	3184 MB/s	49621 short_reads/s	0 short_writes_echo/s	103 cpu_user_milliseconds	552 cpu_system_milliseconds	0 minor_page_faults/s	0 major_page_faults/s	28271 yields/s	1 preempts/s
180003 milliseconds	3211 MB/s	50048 short_reads/s	0 short_writes_echo/s	83 cpu_user_milliseconds	572 cpu_system_milliseconds	0 minor_page_faults/s	0 major_page_faults/s	28401 yields/s	0 preempts/s
181003 milliseconds	3162 MB/s	49287 short_reads/s	0 short_writes_echo/s	100 cpu_user_milliseconds	557 cpu_system_milliseconds	0 minor_page_faults/s	0 major_page_faults/s	28039 yields/s	0 preempts/s
182003 milliseconds	3131 MB/s	48785 short_reads/s	0 short_writes_echo/s	98 cpu_user_milliseconds	561 cpu_system_milliseconds	0 minor_page_faults/s	0 major_page_faults/s	27271 yields/s	43 preempts/s
183003 milliseconds	3230 MB/s	50350 short_reads/s	0 short_writes_echo/s	95 cpu_user_milliseconds	560 cpu_system_milliseconds	0 minor_page_faults/s	0 major_page_faults/s	28350 yields/s	0 preempts/s
184003 milliseconds	3215 MB/s	50106 short_reads/s	0 short_writes_echo/s	88 cpu_user_milliseconds	564 cpu_system_milliseconds	0 minor_page_faults/s	0 major_page_faults/s	28313 yields/s	15 preempts/s
185003 milliseconds	3082 MB/s	48040 short_reads/s	0 short_writes_echo/s	89 cpu_user_milliseconds	559 cpu_system_milliseconds	0 minor_page_faults/s	0 major_page_faults/s	27191 yields/s	1 preempts/s
186003 milliseconds	3163 MB/s	49279 short_reads/s	0 short_writes_echo/s	91 cpu_user_milliseconds	568 cpu_system_milliseconds	0 minor_page_faults/s	0 major_page_faults/s	27434 yields/s	46 preempts/s
187003 milliseconds	3155 MB/s	49172 short_reads/s	0 short_writes_echo/s	114 cpu_user_milliseconds	539 cpu_system_milliseconds	0 minor_page_faults/s	0 major_page_faults/s	27869 yields/s	1 preempts/s
188003 milliseconds	3178 MB/s	49527 short_reads/s	0 short_writes_echo/s	103 cpu_user_milliseconds	549 cpu_system_milliseconds	0 minor_page_faults/s	0 major_page_faults/s	28277 yields/s	0 preempts/s
189003 milliseconds	3207 MB/s	49983 short_reads/s	0 short_writes_echo/s	71 cpu_user_milliseconds	583 cpu_system_milliseconds	0 minor_page_faults/s	0 major_page_faults/s	28404 yields/s	0 preempts/s
190003 milliseconds	3236 MB/s	50429 short_reads/s	0 short_writes_echo/s	78 cpu_user_milliseconds	573 cpu_system_milliseconds	0 minor_page_faults/s	0 major_page_faults/s	28711 yields/s	0 preempts/s
191003 milliseconds	3090 MB/s	48166 short_reads/s	0 short_writes_echo/s	95 cpu_user_milliseconds	563 cpu_system_milliseconds	0 minor_page_faults/s	0 major_page_faults/s	27535 yields/s	0 preempts/s
192003 milliseconds	3195 MB/s	49787 short_reads/s	0 short_writes_echo/s	88 cpu_user_milliseconds	581 cpu_system_milliseconds	0 minor_page_faults/s	0 major_page_faults/s	27153 yields/s	0 preempts/s
193003 milliseconds	3203 MB/s	49916 short_reads/s	0 short_writes_echo/s	90 cpu_user_milliseconds	561 cpu_system_milliseconds	0 minor_page_faults/s	0 major_page_faults/s	28496 yields/s	0 preempts/s
194003 milliseconds	3194 MB/s	49782 short_reads/s	0 short_writes_echo/s	97 cpu_user_milliseconds	559 cpu_system_milliseconds	0 minor_page_faults/s	0 major_page_faults/s	28156 yields/s	9 preempts/s
195003 milliseconds	3168 MB/s	49379 short_reads/s	0 short_writes_echo/s	96 cpu_user_milliseconds	562 cpu_system_milliseconds	0 minor_page_faults/s	0 major_page_faults/s	28182 yields/s	0 preempts/s
196003 milliseconds	3077 MB/s	47960 short_reads/s	0 short_writes_echo/s	86 cpu_user_milliseconds	568 cpu_system_milliseconds	0 minor_page_faults/s	0 major_page_faults/s	27250 yields/s	3 preempts/s
197003 milliseconds	3178 MB/s	49523 short_reads/s	0 short_writes_echo/s	89 cpu_user_milliseconds	565 cpu_system_milliseconds	0 minor_page_faults/s	0 major_page_faults/s	27978 yields/s	1 preempts/s
198003 milliseconds	3218 MB/s	50154 short_reads/s	0 short_writes_echo/s	90 cpu_user_milliseconds	564 cpu_system_milliseconds	0 minor_page_faults/s	0 major_page_faults/s	28270 yields/s	0 preempts/s
199003 milliseconds	3166 MB/s	49348 short_reads/s	0 short_writes_echo/s	95 cpu_user_milliseconds	557 cpu_system_milliseconds	0 minor_page_faults/s	0 major_page_faults/s	28237 yields/s	1 preempts/s
200003 milliseconds	3209 MB/s	50007 short_reads/s	0 short_writes_echo/s	95 cpu_user_milliseconds	558 cpu_system_milliseconds	0 minor_page_faults/s	0 major_page_faults/s	28469 yields/s	0 preempts/s
201003 milliseconds	3174 MB/s	49463 short_reads/s	0 short_writes_echo/s	81 cpu_user_milliseconds	575 cpu_system_milliseconds	0 minor_page_faults/s	0 major_page_faults/s	27865 yields/s	0 preempts/s
202003 milliseconds	3191 MB/s	49647 short_reads/s	0 short_writes_echo/s	90 cpu_user_milliseconds	589 cpu_system_milliseconds	0 minor_page_faults/s	0 major_page_faults/s	25759 yields/s	0 preempts/s
203003 milliseconds	3181 MB/s	49575 short_reads/s	0 short_writes_echo/s	77 cpu_user_milliseconds	575 cpu_system_milliseconds	0 minor_page_faults/s	0 major_page_faults/s	28296 yields/s	0 preempts/s
204003 milliseconds	3190 MB/s	49726 short_reads/s	0 short_writes_echo/s	93 cpu_user_milliseconds	560 cpu_system_milliseconds	0 minor_page_faults/s	0 major_page_faults/s	28388 yields/s	0 preempts/s
205003 milliseconds	3162 MB/s	49286 short_reads/s	0 short_writes_echo/s	85 cpu_user_milliseconds	568 cpu_system_milliseconds	0 minor_page_faults/s	0 major_page_faults/s	28094 yields/s	0 preempts/s
206003 milliseconds	3118 MB/s	48596 short_reads/s	0 short_writes_echo/s	73 cpu_user_milliseconds	593 cpu_system_milliseconds	0 minor_page_faults/s	0 major_page_faults/s	27112 yields/s	0 preempts/s
207003 milliseconds	3175 MB/s	49468 short_reads/s	0 short_writes_echo/s	104 cpu_user_milliseconds	566 cpu_system_milliseconds	0 minor_page_faults/s	0 major_page_faults/s	26730 yields/s	16 preempts/s
208003 milliseconds	3238 MB/s	50451 short_reads/s	0 short_writes_echo/s	102 cpu_user_milliseconds	554 cpu_system_milliseconds	0 minor_page_faults/s	0 major_page_faults/s	28154 yields/s	19 preempts/s
209003 milliseconds	3244 MB/s	50557 short_reads/s	0 short_writes_echo/s	97 cpu_user_milliseconds	563 cpu_system_milliseconds	0 minor_page_faults/s	0 major_page_faults/s	28289 yields/s	0 preempts/s
210003 milliseconds	3121 MB/s	48635 short_reads/s	0 short_writes_echo/s	97 cpu_user_milliseconds	578 cpu_system_milliseconds	0 minor_page_faults/s	0 major_page_faults/s	26822 yields/s	0 preempts/s
211003 milliseconds	3220 MB/s	50177 short_reads/s	0 short_writes_echo/s	89 cpu_user_milliseconds	572 cpu_system_milliseconds	0 minor_page_faults/s	0 major_page_faults/s	28265 yields/s	0 preempts/s
212003 milliseconds	3158 MB/s	49136 short_reads/s	0 short_writes_echo/s	91 cpu_user_milliseconds	589 cpu_system_milliseconds	0 minor_page_faults/s	0 major_page_faults/s	25687 yields/s	0 preempts/s
213003 milliseconds	3199 MB/s	49848 short_reads/s	0 short_writes_echo/s	90 cpu_user_milliseconds	568 cpu_system_milliseconds	0 minor_page_faults/s	0 major_page_faults/s	27932 yields/s	18 preempts/s
214003 milliseconds	3184 MB/s	49629 short_reads/s	0 short_writes_echo/s	80 cpu_user_milliseconds	580 cpu_system_milliseconds	0 minor_page_faults/s	0 major_page_faults/s	28158 yields/s	0 preempts/s
215003 milliseconds	3122 MB/s	48652 short_reads/s	0 short_writes_echo/s	111 cpu_user_milliseconds	554 cpu_system_milliseconds	0 minor_page_faults/s	0 major_page_faults/s	27146 yields/s	21 preempts/s
216003 milliseconds	3051 MB/s	47557 short_reads/s	0 short_writes_echo/s	92 cpu_user_milliseconds	572 cpu_system_milliseconds	0 minor_page_faults/s	0 major_page_faults/s	26894 yields/s	0 preempts/s
217003 milliseconds	3222 MB/s	50205 short_reads/s	0 short_writes_echo/s	117 cpu_user_milliseconds	547 cpu_system_milliseconds	0 minor_page_faults/s	0 major_page_faults/s	27761 yields/s	1 preempts/s
218003 milliseconds	3220 MB/s	50186 short_reads/s	0 short_writes_echo/s	85 cpu_user_milliseconds	571 cpu_system_milliseconds	0 minor_page_faults/s	0 major_page_faults/s	28455 yields/s	0 preempts/s
219003 milliseconds	2991 MB/s	46619 short_reads/s	0 short_writes_echo/s	89 cpu_user_milliseconds	557 cpu_system_milliseconds	0 minor_page_faults/s	0 major_page_faults/s	26737 yields/s	0 preempts/s
220003 milliseconds	3206 MB/s	49971 short_reads/s	0 short_writes_echo/s	93 cpu_user_milliseconds	557 cpu_system_milliseconds	0 minor_page_faults/s	0 major_page_faults/s	28592 yields/s	0 preempts/s
221003 milliseconds	3185 MB/s	49647 short_reads/s	0 short_writes_echo/s	90 cpu_user_milliseconds	563 cpu_system_milliseconds	0 minor_page_faults/s	0 major_page_faults/s	28368 yields/s	0 preempts/s
222003 milliseconds	3095 MB/s	48226 short_reads/s	0 short_writes_echo/s	99 cpu_user_milliseconds	561 cpu_system_milliseconds	0 minor_page_faults/s	0 major_page_faults/s	26956 yields/s	21 preempts/s
223003 milliseconds	3222 MB/s	50205 short_reads/s	0 short_writes_echo/s	95 cpu_user_milliseconds	559 cpu_system_milliseconds	0 minor_page_faults/s	0 major_page_faults/s	28083 yields/s	20 preempts/s
224003 milliseconds	3185 MB/s	49645 short_reads/s	0 short_writes_echo/s	80 cpu_user_milliseconds	571 cpu_system_milliseconds	0 minor_page_faults/s	0 major_page_faults/s	28072 yields/s	1 preempts/s
225003 milliseconds	3218 MB/s	50157 short_reads/s	0 short_writes_echo/s	115 cpu_user_milliseconds	540 cpu_system_milliseconds	0 minor_page_faults/s	0 major_page_faults/s	28090 yields/s	0 preempts/s
226003 milliseconds	3194 MB/s	49783 short_reads/s	0 short_writes_echo/s	101 cpu_user_milliseconds	554 cpu_system_milliseconds	0 minor_page_faults/s	0 major_page_faults/s	27764 yields/s	0 preempts/s
227003 milliseconds	3154 MB/s	49143 short_reads/s	0 short_writes_echo/s	100 cpu_user_milliseconds	556 cpu_system_milliseconds	0 minor_page_faults/s	0 major_page_faults/s	27356 yields/s	1 preempts/s
228003 milliseconds	3093 MB/s	48199 short_reads/s	0 short_writes_echo/s	103 cpu_user_milliseconds	556 cpu_system_milliseconds	0 minor_page_faults/s	0 major_page_faults/s	27279 yields/s	0 preempts/s
229003 milliseconds	3181 MB/s	49584 short_reads/s	0 short_writes_echo/s	99 cpu_user_milliseconds	551 cpu_system_milliseconds	0 minor_page_faults/s	0 major_page_faults/s	28102 yields/s	0 preempts/s
230003 milliseconds	3197 MB/s	49828 short_reads/s	0 short_writes_echo/s	92 cpu_user_milliseconds	562 cpu_system_milliseconds	0 minor_page_faults/s	0 major_page_faults/s	27981 yields/s	0 preempts/s
231003 milliseconds	3190 MB/s	49714 short_reads/s	0 short_writes_echo/s	101 cpu_user_milliseconds	555 cpu_system_milliseconds	0 minor_page_faults/s	0 major_page_faults/s	27857 yields/s	0 preempts/s
232003 milliseconds	3097 MB/s	48253 short_reads/s	0 short_writes_echo/s	77 cpu_user_milliseconds	607 cpu_system_milliseconds	0 minor_page_faults/s	0 major_page_faults/s	25245 yields/s	2 preempts/s
233003 milliseconds	3197 MB/s	49829 short_reads/s	0 short_writes_echo/s	102 cpu_user_milliseconds	549 cpu_system_milliseconds	0 minor_page_faults/s	0 major_page_faults/s	28297 yields/s	0 preempts/s
234004 milliseconds	3185 MB/s	49640 short_reads/s	0 short_writes_echo/s	94 cpu_user_milliseconds	558 cpu_system_milliseconds	0 minor_page_faults/s	0 major_page_faults/s	28060 yields/s	0 preempts/s
235004 milliseconds	3197 MB/s	49832 short_reads/s	0 short_writes_echo/s	90 cpu_user_milliseconds	563 cpu_system_milliseconds	0 minor_page_faults/s	0 major_page_faults/s	28213 yields/s	0 preempts/s
236004 milliseconds	3171 MB/s	49412 short_reads/s	0 short_writes_echo/s	80 cpu_user_milliseconds	582 cpu_system_milliseconds	0 minor_page_faults/s	0 major_page_faults/s	27425 yields/s	18 preempts/s
237004 milliseconds	3159 MB/s	49227 short_reads/s	0 short_writes_echo/s	101 cpu_user_milliseconds	559 cpu_system_milliseconds	0 minor_page_faults/s	0 major_page_faults/s	27519 yields/s	1 preempts/s
238004 milliseconds	3198 MB/s	49842 short_reads/s	0 short_writes_echo/s	101 cpu_user_milliseconds	549 cpu_system_milliseconds	0 minor_page_faults/s	0 major_page_faults/s	28399 yields/s	0 preempts/s
239004 milliseconds	3189 MB/s	49704 short_reads/s	0 short_writes_echo/s	105 cpu_user_milliseconds	552 cpu_system_milliseconds	0 minor_page_faults/s	0 major_page_faults/s	28050 yields/s	17 preempts/s
240004 milliseconds	3199 MB/s	49865 short_reads/s	0 short_writes_echo/s	91 cpu_user_milliseconds	567 cpu_system_milliseconds	0 minor_page_faults/s	0 major_page_faults/s	27984 yields/s	0 preempts/s
