1000 milliseconds	3628 MB/s	59763 short_reads/s	0 short_writes_echo/s	90 cpu_user_milliseconds	659 cpu_system_milliseconds	175 minor_page_faults/s	0 major_page_faults/s	23055 yields/s	1 preempts/s
2000 milliseconds	3693 MB/s	61724 short_reads/s	0 short_writes_echo/s	118 cpu_user_milliseconds	627 cpu_system_milliseconds	2 minor_page_faults/s	0 major_page_faults/s	25364 yields/s	0 preempts/s
3000 milliseconds	3679 MB/s	59684 short_reads/s	0 short_writes_echo/s	92 cpu_user_milliseconds	642 cpu_system_milliseconds	0 minor_page_faults/s	0 major_page_faults/s	23674 yields/s	0 preempts/s
4000 milliseconds	3508 MB/s	60103 short_reads/s	0 short_writes_echo/s	113 cpu_user_milliseconds	661 cpu_system_milliseconds	0 minor_page_faults/s	0 major_page_faults/s	20451 yields/s	23 preempts/s
5000 milliseconds	3690 MB/s	61931 short_reads/s	0 short_writes_echo/s	105 cpu_user_milliseconds	644 cpu_system_milliseconds	0 minor_page_faults/s	0 major_page_faults/s	25292 yields/s	0 preempts/s
6000 milliseconds	3674 MB/s	61418 short_reads/s	0 short_writes_echo/s	90 cpu_user_milliseconds	654 cpu_system_milliseconds	0 minor_page_faults/s	0 major_page_faults/s	24532 yields/s	0 preempts/s
7000 milliseconds	3674 MB/s	60580 short_reads/s	0 short_writes_echo/s	99 cpu_user_milliseconds	637 cpu_system_milliseconds	0 minor_page_faults/s	0 major_page_faults/s	23543 yields/s	0 preempts/s
8000 milliseconds	3640 MB/s	60901 short_reads/s	0 short_writes_echo/s	91 cpu_user_milliseconds	653 cpu_system_milliseconds	0 minor_page_faults/s	0 major_page_faults/s	22546 yields/s	0 preempts/s
9000 milliseconds	3570 MB/s	60543 short_reads/s	0 short_writes_echo/s	128 cpu_user_milliseconds	631 cpu_system_milliseconds	0 minor_page_faults/s	0 major_page_faults/s	21433 yields/s	22 preempts/s
10000 milliseconds	3635 MB/s	62800 short_reads/s	0 short_writes_echo/s	115 cpu_user_milliseconds	656 cpu_system_milliseconds	0 minor_page_faults/s	0 major_page_faults/s	25507 yields/s	0 preempts/s
11000 milliseconds	3645 MB/s	62748 short_reads/s	0 short_writes_echo/s	108 cpu_user_milliseconds	650 cpu_system_milliseconds	0 minor_page_faults/s	0 major_page_faults/s	23381 yields/s	1 preempts/s
12000 milliseconds	3687 MB/s	63199 short_reads/s	0 short_writes_echo/s	94 cpu_user_milliseconds	659 cpu_system_milliseconds	0 minor_page_faults/s	0 major_page_faults/s	23613 yields/s	2 preempts/s
13000 milliseconds	3667 MB/s	61429 short_reads/s	0 short_writes_echo/s	112 cpu_user_milliseconds	631 cpu_system_milliseconds	0 minor_page_faults/s	0 major_page_faults/s	24742 yields/s	0 preempts/s
14000 milliseconds	3637 MB/s	62017 short_reads/s	0 short_writes_echo/s	104 cpu_user_milliseconds	651 cpu_system_milliseconds	0 minor_page_faults/s	0 major_page_faults/s	22846 yields/s	2 preempts/s
15000 milliseconds	3658 MB/s	60998 short_reads/s	0 short_writes_echo/s	102 cpu_user_milliseconds	636 cpu_system_milliseconds	0 minor_page_faults/s	0 major_page_faults/s	22863 yields/s	0 preempts/s
16000 milliseconds	3646 MB/s	62771 short_reads/s	0 short_writes_echo/s	96 cpu_user_milliseconds	666 cpu_system_milliseconds	0 minor_page_faults/s	0 major_page_faults/s	24517 yields/s	22 preempts/s
17000 milliseconds	3640 MB/s	61295 short_reads/s	0 short_writes_echo/s	99 cpu_user_milliseconds	652 cpu_system_milliseconds	0 minor_page_faults/s	0 major_page_faults/s	23263 yields/s	7 preempts/s
18000 milliseconds	3660 MB/s	61178 short_reads/s	0 short_writes_echo/s	102 cpu_user_milliseconds	640 cpu_system_milliseconds	0 minor_page_faults/s	0 major_page_faults/s	24254 yields/s	0 preempts/s
19000 milliseconds	3629 MB/s	61513 short_reads/s	0 short_writes_echo/s	115 cpu_user_milliseconds	636 cpu_system_milliseconds	0 minor_page_faults/s	0 major_page_faults/s	24372 yields/s	3 preempts/s
20000 milliseconds	3568 MB/s	59412 short_reads/s	0 short_writes_echo/s	96 cpu_user_milliseconds	639 cpu_system_milliseconds	0 minor_page_faults/s	0 major_page_faults/s	22880 yields/s	2 preempts/s
21000 milliseconds	3638 MB/s	59130 short_reads/s	0 short_writes_echo/s	106 cpu_user_milliseconds	627 cpu_system_milliseconds	0 minor_page_faults/s	0 major_page_faults/s	23173 yields/s	0 preempts/s
22000 milliseconds	3610 MB/s	61569 short_reads/s	0 short_writes_echo/s	106 cpu_user_milliseconds	655 cpu_system_milliseconds	0 minor_page_faults/s	0 major_page_faults/s	24023 yields/s	0 preempts/s
23000 milliseconds	3693 MB/s	61371 short_reads/s	0 short_writes_echo/s	108 cpu_user_milliseconds	635 cpu_system_milliseconds	0 minor_page_faults/s	0 major_page_faults/s	24521 yields/s	0 preempts/s
24000 milliseconds	3641 MB/s	62112 short_reads/s	0 short_writes_echo/s	92 cpu_user_milliseconds	663 cpu_system_milliseconds	0 minor_page_faults/s	0 major_page_faults/s	24974 yields/s	6 preempts/s
25000 milliseconds	3659 MB/s	60591 short_reads/s	0 short_writes_echo/s	91 cpu_user_milliseconds	655 cpu_system_milliseconds	0 minor_page_faults/s	0 major_page_faults/s	24041 yields/s	0 preempts/s
26000 milliseconds	3700 MB/s	62331 short_reads/s	0 short_writes_echo/s	116 cpu_user_milliseconds	634 cpu_system_milliseconds	0 minor_page_faults/s	0 major_page_faults/s	24460 yields/s	0 preempts/s
27000 milliseconds	3676 MB/s	62240 short_reads/s	0 short_writes_echo/s	109 cpu_user_milliseconds	640 cpu_system_milliseconds	0 minor_page_faults/s	0 major_page_faults/s	22826 yields/s	0 preempts/s
28000 milliseconds	3658 MB/s	62405 short_reads/s	0 short_writes_echo/s	128 cpu_user_milliseconds	626 cpu_system_milliseconds	0 minor_page_faults/s	0 major_page_faults/s	24566 yields/s	1 preempts/s
29000 milliseconds	3603 MB/s	60535 short_reads/s	0 short_writes_echo/s	103 cpu_user_milliseconds	640 cpu_system_milliseconds	0 minor_page_faults/s	0 major_page_faults/s	22228 yields/s	19 preempts/s
30000 milliseconds	3657 MB/s	61153 short_reads/s	0 short_writes_echo/s	88 cpu_user_milliseconds	651 cpu_system_milliseconds	0 minor_page_faults/s	0 major_page_faults/s	22808 yields/s	1 preempts/s
31000 milliseconds	3650 MB/s	60683 short_reads/s	0 short_writes_echo/s	102 cpu_user_milliseconds	637 cpu_system_milliseconds	0 minor_page_faults/s	0 major_page_faults/s	23022 yields/s	1 preempts/s
32000 milliseconds	3629 MB/s	60125 short_reads/s	0 short_writes_echo/s	95 cpu_user_milliseconds	644 cpu_system_milliseconds	0 minor_page_faults/s	0 major_page_faults/s	23120 yields/s	3 preempts/s
33000 milliseconds	3673 MB/s	61535 short_reads/s	0 short_writes_echo/s	93 cpu_user_milliseconds	653 cpu_system_milliseconds	0 minor_page_faults/s	0 major_page_faults/s	24363 yields/s	0 preempts/s
34000 milliseconds	3584 MB/s	60556 short_reads/s	0 short_writes_echo/s	88 cpu_user_milliseconds	662 cpu_system_milliseconds	0 minor_page_faults/s	0 major_page_faults/s	23483 yields/s	5 preempts/s
35000 milliseconds	3649 MB/s	60940 short_reads/s	0 short_writes_echo/s	107 cpu_user_milliseconds	632 cpu_system_milliseconds	0 minor_page_faults/s	0 major_page_faults/s	23124 yields/s	1 preempts/s
36000 milliseconds	3665 MB/s	62222 short_reads/s	0 short_writes_echo/s	102 cpu_user_milliseconds	650 cpu_system_milliseconds	0 minor_page_faults/s	0 major_page_faults/s	23919 yields/s	19 preempts/s
37000 milliseconds	3607 MB/s	60499 short_reads/s	0 short_writes_echo/s	102 cpu_user_milliseconds	653 cpu_system_milliseconds	0 minor_page_faults/s	0 major_page_faults/s	23124 yields/s	0 preempts/s
38000 milliseconds	3656 MB/s	61220 short_reads/s	0 short_writes_echo/s	111 cpu_user_milliseconds	631 cpu_system_milliseconds	0 minor_page_faults/s	0 major_page_faults/s	22822 yields/s	1 preempts/s
39000 milliseconds	3625 MB/s	61978 short_reads/s	0 short_writes_echo/s	94 cpu_user_milliseconds	672 cpu_system_milliseconds	0 minor_page_faults/s	0 major_page_faults/s	24184 yields/s	0 preempts/s
40000 milliseconds	3672 MB/s	63534 short_reads/s	0 short_writes_echo/s	88 cpu_user_milliseconds	666 cpu_system_milliseconds	0 minor_page_faults/s	0 major_page_faults/s	23460 yields/s	0 preempts/s
41000 milliseconds	3620 MB/s	60665 short_reads/s	0 short_writes_echo/s	103 cpu_user_milliseconds	655 cpu_system_milliseconds	0 minor_page_faults/s	0 major_page_faults/s	22877 yields/s	5 preempts/s
42000 milliseconds	3691 MB/s	61252 short_reads/s	0 short_writes_echo/s	102 cpu_user_milliseconds	646 cpu_system_milliseconds	0 minor_page_faults/s	0 major_page_faults/s	25057 yields/s	1 preempts/s
43000 milliseconds	3628 MB/s	58888 short_reads/s	0 short_writes_echo/s	85 cpu_user_milliseconds	659 cpu_system_milliseconds	0 minor_page_faults/s	0 major_page_faults/s	23417 yields/s	0 preempts/s
44000 milliseconds	3684 MB/s	66918 short_reads/s	0 short_writes_echo/s	114 cpu_user_milliseconds	672 cpu_system_milliseconds	0 minor_page_faults/s	0 major_page_faults/s	29827 yields/s	0 preempts/s
45000 milliseconds	3659 MB/s	60885 short_reads/s	0 short_writes_echo/s	100 cpu_user_milliseconds	653 cpu_system_milliseconds	0 minor_page_faults/s	0 major_page_faults/s	22086 yields/s	0 preempts/s
46000 milliseconds	3598 MB/s	58704 short_reads/s	0 short_writes_echo/s	102 cpu_user_milliseconds	641 cpu_system_milliseconds	0 minor_page_faults/s	0 major_page_faults/s	21879 yields/s	0 preempts/s
47000 milliseconds	3585 MB/s	60599 short_reads/s	0 short_writes_echo/s	98 cpu_user_milliseconds	656 cpu_system_milliseconds	0 minor_page_faults/s	0 major_page_faults/s	22391 yields/s	0 preempts/s
48000 milliseconds	3640 MB/s	60501 short_reads/s	0 short_writes_echo/s	95 cpu_user_milliseconds	646 cpu_system_milliseconds	0 minor_page_faults/s	0 major_page_faults/s	23454 yields/s	1 preempts/s
49000 milliseconds	3623 MB/s	59125 short_reads/s	0 short_writes_echo/s	105 cpu_user_milliseconds	627 cpu_system_milliseconds	0 minor_page_faults/s	0 major_page_faults/s	22670 yields/s	2 preempts/s
50000 milliseconds	3688 MB/s	59754 short_reads/s	0 short_writes_echo/s	93 cpu_user_milliseconds	642 cpu_system_milliseconds	0 minor_page_faults/s	0 major_page_faults/s	23594 yields/s	3 preempts/s
51000 milliseconds	3697 MB/s	60757 short_reads/s	0 short_writes_echo/s	93 cpu_user_milliseconds	647 cpu_system_milliseconds	0 minor_page_faults/s	0 major_page_faults/s	22628 yields/s	1 preempts/s
52000 milliseconds	3690 MB/s	60601 short_reads/s	0 short_writes_echo/s	91 cpu_user_milliseconds	650 cpu_system_milliseconds	0 minor_page_faults/s	0 major_page_faults/s	23555 yields/s	0 preempts/s
53000 milliseconds	3626 MB/s	60199 short_reads/s	0 short_writes_echo/s	114 cpu_user_milliseconds	627 cpu_system_milliseconds	0 minor_page_faults/s	0 major_page_faults/s	23990 yields/s	0 preempts/s
54000 milliseconds	3600 MB/s	59566 short_reads/s	0 short_writes_echo/s	97 cpu_user_milliseconds	653 cpu_system_milliseconds	0 minor_page_faults/s	0 major_page_faults/s	22674 yields/s	3 preempts/s
55000 milliseconds	3683 MB/s	63009 short_reads/s	0 short_writes_echo/s	76 cpu_user_milliseconds	679 cpu_system_milliseconds	0 minor_page_faults/s	0 major_page_faults/s	23631 yields/s	0 preempts/s
56000 milliseconds	3674 MB/s	59883 short_reads/s	0 short_writes_echo/s	100 cpu_user_milliseconds	633 cpu_system_milliseconds	0 minor_page_faults/s	0 major_page_faults/s	23122 yields/s	0 preempts/s
57000 milliseconds	3368 MB/s	57263 short_reads/s	0 short_writes_echo/s	118 cpu_user_milliseconds	627 cpu_system_milliseconds	0 minor_page_faults/s	0 major_page_faults/s	21384 yields/s	4 preempts/s
58000 milliseconds	3657 MB/s	61337 short_reads/s	0 short_writes_echo/s	92 cpu_user_milliseconds	651 cpu_system_milliseconds	0 minor_page_faults/s	0 major_page_faults/s	23938 yields/s	11 preempts/s
59000 milliseconds	3640 MB/s	58567 short_reads/s	0 short_writes_echo/s	92 cpu_user_milliseconds	642 cpu_system_milliseconds	0 minor_page_faults/s	0 major_page_faults/s	23461 yields/s	7 preempts/s
60000 milliseconds	3657 MB/s	61089 short_reads/s	0 short_writes_echo/s	98 cpu_user_milliseconds	655 cpu_system_milliseconds	0 minor_page_faults/s	0 major_page_faults/s	24192 yields/s	1 preempts/s
61000 milliseconds	3589 MB/s	59609 short_reads/s	0 short_writes_echo/s	103 cpu_user_milliseconds	646 cpu_system_milliseconds	0 minor_page_faults/s	0 major_page_faults/s	22956 yields/s	0 preempts/s
62000 milliseconds	3646 MB/s	59205 short_reads/s	0 short_writes_echo/s	90 cpu_user_milliseconds	654 cpu_system_milliseconds	0 minor_page_faults/s	0 major_page_faults/s	23289 yields/s	0 preempts/s
63000 milliseconds	3629 MB/s	61454 short_reads/s	0 short_writes_echo/s	101 cpu_user_milliseconds	656 cpu_system_milliseconds	0 minor_page_faults/s	0 major_page_faults/s	23228 yields/s	0 preempts/s
64000 milliseconds	3583 MB/s	59570 short_reads/s	0 short_writes_echo/s	86 cpu_user_milliseconds	669 cpu_system_milliseconds	0 minor_page_faults/s	0 major_page_faults/s	23342 yields/s	3 preempts/s
65000 milliseconds	3634 MB/s	61689 short_reads/s	0 short_writes_echo/s	100 cpu_user_milliseconds	654 cpu_system_milliseconds	0 minor_page_faults/s	0 major_page_faults/s	23314 yields/s	0 preempts/s
66000 milliseconds	3690 MB/s	59920 short_reads/s	0 short_writes_echo/s	90 cpu_user_milliseconds	646 cpu_system_milliseconds	0 minor_page_faults/s	0 major_page_faults/s	23641 yields/s	0 preempts/s
67000 milliseconds	3698 MB/s	62677 short_reads/s	0 short_writes_echo/s	91 cpu_user_milliseconds	663 cpu_system_milliseconds	0 minor_page_faults/s	0 major_page_faults/s	25784 yields/s	0 preempts/s
68000 milliseconds	3684 MB/s	62179 short_reads/s	0 short_writes_echo/s	98 cpu_user_milliseconds	654 cpu_system_milliseconds	0 minor_page_faults/s	0 major_page_faults/s	25697 yields/s	0 preempts/s
69001 milliseconds	3628 MB/s	62721 short_reads/s	0 short_writes_echo/s	111 cpu_user_milliseconds	646 cpu_system_milliseconds	0 minor_page_faults/s	0 major_page_faults/s	23604 yields/s	6 preempts/s
70001 milliseconds	3564 MB/s	60533 short_reads/s	0 short_writes_echo/s	110 cpu_user_milliseconds	654 cpu_system_milliseconds	0 minor_page_faults/s	0 major_page_faults/s	24443 yields/s	2 preempts/s
71001 milliseconds	3630 MB/s	60600 short_reads/s	0 short_writes_echo/s	80 cpu_user_milliseconds	660 cpu_system_milliseconds	0 minor_page_faults/s	0 major_page_faults/s	22774 yields/s	1 preempts/s
72001 milliseconds	3664 MB/s	60665 short_reads/s	0 short_writes_echo/s	118 cpu_user_milliseconds	617 cpu_system_milliseconds	0 minor_page_faults/s	0 major_page_faults/s	23738 yields/s	0 preempts/s
73001 milliseconds	3633 MB/s	59894 short_reads/s	0 short_writes_echo/s	112 cpu_user_milliseconds	633 cpu_system_milliseconds	0 minor_page_faults/s	0 major_page_faults/s	22449 yields/s	1 preempts/s
74001 milliseconds	3577 MB/s	59231 short_reads/s	0 short_writes_echo/s	98 cpu_user_milliseconds	654 cpu_system_milliseconds	0 minor_page_faults/s	0 major_page_faults/s	22552 yields/s	1 preempts/s
75001 milliseconds	3682 MB/s	62176 short_reads/s	0 short_writes_echo/s	99 cpu_user_milliseconds	647 cpu_system_milliseconds	0 minor_page_faults/s	0 major_page_faults/s	24494 yields/s	0 preempts/s
76001 milliseconds	3640 MB/s	60593 short_reads/s	0 short_writes_echo/s	109 cpu_user_milliseconds	630 cpu_system_milliseconds	0 minor_page_faults/s	0 major_page_faults/s	22617 yields/s	22 preempts/s
77001 milliseconds	3596 MB/s	60964 short_reads/s	0 short_writes_echo/s	111 cpu_user_milliseconds	654 cpu_system_milliseconds	0 minor_page_faults/s	0 major_page_faults/s	24569 yields/s	0 preempts/s
78001 milliseconds	3616 MB/s	62350 short_reads/s	0 short_writes_echo/s	114 cpu_user_milliseconds	644 cpu_system_milliseconds	0 minor_page_faults/s	0 major_page_faults/s	22045 yields/s	2 preempts/s
79001 milliseconds	3674 MB/s	63585 short_reads/s	0 short_writes_echo/s	111 cpu_user_milliseconds	653 cpu_system_milliseconds	0 minor_page_faults/s	0 major_page_faults/s	25430 yields/s	1 preempts/s
80001 milliseconds	3685 MB/s	61174 short_reads/s	0 short_writes_echo/s	110 cpu_user_milliseconds	632 cpu_system_milliseconds	0 minor_page_faults/s	0 major_page_faults/s	22870 yields/s	0 preempts/s
81001 milliseconds	3605 MB/s	61016 short_reads/s	0 short_writes_echo/s	95 cpu_user_milliseconds	641 cpu_system_milliseconds	0 minor_page_faults/s	0 major_page_faults/s	25209 yields/s	0 preempts/s
82001 milliseconds	3688 MB/s	62224 short_reads/s	0 short_writes_echo/s	107 cpu_user_milliseconds	639 cpu_system_milliseconds	0 minor_page_faults/s	0 major_page_faults/s	24789 yields/s	0 preempts/s
83001 milliseconds	3620 MB/s	61674 short_reads/s	0 short_writes_echo/s	103 cpu_user_milliseconds	648 cpu_system_milliseconds	0 minor_page_faults/s	0 major_page_faults/s	23387 yields/s	0 preempts/s
84001 milliseconds	3617 MB/s	60579 short_reads/s	0 short_writes_echo/s	99 cpu_user_milliseconds	653 cpu_system_milliseconds	0 minor_page_faults/s	0 major_page_faults/s	24251 yields/s	8 preempts/s
85001 milliseconds	3658 MB/s	60878 short_reads/s	0 short_writes_echo/s	93 cpu_user_milliseconds	652 cpu_system_milliseconds	0 minor_page_faults/s	0 major_page_faults/s	23868 yields/s	0 preempts/s
86001 milliseconds	3693 MB/s	61881 short_reads/s	0 short_writes_echo/s	100 cpu_user_milliseconds	648 cpu_system_milliseconds	0 minor_page_faults/s	0 major_page_faults/s	24630 yields/s	0 preempts/s
87001 milliseconds	3686 MB/s	59866 short_reads/s	0 short_writes_echo/s	96 cpu_user_milliseconds	639 cpu_system_milliseconds	0 minor_page_faults/s	0 major_page_faults/s	23737 yields/s	0 preempts/s
88001 milliseconds	3686 MB/s	60754 short_reads/s	0 short_writes_echo/s	107 cpu_user_milliseconds	633 cpu_system_milliseconds	0 minor_page_faults/s	0 major_page_faults/s	23015 yields/s	0 preempts/s
89001 milliseconds	3621 MB/s	60532 short_reads/s	0 short_writes_echo/s	80 cpu_user_milliseconds	672 cpu_system_milliseconds	0 minor_page_faults/s	0 major_page_faults/s	22018 yields/s	0 preempts/s
90001 milliseconds	3682 MB/s	62531 short_reads/s	0 short_writes_echo/s	97 cpu_user_milliseconds	658 cpu_system_milliseconds	0 minor_page_faults/s	0 major_page_faults/s	24031 yields/s	0 preempts/s
91001 milliseconds	3664 MB/s	62186 short_reads/s	0 short_writes_echo/s	115 cpu_user_milliseconds	629 cpu_system_milliseconds	0 minor_page_faults/s	0 major_page_faults/s	23820 yields/s	0 preempts/s
92001 milliseconds	3670 MB/s	62770 short_reads/s	0 short_writes_echo/s	91 cpu_user_milliseconds	658 cpu_system_milliseconds	0 minor_page_faults/s	0 major_page_faults/s	22912 yields/s	1 preempts/s
93001 milliseconds	3646 MB/s	60988 short_reads/s	0 short_writes_echo/s	89 cpu_user_milliseconds	651 cpu_system_milliseconds	0 minor_page_faults/s	0 major_page_faults/s	23116 yields/s	12 preempts/s
94001 milliseconds	3658 MB/s	61326 short_reads/s	0 short_writes_echo/s	110 cpu_user_milliseconds	641 cpu_system_milliseconds	0 minor_page_faults/s	0 major_page_faults/s	24461 yields/s	0 preempts/s
95001 milliseconds	3708 MB/s	63215 short_reads/s	0 short_writes_echo/s	97 cpu_user_milliseconds	659 cpu_system_milliseconds	0 minor_page_faults/s	0 major_page_faults/s	23821 yields/s	0 preempts/s
96001 milliseconds	3665 MB/s	61035 short_reads/s	0 short_writes_echo/s	95 cpu_user_milliseconds	649 cpu_system_milliseconds	0 minor_page_faults/s	0 major_page_faults/s	23505 yields/s	0 preempts/s
97001 milliseconds	3644 MB/s	60172 short_reads/s	0 short_writes_echo/s	99 cpu_user_milliseconds	638 cpu_system_milliseconds	0 minor_page_faults/s	0 major_page_faults/s	23216 yields/s	0 preempts/s
98001 milliseconds	3624 MB/s	63419 short_reads/s	0 short_writes_echo/s	103 cpu_user_milliseconds	645 cpu_system_milliseconds	0 minor_page_faults/s	0 major_page_faults/s	25918 yields/s	78 preempts/s
99001 milliseconds	3564 MB/s	60630 short_reads/s	0 short_writes_echo/s	107 cpu_user_milliseconds	648 cpu_system_milliseconds	0 minor_page_faults/s	0 major_page_faults/s	23459 yields/s	1 preempts/s
100001 milliseconds	3637 MB/s	60759 short_reads/s	0 short_writes_echo/s	107 cpu_user_milliseconds	634 cpu_system_milliseconds	0 minor_page_faults/s	0 major_page_faults/s	23229 yields/s	1 preempts/s
101001 milliseconds	3642 MB/s	61618 short_reads/s	0 short_writes_echo/s	119 cpu_user_milliseconds	627 cpu_system_milliseconds	0 minor_page_faults/s	0 major_page_faults/s	21872 yields/s	0 preempts/s
102001 milliseconds	3685 MB/s	60613 short_reads/s	0 short_writes_echo/s	113 cpu_user_milliseconds	627 cpu_system_milliseconds	0 minor_page_faults/s	0 major_page_faults/s	21488 yields/s	0 preempts/s
103001 milliseconds	3629 MB/s	62375 short_reads/s	0 short_writes_echo/s	109 cpu_user_milliseconds	651 cpu_system_milliseconds	0 minor_page_faults/s	0 major_page_faults/s	24185 yields/s	1 preempts/s
104001 milliseconds	3611 MB/s	60945 short_reads/s	0 short_writes_echo/s	102 cpu_user_milliseconds	646 cpu_system_milliseconds	0 minor_page_faults/s	0 major_page_faults/s	24041 yields/s	31 preempts/s
105001 milliseconds	3627 MB/s	61952 short_reads/s	0 short_writes_echo/s	88 cpu_user_milliseconds	665 cpu_system_milliseconds	0 minor_page_faults/s	0 major_page_faults/s	22488 yields/s	17 preempts/s
106001 milliseconds	3595 MB/s	60052 short_reads/s	0 short_writes_echo/s	92 cpu_user_milliseconds	657 cpu_system_milliseconds	0 minor_page_faults/s	0 major_page_faults/s	22287 yields/s	1 preempts/s
107001 milliseconds	3554 MB/s	58611 short_reads/s	0 short_writes_echo/s	98 cpu_user_milliseconds	660 cpu_system_milliseconds	0 minor_page_faults/s	0 major_page_faults/s	21393 yields/s	0 preempts/s
108001 milliseconds	3578 MB/s	60261 short_reads/s	0 short_writes_echo/s	103 cpu_user_milliseconds	659 cpu_system_milliseconds	0 minor_page_faults/s	0 major_page_faults/s	22348 yields/s	0 preempts/s
109001 milliseconds	3606 MB/s	59878 short_reads/s	0 short_writes_echo/s	85 cpu_user_milliseconds	652 cpu_system_milliseconds	0 minor_page_faults/s	0 major_page_faults/s	22857 yields/s	5 preempts/s
110001 milliseconds	3655 MB/s	64224 short_reads/s	0 short_writes_echo/s	107 cpu_user_milliseconds	651 cpu_system_milliseconds	0 minor_page_faults/s	0 major_page_faults/s	23602 yields/s	14 preempts/s
111001 milliseconds	3643 MB/s	61738 short_reads/s	0 short_writes_echo/s	106 cpu_user_milliseconds	637 cpu_system_milliseconds	0 minor_page_faults/s	0 major_page_faults/s	22948 yields/s	16 preempts/s
112001 milliseconds	3704 MB/s	61093 short_reads/s	0 short_writes_echo/s	97 cpu_user_milliseconds	645 cpu_system_milliseconds	0 minor_page_faults/s	0 major_page_faults/s	23030 yields/s	0 preempts/s
113001 milliseconds	3674 MB/s	61550 short_reads/s	0 short_writes_echo/s	107 cpu_user_milliseconds	636 cpu_system_milliseconds	0 minor_page_faults/s	0 major_page_faults/s	24858 yields/s	0 preempts/s
114001 milliseconds	3660 MB/s	61268 short_reads/s	0 short_writes_echo/s	96 cpu_user_milliseconds	658 cpu_system_milliseconds	0 minor_page_faults/s	0 major_page_faults/s	24632 yields/s	1 preempts/s
115001 milliseconds	3678 MB/s	60564 short_reads/s	0 short_writes_echo/s	90 cpu_user_milliseconds	644 cpu_system_milliseconds	0 minor_page_faults/s	0 major_page_faults/s	23585 yields/s	0 preempts/s
116001 milliseconds	3671 MB/s	60781 short_reads/s	0 short_writes_echo/s	83 cpu_user_milliseconds	653 cpu_system_milliseconds	0 minor_page_faults/s	0 major_page_faults/s	23419 yields/s	0 preempts/s
117001 milliseconds	3497 MB/s	57576 short_reads/s	0 short_writes_echo/s	102 cpu_user_milliseconds	638 cpu_system_milliseconds	0 minor_page_faults/s	0 major_page_faults/s	21571 yields/s	0 preempts/s
118001 milliseconds	3662 MB/s	59693 short_reads/s	0 short_writes_echo/s	81 cpu_user_milliseconds	657 cpu_system_milliseconds	0 minor_page_faults/s	0 major_page_faults/s	23726 yields/s	0 preempts/s
119001 milliseconds	3636 MB/s	59664 short_reads/s	0 short_writes_echo/s	94 cpu_user_milliseconds	652 cpu_system_milliseconds	0 minor_page_faults/s	0 major_page_faults/s	21811 yields/s	4 preempts/s
120001 milliseconds	3597 MB/s	59114 short_reads/s	0 short_writes_echo/s	94 cpu_user_milliseconds	656 cpu_system_milliseconds	0 minor_page_faults/s	0 major_page_faults/s	22459 yields/s	1 preempts/s
121001 milliseconds	3671 MB/s	61954 short_reads/s	0 short_writes_echo/s	92 cpu_user_milliseconds	663 cpu_system_milliseconds	0 minor_page_faults/s	0 major_page_faults/s	23665 yields/s	0 preempts/s
122001 milliseconds	3648 MB/s	60379 short_reads/s	0 short_writes_echo/s	102 cpu_user_milliseconds	643 cpu_system_milliseconds	0 minor_page_faults/s	0 major_page_faults/s	22719 yields/s	0 preempts/s
123001 milliseconds	3544 MB/s	59427 short_reads/s	0 short_writes_echo/s	90 cpu_user_milliseconds	674 cpu_system_milliseconds	0 minor_page_faults/s	0 major_page_faults/s	20562 yields/s	0 preempts/s
124001 milliseconds	3523 MB/s	58291 short_reads/s	0 short_writes_echo/s	91 cpu_user_milliseconds	671 cpu_system_milliseconds	0 minor_page_faults/s	0 major_page_faults/s	20786 yields/s	5 preempts/s
125001 milliseconds	3514 MB/s	61863 short_reads/s	0 short_writes_echo/s	105 cpu_user_milliseconds	678 cpu_system_milliseconds	0 minor_page_faults/s	0 major_page_faults/s	24775 yields/s	0 preempts/s
126001 milliseconds	3695 MB/s	61700 short_reads/s	0 short_writes_echo/s	94 cpu_user_milliseconds	653 cpu_system_milliseconds	0 minor_page_faults/s	0 major_page_faults/s	25188 yields/s	0 preempts/s
127001 milliseconds	3632 MB/s	59923 short_reads/s	0 short_writes_echo/s	101 cpu_user_milliseconds	640 cpu_system_milliseconds	0 minor_page_faults/s	0 major_page_faults/s	23778 yields/s	0 preempts/s
128001 milliseconds	3588 MB/s	60019 short_reads/s	0 short_writes_echo/s	102 cpu_user_milliseconds	646 cpu_system_milliseconds	0 minor_page_faults/s	0 major_page_faults/s	23425 yields/s	6 preempts/s
129001 milliseconds	3578 MB/s	61589 short_reads/s	0 short_writes_echo/s	110 cpu_user_milliseconds	644 cpu_system_milliseconds	0 minor_page_faults/s	0 major_page_faults/s	22729 yields/s	104 preempts/s
130001 milliseconds	3665 MB/s	63884 short_reads/s	0 short_writes_echo/s	117 cpu_user_milliseconds	638 cpu_system_milliseconds	0 minor_page_faults/s	0 major_page_faults/s	24396 yields/s	0 preempts/s
131001 milliseconds	3648 MB/s	60313 short_reads/s	0 short_writes_echo/s	95 cpu_user_milliseconds	647 cpu_system_milliseconds	0 minor_page_faults/s	0 major_page_faults/s	22820 yields/s	0 preempts/s
132001 milliseconds	3691 MB/s	59455 short_reads/s	0 short_writes_echo/s	100 cpu_user_milliseconds	633 cpu_system_milliseconds	0 minor_page_faults/s	0 major_page_faults/s	23605 yields/s	0 preempts/s
133002 milliseconds	3684 MB/s	61358 short_reads/s	0 short_writes_echo/s	104 cpu_user_milliseconds	638 cpu_system_milliseconds	0 minor_page_faults/s	0 major_page_faults/s	22304 yields/s	0 preempts/s
134002 milliseconds	3642 MB/s	62094 short_reads/s	0 short_writes_echo/s	112 cpu_user_milliseconds	643 cpu_system_milliseconds	0 minor_page_faults/s	0 major_page_faults/s	22581 yields/s	8 preempts/s
135002 milliseconds	3663 MB/s	60005 short_reads/s	0 short_writes_echo/s	83 cpu_user_milliseconds	652 cpu_system_milliseconds	0 minor_page_faults/s	0 major_page_faults/s	23832 yields/s	3 preempts/s
136002 milliseconds	3660 MB/s	60937 short_reads/s	0 short_writes_echo/s	94 cpu_user_milliseconds	645 cpu_system_milliseconds	0 minor_page_faults/s	0 major_page_faults/s	24208 yields/s	0 preempts/s
137002 milliseconds	3645 MB/s	61809 short_reads/s	0 short_writes_echo/s	122 cpu_user_milliseconds	638 cpu_system_milliseconds	0 minor_page_faults/s	0 major_page_faults/s	24772 yields/s	0 preempts/s
138002 milliseconds	3671 MB/s	61824 short_reads/s	0 short_writes_echo/s	82 cpu_user_milliseconds	673 cpu_system_milliseconds	0 minor_page_faults/s	0 major_page_faults/s	25259 yields/s	1 preempts/s
139002 milliseconds	3618 MB/s	58825 short_reads/s	0 short_writes_echo/s	99 cpu_user_milliseconds	648 cpu_system_milliseconds	0 minor_page_faults/s	0 major_page_faults/s	22388 yields/s	4 preempts/s
140002 milliseconds	3679 MB/s	64527 short_reads/s	0 short_writes_echo/s	107 cpu_user_milliseconds	660 cpu_system_milliseconds	0 minor_page_faults/s	0 major_page_faults/s	25347 yields/s	1 preempts/s
141002 milliseconds	3574 MB/s	60385 short_reads/s	0 short_writes_echo/s	109 cpu_user_milliseconds	649 cpu_system_milliseconds	0 minor_page_faults/s	0 major_page_faults/s	22163 yields/s	5 preempts/s
142002 milliseconds	3668 MB/s	60590 short_reads/s	0 short_writes_echo/s	83 cpu_user_milliseconds	654 cpu_system_milliseconds	0 minor_page_faults/s	0 major_page_faults/s	24065 yields/s	0 preempts/s
143002 milliseconds	3658 MB/s	60841 short_reads/s	0 short_writes_echo/s	90 cpu_user_milliseconds	649 cpu_system_milliseconds	0 minor_page_faults/s	0 major_page_faults/s	23276 yields/s	7 preempts/s
144002 milliseconds	3601 MB/s	61247 short_reads/s	0 short_writes_echo/s	108 cpu_user_milliseconds	644 cpu_system_milliseconds	0 minor_page_faults/s	0 major_page_faults/s	22952 yields/s	3 preempts/s
145002 milliseconds	3632 MB/s	60240 short_reads/s	0 short_writes_echo/s	96 cpu_user_milliseconds	647 cpu_system_milliseconds	0 minor_page_faults/s	0 major_page_faults/s	23435 yields/s	1 preempts/s
146002 milliseconds	3652 MB/s	63948 short_reads/s	0 short_writes_echo/s	107 cpu_user_milliseconds	652 cpu_system_milliseconds	0 minor_page_faults/s	0 major_page_faults/s	27579 yields/s	0 preempts/s
147002 milliseconds	3577 MB/s	59263 short_reads/s	0 short_writes_echo/s	99 cpu_user_milliseconds	647 cpu_system_milliseconds	0 minor_page_faults/s	0 major_page_faults/s	23123 yields/s	22 preempts/s
148002 milliseconds	3649 MB/s	60796 short_reads/s	0 short_writes_echo/s	118 cpu_user_milliseconds	634 cpu_system_milliseconds	0 minor_page_faults/s	0 major_page_faults/s	24067 yields/s	0 preempts/s
149002 milliseconds	3586 MB/s	61789 short_reads/s	0 short_writes_echo/s	110 cpu_user_milliseconds	649 cpu_system_milliseconds	0 minor_page_faults/s	0 major_page_faults/s	24259 yields/s	43 preempts/s
150002 milliseconds	3545 MB/s	60385 short_reads/s	0 short_writes_echo/s	109 cpu_user_milliseconds	661 cpu_system_milliseconds	0 minor_page_faults/s	0 major_page_faults/s	23149 yields/s	1 preempts/s
151002 milliseconds	3707 MB/s	63832 short_reads/s	0 short_writes_echo/s	77 cpu_user_milliseconds	680 cpu_system_milliseconds	0 minor_page_faults/s	0 major_page_faults/s	28774 yields/s	0 preempts/s
152002 milliseconds	3682 MB/s	60683 short_reads/s	0 short_writes_echo/s	95 cpu_user_milliseconds	644 cpu_system_milliseconds	0 minor_page_faults/s	0 major_page_faults/s	22752 yields/s	0 preempts/s
153002 milliseconds	3549 MB/s	58512 short_reads/s	0 short_writes_echo/s	95 cpu_user_milliseconds	662 cpu_system_milliseconds	0 minor_page_faults/s	0 major_page_faults/s	22282 yields/s	0 preempts/s
154002 milliseconds	3661 MB/s	61696 short_reads/s	0 short_writes_echo/s	119 cpu_user_milliseconds	635 cpu_system_milliseconds	0 minor_page_faults/s	0 major_page_faults/s	23507 yields/s	2 preempts/s
155002 milliseconds	3682 MB/s	61814 short_reads/s	0 short_writes_echo/s	103 cpu_user_milliseconds	642 cpu_system_milliseconds	0 minor_page_faults/s	0 major_page_faults/s	23778 yields/s	1 preempts/s
156002 milliseconds	3647 MB/s	59996 short_reads/s	0 short_writes_echo/s	112 cpu_user_milliseconds	632 cpu_system_milliseconds	0 minor_page_faults/s	0 major_page_faults/s	23000 yields/s	0 preempts/s
157002 milliseconds	3611 MB/s	60698 short_reads/s	0 short_writes_echo/s	91 cpu_user_milliseconds	660 cpu_system_milliseconds	0 minor_page_faults/s	0 major_page_faults/s	23840 yields/s	1 preempts/s
158002 milliseconds	3588 MB/s	58760 short_reads/s	0 short_writes_echo/s	94 cpu_user_milliseconds	655 cpu_system_milliseconds	0 minor_page_faults/s	0 major_page_faults/s	21686 yields/s	0 preempts/s
159002 milliseconds	3569 MB/s	59631 short_reads/s	0 short_writes_echo/s	90 cpu_user_milliseconds	648 cpu_system_milliseconds	0 minor_page_faults/s	0 major_page_faults/s	22811 yields/s	29 preempts/s
160002 milliseconds	3672 MB/s	62229 short_reads/s	0 short_writes_echo/s	97 cpu_user_milliseconds	660 cpu_system_milliseconds	0 minor_page_faults/s	0 major_page_faults/s	24246 yields/s	2 preempts/s
161002 milliseconds	3666 MB/s	60589 short_reads/s	0 short_writes_echo/s	104 cpu_user_milliseconds	633 cpu_system_milliseconds	0 minor_page_faults/s	0 major_page_faults/s	24251 yields/s	0 preempts/s
162002 milliseconds	3690 MB/s	62876 short_reads/s	0 short_writes_echo/s	120 cpu_user_milliseconds	634 cpu_system_milliseconds	0 minor_page_faults/s	0 major_page_faults/s	24285 yields/s	0 preempts/s
163002 milliseconds	3638 MB/s	60834 short_reads/s	0 short_writes_echo/s	85 cpu_user_milliseconds	669 cpu_system_milliseconds	0 minor_page_faults/s	0 major_page_faults/s	24495 yields/s	3 preempts/s
164002 milliseconds	3521 MB/s	59806 short_reads/s	0 short_writes_echo/s	88 cpu_user_milliseconds	669 cpu_system_milliseconds	0 minor_page_faults/s	0 major_page_faults/s	21965 yields/s	4 preempts/s
165002 milliseconds	3660 MB/s	60398 short_reads/s	0 short_writes_echo/s	83 cpu_user_milliseconds	657 cpu_system_milliseconds	0 minor_page_faults/s	0 major_page_faults/s	22298 yields/s	0 preempts/s
166002 milliseconds	3646 MB/s	60754 short_reads/s	0 short_writes_echo/s	104 cpu_user_milliseconds	642 cpu_system_milliseconds	0 minor_page_faults/s	0 major_page_faults/s	24395 yields/s	1 preempts/s
167002 milliseconds	3614 MB/s	59915 short_reads/s	0 short_writes_echo/s	99 cpu_user_milliseconds	631 cpu_system_milliseconds	0 minor_page_faults/s	0 major_page_faults/s	22501 yields/s	0 preempts/s
168002 milliseconds	3713 MB/s	64234 short_reads/s	0 short_writes_echo/s	101 cpu_user_milliseconds	660 cpu_system_milliseconds	0 minor_page_faults/s	0 major_page_faults/s	27146 yields/s	0 preempts/s
169002 milliseconds	3612 MB/s	60857 short_reads/s	0 short_writes_echo/s	99 cpu_user_milliseconds	653 cpu_system_milliseconds	0 minor_page_faults/s	0 major_page_faults/s	22905 yields/s	25 preempts/s
170002 milliseconds	3638 MB/s	62757 short_reads/s	0 short_writes_echo/s	120 cpu_user_milliseconds	643 cpu_system_milliseconds	0 minor_page_faults/s	0 major_page_faults/s	26761 yields/s	0 preempts/s
171002 milliseconds	3672 MB/s	63097 short_reads/s	0 short_writes_echo/s	82 cpu_user_milliseconds	675 cpu_system_milliseconds	0 minor_page_faults/s	0 major_page_faults/s	24946 yields/s	2 preempts/s
172002 milliseconds	3676 MB/s	60435 short_reads/s	0 short_writes_echo/s	89 cpu_user_milliseconds	650 cpu_system_milliseconds	0 minor_page_faults/s	0 major_page_faults/s	24294 yields/s	0 preempts/s
173002 milliseconds	3578 MB/s	60621 short_reads/s	0 short_writes_echo/s	92 cpu_user_milliseconds	672 cpu_system_milliseconds	0 minor_page_faults/s	0 major_page_faults/s	22228 yields/s	4 preempts/s
174002 milliseconds	3613 MB/s	61307 short_reads/s	0 short_writes_echo/s	100 cpu_user_milliseconds	655 cpu_system_milliseconds	0 minor_page_faults/s	0 major_page_faults/s	22867 yields/s	0 preempts/s
175002 milliseconds	3680 MB/s	60616 short_reads/s	0 short_writes_echo/s	100 cpu_user_milliseconds	640 cpu_system_milliseconds	0 minor_page_faults/s	0 major_page_faults/s	22401 yields/s	1 preempts/s
176002 milliseconds	3674 MB/s	60332 short_reads/s	0 short_writes_echo/s	102 cpu_user_milliseconds	639 cpu_system_milliseconds	0 minor_page_faults/s	0 major_page_faults/s	23607 yields/s	1 preempts/s
177002 milliseconds	3495 MB/s	57767 short_reads/s	0 short_writes_echo/s	86 cpu_user_milliseconds	658 cpu_system_milliseconds	0 minor_page_faults/s	0 major_page_faults/s	22700 yields/s	0 preempts/s
178002 milliseconds	3648 MB/s	60484 short_reads/s	0 short_writes_echo/s	100 cpu_user_milliseconds	642 cpu_system_milliseconds	0 minor_page_faults/s	0 major_page_faults/s	23591 yields/s	2 preempts/s
179002 milliseconds	3667 MB/s	60446 short_reads/s	0 short_writes_echo/s	104 cpu_user_milliseconds	646 cpu_system_milliseconds	0 minor_page_faults/s	0 major_page_faults/s	21850 yields/s	3 preempts/s
180002 milliseconds	3678 MB/s	61233 short_reads/s	0 short_writes_echo/s	90 cpu_user_milliseconds	653 cpu_system_milliseconds	0 minor_page_faults/s	0 major_page_faults/s	22011 yields/s	0 preempts/s
181002 milliseconds	3642 MB/s	61109 short_reads/s	0 short_writes_echo/s	107 cpu_user_milliseconds	648 cpu_system_milliseconds	0 minor_page_faults/s	0 major_page_faults/s	23738 yields/s	0 preempts/s
182002 milliseconds	3673 MB/s	61330 short_reads/s	0 short_writes_echo/s	84 cpu_user_milliseconds	657 cpu_system_milliseconds	0 minor_page_faults/s	0 major_page_faults/s	23230 yields/s	0 preempts/s
183002 milliseconds	3660 MB/s	61544 short_reads/s	0 short_writes_echo/s	107 cpu_user_milliseconds	638 cpu_system_milliseconds	0 minor_page_faults/s	0 major_page_faults/s	23810 yields/s	1 preempts/s
184002 milliseconds	3577 MB/s	60000 short_reads/s	0 short_writes_echo/s	104 cpu_user_milliseconds	659 cpu_system_milliseconds	0 minor_page_faults/s	0 major_page_faults/s	22203 yields/s	1 preempts/s
185002 milliseconds	3655 MB/s	59354 short_reads/s	0 short_writes_echo/s	107 cpu_user_milliseconds	634 cpu_system_milliseconds	0 minor_page_faults/s	0 major_page_faults/s	23815 yields/s	1 preempts/s
186002 milliseconds	3675 MB/s	60024 short_reads/s	0 short_writes_echo/s	91 cpu_user_milliseconds	647 cpu_system_milliseconds	0 minor_page_faults/s	0 major_page_faults/s	22847 yields/s	0 preempts/s
187002 milliseconds	3702 MB/s	62267 short_reads/s	0 short_writes_echo/s	102 cpu_user_milliseconds	647 cpu_system_milliseconds	0 minor_page_faults/s	0 major_page_faults/s	25896 yields/s	0 preempts/s
188002 milliseconds	3659 MB/s	61296 short_reads/s	0 short_writes_echo/s	92 cpu_user_milliseconds	651 cpu_system_milliseconds	0 minor_page_faults/s	0 major_page_faults/s	23946 yields/s	0 preempts/s
189002 milliseconds	3628 MB/s	60387 short_reads/s	0 short_writes_echo/s	107 cpu_user_milliseconds	645 cpu_system_milliseconds	0 minor_page_faults/s	0 major_page_faults/s	22122 yields/s	6 preempts/s
190002 milliseconds	3666 MB/s	61227 short_reads/s	0 short_writes_echo/s	96 cpu_user_milliseconds	648 cpu_system_milliseconds	0 minor_page_faults/s	0 major_page_faults/s	25131 yields/s	16 preempts/s
191002 milliseconds	3696 MB/s	62103 short_reads/s	0 short_writes_echo/s	106 cpu_user_milliseconds	642 cpu_system_milliseconds	0 minor_page_faults/s	0 major_page_faults/s	25151 yields/s	0 preempts/s
192002 milliseconds	3677 MB/s	62921 short_reads/s	0 short_writes_echo/s	100 cpu_user_milliseconds	650 cpu_system_milliseconds	0 minor_page_faults/s	0 major_page_faults/s	23551 yields/s	0 preempts/s
193002 milliseconds	3678 MB/s	61265 short_reads/s	0 short_writes_echo/s	109 cpu_user_milliseconds	631 cpu_system_milliseconds	0 minor_page_faults/s	0 major_page_faults/s	24120 yields/s	0 preempts/s
194002 milliseconds	3569 MB/s	59623 short_reads/s	0 short_writes_echo/s	100 cpu_user_milliseconds	647 cpu_system_milliseconds	0 minor_page_faults/s	0 major_page_faults/s	23394 yields/s	6 preempts/s
195002 milliseconds	3712 MB/s	63137 short_reads/s	0 short_writes_echo/s	92 cpu_user_milliseconds	663 cpu_system_milliseconds	0 minor_page_faults/s	0 major_page_faults/s	26942 yields/s	0 preempts/s
196003 milliseconds	3695 MB/s	62755 short_reads/s	0 short_writes_echo/s	83 cpu_user_milliseconds	668 cpu_system_milliseconds	0 minor_page_faults/s	0 major_page_faults/s	25286 yields/s	1 preempts/s
197003 milliseconds	3648 MB/s	61713 short_reads/s	0 short_writes_echo/s	106 cpu_user_milliseconds	646 cpu_system_milliseconds	0 minor_page_faults/s	0 major_page_faults/s	24195 yields/s	0 preempts/s
198003 milliseconds	3595 MB/s	60711 short_reads/s	0 short_writes_echo/s	94 cpu_user_milliseconds	664 cpu_system_milliseconds	0 minor_page_faults/s	0 major_page_faults/s	21818 yields/s	2 preempts/s
199003 milliseconds	3579 MB/s	60493 short_reads/s	0 short_writes_echo/s	97 cpu_user_milliseconds	650 cpu_system_milliseconds	0 minor_page_faults/s	0 major_page_faults/s	22577 yields/s	22 preempts/s
200003 milliseconds	3639 MB/s	61421 short_reads/s	0 short_writes_echo/s	94 cpu_user_milliseconds	646 cpu_system_milliseconds	0 minor_page_faults/s	0 major_page_faults/s	23418 yields/s	13 preempts/s
201003 milliseconds	3572 MB/s	59388 short_reads/s	0 short_writes_echo/s	98 cpu_user_milliseconds	657 cpu_system_milliseconds	0 minor_page_faults/s	0 major_page_faults/s	22377 yields/s	0 preempts/s
202003 milliseconds	3606 MB/s	60256 short_reads/s	0 short_writes_echo/s	82 cpu_user_milliseconds	660 cpu_system_milliseconds	0 minor_page_faults/s	0 major_page_faults/s	23667 yields/s	48 preempts/s
203003 milliseconds	3621 MB/s	60989 short_reads/s	0 short_writes_echo/s	98 cpu_user_milliseconds	655 cpu_system_milliseconds	0 minor_page_faults/s	0 major_page_faults/s	22942 yields/s	1 preempts/s
204003 milliseconds	3621 MB/s	59687 short_reads/s	0 short_writes_echo/s	102 cpu_user_milliseconds	644 cpu_system_milliseconds	0 minor_page_faults/s	0 major_page_faults/s	21510 yields/s	4 preempts/s
205003 milliseconds	3654 MB/s	59265 short_reads/s	0 short_writes_echo/s	90 cpu_user_milliseconds	648 cpu_system_milliseconds	0 minor_page_faults/s	0 major_page_faults/s	23775 yields/s	1 preempts/s
206003 milliseconds	3678 MB/s	60456 short_reads/s	0 short_writes_echo/s	93 cpu_user_milliseconds	646 cpu_system_milliseconds	0 minor_page_faults/s	0 major_page_faults/s	24156 yields/s	0 preempts/s
207003 milliseconds	3618 MB/s	60205 short_reads/s	0 short_writes_echo/s	91 cpu_user_milliseconds	662 cpu_system_milliseconds	0 minor_page_faults/s	0 major_page_faults/s	24250 yields/s	0 preempts/s
208003 milliseconds	3646 MB/s	59011 short_reads/s	0 short_writes_echo/s	109 cpu_user_milliseconds	630 cpu_system_milliseconds	0 minor_page_faults/s	0 major_page_faults/s	23145 yields/s	1 preempts/s
209003 milliseconds	3495 MB/s	56952 short_reads/s	0 short_writes_echo/s	108 cpu_user_milliseconds	658 cpu_system_milliseconds	0 minor_page_faults/s	0 major_page_faults/s	20154 yields/s	0 preempts/s
210003 milliseconds	3599 MB/s	60816 short_reads/s	0 short_writes_echo/s	110 cpu_user_milliseconds	644 cpu_system_milliseconds	0 minor_page_faults/s	0 major_page_faults/s	22034 yields/s	0 preempts/s
211003 milliseconds	3629 MB/s	60202 short_reads/s	0 short_writes_echo/s	84 cpu_user_milliseconds	658 cpu_system_milliseconds	0 minor_page_faults/s	0 major_page_faults/s	21547 yields/s	20 preempts/s
212003 milliseconds	3682 MB/s	59944 short_reads/s	0 short_writes_echo/s	95 cpu_user_milliseconds	640 cpu_system_milliseconds	0 minor_page_faults/s	0 major_page_faults/s	25410 yields/s	0 preempts/s
213003 milliseconds	3607 MB/s	60011 short_reads/s	0 short_writes_echo/s	104 cpu_user_milliseconds	640 cpu_system_milliseconds	0 minor_page_faults/s	0 major_page_faults/s	22289 yields/s	1 preempts/s
214003 milliseconds	3641 MB/s	60123 short_reads/s	0 short_writes_echo/s	90 cpu_user_milliseconds	652 cpu_system_milliseconds	0 minor_page_faults/s	0 major_page_faults/s	22969 yields/s	4 preempts/s
215003 milliseconds	3684 MB/s	61356 short_reads/s	0 short_writes_echo/s	86 cpu_user_milliseconds	658 cpu_system_milliseconds	0 minor_page_faults/s	0 major_page_faults/s	23055 yields/s	0 preempts/s
216003 milliseconds	3630 MB/s	59847 short_reads/s	0 short_writes_echo/s	94 cpu_user_milliseconds	652 cpu_system_milliseconds	0 minor_page_faults/s	0 major_page_faults/s	22505 yields/s	2 preempts/s
217003 milliseconds	3696 MB/s	61756 short_reads/s	0 short_writes_echo/s	108 cpu_user_milliseconds	639 cpu_system_milliseconds	0 minor_page_faults/s	0 major_page_faults/s	25003 yields/s	0 preempts/s
218003 milliseconds	3668 MB/s	60089 short_reads/s	0 short_writes_echo/s	117 cpu_user_milliseconds	619 cpu_system_milliseconds	0 minor_page_faults/s	0 major_page_faults/s	24663 yields/s	0 preempts/s
219003 milliseconds	3616 MB/s	59346 short_reads/s	0 short_writes_echo/s	87 cpu_user_milliseconds	657 cpu_system_milliseconds	0 minor_page_faults/s	0 major_page_faults/s	22855 yields/s	3 preempts/s
220003 milliseconds	3569 MB/s	58995 short_reads/s	0 short_writes_echo/s	97 cpu_user_milliseconds	654 cpu_system_milliseconds	0 minor_page_faults/s	0 major_page_faults/s	22312 yields/s	1 preempts/s
221003 milliseconds	3632 MB/s	61848 short_reads/s	0 short_writes_echo/s	89 cpu_user_milliseconds	661 cpu_system_milliseconds	0 minor_page_faults/s	0 major_page_faults/s	22655 yields/s	22 preempts/s
222003 milliseconds	3629 MB/s	60713 short_reads/s	0 short_writes_echo/s	103 cpu_user_milliseconds	645 cpu_system_milliseconds	0 minor_page_faults/s	0 major_page_faults/s	22151 yields/s	0 preempts/s
223003 milliseconds	3655 MB/s	60760 short_reads/s	0 short_writes_echo/s	115 cpu_user_milliseconds	626 cpu_system_milliseconds	0 minor_page_faults/s	0 major_page_faults/s	22970 yields/s	2 preempts/s
224003 milliseconds	3628 MB/s	60648 short_reads/s	0 short_writes_echo/s	102 cpu_user_milliseconds	640 cpu_system_milliseconds	0 minor_page_faults/s	0 major_page_faults/s	22891 yields/s	10 preempts/s
225003 milliseconds	3655 MB/s	60520 short_reads/s	0 short_writes_echo/s	111 cpu_user_milliseconds	624 cpu_system_milliseconds	0 minor_page_faults/s	0 major_page_faults/s	23964 yields/s	0 preempts/s
226003 milliseconds	3617 MB/s	61401 short_reads/s	0 short_writes_echo/s	118 cpu_user_milliseconds	626 cpu_system_milliseconds	0 minor_page_faults/s	0 major_page_faults/s	24326 yields/s	37 preempts/s
227003 milliseconds	3607 MB/s	59623 short_reads/s	0 short_writes_echo/s	113 cpu_user_milliseconds	632 cpu_system_milliseconds	0 minor_page_faults/s	0 major_page_faults/s	22525 yields/s	0 preempts/s
228003 milliseconds	3627 MB/s	60610 short_reads/s	0 short_writes_echo/s	101 cpu_user_milliseconds	638 cpu_system_milliseconds	0 minor_page_faults/s	0 major_page_faults/s	23369 yields/s	0 preempts/s
229003 milliseconds	3585 MB/s	60263 short_reads/s	0 short_writes_echo/s	105 cpu_user_milliseconds	646 cpu_system_milliseconds	0 minor_page_faults/s	0 major_page_faults/s	22744 yields/s	7 preempts/s
230003 milliseconds	3551 MB/s	60892 short_reads/s	0 short_writes_echo/s	95 cpu_user_milliseconds	668 cpu_system_milliseconds	0 minor_page_faults/s	0 major_page_faults/s	22308 yields/s	8 preempts/s
231003 milliseconds	3652 MB/s	60699 short_reads/s	0 short_writes_echo/s	105 cpu_user_milliseconds	631 cpu_system_milliseconds	0 minor_page_faults/s	0 major_page_faults/s	23935 yields/s	1 preempts/s
232003 milliseconds	3655 MB/s	61276 short_reads/s	0 short_writes_echo/s	99 cpu_user_milliseconds	641 cpu_system_milliseconds	0 minor_page_faults/s	0 major_page_faults/s	23745 yields/s	19 preempts/s
233003 milliseconds	3606 MB/s	60237 short_reads/s	0 short_writes_echo/s	94 cpu_user_milliseconds	648 cpu_system_milliseconds	0 minor_page_faults/s	0 major_page_faults/s	22706 yields/s	6 preempts/s
234003 milliseconds	3583 MB/s	60993 short_reads/s	0 short_writes_echo/s	92 cpu_user_milliseconds	668 cpu_system_milliseconds	0 minor_page_faults/s	0 major_page_faults/s	21553 yields/s	0 preempts/s
235003 milliseconds	3589 MB/s	60042 short_reads/s	0 short_writes_echo/s	89 cpu_user_milliseconds	672 cpu_system_milliseconds	0 minor_page_faults/s	0 major_page_faults/s	21343 yields/s	0 preempts/s
236003 milliseconds	3690 MB/s	60457 short_reads/s	0 short_writes_echo/s	98 cpu_user_milliseconds	641 cpu_system_milliseconds	0 minor_page_faults/s	0 major_page_faults/s	23217 yields/s	0 preempts/s
237003 milliseconds	3495 MB/s	58995 short_reads/s	0 short_writes_echo/s	104 cpu_user_milliseconds	652 cpu_system_milliseconds	0 minor_page_faults/s	0 major_page_faults/s	24107 yields/s	0 preempts/s
238003 milliseconds	3630 MB/s	60908 short_reads/s	0 short_writes_echo/s	81 cpu_user_milliseconds	672 cpu_system_milliseconds	0 minor_page_faults/s	0 major_page_faults/s	23523 yields/s	0 preempts/s
239003 milliseconds	3577 MB/s	60083 short_reads/s	0 short_writes_echo/s	99 cpu_user_milliseconds	662 cpu_system_milliseconds	0 minor_page_faults/s	0 major_page_faults/s	21707 yields/s	0 preempts/s
240003 milliseconds	3583 MB/s	58268 short_reads/s	0 short_writes_echo/s	106 cpu_user_milliseconds	645 cpu_system_milliseconds	0 minor_page_faults/s	0 major_page_faults/s	22127 yields/s	0 preempts/s
