1000 milliseconds	3544 MB/s	61018 short_reads/s	0 short_writes_echo/s	104 cpu_user_milliseconds	646 cpu_system_milliseconds	175 minor_page_faults/s	0 major_page_faults/s	19602 yields/s	0 preempts/s
2000 milliseconds	3574 MB/s	60922 short_reads/s	0 short_writes_echo/s	88 cpu_user_milliseconds	654 cpu_system_milliseconds	2 minor_page_faults/s	0 major_page_faults/s	18748 yields/s	0 preempts/s
3000 milliseconds	3475 MB/s	59607 short_reads/s	0 short_writes_echo/s	114 cpu_user_milliseconds	647 cpu_system_milliseconds	0 minor_page_faults/s	0 major_page_faults/s	19116 yields/s	0 preempts/s
4000 milliseconds	3514 MB/s	60308 short_reads/s	0 short_writes_echo/s	97 cpu_user_milliseconds	664 cpu_system_milliseconds	0 minor_page_faults/s	0 major_page_faults/s	18727 yields/s	2 preempts/s
5000 milliseconds	3579 MB/s	59964 short_reads/s	0 short_writes_echo/s	108 cpu_user_milliseconds	634 cpu_system_milliseconds	0 minor_page_faults/s	0 major_page_faults/s	19974 yields/s	0 preempts/s
6000 milliseconds	3574 MB/s	62073 short_reads/s	0 short_writes_echo/s	106 cpu_user_milliseconds	643 cpu_system_milliseconds	0 minor_page_faults/s	0 major_page_faults/s	19859 yields/s	1 preempts/s
7000 milliseconds	3560 MB/s	61991 short_reads/s	0 short_writes_echo/s	103 cpu_user_milliseconds	643 cpu_system_milliseconds	0 minor_page_faults/s	0 major_page_faults/s	19684 yields/s	64 preempts/s
8000 milliseconds	3607 MB/s	64342 short_reads/s	0 short_writes_echo/s	120 cpu_user_milliseconds	636 cpu_system_milliseconds	0 minor_page_faults/s	0 major_page_faults/s	17904 yields/s	4 preempts/s
9000 milliseconds	3501 MB/s	58954 short_reads/s	0 short_writes_echo/s	95 cpu_user_milliseconds	662 cpu_system_milliseconds	0 minor_page_faults/s	0 major_page_faults/s	19882 yields/s	29 preempts/s
10000 milliseconds	3574 MB/s	63374 short_reads/s	0 short_writes_echo/s	96 cpu_user_milliseconds	667 cpu_system_milliseconds	0 minor_page_faults/s	0 major_page_faults/s	20421 yields/s	0 preempts/s
11000 milliseconds	3552 MB/s	60839 short_reads/s	0 short_writes_echo/s	112 cpu_user_milliseconds	638 cpu_system_milliseconds	0 minor_page_faults/s	0 major_page_faults/s	19330 yields/s	2 preempts/s
12000 milliseconds	3620 MB/s	60389 short_reads/s	0 short_writes_echo/s	90 cpu_user_milliseconds	653 cpu_system_milliseconds	0 minor_page_faults/s	0 major_page_faults/s	21887 yields/s	0 preempts/s
13000 milliseconds	3580 MB/s	60907 short_reads/s	0 short_writes_echo/s	95 cpu_user_milliseconds	657 cpu_system_milliseconds	0 minor_page_faults/s	0 major_page_faults/s	19194 yields/s	1 preempts/s
14000 milliseconds	3590 MB/s	61864 short_reads/s	0 short_writes_echo/s	100 cpu_user_milliseconds	654 cpu_system_milliseconds	0 minor_page_faults/s	0 major_page_faults/s	19064 yields/s	2 preempts/s
15000 milliseconds	3557 MB/s	59068 short_reads/s	0 short_writes_echo/s	95 cpu_user_milliseconds	644 cpu_system_milliseconds	0 minor_page_faults/s	0 major_page_faults/s	19929 yields/s	0 preempts/s
16000 milliseconds	3585 MB/s	61499 short_reads/s	0 short_writes_echo/s	97 cpu_user_milliseconds	650 cpu_system_milliseconds	0 minor_page_faults/s	0 major_page_faults/s	17663 yields/s	1 preempts/s
17000 milliseconds	3574 MB/s	61797 short_reads/s	0 short_writes_echo/s	105 cpu_user_milliseconds	652 cpu_system_milliseconds	0 minor_page_faults/s	0 major_page_faults/s	19058 yields/s	0 preempts/s
18000 milliseconds	3630 MB/s	63045 short_reads/s	0 short_writes_echo/s	106 cpu_user_milliseconds	653 cpu_system_milliseconds	0 minor_page_faults/s	0 major_page_faults/s	19291 yields/s	0 preempts/s
19000 milliseconds	3539 MB/s	60190 short_reads/s	0 short_writes_echo/s	97 cpu_user_milliseconds	651 cpu_system_milliseconds	0 minor_page_faults/s	0 major_page_faults/s	20714 yields/s	18 preempts/s
20000 milliseconds	3533 MB/s	60793 short_reads/s	0 short_writes_echo/s	115 cpu_user_milliseconds	639 cpu_system_milliseconds	0 minor_page_faults/s	0 major_page_faults/s	20567 yields/s	1 preempts/s
21000 milliseconds	3573 MB/s	61904 short_reads/s	0 short_writes_echo/s	97 cpu_user_milliseconds	664 cpu_system_milliseconds	0 minor_page_faults/s	0 major_page_faults/s	20139 yields/s	0 preempts/s
22000 milliseconds	3609 MB/s	60408 short_reads/s	0 short_writes_echo/s	84 cpu_user_milliseconds	655 cpu_system_milliseconds	0 minor_page_faults/s	0 major_page_faults/s	21008 yields/s	0 preempts/s
23000 milliseconds	3573 MB/s	60796 short_reads/s	0 short_writes_echo/s	89 cpu_user_milliseconds	649 cpu_system_milliseconds	0 minor_page_faults/s	0 major_page_faults/s	17856 yields/s	0 preempts/s
24000 milliseconds	3518 MB/s	59040 short_reads/s	0 short_writes_echo/s	99 cpu_user_milliseconds	658 cpu_system_milliseconds	0 minor_page_faults/s	0 major_page_faults/s	20773 yields/s	1 preempts/s
25000 milliseconds	3594 MB/s	62554 short_reads/s	0 short_writes_echo/s	90 cpu_user_milliseconds	662 cpu_system_milliseconds	0 minor_page_faults/s	0 major_page_faults/s	17490 yields/s	0 preempts/s
26000 milliseconds	3567 MB/s	59590 short_reads/s	0 short_writes_echo/s	103 cpu_user_milliseconds	633 cpu_system_milliseconds	0 minor_page_faults/s	0 major_page_faults/s	19752 yields/s	0 preempts/s
27000 milliseconds	3521 MB/s	58181 short_reads/s	0 short_writes_echo/s	94 cpu_user_milliseconds	629 cpu_system_milliseconds	0 minor_page_faults/s	0 major_page_faults/s	20333 yields/s	0 preempts/s
28000 milliseconds	3582 MB/s	61307 short_reads/s	0 short_writes_echo/s	87 cpu_user_milliseconds	654 cpu_system_milliseconds	0 minor_page_faults/s	0 major_page_faults/s	18021 yields/s	0 preempts/s
29000 milliseconds	3533 MB/s	60010 short_reads/s	0 short_writes_echo/s	118 cpu_user_milliseconds	631 cpu_system_milliseconds	0 minor_page_faults/s	0 major_page_faults/s	19307 yields/s	0 preempts/s
30000 milliseconds	3587 MB/s	62475 short_reads/s	0 short_writes_echo/s	105 cpu_user_milliseconds	645 cpu_system_milliseconds	0 minor_page_faults/s	0 major_page_faults/s	18779 yields/s	0 preempts/s
31000 milliseconds	3614 MB/s	62608 short_reads/s	0 short_writes_echo/s	110 cpu_user_milliseconds	650 cpu_system_milliseconds	0 minor_page_faults/s	0 major_page_faults/s	23872 yields/s	0 preempts/s
32000 milliseconds	3569 MB/s	61231 short_reads/s	0 short_writes_echo/s	93 cpu_user_milliseconds	653 cpu_system_milliseconds	0 minor_page_faults/s	0 major_page_faults/s	20310 yields/s	4 preempts/s
33000 milliseconds	3575 MB/s	62575 short_reads/s	0 short_writes_echo/s	108 cpu_user_milliseconds	640 cpu_system_milliseconds	0 minor_page_faults/s	0 major_page_faults/s	18938 yields/s	0 preempts/s
34000 milliseconds	3559 MB/s	61001 short_reads/s	0 short_writes_echo/s	107 cpu_user_milliseconds	643 cpu_system_milliseconds	0 minor_page_faults/s	0 major_page_faults/s	18913 yields/s	3 preempts/s
35000 milliseconds	3617 MB/s	64528 short_reads/s	0 short_writes_echo/s	93 cpu_user_milliseconds	683 cpu_system_milliseconds	0 minor_page_faults/s	0 major_page_faults/s	21565 yields/s	0 preempts/s
36000 milliseconds	3620 MB/s	61184 short_reads/s	0 short_writes_echo/s	97 cpu_user_milliseconds	650 cpu_system_milliseconds	0 minor_page_faults/s	0 major_page_faults/s	20154 yields/s	0 preempts/s
37000 milliseconds	3589 MB/s	59554 short_reads/s	0 short_writes_echo/s	105 cpu_user_milliseconds	630 cpu_system_milliseconds	0 minor_page_faults/s	0 major_page_faults/s	20932 yields/s	0 preempts/s
38000 milliseconds	3415 MB/s	59025 short_reads/s	0 short_writes_echo/s	108 cpu_user_milliseconds	637 cpu_system_milliseconds	0 minor_page_faults/s	0 major_page_faults/s	17915 yields/s	18 preempts/s
39000 milliseconds	3534 MB/s	60639 short_reads/s	0 short_writes_echo/s	109 cpu_user_milliseconds	644 cpu_system_milliseconds	0 minor_page_faults/s	0 major_page_faults/s	18559 yields/s	42 preempts/s
40000 milliseconds	3558 MB/s	60009 short_reads/s	0 short_writes_echo/s	88 cpu_user_milliseconds	660 cpu_system_milliseconds	0 minor_page_faults/s	0 major_page_faults/s	20470 yields/s	1 preempts/s
41000 milliseconds	3597 MB/s	63661 short_reads/s	0 short_writes_echo/s	112 cpu_user_milliseconds	637 cpu_system_milliseconds	0 minor_page_faults/s	0 major_page_faults/s	16603 yields/s	0 preempts/s
42000 milliseconds	3605 MB/s	61412 short_reads/s	0 short_writes_echo/s	118 cpu_user_milliseconds	629 cpu_system_milliseconds	0 minor_page_faults/s	0 major_page_faults/s	18405 yields/s	0 preempts/s
43000 milliseconds	3502 MB/s	60403 short_reads/s	0 short_writes_echo/s	108 cpu_user_milliseconds	652 cpu_system_milliseconds	0 minor_page_faults/s	0 major_page_faults/s	18899 yields/s	0 preempts/s
44000 milliseconds	3568 MB/s	61146 short_reads/s	0 short_writes_echo/s	97 cpu_user_milliseconds	656 cpu_system_milliseconds	0 minor_page_faults/s	0 major_page_faults/s	19027 yields/s	4 preempts/s
45000 milliseconds	3559 MB/s	62197 short_reads/s	0 short_writes_echo/s	94 cpu_user_milliseconds	658 cpu_system_milliseconds	0 minor_page_faults/s	0 major_page_faults/s	19318 yields/s	20 preempts/s
46000 milliseconds	3558 MB/s	59841 short_reads/s	0 short_writes_echo/s	81 cpu_user_milliseconds	658 cpu_system_milliseconds	0 minor_page_faults/s	0 major_page_faults/s	21706 yields/s	10 preempts/s
47000 milliseconds	3588 MB/s	60677 short_reads/s	0 short_writes_echo/s	116 cpu_user_milliseconds	626 cpu_system_milliseconds	0 minor_page_faults/s	0 major_page_faults/s	18831 yields/s	0 preempts/s
48000 milliseconds	3566 MB/s	60073 short_reads/s	0 short_writes_echo/s	85 cpu_user_milliseconds	658 cpu_system_milliseconds	0 minor_page_faults/s	0 major_page_faults/s	19898 yields/s	0 preempts/s
49000 milliseconds	3536 MB/s	61173 short_reads/s	0 short_writes_echo/s	104 cpu_user_milliseconds	644 cpu_system_milliseconds	0 minor_page_faults/s	0 major_page_faults/s	21131 yields/s	51 preempts/s
50000 milliseconds	3560 MB/s	60678 short_reads/s	0 short_writes_echo/s	92 cpu_user_milliseconds	652 cpu_system_milliseconds	0 minor_page_faults/s	0 major_page_faults/s	20007 yields/s	0 preempts/s
51000 milliseconds	3572 MB/s	61179 short_reads/s	0 short_writes_echo/s	109 cpu_user_milliseconds	632 cpu_system_milliseconds	0 minor_page_faults/s	0 major_page_faults/s	19163 yields/s	2 preempts/s
52000 milliseconds	3583 MB/s	61948 short_reads/s	0 short_writes_echo/s	106 cpu_user_milliseconds	643 cpu_system_milliseconds	0 minor_page_faults/s	0 major_page_faults/s	17933 yields/s	4 preempts/s
53000 milliseconds	3579 MB/s	61580 short_reads/s	0 short_writes_echo/s	92 cpu_user_milliseconds	655 cpu_system_milliseconds	0 minor_page_faults/s	0 major_page_faults/s	19412 yields/s	0 preempts/s
54000 milliseconds	3570 MB/s	63024 short_reads/s	0 short_writes_echo/s	105 cpu_user_milliseconds	661 cpu_system_milliseconds	0 minor_page_faults/s	0 major_page_faults/s	19061 yields/s	6 preempts/s
55000 milliseconds	3493 MB/s	59473 short_reads/s	0 short_writes_echo/s	107 cpu_user_milliseconds	646 cpu_system_milliseconds	0 minor_page_faults/s	0 major_page_faults/s	20640 yields/s	20 preempts/s
56000 milliseconds	3553 MB/s	60376 short_reads/s	0 short_writes_echo/s	91 cpu_user_milliseconds	647 cpu_system_milliseconds	0 minor_page_faults/s	0 major_page_faults/s	20326 yields/s	3 preempts/s
57000 milliseconds	3525 MB/s	60400 short_reads/s	0 short_writes_echo/s	90 cpu_user_milliseconds	655 cpu_system_milliseconds	0 minor_page_faults/s	0 major_page_faults/s	19910 yields/s	22 preempts/s
58000 milliseconds	3541 MB/s	61149 short_reads/s	0 short_writes_echo/s	116 cpu_user_milliseconds	634 cpu_system_milliseconds	0 minor_page_faults/s	0 major_page_faults/s	20312 yields/s	2 preempts/s
59000 milliseconds	3515 MB/s	58814 short_reads/s	0 short_writes_echo/s	97 cpu_user_milliseconds	648 cpu_system_milliseconds	0 minor_page_faults/s	0 major_page_faults/s	19621 yields/s	8 preempts/s
60000 milliseconds	3560 MB/s	61688 short_reads/s	0 short_writes_echo/s	103 cpu_user_milliseconds	657 cpu_system_milliseconds	0 minor_page_faults/s	0 major_page_faults/s	18706 yields/s	0 preempts/s
61000 milliseconds	3513 MB/s	60470 short_reads/s	0 short_writes_echo/s	91 cpu_user_milliseconds	646 cpu_system_milliseconds	0 minor_page_faults/s	0 major_page_faults/s	19767 yields/s	0 preempts/s
62000 milliseconds	3583 MB/s	61172 short_reads/s	0 short_writes_echo/s	109 cpu_user_milliseconds	640 cpu_system_milliseconds	0 minor_page_faults/s	0 major_page_faults/s	19089 yields/s	0 preempts/s
63000 milliseconds	3562 MB/s	59345 short_reads/s	0 short_writes_echo/s	102 cpu_user_milliseconds	630 cpu_system_milliseconds	0 minor_page_faults/s	0 major_page_faults/s	20055 yields/s	0 preempts/s
64000 milliseconds	3545 MB/s	57954 short_reads/s	0 short_writes_echo/s	97 cpu_user_milliseconds	644 cpu_system_milliseconds	0 minor_page_faults/s	0 major_page_faults/s	20413 yields/s	5 preempts/s
65000 milliseconds	3587 MB/s	60732 short_reads/s	0 short_writes_echo/s	100 cpu_user_milliseconds	646 cpu_system_milliseconds	0 minor_page_faults/s	0 major_page_faults/s	18842 yields/s	0 preempts/s
66000 milliseconds	3607 MB/s	60700 short_reads/s	0 short_writes_echo/s	97 cpu_user_milliseconds	645 cpu_system_milliseconds	0 minor_page_faults/s	0 major_page_faults/s	19669 yields/s	0 preempts/s
67000 milliseconds	3604 MB/s	59639 short_reads/s	0 short_writes_echo/s	99 cpu_user_milliseconds	642 cpu_system_milliseconds	0 minor_page_faults/s	0 major_page_faults/s	21370 yields/s	0 preempts/s
68000 milliseconds	3610 MB/s	62397 short_reads/s	0 short_writes_echo/s	103 cpu_user_milliseconds	645 cpu_system_milliseconds	0 minor_page_faults/s	0 major_page_faults/s	17080 yields/s	0 preempts/s
69000 milliseconds	3545 MB/s	61046 short_reads/s	0 short_writes_echo/s	106 cpu_user_milliseconds	653 cpu_system_milliseconds	0 minor_page_faults/s	0 major_page_faults/s	18561 yields/s	1 preempts/s
70000 milliseconds	3588 MB/s	61066 short_reads/s	0 short_writes_echo/s	121 cpu_user_milliseconds	622 cpu_system_milliseconds	0 minor_page_faults/s	0 major_page_faults/s	19549 yields/s	0 preempts/s
71001 milliseconds	3574 MB/s	62021 short_reads/s	0 short_writes_echo/s	116 cpu_user_milliseconds	630 cpu_system_milliseconds	0 minor_page_faults/s	0 major_page_faults/s	16369 yields/s	24 preempts/s
72001 milliseconds	3593 MB/s	59828 short_reads/s	0 short_writes_echo/s	93 cpu_user_milliseconds	647 cpu_system_milliseconds	0 minor_page_faults/s	0 major_page_faults/s	21115 yields/s	0 preempts/s
73001 milliseconds	3577 MB/s	61740 short_reads/s	0 short_writes_echo/s	104 cpu_user_milliseconds	643 cpu_system_milliseconds	0 minor_page_faults/s	0 major_page_faults/s	20237 yields/s	0 preempts/s
74001 milliseconds	3550 MB/s	60590 short_reads/s	0 short_writes_echo/s	94 cpu_user_milliseconds	658 cpu_system_milliseconds	0 minor_page_faults/s	0 major_page_faults/s	18410 yields/s	2 preempts/s
75001 milliseconds	3546 MB/s	60855 short_reads/s	0 short_writes_echo/s	94 cpu_user_milliseconds	646 cpu_system_milliseconds	0 minor_page_faults/s	0 major_page_faults/s	20525 yields/s	36 preempts/s
76001 milliseconds	3551 MB/s	60725 short_reads/s	0 short_writes_echo/s	82 cpu_user_milliseconds	660 cpu_system_milliseconds	0 minor_page_faults/s	0 major_page_faults/s	19538 yields/s	1 preempts/s
77001 milliseconds	3556 MB/s	60703 short_reads/s	0 short_writes_echo/s	111 cpu_user_milliseconds	642 cpu_system_milliseconds	0 minor_page_faults/s	0 major_page_faults/s	20265 yields/s	1 preempts/s
78001 milliseconds	3600 MB/s	59464 short_reads/s	0 short_writes_echo/s	98 cpu_user_milliseconds	640 cpu_system_milliseconds	0 minor_page_faults/s	0 major_page_faults/s	19676 yields/s	0 preempts/s
79001 milliseconds	3521 MB/s	60622 short_reads/s	0 short_writes_echo/s	111 cpu_user_milliseconds	647 cpu_system_milliseconds	0 minor_page_faults/s	0 major_page_faults/s	17241 yields/s	1 preempts/s
80001 milliseconds	3629 MB/s	62278 short_reads/s	0 short_writes_echo/s	104 cpu_user_milliseconds	653 cpu_system_milliseconds	0 minor_page_faults/s	0 major_page_faults/s	19744 yields/s	0 preempts/s
81001 milliseconds	3580 MB/s	58707 short_reads/s	0 short_writes_echo/s	90 cpu_user_milliseconds	642 cpu_system_milliseconds	0 minor_page_faults/s	0 major_page_faults/s	21043 yields/s	0 preempts/s
82001 milliseconds	3588 MB/s	60451 short_reads/s	0 short_writes_echo/s	108 cpu_user_milliseconds	631 cpu_system_milliseconds	0 minor_page_faults/s	0 major_page_faults/s	20677 yields/s	0 preempts/s
83001 milliseconds	3607 MB/s	61264 short_reads/s	0 short_writes_echo/s	112 cpu_user_milliseconds	639 cpu_system_milliseconds	0 minor_page_faults/s	0 major_page_faults/s	19774 yields/s	0 preempts/s
84001 milliseconds	3480 MB/s	59944 short_reads/s	0 short_writes_echo/s	97 cpu_user_milliseconds	663 cpu_system_milliseconds	0 minor_page_faults/s	0 major_page_faults/s	17476 yields/s	18 preempts/s
85001 milliseconds	3559 MB/s	62824 short_reads/s	0 short_writes_echo/s	107 cpu_user_milliseconds	651 cpu_system_milliseconds	0 minor_page_faults/s	0 major_page_faults/s	18692 yields/s	1 preempts/s
86001 milliseconds	3599 MB/s	59767 short_reads/s	0 short_writes_echo/s	104 cpu_user_milliseconds	632 cpu_system_milliseconds	0 minor_page_faults/s	0 major_page_faults/s	17244 yields/s	0 preempts/s
87001 milliseconds	3562 MB/s	61915 short_reads/s	0 short_writes_echo/s	127 cpu_user_milliseconds	631 cpu_system_milliseconds	0 minor_page_faults/s	0 major_page_faults/s	17749 yields/s	0 preempts/s
88001 milliseconds	3546 MB/s	60573 short_reads/s	0 short_writes_echo/s	104 cpu_user_milliseconds	644 cpu_system_milliseconds	0 minor_page_faults/s	0 major_page_faults/s	21290 yields/s	11 preempts/s
89001 milliseconds	3495 MB/s	60824 short_reads/s	0 short_writes_echo/s	92 cpu_user_milliseconds	667 cpu_system_milliseconds	0 minor_page_faults/s	0 major_page_faults/s	19620 yields/s	2 preempts/s
90001 milliseconds	3515 MB/s	59735 short_reads/s	0 short_writes_echo/s	107 cpu_user_milliseconds	645 cpu_system_milliseconds	0 minor_page_faults/s	0 major_page_faults/s	19919 yields/s	1 preempts/s
91001 milliseconds	3552 MB/s	60347 short_reads/s	0 short_writes_echo/s	114 cpu_user_milliseconds	628 cpu_system_milliseconds	0 minor_page_faults/s	0 major_page_faults/s	20828 yields/s	30 preempts/s
92001 milliseconds	3583 MB/s	62259 short_reads/s	0 short_writes_echo/s	110 cpu_user_milliseconds	640 cpu_system_milliseconds	0 minor_page_faults/s	0 major_page_faults/s	18993 yields/s	0 preempts/s
93001 milliseconds	3498 MB/s	60353 short_reads/s	0 short_writes_echo/s	102 cpu_user_milliseconds	659 cpu_system_milliseconds	0 minor_page_faults/s	0 major_page_faults/s	18668 yields/s	0 preempts/s
94001 milliseconds	3528 MB/s	61235 short_reads/s	0 short_writes_echo/s	113 cpu_user_milliseconds	659 cpu_system_milliseconds	0 minor_page_faults/s	0 major_page_faults/s	19567 yields/s	17 preempts/s
95001 milliseconds	3564 MB/s	61737 short_reads/s	0 short_writes_echo/s	85 cpu_user_milliseconds	657 cpu_system_milliseconds	0 minor_page_faults/s	0 major_page_faults/s	17796 yields/s	43 preempts/s
96001 milliseconds	3576 MB/s	60738 short_reads/s	0 short_writes_echo/s	99 cpu_user_milliseconds	644 cpu_system_milliseconds	0 minor_page_faults/s	0 major_page_faults/s	20957 yields/s	0 preempts/s
97001 milliseconds	3479 MB/s	59772 short_reads/s	0 short_writes_echo/s	113 cpu_user_milliseconds	653 cpu_system_milliseconds	0 minor_page_faults/s	0 major_page_faults/s	20048 yields/s	0 preempts/s
98001 milliseconds	3401 MB/s	60369 short_reads/s	0 short_writes_echo/s	102 cpu_user_milliseconds	640 cpu_system_milliseconds	0 minor_page_faults/s	0 major_page_faults/s	20443 yields/s	0 preempts/s
99001 milliseconds	3487 MB/s	59756 short_reads/s	0 short_writes_echo/s	109 cpu_user_milliseconds	640 cpu_system_milliseconds	0 minor_page_faults/s	0 major_page_faults/s	20168 yields/s	6 preempts/s
100001 milliseconds	3550 MB/s	60233 short_reads/s	0 short_writes_echo/s	94 cpu_user_milliseconds	658 cpu_system_milliseconds	0 minor_page_faults/s	0 major_page_faults/s	20331 yields/s	0 preempts/s
101001 milliseconds	3571 MB/s	62246 short_reads/s	0 short_writes_echo/s	97 cpu_user_milliseconds	654 cpu_system_milliseconds	0 minor_page_faults/s	0 major_page_faults/s	17079 yields/s	0 preempts/s
102001 milliseconds	3591 MB/s	63553 short_reads/s	0 short_writes_echo/s	95 cpu_user_milliseconds	660 cpu_system_milliseconds	0 minor_page_faults/s	0 major_page_faults/s	17901 yields/s	0 preempts/s
103001 milliseconds	3547 MB/s	62221 short_reads/s	0 short_writes_echo/s	95 cpu_user_milliseconds	657 cpu_system_milliseconds	0 minor_page_faults/s	0 major_page_faults/s	18259 yields/s	20 preempts/s
104001 milliseconds	3567 MB/s	59859 short_reads/s	0 short_writes_echo/s	116 cpu_user_milliseconds	639 cpu_system_milliseconds	0 minor_page_faults/s	0 major_page_faults/s	21190 yields/s	1 preempts/s
105001 milliseconds	3565 MB/s	59183 short_reads/s	0 short_writes_echo/s	92 cpu_user_milliseconds	644 cpu_system_milliseconds	0 minor_page_faults/s	0 major_page_faults/s	19753 yields/s	0 preempts/s
106001 milliseconds	3550 MB/s	60005 short_reads/s	0 short_writes_echo/s	88 cpu_user_milliseconds	672 cpu_system_milliseconds	0 minor_page_faults/s	0 major_page_faults/s	20971 yields/s	0 preempts/s
107001 milliseconds	3587 MB/s	59847 short_reads/s	0 short_writes_echo/s	107 cpu_user_milliseconds	637 cpu_system_milliseconds	0 minor_page_faults/s	0 major_page_faults/s	20224 yields/s	0 preempts/s
108001 milliseconds	3579 MB/s	63532 short_reads/s	0 short_writes_echo/s	87 cpu_user_milliseconds	660 cpu_system_milliseconds	0 minor_page_faults/s	0 major_page_faults/s	15203 yields/s	0 preempts/s
109001 milliseconds	3491 MB/s	60029 short_reads/s	0 short_writes_echo/s	92 cpu_user_milliseconds	659 cpu_system_milliseconds	0 minor_page_faults/s	0 major_page_faults/s	18454 yields/s	3 preempts/s
110001 milliseconds	3540 MB/s	60967 short_reads/s	0 short_writes_echo/s	84 cpu_user_milliseconds	669 cpu_system_milliseconds	0 minor_page_faults/s	0 major_page_faults/s	18588 yields/s	0 preempts/s
111001 milliseconds	3501 MB/s	60727 short_reads/s	0 short_writes_echo/s	85 cpu_user_milliseconds	666 cpu_system_milliseconds	0 minor_page_faults/s	0 major_page_faults/s	18632 yields/s	0 preempts/s
112001 milliseconds	3588 MB/s	61893 short_reads/s	0 short_writes_echo/s	106 cpu_user_milliseconds	640 cpu_system_milliseconds	0 minor_page_faults/s	0 major_page_faults/s	17754 yields/s	6 preempts/s
113001 milliseconds	3579 MB/s	59918 short_reads/s	0 short_writes_echo/s	85 cpu_user_milliseconds	659 cpu_system_milliseconds	0 minor_page_faults/s	0 major_page_faults/s	20063 yields/s	0 preempts/s
114001 milliseconds	3554 MB/s	60748 short_reads/s	0 short_writes_echo/s	92 cpu_user_milliseconds	671 cpu_system_milliseconds	0 minor_page_faults/s	0 major_page_faults/s	20022 yields/s	0 preempts/s
115001 milliseconds	3586 MB/s	62170 short_reads/s	0 short_writes_echo/s	109 cpu_user_milliseconds	648 cpu_system_milliseconds	0 minor_page_faults/s	0 major_page_faults/s	19104 yields/s	0 preempts/s
116001 milliseconds	3579 MB/s	61927 short_reads/s	0 short_writes_echo/s	116 cpu_user_milliseconds	633 cpu_system_milliseconds	0 minor_page_faults/s	0 major_page_faults/s	17724 yields/s	0 preempts/s
117001 milliseconds	3589 MB/s	62451 short_reads/s	0 short_writes_echo/s	100 cpu_user_milliseconds	651 cpu_system_milliseconds	0 minor_page_faults/s	0 major_page_faults/s	20366 yields/s	0 preempts/s
118001 milliseconds	3614 MB/s	62454 short_reads/s	0 short_writes_echo/s	105 cpu_user_milliseconds	648 cpu_system_milliseconds	0 minor_page_faults/s	0 major_page_faults/s	18827 yields/s	0 preempts/s
119001 milliseconds	3563 MB/s	62034 short_reads/s	0 short_writes_echo/s	101 cpu_user_milliseconds	658 cpu_system_milliseconds	0 minor_page_faults/s	0 major_page_faults/s	17709 yields/s	7 preempts/s
120001 milliseconds	3561 MB/s	62264 short_reads/s	0 short_writes_echo/s	116 cpu_user_milliseconds	628 cpu_system_milliseconds	0 minor_page_faults/s	0 major_page_faults/s	20223 yields/s	19 preempts/s
121001 milliseconds	3481 MB/s	60246 short_reads/s	0 short_writes_echo/s	123 cpu_user_milliseconds	639 cpu_system_milliseconds	0 minor_page_faults/s	0 major_page_faults/s	19170 yields/s	1 preempts/s
122001 milliseconds	3617 MB/s	62524 short_reads/s	0 short_writes_echo/s	110 cpu_user_milliseconds	635 cpu_system_milliseconds	0 minor_page_faults/s	0 major_page_faults/s	16544 yields/s	0 preempts/s
123001 milliseconds	3597 MB/s	60249 short_reads/s	0 short_writes_echo/s	111 cpu_user_milliseconds	634 cpu_system_milliseconds	0 minor_page_faults/s	0 major_page_faults/s	20413 yields/s	0 preempts/s
124001 milliseconds	3528 MB/s	59789 short_reads/s	0 short_writes_echo/s	92 cpu_user_milliseconds	653 cpu_system_milliseconds	0 minor_page_faults/s	0 major_page_faults/s	19955 yields/s	5 preempts/s
125001 milliseconds	3557 MB/s	60893 short_reads/s	0 short_writes_echo/s	102 cpu_user_milliseconds	642 cpu_system_milliseconds	0 minor_page_faults/s	0 major_page_faults/s	18814 yields/s	0 preempts/s
126001 milliseconds	3533 MB/s	61611 short_reads/s	0 short_writes_echo/s	90 cpu_user_milliseconds	666 cpu_system_milliseconds	0 minor_page_faults/s	0 major_page_faults/s	16212 yields/s	2 preempts/s
127001 milliseconds	3545 MB/s	59611 short_reads/s	0 short_writes_echo/s	114 cpu_user_milliseconds	627 cpu_system_milliseconds	0 minor_page_faults/s	0 major_page_faults/s	20664 yields/s	0 preempts/s
128001 milliseconds	3596 MB/s	59866 short_reads/s	0 short_writes_echo/s	104 cpu_user_milliseconds	635 cpu_system_milliseconds	0 minor_page_faults/s	0 major_page_faults/s	20956 yields/s	2 preempts/s
129001 milliseconds	3514 MB/s	60849 short_reads/s	0 short_writes_echo/s	104 cpu_user_milliseconds	656 cpu_system_milliseconds	0 minor_page_faults/s	0 major_page_faults/s	17972 yields/s	2 preempts/s
130001 milliseconds	3578 MB/s	62702 short_reads/s	0 short_writes_echo/s	104 cpu_user_milliseconds	645 cpu_system_milliseconds	0 minor_page_faults/s	0 major_page_faults/s	19554 yields/s	24 preempts/s
131001 milliseconds	3574 MB/s	60186 short_reads/s	0 short_writes_echo/s	88 cpu_user_milliseconds	653 cpu_system_milliseconds	0 minor_page_faults/s	0 major_page_faults/s	21634 yields/s	15 preempts/s
132001 milliseconds	3585 MB/s	61878 short_reads/s	0 short_writes_echo/s	100 cpu_user_milliseconds	650 cpu_system_milliseconds	0 minor_page_faults/s	0 major_page_faults/s	20765 yields/s	0 preempts/s
133001 milliseconds	3573 MB/s	62573 short_reads/s	0 short_writes_echo/s	111 cpu_user_milliseconds	641 cpu_system_milliseconds	0 minor_page_faults/s	0 major_page_faults/s	20982 yields/s	0 preempts/s
134001 milliseconds	3555 MB/s	64296 short_reads/s	0 short_writes_echo/s	108 cpu_user_milliseconds	655 cpu_system_milliseconds	0 minor_page_faults/s	0 major_page_faults/s	19383 yields/s	15 preempts/s
135001 milliseconds	3487 MB/s	60811 short_reads/s	0 short_writes_echo/s	117 cpu_user_milliseconds	646 cpu_system_milliseconds	0 minor_page_faults/s	0 major_page_faults/s	20803 yields/s	22 preempts/s
136001 milliseconds	3597 MB/s	60730 short_reads/s	0 short_writes_echo/s	96 cpu_user_milliseconds	645 cpu_system_milliseconds	0 minor_page_faults/s	0 major_page_faults/s	18576 yields/s	0 preempts/s
137001 milliseconds	3581 MB/s	60091 short_reads/s	0 short_writes_echo/s	99 cpu_user_milliseconds	644 cpu_system_milliseconds	0 minor_page_faults/s	0 major_page_faults/s	20235 yields/s	0 preempts/s
138001 milliseconds	3410 MB/s	59540 short_reads/s	0 short_writes_echo/s	90 cpu_user_milliseconds	669 cpu_system_milliseconds	0 minor_page_faults/s	0 major_page_faults/s	15403 yields/s	6 preempts/s
139001 milliseconds	3430 MB/s	57961 short_reads/s	0 short_writes_echo/s	109 cpu_user_milliseconds	671 cpu_system_milliseconds	0 minor_page_faults/s	0 major_page_faults/s	19115 yields/s	27 preempts/s
140001 milliseconds	3581 MB/s	61354 short_reads/s	0 short_writes_echo/s	96 cpu_user_milliseconds	650 cpu_system_milliseconds	0 minor_page_faults/s	0 major_page_faults/s	20000 yields/s	0 preempts/s
141001 milliseconds	3572 MB/s	61139 short_reads/s	0 short_writes_echo/s	107 cpu_user_milliseconds	651 cpu_system_milliseconds	0 minor_page_faults/s	0 major_page_faults/s	20003 yields/s	1 preempts/s
142001 milliseconds	3593 MB/s	61872 short_reads/s	0 short_writes_echo/s	103 cpu_user_milliseconds	643 cpu_system_milliseconds	0 minor_page_faults/s	0 major_page_faults/s	17728 yields/s	0 preempts/s
143001 milliseconds	3593 MB/s	60085 short_reads/s	0 short_writes_echo/s	108 cpu_user_milliseconds	626 cpu_system_milliseconds	0 minor_page_faults/s	0 major_page_faults/s	17335 yields/s	0 preempts/s
144001 milliseconds	3513 MB/s	60164 short_reads/s	0 short_writes_echo/s	96 cpu_user_milliseconds	641 cpu_system_milliseconds	0 minor_page_faults/s	0 major_page_faults/s	18492 yields/s	0 preempts/s
145001 milliseconds	3541 MB/s	61041 short_reads/s	0 short_writes_echo/s	90 cpu_user_milliseconds	661 cpu_system_milliseconds	0 minor_page_faults/s	0 major_page_faults/s	20492 yields/s	0 preempts/s
146001 milliseconds	3606 MB/s	61336 short_reads/s	0 short_writes_echo/s	100 cpu_user_milliseconds	650 cpu_system_milliseconds	0 minor_page_faults/s	0 major_page_faults/s	19864 yields/s	0 preempts/s
147001 milliseconds	3535 MB/s	60332 short_reads/s	0 short_writes_echo/s	91 cpu_user_milliseconds	643 cpu_system_milliseconds	0 minor_page_faults/s	0 major_page_faults/s	20064 yields/s	0 preempts/s
148001 milliseconds	3589 MB/s	60719 short_reads/s	0 short_writes_echo/s	95 cpu_user_milliseconds	645 cpu_system_milliseconds	0 minor_page_faults/s	0 major_page_faults/s	18906 yields/s	0 preempts/s
149001 milliseconds	3510 MB/s	60147 short_reads/s	0 short_writes_echo/s	92 cpu_user_milliseconds	651 cpu_system_milliseconds	0 minor_page_faults/s	0 major_page_faults/s	19244 yields/s	3 preempts/s
150001 milliseconds	3595 MB/s	61188 short_reads/s	0 short_writes_echo/s	103 cpu_user_milliseconds	643 cpu_system_milliseconds	0 minor_page_faults/s	0 major_page_faults/s	20261 yields/s	0 preempts/s
151001 milliseconds	3587 MB/s	61339 short_reads/s	0 short_writes_echo/s	98 cpu_user_milliseconds	644 cpu_system_milliseconds	0 minor_page_faults/s	0 major_page_faults/s	18301 yields/s	0 preempts/s
152001 milliseconds	3544 MB/s	58909 short_reads/s	0 short_writes_echo/s	87 cpu_user_milliseconds	650 cpu_system_milliseconds	0 minor_page_faults/s	0 major_page_faults/s	20264 yields/s	1 preempts/s
153001 milliseconds	3618 MB/s	64603 short_reads/s	0 short_writes_echo/s	118 cpu_user_milliseconds	650 cpu_system_milliseconds	0 minor_page_faults/s	0 major_page_faults/s	23730 yields/s	0 preempts/s
154001 milliseconds	3452 MB/s	59431 short_reads/s	0 short_writes_echo/s	112 cpu_user_milliseconds	642 cpu_system_milliseconds	0 minor_page_faults/s	0 major_page_faults/s	19055 yields/s	4 preempts/s
155001 milliseconds	3481 MB/s	57582 short_reads/s	0 short_writes_echo/s	97 cpu_user_milliseconds	651 cpu_system_milliseconds	0 minor_page_faults/s	0 major_page_faults/s	20017 yields/s	0 preempts/s
156001 milliseconds	3575 MB/s	61090 short_reads/s	0 short_writes_echo/s	104 cpu_user_milliseconds	636 cpu_system_milliseconds	0 minor_page_faults/s	0 major_page_faults/s	18052 yields/s	0 preempts/s
157002 milliseconds	3625 MB/s	61022 short_reads/s	0 short_writes_echo/s	107 cpu_user_milliseconds	640 cpu_system_milliseconds	0 minor_page_faults/s	0 major_page_faults/s	20755 yields/s	2 preempts/s
158002 milliseconds	3501 MB/s	58942 short_reads/s	0 short_writes_echo/s	92 cpu_user_milliseconds	647 cpu_system_milliseconds	0 minor_page_faults/s	0 major_page_faults/s	20022 yields/s	0 preempts/s
159002 milliseconds	3556 MB/s	59510 short_reads/s	0 short_writes_echo/s	107 cpu_user_milliseconds	636 cpu_system_milliseconds	0 minor_page_faults/s	0 major_page_faults/s	19409 yields/s	0 preempts/s
160002 milliseconds	3591 MB/s	61816 short_reads/s	0 short_writes_echo/s	115 cpu_user_milliseconds	634 cpu_system_milliseconds	0 minor_page_faults/s	0 major_page_faults/s	17760 yields/s	0 preempts/s
161002 milliseconds	3633 MB/s	60294 short_reads/s	0 short_writes_echo/s	95 cpu_user_milliseconds	645 cpu_system_milliseconds	0 minor_page_faults/s	0 major_page_faults/s	20126 yields/s	0 preempts/s
162002 milliseconds	3584 MB/s	59969 short_reads/s	0 short_writes_echo/s	108 cpu_user_milliseconds	636 cpu_system_milliseconds	0 minor_page_faults/s	0 major_page_faults/s	18987 yields/s	0 preempts/s
163002 milliseconds	3584 MB/s	61231 short_reads/s	0 short_writes_echo/s	113 cpu_user_milliseconds	634 cpu_system_milliseconds	0 minor_page_faults/s	0 major_page_faults/s	18185 yields/s	0 preempts/s
164002 milliseconds	3527 MB/s	60016 short_reads/s	0 short_writes_echo/s	102 cpu_user_milliseconds	653 cpu_system_milliseconds	0 minor_page_faults/s	0 major_page_faults/s	20100 yields/s	2 preempts/s
165002 milliseconds	3527 MB/s	59768 short_reads/s	0 short_writes_echo/s	102 cpu_user_milliseconds	646 cpu_system_milliseconds	0 minor_page_faults/s	0 major_page_faults/s	22438 yields/s	2 preempts/s
166002 milliseconds	3547 MB/s	60859 short_reads/s	0 short_writes_echo/s	106 cpu_user_milliseconds	640 cpu_system_milliseconds	0 minor_page_faults/s	0 major_page_faults/s	20331 yields/s	0 preempts/s
167002 milliseconds	3545 MB/s	60493 short_reads/s	0 short_writes_echo/s	109 cpu_user_milliseconds	635 cpu_system_milliseconds	0 minor_page_faults/s	0 major_page_faults/s	20303 yields/s	0 preempts/s
168002 milliseconds	3590 MB/s	60154 short_reads/s	0 short_writes_echo/s	101 cpu_user_milliseconds	646 cpu_system_milliseconds	0 minor_page_faults/s	0 major_page_faults/s	19971 yields/s	0 preempts/s
169002 milliseconds	3562 MB/s	60392 short_reads/s	0 short_writes_echo/s	101 cpu_user_milliseconds	664 cpu_system_milliseconds	0 minor_page_faults/s	0 major_page_faults/s	18090 yields/s	1 preempts/s
170002 milliseconds	3603 MB/s	62413 short_reads/s	0 short_writes_echo/s	101 cpu_user_milliseconds	655 cpu_system_milliseconds	0 minor_page_faults/s	0 major_page_faults/s	19252 yields/s	0 preempts/s
171002 milliseconds	3577 MB/s	61418 short_reads/s	0 short_writes_echo/s	105 cpu_user_milliseconds	639 cpu_system_milliseconds	0 minor_page_faults/s	0 major_page_faults/s	18475 yields/s	0 preempts/s
172002 milliseconds	3604 MB/s	59933 short_reads/s	0 short_writes_echo/s	96 cpu_user_milliseconds	638 cpu_system_milliseconds	0 minor_page_faults/s	0 major_page_faults/s	19490 yields/s	0 preempts/s
173002 milliseconds	3600 MB/s	62461 short_reads/s	0 short_writes_echo/s	98 cpu_user_milliseconds	649 cpu_system_milliseconds	0 minor_page_faults/s	0 major_page_faults/s	18680 yields/s	0 preempts/s
174002 milliseconds	3526 MB/s	60324 short_reads/s	0 short_writes_echo/s	118 cpu_user_milliseconds	631 cpu_system_milliseconds	0 minor_page_faults/s	0 major_page_faults/s	22320 yields/s	0 preempts/s
175002 milliseconds	3570 MB/s	61359 short_reads/s	0 short_writes_echo/s	119 cpu_user_milliseconds	625 cpu_system_milliseconds	0 minor_page_faults/s	0 major_page_faults/s	20367 yields/s	1 preempts/s
176002 milliseconds	3570 MB/s	61875 short_reads/s	0 short_writes_echo/s	84 cpu_user_milliseconds	662 cpu_system_milliseconds	0 minor_page_faults/s	0 major_page_faults/s	20354 yields/s	1 preempts/s
177002 milliseconds	3575 MB/s	61712 short_reads/s	0 short_writes_echo/s	93 cpu_user_milliseconds	665 cpu_system_milliseconds	0 minor_page_faults/s	0 major_page_faults/s	20004 yields/s	0 preempts/s
178002 milliseconds	3597 MB/s	62342 short_reads/s	0 short_writes_echo/s	98 cpu_user_milliseconds	649 cpu_system_milliseconds	0 minor_page_faults/s	0 major_page_faults/s	17618 yields/s	0 preempts/s
179002 milliseconds	3553 MB/s	61663 short_reads/s	0 short_writes_echo/s	110 cpu_user_milliseconds	648 cpu_system_milliseconds	0 minor_page_faults/s	0 major_page_faults/s	19396 yields/s	11 preempts/s
180002 milliseconds	3589 MB/s	60306 short_reads/s	0 short_writes_echo/s	101 cpu_user_milliseconds	644 cpu_system_milliseconds	0 minor_page_faults/s	0 major_page_faults/s	20164 yields/s	1 preempts/s
181002 milliseconds	3507 MB/s	58679 short_reads/s	0 short_writes_echo/s	105 cpu_user_milliseconds	621 cpu_system_milliseconds	0 minor_page_faults/s	0 major_page_faults/s	21535 yields/s	0 preempts/s
182002 milliseconds	3534 MB/s	61072 short_reads/s	0 short_writes_echo/s	99 cpu_user_milliseconds	664 cpu_system_milliseconds	0 minor_page_faults/s	0 major_page_faults/s	21536 yields/s	0 preempts/s
183002 milliseconds	3610 MB/s	60651 short_reads/s	0 short_writes_echo/s	97 cpu_user_milliseconds	645 cpu_system_milliseconds	0 minor_page_faults/s	0 major_page_faults/s	19496 yields/s	0 preempts/s
184002 milliseconds	3498 MB/s	59606 short_reads/s	0 short_writes_echo/s	84 cpu_user_milliseconds	669 cpu_system_milliseconds	0 minor_page_faults/s	0 major_page_faults/s	17987 yields/s	2 preempts/s
185002 milliseconds	3595 MB/s	61329 short_reads/s	0 short_writes_echo/s	107 cpu_user_milliseconds	642 cpu_system_milliseconds	0 minor_page_faults/s	0 major_page_faults/s	18028 yields/s	0 preempts/s
186002 milliseconds	3602 MB/s	61719 short_reads/s	0 short_writes_echo/s	93 cpu_user_milliseconds	654 cpu_system_milliseconds	0 minor_page_faults/s	0 major_page_faults/s	18712 yields/s	1 preempts/s
187002 milliseconds	3605 MB/s	60223 short_reads/s	0 short_writes_echo/s	85 cpu_user_milliseconds	652 cpu_system_milliseconds	0 minor_page_faults/s	0 major_page_faults/s	20207 yields/s	0 preempts/s
188002 milliseconds	3570 MB/s	62979 short_reads/s	0 short_writes_echo/s	97 cpu_user_milliseconds	648 cpu_system_milliseconds	0 minor_page_faults/s	0 major_page_faults/s	16354 yields/s	0 preempts/s
189002 milliseconds	3519 MB/s	59702 short_reads/s	0 short_writes_echo/s	97 cpu_user_milliseconds	658 cpu_system_milliseconds	0 minor_page_faults/s	0 major_page_faults/s	18887 yields/s	2 preempts/s
190002 milliseconds	3598 MB/s	61051 short_reads/s	0 short_writes_echo/s	103 cpu_user_milliseconds	640 cpu_system_milliseconds	0 minor_page_faults/s	0 major_page_faults/s	19613 yields/s	0 preempts/s
191002 milliseconds	3590 MB/s	62846 short_reads/s	0 short_writes_echo/s	96 cpu_user_milliseconds	652 cpu_system_milliseconds	0 minor_page_faults/s	0 major_page_faults/s	17461 yields/s	0 preempts/s
192002 milliseconds	3588 MB/s	61424 short_reads/s	0 short_writes_echo/s	100 cpu_user_milliseconds	643 cpu_system_milliseconds	0 minor_page_faults/s	0 major_page_faults/s	19585 yields/s	0 preempts/s
193002 milliseconds	3578 MB/s	63194 short_reads/s	0 short_writes_echo/s	118 cpu_user_milliseconds	635 cpu_system_milliseconds	0 minor_page_faults/s	0 major_page_faults/s	17977 yields/s	4 preempts/s
194002 milliseconds	3534 MB/s	59955 short_reads/s	0 short_writes_echo/s	96 cpu_user_milliseconds	653 cpu_system_milliseconds	0 minor_page_faults/s	0 major_page_faults/s	18692 yields/s	1 preempts/s
195002 milliseconds	3570 MB/s	61086 short_reads/s	0 short_writes_echo/s	92 cpu_user_milliseconds	664 cpu_system_milliseconds	0 minor_page_faults/s	0 major_page_faults/s	21019 yields/s	0 preempts/s
196002 milliseconds	3573 MB/s	58912 short_reads/s	0 short_writes_echo/s	93 cpu_user_milliseconds	641 cpu_system_milliseconds	0 minor_page_faults/s	0 major_page_faults/s	21518 yields/s	2 preempts/s
197002 milliseconds	3572 MB/s	60416 short_reads/s	0 short_writes_echo/s	97 cpu_user_milliseconds	649 cpu_system_milliseconds	0 minor_page_faults/s	0 major_page_faults/s	20176 yields/s	0 preempts/s
198002 milliseconds	3628 MB/s	60429 short_reads/s	0 short_writes_echo/s	121 cpu_user_milliseconds	624 cpu_system_milliseconds	0 minor_page_faults/s	0 major_page_faults/s	20141 yields/s	0 preempts/s
199002 milliseconds	3459 MB/s	58648 short_reads/s	0 short_writes_echo/s	103 cpu_user_milliseconds	660 cpu_system_milliseconds	0 minor_page_faults/s	0 major_page_faults/s	20279 yields/s	0 preempts/s
200002 milliseconds	3549 MB/s	61147 short_reads/s	0 short_writes_echo/s	104 cpu_user_milliseconds	640 cpu_system_milliseconds	0 minor_page_faults/s	0 major_page_faults/s	19094 yields/s	1 preempts/s
201002 milliseconds	3581 MB/s	61490 short_reads/s	0 short_writes_echo/s	100 cpu_user_milliseconds	644 cpu_system_milliseconds	0 minor_page_faults/s	0 major_page_faults/s	20070 yields/s	1 preempts/s
202002 milliseconds	3575 MB/s	61843 short_reads/s	0 short_writes_echo/s	95 cpu_user_milliseconds	652 cpu_system_milliseconds	0 minor_page_faults/s	0 major_page_faults/s	19600 yields/s	0 preempts/s
203002 milliseconds	3575 MB/s	61342 short_reads/s	0 short_writes_echo/s	114 cpu_user_milliseconds	632 cpu_system_milliseconds	0 minor_page_faults/s	0 major_page_faults/s	20730 yields/s	1 preempts/s
204002 milliseconds	3468 MB/s	61014 short_reads/s	0 short_writes_echo/s	99 cpu_user_milliseconds	649 cpu_system_milliseconds	0 minor_page_faults/s	0 major_page_faults/s	19446 yields/s	10 preempts/s
205002 milliseconds	3487 MB/s	60812 short_reads/s	0 short_writes_echo/s	119 cpu_user_milliseconds	644 cpu_system_milliseconds	0 minor_page_faults/s	0 major_page_faults/s	19089 yields/s	0 preempts/s
206002 milliseconds	3614 MB/s	61237 short_reads/s	0 short_writes_echo/s	101 cpu_user_milliseconds	652 cpu_system_milliseconds	0 minor_page_faults/s	0 major_page_faults/s	19237 yields/s	0 preempts/s
207002 milliseconds	3484 MB/s	60262 short_reads/s	0 short_writes_echo/s	103 cpu_user_milliseconds	642 cpu_system_milliseconds	0 minor_page_faults/s	0 major_page_faults/s	20379 yields/s	0 preempts/s
208002 milliseconds	3566 MB/s	59822 short_reads/s	0 short_writes_echo/s	101 cpu_user_milliseconds	646 cpu_system_milliseconds	0 minor_page_faults/s	0 major_page_faults/s	19864 yields/s	0 preempts/s
209002 milliseconds	3548 MB/s	60235 short_reads/s	0 short_writes_echo/s	93 cpu_user_milliseconds	657 cpu_system_milliseconds	0 minor_page_faults/s	0 major_page_faults/s	19294 yields/s	3 preempts/s
210002 milliseconds	3606 MB/s	63213 short_reads/s	0 short_writes_echo/s	101 cpu_user_milliseconds	659 cpu_system_milliseconds	0 minor_page_faults/s	0 major_page_faults/s	18484 yields/s	0 preempts/s
211002 milliseconds	3573 MB/s	60673 short_reads/s	0 short_writes_echo/s	107 cpu_user_milliseconds	638 cpu_system_milliseconds	0 minor_page_faults/s	0 major_page_faults/s	22022 yields/s	0 preempts/s
212002 milliseconds	3577 MB/s	61221 short_reads/s	0 short_writes_echo/s	90 cpu_user_milliseconds	657 cpu_system_milliseconds	0 minor_page_faults/s	0 major_page_faults/s	20426 yields/s	0 preempts/s
213002 milliseconds	3581 MB/s	61854 short_reads/s	0 short_writes_echo/s	98 cpu_user_milliseconds	649 cpu_system_milliseconds	0 minor_page_faults/s	0 major_page_faults/s	19932 yields/s	1 preempts/s
214002 milliseconds	3494 MB/s	60192 short_reads/s	0 short_writes_echo/s	111 cpu_user_milliseconds	644 cpu_system_milliseconds	0 minor_page_faults/s	0 major_page_faults/s	18504 yields/s	3 preempts/s
215002 milliseconds	3572 MB/s	59910 short_reads/s	0 short_writes_echo/s	104 cpu_user_milliseconds	636 cpu_system_milliseconds	0 minor_page_faults/s	0 major_page_faults/s	19758 yields/s	6 preempts/s
216002 milliseconds	3559 MB/s	61789 short_reads/s	0 short_writes_echo/s	96 cpu_user_milliseconds	654 cpu_system_milliseconds	0 minor_page_faults/s	0 major_page_faults/s	21525 yields/s	35 preempts/s
217002 milliseconds	3577 MB/s	60860 short_reads/s	0 short_writes_echo/s	130 cpu_user_milliseconds	614 cpu_system_milliseconds	0 minor_page_faults/s	0 major_page_faults/s	21541 yields/s	1 preempts/s
218002 milliseconds	3464 MB/s	60351 short_reads/s	0 short_writes_echo/s	103 cpu_user_milliseconds	636 cpu_system_milliseconds	0 minor_page_faults/s	0 major_page_faults/s	20852 yields/s	19 preempts/s
219002 milliseconds	3513 MB/s	61067 short_reads/s	0 short_writes_echo/s	89 cpu_user_milliseconds	666 cpu_system_milliseconds	0 minor_page_faults/s	0 major_page_faults/s	19024 yields/s	3 preempts/s
220002 milliseconds	3626 MB/s	61187 short_reads/s	0 short_writes_echo/s	118 cpu_user_milliseconds	627 cpu_system_milliseconds	0 minor_page_faults/s	0 major_page_faults/s	18536 yields/s	1 preempts/s
221002 milliseconds	3562 MB/s	58722 short_reads/s	0 short_writes_echo/s	101 cpu_user_milliseconds	640 cpu_system_milliseconds	0 minor_page_faults/s	0 major_page_faults/s	19848 yields/s	0 preempts/s
222002 milliseconds	3615 MB/s	62927 short_reads/s	0 short_writes_echo/s	108 cpu_user_milliseconds	647 cpu_system_milliseconds	0 minor_page_faults/s	0 major_page_faults/s	18347 yields/s	0 preempts/s
223002 milliseconds	3558 MB/s	60530 short_reads/s	0 short_writes_echo/s	99 cpu_user_milliseconds	659 cpu_system_milliseconds	0 minor_page_faults/s	0 major_page_faults/s	19193 yields/s	1 preempts/s
224002 milliseconds	3517 MB/s	59929 short_reads/s	0 short_writes_echo/s	82 cpu_user_milliseconds	653 cpu_system_milliseconds	0 minor_page_faults/s	0 major_page_faults/s	18817 yields/s	1 preempts/s
225002 milliseconds	3577 MB/s	62586 short_reads/s	0 short_writes_echo/s	94 cpu_user_milliseconds	660 cpu_system_milliseconds	0 minor_page_faults/s	0 major_page_faults/s	17662 yields/s	0 preempts/s
226002 milliseconds	3546 MB/s	60970 short_reads/s	0 short_writes_echo/s	99 cpu_user_milliseconds	652 cpu_system_milliseconds	0 minor_page_faults/s	0 major_page_faults/s	17841 yields/s	1 preempts/s
227002 milliseconds	3588 MB/s	60524 short_reads/s	0 short_writes_echo/s	103 cpu_user_milliseconds	636 cpu_system_milliseconds	0 minor_page_faults/s	0 major_page_faults/s	18417 yields/s	0 preempts/s
228002 milliseconds	3543 MB/s	58909 short_reads/s	0 short_writes_echo/s	99 cpu_user_milliseconds	642 cpu_system_milliseconds	0 minor_page_faults/s	0 major_page_faults/s	21278 yields/s	0 preempts/s
229002 milliseconds	3560 MB/s	61321 short_reads/s	0 short_writes_echo/s	101 cpu_user_milliseconds	658 cpu_system_milliseconds	0 minor_page_faults/s	0 major_page_faults/s	18676 yields/s	0 preempts/s
230002 milliseconds	3602 MB/s	62447 short_reads/s	0 short_writes_echo/s	108 cpu_user_milliseconds	653 cpu_system_milliseconds	0 minor_page_faults/s	0 major_page_faults/s	20747 yields/s	0 preempts/s
231002 milliseconds	3596 MB/s	59608 short_reads/s	0 short_writes_echo/s	90 cpu_user_milliseconds	648 cpu_system_milliseconds	0 minor_page_faults/s	0 major_page_faults/s	20407 yields/s	0 preempts/s
232002 milliseconds	3579 MB/s	61001 short_reads/s	0 short_writes_echo/s	110 cpu_user_milliseconds	635 cpu_system_milliseconds	0 minor_page_faults/s	0 major_page_faults/s	18523 yields/s	1 preempts/s
233002 milliseconds	3595 MB/s	63572 short_reads/s	0 short_writes_echo/s	89 cpu_user_milliseconds	667 cpu_system_milliseconds	0 minor_page_faults/s	0 major_page_faults/s	17020 yields/s	0 preempts/s
234003 milliseconds	3555 MB/s	59721 short_reads/s	0 short_writes_echo/s	115 cpu_user_milliseconds	637 cpu_system_milliseconds	0 minor_page_faults/s	0 major_page_faults/s	20758 yields/s	0 preempts/s
235003 milliseconds	3572 MB/s	61336 short_reads/s	0 short_writes_echo/s	85 cpu_user_milliseconds	657 cpu_system_milliseconds	0 minor_page_faults/s	0 major_page_faults/s	19654 yields/s	0 preempts/s
236003 milliseconds	3577 MB/s	60456 short_reads/s	0 short_writes_echo/s	78 cpu_user_milliseconds	658 cpu_system_milliseconds	0 minor_page_faults/s	0 major_page_faults/s	17537 yields/s	0 preempts/s
237003 milliseconds	3573 MB/s	61016 short_reads/s	0 short_writes_echo/s	107 cpu_user_milliseconds	628 cpu_system_milliseconds	0 minor_page_faults/s	0 major_page_faults/s	17512 yields/s	0 preempts/s
238003 milliseconds	3587 MB/s	60518 short_reads/s	0 short_writes_echo/s	104 cpu_user_milliseconds	628 cpu_system_milliseconds	0 minor_page_faults/s	0 major_page_faults/s	17463 yields/s	0 preempts/s
239003 milliseconds	3573 MB/s	60730 short_reads/s	0 short_writes_echo/s	118 cpu_user_milliseconds	632 cpu_system_milliseconds	0 minor_page_faults/s	0 major_page_faults/s	19230 yields/s	0 preempts/s
240003 milliseconds	3609 MB/s	60524 short_reads/s	0 short_writes_echo/s	84 cpu_user_milliseconds	659 cpu_system_milliseconds	0 minor_page_faults/s	0 major_page_faults/s	20859 yields/s	1 preempts/s
