1000 milliseconds	2314 MB/s	2612 short_reads/s	0 short_writes_echo/s	112 cpu_user_milliseconds	706 cpu_system_milliseconds	177 minor_page_faults/s	0 major_page_faults/s	43729 yields/s	68 preempts/s
2000 milliseconds	2549 MB/s	2004 short_reads/s	0 short_writes_echo/s	127 cpu_user_milliseconds	717 cpu_system_milliseconds	2 minor_page_faults/s	0 major_page_faults/s	36854 yields/s	32 preempts/s
3000 milliseconds	2950 MB/s	717 short_reads/s	0 short_writes_echo/s	114 cpu_user_milliseconds	767 cpu_system_milliseconds	0 minor_page_faults/s	0 major_page_faults/s	28584 yields/s	0 preempts/s
4000 milliseconds	2955 MB/s	801 short_reads/s	0 short_writes_echo/s	112 cpu_user_milliseconds	766 cpu_system_milliseconds	0 minor_page_faults/s	0 major_page_faults/s	28550 yields/s	5 preempts/s
5000 milliseconds	2588 MB/s	559 short_reads/s	0 short_writes_echo/s	105 cpu_user_milliseconds	651 cpu_system_milliseconds	0 minor_page_faults/s	0 major_page_faults/s	41499 yields/s	5 preempts/s
6000 milliseconds	2386 MB/s	2014 short_reads/s	0 short_writes_echo/s	113 cpu_user_milliseconds	721 cpu_system_milliseconds	0 minor_page_faults/s	0 major_page_faults/s	43395 yields/s	1 preempts/s
7000 milliseconds	2585 MB/s	1563 short_reads/s	0 short_writes_echo/s	111 cpu_user_milliseconds	711 cpu_system_milliseconds	0 minor_page_faults/s	0 major_page_faults/s	38576 yields/s	0 preempts/s
8000 milliseconds	2734 MB/s	1243 short_reads/s	0 short_writes_echo/s	123 cpu_user_milliseconds	738 cpu_system_milliseconds	0 minor_page_faults/s	0 major_page_faults/s	34132 yields/s	6 preempts/s
9000 milliseconds	2449 MB/s	1704 short_reads/s	0 short_writes_echo/s	111 cpu_user_milliseconds	716 cpu_system_milliseconds	0 minor_page_faults/s	0 major_page_faults/s	39479 yields/s	36 preempts/s
10000 milliseconds	2361 MB/s	2331 short_reads/s	0 short_writes_echo/s	114 cpu_user_milliseconds	719 cpu_system_milliseconds	0 minor_page_faults/s	0 major_page_faults/s	43713 yields/s	1 preempts/s
11000 milliseconds	2290 MB/s	4273 short_reads/s	0 short_writes_echo/s	118 cpu_user_milliseconds	710 cpu_system_milliseconds	0 minor_page_faults/s	0 major_page_faults/s	43970 yields/s	4 preempts/s
12000 milliseconds	2609 MB/s	4413 short_reads/s	0 short_writes_echo/s	118 cpu_user_milliseconds	726 cpu_system_milliseconds	0 minor_page_faults/s	0 major_page_faults/s	36382 yields/s	1 preempts/s
13000 milliseconds	2836 MB/s	891 short_reads/s	0 short_writes_echo/s	130 cpu_user_milliseconds	743 cpu_system_milliseconds	0 minor_page_faults/s	0 major_page_faults/s	31491 yields/s	50 preempts/s
14000 milliseconds	2632 MB/s	1464 short_reads/s	0 short_writes_echo/s	105 cpu_user_milliseconds	740 cpu_system_milliseconds	0 minor_page_faults/s	0 major_page_faults/s	35250 yields/s	23 preempts/s
15000 milliseconds	2956 MB/s	636 short_reads/s	0 short_writes_echo/s	119 cpu_user_milliseconds	748 cpu_system_milliseconds	0 minor_page_faults/s	0 major_page_faults/s	25199 yields/s	1 preempts/s
16000 milliseconds	3017 MB/s	233 short_reads/s	0 short_writes_echo/s	116 cpu_user_milliseconds	776 cpu_system_milliseconds	0 minor_page_faults/s	0 major_page_faults/s	27414 yields/s	3 preempts/s
17000 milliseconds	2978 MB/s	336 short_reads/s	0 short_writes_echo/s	116 cpu_user_milliseconds	768 cpu_system_milliseconds	0 minor_page_faults/s	0 major_page_faults/s	28619 yields/s	2 preempts/s
18000 milliseconds	2991 MB/s	562 short_reads/s	0 short_writes_echo/s	106 cpu_user_milliseconds	783 cpu_system_milliseconds	0 minor_page_faults/s	0 major_page_faults/s	28210 yields/s	1 preempts/s
19000 milliseconds	2353 MB/s	1880 short_reads/s	0 short_writes_echo/s	104 cpu_user_milliseconds	707 cpu_system_milliseconds	0 minor_page_faults/s	0 major_page_faults/s	44089 yields/s	95 preempts/s
20000 milliseconds	2355 MB/s	2598 short_reads/s	0 short_writes_echo/s	126 cpu_user_milliseconds	708 cpu_system_milliseconds	0 minor_page_faults/s	0 major_page_faults/s	44201 yields/s	25 preempts/s
21000 milliseconds	2507 MB/s	1925 short_reads/s	0 short_writes_echo/s	101 cpu_user_milliseconds	727 cpu_system_milliseconds	0 minor_page_faults/s	0 major_page_faults/s	41880 yields/s	25 preempts/s
22000 milliseconds	2660 MB/s	1344 short_reads/s	0 short_writes_echo/s	124 cpu_user_milliseconds	734 cpu_system_milliseconds	0 minor_page_faults/s	0 major_page_faults/s	35773 yields/s	0 preempts/s
23000 milliseconds	2342 MB/s	2826 short_reads/s	0 short_writes_echo/s	111 cpu_user_milliseconds	717 cpu_system_milliseconds	0 minor_page_faults/s	0 major_page_faults/s	43053 yields/s	31 preempts/s
24000 milliseconds	2345 MB/s	2417 short_reads/s	0 short_writes_echo/s	110 cpu_user_milliseconds	691 cpu_system_milliseconds	0 minor_page_faults/s	0 major_page_faults/s	43384 yields/s	94 preempts/s
25000 milliseconds	2579 MB/s	1191 short_reads/s	0 short_writes_echo/s	112 cpu_user_milliseconds	706 cpu_system_milliseconds	0 minor_page_faults/s	0 major_page_faults/s	39396 yields/s	15 preempts/s
26000 milliseconds	2730 MB/s	1023 short_reads/s	0 short_writes_echo/s	135 cpu_user_milliseconds	720 cpu_system_milliseconds	0 minor_page_faults/s	0 major_page_faults/s	34261 yields/s	9 preempts/s
27000 milliseconds	2830 MB/s	1392 short_reads/s	0 short_writes_echo/s	118 cpu_user_milliseconds	745 cpu_system_milliseconds	0 minor_page_faults/s	0 major_page_faults/s	34931 yields/s	1 preempts/s
28000 milliseconds	2529 MB/s	1408 short_reads/s	0 short_writes_echo/s	105 cpu_user_milliseconds	703 cpu_system_milliseconds	0 minor_page_faults/s	0 major_page_faults/s	42064 yields/s	5 preempts/s
29000 milliseconds	2395 MB/s	2467 short_reads/s	0 short_writes_echo/s	117 cpu_user_milliseconds	645 cpu_system_milliseconds	0 minor_page_faults/s	0 major_page_faults/s	36930 yields/s	85 preempts/s
30000 milliseconds	2895 MB/s	1213 short_reads/s	0 short_writes_echo/s	111 cpu_user_milliseconds	735 cpu_system_milliseconds	0 minor_page_faults/s	0 major_page_faults/s	28552 yields/s	1 preempts/s
31000 milliseconds	2963 MB/s	400 short_reads/s	0 short_writes_echo/s	105 cpu_user_milliseconds	744 cpu_system_milliseconds	0 minor_page_faults/s	0 major_page_faults/s	23044 yields/s	3 preempts/s
32000 milliseconds	2447 MB/s	1856 short_reads/s	0 short_writes_echo/s	101 cpu_user_milliseconds	719 cpu_system_milliseconds	0 minor_page_faults/s	0 major_page_faults/s	37028 yields/s	2 preempts/s
33000 milliseconds	2353 MB/s	1886 short_reads/s	0 short_writes_echo/s	124 cpu_user_milliseconds	686 cpu_system_milliseconds	0 minor_page_faults/s	0 major_page_faults/s	39049 yields/s	5 preempts/s
34000 milliseconds	2726 MB/s	979 short_reads/s	0 short_writes_echo/s	108 cpu_user_milliseconds	747 cpu_system_milliseconds	0 minor_page_faults/s	0 major_page_faults/s	33519 yields/s	104 preempts/s
35000 milliseconds	2859 MB/s	2202 short_reads/s	0 short_writes_echo/s	117 cpu_user_milliseconds	760 cpu_system_milliseconds	0 minor_page_faults/s	0 major_page_faults/s	31001 yields/s	3 preempts/s
36000 milliseconds	2694 MB/s	3855 short_reads/s	0 short_writes_echo/s	131 cpu_user_milliseconds	732 cpu_system_milliseconds	0 minor_page_faults/s	0 major_page_faults/s	33592 yields/s	11 preempts/s
37000 milliseconds	2787 MB/s	674 short_reads/s	0 short_writes_echo/s	99 cpu_user_milliseconds	749 cpu_system_milliseconds	0 minor_page_faults/s	0 major_page_faults/s	34275 yields/s	22 preempts/s
38000 milliseconds	2500 MB/s	1727 short_reads/s	0 short_writes_echo/s	104 cpu_user_milliseconds	738 cpu_system_milliseconds	0 minor_page_faults/s	0 major_page_faults/s	40100 yields/s	4 preempts/s
39000 milliseconds	2506 MB/s	1674 short_reads/s	0 short_writes_echo/s	122 cpu_user_milliseconds	719 cpu_system_milliseconds	0 minor_page_faults/s	0 major_page_faults/s	39085 yields/s	93 preempts/s
40000 milliseconds	2346 MB/s	2580 short_reads/s	0 short_writes_echo/s	121 cpu_user_milliseconds	713 cpu_system_milliseconds	0 minor_page_faults/s	0 major_page_faults/s	44448 yields/s	6 preempts/s
41000 milliseconds	2437 MB/s	2323 short_reads/s	0 short_writes_echo/s	123 cpu_user_milliseconds	716 cpu_system_milliseconds	0 minor_page_faults/s	0 major_page_faults/s	41853 yields/s	4 preempts/s
42000 milliseconds	2835 MB/s	1277 short_reads/s	0 short_writes_echo/s	119 cpu_user_milliseconds	753 cpu_system_milliseconds	0 minor_page_faults/s	0 major_page_faults/s	32479 yields/s	9 preempts/s
43000 milliseconds	2788 MB/s	1009 short_reads/s	0 short_writes_echo/s	112 cpu_user_milliseconds	757 cpu_system_milliseconds	0 minor_page_faults/s	0 major_page_faults/s	33065 yields/s	0 preempts/s
44000 milliseconds	2650 MB/s	1408 short_reads/s	0 short_writes_echo/s	111 cpu_user_milliseconds	718 cpu_system_milliseconds	0 minor_page_faults/s	0 major_page_faults/s	34831 yields/s	40 preempts/s
45000 milliseconds	2469 MB/s	2134 short_reads/s	0 short_writes_echo/s	106 cpu_user_milliseconds	732 cpu_system_milliseconds	0 minor_page_faults/s	0 major_page_faults/s	39553 yields/s	24 preempts/s
46000 milliseconds	2343 MB/s	2338 short_reads/s	0 short_writes_echo/s	120 cpu_user_milliseconds	708 cpu_system_milliseconds	0 minor_page_faults/s	0 major_page_faults/s	43638 yields/s	12 preempts/s
47000 milliseconds	2326 MB/s	2962 short_reads/s	0 short_writes_echo/s	112 cpu_user_milliseconds	715 cpu_system_milliseconds	0 minor_page_faults/s	0 major_page_faults/s	43184 yields/s	8 preempts/s
48000 milliseconds	2353 MB/s	2505 short_reads/s	0 short_writes_echo/s	114 cpu_user_milliseconds	701 cpu_system_milliseconds	0 minor_page_faults/s	0 major_page_faults/s	40014 yields/s	11 preempts/s
49000 milliseconds	2396 MB/s	1855 short_reads/s	0 short_writes_echo/s	116 cpu_user_milliseconds	715 cpu_system_milliseconds	0 minor_page_faults/s	0 major_page_faults/s	41632 yields/s	89 preempts/s
50000 milliseconds	2375 MB/s	2433 short_reads/s	0 short_writes_echo/s	123 cpu_user_milliseconds	710 cpu_system_milliseconds	0 minor_page_faults/s	0 major_page_faults/s	42229 yields/s	22 preempts/s
51000 milliseconds	2413 MB/s	2239 short_reads/s	0 short_writes_echo/s	109 cpu_user_milliseconds	717 cpu_system_milliseconds	0 minor_page_faults/s	0 major_page_faults/s	39385 yields/s	7 preempts/s
52000 milliseconds	2388 MB/s	1721 short_reads/s	0 short_writes_echo/s	98 cpu_user_milliseconds	734 cpu_system_milliseconds	0 minor_page_faults/s	0 major_page_faults/s	42832 yields/s	18 preempts/s
53000 milliseconds	2595 MB/s	978 short_reads/s	0 short_writes_echo/s	120 cpu_user_milliseconds	692 cpu_system_milliseconds	0 minor_page_faults/s	0 major_page_faults/s	39199 yields/s	5 preempts/s
54000 milliseconds	2899 MB/s	796 short_reads/s	0 short_writes_echo/s	112 cpu_user_milliseconds	764 cpu_system_milliseconds	0 minor_page_faults/s	0 major_page_faults/s	30108 yields/s	102 preempts/s
55000 milliseconds	2634 MB/s	1233 short_reads/s	0 short_writes_echo/s	114 cpu_user_milliseconds	735 cpu_system_milliseconds	0 minor_page_faults/s	0 major_page_faults/s	34351 yields/s	25 preempts/s
56000 milliseconds	2324 MB/s	2882 short_reads/s	0 short_writes_echo/s	133 cpu_user_milliseconds	694 cpu_system_milliseconds	0 minor_page_faults/s	0 major_page_faults/s	42943 yields/s	22 preempts/s
57000 milliseconds	2333 MB/s	2914 short_reads/s	0 short_writes_echo/s	127 cpu_user_milliseconds	703 cpu_system_milliseconds	0 minor_page_faults/s	0 major_page_faults/s	43284 yields/s	80 preempts/s
58000 milliseconds	2336 MB/s	2291 short_reads/s	0 short_writes_echo/s	103 cpu_user_milliseconds	728 cpu_system_milliseconds	0 minor_page_faults/s	0 major_page_faults/s	43731 yields/s	18 preempts/s
59000 milliseconds	2364 MB/s	2083 short_reads/s	0 short_writes_echo/s	116 cpu_user_milliseconds	700 cpu_system_milliseconds	0 minor_page_faults/s	0 major_page_faults/s	42087 yields/s	129 preempts/s
60000 milliseconds	2563 MB/s	1568 short_reads/s	0 short_writes_echo/s	112 cpu_user_milliseconds	736 cpu_system_milliseconds	0 minor_page_faults/s	0 major_page_faults/s	37834 yields/s	22 preempts/s
61000 milliseconds	2314 MB/s	3086 short_reads/s	0 short_writes_echo/s	106 cpu_user_milliseconds	718 cpu_system_milliseconds	0 minor_page_faults/s	0 major_page_faults/s	42152 yields/s	71 preempts/s
62000 milliseconds	2553 MB/s	2148 short_reads/s	0 short_writes_echo/s	121 cpu_user_milliseconds	699 cpu_system_milliseconds	0 minor_page_faults/s	0 major_page_faults/s	38956 yields/s	23 preempts/s
63000 milliseconds	2469 MB/s	1350 short_reads/s	0 short_writes_echo/s	115 cpu_user_milliseconds	730 cpu_system_milliseconds	0 minor_page_faults/s	0 major_page_faults/s	41743 yields/s	0 preempts/s
64000 milliseconds	2348 MB/s	2429 short_reads/s	0 short_writes_echo/s	112 cpu_user_milliseconds	697 cpu_system_milliseconds	0 minor_page_faults/s	0 major_page_faults/s	38900 yields/s	16 preempts/s
65000 milliseconds	2649 MB/s	1483 short_reads/s	0 short_writes_echo/s	117 cpu_user_milliseconds	726 cpu_system_milliseconds	0 minor_page_faults/s	0 major_page_faults/s	33520 yields/s	66 preempts/s
66000 milliseconds	2560 MB/s	1011 short_reads/s	0 short_writes_echo/s	107 cpu_user_milliseconds	667 cpu_system_milliseconds	0 minor_page_faults/s	0 major_page_faults/s	41031 yields/s	0 preempts/s
67000 milliseconds	2340 MB/s	2071 short_reads/s	0 short_writes_echo/s	113 cpu_user_milliseconds	703 cpu_system_milliseconds	0 minor_page_faults/s	0 major_page_faults/s	40857 yields/s	0 preempts/s
68000 milliseconds	2289 MB/s	2463 short_reads/s	0 short_writes_echo/s	110 cpu_user_milliseconds	708 cpu_system_milliseconds	0 minor_page_faults/s	0 major_page_faults/s	43852 yields/s	5 preempts/s
69000 milliseconds	2420 MB/s	1191 short_reads/s	0 short_writes_echo/s	93 cpu_user_milliseconds	627 cpu_system_milliseconds	0 minor_page_faults/s	0 major_page_faults/s	44937 yields/s	57 preempts/s
70000 milliseconds	2724 MB/s	401 short_reads/s	0 short_writes_echo/s	94 cpu_user_milliseconds	686 cpu_system_milliseconds	0 minor_page_faults/s	0 major_page_faults/s	37725 yields/s	5 preempts/s
71000 milliseconds	2363 MB/s	2692 short_reads/s	0 short_writes_echo/s	130 cpu_user_milliseconds	689 cpu_system_milliseconds	0 minor_page_faults/s	0 major_page_faults/s	39677 yields/s	26 preempts/s
72000 milliseconds	2389 MB/s	1901 short_reads/s	0 short_writes_echo/s	111 cpu_user_milliseconds	696 cpu_system_milliseconds	0 minor_page_faults/s	0 major_page_faults/s	35830 yields/s	21 preempts/s
73000 milliseconds	3004 MB/s	313 short_reads/s	0 short_writes_echo/s	112 cpu_user_milliseconds	776 cpu_system_milliseconds	0 minor_page_faults/s	0 major_page_faults/s	27452 yields/s	0 preempts/s
74000 milliseconds	2496 MB/s	1759 short_reads/s	0 short_writes_echo/s	123 cpu_user_milliseconds	696 cpu_system_milliseconds	0 minor_page_faults/s	0 major_page_faults/s	38076 yields/s	15 preempts/s
75000 milliseconds	2341 MB/s	2903 short_reads/s	0 short_writes_echo/s	111 cpu_user_milliseconds	723 cpu_system_milliseconds	0 minor_page_faults/s	0 major_page_faults/s	43268 yields/s	15 preempts/s
76000 milliseconds	2391 MB/s	2125 short_reads/s	0 short_writes_echo/s	119 cpu_user_milliseconds	679 cpu_system_milliseconds	0 minor_page_faults/s	0 major_page_faults/s	34996 yields/s	27 preempts/s
77000 milliseconds	2334 MB/s	2615 short_reads/s	0 short_writes_echo/s	132 cpu_user_milliseconds	698 cpu_system_milliseconds	0 minor_page_faults/s	0 major_page_faults/s	43597 yields/s	70 preempts/s
78000 milliseconds	2320 MB/s	2142 short_reads/s	0 short_writes_echo/s	132 cpu_user_milliseconds	694 cpu_system_milliseconds	0 minor_page_faults/s	0 major_page_faults/s	44624 yields/s	12 preempts/s
79000 milliseconds	2348 MB/s	3652 short_reads/s	0 short_writes_echo/s	140 cpu_user_milliseconds	689 cpu_system_milliseconds	0 minor_page_faults/s	0 major_page_faults/s	43014 yields/s	116 preempts/s
80000 milliseconds	2502 MB/s	2265 short_reads/s	0 short_writes_echo/s	115 cpu_user_milliseconds	732 cpu_system_milliseconds	0 minor_page_faults/s	0 major_page_faults/s	39433 yields/s	26 preempts/s
81000 milliseconds	2316 MB/s	2384 short_reads/s	0 short_writes_echo/s	106 cpu_user_milliseconds	720 cpu_system_milliseconds	0 minor_page_faults/s	0 major_page_faults/s	43704 yields/s	63 preempts/s
82000 milliseconds	2350 MB/s	2604 short_reads/s	0 short_writes_echo/s	101 cpu_user_milliseconds	731 cpu_system_milliseconds	0 minor_page_faults/s	0 major_page_faults/s	44259 yields/s	17 preempts/s
83000 milliseconds	2337 MB/s	2795 short_reads/s	0 short_writes_echo/s	110 cpu_user_milliseconds	723 cpu_system_milliseconds	0 minor_page_faults/s	0 major_page_faults/s	43664 yields/s	23 preempts/s
84000 milliseconds	2332 MB/s	2763 short_reads/s	0 short_writes_echo/s	121 cpu_user_milliseconds	708 cpu_system_milliseconds	0 minor_page_faults/s	0 major_page_faults/s	43532 yields/s	31 preempts/s
85000 milliseconds	2484 MB/s	1996 short_reads/s	0 short_writes_echo/s	130 cpu_user_milliseconds	711 cpu_system_milliseconds	0 minor_page_faults/s	0 major_page_faults/s	39550 yields/s	64 preempts/s
86000 milliseconds	2626 MB/s	1490 short_reads/s	0 short_writes_echo/s	120 cpu_user_milliseconds	726 cpu_system_milliseconds	0 minor_page_faults/s	0 major_page_faults/s	34935 yields/s	15 preempts/s
87000 milliseconds	2906 MB/s	718 short_reads/s	0 short_writes_echo/s	124 cpu_user_milliseconds	742 cpu_system_milliseconds	0 minor_page_faults/s	0 major_page_faults/s	29258 yields/s	33 preempts/s
88000 milliseconds	2602 MB/s	1246 short_reads/s	0 short_writes_echo/s	114 cpu_user_milliseconds	717 cpu_system_milliseconds	0 minor_page_faults/s	0 major_page_faults/s	34059 yields/s	17 preempts/s
89000 milliseconds	2365 MB/s	1347 short_reads/s	0 short_writes_echo/s	112 cpu_user_milliseconds	604 cpu_system_milliseconds	0 minor_page_faults/s	0 major_page_faults/s	46276 yields/s	10 preempts/s
90000 milliseconds	2536 MB/s	1623 short_reads/s	0 short_writes_echo/s	116 cpu_user_milliseconds	730 cpu_system_milliseconds	0 minor_page_faults/s	0 major_page_faults/s	38506 yields/s	11 preempts/s
91000 milliseconds	2867 MB/s	3308 short_reads/s	0 short_writes_echo/s	120 cpu_user_milliseconds	692 cpu_system_milliseconds	0 minor_page_faults/s	0 major_page_faults/s	54217 yields/s	27 preempts/s
92000 milliseconds	3013 MB/s	4603 short_reads/s	0 short_writes_echo/s	126 cpu_user_milliseconds	678 cpu_system_milliseconds	0 minor_page_faults/s	0 major_page_faults/s	56896 yields/s	3 preempts/s
93000 milliseconds	2930 MB/s	3135 short_reads/s	0 short_writes_echo/s	108 cpu_user_milliseconds	693 cpu_system_milliseconds	0 minor_page_faults/s	0 major_page_faults/s	54636 yields/s	4 preempts/s
94000 milliseconds	2912 MB/s	2708 short_reads/s	0 short_writes_echo/s	105 cpu_user_milliseconds	697 cpu_system_milliseconds	0 minor_page_faults/s	0 major_page_faults/s	51657 yields/s	5 preempts/s
95000 milliseconds	3016 MB/s	1607 short_reads/s	0 short_writes_echo/s	133 cpu_user_milliseconds	684 cpu_system_milliseconds	0 minor_page_faults/s	0 major_page_faults/s	56898 yields/s	0 preempts/s
96000 milliseconds	2979 MB/s	2809 short_reads/s	0 short_writes_echo/s	115 cpu_user_milliseconds	707 cpu_system_milliseconds	0 minor_page_faults/s	0 major_page_faults/s	50371 yields/s	3 preempts/s
97000 milliseconds	2906 MB/s	3336 short_reads/s	0 short_writes_echo/s	125 cpu_user_milliseconds	690 cpu_system_milliseconds	0 minor_page_faults/s	0 major_page_faults/s	53449 yields/s	1 preempts/s
98000 milliseconds	3071 MB/s	1235 short_reads/s	0 short_writes_echo/s	107 cpu_user_milliseconds	704 cpu_system_milliseconds	0 minor_page_faults/s	0 major_page_faults/s	55897 yields/s	0 preempts/s
99000 milliseconds	2923 MB/s	1814 short_reads/s	0 short_writes_echo/s	95 cpu_user_milliseconds	697 cpu_system_milliseconds	0 minor_page_faults/s	0 major_page_faults/s	52562 yields/s	11 preempts/s
100000 milliseconds	2936 MB/s	1510 short_reads/s	0 short_writes_echo/s	116 cpu_user_milliseconds	708 cpu_system_milliseconds	0 minor_page_faults/s	0 major_page_faults/s	55791 yields/s	3 preempts/s
101000 milliseconds	3022 MB/s	2476 short_reads/s	0 short_writes_echo/s	113 cpu_user_milliseconds	684 cpu_system_milliseconds	0 minor_page_faults/s	0 major_page_faults/s	54203 yields/s	42 preempts/s
102000 milliseconds	3009 MB/s	1500 short_reads/s	0 short_writes_echo/s	121 cpu_user_milliseconds	688 cpu_system_milliseconds	0 minor_page_faults/s	0 major_page_faults/s	57415 yields/s	3 preempts/s
103000 milliseconds	3062 MB/s	2244 short_reads/s	0 short_writes_echo/s	113 cpu_user_milliseconds	703 cpu_system_milliseconds	0 minor_page_faults/s	0 major_page_faults/s	57669 yields/s	3 preempts/s
104000 milliseconds	2772 MB/s	2408 short_reads/s	0 short_writes_echo/s	103 cpu_user_milliseconds	720 cpu_system_milliseconds	0 minor_page_faults/s	0 major_page_faults/s	50677 yields/s	1 preempts/s
105000 milliseconds	3051 MB/s	3630 short_reads/s	0 short_writes_echo/s	109 cpu_user_milliseconds	706 cpu_system_milliseconds	0 minor_page_faults/s	0 major_page_faults/s	56857 yields/s	10 preempts/s
106000 milliseconds	3087 MB/s	1117 short_reads/s	0 short_writes_echo/s	85 cpu_user_milliseconds	735 cpu_system_milliseconds	0 minor_page_faults/s	0 major_page_faults/s	59143 yields/s	0 preempts/s
107001 milliseconds	3115 MB/s	1160 short_reads/s	0 short_writes_echo/s	107 cpu_user_milliseconds	714 cpu_system_milliseconds	0 minor_page_faults/s	0 major_page_faults/s	59806 yields/s	0 preempts/s
108001 milliseconds	3035 MB/s	1150 short_reads/s	0 short_writes_echo/s	130 cpu_user_milliseconds	684 cpu_system_milliseconds	0 minor_page_faults/s	0 major_page_faults/s	58075 yields/s	1 preempts/s
109001 milliseconds	2948 MB/s	3193 short_reads/s	0 short_writes_echo/s	113 cpu_user_milliseconds	699 cpu_system_milliseconds	0 minor_page_faults/s	0 major_page_faults/s	53865 yields/s	45 preempts/s
110001 milliseconds	3011 MB/s	2740 short_reads/s	0 short_writes_echo/s	130 cpu_user_milliseconds	665 cpu_system_milliseconds	0 minor_page_faults/s	0 major_page_faults/s	53204 yields/s	0 preempts/s
111001 milliseconds	2801 MB/s	4033 short_reads/s	0 short_writes_echo/s	99 cpu_user_milliseconds	709 cpu_system_milliseconds	0 minor_page_faults/s	0 major_page_faults/s	53232 yields/s	0 preempts/s
112001 milliseconds	3061 MB/s	1899 short_reads/s	0 short_writes_echo/s	95 cpu_user_milliseconds	716 cpu_system_milliseconds	0 minor_page_faults/s	0 major_page_faults/s	58905 yields/s	0 preempts/s
113001 milliseconds	3056 MB/s	1731 short_reads/s	0 short_writes_echo/s	116 cpu_user_milliseconds	695 cpu_system_milliseconds	0 minor_page_faults/s	0 major_page_faults/s	58607 yields/s	0 preempts/s
114001 milliseconds	2856 MB/s	2245 short_reads/s	0 short_writes_echo/s	113 cpu_user_milliseconds	696 cpu_system_milliseconds	0 minor_page_faults/s	0 major_page_faults/s	51405 yields/s	2 preempts/s
115001 milliseconds	3046 MB/s	2119 short_reads/s	0 short_writes_echo/s	108 cpu_user_milliseconds	708 cpu_system_milliseconds	0 minor_page_faults/s	0 major_page_faults/s	58017 yields/s	0 preempts/s
116001 milliseconds	2965 MB/s	1718 short_reads/s	0 short_writes_echo/s	129 cpu_user_milliseconds	693 cpu_system_milliseconds	0 minor_page_faults/s	0 major_page_faults/s	56543 yields/s	18 preempts/s
117001 milliseconds	3067 MB/s	3217 short_reads/s	0 short_writes_echo/s	125 cpu_user_milliseconds	691 cpu_system_milliseconds	0 minor_page_faults/s	0 major_page_faults/s	56889 yields/s	5 preempts/s
118001 milliseconds	3081 MB/s	2856 short_reads/s	0 short_writes_echo/s	122 cpu_user_milliseconds	694 cpu_system_milliseconds	0 minor_page_faults/s	0 major_page_faults/s	58250 yields/s	3 preempts/s
119001 milliseconds	2988 MB/s	3014 short_reads/s	0 short_writes_echo/s	114 cpu_user_milliseconds	695 cpu_system_milliseconds	0 minor_page_faults/s	0 major_page_faults/s	52779 yields/s	4 preempts/s
120001 milliseconds	3016 MB/s	4347 short_reads/s	0 short_writes_echo/s	118 cpu_user_milliseconds	686 cpu_system_milliseconds	0 minor_page_faults/s	0 major_page_faults/s	56910 yields/s	26 preempts/s
121001 milliseconds	3087 MB/s	2732 short_reads/s	0 short_writes_echo/s	110 cpu_user_milliseconds	709 cpu_system_milliseconds	0 minor_page_faults/s	0 major_page_faults/s	58332 yields/s	0 preempts/s
122001 milliseconds	3076 MB/s	4017 short_reads/s	0 short_writes_echo/s	129 cpu_user_milliseconds	684 cpu_system_milliseconds	0 minor_page_faults/s	0 major_page_faults/s	58388 yields/s	1 preempts/s
123001 milliseconds	3017 MB/s	2975 short_reads/s	0 short_writes_echo/s	117 cpu_user_milliseconds	698 cpu_system_milliseconds	0 minor_page_faults/s	0 major_page_faults/s	56511 yields/s	19 preempts/s
124001 milliseconds	3077 MB/s	1267 short_reads/s	0 short_writes_echo/s	123 cpu_user_milliseconds	701 cpu_system_milliseconds	0 minor_page_faults/s	0 major_page_faults/s	56148 yields/s	4 preempts/s
125001 milliseconds	2979 MB/s	928 short_reads/s	0 short_writes_echo/s	94 cpu_user_milliseconds	709 cpu_system_milliseconds	0 minor_page_faults/s	0 major_page_faults/s	57361 yields/s	0 preempts/s
126001 milliseconds	3029 MB/s	1477 short_reads/s	0 short_writes_echo/s	119 cpu_user_milliseconds	705 cpu_system_milliseconds	0 minor_page_faults/s	0 major_page_faults/s	54220 yields/s	4 preempts/s
127001 milliseconds	3056 MB/s	2071 short_reads/s	0 short_writes_echo/s	116 cpu_user_milliseconds	695 cpu_system_milliseconds	0 minor_page_faults/s	0 major_page_faults/s	58687 yields/s	0 preempts/s
128001 milliseconds	3074 MB/s	1325 short_reads/s	0 short_writes_echo/s	131 cpu_user_milliseconds	674 cpu_system_milliseconds	0 minor_page_faults/s	0 major_page_faults/s	53949 yields/s	0 preempts/s
129001 milliseconds	3012 MB/s	1140 short_reads/s	0 short_writes_echo/s	109 cpu_user_milliseconds	698 cpu_system_milliseconds	0 minor_page_faults/s	0 major_page_faults/s	53311 yields/s	6 preempts/s
130001 milliseconds	3012 MB/s	1659 short_reads/s	0 short_writes_echo/s	112 cpu_user_milliseconds	700 cpu_system_milliseconds	0 minor_page_faults/s	0 major_page_faults/s	57598 yields/s	0 preempts/s
131001 milliseconds	3083 MB/s	2136 short_reads/s	0 short_writes_echo/s	124 cpu_user_milliseconds	696 cpu_system_milliseconds	0 minor_page_faults/s	0 major_page_faults/s	58678 yields/s	3 preempts/s
132001 milliseconds	3075 MB/s	3034 short_reads/s	0 short_writes_echo/s	111 cpu_user_milliseconds	703 cpu_system_milliseconds	0 minor_page_faults/s	0 major_page_faults/s	55618 yields/s	5 preempts/s
133001 milliseconds	3042 MB/s	4388 short_reads/s	0 short_writes_echo/s	112 cpu_user_milliseconds	688 cpu_system_milliseconds	0 minor_page_faults/s	0 major_page_faults/s	53928 yields/s	24 preempts/s
134001 milliseconds	3007 MB/s	3432 short_reads/s	0 short_writes_echo/s	124 cpu_user_milliseconds	663 cpu_system_milliseconds	0 minor_page_faults/s	0 major_page_faults/s	46889 yields/s	2 preempts/s
135001 milliseconds	3017 MB/s	4724 short_reads/s	0 short_writes_echo/s	115 cpu_user_milliseconds	693 cpu_system_milliseconds	0 minor_page_faults/s	0 major_page_faults/s	56913 yields/s	6 preempts/s
136001 milliseconds	3063 MB/s	2113 short_reads/s	0 short_writes_echo/s	115 cpu_user_milliseconds	698 cpu_system_milliseconds	0 minor_page_faults/s	0 major_page_faults/s	58575 yields/s	1 preempts/s
137001 milliseconds	2965 MB/s	2037 short_reads/s	0 short_writes_echo/s	103 cpu_user_milliseconds	715 cpu_system_milliseconds	0 minor_page_faults/s	0 major_page_faults/s	56288 yields/s	23 preempts/s
138001 milliseconds	3015 MB/s	3442 short_reads/s	0 short_writes_echo/s	109 cpu_user_milliseconds	706 cpu_system_milliseconds	0 minor_page_faults/s	0 major_page_faults/s	56884 yields/s	1 preempts/s
139001 milliseconds	2928 MB/s	2435 short_reads/s	0 short_writes_echo/s	124 cpu_user_milliseconds	694 cpu_system_milliseconds	0 minor_page_faults/s	0 major_page_faults/s	53968 yields/s	7 preempts/s
140001 milliseconds	2947 MB/s	3033 short_reads/s	0 short_writes_echo/s	113 cpu_user_milliseconds	683 cpu_system_milliseconds	0 minor_page_faults/s	0 major_page_faults/s	48579 yields/s	3 preempts/s
141001 milliseconds	3003 MB/s	2527 short_reads/s	0 short_writes_echo/s	125 cpu_user_milliseconds	668 cpu_system_milliseconds	0 minor_page_faults/s	0 major_page_faults/s	50980 yields/s	22 preempts/s
142001 milliseconds	3040 MB/s	1292 short_reads/s	0 short_writes_echo/s	119 cpu_user_milliseconds	664 cpu_system_milliseconds	0 minor_page_faults/s	0 major_page_faults/s	46877 yields/s	1 preempts/s
143001 milliseconds	3064 MB/s	1348 short_reads/s	0 short_writes_echo/s	99 cpu_user_milliseconds	720 cpu_system_milliseconds	0 minor_page_faults/s	0 major_page_faults/s	58388 yields/s	0 preempts/s
144001 milliseconds	2899 MB/s	1654 short_reads/s	0 short_writes_echo/s	108 cpu_user_milliseconds	714 cpu_system_milliseconds	0 minor_page_faults/s	0 major_page_faults/s	53601 yields/s	10 preempts/s
145001 milliseconds	2942 MB/s	2190 short_reads/s	0 short_writes_echo/s	136 cpu_user_milliseconds	680 cpu_system_milliseconds	0 minor_page_faults/s	0 major_page_faults/s	56292 yields/s	0 preempts/s
146001 milliseconds	3049 MB/s	1014 short_reads/s	0 short_writes_echo/s	135 cpu_user_milliseconds	689 cpu_system_milliseconds	0 minor_page_faults/s	0 major_page_faults/s	58447 yields/s	2 preempts/s
147001 milliseconds	3034 MB/s	1470 short_reads/s	0 short_writes_echo/s	101 cpu_user_milliseconds	704 cpu_system_milliseconds	0 minor_page_faults/s	0 major_page_faults/s	53429 yields/s	0 preempts/s
148001 milliseconds	3091 MB/s	994 short_reads/s	0 short_writes_echo/s	125 cpu_user_milliseconds	695 cpu_system_milliseconds	0 minor_page_faults/s	0 major_page_faults/s	58909 yields/s	0 preempts/s
149001 milliseconds	3059 MB/s	972 short_reads/s	0 short_writes_echo/s	105 cpu_user_milliseconds	715 cpu_system_milliseconds	0 minor_page_faults/s	0 major_page_faults/s	56009 yields/s	0 preempts/s
150001 milliseconds	3006 MB/s	1623 short_reads/s	0 short_writes_echo/s	111 cpu_user_milliseconds	698 cpu_system_milliseconds	0 minor_page_faults/s	0 major_page_faults/s	53982 yields/s	0 preempts/s
151001 milliseconds	3096 MB/s	894 short_reads/s	0 short_writes_echo/s	116 cpu_user_milliseconds	708 cpu_system_milliseconds	0 minor_page_faults/s	0 major_page_faults/s	59410 yields/s	0 preempts/s
152001 milliseconds	3055 MB/s	1721 short_reads/s	0 short_writes_echo/s	120 cpu_user_milliseconds	690 cpu_system_milliseconds	0 minor_page_faults/s	0 major_page_faults/s	58646 yields/s	0 preempts/s
153001 milliseconds	2999 MB/s	2847 short_reads/s	0 short_writes_echo/s	125 cpu_user_milliseconds	682 cpu_system_milliseconds	0 minor_page_faults/s	0 major_page_faults/s	56668 yields/s	5 preempts/s
154001 milliseconds	3001 MB/s	2651 short_reads/s	0 short_writes_echo/s	112 cpu_user_milliseconds	706 cpu_system_milliseconds	0 minor_page_faults/s	0 major_page_faults/s	55976 yields/s	7 preempts/s
155001 milliseconds	3079 MB/s	3212 short_reads/s	0 short_writes_echo/s	104 cpu_user_milliseconds	709 cpu_system_milliseconds	0 minor_page_faults/s	0 major_page_faults/s	58865 yields/s	1 preempts/s
156001 milliseconds	2948 MB/s	2843 short_reads/s	0 short_writes_echo/s	120 cpu_user_milliseconds	695 cpu_system_milliseconds	0 minor_page_faults/s	0 major_page_faults/s	55815 yields/s	18 preempts/s
157001 milliseconds	3072 MB/s	4150 short_reads/s	0 short_writes_echo/s	112 cpu_user_milliseconds	703 cpu_system_milliseconds	0 minor_page_faults/s	0 major_page_faults/s	58064 yields/s	0 preempts/s
158001 milliseconds	3043 MB/s	3878 short_reads/s	0 short_writes_echo/s	122 cpu_user_milliseconds	686 cpu_system_milliseconds	0 minor_page_faults/s	0 major_page_faults/s	57924 yields/s	65 preempts/s
159001 milliseconds	2922 MB/s	2191 short_reads/s	0 short_writes_echo/s	106 cpu_user_milliseconds	711 cpu_system_milliseconds	0 minor_page_faults/s	0 major_page_faults/s	53939 yields/s	24 preempts/s
160001 milliseconds	3063 MB/s	2257 short_reads/s	0 short_writes_echo/s	118 cpu_user_milliseconds	674 cpu_system_milliseconds	0 minor_page_faults/s	0 major_page_faults/s	49905 yields/s	3 preempts/s
161001 milliseconds	2893 MB/s	2767 short_reads/s	0 short_writes_echo/s	124 cpu_user_milliseconds	693 cpu_system_milliseconds	0 minor_page_faults/s	0 major_page_faults/s	55063 yields/s	15 preempts/s
162001 milliseconds	2970 MB/s	2482 short_reads/s	0 short_writes_echo/s	141 cpu_user_milliseconds	675 cpu_system_milliseconds	0 minor_page_faults/s	0 major_page_faults/s	56333 yields/s	3 preempts/s
163001 milliseconds	3019 MB/s	3568 short_reads/s	0 short_writes_echo/s	110 cpu_user_milliseconds	700 cpu_system_milliseconds	0 minor_page_faults/s	0 major_page_faults/s	56091 yields/s	5 preempts/s
164001 milliseconds	2871 MB/s	2210 short_reads/s	0 short_writes_echo/s	111 cpu_user_milliseconds	711 cpu_system_milliseconds	0 minor_page_faults/s	0 major_page_faults/s	54051 yields/s	9 preempts/s
165001 milliseconds	2937 MB/s	3977 short_reads/s	0 short_writes_echo/s	123 cpu_user_milliseconds	681 cpu_system_milliseconds	0 minor_page_faults/s	0 major_page_faults/s	52100 yields/s	12 preempts/s
166001 milliseconds	3091 MB/s	1314 short_reads/s	0 short_writes_echo/s	111 cpu_user_milliseconds	707 cpu_system_milliseconds	0 minor_page_faults/s	0 major_page_faults/s	59567 yields/s	0 preempts/s
167001 milliseconds	3076 MB/s	2826 short_reads/s	0 short_writes_echo/s	121 cpu_user_milliseconds	698 cpu_system_milliseconds	0 minor_page_faults/s	0 major_page_faults/s	58638 yields/s	18 preempts/s
168001 milliseconds	2944 MB/s	2207 short_reads/s	0 short_writes_echo/s	104 cpu_user_milliseconds	713 cpu_system_milliseconds	0 minor_page_faults/s	0 major_page_faults/s	55598 yields/s	1 preempts/s
169001 milliseconds	2842 MB/s	2684 short_reads/s	0 short_writes_echo/s	98 cpu_user_milliseconds	715 cpu_system_milliseconds	0 minor_page_faults/s	0 major_page_faults/s	54029 yields/s	0 preempts/s
170001 milliseconds	3052 MB/s	3825 short_reads/s	0 short_writes_echo/s	126 cpu_user_milliseconds	688 cpu_system_milliseconds	0 minor_page_faults/s	0 major_page_faults/s	58326 yields/s	2 preempts/s
171001 milliseconds	2960 MB/s	2523 short_reads/s	0 short_writes_echo/s	112 cpu_user_milliseconds	680 cpu_system_milliseconds	0 minor_page_faults/s	0 major_page_faults/s	48115 yields/s	3 preempts/s
172001 milliseconds	3054 MB/s	1582 short_reads/s	0 short_writes_echo/s	106 cpu_user_milliseconds	706 cpu_system_milliseconds	0 minor_page_faults/s	0 major_page_faults/s	58596 yields/s	0 preempts/s
173001 milliseconds	3080 MB/s	965 short_reads/s	0 short_writes_echo/s	119 cpu_user_milliseconds	696 cpu_system_milliseconds	0 minor_page_faults/s	0 major_page_faults/s	58602 yields/s	1 preempts/s
174001 milliseconds	3003 MB/s	1551 short_reads/s	0 short_writes_echo/s	140 cpu_user_milliseconds	678 cpu_system_milliseconds	0 minor_page_faults/s	0 major_page_faults/s	55772 yields/s	1 preempts/s
175001 milliseconds	2977 MB/s	3244 short_reads/s	0 short_writes_echo/s	124 cpu_user_milliseconds	690 cpu_system_milliseconds	0 minor_page_faults/s	0 major_page_faults/s	56937 yields/s	5 preempts/s
176001 milliseconds	3041 MB/s	2852 short_reads/s	0 short_writes_echo/s	103 cpu_user_milliseconds	716 cpu_system_milliseconds	0 minor_page_faults/s	0 major_page_faults/s	57728 yields/s	1 preempts/s
177001 milliseconds	3057 MB/s	1136 short_reads/s	0 short_writes_echo/s	109 cpu_user_milliseconds	705 cpu_system_milliseconds	0 minor_page_faults/s	0 major_page_faults/s	58080 yields/s	3 preempts/s
178001 milliseconds	3060 MB/s	2927 short_reads/s	0 short_writes_echo/s	123 cpu_user_milliseconds	690 cpu_system_milliseconds	0 minor_page_faults/s	0 major_page_faults/s	58716 yields/s	1 preempts/s
179001 milliseconds	2983 MB/s	2646 short_reads/s	0 short_writes_echo/s	106 cpu_user_milliseconds	719 cpu_system_milliseconds	0 minor_page_faults/s	0 major_page_faults/s	56296 yields/s	1 preempts/s
180001 milliseconds	3000 MB/s	2426 short_reads/s	0 short_writes_echo/s	113 cpu_user_milliseconds	682 cpu_system_milliseconds	0 minor_page_faults/s	0 major_page_faults/s	52541 yields/s	2 preempts/s
181001 milliseconds	3071 MB/s	934 short_reads/s	0 short_writes_echo/s	97 cpu_user_milliseconds	726 cpu_system_milliseconds	0 minor_page_faults/s	0 major_page_faults/s	58454 yields/s	0 preempts/s
182001 milliseconds	3081 MB/s	981 short_reads/s	0 short_writes_echo/s	102 cpu_user_milliseconds	714 cpu_system_milliseconds	0 minor_page_faults/s	0 major_page_faults/s	58967 yields/s	0 preempts/s
183001 milliseconds	3024 MB/s	2502 short_reads/s	0 short_writes_echo/s	127 cpu_user_milliseconds	681 cpu_system_milliseconds	0 minor_page_faults/s	0 major_page_faults/s	57675 yields/s	17 preempts/s
184001 milliseconds	2759 MB/s	2333 short_reads/s	0 short_writes_echo/s	119 cpu_user_milliseconds	698 cpu_system_milliseconds	0 minor_page_faults/s	0 major_page_faults/s	50205 yields/s	3 preempts/s
185001 milliseconds	3061 MB/s	3644 short_reads/s	0 short_writes_echo/s	118 cpu_user_milliseconds	696 cpu_system_milliseconds	0 minor_page_faults/s	0 major_page_faults/s	57981 yields/s	48 preempts/s
186001 milliseconds	3007 MB/s	2883 short_reads/s	0 short_writes_echo/s	107 cpu_user_milliseconds	706 cpu_system_milliseconds	0 minor_page_faults/s	0 major_page_faults/s	56614 yields/s	1 preempts/s
187001 milliseconds	3114 MB/s	846 short_reads/s	0 short_writes_echo/s	114 cpu_user_milliseconds	707 cpu_system_milliseconds	0 minor_page_faults/s	0 major_page_faults/s	58777 yields/s	2 preempts/s
188001 milliseconds	3025 MB/s	1675 short_reads/s	0 short_writes_echo/s	107 cpu_user_milliseconds	707 cpu_system_milliseconds	0 minor_page_faults/s	0 major_page_faults/s	56627 yields/s	0 preempts/s
189001 milliseconds	2820 MB/s	2803 short_reads/s	0 short_writes_echo/s	129 cpu_user_milliseconds	680 cpu_system_milliseconds	0 minor_page_faults/s	0 major_page_faults/s	48602 yields/s	4 preempts/s
190001 milliseconds	3095 MB/s	990 short_reads/s	0 short_writes_echo/s	124 cpu_user_milliseconds	697 cpu_system_milliseconds	0 minor_page_faults/s	0 major_page_faults/s	59222 yields/s	1 preempts/s
191001 milliseconds	3025 MB/s	3066 short_reads/s	0 short_writes_echo/s	118 cpu_user_milliseconds	700 cpu_system_milliseconds	0 minor_page_faults/s	0 major_page_faults/s	57124 yields/s	0 preempts/s
192001 milliseconds	2944 MB/s	2187 short_reads/s	0 short_writes_echo/s	125 cpu_user_milliseconds	688 cpu_system_milliseconds	0 minor_page_faults/s	0 major_page_faults/s	56362 yields/s	2 preempts/s
193001 milliseconds	3079 MB/s	1406 short_reads/s	0 short_writes_echo/s	115 cpu_user_milliseconds	701 cpu_system_milliseconds	0 minor_page_faults/s	0 major_page_faults/s	58822 yields/s	0 preempts/s
194001 milliseconds	3026 MB/s	803 short_reads/s	0 short_writes_echo/s	118 cpu_user_milliseconds	702 cpu_system_milliseconds	0 minor_page_faults/s	0 major_page_faults/s	57789 yields/s	0 preempts/s
195001 milliseconds	3042 MB/s	3144 short_reads/s	0 short_writes_echo/s	128 cpu_user_milliseconds	685 cpu_system_milliseconds	0 minor_page_faults/s	0 major_page_faults/s	57368 yields/s	5 preempts/s
196001 milliseconds	3107 MB/s	1114 short_reads/s	0 short_writes_echo/s	123 cpu_user_milliseconds	698 cpu_system_milliseconds	0 minor_page_faults/s	0 major_page_faults/s	59293 yields/s	1 preempts/s
197001 milliseconds	3029 MB/s	2562 short_reads/s	0 short_writes_echo/s	125 cpu_user_milliseconds	679 cpu_system_milliseconds	0 minor_page_faults/s	0 major_page_faults/s	54491 yields/s	1 preempts/s
198001 milliseconds	2932 MB/s	2933 short_reads/s	0 short_writes_echo/s	116 cpu_user_milliseconds	692 cpu_system_milliseconds	0 minor_page_faults/s	0 major_page_faults/s	53349 yields/s	4 preempts/s
199001 milliseconds	2926 MB/s	3300 short_reads/s	0 short_writes_echo/s	103 cpu_user_milliseconds	711 cpu_system_milliseconds	0 minor_page_faults/s	0 major_page_faults/s	53624 yields/s	2 preempts/s
200001 milliseconds	3060 MB/s	2507 short_reads/s	0 short_writes_echo/s	119 cpu_user_milliseconds	696 cpu_system_milliseconds	0 minor_page_faults/s	0 major_page_faults/s	58156 yields/s	2 preempts/s
201001 milliseconds	2843 MB/s	2633 short_reads/s	0 short_writes_echo/s	126 cpu_user_milliseconds	690 cpu_system_milliseconds	0 minor_page_faults/s	0 major_page_faults/s	53397 yields/s	23 preempts/s
202001 milliseconds	3099 MB/s	2691 short_reads/s	0 short_writes_echo/s	106 cpu_user_milliseconds	701 cpu_system_milliseconds	0 minor_page_faults/s	0 major_page_faults/s	53864 yields/s	0 preempts/s
203001 milliseconds	3043 MB/s	3178 short_reads/s	0 short_writes_echo/s	118 cpu_user_milliseconds	669 cpu_system_milliseconds	0 minor_page_faults/s	0 major_page_faults/s	47443 yields/s	1 preempts/s
204001 milliseconds	2915 MB/s	2827 short_reads/s	0 short_writes_echo/s	127 cpu_user_milliseconds	685 cpu_system_milliseconds	0 minor_page_faults/s	0 major_page_faults/s	52123 yields/s	7 preempts/s
205001 milliseconds	3080 MB/s	2936 short_reads/s	0 short_writes_echo/s	107 cpu_user_milliseconds	707 cpu_system_milliseconds	0 minor_page_faults/s	0 major_page_faults/s	58372 yields/s	23 preempts/s
206001 milliseconds	3049 MB/s	3259 short_reads/s	0 short_writes_echo/s	115 cpu_user_milliseconds	686 cpu_system_milliseconds	0 minor_page_faults/s	0 major_page_faults/s	54347 yields/s	2 preempts/s
207001 milliseconds	3069 MB/s	1623 short_reads/s	0 short_writes_echo/s	106 cpu_user_milliseconds	709 cpu_system_milliseconds	0 minor_page_faults/s	0 major_page_faults/s	57909 yields/s	7 preempts/s
208001 milliseconds	3003 MB/s	3057 short_reads/s	0 short_writes_echo/s	119 cpu_user_milliseconds	698 cpu_system_milliseconds	0 minor_page_faults/s	0 major_page_faults/s	57197 yields/s	1 preempts/s
209001 milliseconds	2990 MB/s	3105 short_reads/s	0 short_writes_echo/s	114 cpu_user_milliseconds	698 cpu_system_milliseconds	0 minor_page_faults/s	0 major_page_faults/s	53172 yields/s	27 preempts/s
210001 milliseconds	3021 MB/s	2449 short_reads/s	0 short_writes_echo/s	140 cpu_user_milliseconds	669 cpu_system_milliseconds	0 minor_page_faults/s	0 major_page_faults/s	51526 yields/s	3 preempts/s
211001 milliseconds	3085 MB/s	717 short_reads/s	0 short_writes_echo/s	132 cpu_user_milliseconds	689 cpu_system_milliseconds	0 minor_page_faults/s	0 major_page_faults/s	58895 yields/s	0 preempts/s
212001 milliseconds	3107 MB/s	614 short_reads/s	0 short_writes_echo/s	107 cpu_user_milliseconds	714 cpu_system_milliseconds	0 minor_page_faults/s	0 major_page_faults/s	59308 yields/s	0 preempts/s
213001 milliseconds	3038 MB/s	718 short_reads/s	0 short_writes_echo/s	101 cpu_user_milliseconds	714 cpu_system_milliseconds	0 minor_page_faults/s	0 major_page_faults/s	57657 yields/s	0 preempts/s
214001 milliseconds	2998 MB/s	1107 short_reads/s	0 short_writes_echo/s	115 cpu_user_milliseconds	691 cpu_system_milliseconds	0 minor_page_faults/s	0 major_page_faults/s	56763 yields/s	20 preempts/s
215001 milliseconds	3015 MB/s	2065 short_reads/s	0 short_writes_echo/s	112 cpu_user_milliseconds	695 cpu_system_milliseconds	0 minor_page_faults/s	0 major_page_faults/s	53526 yields/s	2 preempts/s
216001 milliseconds	3032 MB/s	2334 short_reads/s	0 short_writes_echo/s	119 cpu_user_milliseconds	696 cpu_system_milliseconds	0 minor_page_faults/s	0 major_page_faults/s	56656 yields/s	4 preempts/s
217001 milliseconds	3066 MB/s	3200 short_reads/s	0 short_writes_echo/s	117 cpu_user_milliseconds	693 cpu_system_milliseconds	0 minor_page_faults/s	0 major_page_faults/s	57344 yields/s	14 preempts/s
218001 milliseconds	2909 MB/s	3456 short_reads/s	0 short_writes_echo/s	120 cpu_user_milliseconds	691 cpu_system_milliseconds	0 minor_page_faults/s	0 major_page_faults/s	53882 yields/s	17 preempts/s
219001 milliseconds	2966 MB/s	1279 short_reads/s	0 short_writes_echo/s	116 cpu_user_milliseconds	699 cpu_system_milliseconds	0 minor_page_faults/s	0 major_page_faults/s	56574 yields/s	1 preempts/s
220001 milliseconds	3050 MB/s	1752 short_reads/s	0 short_writes_echo/s	134 cpu_user_milliseconds	677 cpu_system_milliseconds	0 minor_page_faults/s	0 major_page_faults/s	57587 yields/s	0 preempts/s
221001 milliseconds	3039 MB/s	3313 short_reads/s	0 short_writes_echo/s	117 cpu_user_milliseconds	689 cpu_system_milliseconds	0 minor_page_faults/s	0 major_page_faults/s	57005 yields/s	68 preempts/s
222001 milliseconds	2909 MB/s	2335 short_reads/s	0 short_writes_echo/s	110 cpu_user_milliseconds	700 cpu_system_milliseconds	0 minor_page_faults/s	0 major_page_faults/s	55586 yields/s	0 preempts/s
223001 milliseconds	3089 MB/s	1410 short_reads/s	0 short_writes_echo/s	124 cpu_user_milliseconds	693 cpu_system_milliseconds	0 minor_page_faults/s	0 major_page_faults/s	59193 yields/s	0 preempts/s
224001 milliseconds	2999 MB/s	1751 short_reads/s	0 short_writes_echo/s	106 cpu_user_milliseconds	697 cpu_system_milliseconds	0 minor_page_faults/s	0 major_page_faults/s	55524 yields/s	5 preempts/s
225001 milliseconds	3013 MB/s	1696 short_reads/s	0 short_writes_echo/s	124 cpu_user_milliseconds	686 cpu_system_milliseconds	0 minor_page_faults/s	0 major_page_faults/s	56526 yields/s	0 preempts/s
226001 milliseconds	2993 MB/s	2789 short_reads/s	0 short_writes_echo/s	114 cpu_user_milliseconds	691 cpu_system_milliseconds	0 minor_page_faults/s	0 major_page_faults/s	52899 yields/s	0 preempts/s
227001 milliseconds	3041 MB/s	1695 short_reads/s	0 short_writes_echo/s	129 cpu_user_milliseconds	698 cpu_system_milliseconds	0 minor_page_faults/s	0 major_page_faults/s	57313 yields/s	17 preempts/s
228001 milliseconds	3080 MB/s	1577 short_reads/s	0 short_writes_echo/s	105 cpu_user_milliseconds	714 cpu_system_milliseconds	0 minor_page_faults/s	0 major_page_faults/s	58062 yields/s	16 preempts/s
229001 milliseconds	2969 MB/s	2044 short_reads/s	0 short_writes_echo/s	129 cpu_user_milliseconds	688 cpu_system_milliseconds	0 minor_page_faults/s	0 major_page_faults/s	56755 yields/s	51 preempts/s
230001 milliseconds	2995 MB/s	4290 short_reads/s	0 short_writes_echo/s	92 cpu_user_milliseconds	707 cpu_system_milliseconds	0 minor_page_faults/s	0 major_page_faults/s	51519 yields/s	4 preempts/s
231001 milliseconds	3019 MB/s	3400 short_reads/s	0 short_writes_echo/s	109 cpu_user_milliseconds	701 cpu_system_milliseconds	0 minor_page_faults/s	0 major_page_faults/s	56875 yields/s	23 preempts/s
232002 milliseconds	3056 MB/s	2825 short_reads/s	0 short_writes_echo/s	110 cpu_user_milliseconds	702 cpu_system_milliseconds	0 minor_page_faults/s	0 major_page_faults/s	58014 yields/s	0 preempts/s
233002 milliseconds	3043 MB/s	2308 short_reads/s	0 short_writes_echo/s	126 cpu_user_milliseconds	695 cpu_system_milliseconds	0 minor_page_faults/s	0 major_page_faults/s	57762 yields/s	3 preempts/s
234002 milliseconds	2883 MB/s	3394 short_reads/s	0 short_writes_echo/s	111 cpu_user_milliseconds	695 cpu_system_milliseconds	0 minor_page_faults/s	0 major_page_faults/s	54039 yields/s	23 preempts/s
235002 milliseconds	3083 MB/s	1155 short_reads/s	0 short_writes_echo/s	124 cpu_user_milliseconds	691 cpu_system_milliseconds	0 minor_page_faults/s	0 major_page_faults/s	59118 yields/s	1 preempts/s
236002 milliseconds	3026 MB/s	1747 short_reads/s	0 short_writes_echo/s	121 cpu_user_milliseconds	692 cpu_system_milliseconds	0 minor_page_faults/s	0 major_page_faults/s	54427 yields/s	0 preempts/s
237002 milliseconds	3043 MB/s	3433 short_reads/s	0 short_writes_echo/s	114 cpu_user_milliseconds	694 cpu_system_milliseconds	0 minor_page_faults/s	0 major_page_faults/s	57507 yields/s	66 preempts/s
238002 milliseconds	3064 MB/s	1390 short_reads/s	0 short_writes_echo/s	110 cpu_user_milliseconds	706 cpu_system_milliseconds	0 minor_page_faults/s	0 major_page_faults/s	58788 yields/s	0 preempts/s
239002 milliseconds	3035 MB/s	1641 short_reads/s	0 short_writes_echo/s	114 cpu_user_milliseconds	702 cpu_system_milliseconds	0 minor_page_faults/s	0 major_page_faults/s	57338 yields/s	1 preempts/s
240002 milliseconds	2989 MB/s	2740 short_reads/s	0 short_writes_echo/s	116 cpu_user_milliseconds	698 cpu_system_milliseconds	0 minor_page_faults/s	0 major_page_faults/s	55987 yields/s	3 preempts/s
