1000 milliseconds	1535 MB/s	1 short_reads/s	0 short_writes_echo/s	190 cpu_user_milliseconds	807 cpu_system_milliseconds	174 minor_page_faults/s	0 major_page_faults/s	434 yields/s	7 preempts/s
2000 milliseconds	1617 MB/s	6 short_reads/s	0 short_writes_echo/s	177 cpu_user_milliseconds	786 cpu_system_milliseconds	3 minor_page_faults/s	0 major_page_faults/s	3292 yields/s	3 preempts/s
3000 milliseconds	1673 MB/s	0 short_reads/s	0 short_writes_echo/s	208 cpu_user_milliseconds	748 cpu_system_milliseconds	0 minor_page_faults/s	0 major_page_faults/s	4476 yields/s	5 preempts/s
4000 milliseconds	1598 MB/s	0 short_reads/s	0 short_writes_echo/s	173 cpu_user_milliseconds	791 cpu_system_milliseconds	0 minor_page_faults/s	0 major_page_faults/s	3475 yields/s	3 preempts/s
5000 milliseconds	1554 MB/s	0 short_reads/s	0 short_writes_echo/s	176 cpu_user_milliseconds	821 cpu_system_milliseconds	0 minor_page_faults/s	0 major_page_faults/s	0 yields/s	28 preempts/s
6000 milliseconds	1567 MB/s	0 short_reads/s	0 short_writes_echo/s	189 cpu_user_milliseconds	808 cpu_system_milliseconds	0 minor_page_faults/s	0 major_page_faults/s	0 yields/s	32 preempts/s
7000 milliseconds	1518 MB/s	0 short_reads/s	0 short_writes_echo/s	177 cpu_user_milliseconds	812 cpu_system_milliseconds	0 minor_page_faults/s	0 major_page_faults/s	182 yields/s	26 preempts/s
8000 milliseconds	1558 MB/s	0 short_reads/s	0 short_writes_echo/s	177 cpu_user_milliseconds	819 cpu_system_milliseconds	0 minor_page_faults/s	0 major_page_faults/s	0 yields/s	39 preempts/s
9000 milliseconds	1572 MB/s	0 short_reads/s	0 short_writes_echo/s	191 cpu_user_milliseconds	807 cpu_system_milliseconds	0 minor_page_faults/s	0 major_page_faults/s	0 yields/s	7 preempts/s
10000 milliseconds	1566 MB/s	0 short_reads/s	0 short_writes_echo/s	176 cpu_user_milliseconds	822 cpu_system_milliseconds	0 minor_page_faults/s	0 major_page_faults/s	0 yields/s	9 preempts/s
11000 milliseconds	1571 MB/s	0 short_reads/s	0 short_writes_echo/s	187 cpu_user_milliseconds	811 cpu_system_milliseconds	0 minor_page_faults/s	0 major_page_faults/s	0 yields/s	5 preempts/s
12000 milliseconds	1531 MB/s	1 short_reads/s	0 short_writes_echo/s	196 cpu_user_milliseconds	787 cpu_system_milliseconds	0 minor_page_faults/s	0 major_page_faults/s	827 yields/s	27 preempts/s
13000 milliseconds	1536 MB/s	0 short_reads/s	0 short_writes_echo/s	203 cpu_user_milliseconds	795 cpu_system_milliseconds	0 minor_page_faults/s	0 major_page_faults/s	0 yields/s	4 preempts/s
14000 milliseconds	1561 MB/s	0 short_reads/s	0 short_writes_echo/s	166 cpu_user_milliseconds	832 cpu_system_milliseconds	0 minor_page_faults/s	0 major_page_faults/s	0 yields/s	6 preempts/s
15000 milliseconds	1546 MB/s	0 short_reads/s	0 short_writes_echo/s	163 cpu_user_milliseconds	834 cpu_system_milliseconds	0 minor_page_faults/s	0 major_page_faults/s	0 yields/s	31 preempts/s
16000 milliseconds	1561 MB/s	0 short_reads/s	0 short_writes_echo/s	168 cpu_user_milliseconds	828 cpu_system_milliseconds	0 minor_page_faults/s	0 major_page_faults/s	0 yields/s	41 preempts/s
17000 milliseconds	1519 MB/s	0 short_reads/s	0 short_writes_echo/s	171 cpu_user_milliseconds	811 cpu_system_milliseconds	0 minor_page_faults/s	0 major_page_faults/s	385 yields/s	28 preempts/s
18000 milliseconds	1556 MB/s	0 short_reads/s	0 short_writes_echo/s	177 cpu_user_milliseconds	821 cpu_system_milliseconds	0 minor_page_faults/s	0 major_page_faults/s	0 yields/s	6 preempts/s
19000 milliseconds	1537 MB/s	0 short_reads/s	0 short_writes_echo/s	194 cpu_user_milliseconds	804 cpu_system_milliseconds	0 minor_page_faults/s	0 major_page_faults/s	0 yields/s	7 preempts/s
20000 milliseconds	1549 MB/s	0 short_reads/s	0 short_writes_echo/s	196 cpu_user_milliseconds	802 cpu_system_milliseconds	0 minor_page_faults/s	0 major_page_faults/s	0 yields/s	2 preempts/s
21000 milliseconds	1561 MB/s	0 short_reads/s	0 short_writes_echo/s	177 cpu_user_milliseconds	821 cpu_system_milliseconds	0 minor_page_faults/s	0 major_page_faults/s	0 yields/s	3 preempts/s
22000 milliseconds	1590 MB/s	3 short_reads/s	0 short_writes_echo/s	187 cpu_user_milliseconds	750 cpu_system_milliseconds	0 minor_page_faults/s	0 major_page_faults/s	5849 yields/s	5 preempts/s
23000 milliseconds	1490 MB/s	0 short_reads/s	0 short_writes_echo/s	183 cpu_user_milliseconds	814 cpu_system_milliseconds	0 minor_page_faults/s	0 major_page_faults/s	0 yields/s	14 preempts/s
24000 milliseconds	1554 MB/s	0 short_reads/s	0 short_writes_echo/s	180 cpu_user_milliseconds	818 cpu_system_milliseconds	0 minor_page_faults/s	0 major_page_faults/s	0 yields/s	4 preempts/s
25000 milliseconds	1548 MB/s	0 short_reads/s	0 short_writes_echo/s	182 cpu_user_milliseconds	816 cpu_system_milliseconds	0 minor_page_faults/s	0 major_page_faults/s	0 yields/s	6 preempts/s
26000 milliseconds	1505 MB/s	0 short_reads/s	0 short_writes_echo/s	181 cpu_user_milliseconds	815 cpu_system_milliseconds	0 minor_page_faults/s	0 major_page_faults/s	0 yields/s	38 preempts/s
27000 milliseconds	1523 MB/s	2 short_reads/s	0 short_writes_echo/s	183 cpu_user_milliseconds	789 cpu_system_milliseconds	0 minor_page_faults/s	0 major_page_faults/s	1103 yields/s	7 preempts/s
28000 milliseconds	1539 MB/s	0 short_reads/s	0 short_writes_echo/s	187 cpu_user_milliseconds	812 cpu_system_milliseconds	0 minor_page_faults/s	0 major_page_faults/s	0 yields/s	13 preempts/s
29000 milliseconds	1555 MB/s	0 short_reads/s	0 short_writes_echo/s	189 cpu_user_milliseconds	809 cpu_system_milliseconds	0 minor_page_faults/s	0 major_page_faults/s	0 yields/s	7 preempts/s
30000 milliseconds	1559 MB/s	0 short_reads/s	0 short_writes_echo/s	187 cpu_user_milliseconds	810 cpu_system_milliseconds	0 minor_page_faults/s	0 major_page_faults/s	0 yields/s	26 preempts/s
31000 milliseconds	1562 MB/s	0 short_reads/s	0 short_writes_echo/s	173 cpu_user_milliseconds	825 cpu_system_milliseconds	0 minor_page_faults/s	0 major_page_faults/s	0 yields/s	7 preempts/s
32000 milliseconds	1525 MB/s	0 short_reads/s	0 short_writes_echo/s	187 cpu_user_milliseconds	811 cpu_system_milliseconds	0 minor_page_faults/s	0 major_page_faults/s	5 yields/s	9 preempts/s
33000 milliseconds	1562 MB/s	0 short_reads/s	0 short_writes_echo/s	223 cpu_user_milliseconds	774 cpu_system_milliseconds	0 minor_page_faults/s	0 major_page_faults/s	0 yields/s	29 preempts/s
34000 milliseconds	1551 MB/s	0 short_reads/s	0 short_writes_echo/s	174 cpu_user_milliseconds	822 cpu_system_milliseconds	0 minor_page_faults/s	0 major_page_faults/s	0 yields/s	27 preempts/s
35000 milliseconds	1557 MB/s	0 short_reads/s	0 short_writes_echo/s	203 cpu_user_milliseconds	794 cpu_system_milliseconds	0 minor_page_faults/s	0 major_page_faults/s	0 yields/s	31 preempts/s
36000 milliseconds	1537 MB/s	0 short_reads/s	0 short_writes_echo/s	191 cpu_user_milliseconds	806 cpu_system_milliseconds	0 minor_page_faults/s	0 major_page_faults/s	0 yields/s	29 preempts/s
37000 milliseconds	1517 MB/s	0 short_reads/s	0 short_writes_echo/s	202 cpu_user_milliseconds	793 cpu_system_milliseconds	0 minor_page_faults/s	0 major_page_faults/s	43 yields/s	33 preempts/s
38000 milliseconds	1557 MB/s	0 short_reads/s	0 short_writes_echo/s	187 cpu_user_milliseconds	810 cpu_system_milliseconds	0 minor_page_faults/s	0 major_page_faults/s	0 yields/s	31 preempts/s
39000 milliseconds	1552 MB/s	0 short_reads/s	0 short_writes_echo/s	186 cpu_user_milliseconds	812 cpu_system_milliseconds	0 minor_page_faults/s	0 major_page_faults/s	0 yields/s	5 preempts/s
40000 milliseconds	1559 MB/s	0 short_reads/s	0 short_writes_echo/s	192 cpu_user_milliseconds	806 cpu_system_milliseconds	0 minor_page_faults/s	0 major_page_faults/s	0 yields/s	7 preempts/s
41000 milliseconds	1558 MB/s	0 short_reads/s	0 short_writes_echo/s	187 cpu_user_milliseconds	811 cpu_system_milliseconds	0 minor_page_faults/s	0 major_page_faults/s	0 yields/s	3 preempts/s
42000 milliseconds	1541 MB/s	0 short_reads/s	0 short_writes_echo/s	176 cpu_user_milliseconds	816 cpu_system_milliseconds	0 minor_page_faults/s	0 major_page_faults/s	169 yields/s	4 preempts/s
43000 milliseconds	1536 MB/s	0 short_reads/s	0 short_writes_echo/s	170 cpu_user_milliseconds	828 cpu_system_milliseconds	0 minor_page_faults/s	0 major_page_faults/s	0 yields/s	3 preempts/s
44000 milliseconds	1505 MB/s	0 short_reads/s	0 short_writes_echo/s	188 cpu_user_milliseconds	810 cpu_system_milliseconds	0 minor_page_faults/s	0 major_page_faults/s	0 yields/s	5 preempts/s
45000 milliseconds	1552 MB/s	0 short_reads/s	0 short_writes_echo/s	186 cpu_user_milliseconds	812 cpu_system_milliseconds	0 minor_page_faults/s	0 major_page_faults/s	0 yields/s	6 preempts/s
46000 milliseconds	1554 MB/s	0 short_reads/s	0 short_writes_echo/s	171 cpu_user_milliseconds	827 cpu_system_milliseconds	0 minor_page_faults/s	0 major_page_faults/s	0 yields/s	7 preempts/s
47000 milliseconds	1518 MB/s	0 short_reads/s	0 short_writes_echo/s	163 cpu_user_milliseconds	835 cpu_system_milliseconds	0 minor_page_faults/s	0 major_page_faults/s	0 yields/s	7 preempts/s
48000 milliseconds	1550 MB/s	0 short_reads/s	0 short_writes_echo/s	173 cpu_user_milliseconds	825 cpu_system_milliseconds	0 minor_page_faults/s	0 major_page_faults/s	0 yields/s	6 preempts/s
49000 milliseconds	1508 MB/s	0 short_reads/s	0 short_writes_echo/s	181 cpu_user_milliseconds	816 cpu_system_milliseconds	0 minor_page_faults/s	0 major_page_faults/s	0 yields/s	29 preempts/s
50000 milliseconds	1562 MB/s	0 short_reads/s	0 short_writes_echo/s	193 cpu_user_milliseconds	804 cpu_system_milliseconds	0 minor_page_faults/s	0 major_page_faults/s	0 yields/s	28 preempts/s
51000 milliseconds	1562 MB/s	0 short_reads/s	0 short_writes_echo/s	185 cpu_user_milliseconds	812 cpu_system_milliseconds	0 minor_page_faults/s	0 major_page_faults/s	0 yields/s	26 preempts/s
52000 milliseconds	1506 MB/s	0 short_reads/s	0 short_writes_echo/s	191 cpu_user_milliseconds	799 cpu_system_milliseconds	0 minor_page_faults/s	0 major_page_faults/s	177 yields/s	22 preempts/s
53000 milliseconds	1557 MB/s	0 short_reads/s	0 short_writes_echo/s	168 cpu_user_milliseconds	829 cpu_system_milliseconds	0 minor_page_faults/s	0 major_page_faults/s	0 yields/s	26 preempts/s
54000 milliseconds	1490 MB/s	0 short_reads/s	0 short_writes_echo/s	183 cpu_user_milliseconds	815 cpu_system_milliseconds	0 minor_page_faults/s	0 major_page_faults/s	0 yields/s	6 preempts/s
55000 milliseconds	1523 MB/s	0 short_reads/s	0 short_writes_echo/s	163 cpu_user_milliseconds	834 cpu_system_milliseconds	0 minor_page_faults/s	0 major_page_faults/s	0 yields/s	31 preempts/s
56000 milliseconds	1480 MB/s	0 short_reads/s	0 short_writes_echo/s	188 cpu_user_milliseconds	810 cpu_system_milliseconds	0 minor_page_faults/s	0 major_page_faults/s	0 yields/s	9 preempts/s
57000 milliseconds	1530 MB/s	0 short_reads/s	0 short_writes_echo/s	183 cpu_user_milliseconds	800 cpu_system_milliseconds	0 minor_page_faults/s	0 major_page_faults/s	320 yields/s	2 preempts/s
58000 milliseconds	1543 MB/s	0 short_reads/s	0 short_writes_echo/s	185 cpu_user_milliseconds	813 cpu_system_milliseconds	0 minor_page_faults/s	0 major_page_faults/s	0 yields/s	8 preempts/s
59000 milliseconds	1536 MB/s	0 short_reads/s	0 short_writes_echo/s	195 cpu_user_milliseconds	803 cpu_system_milliseconds	0 minor_page_faults/s	0 major_page_faults/s	0 yields/s	6 preempts/s
60000 milliseconds	1499 MB/s	0 short_reads/s	0 short_writes_echo/s	218 cpu_user_milliseconds	778 cpu_system_milliseconds	0 minor_page_faults/s	0 major_page_faults/s	0 yields/s	37 preempts/s
61000 milliseconds	1547 MB/s	0 short_reads/s	0 short_writes_echo/s	181 cpu_user_milliseconds	817 cpu_system_milliseconds	0 minor_page_faults/s	0 major_page_faults/s	0 yields/s	3 preempts/s
62000 milliseconds	1488 MB/s	0 short_reads/s	0 short_writes_echo/s	158 cpu_user_milliseconds	840 cpu_system_milliseconds	0 minor_page_faults/s	0 major_page_faults/s	0 yields/s	5 preempts/s
63000 milliseconds	1535 MB/s	0 short_reads/s	0 short_writes_echo/s	171 cpu_user_milliseconds	827 cpu_system_milliseconds	0 minor_page_faults/s	0 major_page_faults/s	0 yields/s	5 preempts/s
64000 milliseconds	1495 MB/s	0 short_reads/s	0 short_writes_echo/s	218 cpu_user_milliseconds	780 cpu_system_milliseconds	0 minor_page_faults/s	0 major_page_faults/s	0 yields/s	8 preempts/s
65000 milliseconds	1513 MB/s	0 short_reads/s	0 short_writes_echo/s	185 cpu_user_milliseconds	813 cpu_system_milliseconds	0 minor_page_faults/s	0 major_page_faults/s	0 yields/s	6 preempts/s
66000 milliseconds	1564 MB/s	0 short_reads/s	0 short_writes_echo/s	189 cpu_user_milliseconds	808 cpu_system_milliseconds	0 minor_page_faults/s	0 major_page_faults/s	0 yields/s	28 preempts/s
67000 milliseconds	1525 MB/s	0 short_reads/s	0 short_writes_echo/s	174 cpu_user_milliseconds	815 cpu_system_milliseconds	0 minor_page_faults/s	0 major_page_faults/s	309 yields/s	31 preempts/s
68000 milliseconds	1508 MB/s	0 short_reads/s	0 short_writes_echo/s	184 cpu_user_milliseconds	814 cpu_system_milliseconds	0 minor_page_faults/s	0 major_page_faults/s	0 yields/s	5 preempts/s
69000 milliseconds	1555 MB/s	0 short_reads/s	0 short_writes_echo/s	194 cpu_user_milliseconds	804 cpu_system_milliseconds	0 minor_page_faults/s	0 major_page_faults/s	0 yields/s	3 preempts/s
70000 milliseconds	1564 MB/s	0 short_reads/s	0 short_writes_echo/s	179 cpu_user_milliseconds	818 cpu_system_milliseconds	0 minor_page_faults/s	0 major_page_faults/s	0 yields/s	28 preempts/s
71000 milliseconds	1560 MB/s	0 short_reads/s	0 short_writes_echo/s	176 cpu_user_milliseconds	821 cpu_system_milliseconds	0 minor_page_faults/s	0 major_page_faults/s	0 yields/s	28 preempts/s
72000 milliseconds	1501 MB/s	3 short_reads/s	0 short_writes_echo/s	199 cpu_user_milliseconds	787 cpu_system_milliseconds	0 minor_page_faults/s	0 major_page_faults/s	716 yields/s	8 preempts/s
73000 milliseconds	1521 MB/s	0 short_reads/s	0 short_writes_echo/s	156 cpu_user_milliseconds	840 cpu_system_milliseconds	0 minor_page_faults/s	0 major_page_faults/s	107 yields/s	5 preempts/s
74000 milliseconds	1567 MB/s	0 short_reads/s	0 short_writes_echo/s	206 cpu_user_milliseconds	792 cpu_system_milliseconds	0 minor_page_faults/s	0 major_page_faults/s	0 yields/s	8 preempts/s
75000 milliseconds	1568 MB/s	0 short_reads/s	0 short_writes_echo/s	165 cpu_user_milliseconds	833 cpu_system_milliseconds	0 minor_page_faults/s	0 major_page_faults/s	0 yields/s	6 preempts/s
76000 milliseconds	1536 MB/s	0 short_reads/s	0 short_writes_echo/s	199 cpu_user_milliseconds	798 cpu_system_milliseconds	0 minor_page_faults/s	0 major_page_faults/s	0 yields/s	25 preempts/s
77000 milliseconds	1531 MB/s	0 short_reads/s	0 short_writes_echo/s	168 cpu_user_milliseconds	809 cpu_system_milliseconds	0 minor_page_faults/s	0 major_page_faults/s	2082 yields/s	6 preempts/s
78000 milliseconds	1569 MB/s	0 short_reads/s	0 short_writes_echo/s	175 cpu_user_milliseconds	822 cpu_system_milliseconds	0 minor_page_faults/s	0 major_page_faults/s	0 yields/s	29 preempts/s
79000 milliseconds	1558 MB/s	0 short_reads/s	0 short_writes_echo/s	192 cpu_user_milliseconds	806 cpu_system_milliseconds	0 minor_page_faults/s	0 major_page_faults/s	0 yields/s	2 preempts/s
80000 milliseconds	1546 MB/s	0 short_reads/s	0 short_writes_echo/s	192 cpu_user_milliseconds	806 cpu_system_milliseconds	0 minor_page_faults/s	0 major_page_faults/s	0 yields/s	1 preempts/s
81000 milliseconds	1556 MB/s	0 short_reads/s	0 short_writes_echo/s	179 cpu_user_milliseconds	819 cpu_system_milliseconds	0 minor_page_faults/s	0 major_page_faults/s	0 yields/s	3 preempts/s
82000 milliseconds	1503 MB/s	0 short_reads/s	0 short_writes_echo/s	166 cpu_user_milliseconds	832 cpu_system_milliseconds	0 minor_page_faults/s	0 major_page_faults/s	0 yields/s	7 preempts/s
83000 milliseconds	1459 MB/s	0 short_reads/s	0 short_writes_echo/s	202 cpu_user_milliseconds	794 cpu_system_milliseconds	0 minor_page_faults/s	0 major_page_faults/s	0 yields/s	29 preempts/s
84000 milliseconds	1540 MB/s	0 short_reads/s	0 short_writes_echo/s	193 cpu_user_milliseconds	804 cpu_system_milliseconds	0 minor_page_faults/s	0 major_page_faults/s	0 yields/s	19 preempts/s
85000 milliseconds	1533 MB/s	0 short_reads/s	0 short_writes_echo/s	197 cpu_user_milliseconds	801 cpu_system_milliseconds	0 minor_page_faults/s	0 major_page_faults/s	0 yields/s	10 preempts/s
86000 milliseconds	1547 MB/s	0 short_reads/s	0 short_writes_echo/s	201 cpu_user_milliseconds	797 cpu_system_milliseconds	0 minor_page_faults/s	0 major_page_faults/s	0 yields/s	9 preempts/s
87000 milliseconds	1520 MB/s	0 short_reads/s	0 short_writes_echo/s	182 cpu_user_milliseconds	808 cpu_system_milliseconds	0 minor_page_faults/s	0 major_page_faults/s	155 yields/s	29 preempts/s
88000 milliseconds	1455 MB/s	0 short_reads/s	0 short_writes_echo/s	178 cpu_user_milliseconds	819 cpu_system_milliseconds	0 minor_page_faults/s	0 major_page_faults/s	0 yields/s	29 preempts/s
89000 milliseconds	1563 MB/s	0 short_reads/s	0 short_writes_echo/s	195 cpu_user_milliseconds	803 cpu_system_milliseconds	0 minor_page_faults/s	0 major_page_faults/s	0 yields/s	5 preempts/s
90000 milliseconds	1556 MB/s	0 short_reads/s	0 short_writes_echo/s	194 cpu_user_milliseconds	804 cpu_system_milliseconds	0 minor_page_faults/s	0 major_page_faults/s	0 yields/s	8 preempts/s
91000 milliseconds	1563 MB/s	0 short_reads/s	0 short_writes_echo/s	180 cpu_user_milliseconds	818 cpu_system_milliseconds	0 minor_page_faults/s	0 major_page_faults/s	0 yields/s	5 preempts/s
92000 milliseconds	1555 MB/s	3 short_reads/s	0 short_writes_echo/s	203 cpu_user_milliseconds	781 cpu_system_milliseconds	0 minor_page_faults/s	0 major_page_faults/s	1571 yields/s	6 preempts/s
93000 milliseconds	1544 MB/s	0 short_reads/s	0 short_writes_echo/s	178 cpu_user_milliseconds	820 cpu_system_milliseconds	0 minor_page_faults/s	0 major_page_faults/s	0 yields/s	3 preempts/s
94000 milliseconds	1523 MB/s	0 short_reads/s	0 short_writes_echo/s	173 cpu_user_milliseconds	825 cpu_system_milliseconds	0 minor_page_faults/s	0 major_page_faults/s	0 yields/s	7 preempts/s
95000 milliseconds	1573 MB/s	0 short_reads/s	0 short_writes_echo/s	172 cpu_user_milliseconds	826 cpu_system_milliseconds	0 minor_page_faults/s	0 major_page_faults/s	0 yields/s	3 preempts/s
96000 milliseconds	1536 MB/s	0 short_reads/s	0 short_writes_echo/s	166 cpu_user_milliseconds	832 cpu_system_milliseconds	0 minor_page_faults/s	0 major_page_faults/s	0 yields/s	6 preempts/s
97000 milliseconds	1491 MB/s	0 short_reads/s	0 short_writes_echo/s	182 cpu_user_milliseconds	816 cpu_system_milliseconds	0 minor_page_faults/s	0 major_page_faults/s	0 yields/s	6 preempts/s
98000 milliseconds	1558 MB/s	0 short_reads/s	0 short_writes_echo/s	187 cpu_user_milliseconds	811 cpu_system_milliseconds	0 minor_page_faults/s	0 major_page_faults/s	0 yields/s	7 preempts/s
99000 milliseconds	1554 MB/s	0 short_reads/s	0 short_writes_echo/s	186 cpu_user_milliseconds	812 cpu_system_milliseconds	0 minor_page_faults/s	0 major_page_faults/s	0 yields/s	6 preempts/s
100000 milliseconds	1524 MB/s	0 short_reads/s	0 short_writes_echo/s	204 cpu_user_milliseconds	792 cpu_system_milliseconds	0 minor_page_faults/s	0 major_page_faults/s	0 yields/s	28 preempts/s
101000 milliseconds	1550 MB/s	0 short_reads/s	0 short_writes_echo/s	176 cpu_user_milliseconds	821 cpu_system_milliseconds	0 minor_page_faults/s	0 major_page_faults/s	0 yields/s	29 preempts/s
102000 milliseconds	1470 MB/s	0 short_reads/s	0 short_writes_echo/s	178 cpu_user_milliseconds	819 cpu_system_milliseconds	0 minor_page_faults/s	0 major_page_faults/s	0 yields/s	32 preempts/s
103000 milliseconds	1509 MB/s	0 short_reads/s	0 short_writes_echo/s	180 cpu_user_milliseconds	817 cpu_system_milliseconds	0 minor_page_faults/s	0 major_page_faults/s	0 yields/s	29 preempts/s
104000 milliseconds	1568 MB/s	0 short_reads/s	0 short_writes_echo/s	170 cpu_user_milliseconds	828 cpu_system_milliseconds	0 minor_page_faults/s	0 major_page_faults/s	0 yields/s	4 preempts/s
105000 milliseconds	1565 MB/s	0 short_reads/s	0 short_writes_echo/s	176 cpu_user_milliseconds	821 cpu_system_milliseconds	0 minor_page_faults/s	0 major_page_faults/s	0 yields/s	27 preempts/s
106000 milliseconds	1573 MB/s	0 short_reads/s	0 short_writes_echo/s	175 cpu_user_milliseconds	822 cpu_system_milliseconds	0 minor_page_faults/s	0 major_page_faults/s	0 yields/s	31 preempts/s
107000 milliseconds	1536 MB/s	0 short_reads/s	0 short_writes_echo/s	200 cpu_user_milliseconds	797 cpu_system_milliseconds	0 minor_page_faults/s	0 major_page_faults/s	0 yields/s	31 preempts/s
108000 milliseconds	1559 MB/s	0 short_reads/s	0 short_writes_echo/s	170 cpu_user_milliseconds	828 cpu_system_milliseconds	0 minor_page_faults/s	0 major_page_faults/s	0 yields/s	6 preempts/s
109000 milliseconds	1496 MB/s	0 short_reads/s	0 short_writes_echo/s	179 cpu_user_milliseconds	819 cpu_system_milliseconds	0 minor_page_faults/s	0 major_page_faults/s	0 yields/s	5 preempts/s
110000 milliseconds	1546 MB/s	0 short_reads/s	0 short_writes_echo/s	191 cpu_user_milliseconds	806 cpu_system_milliseconds	0 minor_page_faults/s	0 major_page_faults/s	0 yields/s	24 preempts/s
111000 milliseconds	1508 MB/s	0 short_reads/s	0 short_writes_echo/s	209 cpu_user_milliseconds	789 cpu_system_milliseconds	0 minor_page_faults/s	0 major_page_faults/s	0 yields/s	3 preempts/s
112000 milliseconds	1533 MB/s	0 short_reads/s	0 short_writes_echo/s	168 cpu_user_milliseconds	823 cpu_system_milliseconds	0 minor_page_faults/s	0 major_page_faults/s	187 yields/s	5 preempts/s
113000 milliseconds	1555 MB/s	0 short_reads/s	0 short_writes_echo/s	188 cpu_user_milliseconds	810 cpu_system_milliseconds	0 minor_page_faults/s	0 major_page_faults/s	0 yields/s	5 preempts/s
114000 milliseconds	1560 MB/s	0 short_reads/s	0 short_writes_echo/s	175 cpu_user_milliseconds	823 cpu_system_milliseconds	0 minor_page_faults/s	0 major_page_faults/s	0 yields/s	7 preempts/s
115000 milliseconds	1572 MB/s	0 short_reads/s	0 short_writes_echo/s	161 cpu_user_milliseconds	836 cpu_system_milliseconds	0 minor_page_faults/s	0 major_page_faults/s	0 yields/s	29 preempts/s
116000 milliseconds	1527 MB/s	0 short_reads/s	0 short_writes_echo/s	177 cpu_user_milliseconds	821 cpu_system_milliseconds	0 minor_page_faults/s	0 major_page_faults/s	0 yields/s	7 preempts/s
117000 milliseconds	1494 MB/s	0 short_reads/s	0 short_writes_echo/s	173 cpu_user_milliseconds	818 cpu_system_milliseconds	0 minor_page_faults/s	0 major_page_faults/s	182 yields/s	4 preempts/s
118000 milliseconds	1555 MB/s	0 short_reads/s	0 short_writes_echo/s	172 cpu_user_milliseconds	825 cpu_system_milliseconds	0 minor_page_faults/s	0 major_page_faults/s	0 yields/s	28 preempts/s
119000 milliseconds	1548 MB/s	0 short_reads/s	0 short_writes_echo/s	189 cpu_user_milliseconds	809 cpu_system_milliseconds	0 minor_page_faults/s	0 major_page_faults/s	0 yields/s	2 preempts/s
120000 milliseconds	1515 MB/s	0 short_reads/s	0 short_writes_echo/s	180 cpu_user_milliseconds	818 cpu_system_milliseconds	0 minor_page_faults/s	0 major_page_faults/s	0 yields/s	8 preempts/s
121000 milliseconds	1556 MB/s	0 short_reads/s	0 short_writes_echo/s	181 cpu_user_milliseconds	815 cpu_system_milliseconds	0 minor_page_faults/s	0 major_page_faults/s	0 yields/s	28 preempts/s
122000 milliseconds	1503 MB/s	0 short_reads/s	0 short_writes_echo/s	189 cpu_user_milliseconds	809 cpu_system_milliseconds	0 minor_page_faults/s	0 major_page_faults/s	0 yields/s	9 preempts/s
123000 milliseconds	1536 MB/s	0 short_reads/s	0 short_writes_echo/s	182 cpu_user_milliseconds	816 cpu_system_milliseconds	0 minor_page_faults/s	0 major_page_faults/s	0 yields/s	6 preempts/s
124000 milliseconds	1558 MB/s	0 short_reads/s	0 short_writes_echo/s	167 cpu_user_milliseconds	831 cpu_system_milliseconds	0 minor_page_faults/s	0 major_page_faults/s	0 yields/s	5 preempts/s
125000 milliseconds	1549 MB/s	0 short_reads/s	0 short_writes_echo/s	195 cpu_user_milliseconds	803 cpu_system_milliseconds	0 minor_page_faults/s	0 major_page_faults/s	0 yields/s	2 preempts/s
126000 milliseconds	1532 MB/s	0 short_reads/s	0 short_writes_echo/s	190 cpu_user_milliseconds	808 cpu_system_milliseconds	0 minor_page_faults/s	0 major_page_faults/s	0 yields/s	6 preempts/s
127000 milliseconds	1452 MB/s	0 short_reads/s	0 short_writes_echo/s	157 cpu_user_milliseconds	834 cpu_system_milliseconds	0 minor_page_faults/s	0 major_page_faults/s	194 yields/s	27 preempts/s
128000 milliseconds	1549 MB/s	0 short_reads/s	0 short_writes_echo/s	173 cpu_user_milliseconds	825 cpu_system_milliseconds	0 minor_page_faults/s	0 major_page_faults/s	0 yields/s	7 preempts/s
129000 milliseconds	1553 MB/s	0 short_reads/s	0 short_writes_echo/s	199 cpu_user_milliseconds	799 cpu_system_milliseconds	0 minor_page_faults/s	0 major_page_faults/s	0 yields/s	23 preempts/s
130000 milliseconds	1557 MB/s	0 short_reads/s	0 short_writes_echo/s	178 cpu_user_milliseconds	820 cpu_system_milliseconds	0 minor_page_faults/s	0 major_page_faults/s	0 yields/s	6 preempts/s
131000 milliseconds	1560 MB/s	0 short_reads/s	0 short_writes_echo/s	185 cpu_user_milliseconds	813 cpu_system_milliseconds	0 minor_page_faults/s	0 major_page_faults/s	0 yields/s	8 preempts/s
132000 milliseconds	1533 MB/s	0 short_reads/s	0 short_writes_echo/s	174 cpu_user_milliseconds	824 cpu_system_milliseconds	0 minor_page_faults/s	0 major_page_faults/s	0 yields/s	7 preempts/s
133000 milliseconds	1550 MB/s	0 short_reads/s	0 short_writes_echo/s	173 cpu_user_milliseconds	825 cpu_system_milliseconds	0 minor_page_faults/s	0 major_page_faults/s	0 yields/s	4 preempts/s
134000 milliseconds	1544 MB/s	0 short_reads/s	0 short_writes_echo/s	173 cpu_user_milliseconds	825 cpu_system_milliseconds	0 minor_page_faults/s	0 major_page_faults/s	0 yields/s	6 preempts/s
135000 milliseconds	1522 MB/s	0 short_reads/s	0 short_writes_echo/s	190 cpu_user_milliseconds	808 cpu_system_milliseconds	0 minor_page_faults/s	0 major_page_faults/s	0 yields/s	6 preempts/s
136000 milliseconds	1550 MB/s	0 short_reads/s	0 short_writes_echo/s	169 cpu_user_milliseconds	828 cpu_system_milliseconds	0 minor_page_faults/s	0 major_page_faults/s	0 yields/s	28 preempts/s
137000 milliseconds	1571 MB/s	0 short_reads/s	0 short_writes_echo/s	179 cpu_user_milliseconds	791 cpu_system_milliseconds	0 minor_page_faults/s	0 major_page_faults/s	1862 yields/s	54 preempts/s
138000 milliseconds	1540 MB/s	0 short_reads/s	0 short_writes_echo/s	172 cpu_user_milliseconds	826 cpu_system_milliseconds	0 minor_page_faults/s	0 major_page_faults/s	0 yields/s	6 preempts/s
139000 milliseconds	1569 MB/s	0 short_reads/s	0 short_writes_echo/s	158 cpu_user_milliseconds	840 cpu_system_milliseconds	0 minor_page_faults/s	0 major_page_faults/s	0 yields/s	3 preempts/s
140000 milliseconds	1522 MB/s	0 short_reads/s	0 short_writes_echo/s	176 cpu_user_milliseconds	821 cpu_system_milliseconds	0 minor_page_faults/s	0 major_page_faults/s	0 yields/s	28 preempts/s
141000 milliseconds	1555 MB/s	0 short_reads/s	0 short_writes_echo/s	206 cpu_user_milliseconds	789 cpu_system_milliseconds	0 minor_page_faults/s	0 major_page_faults/s	0 yields/s	52 preempts/s
142000 milliseconds	1539 MB/s	0 short_reads/s	0 short_writes_echo/s	220 cpu_user_milliseconds	769 cpu_system_milliseconds	0 minor_page_faults/s	0 major_page_faults/s	317 yields/s	31 preempts/s
143000 milliseconds	1505 MB/s	0 short_reads/s	0 short_writes_echo/s	195 cpu_user_milliseconds	803 cpu_system_milliseconds	0 minor_page_faults/s	0 major_page_faults/s	0 yields/s	4 preempts/s
144000 milliseconds	1536 MB/s	0 short_reads/s	0 short_writes_echo/s	185 cpu_user_milliseconds	813 cpu_system_milliseconds	0 minor_page_faults/s	0 major_page_faults/s	0 yields/s	2 preempts/s
145000 milliseconds	1554 MB/s	0 short_reads/s	0 short_writes_echo/s	197 cpu_user_milliseconds	801 cpu_system_milliseconds	0 minor_page_faults/s	0 major_page_faults/s	0 yields/s	6 preempts/s
146000 milliseconds	1550 MB/s	0 short_reads/s	0 short_writes_echo/s	178 cpu_user_milliseconds	820 cpu_system_milliseconds	0 minor_page_faults/s	0 major_page_faults/s	0 yields/s	4 preempts/s
147000 milliseconds	1482 MB/s	0 short_reads/s	0 short_writes_echo/s	181 cpu_user_milliseconds	805 cpu_system_milliseconds	0 minor_page_faults/s	0 major_page_faults/s	356 yields/s	35 preempts/s
148000 milliseconds	1562 MB/s	0 short_reads/s	0 short_writes_echo/s	175 cpu_user_milliseconds	823 cpu_system_milliseconds	0 minor_page_faults/s	0 major_page_faults/s	0 yields/s	1 preempts/s
149000 milliseconds	1548 MB/s	0 short_reads/s	0 short_writes_echo/s	201 cpu_user_milliseconds	797 cpu_system_milliseconds	0 minor_page_faults/s	0 major_page_faults/s	0 yields/s	2 preempts/s
150000 milliseconds	1531 MB/s	0 short_reads/s	0 short_writes_echo/s	177 cpu_user_milliseconds	821 cpu_system_milliseconds	0 minor_page_faults/s	0 major_page_faults/s	0 yields/s	6 preempts/s
151000 milliseconds	1548 MB/s	0 short_reads/s	0 short_writes_echo/s	175 cpu_user_milliseconds	823 cpu_system_milliseconds	0 minor_page_faults/s	0 major_page_faults/s	0 yields/s	7 preempts/s
152000 milliseconds	1512 MB/s	0 short_reads/s	0 short_writes_echo/s	191 cpu_user_milliseconds	807 cpu_system_milliseconds	0 minor_page_faults/s	0 major_page_faults/s	0 yields/s	7 preempts/s
153000 milliseconds	1557 MB/s	0 short_reads/s	0 short_writes_echo/s	182 cpu_user_milliseconds	817 cpu_system_milliseconds	0 minor_page_faults/s	0 major_page_faults/s	0 yields/s	8 preempts/s
154000 milliseconds	1557 MB/s	0 short_reads/s	0 short_writes_echo/s	196 cpu_user_milliseconds	802 cpu_system_milliseconds	0 minor_page_faults/s	0 major_page_faults/s	0 yields/s	5 preempts/s
155000 milliseconds	1546 MB/s	0 short_reads/s	0 short_writes_echo/s	184 cpu_user_milliseconds	814 cpu_system_milliseconds	0 minor_page_faults/s	0 major_page_faults/s	0 yields/s	4 preempts/s
156000 milliseconds	1541 MB/s	0 short_reads/s	0 short_writes_echo/s	176 cpu_user_milliseconds	822 cpu_system_milliseconds	0 minor_page_faults/s	0 major_page_faults/s	0 yields/s	4 preempts/s
157000 milliseconds	1531 MB/s	0 short_reads/s	0 short_writes_echo/s	184 cpu_user_milliseconds	811 cpu_system_milliseconds	0 minor_page_faults/s	0 major_page_faults/s	388 yields/s	4 preempts/s
158000 milliseconds	1542 MB/s	0 short_reads/s	0 short_writes_echo/s	193 cpu_user_milliseconds	805 cpu_system_milliseconds	0 minor_page_faults/s	0 major_page_faults/s	0 yields/s	14 preempts/s
159000 milliseconds	1533 MB/s	0 short_reads/s	0 short_writes_echo/s	179 cpu_user_milliseconds	819 cpu_system_milliseconds	0 minor_page_faults/s	0 major_page_faults/s	0 yields/s	5 preempts/s
160000 milliseconds	1549 MB/s	0 short_reads/s	0 short_writes_echo/s	158 cpu_user_milliseconds	837 cpu_system_milliseconds	0 minor_page_faults/s	0 major_page_faults/s	1 yields/s	5 preempts/s
161000 milliseconds	1548 MB/s	0 short_reads/s	0 short_writes_echo/s	194 cpu_user_milliseconds	804 cpu_system_milliseconds	0 minor_page_faults/s	0 major_page_faults/s	0 yields/s	3 preempts/s
162000 milliseconds	1504 MB/s	0 short_reads/s	0 short_writes_echo/s	166 cpu_user_milliseconds	832 cpu_system_milliseconds	0 minor_page_faults/s	0 major_page_faults/s	0 yields/s	6 preempts/s
163000 milliseconds	1511 MB/s	0 short_reads/s	0 short_writes_echo/s	182 cpu_user_milliseconds	816 cpu_system_milliseconds	0 minor_page_faults/s	0 major_page_faults/s	0 yields/s	4 preempts/s
164000 milliseconds	1541 MB/s	0 short_reads/s	0 short_writes_echo/s	187 cpu_user_milliseconds	811 cpu_system_milliseconds	0 minor_page_faults/s	0 major_page_faults/s	0 yields/s	8 preempts/s
165000 milliseconds	1528 MB/s	0 short_reads/s	0 short_writes_echo/s	179 cpu_user_milliseconds	818 cpu_system_milliseconds	0 minor_page_faults/s	0 major_page_faults/s	0 yields/s	21 preempts/s
166000 milliseconds	1546 MB/s	0 short_reads/s	0 short_writes_echo/s	176 cpu_user_milliseconds	822 cpu_system_milliseconds	0 minor_page_faults/s	0 major_page_faults/s	0 yields/s	8 preempts/s
167000 milliseconds	1621 MB/s	3 short_reads/s	0 short_writes_echo/s	198 cpu_user_milliseconds	774 cpu_system_milliseconds	0 minor_page_faults/s	0 major_page_faults/s	2888 yields/s	4 preempts/s
168000 milliseconds	1670 MB/s	0 short_reads/s	0 short_writes_echo/s	187 cpu_user_milliseconds	776 cpu_system_milliseconds	0 minor_page_faults/s	0 major_page_faults/s	3888 yields/s	1 preempts/s
169000 milliseconds	1548 MB/s	24 short_reads/s	0 short_writes_echo/s	165 cpu_user_milliseconds	806 cpu_system_milliseconds	0 minor_page_faults/s	0 major_page_faults/s	1796 yields/s	1 preempts/s
170000 milliseconds	1540 MB/s	0 short_reads/s	0 short_writes_echo/s	186 cpu_user_milliseconds	811 cpu_system_milliseconds	0 minor_page_faults/s	0 major_page_faults/s	0 yields/s	18 preempts/s
171000 milliseconds	1554 MB/s	0 short_reads/s	0 short_writes_echo/s	195 cpu_user_milliseconds	802 cpu_system_milliseconds	0 minor_page_faults/s	0 major_page_faults/s	0 yields/s	27 preempts/s
172000 milliseconds	1565 MB/s	2 short_reads/s	0 short_writes_echo/s	176 cpu_user_milliseconds	812 cpu_system_milliseconds	0 minor_page_faults/s	0 major_page_faults/s	1028 yields/s	5 preempts/s
173001 milliseconds	1626 MB/s	0 short_reads/s	0 short_writes_echo/s	180 cpu_user_milliseconds	770 cpu_system_milliseconds	0 minor_page_faults/s	0 major_page_faults/s	5102 yields/s	0 preempts/s
174001 milliseconds	1552 MB/s	0 short_reads/s	0 short_writes_echo/s	168 cpu_user_milliseconds	828 cpu_system_milliseconds	0 minor_page_faults/s	0 major_page_faults/s	116 yields/s	3 preempts/s
175001 milliseconds	1515 MB/s	0 short_reads/s	0 short_writes_echo/s	180 cpu_user_milliseconds	818 cpu_system_milliseconds	0 minor_page_faults/s	0 major_page_faults/s	0 yields/s	5 preempts/s
176001 milliseconds	1560 MB/s	0 short_reads/s	0 short_writes_echo/s	189 cpu_user_milliseconds	807 cpu_system_milliseconds	0 minor_page_faults/s	0 major_page_faults/s	81 yields/s	2 preempts/s
177001 milliseconds	1470 MB/s	0 short_reads/s	0 short_writes_echo/s	179 cpu_user_milliseconds	819 cpu_system_milliseconds	0 minor_page_faults/s	0 major_page_faults/s	0 yields/s	6 preempts/s
178001 milliseconds	1540 MB/s	0 short_reads/s	0 short_writes_echo/s	174 cpu_user_milliseconds	824 cpu_system_milliseconds	0 minor_page_faults/s	0 major_page_faults/s	0 yields/s	16 preempts/s
179001 milliseconds	1560 MB/s	0 short_reads/s	0 short_writes_echo/s	179 cpu_user_milliseconds	819 cpu_system_milliseconds	0 minor_page_faults/s	0 major_page_faults/s	0 yields/s	4 preempts/s
180001 milliseconds	1511 MB/s	0 short_reads/s	0 short_writes_echo/s	174 cpu_user_milliseconds	824 cpu_system_milliseconds	0 minor_page_faults/s	0 major_page_faults/s	0 yields/s	6 preempts/s
181001 milliseconds	1540 MB/s	0 short_reads/s	0 short_writes_echo/s	192 cpu_user_milliseconds	806 cpu_system_milliseconds	0 minor_page_faults/s	0 major_page_faults/s	0 yields/s	3 preempts/s
182001 milliseconds	1480 MB/s	0 short_reads/s	0 short_writes_echo/s	207 cpu_user_milliseconds	784 cpu_system_milliseconds	0 minor_page_faults/s	0 major_page_faults/s	274 yields/s	6 preempts/s
183001 milliseconds	1561 MB/s	0 short_reads/s	0 short_writes_echo/s	165 cpu_user_milliseconds	833 cpu_system_milliseconds	0 minor_page_faults/s	0 major_page_faults/s	0 yields/s	6 preempts/s
184001 milliseconds	1566 MB/s	0 short_reads/s	0 short_writes_echo/s	206 cpu_user_milliseconds	792 cpu_system_milliseconds	0 minor_page_faults/s	0 major_page_faults/s	0 yields/s	6 preempts/s
185001 milliseconds	1521 MB/s	0 short_reads/s	0 short_writes_echo/s	207 cpu_user_milliseconds	791 cpu_system_milliseconds	0 minor_page_faults/s	0 major_page_faults/s	0 yields/s	3 preempts/s
186001 milliseconds	1540 MB/s	0 short_reads/s	0 short_writes_echo/s	184 cpu_user_milliseconds	814 cpu_system_milliseconds	0 minor_page_faults/s	0 major_page_faults/s	0 yields/s	7 preempts/s
187001 milliseconds	1539 MB/s	0 short_reads/s	0 short_writes_echo/s	186 cpu_user_milliseconds	805 cpu_system_milliseconds	0 minor_page_faults/s	0 major_page_faults/s	139 yields/s	3 preempts/s
188001 milliseconds	1571 MB/s	0 short_reads/s	0 short_writes_echo/s	177 cpu_user_milliseconds	821 cpu_system_milliseconds	0 minor_page_faults/s	0 major_page_faults/s	0 yields/s	5 preempts/s
189001 milliseconds	1556 MB/s	0 short_reads/s	0 short_writes_echo/s	177 cpu_user_milliseconds	821 cpu_system_milliseconds	0 minor_page_faults/s	0 major_page_faults/s	0 yields/s	4 preempts/s
190001 milliseconds	1541 MB/s	0 short_reads/s	0 short_writes_echo/s	179 cpu_user_milliseconds	819 cpu_system_milliseconds	0 minor_page_faults/s	0 major_page_faults/s	0 yields/s	3 preempts/s
191001 milliseconds	1559 MB/s	0 short_reads/s	0 short_writes_echo/s	181 cpu_user_milliseconds	817 cpu_system_milliseconds	0 minor_page_faults/s	0 major_page_faults/s	0 yields/s	8 preempts/s
192001 milliseconds	1526 MB/s	0 short_reads/s	0 short_writes_echo/s	200 cpu_user_milliseconds	798 cpu_system_milliseconds	0 minor_page_faults/s	0 major_page_faults/s	0 yields/s	8 preempts/s
193001 milliseconds	1568 MB/s	0 short_reads/s	0 short_writes_echo/s	202 cpu_user_milliseconds	796 cpu_system_milliseconds	0 minor_page_faults/s	0 major_page_faults/s	0 yields/s	5 preempts/s
194001 milliseconds	1565 MB/s	0 short_reads/s	0 short_writes_echo/s	189 cpu_user_milliseconds	809 cpu_system_milliseconds	0 minor_page_faults/s	0 major_page_faults/s	0 yields/s	6 preempts/s
195001 milliseconds	1569 MB/s	0 short_reads/s	0 short_writes_echo/s	182 cpu_user_milliseconds	816 cpu_system_milliseconds	0 minor_page_faults/s	0 major_page_faults/s	0 yields/s	6 preempts/s
196001 milliseconds	1565 MB/s	0 short_reads/s	0 short_writes_echo/s	200 cpu_user_milliseconds	798 cpu_system_milliseconds	0 minor_page_faults/s	0 major_page_faults/s	0 yields/s	8 preempts/s
197001 milliseconds	1466 MB/s	0 short_reads/s	0 short_writes_echo/s	181 cpu_user_milliseconds	817 cpu_system_milliseconds	0 minor_page_faults/s	0 major_page_faults/s	0 yields/s	8 preempts/s
198001 milliseconds	1542 MB/s	0 short_reads/s	0 short_writes_echo/s	203 cpu_user_milliseconds	796 cpu_system_milliseconds	0 minor_page_faults/s	0 major_page_faults/s	0 yields/s	7 preempts/s
199001 milliseconds	1554 MB/s	0 short_reads/s	0 short_writes_echo/s	173 cpu_user_milliseconds	824 cpu_system_milliseconds	0 minor_page_faults/s	0 major_page_faults/s	0 yields/s	27 preempts/s
200001 milliseconds	1554 MB/s	0 short_reads/s	0 short_writes_echo/s	205 cpu_user_milliseconds	793 cpu_system_milliseconds	0 minor_page_faults/s	0 major_page_faults/s	0 yields/s	5 preempts/s
201001 milliseconds	1543 MB/s	0 short_reads/s	0 short_writes_echo/s	171 cpu_user_milliseconds	827 cpu_system_milliseconds	0 minor_page_faults/s	0 major_page_faults/s	0 yields/s	6 preempts/s
202001 milliseconds	1617 MB/s	0 short_reads/s	0 short_writes_echo/s	193 cpu_user_milliseconds	772 cpu_system_milliseconds	0 minor_page_faults/s	0 major_page_faults/s	3807 yields/s	3 preempts/s
203001 milliseconds	1621 MB/s	27 short_reads/s	0 short_writes_echo/s	178 cpu_user_milliseconds	753 cpu_system_milliseconds	0 minor_page_faults/s	0 major_page_faults/s	4695 yields/s	1 preempts/s
204001 milliseconds	1546 MB/s	0 short_reads/s	0 short_writes_echo/s	177 cpu_user_milliseconds	821 cpu_system_milliseconds	0 minor_page_faults/s	0 major_page_faults/s	0 yields/s	6 preempts/s
205001 milliseconds	1552 MB/s	0 short_reads/s	0 short_writes_echo/s	172 cpu_user_milliseconds	826 cpu_system_milliseconds	0 minor_page_faults/s	0 major_page_faults/s	0 yields/s	4 preempts/s
206001 milliseconds	1578 MB/s	0 short_reads/s	0 short_writes_echo/s	174 cpu_user_milliseconds	814 cpu_system_milliseconds	0 minor_page_faults/s	0 major_page_faults/s	1235 yields/s	2 preempts/s
207001 milliseconds	1522 MB/s	1 short_reads/s	0 short_writes_echo/s	192 cpu_user_milliseconds	806 cpu_system_milliseconds	0 minor_page_faults/s	0 major_page_faults/s	37 yields/s	7 preempts/s
208001 milliseconds	1554 MB/s	0 short_reads/s	0 short_writes_echo/s	168 cpu_user_milliseconds	830 cpu_system_milliseconds	0 minor_page_faults/s	0 major_page_faults/s	0 yields/s	3 preempts/s
209001 milliseconds	1511 MB/s	0 short_reads/s	0 short_writes_echo/s	183 cpu_user_milliseconds	815 cpu_system_milliseconds	0 minor_page_faults/s	0 major_page_faults/s	0 yields/s	6 preempts/s
210001 milliseconds	1553 MB/s	0 short_reads/s	0 short_writes_echo/s	199 cpu_user_milliseconds	798 cpu_system_milliseconds	0 minor_page_faults/s	0 major_page_faults/s	0 yields/s	27 preempts/s
211001 milliseconds	1557 MB/s	0 short_reads/s	0 short_writes_echo/s	180 cpu_user_milliseconds	818 cpu_system_milliseconds	0 minor_page_faults/s	0 major_page_faults/s	0 yields/s	4 preempts/s
212001 milliseconds	1526 MB/s	0 short_reads/s	0 short_writes_echo/s	176 cpu_user_milliseconds	821 cpu_system_milliseconds	0 minor_page_faults/s	0 major_page_faults/s	0 yields/s	25 preempts/s
213001 milliseconds	1547 MB/s	0 short_reads/s	0 short_writes_echo/s	181 cpu_user_milliseconds	815 cpu_system_milliseconds	0 minor_page_faults/s	0 major_page_faults/s	0 yields/s	31 preempts/s
214001 milliseconds	1545 MB/s	0 short_reads/s	0 short_writes_echo/s	176 cpu_user_milliseconds	822 cpu_system_milliseconds	0 minor_page_faults/s	0 major_page_faults/s	0 yields/s	9 preempts/s
215001 milliseconds	1527 MB/s	0 short_reads/s	0 short_writes_echo/s	184 cpu_user_milliseconds	813 cpu_system_milliseconds	0 minor_page_faults/s	0 major_page_faults/s	0 yields/s	26 preempts/s
216001 milliseconds	1551 MB/s	0 short_reads/s	0 short_writes_echo/s	168 cpu_user_milliseconds	829 cpu_system_milliseconds	0 minor_page_faults/s	0 major_page_faults/s	0 yields/s	26 preempts/s
217001 milliseconds	1528 MB/s	0 short_reads/s	0 short_writes_echo/s	189 cpu_user_milliseconds	807 cpu_system_milliseconds	0 minor_page_faults/s	0 major_page_faults/s	18 yields/s	20 preempts/s
218001 milliseconds	1555 MB/s	0 short_reads/s	0 short_writes_echo/s	186 cpu_user_milliseconds	812 cpu_system_milliseconds	0 minor_page_faults/s	0 major_page_faults/s	0 yields/s	4 preempts/s
219001 milliseconds	1560 MB/s	0 short_reads/s	0 short_writes_echo/s	196 cpu_user_milliseconds	802 cpu_system_milliseconds	0 minor_page_faults/s	0 major_page_faults/s	0 yields/s	7 preempts/s
220001 milliseconds	1506 MB/s	2 short_reads/s	0 short_writes_echo/s	196 cpu_user_milliseconds	781 cpu_system_milliseconds	0 minor_page_faults/s	0 major_page_faults/s	1463 yields/s	3 preempts/s
221001 milliseconds	1533 MB/s	0 short_reads/s	0 short_writes_echo/s	174 cpu_user_milliseconds	824 cpu_system_milliseconds	0 minor_page_faults/s	0 major_page_faults/s	0 yields/s	4 preempts/s
222001 milliseconds	1463 MB/s	0 short_reads/s	0 short_writes_echo/s	174 cpu_user_milliseconds	806 cpu_system_milliseconds	0 minor_page_faults/s	0 major_page_faults/s	1578 yields/s	7 preempts/s
223001 milliseconds	1492 MB/s	0 short_reads/s	0 short_writes_echo/s	185 cpu_user_milliseconds	813 cpu_system_milliseconds	0 minor_page_faults/s	0 major_page_faults/s	0 yields/s	7 preempts/s
224001 milliseconds	1541 MB/s	0 short_reads/s	0 short_writes_echo/s	174 cpu_user_milliseconds	824 cpu_system_milliseconds	0 minor_page_faults/s	0 major_page_faults/s	0 yields/s	5 preempts/s
225001 milliseconds	1557 MB/s	0 short_reads/s	0 short_writes_echo/s	183 cpu_user_milliseconds	815 cpu_system_milliseconds	0 minor_page_faults/s	0 major_page_faults/s	0 yields/s	8 preempts/s
226001 milliseconds	1556 MB/s	0 short_reads/s	0 short_writes_echo/s	198 cpu_user_milliseconds	799 cpu_system_milliseconds	0 minor_page_faults/s	0 major_page_faults/s	0 yields/s	25 preempts/s
227001 milliseconds	1491 MB/s	0 short_reads/s	0 short_writes_echo/s	159 cpu_user_milliseconds	839 cpu_system_milliseconds	0 minor_page_faults/s	0 major_page_faults/s	0 yields/s	9 preempts/s
228001 milliseconds	1532 MB/s	0 short_reads/s	0 short_writes_echo/s	161 cpu_user_milliseconds	837 cpu_system_milliseconds	0 minor_page_faults/s	0 major_page_faults/s	0 yields/s	9 preempts/s
229001 milliseconds	1498 MB/s	0 short_reads/s	0 short_writes_echo/s	198 cpu_user_milliseconds	793 cpu_system_milliseconds	0 minor_page_faults/s	0 major_page_faults/s	0 yields/s	79 preempts/s
230001 milliseconds	1539 MB/s	0 short_reads/s	0 short_writes_echo/s	185 cpu_user_milliseconds	813 cpu_system_milliseconds	0 minor_page_faults/s	0 major_page_faults/s	0 yields/s	6 preempts/s
231001 milliseconds	1573 MB/s	0 short_reads/s	0 short_writes_echo/s	178 cpu_user_milliseconds	820 cpu_system_milliseconds	0 minor_page_faults/s	0 major_page_faults/s	0 yields/s	4 preempts/s
232001 milliseconds	1576 MB/s	0 short_reads/s	0 short_writes_echo/s	206 cpu_user_milliseconds	770 cpu_system_milliseconds	0 minor_page_faults/s	0 major_page_faults/s	1418 yields/s	7 preempts/s
233001 milliseconds	1488 MB/s	0 short_reads/s	0 short_writes_echo/s	198 cpu_user_milliseconds	800 cpu_system_milliseconds	0 minor_page_faults/s	0 major_page_faults/s	0 yields/s	5 preempts/s
234001 milliseconds	1554 MB/s	0 short_reads/s	0 short_writes_echo/s	180 cpu_user_milliseconds	817 cpu_system_milliseconds	0 minor_page_faults/s	0 major_page_faults/s	0 yields/s	27 preempts/s
235001 milliseconds	1497 MB/s	0 short_reads/s	0 short_writes_echo/s	178 cpu_user_milliseconds	818 cpu_system_milliseconds	0 minor_page_faults/s	0 major_page_faults/s	1 yields/s	5 preempts/s
236001 milliseconds	1577 MB/s	0 short_reads/s	0 short_writes_echo/s	198 cpu_user_milliseconds	790 cpu_system_milliseconds	0 minor_page_faults/s	0 major_page_faults/s	1113 yields/s	5 preempts/s
237001 milliseconds	1507 MB/s	0 short_reads/s	0 short_writes_echo/s	173 cpu_user_milliseconds	815 cpu_system_milliseconds	0 minor_page_faults/s	0 major_page_faults/s	400 yields/s	5 preempts/s
238001 milliseconds	1548 MB/s	0 short_reads/s	0 short_writes_echo/s	170 cpu_user_milliseconds	828 cpu_system_milliseconds	0 minor_page_faults/s	0 major_page_faults/s	0 yields/s	3 preempts/s
239001 milliseconds	1511 MB/s	0 short_reads/s	0 short_writes_echo/s	172 cpu_user_milliseconds	826 cpu_system_milliseconds	0 minor_page_faults/s	0 major_page_faults/s	0 yields/s	5 preempts/s
240001 milliseconds	1523 MB/s	0 short_reads/s	0 short_writes_echo/s	179 cpu_user_milliseconds	819 cpu_system_milliseconds	0 minor_page_faults/s	0 major_page_faults/s	0 yields/s	3 preempts/s
