1000 milliseconds	3135 MB/s	987 short_reads/s	0 short_writes_echo/s	29 cpu_user_milliseconds	899 cpu_system_milliseconds	228 minor_page_faults/s	0 major_page_faults/s	2314 yields/s	288 preempts/s
2000 milliseconds	2500 MB/s	1339 short_reads/s	0 short_writes_echo/s	20 cpu_user_milliseconds	800 cpu_system_milliseconds	2 minor_page_faults/s	0 major_page_faults/s	3386 yields/s	603 preempts/s
3000 milliseconds	2359 MB/s	2005 short_reads/s	0 short_writes_echo/s	37 cpu_user_milliseconds	761 cpu_system_milliseconds	0 minor_page_faults/s	0 major_page_faults/s	4201 yields/s	781 preempts/s
4000 milliseconds	2315 MB/s	2232 short_reads/s	0 short_writes_echo/s	30 cpu_user_milliseconds	741 cpu_system_milliseconds	0 minor_page_faults/s	0 major_page_faults/s	5345 yields/s	711 preempts/s
5000 milliseconds	2423 MB/s	1827 short_reads/s	0 short_writes_echo/s	25 cpu_user_milliseconds	785 cpu_system_milliseconds	0 minor_page_faults/s	0 major_page_faults/s	4812 yields/s	715 preempts/s
6000 milliseconds	2330 MB/s	2062 short_reads/s	0 short_writes_echo/s	25 cpu_user_milliseconds	747 cpu_system_milliseconds	0 minor_page_faults/s	0 major_page_faults/s	5836 yields/s	728 preempts/s
7000 milliseconds	2522 MB/s	1739 short_reads/s	0 short_writes_echo/s	29 cpu_user_milliseconds	789 cpu_system_milliseconds	0 minor_page_faults/s	0 major_page_faults/s	4770 yields/s	694 preempts/s
8000 milliseconds	2997 MB/s	1396 short_reads/s	0 short_writes_echo/s	31 cpu_user_milliseconds	864 cpu_system_milliseconds	0 minor_page_faults/s	0 major_page_faults/s	3161 yields/s	296 preempts/s
9000 milliseconds	3144 MB/s	961 short_reads/s	0 short_writes_echo/s	20 cpu_user_milliseconds	908 cpu_system_milliseconds	0 minor_page_faults/s	0 major_page_faults/s	2384 yields/s	319 preempts/s
10000 milliseconds	3002 MB/s	1067 short_reads/s	0 short_writes_echo/s	29 cpu_user_milliseconds	876 cpu_system_milliseconds	0 minor_page_faults/s	0 major_page_faults/s	2422 yields/s	336 preempts/s
11000 milliseconds	3126 MB/s	960 short_reads/s	0 short_writes_echo/s	22 cpu_user_milliseconds	888 cpu_system_milliseconds	0 minor_page_faults/s	0 major_page_faults/s	2009 yields/s	283 preempts/s
12000 milliseconds	3028 MB/s	1235 short_reads/s	0 short_writes_echo/s	19 cpu_user_milliseconds	883 cpu_system_milliseconds	0 minor_page_faults/s	0 major_page_faults/s	2613 yields/s	313 preempts/s
13000 milliseconds	3015 MB/s	978 short_reads/s	0 short_writes_echo/s	30 cpu_user_milliseconds	894 cpu_system_milliseconds	0 minor_page_faults/s	0 major_page_faults/s	2333 yields/s	235 preempts/s
14000 milliseconds	3054 MB/s	1140 short_reads/s	0 short_writes_echo/s	21 cpu_user_milliseconds	894 cpu_system_milliseconds	0 minor_page_faults/s	0 major_page_faults/s	2410 yields/s	269 preempts/s
15000 milliseconds	3099 MB/s	1055 short_reads/s	0 short_writes_echo/s	39 cpu_user_milliseconds	881 cpu_system_milliseconds	0 minor_page_faults/s	0 major_page_faults/s	2458 yields/s	283 preempts/s
16000 milliseconds	3146 MB/s	1085 short_reads/s	0 short_writes_echo/s	42 cpu_user_milliseconds	871 cpu_system_milliseconds	0 minor_page_faults/s	0 major_page_faults/s	2560 yields/s	276 preempts/s
17000 milliseconds	3075 MB/s	1126 short_reads/s	0 short_writes_echo/s	35 cpu_user_milliseconds	896 cpu_system_milliseconds	0 minor_page_faults/s	0 major_page_faults/s	2372 yields/s	213 preempts/s
18000 milliseconds	2957 MB/s	1111 short_reads/s	0 short_writes_echo/s	35 cpu_user_milliseconds	874 cpu_system_milliseconds	0 minor_page_faults/s	0 major_page_faults/s	2735 yields/s	290 preempts/s
19000 milliseconds	3045 MB/s	1122 short_reads/s	0 short_writes_echo/s	27 cpu_user_milliseconds	883 cpu_system_milliseconds	0 minor_page_faults/s	0 major_page_faults/s	2405 yields/s	274 preempts/s
20000 milliseconds	2982 MB/s	1194 short_reads/s	0 short_writes_echo/s	28 cpu_user_milliseconds	854 cpu_system_milliseconds	0 minor_page_faults/s	0 major_page_faults/s	2582 yields/s	428 preempts/s
21000 milliseconds	3087 MB/s	1075 short_reads/s	0 short_writes_echo/s	32 cpu_user_milliseconds	877 cpu_system_milliseconds	0 minor_page_faults/s	0 major_page_faults/s	2415 yields/s	356 preempts/s
22000 milliseconds	2760 MB/s	1147 short_reads/s	0 short_writes_echo/s	27 cpu_user_milliseconds	832 cpu_system_milliseconds	0 minor_page_faults/s	0 major_page_faults/s	2828 yields/s	615 preempts/s
23000 milliseconds	3004 MB/s	1316 short_reads/s	0 short_writes_echo/s	39 cpu_user_milliseconds	875 cpu_system_milliseconds	0 minor_page_faults/s	0 major_page_faults/s	2563 yields/s	286 preempts/s
24000 milliseconds	3020 MB/s	1339 short_reads/s	0 short_writes_echo/s	45 cpu_user_milliseconds	862 cpu_system_milliseconds	0 minor_page_faults/s	0 major_page_faults/s	2863 yields/s	372 preempts/s
25000 milliseconds	2971 MB/s	1130 short_reads/s	0 short_writes_echo/s	23 cpu_user_milliseconds	893 cpu_system_milliseconds	0 minor_page_faults/s	0 major_page_faults/s	2612 yields/s	260 preempts/s
26000 milliseconds	3211 MB/s	1015 short_reads/s	0 short_writes_echo/s	28 cpu_user_milliseconds	897 cpu_system_milliseconds	0 minor_page_faults/s	0 major_page_faults/s	2278 yields/s	322 preempts/s
27000 milliseconds	3014 MB/s	1043 short_reads/s	0 short_writes_echo/s	36 cpu_user_milliseconds	882 cpu_system_milliseconds	0 minor_page_faults/s	0 major_page_faults/s	2299 yields/s	411 preempts/s
28000 milliseconds	2960 MB/s	1118 short_reads/s	0 short_writes_echo/s	29 cpu_user_milliseconds	878 cpu_system_milliseconds	0 minor_page_faults/s	0 major_page_faults/s	2442 yields/s	323 preempts/s
29000 milliseconds	3058 MB/s	1201 short_reads/s	0 short_writes_echo/s	29 cpu_user_milliseconds	888 cpu_system_milliseconds	0 minor_page_faults/s	0 major_page_faults/s	2410 yields/s	273 preempts/s
30001 milliseconds	3105 MB/s	1145 short_reads/s	0 short_writes_echo/s	31 cpu_user_milliseconds	881 cpu_system_milliseconds	0 minor_page_faults/s	0 major_page_faults/s	2694 yields/s	349 preempts/s
31001 milliseconds	3091 MB/s	1037 short_reads/s	0 short_writes_echo/s	42 cpu_user_milliseconds	872 cpu_system_milliseconds	0 minor_page_faults/s	0 major_page_faults/s	2413 yields/s	329 preempts/s
32001 milliseconds	2891 MB/s	1004 short_reads/s	0 short_writes_echo/s	30 cpu_user_milliseconds	854 cpu_system_milliseconds	0 minor_page_faults/s	0 major_page_faults/s	2629 yields/s	383 preempts/s
33001 milliseconds	2313 MB/s	1854 short_reads/s	0 short_writes_echo/s	39 cpu_user_milliseconds	759 cpu_system_milliseconds	0 minor_page_faults/s	0 major_page_faults/s	3908 yields/s	666 preempts/s
34001 milliseconds	2601 MB/s	1474 short_reads/s	0 short_writes_echo/s	29 cpu_user_milliseconds	845 cpu_system_milliseconds	0 minor_page_faults/s	0 major_page_faults/s	3154 yields/s	398 preempts/s
35001 milliseconds	2379 MB/s	1885 short_reads/s	0 short_writes_echo/s	24 cpu_user_milliseconds	776 cpu_system_milliseconds	0 minor_page_faults/s	0 major_page_faults/s	5001 yields/s	665 preempts/s
36001 milliseconds	2475 MB/s	1599 short_reads/s	0 short_writes_echo/s	28 cpu_user_milliseconds	799 cpu_system_milliseconds	0 minor_page_faults/s	0 major_page_faults/s	4036 yields/s	646 preempts/s
37001 milliseconds	2264 MB/s	1620 short_reads/s	0 short_writes_echo/s	25 cpu_user_milliseconds	731 cpu_system_milliseconds	0 minor_page_faults/s	0 major_page_faults/s	4923 yields/s	754 preempts/s
38001 milliseconds	2456 MB/s	1752 short_reads/s	0 short_writes_echo/s	33 cpu_user_milliseconds	769 cpu_system_milliseconds	0 minor_page_faults/s	0 major_page_faults/s	4158 yields/s	584 preempts/s
39001 milliseconds	2660 MB/s	1513 short_reads/s	0 short_writes_echo/s	30 cpu_user_milliseconds	798 cpu_system_milliseconds	0 minor_page_faults/s	0 major_page_faults/s	3664 yields/s	571 preempts/s
40001 milliseconds	3032 MB/s	1084 short_reads/s	0 short_writes_echo/s	29 cpu_user_milliseconds	871 cpu_system_milliseconds	0 minor_page_faults/s	0 major_page_faults/s	2677 yields/s	310 preempts/s
41001 milliseconds	3080 MB/s	1148 short_reads/s	0 short_writes_echo/s	19 cpu_user_milliseconds	890 cpu_system_milliseconds	0 minor_page_faults/s	0 major_page_faults/s	2470 yields/s	353 preempts/s
42001 milliseconds	3150 MB/s	1168 short_reads/s	0 short_writes_echo/s	35 cpu_user_milliseconds	877 cpu_system_milliseconds	0 minor_page_faults/s	0 major_page_faults/s	2530 yields/s	308 preempts/s
43001 milliseconds	2998 MB/s	1319 short_reads/s	0 short_writes_echo/s	19 cpu_user_milliseconds	872 cpu_system_milliseconds	0 minor_page_faults/s	0 major_page_faults/s	2864 yields/s	391 preempts/s
44001 milliseconds	3116 MB/s	1123 short_reads/s	0 short_writes_echo/s	31 cpu_user_milliseconds	889 cpu_system_milliseconds	0 minor_page_faults/s	0 major_page_faults/s	2349 yields/s	345 preempts/s
45001 milliseconds	2944 MB/s	985 short_reads/s	0 short_writes_echo/s	25 cpu_user_milliseconds	874 cpu_system_milliseconds	0 minor_page_faults/s	0 major_page_faults/s	2265 yields/s	294 preempts/s
46001 milliseconds	3100 MB/s	984 short_reads/s	0 short_writes_echo/s	31 cpu_user_milliseconds	866 cpu_system_milliseconds	0 minor_page_faults/s	0 major_page_faults/s	2591 yields/s	319 preempts/s
47001 milliseconds	3007 MB/s	970 short_reads/s	0 short_writes_echo/s	34 cpu_user_milliseconds	875 cpu_system_milliseconds	0 minor_page_faults/s	0 major_page_faults/s	2476 yields/s	291 preempts/s
48001 milliseconds	3043 MB/s	1101 short_reads/s	0 short_writes_echo/s	34 cpu_user_milliseconds	877 cpu_system_milliseconds	0 minor_page_faults/s	0 major_page_faults/s	2632 yields/s	317 preempts/s
49001 milliseconds	3111 MB/s	1207 short_reads/s	0 short_writes_echo/s	23 cpu_user_milliseconds	890 cpu_system_milliseconds	0 minor_page_faults/s	0 major_page_faults/s	2608 yields/s	324 preempts/s
50001 milliseconds	3091 MB/s	1242 short_reads/s	0 short_writes_echo/s	24 cpu_user_milliseconds	887 cpu_system_milliseconds	0 minor_page_faults/s	0 major_page_faults/s	2839 yields/s	309 preempts/s
51001 milliseconds	3132 MB/s	1072 short_reads/s	0 short_writes_echo/s	43 cpu_user_milliseconds	876 cpu_system_milliseconds	0 minor_page_faults/s	0 major_page_faults/s	2442 yields/s	298 preempts/s
52001 milliseconds	3004 MB/s	885 short_reads/s	0 short_writes_echo/s	39 cpu_user_milliseconds	877 cpu_system_milliseconds	0 minor_page_faults/s	0 major_page_faults/s	2151 yields/s	288 preempts/s
53001 milliseconds	2309 MB/s	1660 short_reads/s	0 short_writes_echo/s	23 cpu_user_milliseconds	746 cpu_system_milliseconds	0 minor_page_faults/s	0 major_page_faults/s	4265 yields/s	842 preempts/s
54002 milliseconds	2786 MB/s	1355 short_reads/s	0 short_writes_echo/s	26 cpu_user_milliseconds	854 cpu_system_milliseconds	0 minor_page_faults/s	0 major_page_faults/s	3078 yields/s	295 preempts/s
55002 milliseconds	2962 MB/s	1053 short_reads/s	0 short_writes_echo/s	36 cpu_user_milliseconds	866 cpu_system_milliseconds	0 minor_page_faults/s	0 major_page_faults/s	2637 yields/s	302 preempts/s
56002 milliseconds	3064 MB/s	1287 short_reads/s	0 short_writes_echo/s	32 cpu_user_milliseconds	888 cpu_system_milliseconds	0 minor_page_faults/s	0 major_page_faults/s	2500 yields/s	355 preempts/s
57002 milliseconds	3006 MB/s	998 short_reads/s	0 short_writes_echo/s	36 cpu_user_milliseconds	874 cpu_system_milliseconds	0 minor_page_faults/s	0 major_page_faults/s	2352 yields/s	283 preempts/s
58002 milliseconds	2993 MB/s	1037 short_reads/s	0 short_writes_echo/s	28 cpu_user_milliseconds	878 cpu_system_milliseconds	0 minor_page_faults/s	0 major_page_faults/s	2803 yields/s	330 preempts/s
59002 milliseconds	3080 MB/s	1099 short_reads/s	0 short_writes_echo/s	25 cpu_user_milliseconds	892 cpu_system_milliseconds	0 minor_page_faults/s	0 major_page_faults/s	2433 yields/s	361 preempts/s
60002 milliseconds	3112 MB/s	1168 short_reads/s	0 short_writes_echo/s	39 cpu_user_milliseconds	862 cpu_system_milliseconds	0 minor_page_faults/s	0 major_page_faults/s	2990 yields/s	260 preempts/s
61002 milliseconds	2588 MB/s	1534 short_reads/s	0 short_writes_echo/s	23 cpu_user_milliseconds	788 cpu_system_milliseconds	0 minor_page_faults/s	0 major_page_faults/s	3699 yields/s	537 preempts/s
62002 milliseconds	1739 MB/s	1799 short_reads/s	0 short_writes_echo/s	18 cpu_user_milliseconds	601 cpu_system_milliseconds	0 minor_page_faults/s	0 major_page_faults/s	6527 yields/s	931 preempts/s
63002 milliseconds	1997 MB/s	1786 short_reads/s	0 short_writes_echo/s	24 cpu_user_milliseconds	683 cpu_system_milliseconds	0 minor_page_faults/s	0 major_page_faults/s	5086 yields/s	881 preempts/s
64002 milliseconds	2243 MB/s	1807 short_reads/s	0 short_writes_echo/s	24 cpu_user_milliseconds	737 cpu_system_milliseconds	0 minor_page_faults/s	0 major_page_faults/s	4746 yields/s	816 preempts/s
65002 milliseconds	2415 MB/s	1858 short_reads/s	0 short_writes_echo/s	29 cpu_user_milliseconds	789 cpu_system_milliseconds	0 minor_page_faults/s	0 major_page_faults/s	4101 yields/s	758 preempts/s
66002 milliseconds	2286 MB/s	1856 short_reads/s	0 short_writes_echo/s	25 cpu_user_milliseconds	742 cpu_system_milliseconds	0 minor_page_faults/s	0 major_page_faults/s	4869 yields/s	539 preempts/s
67002 milliseconds	2443 MB/s	1709 short_reads/s	0 short_writes_echo/s	24 cpu_user_milliseconds	771 cpu_system_milliseconds	0 minor_page_faults/s	0 major_page_faults/s	4679 yields/s	722 preempts/s
68002 milliseconds	2821 MB/s	1435 short_reads/s	0 short_writes_echo/s	34 cpu_user_milliseconds	840 cpu_system_milliseconds	0 minor_page_faults/s	0 major_page_faults/s	3288 yields/s	512 preempts/s
69002 milliseconds	2869 MB/s	1305 short_reads/s	0 short_writes_echo/s	23 cpu_user_milliseconds	862 cpu_system_milliseconds	0 minor_page_faults/s	0 major_page_faults/s	3084 yields/s	351 preempts/s
70002 milliseconds	3048 MB/s	1206 short_reads/s	0 short_writes_echo/s	22 cpu_user_milliseconds	875 cpu_system_milliseconds	0 minor_page_faults/s	0 major_page_faults/s	2847 yields/s	361 preempts/s
71002 milliseconds	2817 MB/s	1444 short_reads/s	0 short_writes_echo/s	28 cpu_user_milliseconds	855 cpu_system_milliseconds	0 minor_page_faults/s	0 major_page_faults/s	2958 yields/s	387 preempts/s
72002 milliseconds	2775 MB/s	1434 short_reads/s	0 short_writes_echo/s	36 cpu_user_milliseconds	821 cpu_system_milliseconds	0 minor_page_faults/s	0 major_page_faults/s	3438 yields/s	422 preempts/s
73002 milliseconds	2862 MB/s	1588 short_reads/s	0 short_writes_echo/s	32 cpu_user_milliseconds	854 cpu_system_milliseconds	0 minor_page_faults/s	0 major_page_faults/s	3113 yields/s	336 preempts/s
74002 milliseconds	3116 MB/s	1056 short_reads/s	0 short_writes_echo/s	31 cpu_user_milliseconds	880 cpu_system_milliseconds	0 minor_page_faults/s	0 major_page_faults/s	2584 yields/s	327 preempts/s
75002 milliseconds	2967 MB/s	1199 short_reads/s	0 short_writes_echo/s	32 cpu_user_milliseconds	861 cpu_system_milliseconds	0 minor_page_faults/s	0 major_page_faults/s	2690 yields/s	414 preempts/s
76002 milliseconds	2520 MB/s	1814 short_reads/s	0 short_writes_echo/s	33 cpu_user_milliseconds	780 cpu_system_milliseconds	0 minor_page_faults/s	0 major_page_faults/s	4594 yields/s	612 preempts/s
77002 milliseconds	2835 MB/s	1420 short_reads/s	0 short_writes_echo/s	23 cpu_user_milliseconds	829 cpu_system_milliseconds	0 minor_page_faults/s	0 major_page_faults/s	3685 yields/s	575 preempts/s
78002 milliseconds	2775 MB/s	1356 short_reads/s	0 short_writes_echo/s	36 cpu_user_milliseconds	836 cpu_system_milliseconds	0 minor_page_faults/s	0 major_page_faults/s	2893 yields/s	478 preempts/s
79003 milliseconds	2563 MB/s	1698 short_reads/s	0 short_writes_echo/s	26 cpu_user_milliseconds	808 cpu_system_milliseconds	0 minor_page_faults/s	0 major_page_faults/s	3547 yields/s	714 preempts/s
80003 milliseconds	2266 MB/s	1507 short_reads/s	0 short_writes_echo/s	20 cpu_user_milliseconds	760 cpu_system_milliseconds	0 minor_page_faults/s	0 major_page_faults/s	4308 yields/s	736 preempts/s
81003 milliseconds	2458 MB/s	1388 short_reads/s	0 short_writes_echo/s	26 cpu_user_milliseconds	779 cpu_system_milliseconds	0 minor_page_faults/s	0 major_page_faults/s	3898 yields/s	715 preempts/s
82003 milliseconds	2638 MB/s	1273 short_reads/s	0 short_writes_echo/s	35 cpu_user_milliseconds	787 cpu_system_milliseconds	0 minor_page_faults/s	0 major_page_faults/s	3485 yields/s	579 preempts/s
83003 milliseconds	3089 MB/s	1250 short_reads/s	0 short_writes_echo/s	31 cpu_user_milliseconds	889 cpu_system_milliseconds	0 minor_page_faults/s	0 major_page_faults/s	2740 yields/s	264 preempts/s
84003 milliseconds	3061 MB/s	1091 short_reads/s	0 short_writes_echo/s	22 cpu_user_milliseconds	877 cpu_system_milliseconds	0 minor_page_faults/s	0 major_page_faults/s	2695 yields/s	398 preempts/s
85003 milliseconds	3203 MB/s	905 short_reads/s	0 short_writes_echo/s	35 cpu_user_milliseconds	875 cpu_system_milliseconds	0 minor_page_faults/s	0 major_page_faults/s	2339 yields/s	398 preempts/s
86003 milliseconds	2575 MB/s	1489 short_reads/s	0 short_writes_echo/s	23 cpu_user_milliseconds	810 cpu_system_milliseconds	0 minor_page_faults/s	0 major_page_faults/s	4224 yields/s	489 preempts/s
87003 milliseconds	2974 MB/s	1237 short_reads/s	0 short_writes_echo/s	43 cpu_user_milliseconds	866 cpu_system_milliseconds	0 minor_page_faults/s	0 major_page_faults/s	2605 yields/s	279 preempts/s
88003 milliseconds	3147 MB/s	1002 short_reads/s	0 short_writes_echo/s	26 cpu_user_milliseconds	887 cpu_system_milliseconds	0 minor_page_faults/s	0 major_page_faults/s	2361 yields/s	242 preempts/s
89003 milliseconds	3024 MB/s	945 short_reads/s	0 short_writes_echo/s	34 cpu_user_milliseconds	859 cpu_system_milliseconds	0 minor_page_faults/s	0 major_page_faults/s	2335 yields/s	386 preempts/s
90004 milliseconds	3038 MB/s	1019 short_reads/s	0 short_writes_echo/s	34 cpu_user_milliseconds	874 cpu_system_milliseconds	0 minor_page_faults/s	0 major_page_faults/s	2532 yields/s	314 preempts/s
91004 milliseconds	3025 MB/s	1177 short_reads/s	0 short_writes_echo/s	24 cpu_user_milliseconds	888 cpu_system_milliseconds	0 minor_page_faults/s	0 major_page_faults/s	2477 yields/s	264 preempts/s
92004 milliseconds	2958 MB/s	1288 short_reads/s	0 short_writes_echo/s	29 cpu_user_milliseconds	874 cpu_system_milliseconds	0 minor_page_faults/s	0 major_page_faults/s	2947 yields/s	373 preempts/s
93004 milliseconds	2433 MB/s	1989 short_reads/s	0 short_writes_echo/s	33 cpu_user_milliseconds	781 cpu_system_milliseconds	0 minor_page_faults/s	0 major_page_faults/s	5600 yields/s	597 preempts/s
94004 milliseconds	2411 MB/s	1896 short_reads/s	0 short_writes_echo/s	23 cpu_user_milliseconds	780 cpu_system_milliseconds	0 minor_page_faults/s	0 major_page_faults/s	4354 yields/s	776 preempts/s
95004 milliseconds	2305 MB/s	1848 short_reads/s	0 short_writes_echo/s	30 cpu_user_milliseconds	743 cpu_system_milliseconds	0 minor_page_faults/s	0 major_page_faults/s	4636 yields/s	901 preempts/s
96004 milliseconds	2527 MB/s	1496 short_reads/s	0 short_writes_echo/s	27 cpu_user_milliseconds	807 cpu_system_milliseconds	0 minor_page_faults/s	0 major_page_faults/s	3566 yields/s	764 preempts/s
97004 milliseconds	2131 MB/s	1550 short_reads/s	0 short_writes_echo/s	27 cpu_user_milliseconds	704 cpu_system_milliseconds	0 minor_page_faults/s	0 major_page_faults/s	4898 yields/s	800 preempts/s
98004 milliseconds	2823 MB/s	1679 short_reads/s	0 short_writes_echo/s	42 cpu_user_milliseconds	833 cpu_system_milliseconds	0 minor_page_faults/s	0 major_page_faults/s	3427 yields/s	460 preempts/s
99004 milliseconds	2859 MB/s	1312 short_reads/s	0 short_writes_echo/s	41 cpu_user_milliseconds	842 cpu_system_milliseconds	0 minor_page_faults/s	0 major_page_faults/s	3090 yields/s	443 preempts/s
100004 milliseconds	3067 MB/s	1246 short_reads/s	0 short_writes_echo/s	41 cpu_user_milliseconds	878 cpu_system_milliseconds	0 minor_page_faults/s	0 major_page_faults/s	2904 yields/s	305 preempts/s
101004 milliseconds	3057 MB/s	991 short_reads/s	0 short_writes_echo/s	40 cpu_user_milliseconds	865 cpu_system_milliseconds	0 minor_page_faults/s	0 major_page_faults/s	2548 yields/s	334 preempts/s
102004 milliseconds	3037 MB/s	1644 short_reads/s	0 short_writes_echo/s	34 cpu_user_milliseconds	880 cpu_system_milliseconds	0 minor_page_faults/s	0 major_page_faults/s	2618 yields/s	380 preempts/s
103005 milliseconds	3158 MB/s	1082 short_reads/s	0 short_writes_echo/s	36 cpu_user_milliseconds	868 cpu_system_milliseconds	0 minor_page_faults/s	0 major_page_faults/s	2715 yields/s	369 preempts/s
104005 milliseconds	3053 MB/s	1022 short_reads/s	0 short_writes_echo/s	33 cpu_user_milliseconds	888 cpu_system_milliseconds	0 minor_page_faults/s	0 major_page_faults/s	2241 yields/s	317 preempts/s
105005 milliseconds	2867 MB/s	1296 short_reads/s	0 short_writes_echo/s	28 cpu_user_milliseconds	853 cpu_system_milliseconds	0 minor_page_faults/s	0 major_page_faults/s	3299 yields/s	362 preempts/s
106005 milliseconds	2747 MB/s	1500 short_reads/s	0 short_writes_echo/s	21 cpu_user_milliseconds	825 cpu_system_milliseconds	0 minor_page_faults/s	0 major_page_faults/s	3402 yields/s	434 preempts/s
107005 milliseconds	2396 MB/s	1670 short_reads/s	0 short_writes_echo/s	22 cpu_user_milliseconds	749 cpu_system_milliseconds	0 minor_page_faults/s	0 major_page_faults/s	4229 yields/s	889 preempts/s
108005 milliseconds	3196 MB/s	977 short_reads/s	0 short_writes_echo/s	34 cpu_user_milliseconds	882 cpu_system_milliseconds	0 minor_page_faults/s	0 major_page_faults/s	2360 yields/s	325 preempts/s
109005 milliseconds	2994 MB/s	1058 short_reads/s	0 short_writes_echo/s	31 cpu_user_milliseconds	876 cpu_system_milliseconds	0 minor_page_faults/s	0 major_page_faults/s	2347 yields/s	421 preempts/s
110005 milliseconds	3077 MB/s	985 short_reads/s	0 short_writes_echo/s	30 cpu_user_milliseconds	886 cpu_system_milliseconds	0 minor_page_faults/s	0 major_page_faults/s	2067 yields/s	319 preempts/s
111005 milliseconds	3084 MB/s	1048 short_reads/s	0 short_writes_echo/s	29 cpu_user_milliseconds	882 cpu_system_milliseconds	0 minor_page_faults/s	0 major_page_faults/s	2323 yields/s	297 preempts/s
112005 milliseconds	2299 MB/s	1398 short_reads/s	0 short_writes_echo/s	23 cpu_user_milliseconds	731 cpu_system_milliseconds	0 minor_page_faults/s	0 major_page_faults/s	4080 yields/s	943 preempts/s
113005 milliseconds	2828 MB/s	1225 short_reads/s	0 short_writes_echo/s	35 cpu_user_milliseconds	844 cpu_system_milliseconds	0 minor_page_faults/s	0 major_page_faults/s	2556 yields/s	529 preempts/s
114005 milliseconds	3015 MB/s	1117 short_reads/s	0 short_writes_echo/s	34 cpu_user_milliseconds	867 cpu_system_milliseconds	0 minor_page_faults/s	0 major_page_faults/s	2577 yields/s	407 preempts/s
115005 milliseconds	3032 MB/s	1151 short_reads/s	0 short_writes_echo/s	32 cpu_user_milliseconds	866 cpu_system_milliseconds	0 minor_page_faults/s	0 major_page_faults/s	2686 yields/s	353 preempts/s
116005 milliseconds	3206 MB/s	1032 short_reads/s	0 short_writes_echo/s	38 cpu_user_milliseconds	878 cpu_system_milliseconds	0 minor_page_faults/s	0 major_page_faults/s	2543 yields/s	331 preempts/s
117005 milliseconds	2999 MB/s	1388 short_reads/s	0 short_writes_echo/s	26 cpu_user_milliseconds	873 cpu_system_milliseconds	0 minor_page_faults/s	0 major_page_faults/s	3097 yields/s	329 preempts/s
118005 milliseconds	3167 MB/s	985 short_reads/s	0 short_writes_echo/s	35 cpu_user_milliseconds	870 cpu_system_milliseconds	0 minor_page_faults/s	0 major_page_faults/s	2531 yields/s	272 preempts/s
119006 milliseconds	3009 MB/s	1017 short_reads/s	0 short_writes_echo/s	26 cpu_user_milliseconds	870 cpu_system_milliseconds	0 minor_page_faults/s	0 major_page_faults/s	2607 yields/s	340 preempts/s
120006 milliseconds	3078 MB/s	913 short_reads/s	0 short_writes_echo/s	31 cpu_user_milliseconds	874 cpu_system_milliseconds	0 minor_page_faults/s	0 major_page_faults/s	2286 yields/s	360 preempts/s
121007 milliseconds	3065 MB/s	950 short_reads/s	0 short_writes_echo/s	29 cpu_user_milliseconds	884 cpu_system_milliseconds	0 minor_page_faults/s	0 major_page_faults/s	2301 yields/s	323 preempts/s
122007 milliseconds	2306 MB/s	2021 short_reads/s	0 short_writes_echo/s	24 cpu_user_milliseconds	746 cpu_system_milliseconds	0 minor_page_faults/s	0 major_page_faults/s	5524 yields/s	678 preempts/s
123007 milliseconds	2318 MB/s	2138 short_reads/s	0 short_writes_echo/s	22 cpu_user_milliseconds	753 cpu_system_milliseconds	0 minor_page_faults/s	0 major_page_faults/s	5470 yields/s	701 preempts/s
124007 milliseconds	2443 MB/s	1959 short_reads/s	0 short_writes_echo/s	20 cpu_user_milliseconds	802 cpu_system_milliseconds	0 minor_page_faults/s	0 major_page_faults/s	4373 yields/s	500 preempts/s
125007 milliseconds	2402 MB/s	2166 short_reads/s	0 short_writes_echo/s	22 cpu_user_milliseconds	777 cpu_system_milliseconds	0 minor_page_faults/s	0 major_page_faults/s	5246 yields/s	651 preempts/s
126007 milliseconds	2385 MB/s	1714 short_reads/s	0 short_writes_echo/s	30 cpu_user_milliseconds	763 cpu_system_milliseconds	0 minor_page_faults/s	0 major_page_faults/s	4585 yields/s	591 preempts/s
127007 milliseconds	2283 MB/s	2050 short_reads/s	0 short_writes_echo/s	33 cpu_user_milliseconds	733 cpu_system_milliseconds	0 minor_page_faults/s	0 major_page_faults/s	5419 yields/s	786 preempts/s
128007 milliseconds	2284 MB/s	1866 short_reads/s	0 short_writes_echo/s	30 cpu_user_milliseconds	730 cpu_system_milliseconds	0 minor_page_faults/s	0 major_page_faults/s	4328 yields/s	730 preempts/s
129007 milliseconds	2497 MB/s	1578 short_reads/s	0 short_writes_echo/s	34 cpu_user_milliseconds	776 cpu_system_milliseconds	0 minor_page_faults/s	0 major_page_faults/s	3774 yields/s	730 preempts/s
130007 milliseconds	2668 MB/s	1585 short_reads/s	0 short_writes_echo/s	24 cpu_user_milliseconds	829 cpu_system_milliseconds	0 minor_page_faults/s	0 major_page_faults/s	3517 yields/s	492 preempts/s
131007 milliseconds	2585 MB/s	1851 short_reads/s	0 short_writes_echo/s	25 cpu_user_milliseconds	814 cpu_system_milliseconds	0 minor_page_faults/s	0 major_page_faults/s	4190 yields/s	565 preempts/s
132007 milliseconds	2595 MB/s	1781 short_reads/s	0 short_writes_echo/s	28 cpu_user_milliseconds	789 cpu_system_milliseconds	0 minor_page_faults/s	0 major_page_faults/s	4888 yields/s	473 preempts/s
133007 milliseconds	3005 MB/s	1337 short_reads/s	0 short_writes_echo/s	38 cpu_user_milliseconds	849 cpu_system_milliseconds	0 minor_page_faults/s	0 major_page_faults/s	2901 yields/s	416 preempts/s
134007 milliseconds	3043 MB/s	1197 short_reads/s	0 short_writes_echo/s	22 cpu_user_milliseconds	880 cpu_system_milliseconds	0 minor_page_faults/s	0 major_page_faults/s	2995 yields/s	329 preempts/s
135007 milliseconds	3047 MB/s	1110 short_reads/s	0 short_writes_echo/s	27 cpu_user_milliseconds	874 cpu_system_milliseconds	0 minor_page_faults/s	0 major_page_faults/s	2591 yields/s	333 preempts/s
136007 milliseconds	3211 MB/s	1027 short_reads/s	0 short_writes_echo/s	27 cpu_user_milliseconds	895 cpu_system_milliseconds	0 minor_page_faults/s	0 major_page_faults/s	2352 yields/s	332 preempts/s
137008 milliseconds	3031 MB/s	1111 short_reads/s	0 short_writes_echo/s	34 cpu_user_milliseconds	874 cpu_system_milliseconds	0 minor_page_faults/s	0 major_page_faults/s	2558 yields/s	319 preempts/s
138008 milliseconds	3160 MB/s	1151 short_reads/s	0 short_writes_echo/s	32 cpu_user_milliseconds	897 cpu_system_milliseconds	0 minor_page_faults/s	0 major_page_faults/s	2291 yields/s	281 preempts/s
139008 milliseconds	2989 MB/s	1395 short_reads/s	0 short_writes_echo/s	29 cpu_user_milliseconds	868 cpu_system_milliseconds	0 minor_page_faults/s	0 major_page_faults/s	3065 yields/s	372 preempts/s
140008 milliseconds	3044 MB/s	1078 short_reads/s	0 short_writes_echo/s	42 cpu_user_milliseconds	851 cpu_system_milliseconds	0 minor_page_faults/s	0 major_page_faults/s	2702 yields/s	484 preempts/s
141008 milliseconds	3028 MB/s	1113 short_reads/s	0 short_writes_echo/s	21 cpu_user_milliseconds	884 cpu_system_milliseconds	0 minor_page_faults/s	0 major_page_faults/s	2328 yields/s	443 preempts/s
142008 milliseconds	2666 MB/s	1453 short_reads/s	0 short_writes_echo/s	27 cpu_user_milliseconds	790 cpu_system_milliseconds	0 minor_page_faults/s	0 major_page_faults/s	3872 yields/s	650 preempts/s
143008 milliseconds	3125 MB/s	1042 short_reads/s	0 short_writes_echo/s	34 cpu_user_milliseconds	888 cpu_system_milliseconds	0 minor_page_faults/s	0 major_page_faults/s	2340 yields/s	315 preempts/s
144008 milliseconds	2932 MB/s	1079 short_reads/s	0 short_writes_echo/s	35 cpu_user_milliseconds	861 cpu_system_milliseconds	0 minor_page_faults/s	0 major_page_faults/s	2618 yields/s	456 preempts/s
145008 milliseconds	2938 MB/s	957 short_reads/s	0 short_writes_echo/s	33 cpu_user_milliseconds	874 cpu_system_milliseconds	0 minor_page_faults/s	0 major_page_faults/s	2121 yields/s	308 preempts/s
146008 milliseconds	2949 MB/s	1033 short_reads/s	0 short_writes_echo/s	30 cpu_user_milliseconds	866 cpu_system_milliseconds	0 minor_page_faults/s	0 major_page_faults/s	2307 yields/s	326 preempts/s
147008 milliseconds	2961 MB/s	1083 short_reads/s	0 short_writes_echo/s	30 cpu_user_milliseconds	866 cpu_system_milliseconds	0 minor_page_faults/s	0 major_page_faults/s	2722 yields/s	436 preempts/s
148008 milliseconds	3142 MB/s	955 short_reads/s	0 short_writes_echo/s	39 cpu_user_milliseconds	882 cpu_system_milliseconds	0 minor_page_faults/s	0 major_page_faults/s	2388 yields/s	315 preempts/s
149008 milliseconds	3074 MB/s	1296 short_reads/s	0 short_writes_echo/s	43 cpu_user_milliseconds	869 cpu_system_milliseconds	0 minor_page_faults/s	0 major_page_faults/s	2703 yields/s	309 preempts/s
150008 milliseconds	3061 MB/s	1054 short_reads/s	0 short_writes_echo/s	31 cpu_user_milliseconds	872 cpu_system_milliseconds	0 minor_page_faults/s	0 major_page_faults/s	2565 yields/s	367 preempts/s
151008 milliseconds	3055 MB/s	1258 short_reads/s	0 short_writes_echo/s	24 cpu_user_milliseconds	895 cpu_system_milliseconds	0 minor_page_faults/s	0 major_page_faults/s	2576 yields/s	359 preempts/s
152008 milliseconds	2883 MB/s	1207 short_reads/s	0 short_writes_echo/s	30 cpu_user_milliseconds	847 cpu_system_milliseconds	0 minor_page_faults/s	0 major_page_faults/s	3064 yields/s	504 preempts/s
153008 milliseconds	2924 MB/s	1529 short_reads/s	0 short_writes_echo/s	22 cpu_user_milliseconds	863 cpu_system_milliseconds	0 minor_page_faults/s	0 major_page_faults/s	3189 yields/s	414 preempts/s
154008 milliseconds	2930 MB/s	1616 short_reads/s	0 short_writes_echo/s	19 cpu_user_milliseconds	851 cpu_system_milliseconds	0 minor_page_faults/s	0 major_page_faults/s	3427 yields/s	469 preempts/s
155008 milliseconds	3058 MB/s	1149 short_reads/s	0 short_writes_echo/s	28 cpu_user_milliseconds	891 cpu_system_milliseconds	0 minor_page_faults/s	0 major_page_faults/s	2453 yields/s	274 preempts/s
156008 milliseconds	3005 MB/s	1060 short_reads/s	0 short_writes_echo/s	37 cpu_user_milliseconds	881 cpu_system_milliseconds	0 minor_page_faults/s	0 major_page_faults/s	2145 yields/s	300 preempts/s
157008 milliseconds	2971 MB/s	1352 short_reads/s	0 short_writes_echo/s	23 cpu_user_milliseconds	875 cpu_system_milliseconds	0 minor_page_faults/s	0 major_page_faults/s	2813 yields/s	357 preempts/s
158008 milliseconds	2916 MB/s	1428 short_reads/s	0 short_writes_echo/s	29 cpu_user_milliseconds	841 cpu_system_milliseconds	0 minor_page_faults/s	0 major_page_faults/s	3471 yields/s	357 preempts/s
159008 milliseconds	3034 MB/s	1274 short_reads/s	0 short_writes_echo/s	36 cpu_user_milliseconds	889 cpu_system_milliseconds	0 minor_page_faults/s	0 major_page_faults/s	2688 yields/s	260 preempts/s
160009 milliseconds	2969 MB/s	1237 short_reads/s	0 short_writes_echo/s	43 cpu_user_milliseconds	858 cpu_system_milliseconds	0 minor_page_faults/s	0 major_page_faults/s	2534 yields/s	379 preempts/s
161009 milliseconds	3161 MB/s	1102 short_reads/s	0 short_writes_echo/s	31 cpu_user_milliseconds	889 cpu_system_milliseconds	0 minor_page_faults/s	0 major_page_faults/s	2349 yields/s	304 preempts/s
162009 milliseconds	2924 MB/s	1146 short_reads/s	0 short_writes_echo/s	27 cpu_user_milliseconds	863 cpu_system_milliseconds	0 minor_page_faults/s	0 major_page_faults/s	2915 yields/s	345 preempts/s
163009 milliseconds	3025 MB/s	1111 short_reads/s	0 short_writes_echo/s	38 cpu_user_milliseconds	878 cpu_system_milliseconds	0 minor_page_faults/s	0 major_page_faults/s	2559 yields/s	328 preempts/s
164009 milliseconds	3077 MB/s	1119 short_reads/s	0 short_writes_echo/s	34 cpu_user_milliseconds	878 cpu_system_milliseconds	0 minor_page_faults/s	0 major_page_faults/s	2590 yields/s	311 preempts/s
165009 milliseconds	3037 MB/s	1063 short_reads/s	0 short_writes_echo/s	37 cpu_user_milliseconds	881 cpu_system_milliseconds	0 minor_page_faults/s	0 major_page_faults/s	2269 yields/s	267 preempts/s
166009 milliseconds	3062 MB/s	1160 short_reads/s	0 short_writes_echo/s	43 cpu_user_milliseconds	860 cpu_system_milliseconds	0 minor_page_faults/s	0 major_page_faults/s	2408 yields/s	346 preempts/s
167009 milliseconds	2972 MB/s	1172 short_reads/s	0 short_writes_echo/s	35 cpu_user_milliseconds	847 cpu_system_milliseconds	0 minor_page_faults/s	0 major_page_faults/s	3041 yields/s	359 preempts/s
168009 milliseconds	3049 MB/s	1117 short_reads/s	0 short_writes_echo/s	28 cpu_user_milliseconds	880 cpu_system_milliseconds	0 minor_page_faults/s	0 major_page_faults/s	2541 yields/s	368 preempts/s
169009 milliseconds	3144 MB/s	1206 short_reads/s	0 short_writes_echo/s	33 cpu_user_milliseconds	886 cpu_system_milliseconds	0 minor_page_faults/s	0 major_page_faults/s	2648 yields/s	288 preempts/s
170009 milliseconds	3069 MB/s	1189 short_reads/s	0 short_writes_echo/s	27 cpu_user_milliseconds	878 cpu_system_milliseconds	0 minor_page_faults/s	0 major_page_faults/s	2521 yields/s	386 preempts/s
171009 milliseconds	3146 MB/s	826 short_reads/s	0 short_writes_echo/s	32 cpu_user_milliseconds	899 cpu_system_milliseconds	0 minor_page_faults/s	0 major_page_faults/s	1993 yields/s	273 preempts/s
172009 milliseconds	2879 MB/s	1313 short_reads/s	0 short_writes_echo/s	33 cpu_user_milliseconds	848 cpu_system_milliseconds	0 minor_page_faults/s	0 major_page_faults/s	2977 yields/s	393 preempts/s
173009 milliseconds	3180 MB/s	973 short_reads/s	0 short_writes_echo/s	29 cpu_user_milliseconds	896 cpu_system_milliseconds	0 minor_page_faults/s	0 major_page_faults/s	2247 yields/s	286 preempts/s
174009 milliseconds	3061 MB/s	1235 short_reads/s	0 short_writes_echo/s	30 cpu_user_milliseconds	872 cpu_system_milliseconds	0 minor_page_faults/s	0 major_page_faults/s	3179 yields/s	408 preempts/s
175009 milliseconds	3023 MB/s	1046 short_reads/s	0 short_writes_echo/s	22 cpu_user_milliseconds	908 cpu_system_milliseconds	0 minor_page_faults/s	0 major_page_faults/s	2140 yields/s	329 preempts/s
176009 milliseconds	2921 MB/s	1148 short_reads/s	0 short_writes_echo/s	30 cpu_user_milliseconds	857 cpu_system_milliseconds	0 minor_page_faults/s	0 major_page_faults/s	2973 yields/s	405 preempts/s
177009 milliseconds	2958 MB/s	1223 short_reads/s	0 short_writes_echo/s	33 cpu_user_milliseconds	853 cpu_system_milliseconds	0 minor_page_faults/s	0 major_page_faults/s	3069 yields/s	539 preempts/s
178009 milliseconds	3023 MB/s	1136 short_reads/s	0 short_writes_echo/s	25 cpu_user_milliseconds	877 cpu_system_milliseconds	0 minor_page_faults/s	0 major_page_faults/s	2812 yields/s	313 preempts/s
179009 milliseconds	3063 MB/s	1011 short_reads/s	0 short_writes_echo/s	25 cpu_user_milliseconds	887 cpu_system_milliseconds	0 minor_page_faults/s	0 major_page_faults/s	2392 yields/s	284 preempts/s
180009 milliseconds	3058 MB/s	958 short_reads/s	0 short_writes_echo/s	33 cpu_user_milliseconds	860 cpu_system_milliseconds	0 minor_page_faults/s	0 major_page_faults/s	2212 yields/s	422 preempts/s
181009 milliseconds	2892 MB/s	1141 short_reads/s	0 short_writes_echo/s	27 cpu_user_milliseconds	854 cpu_system_milliseconds	0 minor_page_faults/s	0 major_page_faults/s	2465 yields/s	442 preempts/s
182010 milliseconds	2191 MB/s	1739 short_reads/s	0 short_writes_echo/s	31 cpu_user_milliseconds	718 cpu_system_milliseconds	0 minor_page_faults/s	0 major_page_faults/s	5416 yields/s	871 preempts/s
183010 milliseconds	2560 MB/s	1580 short_reads/s	0 short_writes_echo/s	26 cpu_user_milliseconds	817 cpu_system_milliseconds	0 minor_page_faults/s	0 major_page_faults/s	3938 yields/s	639 preempts/s
184010 milliseconds	2280 MB/s	1854 short_reads/s	0 short_writes_echo/s	23 cpu_user_milliseconds	749 cpu_system_milliseconds	0 minor_page_faults/s	0 major_page_faults/s	4680 yields/s	683 preempts/s
185010 milliseconds	2475 MB/s	1431 short_reads/s	0 short_writes_echo/s	35 cpu_user_milliseconds	792 cpu_system_milliseconds	0 minor_page_faults/s	0 major_page_faults/s	3530 yields/s	825 preempts/s
186010 milliseconds	2182 MB/s	1719 short_reads/s	0 short_writes_echo/s	26 cpu_user_milliseconds	723 cpu_system_milliseconds	0 minor_page_faults/s	0 major_page_faults/s	4772 yields/s	875 preempts/s
187010 milliseconds	2639 MB/s	1643 short_reads/s	0 short_writes_echo/s	22 cpu_user_milliseconds	823 cpu_system_milliseconds	0 minor_page_faults/s	0 major_page_faults/s	3879 yields/s	558 preempts/s
188010 milliseconds	2719 MB/s	1681 short_reads/s	0 short_writes_echo/s	35 cpu_user_milliseconds	823 cpu_system_milliseconds	0 minor_page_faults/s	0 major_page_faults/s	4237 yields/s	482 preempts/s
189010 milliseconds	2108 MB/s	1879 short_reads/s	0 short_writes_echo/s	25 cpu_user_milliseconds	699 cpu_system_milliseconds	0 minor_page_faults/s	0 major_page_faults/s	4881 yields/s	898 preempts/s
190010 milliseconds	2142 MB/s	1933 short_reads/s	0 short_writes_echo/s	34 cpu_user_milliseconds	680 cpu_system_milliseconds	0 minor_page_faults/s	0 major_page_faults/s	6048 yields/s	813 preempts/s
191010 milliseconds	2520 MB/s	1606 short_reads/s	0 short_writes_echo/s	31 cpu_user_milliseconds	781 cpu_system_milliseconds	0 minor_page_faults/s	0 major_page_faults/s	3463 yields/s	725 preempts/s
192010 milliseconds	2729 MB/s	1759 short_reads/s	0 short_writes_echo/s	24 cpu_user_milliseconds	838 cpu_system_milliseconds	0 minor_page_faults/s	0 major_page_faults/s	3333 yields/s	463 preempts/s
193010 milliseconds	2671 MB/s	1602 short_reads/s	0 short_writes_echo/s	25 cpu_user_milliseconds	821 cpu_system_milliseconds	0 minor_page_faults/s	0 major_page_faults/s	4132 yields/s	620 preempts/s
194010 milliseconds	2585 MB/s	1920 short_reads/s	0 short_writes_echo/s	34 cpu_user_milliseconds	798 cpu_system_milliseconds	0 minor_page_faults/s	0 major_page_faults/s	4443 yields/s	651 preempts/s
195010 milliseconds	2366 MB/s	1854 short_reads/s	0 short_writes_echo/s	35 cpu_user_milliseconds	756 cpu_system_milliseconds	0 minor_page_faults/s	0 major_page_faults/s	4063 yields/s	617 preempts/s
196010 milliseconds	2442 MB/s	1543 short_reads/s	0 short_writes_echo/s	35 cpu_user_milliseconds	749 cpu_system_milliseconds	0 minor_page_faults/s	0 major_page_faults/s	4687 yields/s	654 preempts/s
197010 milliseconds	3033 MB/s	1247 short_reads/s	0 short_writes_echo/s	28 cpu_user_milliseconds	873 cpu_system_milliseconds	0 minor_page_faults/s	0 major_page_faults/s	2990 yields/s	462 preempts/s
198010 milliseconds	3061 MB/s	1157 short_reads/s	0 short_writes_echo/s	33 cpu_user_milliseconds	875 cpu_system_milliseconds	0 minor_page_faults/s	0 major_page_faults/s	2466 yields/s	370 preempts/s
199010 milliseconds	2819 MB/s	1269 short_reads/s	0 short_writes_echo/s	22 cpu_user_milliseconds	817 cpu_system_milliseconds	0 minor_page_faults/s	0 major_page_faults/s	3253 yields/s	722 preempts/s
200010 milliseconds	2563 MB/s	1532 short_reads/s	0 short_writes_echo/s	33 cpu_user_milliseconds	770 cpu_system_milliseconds	0 minor_page_faults/s	0 major_page_faults/s	3708 yields/s	690 preempts/s
201010 milliseconds	2939 MB/s	1185 short_reads/s	0 short_writes_echo/s	39 cpu_user_milliseconds	852 cpu_system_milliseconds	0 minor_page_faults/s	0 major_page_faults/s	2535 yields/s	405 preempts/s
202011 milliseconds	2510 MB/s	1393 short_reads/s	0 short_writes_echo/s	28 cpu_user_milliseconds	782 cpu_system_milliseconds	0 minor_page_faults/s	0 major_page_faults/s	3628 yields/s	582 preempts/s
203011 milliseconds	3088 MB/s	1190 short_reads/s	0 short_writes_echo/s	28 cpu_user_milliseconds	897 cpu_system_milliseconds	0 minor_page_faults/s	0 major_page_faults/s	2363 yields/s	257 preempts/s
204011 milliseconds	2624 MB/s	1299 short_reads/s	0 short_writes_echo/s	27 cpu_user_milliseconds	791 cpu_system_milliseconds	0 minor_page_faults/s	0 major_page_faults/s	3571 yields/s	691 preempts/s
205011 milliseconds	2964 MB/s	1368 short_reads/s	0 short_writes_echo/s	29 cpu_user_milliseconds	870 cpu_system_milliseconds	0 minor_page_faults/s	0 major_page_faults/s	2315 yields/s	377 preempts/s
206011 milliseconds	3011 MB/s	851 short_reads/s	0 short_writes_echo/s	26 cpu_user_milliseconds	859 cpu_system_milliseconds	0 minor_page_faults/s	0 major_page_faults/s	2366 yields/s	435 preempts/s
207011 milliseconds	2843 MB/s	1455 short_reads/s	0 short_writes_echo/s	29 cpu_user_milliseconds	839 cpu_system_milliseconds	0 minor_page_faults/s	0 major_page_faults/s	3494 yields/s	428 preempts/s
208011 milliseconds	2989 MB/s	1327 short_reads/s	0 short_writes_echo/s	35 cpu_user_milliseconds	865 cpu_system_milliseconds	0 minor_page_faults/s	0 major_page_faults/s	3295 yields/s	294 preempts/s
209011 milliseconds	3094 MB/s	1085 short_reads/s	0 short_writes_echo/s	28 cpu_user_milliseconds	894 cpu_system_milliseconds	0 minor_page_faults/s	0 major_page_faults/s	2437 yields/s	279 preempts/s
210011 milliseconds	3149 MB/s	1138 short_reads/s	0 short_writes_echo/s	38 cpu_user_milliseconds	869 cpu_system_milliseconds	0 minor_page_faults/s	0 major_page_faults/s	2572 yields/s	382 preempts/s
211011 milliseconds	3108 MB/s	999 short_reads/s	0 short_writes_echo/s	37 cpu_user_milliseconds	882 cpu_system_milliseconds	0 minor_page_faults/s	0 major_page_faults/s	2025 yields/s	376 preempts/s
212011 milliseconds	2664 MB/s	1285 short_reads/s	0 short_writes_echo/s	19 cpu_user_milliseconds	833 cpu_system_milliseconds	0 minor_page_faults/s	0 major_page_faults/s	3267 yields/s	459 preempts/s
213011 milliseconds	2343 MB/s	1830 short_reads/s	0 short_writes_echo/s	34 cpu_user_milliseconds	751 cpu_system_milliseconds	0 minor_page_faults/s	0 major_page_faults/s	4552 yields/s	818 preempts/s
214011 milliseconds	2304 MB/s	1943 short_reads/s	0 short_writes_echo/s	23 cpu_user_milliseconds	757 cpu_system_milliseconds	0 minor_page_faults/s	0 major_page_faults/s	5025 yields/s	752 preempts/s
215011 milliseconds	2542 MB/s	2216 short_reads/s	0 short_writes_echo/s	26 cpu_user_milliseconds	817 cpu_system_milliseconds	0 minor_page_faults/s	0 major_page_faults/s	3946 yields/s	684 preempts/s
216011 milliseconds	2380 MB/s	2036 short_reads/s	0 short_writes_echo/s	26 cpu_user_milliseconds	762 cpu_system_milliseconds	0 minor_page_faults/s	0 major_page_faults/s	4923 yields/s	682 preempts/s
217011 milliseconds	2256 MB/s	1912 short_reads/s	0 short_writes_echo/s	28 cpu_user_milliseconds	733 cpu_system_milliseconds	0 minor_page_faults/s	0 major_page_faults/s	4869 yields/s	1016 preempts/s
218011 milliseconds	2776 MB/s	1357 short_reads/s	0 short_writes_echo/s	28 cpu_user_milliseconds	815 cpu_system_milliseconds	0 minor_page_faults/s	0 major_page_faults/s	3336 yields/s	571 preempts/s
219011 milliseconds	2628 MB/s	1346 short_reads/s	0 short_writes_echo/s	23 cpu_user_milliseconds	820 cpu_system_milliseconds	0 minor_page_faults/s	0 major_page_faults/s	3618 yields/s	687 preempts/s
220011 milliseconds	2830 MB/s	1078 short_reads/s	0 short_writes_echo/s	23 cpu_user_milliseconds	850 cpu_system_milliseconds	0 minor_page_faults/s	0 major_page_faults/s	2886 yields/s	499 preempts/s
221011 milliseconds	2854 MB/s	1266 short_reads/s	0 short_writes_echo/s	30 cpu_user_milliseconds	844 cpu_system_milliseconds	0 minor_page_faults/s	0 major_page_faults/s	3049 yields/s	591 preempts/s
222011 milliseconds	2531 MB/s	1445 short_reads/s	0 short_writes_echo/s	29 cpu_user_milliseconds	798 cpu_system_milliseconds	0 minor_page_faults/s	0 major_page_faults/s	3372 yields/s	594 preempts/s
223012 milliseconds	3110 MB/s	890 short_reads/s	0 short_writes_echo/s	21 cpu_user_milliseconds	891 cpu_system_milliseconds	0 minor_page_faults/s	0 major_page_faults/s	2223 yields/s	379 preempts/s
224012 milliseconds	2647 MB/s	1447 short_reads/s	0 short_writes_echo/s	23 cpu_user_milliseconds	832 cpu_system_milliseconds	0 minor_page_faults/s	0 major_page_faults/s	3562 yields/s	595 preempts/s
225012 milliseconds	2706 MB/s	1497 short_reads/s	0 short_writes_echo/s	36 cpu_user_milliseconds	806 cpu_system_milliseconds	0 minor_page_faults/s	0 major_page_faults/s	3768 yields/s	564 preempts/s
226012 milliseconds	2796 MB/s	1361 short_reads/s	0 short_writes_echo/s	24 cpu_user_milliseconds	840 cpu_system_milliseconds	0 minor_page_faults/s	0 major_page_faults/s	3343 yields/s	557 preempts/s
227012 milliseconds	2576 MB/s	1231 short_reads/s	0 short_writes_echo/s	33 cpu_user_milliseconds	800 cpu_system_milliseconds	0 minor_page_faults/s	0 major_page_faults/s	3328 yields/s	664 preempts/s
228012 milliseconds	2569 MB/s	1680 short_reads/s	0 short_writes_echo/s	29 cpu_user_milliseconds	789 cpu_system_milliseconds	0 minor_page_faults/s	0 major_page_faults/s	4631 yields/s	553 preempts/s
229012 milliseconds	2641 MB/s	1557 short_reads/s	0 short_writes_echo/s	28 cpu_user_milliseconds	833 cpu_system_milliseconds	0 minor_page_faults/s	0 major_page_faults/s	3136 yields/s	710 preempts/s
230012 milliseconds	2684 MB/s	1737 short_reads/s	0 short_writes_echo/s	30 cpu_user_milliseconds	824 cpu_system_milliseconds	0 minor_page_faults/s	0 major_page_faults/s	3273 yields/s	548 preempts/s
231012 milliseconds	3051 MB/s	1180 short_reads/s	0 short_writes_echo/s	36 cpu_user_milliseconds	881 cpu_system_milliseconds	0 minor_page_faults/s	0 major_page_faults/s	2695 yields/s	350 preempts/s
232012 milliseconds	2794 MB/s	1113 short_reads/s	0 short_writes_echo/s	30 cpu_user_milliseconds	849 cpu_system_milliseconds	0 minor_page_faults/s	0 major_page_faults/s	2889 yields/s	505 preempts/s
233012 milliseconds	2668 MB/s	1694 short_reads/s	0 short_writes_echo/s	18 cpu_user_milliseconds	831 cpu_system_milliseconds	0 minor_page_faults/s	0 major_page_faults/s	3285 yields/s	490 preempts/s
234012 milliseconds	2015 MB/s	1549 short_reads/s	0 short_writes_echo/s	29 cpu_user_milliseconds	668 cpu_system_milliseconds	0 minor_page_faults/s	0 major_page_faults/s	4798 yields/s	866 preempts/s
235012 milliseconds	2266 MB/s	1424 short_reads/s	0 short_writes_echo/s	26 cpu_user_milliseconds	717 cpu_system_milliseconds	0 minor_page_faults/s	0 major_page_faults/s	4158 yields/s	947 preempts/s
236012 milliseconds	2335 MB/s	1264 short_reads/s	0 short_writes_echo/s	17 cpu_user_milliseconds	745 cpu_system_milliseconds	0 minor_page_faults/s	0 major_page_faults/s	3622 yields/s	643 preempts/s
237012 milliseconds	2526 MB/s	1405 short_reads/s	0 short_writes_echo/s	27 cpu_user_milliseconds	791 cpu_system_milliseconds	0 minor_page_faults/s	0 major_page_faults/s	3477 yields/s	757 preempts/s
238012 milliseconds	2570 MB/s	1523 short_reads/s	0 short_writes_echo/s	21 cpu_user_milliseconds	804 cpu_system_milliseconds	0 minor_page_faults/s	0 major_page_faults/s	3876 yields/s	568 preempts/s
239012 milliseconds	2858 MB/s	1321 short_reads/s	0 short_writes_echo/s	28 cpu_user_milliseconds	862 cpu_system_milliseconds	0 minor_page_faults/s	0 major_page_faults/s	2678 yields/s	461 preempts/s
240012 milliseconds	2522 MB/s	1612 short_reads/s	0 short_writes_echo/s	33 cpu_user_milliseconds	771 cpu_system_milliseconds	0 minor_page_faults/s	0 major_page_faults/s	4135 yields/s	586 preempts/s
