1000 milliseconds	2204 MB/s	3 short_reads/s	0 short_writes_echo/s	21 cpu_user_milliseconds	955 cpu_system_milliseconds	223 minor_page_faults/s	0 major_page_faults/s	4 yields/s	290 preempts/s
2000 milliseconds	2224 MB/s	0 short_reads/s	0 short_writes_echo/s	22 cpu_user_milliseconds	961 cpu_system_milliseconds	3 minor_page_faults/s	0 major_page_faults/s	0 yields/s	184 preempts/s
3000 milliseconds	2159 MB/s	0 short_reads/s	0 short_writes_echo/s	23 cpu_user_milliseconds	961 cpu_system_milliseconds	0 minor_page_faults/s	0 major_page_faults/s	0 yields/s	188 preempts/s
4000 milliseconds	2216 MB/s	0 short_reads/s	0 short_writes_echo/s	17 cpu_user_milliseconds	961 cpu_system_milliseconds	0 minor_page_faults/s	0 major_page_faults/s	0 yields/s	273 preempts/s
5000 milliseconds	2005 MB/s	23 short_reads/s	0 short_writes_echo/s	23 cpu_user_milliseconds	945 cpu_system_milliseconds	0 minor_page_faults/s	0 major_page_faults/s	24 yields/s	251 preempts/s
6000 milliseconds	1885 MB/s	11 short_reads/s	0 short_writes_echo/s	14 cpu_user_milliseconds	912 cpu_system_milliseconds	0 minor_page_faults/s	0 major_page_faults/s	13 yields/s	521 preempts/s
7000 milliseconds	1962 MB/s	2 short_reads/s	0 short_writes_echo/s	23 cpu_user_milliseconds	928 cpu_system_milliseconds	0 minor_page_faults/s	0 major_page_faults/s	8 yields/s	437 preempts/s
8000 milliseconds	1877 MB/s	48 short_reads/s	0 short_writes_echo/s	27 cpu_user_milliseconds	893 cpu_system_milliseconds	0 minor_page_faults/s	0 major_page_faults/s	63 yields/s	540 preempts/s
9000 milliseconds	1943 MB/s	75 short_reads/s	0 short_writes_echo/s	26 cpu_user_milliseconds	892 cpu_system_milliseconds	0 minor_page_faults/s	0 major_page_faults/s	36 yields/s	462 preempts/s
10000 milliseconds	1864 MB/s	10 short_reads/s	0 short_writes_echo/s	30 cpu_user_milliseconds	891 cpu_system_milliseconds	0 minor_page_faults/s	0 major_page_faults/s	12 yields/s	587 preempts/s
11000 milliseconds	2117 MB/s	0 short_reads/s	0 short_writes_echo/s	25 cpu_user_milliseconds	951 cpu_system_milliseconds	0 minor_page_faults/s	0 major_page_faults/s	1 yields/s	253 preempts/s
12000 milliseconds	2214 MB/s	0 short_reads/s	0 short_writes_echo/s	19 cpu_user_milliseconds	955 cpu_system_milliseconds	0 minor_page_faults/s	0 major_page_faults/s	0 yields/s	274 preempts/s
13000 milliseconds	2106 MB/s	0 short_reads/s	0 short_writes_echo/s	18 cpu_user_milliseconds	944 cpu_system_milliseconds	0 minor_page_faults/s	0 major_page_faults/s	0 yields/s	451 preempts/s
14000 milliseconds	2143 MB/s	0 short_reads/s	0 short_writes_echo/s	23 cpu_user_milliseconds	951 cpu_system_milliseconds	0 minor_page_faults/s	0 major_page_faults/s	2 yields/s	217 preempts/s
15000 milliseconds	2224 MB/s	0 short_reads/s	0 short_writes_echo/s	21 cpu_user_milliseconds	961 cpu_system_milliseconds	0 minor_page_faults/s	0 major_page_faults/s	0 yields/s	184 preempts/s
16000 milliseconds	2150 MB/s	1 short_reads/s	0 short_writes_echo/s	11 cpu_user_milliseconds	953 cpu_system_milliseconds	0 minor_page_faults/s	0 major_page_faults/s	3 yields/s	271 preempts/s
17000 milliseconds	2222 MB/s	0 short_reads/s	0 short_writes_echo/s	23 cpu_user_milliseconds	945 cpu_system_milliseconds	0 minor_page_faults/s	0 major_page_faults/s	0 yields/s	477 preempts/s
18000 milliseconds	2121 MB/s	0 short_reads/s	0 short_writes_echo/s	27 cpu_user_milliseconds	930 cpu_system_milliseconds	0 minor_page_faults/s	0 major_page_faults/s	0 yields/s	507 preempts/s
19000 milliseconds	2253 MB/s	0 short_reads/s	0 short_writes_echo/s	25 cpu_user_milliseconds	941 cpu_system_milliseconds	0 minor_page_faults/s	0 major_page_faults/s	0 yields/s	321 preempts/s
20000 milliseconds	2103 MB/s	0 short_reads/s	0 short_writes_echo/s	19 cpu_user_milliseconds	948 cpu_system_milliseconds	0 minor_page_faults/s	0 major_page_faults/s	0 yields/s	429 preempts/s
21000 milliseconds	2177 MB/s	0 short_reads/s	0 short_writes_echo/s	28 cpu_user_milliseconds	933 cpu_system_milliseconds	0 minor_page_faults/s	0 major_page_faults/s	0 yields/s	386 preempts/s
22001 milliseconds	2072 MB/s	0 short_reads/s	0 short_writes_echo/s	27 cpu_user_milliseconds	934 cpu_system_milliseconds	0 minor_page_faults/s	0 major_page_faults/s	0 yields/s	386 preempts/s
23001 milliseconds	2033 MB/s	0 short_reads/s	0 short_writes_echo/s	24 cpu_user_milliseconds	935 cpu_system_milliseconds	0 minor_page_faults/s	0 major_page_faults/s	0 yields/s	458 preempts/s
24001 milliseconds	2059 MB/s	0 short_reads/s	0 short_writes_echo/s	16 cpu_user_milliseconds	923 cpu_system_milliseconds	0 minor_page_faults/s	0 major_page_faults/s	4 yields/s	606 preempts/s
25001 milliseconds	2078 MB/s	0 short_reads/s	0 short_writes_echo/s	20 cpu_user_milliseconds	949 cpu_system_milliseconds	0 minor_page_faults/s	0 major_page_faults/s	2 yields/s	361 preempts/s
26001 milliseconds	2290 MB/s	0 short_reads/s	0 short_writes_echo/s	18 cpu_user_milliseconds	975 cpu_system_milliseconds	0 minor_page_faults/s	0 major_page_faults/s	0 yields/s	79 preempts/s
27001 milliseconds	2132 MB/s	1 short_reads/s	0 short_writes_echo/s	15 cpu_user_milliseconds	950 cpu_system_milliseconds	0 minor_page_faults/s	0 major_page_faults/s	4 yields/s	240 preempts/s
28001 milliseconds	1898 MB/s	26 short_reads/s	0 short_writes_echo/s	21 cpu_user_milliseconds	897 cpu_system_milliseconds	0 minor_page_faults/s	0 major_page_faults/s	11 yields/s	611 preempts/s
29001 milliseconds	2089 MB/s	0 short_reads/s	0 short_writes_echo/s	27 cpu_user_milliseconds	929 cpu_system_milliseconds	0 minor_page_faults/s	0 major_page_faults/s	1 yields/s	411 preempts/s
30001 milliseconds	2136 MB/s	77 short_reads/s	0 short_writes_echo/s	30 cpu_user_milliseconds	945 cpu_system_milliseconds	0 minor_page_faults/s	0 major_page_faults/s	29 yields/s	164 preempts/s
31001 milliseconds	2298 MB/s	0 short_reads/s	0 short_writes_echo/s	24 cpu_user_milliseconds	968 cpu_system_milliseconds	0 minor_page_faults/s	0 major_page_faults/s	0 yields/s	56 preempts/s
32001 milliseconds	2157 MB/s	0 short_reads/s	0 short_writes_echo/s	20 cpu_user_milliseconds	965 cpu_system_milliseconds	0 minor_page_faults/s	0 major_page_faults/s	0 yields/s	151 preempts/s
33001 milliseconds	2065 MB/s	32 short_reads/s	0 short_writes_echo/s	21 cpu_user_milliseconds	928 cpu_system_milliseconds	0 minor_page_faults/s	0 major_page_faults/s	13 yields/s	396 preempts/s
34001 milliseconds	1833 MB/s	28 short_reads/s	0 short_writes_echo/s	25 cpu_user_milliseconds	873 cpu_system_milliseconds	0 minor_page_faults/s	0 major_page_faults/s	26 yields/s	610 preempts/s
35001 milliseconds	2043 MB/s	0 short_reads/s	0 short_writes_echo/s	30 cpu_user_milliseconds	919 cpu_system_milliseconds	0 minor_page_faults/s	0 major_page_faults/s	6 yields/s	414 preempts/s
36001 milliseconds	2157 MB/s	0 short_reads/s	0 short_writes_echo/s	22 cpu_user_milliseconds	954 cpu_system_milliseconds	0 minor_page_faults/s	0 major_page_faults/s	0 yields/s	295 preempts/s
37001 milliseconds	2238 MB/s	0 short_reads/s	0 short_writes_echo/s	22 cpu_user_milliseconds	965 cpu_system_milliseconds	0 minor_page_faults/s	0 major_page_faults/s	0 yields/s	154 preempts/s
38001 milliseconds	2174 MB/s	61 short_reads/s	0 short_writes_echo/s	18 cpu_user_milliseconds	945 cpu_system_milliseconds	0 minor_page_faults/s	0 major_page_faults/s	16 yields/s	343 preempts/s
39001 milliseconds	2209 MB/s	2 short_reads/s	0 short_writes_echo/s	30 cpu_user_milliseconds	942 cpu_system_milliseconds	0 minor_page_faults/s	0 major_page_faults/s	2 yields/s	313 preempts/s
40001 milliseconds	2166 MB/s	0 short_reads/s	0 short_writes_echo/s	25 cpu_user_milliseconds	931 cpu_system_milliseconds	0 minor_page_faults/s	0 major_page_faults/s	0 yields/s	500 preempts/s
41001 milliseconds	1933 MB/s	0 short_reads/s	0 short_writes_echo/s	20 cpu_user_milliseconds	904 cpu_system_milliseconds	0 minor_page_faults/s	0 major_page_faults/s	7 yields/s	648 preempts/s
42001 milliseconds	2084 MB/s	8 short_reads/s	0 short_writes_echo/s	26 cpu_user_milliseconds	921 cpu_system_milliseconds	0 minor_page_faults/s	0 major_page_faults/s	10 yields/s	516 preempts/s
43001 milliseconds	2231 MB/s	0 short_reads/s	0 short_writes_echo/s	23 cpu_user_milliseconds	945 cpu_system_milliseconds	0 minor_page_faults/s	0 major_page_faults/s	0 yields/s	387 preempts/s
44001 milliseconds	2189 MB/s	0 short_reads/s	0 short_writes_echo/s	20 cpu_user_milliseconds	951 cpu_system_milliseconds	0 minor_page_faults/s	0 major_page_faults/s	0 yields/s	318 preempts/s
45001 milliseconds	2184 MB/s	0 short_reads/s	0 short_writes_echo/s	23 cpu_user_milliseconds	949 cpu_system_milliseconds	0 minor_page_faults/s	0 major_page_faults/s	0 yields/s	277 preempts/s
46001 milliseconds	2018 MB/s	23 short_reads/s	0 short_writes_echo/s	22 cpu_user_milliseconds	925 cpu_system_milliseconds	0 minor_page_faults/s	0 major_page_faults/s	23 yields/s	406 preempts/s
47002 milliseconds	2226 MB/s	1 short_reads/s	0 short_writes_echo/s	22 cpu_user_milliseconds	949 cpu_system_milliseconds	0 minor_page_faults/s	0 major_page_faults/s	2 yields/s	269 preempts/s
48002 milliseconds	2077 MB/s	0 short_reads/s	0 short_writes_echo/s	16 cpu_user_milliseconds	946 cpu_system_milliseconds	0 minor_page_faults/s	0 major_page_faults/s	0 yields/s	447 preempts/s
49002 milliseconds	2246 MB/s	8 short_reads/s	0 short_writes_echo/s	22 cpu_user_milliseconds	950 cpu_system_milliseconds	0 minor_page_faults/s	0 major_page_faults/s	4 yields/s	230 preempts/s
50002 milliseconds	2163 MB/s	0 short_reads/s	0 short_writes_echo/s	16 cpu_user_milliseconds	967 cpu_system_milliseconds	0 minor_page_faults/s	0 major_page_faults/s	0 yields/s	212 preempts/s
51002 milliseconds	2255 MB/s	0 short_reads/s	0 short_writes_echo/s	19 cpu_user_milliseconds	963 cpu_system_milliseconds	0 minor_page_faults/s	0 major_page_faults/s	0 yields/s	228 preempts/s
52002 milliseconds	2192 MB/s	0 short_reads/s	0 short_writes_echo/s	18 cpu_user_milliseconds	971 cpu_system_milliseconds	0 minor_page_faults/s	0 major_page_faults/s	0 yields/s	123 preempts/s
53002 milliseconds	2181 MB/s	0 short_reads/s	0 short_writes_echo/s	23 cpu_user_milliseconds	949 cpu_system_milliseconds	0 minor_page_faults/s	0 major_page_faults/s	1 yields/s	284 preempts/s
54002 milliseconds	2162 MB/s	0 short_reads/s	0 short_writes_echo/s	28 cpu_user_milliseconds	941 cpu_system_milliseconds	0 minor_page_faults/s	0 major_page_faults/s	0 yields/s	389 preempts/s
55002 milliseconds	2198 MB/s	3 short_reads/s	0 short_writes_echo/s	25 cpu_user_milliseconds	944 cpu_system_milliseconds	0 minor_page_faults/s	0 major_page_faults/s	2 yields/s	476 preempts/s
56002 milliseconds	2194 MB/s	0 short_reads/s	0 short_writes_echo/s	12 cpu_user_milliseconds	967 cpu_system_milliseconds	0 minor_page_faults/s	0 major_page_faults/s	0 yields/s	240 preempts/s
57002 milliseconds	2218 MB/s	3 short_reads/s	0 short_writes_echo/s	23 cpu_user_milliseconds	950 cpu_system_milliseconds	0 minor_page_faults/s	0 major_page_faults/s	3 yields/s	222 preempts/s
58002 milliseconds	2176 MB/s	0 short_reads/s	0 short_writes_echo/s	24 cpu_user_milliseconds	940 cpu_system_milliseconds	0 minor_page_faults/s	0 major_page_faults/s	0 yields/s	282 preempts/s
59002 milliseconds	2152 MB/s	0 short_reads/s	0 short_writes_echo/s	29 cpu_user_milliseconds	928 cpu_system_milliseconds	0 minor_page_faults/s	0 major_page_faults/s	0 yields/s	496 preempts/s
60002 milliseconds	2111 MB/s	0 short_reads/s	0 short_writes_echo/s	21 cpu_user_milliseconds	937 cpu_system_milliseconds	0 minor_page_faults/s	0 major_page_faults/s	1 yields/s	505 preempts/s
61002 milliseconds	2135 MB/s	0 short_reads/s	0 short_writes_echo/s	23 cpu_user_milliseconds	957 cpu_system_milliseconds	0 minor_page_faults/s	0 major_page_faults/s	0 yields/s	221 preempts/s
62002 milliseconds	2182 MB/s	7 short_reads/s	0 short_writes_echo/s	22 cpu_user_milliseconds	945 cpu_system_milliseconds	0 minor_page_faults/s	0 major_page_faults/s	9 yields/s	288 preempts/s
63002 milliseconds	2202 MB/s	0 short_reads/s	0 short_writes_echo/s	20 cpu_user_milliseconds	969 cpu_system_milliseconds	0 minor_page_faults/s	0 major_page_faults/s	0 yields/s	70 preempts/s
64002 milliseconds	2144 MB/s	0 short_reads/s	0 short_writes_echo/s	18 cpu_user_milliseconds	971 cpu_system_milliseconds	0 minor_page_faults/s	0 major_page_faults/s	0 yields/s	122 preempts/s
65003 milliseconds	1885 MB/s	0 short_reads/s	0 short_writes_echo/s	16 cpu_user_milliseconds	895 cpu_system_milliseconds	0 minor_page_faults/s	0 major_page_faults/s	14 yields/s	754 preempts/s
66003 milliseconds	1944 MB/s	97 short_reads/s	0 short_writes_echo/s	16 cpu_user_milliseconds	919 cpu_system_milliseconds	0 minor_page_faults/s	0 major_page_faults/s	31 yields/s	464 preempts/s
67003 milliseconds	1913 MB/s	0 short_reads/s	0 short_writes_echo/s	19 cpu_user_milliseconds	905 cpu_system_milliseconds	0 minor_page_faults/s	0 major_page_faults/s	1 yields/s	788 preempts/s
68003 milliseconds	1838 MB/s	10 short_reads/s	0 short_writes_echo/s	19 cpu_user_milliseconds	880 cpu_system_milliseconds	0 minor_page_faults/s	0 major_page_faults/s	23 yields/s	914 preempts/s
69003 milliseconds	1869 MB/s	187 short_reads/s	0 short_writes_echo/s	24 cpu_user_milliseconds	885 cpu_system_milliseconds	0 minor_page_faults/s	0 major_page_faults/s	48 yields/s	553 preempts/s
70003 milliseconds	1911 MB/s	6 short_reads/s	0 short_writes_echo/s	28 cpu_user_milliseconds	909 cpu_system_milliseconds	0 minor_page_faults/s	0 major_page_faults/s	11 yields/s	559 preempts/s
71003 milliseconds	2214 MB/s	0 short_reads/s	0 short_writes_echo/s	19 cpu_user_milliseconds	962 cpu_system_milliseconds	0 minor_page_faults/s	0 major_page_faults/s	5 yields/s	166 preempts/s
72003 milliseconds	2227 MB/s	0 short_reads/s	0 short_writes_echo/s	27 cpu_user_milliseconds	960 cpu_system_milliseconds	0 minor_page_faults/s	0 major_page_faults/s	0 yields/s	123 preempts/s
73003 milliseconds	2169 MB/s	0 short_reads/s	0 short_writes_echo/s	19 cpu_user_milliseconds	975 cpu_system_milliseconds	0 minor_page_faults/s	0 major_page_faults/s	0 yields/s	74 preempts/s
74003 milliseconds	2170 MB/s	0 short_reads/s	0 short_writes_echo/s	20 cpu_user_milliseconds	975 cpu_system_milliseconds	0 minor_page_faults/s	0 major_page_faults/s	0 yields/s	67 preempts/s
75003 milliseconds	2198 MB/s	0 short_reads/s	0 short_writes_echo/s	21 cpu_user_milliseconds	954 cpu_system_milliseconds	0 minor_page_faults/s	0 major_page_faults/s	0 yields/s	284 preempts/s
76003 milliseconds	2187 MB/s	0 short_reads/s	0 short_writes_echo/s	21 cpu_user_milliseconds	960 cpu_system_milliseconds	0 minor_page_faults/s	0 major_page_faults/s	1 yields/s	246 preempts/s
77003 milliseconds	2203 MB/s	0 short_reads/s	0 short_writes_echo/s	20 cpu_user_milliseconds	976 cpu_system_milliseconds	0 minor_page_faults/s	0 major_page_faults/s	0 yields/s	48 preempts/s
78003 milliseconds	2119 MB/s	0 short_reads/s	0 short_writes_echo/s	28 cpu_user_milliseconds	958 cpu_system_milliseconds	0 minor_page_faults/s	0 major_page_faults/s	0 yields/s	126 preempts/s
79003 milliseconds	2209 MB/s	0 short_reads/s	0 short_writes_echo/s	14 cpu_user_milliseconds	952 cpu_system_milliseconds	0 minor_page_faults/s	0 major_page_faults/s	0 yields/s	343 preempts/s
80003 milliseconds	2164 MB/s	44 short_reads/s	0 short_writes_echo/s	14 cpu_user_milliseconds	953 cpu_system_milliseconds	0 minor_page_faults/s	0 major_page_faults/s	21 yields/s	468 preempts/s
81003 milliseconds	2178 MB/s	0 short_reads/s	0 short_writes_echo/s	21 cpu_user_milliseconds	968 cpu_system_milliseconds	0 minor_page_faults/s	0 major_page_faults/s	0 yields/s	100 preempts/s
82003 milliseconds	2187 MB/s	0 short_reads/s	0 short_writes_echo/s	16 cpu_user_milliseconds	965 cpu_system_milliseconds	0 minor_page_faults/s	0 major_page_faults/s	0 yields/s	172 preempts/s
83003 milliseconds	2169 MB/s	4 short_reads/s	0 short_writes_echo/s	22 cpu_user_milliseconds	965 cpu_system_milliseconds	0 minor_page_faults/s	0 major_page_faults/s	2 yields/s	78 preempts/s
84003 milliseconds	2044 MB/s	21 short_reads/s	0 short_writes_echo/s	13 cpu_user_milliseconds	899 cpu_system_milliseconds	0 minor_page_faults/s	0 major_page_faults/s	28 yields/s	600 preempts/s
85003 milliseconds	2188 MB/s	0 short_reads/s	0 short_writes_echo/s	21 cpu_user_milliseconds	971 cpu_system_milliseconds	0 minor_page_faults/s	0 major_page_faults/s	0 yields/s	78 preempts/s
86003 milliseconds	2246 MB/s	0 short_reads/s	0 short_writes_echo/s	28 cpu_user_milliseconds	956 cpu_system_milliseconds	0 minor_page_faults/s	0 major_page_faults/s	3 yields/s	130 preempts/s
87003 milliseconds	2223 MB/s	0 short_reads/s	0 short_writes_echo/s	22 cpu_user_milliseconds	965 cpu_system_milliseconds	0 minor_page_faults/s	0 major_page_faults/s	0 yields/s	153 preempts/s
88004 milliseconds	2082 MB/s	1 short_reads/s	0 short_writes_echo/s	21 cpu_user_milliseconds	942 cpu_system_milliseconds	0 minor_page_faults/s	0 major_page_faults/s	3 yields/s	214 preempts/s
89004 milliseconds	2195 MB/s	0 short_reads/s	0 short_writes_echo/s	19 cpu_user_milliseconds	969 cpu_system_milliseconds	0 minor_page_faults/s	0 major_page_faults/s	0 yields/s	133 preempts/s
90004 milliseconds	2247 MB/s	0 short_reads/s	0 short_writes_echo/s	27 cpu_user_milliseconds	961 cpu_system_milliseconds	0 minor_page_faults/s	0 major_page_faults/s	1 yields/s	85 preempts/s
91004 milliseconds	2211 MB/s	0 short_reads/s	0 short_writes_echo/s	17 cpu_user_milliseconds	961 cpu_system_milliseconds	0 minor_page_faults/s	0 major_page_faults/s	1 yields/s	215 preempts/s
92004 milliseconds	2162 MB/s	0 short_reads/s	0 short_writes_echo/s	37 cpu_user_milliseconds	932 cpu_system_milliseconds	0 minor_page_faults/s	0 major_page_faults/s	0 yields/s	296 preempts/s
93004 milliseconds	2154 MB/s	0 short_reads/s	0 short_writes_echo/s	21 cpu_user_milliseconds	946 cpu_system_milliseconds	0 minor_page_faults/s	0 major_page_faults/s	0 yields/s	346 preempts/s
94004 milliseconds	2196 MB/s	0 short_reads/s	0 short_writes_echo/s	28 cpu_user_milliseconds	945 cpu_system_milliseconds	0 minor_page_faults/s	0 major_page_faults/s	0 yields/s	309 preempts/s
95004 milliseconds	2023 MB/s	4 short_reads/s	0 short_writes_echo/s	20 cpu_user_milliseconds	949 cpu_system_milliseconds	0 minor_page_faults/s	0 major_page_faults/s	5 yields/s	219 preempts/s
96004 milliseconds	1858 MB/s	11 short_reads/s	0 short_writes_echo/s	28 cpu_user_milliseconds	880 cpu_system_milliseconds	0 minor_page_faults/s	0 major_page_faults/s	18 yields/s	722 preempts/s
97004 milliseconds	1903 MB/s	0 short_reads/s	0 short_writes_echo/s	30 cpu_user_milliseconds	886 cpu_system_milliseconds	0 minor_page_faults/s	0 major_page_faults/s	1 yields/s	599 preempts/s
98004 milliseconds	1843 MB/s	12 short_reads/s	0 short_writes_echo/s	21 cpu_user_milliseconds	894 cpu_system_milliseconds	0 minor_page_faults/s	0 major_page_faults/s	9 yields/s	642 preempts/s
99004 milliseconds	1887 MB/s	147 short_reads/s	0 short_writes_echo/s	19 cpu_user_milliseconds	901 cpu_system_milliseconds	0 minor_page_faults/s	0 major_page_faults/s	12 yields/s	644 preempts/s
100004 milliseconds	1988 MB/s	6 short_reads/s	0 short_writes_echo/s	20 cpu_user_milliseconds	919 cpu_system_milliseconds	0 minor_page_faults/s	0 major_page_faults/s	10 yields/s	537 preempts/s
101004 milliseconds	2221 MB/s	0 short_reads/s	0 short_writes_echo/s	20 cpu_user_milliseconds	951 cpu_system_milliseconds	0 minor_page_faults/s	0 major_page_faults/s	0 yields/s	285 preempts/s
102004 milliseconds	1886 MB/s	0 short_reads/s	0 short_writes_echo/s	31 cpu_user_milliseconds	893 cpu_system_milliseconds	0 minor_page_faults/s	0 major_page_faults/s	7 yields/s	546 preempts/s
103005 milliseconds	1769 MB/s	24 short_reads/s	0 short_writes_echo/s	24 cpu_user_milliseconds	873 cpu_system_milliseconds	0 minor_page_faults/s	0 major_page_faults/s	31 yields/s	769 preempts/s
104005 milliseconds	1793 MB/s	65 short_reads/s	0 short_writes_echo/s	25 cpu_user_milliseconds	854 cpu_system_milliseconds	0 minor_page_faults/s	0 major_page_faults/s	31 yields/s	896 preempts/s
105005 milliseconds	1797 MB/s	12 short_reads/s	0 short_writes_echo/s	28 cpu_user_milliseconds	865 cpu_system_milliseconds	0 minor_page_faults/s	0 major_page_faults/s	15 yields/s	713 preempts/s
106005 milliseconds	1796 MB/s	81 short_reads/s	0 short_writes_echo/s	14 cpu_user_milliseconds	847 cpu_system_milliseconds	0 minor_page_faults/s	0 major_page_faults/s	94 yields/s	797 preempts/s
107005 milliseconds	1889 MB/s	25 short_reads/s	0 short_writes_echo/s	37 cpu_user_milliseconds	900 cpu_system_milliseconds	0 minor_page_faults/s	0 major_page_faults/s	19 yields/s	465 preempts/s
108005 milliseconds	2066 MB/s	0 short_reads/s	0 short_writes_echo/s	21 cpu_user_milliseconds	945 cpu_system_milliseconds	0 minor_page_faults/s	0 major_page_faults/s	0 yields/s	321 preempts/s
109005 milliseconds	2189 MB/s	6 short_reads/s	0 short_writes_echo/s	33 cpu_user_milliseconds	956 cpu_system_milliseconds	0 minor_page_faults/s	0 major_page_faults/s	5 yields/s	124 preempts/s
110005 milliseconds	2055 MB/s	0 short_reads/s	0 short_writes_echo/s	29 cpu_user_milliseconds	930 cpu_system_milliseconds	0 minor_page_faults/s	0 major_page_faults/s	4 yields/s	359 preempts/s
111006 milliseconds	2026 MB/s	11 short_reads/s	0 short_writes_echo/s	28 cpu_user_milliseconds	906 cpu_system_milliseconds	0 minor_page_faults/s	0 major_page_faults/s	11 yields/s	370 preempts/s
112006 milliseconds	1940 MB/s	0 short_reads/s	0 short_writes_echo/s	28 cpu_user_milliseconds	901 cpu_system_milliseconds	0 minor_page_faults/s	0 major_page_faults/s	6 yields/s	666 preempts/s
113006 milliseconds	2161 MB/s	10 short_reads/s	0 short_writes_echo/s	21 cpu_user_milliseconds	950 cpu_system_milliseconds	0 minor_page_faults/s	0 major_page_faults/s	16 yields/s	215 preempts/s
114006 milliseconds	2141 MB/s	0 short_reads/s	0 short_writes_echo/s	29 cpu_user_milliseconds	948 cpu_system_milliseconds	0 minor_page_faults/s	0 major_page_faults/s	0 yields/s	216 preempts/s
115006 milliseconds	2192 MB/s	0 short_reads/s	0 short_writes_echo/s	27 cpu_user_milliseconds	945 cpu_system_milliseconds	0 minor_page_faults/s	0 major_page_faults/s	0 yields/s	307 preempts/s
116006 milliseconds	2205 MB/s	0 short_reads/s	0 short_writes_echo/s	14 cpu_user_milliseconds	973 cpu_system_milliseconds	0 minor_page_faults/s	0 major_page_faults/s	1 yields/s	128 preempts/s
117006 milliseconds	2219 MB/s	17 short_reads/s	0 short_writes_echo/s	24 cpu_user_milliseconds	968 cpu_system_milliseconds	0 minor_page_faults/s	0 major_page_faults/s	4 yields/s	68 preempts/s
118006 milliseconds	2213 MB/s	0 short_reads/s	0 short_writes_echo/s	24 cpu_user_milliseconds	949 cpu_system_milliseconds	0 minor_page_faults/s	0 major_page_faults/s	0 yields/s	260 preempts/s
119006 milliseconds	2166 MB/s	13 short_reads/s	0 short_writes_echo/s	17 cpu_user_milliseconds	943 cpu_system_milliseconds	0 minor_page_faults/s	0 major_page_faults/s	15 yields/s	477 preempts/s
120007 milliseconds	2120 MB/s	0 short_reads/s	0 short_writes_echo/s	15 cpu_user_milliseconds	964 cpu_system_milliseconds	0 minor_page_faults/s	0 major_page_faults/s	0 yields/s	259 preempts/s
121007 milliseconds	2283 MB/s	0 short_reads/s	0 short_writes_echo/s	18 cpu_user_milliseconds	962 cpu_system_milliseconds	0 minor_page_faults/s	0 major_page_faults/s	0 yields/s	221 preempts/s
122007 milliseconds	2134 MB/s	0 short_reads/s	0 short_writes_echo/s	22 cpu_user_milliseconds	943 cpu_system_milliseconds	0 minor_page_faults/s	0 major_page_faults/s	0 yields/s	426 preempts/s
123007 milliseconds	2180 MB/s	0 short_reads/s	0 short_writes_echo/s	19 cpu_user_milliseconds	965 cpu_system_milliseconds	0 minor_page_faults/s	0 major_page_faults/s	0 yields/s	140 preempts/s
124007 milliseconds	2232 MB/s	105 short_reads/s	0 short_writes_echo/s	14 cpu_user_milliseconds	954 cpu_system_milliseconds	0 minor_page_faults/s	0 major_page_faults/s	15 yields/s	414 preempts/s
125007 milliseconds	2056 MB/s	46 short_reads/s	0 short_writes_echo/s	26 cpu_user_milliseconds	922 cpu_system_milliseconds	0 minor_page_faults/s	0 major_page_faults/s	15 yields/s	405 preempts/s
126007 milliseconds	1927 MB/s	4 short_reads/s	0 short_writes_echo/s	21 cpu_user_milliseconds	904 cpu_system_milliseconds	0 minor_page_faults/s	0 major_page_faults/s	11 yields/s	456 preempts/s
127007 milliseconds	1853 MB/s	1 short_reads/s	0 short_writes_echo/s	16 cpu_user_milliseconds	878 cpu_system_milliseconds	0 minor_page_faults/s	0 major_page_faults/s	12 yields/s	782 preempts/s
128007 milliseconds	1872 MB/s	7 short_reads/s	0 short_writes_echo/s	27 cpu_user_milliseconds	888 cpu_system_milliseconds	0 minor_page_faults/s	0 major_page_faults/s	14 yields/s	740 preempts/s
129007 milliseconds	1857 MB/s	11 short_reads/s	0 short_writes_echo/s	18 cpu_user_milliseconds	892 cpu_system_milliseconds	0 minor_page_faults/s	0 major_page_faults/s	25 yields/s	677 preempts/s
130008 milliseconds	1803 MB/s	12 short_reads/s	0 short_writes_echo/s	20 cpu_user_milliseconds	887 cpu_system_milliseconds	0 minor_page_faults/s	0 major_page_faults/s	17 yields/s	828 preempts/s
131008 milliseconds	2057 MB/s	2 short_reads/s	0 short_writes_echo/s	23 cpu_user_milliseconds	911 cpu_system_milliseconds	0 minor_page_faults/s	0 major_page_faults/s	6 yields/s	508 preempts/s
132008 milliseconds	2152 MB/s	0 short_reads/s	0 short_writes_echo/s	28 cpu_user_milliseconds	948 cpu_system_milliseconds	0 minor_page_faults/s	0 major_page_faults/s	1 yields/s	164 preempts/s
133008 milliseconds	2188 MB/s	0 short_reads/s	0 short_writes_echo/s	22 cpu_user_milliseconds	952 cpu_system_milliseconds	0 minor_page_faults/s	0 major_page_faults/s	0 yields/s	362 preempts/s
134008 milliseconds	2116 MB/s	0 short_reads/s	0 short_writes_echo/s	18 cpu_user_milliseconds	962 cpu_system_milliseconds	0 minor_page_faults/s	0 major_page_faults/s	0 yields/s	192 preempts/s
135009 milliseconds	1917 MB/s	5 short_reads/s	0 short_writes_echo/s	19 cpu_user_milliseconds	905 cpu_system_milliseconds	0 minor_page_faults/s	0 major_page_faults/s	15 yields/s	574 preempts/s
136009 milliseconds	2017 MB/s	2 short_reads/s	0 short_writes_echo/s	24 cpu_user_milliseconds	916 cpu_system_milliseconds	0 minor_page_faults/s	0 major_page_faults/s	11 yields/s	558 preempts/s
137009 milliseconds	1796 MB/s	63 short_reads/s	0 short_writes_echo/s	19 cpu_user_milliseconds	884 cpu_system_milliseconds	0 minor_page_faults/s	0 major_page_faults/s	70 yields/s	706 preempts/s
138009 milliseconds	1876 MB/s	7 short_reads/s	0 short_writes_echo/s	19 cpu_user_milliseconds	904 cpu_system_milliseconds	0 minor_page_faults/s	0 major_page_faults/s	21 yields/s	515 preempts/s
139009 milliseconds	1938 MB/s	24 short_reads/s	0 short_writes_echo/s	19 cpu_user_milliseconds	906 cpu_system_milliseconds	0 minor_page_faults/s	0 major_page_faults/s	33 yields/s	481 preempts/s
140009 milliseconds	1861 MB/s	2 short_reads/s	0 short_writes_echo/s	17 cpu_user_milliseconds	900 cpu_system_milliseconds	0 minor_page_faults/s	0 major_page_faults/s	6 yields/s	651 preempts/s
141009 milliseconds	1964 MB/s	11 short_reads/s	0 short_writes_echo/s	30 cpu_user_milliseconds	920 cpu_system_milliseconds	0 minor_page_faults/s	0 major_page_faults/s	7 yields/s	496 preempts/s
142009 milliseconds	2099 MB/s	8 short_reads/s	0 short_writes_echo/s	26 cpu_user_milliseconds	935 cpu_system_milliseconds	0 minor_page_faults/s	0 major_page_faults/s	6 yields/s	398 preempts/s
143011 milliseconds	2102 MB/s	6 short_reads/s	0 short_writes_echo/s	26 cpu_user_milliseconds	931 cpu_system_milliseconds	0 minor_page_faults/s	0 major_page_faults/s	8 yields/s	394 preempts/s
144011 milliseconds	1960 MB/s	19 short_reads/s	0 short_writes_echo/s	15 cpu_user_milliseconds	916 cpu_system_milliseconds	0 minor_page_faults/s	0 major_page_faults/s	21 yields/s	473 preempts/s
145011 milliseconds	2200 MB/s	0 short_reads/s	0 short_writes_echo/s	27 cpu_user_milliseconds	963 cpu_system_milliseconds	0 minor_page_faults/s	0 major_page_faults/s	0 yields/s	89 preempts/s
146011 milliseconds	2079 MB/s	0 short_reads/s	0 short_writes_echo/s	15 cpu_user_milliseconds	955 cpu_system_milliseconds	0 minor_page_faults/s	0 major_page_faults/s	1 yields/s	259 preempts/s
147011 milliseconds	1891 MB/s	8 short_reads/s	0 short_writes_echo/s	26 cpu_user_milliseconds	883 cpu_system_milliseconds	0 minor_page_faults/s	0 major_page_faults/s	14 yields/s	620 preempts/s
148011 milliseconds	2149 MB/s	1 short_reads/s	0 short_writes_echo/s	20 cpu_user_milliseconds	960 cpu_system_milliseconds	0 minor_page_faults/s	0 major_page_faults/s	2 yields/s	134 preempts/s
149011 milliseconds	2163 MB/s	60 short_reads/s	0 short_writes_echo/s	20 cpu_user_milliseconds	965 cpu_system_milliseconds	0 minor_page_faults/s	0 major_page_faults/s	13 yields/s	124 preempts/s
150011 milliseconds	2184 MB/s	0 short_reads/s	0 short_writes_echo/s	25 cpu_user_milliseconds	939 cpu_system_milliseconds	0 minor_page_faults/s	0 major_page_faults/s	0 yields/s	416 preempts/s
151011 milliseconds	2189 MB/s	0 short_reads/s	0 short_writes_echo/s	24 cpu_user_milliseconds	942 cpu_system_milliseconds	0 minor_page_faults/s	0 major_page_faults/s	0 yields/s	472 preempts/s
152011 milliseconds	1992 MB/s	0 short_reads/s	0 short_writes_echo/s	16 cpu_user_milliseconds	933 cpu_system_milliseconds	0 minor_page_faults/s	0 major_page_faults/s	9 yields/s	440 preempts/s
153011 milliseconds	1997 MB/s	7 short_reads/s	0 short_writes_echo/s	27 cpu_user_milliseconds	909 cpu_system_milliseconds	0 minor_page_faults/s	0 major_page_faults/s	10 yields/s	450 preempts/s
154011 milliseconds	1923 MB/s	10 short_reads/s	0 short_writes_echo/s	14 cpu_user_milliseconds	900 cpu_system_milliseconds	0 minor_page_faults/s	0 major_page_faults/s	11 yields/s	707 preempts/s
155011 milliseconds	1852 MB/s	61 short_reads/s	0 short_writes_echo/s	21 cpu_user_milliseconds	914 cpu_system_milliseconds	0 minor_page_faults/s	0 major_page_faults/s	22 yields/s	423 preempts/s
156011 milliseconds	1931 MB/s	2 short_reads/s	0 short_writes_echo/s	17 cpu_user_milliseconds	924 cpu_system_milliseconds	0 minor_page_faults/s	0 major_page_faults/s	4 yields/s	617 preempts/s
157012 milliseconds	1870 MB/s	0 short_reads/s	0 short_writes_echo/s	21 cpu_user_milliseconds	909 cpu_system_milliseconds	0 minor_page_faults/s	0 major_page_faults/s	3 yields/s	589 preempts/s
158012 milliseconds	1839 MB/s	0 short_reads/s	0 short_writes_echo/s	20 cpu_user_milliseconds	897 cpu_system_milliseconds	0 minor_page_faults/s	0 major_page_faults/s	6 yields/s	668 preempts/s
159012 milliseconds	1871 MB/s	1 short_reads/s	0 short_writes_echo/s	24 cpu_user_milliseconds	879 cpu_system_milliseconds	0 minor_page_faults/s	0 major_page_faults/s	12 yields/s	746 preempts/s
160012 milliseconds	2173 MB/s	0 short_reads/s	0 short_writes_echo/s	18 cpu_user_milliseconds	958 cpu_system_milliseconds	0 minor_page_faults/s	0 major_page_faults/s	1 yields/s	229 preempts/s
161012 milliseconds	2115 MB/s	214 short_reads/s	0 short_writes_echo/s	27 cpu_user_milliseconds	917 cpu_system_milliseconds	0 minor_page_faults/s	0 major_page_faults/s	34 yields/s	466 preempts/s
162012 milliseconds	1894 MB/s	80 short_reads/s	0 short_writes_echo/s	22 cpu_user_milliseconds	908 cpu_system_milliseconds	0 minor_page_faults/s	0 major_page_faults/s	49 yields/s	561 preempts/s
163012 milliseconds	1932 MB/s	28 short_reads/s	0 short_writes_echo/s	24 cpu_user_milliseconds	923 cpu_system_milliseconds	0 minor_page_faults/s	0 major_page_faults/s	11 yields/s	482 preempts/s
164012 milliseconds	1980 MB/s	86 short_reads/s	0 short_writes_echo/s	19 cpu_user_milliseconds	924 cpu_system_milliseconds	0 minor_page_faults/s	0 major_page_faults/s	11 yields/s	493 preempts/s
165012 milliseconds	1948 MB/s	10 short_reads/s	0 short_writes_echo/s	26 cpu_user_milliseconds	916 cpu_system_milliseconds	0 minor_page_faults/s	0 major_page_faults/s	12 yields/s	495 preempts/s
166012 milliseconds	2033 MB/s	70 short_reads/s	0 short_writes_echo/s	20 cpu_user_milliseconds	942 cpu_system_milliseconds	0 minor_page_faults/s	0 major_page_faults/s	23 yields/s	331 preempts/s
167012 milliseconds	2079 MB/s	0 short_reads/s	0 short_writes_echo/s	24 cpu_user_milliseconds	927 cpu_system_milliseconds	0 minor_page_faults/s	0 major_page_faults/s	0 yields/s	435 preempts/s
168012 milliseconds	2094 MB/s	0 short_reads/s	0 short_writes_echo/s	22 cpu_user_milliseconds	938 cpu_system_milliseconds	0 minor_page_faults/s	0 major_page_faults/s	1 yields/s	432 preempts/s
169012 milliseconds	1899 MB/s	0 short_reads/s	0 short_writes_echo/s	20 cpu_user_milliseconds	898 cpu_system_milliseconds	0 minor_page_faults/s	0 major_page_faults/s	9 yields/s	648 preempts/s
170012 milliseconds	2068 MB/s	4 short_reads/s	0 short_writes_echo/s	23 cpu_user_milliseconds	919 cpu_system_milliseconds	0 minor_page_faults/s	0 major_page_faults/s	6 yields/s	530 preempts/s
171012 milliseconds	2205 MB/s	2 short_reads/s	0 short_writes_echo/s	17 cpu_user_milliseconds	957 cpu_system_milliseconds	0 minor_page_faults/s	0 major_page_faults/s	5 yields/s	196 preempts/s
172012 milliseconds	2219 MB/s	0 short_reads/s	0 short_writes_echo/s	21 cpu_user_milliseconds	955 cpu_system_milliseconds	0 minor_page_faults/s	0 major_page_faults/s	0 yields/s	294 preempts/s
173012 milliseconds	2119 MB/s	0 short_reads/s	0 short_writes_echo/s	17 cpu_user_milliseconds	951 cpu_system_milliseconds	0 minor_page_faults/s	0 major_page_faults/s	2 yields/s	342 preempts/s
174013 milliseconds	2155 MB/s	0 short_reads/s	0 short_writes_echo/s	26 cpu_user_milliseconds	958 cpu_system_milliseconds	0 minor_page_faults/s	0 major_page_faults/s	1 yields/s	114 preempts/s
175013 milliseconds	2195 MB/s	0 short_reads/s	0 short_writes_echo/s	35 cpu_user_milliseconds	941 cpu_system_milliseconds	0 minor_page_faults/s	0 major_page_faults/s	0 yields/s	233 preempts/s
176013 milliseconds	2274 MB/s	0 short_reads/s	0 short_writes_echo/s	24 cpu_user_milliseconds	969 cpu_system_milliseconds	0 minor_page_faults/s	0 major_page_faults/s	0 yields/s	85 preempts/s
177013 milliseconds	2160 MB/s	0 short_reads/s	0 short_writes_echo/s	17 cpu_user_milliseconds	969 cpu_system_milliseconds	0 minor_page_faults/s	0 major_page_faults/s	1 yields/s	142 preempts/s
178013 milliseconds	2166 MB/s	0 short_reads/s	0 short_writes_echo/s	15 cpu_user_milliseconds	965 cpu_system_milliseconds	0 minor_page_faults/s	0 major_page_faults/s	0 yields/s	188 preempts/s
179013 milliseconds	2193 MB/s	0 short_reads/s	0 short_writes_echo/s	19 cpu_user_milliseconds	969 cpu_system_milliseconds	0 minor_page_faults/s	0 major_page_faults/s	2 yields/s	140 preempts/s
180013 milliseconds	2159 MB/s	0 short_reads/s	0 short_writes_echo/s	17 cpu_user_milliseconds	971 cpu_system_milliseconds	0 minor_page_faults/s	0 major_page_faults/s	0 yields/s	161 preempts/s
181013 milliseconds	2205 MB/s	0 short_reads/s	0 short_writes_echo/s	25 cpu_user_milliseconds	964 cpu_system_milliseconds	0 minor_page_faults/s	0 major_page_faults/s	0 yields/s	113 preempts/s
182013 milliseconds	2182 MB/s	0 short_reads/s	0 short_writes_echo/s	18 cpu_user_milliseconds	951 cpu_system_milliseconds	0 minor_page_faults/s	0 major_page_faults/s	0 yields/s	337 preempts/s
183013 milliseconds	2218 MB/s	0 short_reads/s	0 short_writes_echo/s	30 cpu_user_milliseconds	959 cpu_system_milliseconds	0 minor_page_faults/s	0 major_page_faults/s	0 yields/s	107 preempts/s
184013 milliseconds	2184 MB/s	0 short_reads/s	0 short_writes_echo/s	19 cpu_user_milliseconds	951 cpu_system_milliseconds	0 minor_page_faults/s	0 major_page_faults/s	0 yields/s	441 preempts/s
185013 milliseconds	2114 MB/s	2 short_reads/s	0 short_writes_echo/s	21 cpu_user_milliseconds	959 cpu_system_milliseconds	0 minor_page_faults/s	0 major_page_faults/s	3 yields/s	213 preempts/s
186013 milliseconds	2015 MB/s	2 short_reads/s	0 short_writes_echo/s	14 cpu_user_milliseconds	936 cpu_system_milliseconds	0 minor_page_faults/s	0 major_page_faults/s	8 yields/s	426 preempts/s
187013 milliseconds	1848 MB/s	99 short_reads/s	0 short_writes_echo/s	26 cpu_user_milliseconds	883 cpu_system_milliseconds	0 minor_page_faults/s	0 major_page_faults/s	25 yields/s	686 preempts/s
188013 milliseconds	1831 MB/s	2 short_reads/s	0 short_writes_echo/s	29 cpu_user_milliseconds	886 cpu_system_milliseconds	0 minor_page_faults/s	0 major_page_faults/s	15 yields/s	723 preempts/s
189013 milliseconds	1779 MB/s	20 short_reads/s	0 short_writes_echo/s	18 cpu_user_milliseconds	859 cpu_system_milliseconds	0 minor_page_faults/s	0 major_page_faults/s	34 yields/s	873 preempts/s
190013 milliseconds	1855 MB/s	3 short_reads/s	0 short_writes_echo/s	17 cpu_user_milliseconds	921 cpu_system_milliseconds	0 minor_page_faults/s	0 major_page_faults/s	5 yields/s	626 preempts/s
191013 milliseconds	1987 MB/s	48 short_reads/s	0 short_writes_echo/s	21 cpu_user_milliseconds	903 cpu_system_milliseconds	0 minor_page_faults/s	0 major_page_faults/s	17 yields/s	599 preempts/s
192014 milliseconds	2206 MB/s	0 short_reads/s	0 short_writes_echo/s	21 cpu_user_milliseconds	965 cpu_system_milliseconds	0 minor_page_faults/s	0 major_page_faults/s	3 yields/s	116 preempts/s
193014 milliseconds	2095 MB/s	55 short_reads/s	0 short_writes_echo/s	21 cpu_user_milliseconds	955 cpu_system_milliseconds	0 minor_page_faults/s	0 major_page_faults/s	7 yields/s	269 preempts/s
194014 milliseconds	2130 MB/s	0 short_reads/s	0 short_writes_echo/s	14 cpu_user_milliseconds	939 cpu_system_milliseconds	0 minor_page_faults/s	0 major_page_faults/s	5 yields/s	550 preempts/s
195014 milliseconds	2108 MB/s	0 short_reads/s	0 short_writes_echo/s	16 cpu_user_milliseconds	948 cpu_system_milliseconds	0 minor_page_faults/s	0 major_page_faults/s	0 yields/s	344 preempts/s
196014 milliseconds	2062 MB/s	0 short_reads/s	0 short_writes_echo/s	19 cpu_user_milliseconds	933 cpu_system_milliseconds	0 minor_page_faults/s	0 major_page_faults/s	0 yields/s	507 preempts/s
197014 milliseconds	1909 MB/s	29 short_reads/s	0 short_writes_echo/s	24 cpu_user_milliseconds	917 cpu_system_milliseconds	0 minor_page_faults/s	0 major_page_faults/s	35 yields/s	343 preempts/s
198014 milliseconds	2058 MB/s	3 short_reads/s	0 short_writes_echo/s	26 cpu_user_milliseconds	936 cpu_system_milliseconds	0 minor_page_faults/s	0 major_page_faults/s	7 yields/s	311 preempts/s
199014 milliseconds	1947 MB/s	0 short_reads/s	0 short_writes_echo/s	34 cpu_user_milliseconds	917 cpu_system_milliseconds	0 minor_page_faults/s	0 major_page_faults/s	4 yields/s	506 preempts/s
200014 milliseconds	1977 MB/s	9 short_reads/s	0 short_writes_echo/s	18 cpu_user_milliseconds	915 cpu_system_milliseconds	0 minor_page_faults/s	0 major_page_faults/s	9 yields/s	704 preempts/s
201015 milliseconds	2088 MB/s	11 short_reads/s	0 short_writes_echo/s	19 cpu_user_milliseconds	928 cpu_system_milliseconds	0 minor_page_faults/s	0 major_page_faults/s	12 yields/s	516 preempts/s
202015 milliseconds	2028 MB/s	0 short_reads/s	0 short_writes_echo/s	23 cpu_user_milliseconds	923 cpu_system_milliseconds	0 minor_page_faults/s	0 major_page_faults/s	1 yields/s	562 preempts/s
203015 milliseconds	1877 MB/s	0 short_reads/s	0 short_writes_echo/s	17 cpu_user_milliseconds	919 cpu_system_milliseconds	0 minor_page_faults/s	0 major_page_faults/s	1 yields/s	602 preempts/s
204015 milliseconds	1777 MB/s	42 short_reads/s	0 short_writes_echo/s	28 cpu_user_milliseconds	812 cpu_system_milliseconds	0 minor_page_faults/s	0 major_page_faults/s	60 yields/s	1160 preempts/s
205015 milliseconds	1928 MB/s	0 short_reads/s	0 short_writes_echo/s	27 cpu_user_milliseconds	904 cpu_system_milliseconds	0 minor_page_faults/s	0 major_page_faults/s	3 yields/s	754 preempts/s
206015 milliseconds	2077 MB/s	0 short_reads/s	0 short_writes_echo/s	21 cpu_user_milliseconds	932 cpu_system_milliseconds	0 minor_page_faults/s	0 major_page_faults/s	5 yields/s	549 preempts/s
207015 milliseconds	1987 MB/s	3 short_reads/s	0 short_writes_echo/s	24 cpu_user_milliseconds	929 cpu_system_milliseconds	0 minor_page_faults/s	0 major_page_faults/s	3 yields/s	378 preempts/s
208015 milliseconds	1713 MB/s	91 short_reads/s	0 short_writes_echo/s	29 cpu_user_milliseconds	829 cpu_system_milliseconds	0 minor_page_faults/s	0 major_page_faults/s	110 yields/s	807 preempts/s
209015 milliseconds	1757 MB/s	0 short_reads/s	0 short_writes_echo/s	17 cpu_user_milliseconds	840 cpu_system_milliseconds	0 minor_page_faults/s	0 major_page_faults/s	11 yields/s	825 preempts/s
210015 milliseconds	1715 MB/s	14 short_reads/s	0 short_writes_echo/s	18 cpu_user_milliseconds	843 cpu_system_milliseconds	0 minor_page_faults/s	0 major_page_faults/s	71 yields/s	921 preempts/s
211015 milliseconds	2017 MB/s	0 short_reads/s	0 short_writes_echo/s	24 cpu_user_milliseconds	906 cpu_system_milliseconds	0 minor_page_faults/s	0 major_page_faults/s	1 yields/s	486 preempts/s
212015 milliseconds	2097 MB/s	0 short_reads/s	0 short_writes_echo/s	22 cpu_user_milliseconds	946 cpu_system_milliseconds	0 minor_page_faults/s	0 major_page_faults/s	0 yields/s	353 preempts/s
213015 milliseconds	2214 MB/s	0 short_reads/s	0 short_writes_echo/s	25 cpu_user_milliseconds	959 cpu_system_milliseconds	0 minor_page_faults/s	0 major_page_faults/s	0 yields/s	159 preempts/s
214015 milliseconds	2086 MB/s	6 short_reads/s	0 short_writes_echo/s	23 cpu_user_milliseconds	930 cpu_system_milliseconds	0 minor_page_faults/s	0 major_page_faults/s	9 yields/s	196 preempts/s
215015 milliseconds	1903 MB/s	5 short_reads/s	0 short_writes_echo/s	23 cpu_user_milliseconds	893 cpu_system_milliseconds	0 minor_page_faults/s	0 major_page_faults/s	16 yields/s	598 preempts/s
216015 milliseconds	1971 MB/s	2 short_reads/s	0 short_writes_echo/s	23 cpu_user_milliseconds	907 cpu_system_milliseconds	0 minor_page_faults/s	0 major_page_faults/s	9 yields/s	518 preempts/s
217015 milliseconds	2180 MB/s	0 short_reads/s	0 short_writes_echo/s	21 cpu_user_milliseconds	963 cpu_system_milliseconds	0 minor_page_faults/s	0 major_page_faults/s	2 yields/s	151 preempts/s
218015 milliseconds	1932 MB/s	1 short_reads/s	0 short_writes_echo/s	22 cpu_user_milliseconds	907 cpu_system_milliseconds	0 minor_page_faults/s	0 major_page_faults/s	10 yields/s	409 preempts/s
219016 milliseconds	2200 MB/s	1 short_reads/s	0 short_writes_echo/s	34 cpu_user_milliseconds	955 cpu_system_milliseconds	0 minor_page_faults/s	0 major_page_faults/s	1 yields/s	123 preempts/s
220016 milliseconds	2103 MB/s	0 short_reads/s	0 short_writes_echo/s	29 cpu_user_milliseconds	936 cpu_system_milliseconds	0 minor_page_faults/s	0 major_page_faults/s	1 yields/s	364 preempts/s
221016 milliseconds	2276 MB/s	27 short_reads/s	0 short_writes_echo/s	23 cpu_user_milliseconds	962 cpu_system_milliseconds	0 minor_page_faults/s	0 major_page_faults/s	13 yields/s	161 preempts/s
222016 milliseconds	2192 MB/s	0 short_reads/s	0 short_writes_echo/s	21 cpu_user_milliseconds	967 cpu_system_milliseconds	0 minor_page_faults/s	0 major_page_faults/s	0 yields/s	147 preempts/s
223016 milliseconds	2212 MB/s	21 short_reads/s	0 short_writes_echo/s	23 cpu_user_milliseconds	955 cpu_system_milliseconds	0 minor_page_faults/s	0 major_page_faults/s	9 yields/s	296 preempts/s
224016 milliseconds	2226 MB/s	0 short_reads/s	0 short_writes_echo/s	21 cpu_user_milliseconds	946 cpu_system_milliseconds	0 minor_page_faults/s	0 major_page_faults/s	2 yields/s	307 preempts/s
225016 milliseconds	2263 MB/s	1 short_reads/s	0 short_writes_echo/s	27 cpu_user_milliseconds	953 cpu_system_milliseconds	0 minor_page_faults/s	0 major_page_faults/s	2 yields/s	272 preempts/s
226016 milliseconds	2244 MB/s	2 short_reads/s	0 short_writes_echo/s	25 cpu_user_milliseconds	956 cpu_system_milliseconds	0 minor_page_faults/s	0 major_page_faults/s	5 yields/s	227 preempts/s
227016 milliseconds	2273 MB/s	0 short_reads/s	0 short_writes_echo/s	26 cpu_user_milliseconds	961 cpu_system_milliseconds	0 minor_page_faults/s	0 major_page_faults/s	0 yields/s	188 preempts/s
228016 milliseconds	2156 MB/s	12 short_reads/s	0 short_writes_echo/s	23 cpu_user_milliseconds	951 cpu_system_milliseconds	0 minor_page_faults/s	0 major_page_faults/s	15 yields/s	288 preempts/s
229016 milliseconds	2191 MB/s	33 short_reads/s	0 short_writes_echo/s	24 cpu_user_milliseconds	949 cpu_system_milliseconds	0 minor_page_faults/s	0 major_page_faults/s	10 yields/s	285 preempts/s
230017 milliseconds	2074 MB/s	0 short_reads/s	0 short_writes_echo/s	23 cpu_user_milliseconds	954 cpu_system_milliseconds	0 minor_page_faults/s	0 major_page_faults/s	2 yields/s	205 preempts/s
231017 milliseconds	2210 MB/s	0 short_reads/s	0 short_writes_echo/s	29 cpu_user_milliseconds	959 cpu_system_milliseconds	0 minor_page_faults/s	0 major_page_faults/s	0 yields/s	131 preempts/s
232017 milliseconds	2130 MB/s	0 short_reads/s	0 short_writes_echo/s	26 cpu_user_milliseconds	943 cpu_system_milliseconds	0 minor_page_faults/s	0 major_page_faults/s	0 yields/s	422 preempts/s
233017 milliseconds	2251 MB/s	0 short_reads/s	0 short_writes_echo/s	17 cpu_user_milliseconds	967 cpu_system_milliseconds	0 minor_page_faults/s	0 major_page_faults/s	0 yields/s	150 preempts/s
234017 milliseconds	2197 MB/s	2 short_reads/s	0 short_writes_echo/s	28 cpu_user_milliseconds	939 cpu_system_milliseconds	0 minor_page_faults/s	0 major_page_faults/s	3 yields/s	376 preempts/s
235017 milliseconds	2182 MB/s	0 short_reads/s	0 short_writes_echo/s	25 cpu_user_milliseconds	956 cpu_system_milliseconds	0 minor_page_faults/s	0 major_page_faults/s	0 yields/s	271 preempts/s
236017 milliseconds	2255 MB/s	0 short_reads/s	0 short_writes_echo/s	20 cpu_user_milliseconds	951 cpu_system_milliseconds	0 minor_page_faults/s	0 major_page_faults/s	0 yields/s	378 preempts/s
237017 milliseconds	2282 MB/s	0 short_reads/s	0 short_writes_echo/s	26 cpu_user_milliseconds	963 cpu_system_milliseconds	0 minor_page_faults/s	0 major_page_faults/s	0 yields/s	100 preempts/s
238017 milliseconds	2095 MB/s	0 short_reads/s	0 short_writes_echo/s	17 cpu_user_milliseconds	944 cpu_system_milliseconds	0 minor_page_faults/s	0 major_page_faults/s	0 yields/s	445 preempts/s
239017 milliseconds	2181 MB/s	2 short_reads/s	0 short_writes_echo/s	30 cpu_user_milliseconds	953 cpu_system_milliseconds	0 minor_page_faults/s	0 major_page_faults/s	2 yields/s	169 preempts/s
240017 milliseconds	2100 MB/s	12 short_reads/s	0 short_writes_echo/s	21 cpu_user_milliseconds	942 cpu_system_milliseconds	0 minor_page_faults/s	0 major_page_faults/s	14 yields/s	343 preempts/s
