1000 milliseconds	2144 MB/s	0 short_reads/s	0 short_writes_echo/s	80 cpu_user_milliseconds	921 cpu_system_milliseconds	180 minor_page_faults/s	0 major_page_faults/s	0 yields/s	12 preempts/s
2000 milliseconds	2257 MB/s	0 short_reads/s	0 short_writes_echo/s	93 cpu_user_milliseconds	904 cpu_system_milliseconds	3 minor_page_faults/s	0 major_page_faults/s	0 yields/s	27 preempts/s
3000 milliseconds	2169 MB/s	24 short_reads/s	0 short_writes_echo/s	82 cpu_user_milliseconds	913 cpu_system_milliseconds	0 minor_page_faults/s	0 major_page_faults/s	94 yields/s	32 preempts/s
4000 milliseconds	2287 MB/s	0 short_reads/s	0 short_writes_echo/s	99 cpu_user_milliseconds	899 cpu_system_milliseconds	0 minor_page_faults/s	0 major_page_faults/s	0 yields/s	6 preempts/s
5000 milliseconds	2272 MB/s	0 short_reads/s	0 short_writes_echo/s	93 cpu_user_milliseconds	905 cpu_system_milliseconds	0 minor_page_faults/s	0 major_page_faults/s	0 yields/s	7 preempts/s
6000 milliseconds	2303 MB/s	0 short_reads/s	0 short_writes_echo/s	72 cpu_user_milliseconds	927 cpu_system_milliseconds	0 minor_page_faults/s	0 major_page_faults/s	0 yields/s	3 preempts/s
7000 milliseconds	2300 MB/s	0 short_reads/s	0 short_writes_echo/s	62 cpu_user_milliseconds	937 cpu_system_milliseconds	0 minor_page_faults/s	0 major_page_faults/s	0 yields/s	6 preempts/s
8000 milliseconds	2230 MB/s	0 short_reads/s	0 short_writes_echo/s	89 cpu_user_milliseconds	909 cpu_system_milliseconds	0 minor_page_faults/s	0 major_page_faults/s	0 yields/s	2 preempts/s
9000 milliseconds	2269 MB/s	0 short_reads/s	0 short_writes_echo/s	71 cpu_user_milliseconds	924 cpu_system_milliseconds	0 minor_page_faults/s	0 major_page_faults/s	0 yields/s	57 preempts/s
10000 milliseconds	2287 MB/s	0 short_reads/s	0 short_writes_echo/s	102 cpu_user_milliseconds	894 cpu_system_milliseconds	0 minor_page_faults/s	0 major_page_faults/s	0 yields/s	32 preempts/s
11000 milliseconds	2302 MB/s	0 short_reads/s	0 short_writes_echo/s	94 cpu_user_milliseconds	903 cpu_system_milliseconds	0 minor_page_faults/s	0 major_page_faults/s	0 yields/s	30 preempts/s
12000 milliseconds	2238 MB/s	0 short_reads/s	0 short_writes_echo/s	99 cpu_user_milliseconds	898 cpu_system_milliseconds	0 minor_page_faults/s	0 major_page_faults/s	0 yields/s	27 preempts/s
13000 milliseconds	2283 MB/s	70 short_reads/s	0 short_writes_echo/s	81 cpu_user_milliseconds	915 cpu_system_milliseconds	0 minor_page_faults/s	0 major_page_faults/s	154 yields/s	5 preempts/s
14000 milliseconds	2307 MB/s	0 short_reads/s	0 short_writes_echo/s	107 cpu_user_milliseconds	891 cpu_system_milliseconds	0 minor_page_faults/s	0 major_page_faults/s	0 yields/s	7 preempts/s
15000 milliseconds	2283 MB/s	0 short_reads/s	0 short_writes_echo/s	81 cpu_user_milliseconds	917 cpu_system_milliseconds	0 minor_page_faults/s	0 major_page_faults/s	0 yields/s	9 preempts/s
16000 milliseconds	2316 MB/s	0 short_reads/s	0 short_writes_echo/s	80 cpu_user_milliseconds	917 cpu_system_milliseconds	0 minor_page_faults/s	0 major_page_faults/s	0 yields/s	22 preempts/s
17000 milliseconds	2244 MB/s	0 short_reads/s	0 short_writes_echo/s	86 cpu_user_milliseconds	912 cpu_system_milliseconds	0 minor_page_faults/s	0 major_page_faults/s	0 yields/s	26 preempts/s
18000 milliseconds	2239 MB/s	2 short_reads/s	0 short_writes_echo/s	97 cpu_user_milliseconds	899 cpu_system_milliseconds	0 minor_page_faults/s	0 major_page_faults/s	2 yields/s	27 preempts/s
19000 milliseconds	2222 MB/s	0 short_reads/s	0 short_writes_echo/s	98 cpu_user_milliseconds	901 cpu_system_milliseconds	0 minor_page_faults/s	0 major_page_faults/s	0 yields/s	13 preempts/s
20000 milliseconds	2298 MB/s	0 short_reads/s	0 short_writes_echo/s	93 cpu_user_milliseconds	903 cpu_system_milliseconds	0 minor_page_faults/s	0 major_page_faults/s	0 yields/s	30 preempts/s
21000 milliseconds	2265 MB/s	0 short_reads/s	0 short_writes_echo/s	92 cpu_user_milliseconds	904 cpu_system_milliseconds	0 minor_page_faults/s	0 major_page_faults/s	0 yields/s	37 preempts/s
22000 milliseconds	2344 MB/s	0 short_reads/s	0 short_writes_echo/s	93 cpu_user_milliseconds	905 cpu_system_milliseconds	0 minor_page_faults/s	0 major_page_faults/s	0 yields/s	4 preempts/s
23000 milliseconds	2269 MB/s	0 short_reads/s	0 short_writes_echo/s	90 cpu_user_milliseconds	908 cpu_system_milliseconds	0 minor_page_faults/s	0 major_page_faults/s	0 yields/s	15 preempts/s
24000 milliseconds	2326 MB/s	0 short_reads/s	0 short_writes_echo/s	86 cpu_user_milliseconds	912 cpu_system_milliseconds	0 minor_page_faults/s	0 major_page_faults/s	0 yields/s	2 preempts/s
25000 milliseconds	2324 MB/s	0 short_reads/s	0 short_writes_echo/s	82 cpu_user_milliseconds	915 cpu_system_milliseconds	0 minor_page_faults/s	0 major_page_faults/s	0 yields/s	20 preempts/s
26000 milliseconds	2329 MB/s	0 short_reads/s	0 short_writes_echo/s	81 cpu_user_milliseconds	917 cpu_system_milliseconds	0 minor_page_faults/s	0 major_page_faults/s	0 yields/s	15 preempts/s
27000 milliseconds	2350 MB/s	0 short_reads/s	0 short_writes_echo/s	77 cpu_user_milliseconds	919 cpu_system_milliseconds	0 minor_page_faults/s	0 major_page_faults/s	0 yields/s	29 preempts/s
28000 milliseconds	2318 MB/s	112 short_reads/s	0 short_writes_echo/s	76 cpu_user_milliseconds	916 cpu_system_milliseconds	0 minor_page_faults/s	0 major_page_faults/s	218 yields/s	27 preempts/s
29000 milliseconds	2310 MB/s	0 short_reads/s	0 short_writes_echo/s	79 cpu_user_milliseconds	919 cpu_system_milliseconds	0 minor_page_faults/s	0 major_page_faults/s	0 yields/s	6 preempts/s
30000 milliseconds	2228 MB/s	0 short_reads/s	0 short_writes_echo/s	88 cpu_user_milliseconds	910 cpu_system_milliseconds	0 minor_page_faults/s	0 major_page_faults/s	0 yields/s	1 preempts/s
31000 milliseconds	2308 MB/s	0 short_reads/s	0 short_writes_echo/s	88 cpu_user_milliseconds	910 cpu_system_milliseconds	0 minor_page_faults/s	0 major_page_faults/s	0 yields/s	4 preempts/s
32000 milliseconds	2219 MB/s	0 short_reads/s	0 short_writes_echo/s	79 cpu_user_milliseconds	919 cpu_system_milliseconds	0 minor_page_faults/s	0 major_page_faults/s	0 yields/s	5 preempts/s
33000 milliseconds	2146 MB/s	78 short_reads/s	0 short_writes_echo/s	87 cpu_user_milliseconds	902 cpu_system_milliseconds	0 minor_page_faults/s	0 major_page_faults/s	352 yields/s	14 preempts/s
34000 milliseconds	2310 MB/s	0 short_reads/s	0 short_writes_echo/s	94 cpu_user_milliseconds	903 cpu_system_milliseconds	0 minor_page_faults/s	0 major_page_faults/s	0 yields/s	28 preempts/s
35000 milliseconds	2340 MB/s	0 short_reads/s	0 short_writes_echo/s	77 cpu_user_milliseconds	920 cpu_system_milliseconds	0 minor_page_faults/s	0 major_page_faults/s	0 yields/s	30 preempts/s
36000 milliseconds	2335 MB/s	0 short_reads/s	0 short_writes_echo/s	80 cpu_user_milliseconds	917 cpu_system_milliseconds	0 minor_page_faults/s	0 major_page_faults/s	0 yields/s	25 preempts/s
37000 milliseconds	2312 MB/s	0 short_reads/s	0 short_writes_echo/s	94 cpu_user_milliseconds	904 cpu_system_milliseconds	0 minor_page_faults/s	0 major_page_faults/s	0 yields/s	5 preempts/s
38000 milliseconds	2291 MB/s	0 short_reads/s	0 short_writes_echo/s	74 cpu_user_milliseconds	925 cpu_system_milliseconds	0 minor_page_faults/s	0 major_page_faults/s	0 yields/s	3 preempts/s
39000 milliseconds	2311 MB/s	0 short_reads/s	0 short_writes_echo/s	63 cpu_user_milliseconds	933 cpu_system_milliseconds	0 minor_page_faults/s	0 major_page_faults/s	0 yields/s	32 preempts/s
40000 milliseconds	2279 MB/s	0 short_reads/s	0 short_writes_echo/s	91 cpu_user_milliseconds	906 cpu_system_milliseconds	0 minor_page_faults/s	0 major_page_faults/s	0 yields/s	25 preempts/s
41000 milliseconds	2290 MB/s	0 short_reads/s	0 short_writes_echo/s	72 cpu_user_milliseconds	925 cpu_system_milliseconds	0 minor_page_faults/s	0 major_page_faults/s	0 yields/s	17 preempts/s
42000 milliseconds	2318 MB/s	0 short_reads/s	0 short_writes_echo/s	85 cpu_user_milliseconds	913 cpu_system_milliseconds	0 minor_page_faults/s	0 major_page_faults/s	0 yields/s	2 preempts/s
43000 milliseconds	2304 MB/s	16 short_reads/s	0 short_writes_echo/s	95 cpu_user_milliseconds	902 cpu_system_milliseconds	0 minor_page_faults/s	0 major_page_faults/s	35 yields/s	5 preempts/s
44000 milliseconds	2271 MB/s	0 short_reads/s	0 short_writes_echo/s	73 cpu_user_milliseconds	926 cpu_system_milliseconds	0 minor_page_faults/s	0 major_page_faults/s	0 yields/s	5 preempts/s
45000 milliseconds	2293 MB/s	0 short_reads/s	0 short_writes_echo/s	80 cpu_user_milliseconds	915 cpu_system_milliseconds	0 minor_page_faults/s	0 major_page_faults/s	0 yields/s	49 preempts/s
46000 milliseconds	2290 MB/s	0 short_reads/s	0 short_writes_echo/s	82 cpu_user_milliseconds	916 cpu_system_milliseconds	0 minor_page_faults/s	0 major_page_faults/s	0 yields/s	6 preempts/s
47000 milliseconds	2306 MB/s	0 short_reads/s	0 short_writes_echo/s	88 cpu_user_milliseconds	910 cpu_system_milliseconds	0 minor_page_faults/s	0 major_page_faults/s	0 yields/s	6 preempts/s
48000 milliseconds	2299 MB/s	398 short_reads/s	0 short_writes_echo/s	72 cpu_user_milliseconds	907 cpu_system_milliseconds	0 minor_page_faults/s	0 major_page_faults/s	915 yields/s	26 preempts/s
49000 milliseconds	2319 MB/s	0 short_reads/s	0 short_writes_echo/s	98 cpu_user_milliseconds	900 cpu_system_milliseconds	0 minor_page_faults/s	0 major_page_faults/s	0 yields/s	6 preempts/s
50000 milliseconds	2301 MB/s	0 short_reads/s	0 short_writes_echo/s	88 cpu_user_milliseconds	909 cpu_system_milliseconds	0 minor_page_faults/s	0 major_page_faults/s	0 yields/s	26 preempts/s
51000 milliseconds	2321 MB/s	0 short_reads/s	0 short_writes_echo/s	88 cpu_user_milliseconds	910 cpu_system_milliseconds	0 minor_page_faults/s	0 major_page_faults/s	0 yields/s	10 preempts/s
52000 milliseconds	2342 MB/s	0 short_reads/s	0 short_writes_echo/s	91 cpu_user_milliseconds	907 cpu_system_milliseconds	0 minor_page_faults/s	0 major_page_faults/s	0 yields/s	5 preempts/s
53000 milliseconds	2276 MB/s	266 short_reads/s	0 short_writes_echo/s	94 cpu_user_milliseconds	893 cpu_system_milliseconds	0 minor_page_faults/s	0 major_page_faults/s	467 yields/s	34 preempts/s
54000 milliseconds	2218 MB/s	0 short_reads/s	0 short_writes_echo/s	80 cpu_user_milliseconds	917 cpu_system_milliseconds	0 minor_page_faults/s	0 major_page_faults/s	0 yields/s	27 preempts/s
55000 milliseconds	2140 MB/s	0 short_reads/s	0 short_writes_echo/s	72 cpu_user_milliseconds	926 cpu_system_milliseconds	0 minor_page_faults/s	0 major_page_faults/s	0 yields/s	9 preempts/s
56000 milliseconds	2287 MB/s	0 short_reads/s	0 short_writes_echo/s	75 cpu_user_milliseconds	924 cpu_system_milliseconds	0 minor_page_faults/s	0 major_page_faults/s	0 yields/s	6 preempts/s
57000 milliseconds	2292 MB/s	0 short_reads/s	0 short_writes_echo/s	89 cpu_user_milliseconds	909 cpu_system_milliseconds	0 minor_page_faults/s	0 major_page_faults/s	0 yields/s	6 preempts/s
58000 milliseconds	2179 MB/s	64 short_reads/s	0 short_writes_echo/s	81 cpu_user_milliseconds	915 cpu_system_milliseconds	0 minor_page_faults/s	0 major_page_faults/s	170 yields/s	8 preempts/s
59000 milliseconds	2319 MB/s	0 short_reads/s	0 short_writes_echo/s	67 cpu_user_milliseconds	932 cpu_system_milliseconds	0 minor_page_faults/s	0 major_page_faults/s	0 yields/s	6 preempts/s
60000 milliseconds	2330 MB/s	0 short_reads/s	0 short_writes_echo/s	85 cpu_user_milliseconds	913 cpu_system_milliseconds	0 minor_page_faults/s	0 major_page_faults/s	0 yields/s	3 preempts/s
61000 milliseconds	2334 MB/s	0 short_reads/s	0 short_writes_echo/s	86 cpu_user_milliseconds	912 cpu_system_milliseconds	0 minor_page_faults/s	0 major_page_faults/s	0 yields/s	9 preempts/s
62000 milliseconds	2348 MB/s	0 short_reads/s	0 short_writes_echo/s	88 cpu_user_milliseconds	910 cpu_system_milliseconds	0 minor_page_faults/s	0 major_page_faults/s	0 yields/s	6 preempts/s
63000 milliseconds	2267 MB/s	0 short_reads/s	0 short_writes_echo/s	98 cpu_user_milliseconds	900 cpu_system_milliseconds	0 minor_page_faults/s	0 major_page_faults/s	0 yields/s	8 preempts/s
64000 milliseconds	2321 MB/s	0 short_reads/s	0 short_writes_echo/s	83 cpu_user_milliseconds	915 cpu_system_milliseconds	0 minor_page_faults/s	0 major_page_faults/s	0 yields/s	5 preempts/s
65000 milliseconds	2317 MB/s	0 short_reads/s	0 short_writes_echo/s	75 cpu_user_milliseconds	924 cpu_system_milliseconds	0 minor_page_faults/s	0 major_page_faults/s	0 yields/s	2 preempts/s
66000 milliseconds	2320 MB/s	0 short_reads/s	0 short_writes_echo/s	88 cpu_user_milliseconds	910 cpu_system_milliseconds	0 minor_page_faults/s	0 major_page_faults/s	0 yields/s	6 preempts/s
67000 milliseconds	2284 MB/s	0 short_reads/s	0 short_writes_echo/s	97 cpu_user_milliseconds	901 cpu_system_milliseconds	0 minor_page_faults/s	0 major_page_faults/s	0 yields/s	7 preempts/s
68000 milliseconds	2249 MB/s	0 short_reads/s	0 short_writes_echo/s	82 cpu_user_milliseconds	915 cpu_system_milliseconds	0 minor_page_faults/s	0 major_page_faults/s	0 yields/s	30 preempts/s
69000 milliseconds	2309 MB/s	0 short_reads/s	0 short_writes_echo/s	88 cpu_user_milliseconds	910 cpu_system_milliseconds	0 minor_page_faults/s	0 major_page_faults/s	0 yields/s	8 preempts/s
70000 milliseconds	2325 MB/s	0 short_reads/s	0 short_writes_echo/s	72 cpu_user_milliseconds	926 cpu_system_milliseconds	0 minor_page_faults/s	0 major_page_faults/s	0 yields/s	6 preempts/s
71000 milliseconds	2297 MB/s	0 short_reads/s	0 short_writes_echo/s	95 cpu_user_milliseconds	903 cpu_system_milliseconds	0 minor_page_faults/s	0 major_page_faults/s	0 yields/s	10 preempts/s
72000 milliseconds	2298 MB/s	0 short_reads/s	0 short_writes_echo/s	85 cpu_user_milliseconds	913 cpu_system_milliseconds	0 minor_page_faults/s	0 major_page_faults/s	0 yields/s	7 preempts/s
73000 milliseconds	2249 MB/s	0 short_reads/s	0 short_writes_echo/s	85 cpu_user_milliseconds	913 cpu_system_milliseconds	0 minor_page_faults/s	0 major_page_faults/s	0 yields/s	2 preempts/s
74000 milliseconds	2225 MB/s	0 short_reads/s	0 short_writes_echo/s	69 cpu_user_milliseconds	929 cpu_system_milliseconds	0 minor_page_faults/s	0 major_page_faults/s	0 yields/s	10 preempts/s
75000 milliseconds	2233 MB/s	0 short_reads/s	0 short_writes_echo/s	59 cpu_user_milliseconds	939 cpu_system_milliseconds	0 minor_page_faults/s	0 major_page_faults/s	0 yields/s	11 preempts/s
76000 milliseconds	2332 MB/s	0 short_reads/s	0 short_writes_echo/s	88 cpu_user_milliseconds	910 cpu_system_milliseconds	0 minor_page_faults/s	0 major_page_faults/s	0 yields/s	5 preempts/s
77000 milliseconds	2271 MB/s	0 short_reads/s	0 short_writes_echo/s	88 cpu_user_milliseconds	909 cpu_system_milliseconds	0 minor_page_faults/s	0 major_page_faults/s	0 yields/s	37 preempts/s
78000 milliseconds	2171 MB/s	218 short_reads/s	0 short_writes_echo/s	90 cpu_user_milliseconds	898 cpu_system_milliseconds	0 minor_page_faults/s	0 major_page_faults/s	502 yields/s	8 preempts/s
79000 milliseconds	2329 MB/s	0 short_reads/s	0 short_writes_echo/s	77 cpu_user_milliseconds	921 cpu_system_milliseconds	0 minor_page_faults/s	0 major_page_faults/s	0 yields/s	6 preempts/s
80000 milliseconds	2308 MB/s	0 short_reads/s	0 short_writes_echo/s	92 cpu_user_milliseconds	906 cpu_system_milliseconds	0 minor_page_faults/s	0 major_page_faults/s	0 yields/s	3 preempts/s
81000 milliseconds	2254 MB/s	0 short_reads/s	0 short_writes_echo/s	82 cpu_user_milliseconds	916 cpu_system_milliseconds	0 minor_page_faults/s	0 major_page_faults/s	0 yields/s	6 preempts/s
82000 milliseconds	2296 MB/s	0 short_reads/s	0 short_writes_echo/s	88 cpu_user_milliseconds	910 cpu_system_milliseconds	0 minor_page_faults/s	0 major_page_faults/s	0 yields/s	4 preempts/s
83000 milliseconds	2239 MB/s	128 short_reads/s	0 short_writes_echo/s	86 cpu_user_milliseconds	907 cpu_system_milliseconds	0 minor_page_faults/s	0 major_page_faults/s	290 yields/s	4 preempts/s
84000 milliseconds	2286 MB/s	0 short_reads/s	0 short_writes_echo/s	67 cpu_user_milliseconds	931 cpu_system_milliseconds	0 minor_page_faults/s	0 major_page_faults/s	0 yields/s	5 preempts/s
85000 milliseconds	2254 MB/s	0 short_reads/s	0 short_writes_echo/s	89 cpu_user_milliseconds	909 cpu_system_milliseconds	0 minor_page_faults/s	0 major_page_faults/s	0 yields/s	6 preempts/s
86000 milliseconds	2344 MB/s	0 short_reads/s	0 short_writes_echo/s	71 cpu_user_milliseconds	927 cpu_system_milliseconds	0 minor_page_faults/s	0 major_page_faults/s	0 yields/s	6 preempts/s
87000 milliseconds	2344 MB/s	0 short_reads/s	0 short_writes_echo/s	84 cpu_user_milliseconds	914 cpu_system_milliseconds	0 minor_page_faults/s	0 major_page_faults/s	0 yields/s	5 preempts/s
88000 milliseconds	2265 MB/s	0 short_reads/s	0 short_writes_echo/s	83 cpu_user_milliseconds	915 cpu_system_milliseconds	0 minor_page_faults/s	0 major_page_faults/s	0 yields/s	7 preempts/s
89000 milliseconds	2318 MB/s	0 short_reads/s	0 short_writes_echo/s	89 cpu_user_milliseconds	906 cpu_system_milliseconds	0 minor_page_faults/s	0 major_page_faults/s	0 yields/s	42 preempts/s
90000 milliseconds	2276 MB/s	0 short_reads/s	0 short_writes_echo/s	83 cpu_user_milliseconds	915 cpu_system_milliseconds	0 minor_page_faults/s	0 major_page_faults/s	0 yields/s	6 preempts/s
91000 milliseconds	2322 MB/s	0 short_reads/s	0 short_writes_echo/s	78 cpu_user_milliseconds	921 cpu_system_milliseconds	0 minor_page_faults/s	0 major_page_faults/s	0 yields/s	9 preempts/s
92000 milliseconds	2243 MB/s	0 short_reads/s	0 short_writes_echo/s	103 cpu_user_milliseconds	894 cpu_system_milliseconds	0 minor_page_faults/s	0 major_page_faults/s	0 yields/s	26 preempts/s
93000 milliseconds	2279 MB/s	0 short_reads/s	0 short_writes_echo/s	100 cpu_user_milliseconds	898 cpu_system_milliseconds	0 minor_page_faults/s	0 major_page_faults/s	0 yields/s	6 preempts/s
94000 milliseconds	2341 MB/s	0 short_reads/s	0 short_writes_echo/s	84 cpu_user_milliseconds	913 cpu_system_milliseconds	0 minor_page_faults/s	0 major_page_faults/s	0 yields/s	21 preempts/s
95000 milliseconds	2312 MB/s	0 short_reads/s	0 short_writes_echo/s	86 cpu_user_milliseconds	912 cpu_system_milliseconds	0 minor_page_faults/s	0 major_page_faults/s	0 yields/s	6 preempts/s
96000 milliseconds	2315 MB/s	0 short_reads/s	0 short_writes_echo/s	73 cpu_user_milliseconds	926 cpu_system_milliseconds	0 minor_page_faults/s	0 major_page_faults/s	0 yields/s	3 preempts/s
97000 milliseconds	2294 MB/s	0 short_reads/s	0 short_writes_echo/s	101 cpu_user_milliseconds	895 cpu_system_milliseconds	0 minor_page_faults/s	0 major_page_faults/s	1 yields/s	10 preempts/s
98000 milliseconds	2225 MB/s	0 short_reads/s	0 short_writes_echo/s	75 cpu_user_milliseconds	923 cpu_system_milliseconds	0 minor_page_faults/s	0 major_page_faults/s	0 yields/s	6 preempts/s
99000 milliseconds	2182 MB/s	0 short_reads/s	0 short_writes_echo/s	74 cpu_user_milliseconds	923 cpu_system_milliseconds	0 minor_page_faults/s	0 major_page_faults/s	0 yields/s	31 preempts/s
100000 milliseconds	2314 MB/s	0 short_reads/s	0 short_writes_echo/s	83 cpu_user_milliseconds	915 cpu_system_milliseconds	0 minor_page_faults/s	0 major_page_faults/s	0 yields/s	3 preempts/s
101000 milliseconds	2323 MB/s	0 short_reads/s	0 short_writes_echo/s	86 cpu_user_milliseconds	912 cpu_system_milliseconds	0 minor_page_faults/s	0 major_page_faults/s	0 yields/s	7 preempts/s
102000 milliseconds	2320 MB/s	0 short_reads/s	0 short_writes_echo/s	87 cpu_user_milliseconds	911 cpu_system_milliseconds	0 minor_page_faults/s	0 major_page_faults/s	0 yields/s	7 preempts/s
103000 milliseconds	2286 MB/s	56 short_reads/s	0 short_writes_echo/s	93 cpu_user_milliseconds	903 cpu_system_milliseconds	0 minor_page_faults/s	0 major_page_faults/s	180 yields/s	6 preempts/s
104000 milliseconds	2331 MB/s	0 short_reads/s	0 short_writes_echo/s	125 cpu_user_milliseconds	873 cpu_system_milliseconds	0 minor_page_faults/s	0 major_page_faults/s	0 yields/s	7 preempts/s
105001 milliseconds	2185 MB/s	0 short_reads/s	0 short_writes_echo/s	92 cpu_user_milliseconds	904 cpu_system_milliseconds	0 minor_page_faults/s	0 major_page_faults/s	0 yields/s	29 preempts/s
106001 milliseconds	2324 MB/s	0 short_reads/s	0 short_writes_echo/s	111 cpu_user_milliseconds	887 cpu_system_milliseconds	0 minor_page_faults/s	0 major_page_faults/s	0 yields/s	3 preempts/s
107001 milliseconds	2334 MB/s	0 short_reads/s	0 short_writes_echo/s	82 cpu_user_milliseconds	916 cpu_system_milliseconds	0 minor_page_faults/s	0 major_page_faults/s	0 yields/s	5 preempts/s
108001 milliseconds	2269 MB/s	96 short_reads/s	0 short_writes_echo/s	85 cpu_user_milliseconds	910 cpu_system_milliseconds	0 minor_page_faults/s	0 major_page_faults/s	206 yields/s	4 preempts/s
109001 milliseconds	2267 MB/s	0 short_reads/s	0 short_writes_echo/s	81 cpu_user_milliseconds	917 cpu_system_milliseconds	0 minor_page_faults/s	0 major_page_faults/s	0 yields/s	6 preempts/s
110001 milliseconds	2333 MB/s	0 short_reads/s	0 short_writes_echo/s	77 cpu_user_milliseconds	919 cpu_system_milliseconds	0 minor_page_faults/s	0 major_page_faults/s	0 yields/s	26 preempts/s
111001 milliseconds	2337 MB/s	0 short_reads/s	0 short_writes_echo/s	100 cpu_user_milliseconds	898 cpu_system_milliseconds	0 minor_page_faults/s	0 major_page_faults/s	0 yields/s	6 preempts/s
112001 milliseconds	2289 MB/s	0 short_reads/s	0 short_writes_echo/s	92 cpu_user_milliseconds	906 cpu_system_milliseconds	0 minor_page_faults/s	0 major_page_faults/s	0 yields/s	7 preempts/s
113001 milliseconds	2254 MB/s	7 short_reads/s	0 short_writes_echo/s	84 cpu_user_milliseconds	911 cpu_system_milliseconds	0 minor_page_faults/s	0 major_page_faults/s	33 yields/s	41 preempts/s
114001 milliseconds	2335 MB/s	0 short_reads/s	0 short_writes_echo/s	79 cpu_user_milliseconds	919 cpu_system_milliseconds	0 minor_page_faults/s	0 major_page_faults/s	0 yields/s	15 preempts/s
115001 milliseconds	2211 MB/s	0 short_reads/s	0 short_writes_echo/s	87 cpu_user_milliseconds	911 cpu_system_milliseconds	0 minor_page_faults/s	0 major_page_faults/s	0 yields/s	8 preempts/s
116001 milliseconds	2292 MB/s	0 short_reads/s	0 short_writes_echo/s	81 cpu_user_milliseconds	916 cpu_system_milliseconds	0 minor_page_faults/s	0 major_page_faults/s	0 yields/s	29 preempts/s
117001 milliseconds	2235 MB/s	0 short_reads/s	0 short_writes_echo/s	96 cpu_user_milliseconds	900 cpu_system_milliseconds	0 minor_page_faults/s	0 major_page_faults/s	0 yields/s	26 preempts/s
118001 milliseconds	2288 MB/s	226 short_reads/s	0 short_writes_echo/s	97 cpu_user_milliseconds	893 cpu_system_milliseconds	0 minor_page_faults/s	0 major_page_faults/s	476 yields/s	5 preempts/s
119001 milliseconds	2308 MB/s	0 short_reads/s	0 short_writes_echo/s	87 cpu_user_milliseconds	911 cpu_system_milliseconds	0 minor_page_faults/s	0 major_page_faults/s	0 yields/s	9 preempts/s
120001 milliseconds	2331 MB/s	0 short_reads/s	0 short_writes_echo/s	95 cpu_user_milliseconds	902 cpu_system_milliseconds	0 minor_page_faults/s	0 major_page_faults/s	0 yields/s	17 preempts/s
121001 milliseconds	2332 MB/s	0 short_reads/s	0 short_writes_echo/s	87 cpu_user_milliseconds	911 cpu_system_milliseconds	0 minor_page_faults/s	0 major_page_faults/s	0 yields/s	4 preempts/s
122001 milliseconds	2334 MB/s	0 short_reads/s	0 short_writes_echo/s	86 cpu_user_milliseconds	912 cpu_system_milliseconds	0 minor_page_faults/s	0 major_page_faults/s	0 yields/s	8 preempts/s
123001 milliseconds	2302 MB/s	112 short_reads/s	0 short_writes_echo/s	77 cpu_user_milliseconds	917 cpu_system_milliseconds	0 minor_page_faults/s	0 major_page_faults/s	231 yields/s	10 preempts/s
124001 milliseconds	2290 MB/s	0 short_reads/s	0 short_writes_echo/s	90 cpu_user_milliseconds	907 cpu_system_milliseconds	0 minor_page_faults/s	0 major_page_faults/s	0 yields/s	24 preempts/s
125001 milliseconds	2282 MB/s	0 short_reads/s	0 short_writes_echo/s	91 cpu_user_milliseconds	907 cpu_system_milliseconds	0 minor_page_faults/s	0 major_page_faults/s	0 yields/s	9 preempts/s
126001 milliseconds	2214 MB/s	0 short_reads/s	0 short_writes_echo/s	72 cpu_user_milliseconds	926 cpu_system_milliseconds	0 minor_page_faults/s	0 major_page_faults/s	0 yields/s	7 preempts/s
127001 milliseconds	2333 MB/s	0 short_reads/s	0 short_writes_echo/s	79 cpu_user_milliseconds	919 cpu_system_milliseconds	0 minor_page_faults/s	0 major_page_faults/s	0 yields/s	4 preempts/s
128001 milliseconds	2273 MB/s	2 short_reads/s	0 short_writes_echo/s	86 cpu_user_milliseconds	912 cpu_system_milliseconds	0 minor_page_faults/s	0 major_page_faults/s	5 yields/s	5 preempts/s
129001 milliseconds	2322 MB/s	0 short_reads/s	0 short_writes_echo/s	88 cpu_user_milliseconds	910 cpu_system_milliseconds	0 minor_page_faults/s	0 major_page_faults/s	0 yields/s	4 preempts/s
130001 milliseconds	2345 MB/s	0 short_reads/s	0 short_writes_echo/s	86 cpu_user_milliseconds	912 cpu_system_milliseconds	0 minor_page_faults/s	0 major_page_faults/s	0 yields/s	5 preempts/s
131001 milliseconds	2307 MB/s	0 short_reads/s	0 short_writes_echo/s	90 cpu_user_milliseconds	908 cpu_system_milliseconds	0 minor_page_faults/s	0 major_page_faults/s	0 yields/s	4 preempts/s
132001 milliseconds	2327 MB/s	0 short_reads/s	0 short_writes_echo/s	70 cpu_user_milliseconds	925 cpu_system_milliseconds	0 minor_page_faults/s	0 major_page_faults/s	1 yields/s	3 preempts/s
133001 milliseconds	2297 MB/s	164 short_reads/s	0 short_writes_echo/s	79 cpu_user_milliseconds	911 cpu_system_milliseconds	0 minor_page_faults/s	0 major_page_faults/s	369 yields/s	20 preempts/s
134001 milliseconds	2287 MB/s	0 short_reads/s	0 short_writes_echo/s	73 cpu_user_milliseconds	925 cpu_system_milliseconds	0 minor_page_faults/s	0 major_page_faults/s	0 yields/s	7 preempts/s
135001 milliseconds	2279 MB/s	0 short_reads/s	0 short_writes_echo/s	72 cpu_user_milliseconds	926 cpu_system_milliseconds	0 minor_page_faults/s	0 major_page_faults/s	0 yields/s	8 preempts/s
136001 milliseconds	2261 MB/s	0 short_reads/s	0 short_writes_echo/s	106 cpu_user_milliseconds	892 cpu_system_milliseconds	0 minor_page_faults/s	0 major_page_faults/s	0 yields/s	5 preempts/s
137001 milliseconds	2342 MB/s	0 short_reads/s	0 short_writes_echo/s	110 cpu_user_milliseconds	888 cpu_system_milliseconds	0 minor_page_faults/s	0 major_page_faults/s	0 yields/s	4 preempts/s
138001 milliseconds	2306 MB/s	218 short_reads/s	0 short_writes_echo/s	82 cpu_user_milliseconds	908 cpu_system_milliseconds	0 minor_page_faults/s	0 major_page_faults/s	440 yields/s	4 preempts/s
139001 milliseconds	2329 MB/s	0 short_reads/s	0 short_writes_echo/s	60 cpu_user_milliseconds	938 cpu_system_milliseconds	0 minor_page_faults/s	0 major_page_faults/s	0 yields/s	10 preempts/s
140001 milliseconds	2311 MB/s	0 short_reads/s	0 short_writes_echo/s	91 cpu_user_milliseconds	907 cpu_system_milliseconds	0 minor_page_faults/s	0 major_page_faults/s	0 yields/s	3 preempts/s
141001 milliseconds	2180 MB/s	0 short_reads/s	0 short_writes_echo/s	82 cpu_user_milliseconds	916 cpu_system_milliseconds	0 minor_page_faults/s	0 major_page_faults/s	0 yields/s	7 preempts/s
142001 milliseconds	2329 MB/s	0 short_reads/s	0 short_writes_echo/s	91 cpu_user_milliseconds	907 cpu_system_milliseconds	0 minor_page_faults/s	0 major_page_faults/s	0 yields/s	9 preempts/s
143001 milliseconds	2290 MB/s	117 short_reads/s	0 short_writes_echo/s	90 cpu_user_milliseconds	903 cpu_system_milliseconds	0 minor_page_faults/s	0 major_page_faults/s	226 yields/s	25 preempts/s
144001 milliseconds	2302 MB/s	0 short_reads/s	0 short_writes_echo/s	76 cpu_user_milliseconds	922 cpu_system_milliseconds	0 minor_page_faults/s	0 major_page_faults/s	0 yields/s	7 preempts/s
145001 milliseconds	2281 MB/s	0 short_reads/s	0 short_writes_echo/s	93 cpu_user_milliseconds	905 cpu_system_milliseconds	0 minor_page_faults/s	0 major_page_faults/s	0 yields/s	9 preempts/s
146001 milliseconds	2336 MB/s	0 short_reads/s	0 short_writes_echo/s	103 cpu_user_milliseconds	895 cpu_system_milliseconds	0 minor_page_faults/s	0 major_page_faults/s	0 yields/s	5 preempts/s
147001 milliseconds	2329 MB/s	0 short_reads/s	0 short_writes_echo/s	85 cpu_user_milliseconds	913 cpu_system_milliseconds	0 minor_page_faults/s	0 major_page_faults/s	0 yields/s	3 preempts/s
148001 milliseconds	2146 MB/s	0 short_reads/s	0 short_writes_echo/s	87 cpu_user_milliseconds	911 cpu_system_milliseconds	0 minor_page_faults/s	0 major_page_faults/s	0 yields/s	4 preempts/s
149001 milliseconds	2315 MB/s	0 short_reads/s	0 short_writes_echo/s	86 cpu_user_milliseconds	911 cpu_system_milliseconds	0 minor_page_faults/s	0 major_page_faults/s	0 yields/s	32 preempts/s
150001 milliseconds	2257 MB/s	0 short_reads/s	0 short_writes_echo/s	93 cpu_user_milliseconds	905 cpu_system_milliseconds	0 minor_page_faults/s	0 major_page_faults/s	0 yields/s	15 preempts/s
151001 milliseconds	2333 MB/s	0 short_reads/s	0 short_writes_echo/s	90 cpu_user_milliseconds	908 cpu_system_milliseconds	0 minor_page_faults/s	0 major_page_faults/s	0 yields/s	3 preempts/s
152001 milliseconds	2262 MB/s	0 short_reads/s	0 short_writes_echo/s	91 cpu_user_milliseconds	907 cpu_system_milliseconds	0 minor_page_faults/s	0 major_page_faults/s	0 yields/s	3 preempts/s
153001 milliseconds	2299 MB/s	464 short_reads/s	0 short_writes_echo/s	81 cpu_user_milliseconds	901 cpu_system_milliseconds	0 minor_page_faults/s	0 major_page_faults/s	826 yields/s	5 preempts/s
154001 milliseconds	2182 MB/s	0 short_reads/s	0 short_writes_echo/s	101 cpu_user_milliseconds	897 cpu_system_milliseconds	0 minor_page_faults/s	0 major_page_faults/s	0 yields/s	7 preempts/s
155001 milliseconds	2300 MB/s	0 short_reads/s	0 short_writes_echo/s	91 cpu_user_milliseconds	907 cpu_system_milliseconds	0 minor_page_faults/s	0 major_page_faults/s	0 yields/s	5 preempts/s
156001 milliseconds	2285 MB/s	0 short_reads/s	0 short_writes_echo/s	85 cpu_user_milliseconds	913 cpu_system_milliseconds	0 minor_page_faults/s	0 major_page_faults/s	0 yields/s	4 preempts/s
157001 milliseconds	2343 MB/s	0 short_reads/s	0 short_writes_echo/s	74 cpu_user_milliseconds	924 cpu_system_milliseconds	0 minor_page_faults/s	0 major_page_faults/s	0 yields/s	3 preempts/s
158001 milliseconds	2265 MB/s	0 short_reads/s	0 short_writes_echo/s	94 cpu_user_milliseconds	904 cpu_system_milliseconds	0 minor_page_faults/s	0 major_page_faults/s	0 yields/s	8 preempts/s
159001 milliseconds	2306 MB/s	0 short_reads/s	0 short_writes_echo/s	83 cpu_user_milliseconds	915 cpu_system_milliseconds	0 minor_page_faults/s	0 major_page_faults/s	0 yields/s	6 preempts/s
160001 milliseconds	2327 MB/s	0 short_reads/s	0 short_writes_echo/s	89 cpu_user_milliseconds	909 cpu_system_milliseconds	0 minor_page_faults/s	0 major_page_faults/s	0 yields/s	2 preempts/s
161001 milliseconds	2328 MB/s	0 short_reads/s	0 short_writes_echo/s	72 cpu_user_milliseconds	926 cpu_system_milliseconds	0 minor_page_faults/s	0 major_page_faults/s	0 yields/s	11 preempts/s
162001 milliseconds	2324 MB/s	0 short_reads/s	0 short_writes_echo/s	88 cpu_user_milliseconds	910 cpu_system_milliseconds	0 minor_page_faults/s	0 major_page_faults/s	0 yields/s	11 preempts/s
163001 milliseconds	2205 MB/s	40 short_reads/s	0 short_writes_echo/s	72 cpu_user_milliseconds	924 cpu_system_milliseconds	0 minor_page_faults/s	0 major_page_faults/s	119 yields/s	11 preempts/s
164001 milliseconds	2298 MB/s	0 short_reads/s	0 short_writes_echo/s	98 cpu_user_milliseconds	900 cpu_system_milliseconds	0 minor_page_faults/s	0 major_page_faults/s	0 yields/s	4 preempts/s
165001 milliseconds	2330 MB/s	0 short_reads/s	0 short_writes_echo/s	95 cpu_user_milliseconds	902 cpu_system_milliseconds	0 minor_page_faults/s	0 major_page_faults/s	0 yields/s	30 preempts/s
166001 milliseconds	2329 MB/s	0 short_reads/s	0 short_writes_echo/s	91 cpu_user_milliseconds	902 cpu_system_milliseconds	0 minor_page_faults/s	0 major_page_faults/s	0 yields/s	75 preempts/s
167001 milliseconds	2340 MB/s	0 short_reads/s	0 short_writes_echo/s	99 cpu_user_milliseconds	898 cpu_system_milliseconds	0 minor_page_faults/s	0 major_page_faults/s	0 yields/s	27 preempts/s
168001 milliseconds	2226 MB/s	0 short_reads/s	0 short_writes_echo/s	86 cpu_user_milliseconds	912 cpu_system_milliseconds	0 minor_page_faults/s	0 major_page_faults/s	0 yields/s	4 preempts/s
169001 milliseconds	2291 MB/s	0 short_reads/s	0 short_writes_echo/s	89 cpu_user_milliseconds	909 cpu_system_milliseconds	0 minor_page_faults/s	0 major_page_faults/s	0 yields/s	3 preempts/s
170001 milliseconds	2325 MB/s	0 short_reads/s	0 short_writes_echo/s	102 cpu_user_milliseconds	897 cpu_system_milliseconds	0 minor_page_faults/s	0 major_page_faults/s	0 yields/s	12 preempts/s
171001 milliseconds	2335 MB/s	0 short_reads/s	0 short_writes_echo/s	86 cpu_user_milliseconds	911 cpu_system_milliseconds	0 minor_page_faults/s	0 major_page_faults/s	0 yields/s	28 preempts/s
172001 milliseconds	2283 MB/s	0 short_reads/s	0 short_writes_echo/s	96 cpu_user_milliseconds	902 cpu_system_milliseconds	0 minor_page_faults/s	0 major_page_faults/s	0 yields/s	3 preempts/s
173001 milliseconds	2297 MB/s	150 short_reads/s	0 short_writes_echo/s	94 cpu_user_milliseconds	896 cpu_system_milliseconds	0 minor_page_faults/s	0 major_page_faults/s	448 yields/s	5 preempts/s
174001 milliseconds	2283 MB/s	0 short_reads/s	0 short_writes_echo/s	76 cpu_user_milliseconds	922 cpu_system_milliseconds	0 minor_page_faults/s	0 major_page_faults/s	0 yields/s	4 preempts/s
175001 milliseconds	2043 MB/s	0 short_reads/s	0 short_writes_echo/s	69 cpu_user_milliseconds	929 cpu_system_milliseconds	0 minor_page_faults/s	0 major_page_faults/s	0 yields/s	4 preempts/s
176001 milliseconds	2241 MB/s	0 short_reads/s	0 short_writes_echo/s	112 cpu_user_milliseconds	886 cpu_system_milliseconds	0 minor_page_faults/s	0 major_page_faults/s	0 yields/s	5 preempts/s
177001 milliseconds	2338 MB/s	0 short_reads/s	0 short_writes_echo/s	82 cpu_user_milliseconds	916 cpu_system_milliseconds	0 minor_page_faults/s	0 major_page_faults/s	0 yields/s	6 preempts/s
178001 milliseconds	2255 MB/s	0 short_reads/s	0 short_writes_echo/s	81 cpu_user_milliseconds	917 cpu_system_milliseconds	0 minor_page_faults/s	0 major_page_faults/s	0 yields/s	5 preempts/s
179001 milliseconds	2311 MB/s	0 short_reads/s	0 short_writes_echo/s	80 cpu_user_milliseconds	918 cpu_system_milliseconds	0 minor_page_faults/s	0 major_page_faults/s	0 yields/s	7 preempts/s
180001 milliseconds	2324 MB/s	0 short_reads/s	0 short_writes_echo/s	93 cpu_user_milliseconds	904 cpu_system_milliseconds	0 minor_page_faults/s	0 major_page_faults/s	0 yields/s	26 preempts/s
181001 milliseconds	2322 MB/s	0 short_reads/s	0 short_writes_echo/s	90 cpu_user_milliseconds	908 cpu_system_milliseconds	0 minor_page_faults/s	0 major_page_faults/s	0 yields/s	6 preempts/s
182001 milliseconds	2181 MB/s	0 short_reads/s	0 short_writes_echo/s	88 cpu_user_milliseconds	910 cpu_system_milliseconds	0 minor_page_faults/s	0 major_page_faults/s	0 yields/s	6 preempts/s
183001 milliseconds	2251 MB/s	76 short_reads/s	0 short_writes_echo/s	79 cpu_user_milliseconds	916 cpu_system_milliseconds	0 minor_page_faults/s	0 major_page_faults/s	197 yields/s	5 preempts/s
184001 milliseconds	2293 MB/s	0 short_reads/s	0 short_writes_echo/s	94 cpu_user_milliseconds	903 cpu_system_milliseconds	0 minor_page_faults/s	0 major_page_faults/s	0 yields/s	27 preempts/s
185001 milliseconds	2305 MB/s	0 short_reads/s	0 short_writes_echo/s	88 cpu_user_milliseconds	910 cpu_system_milliseconds	0 minor_page_faults/s	0 major_page_faults/s	0 yields/s	8 preempts/s
186001 milliseconds	2343 MB/s	0 short_reads/s	0 short_writes_echo/s	87 cpu_user_milliseconds	911 cpu_system_milliseconds	0 minor_page_faults/s	0 major_page_faults/s	0 yields/s	4 preempts/s
187001 milliseconds	2304 MB/s	0 short_reads/s	0 short_writes_echo/s	74 cpu_user_milliseconds	924 cpu_system_milliseconds	0 minor_page_faults/s	0 major_page_faults/s	0 yields/s	6 preempts/s
188001 milliseconds	2280 MB/s	0 short_reads/s	0 short_writes_echo/s	68 cpu_user_milliseconds	930 cpu_system_milliseconds	0 minor_page_faults/s	0 major_page_faults/s	0 yields/s	6 preempts/s
189001 milliseconds	2322 MB/s	0 short_reads/s	0 short_writes_echo/s	81 cpu_user_milliseconds	916 cpu_system_milliseconds	0 minor_page_faults/s	0 major_page_faults/s	0 yields/s	26 preempts/s
190001 milliseconds	2312 MB/s	0 short_reads/s	0 short_writes_echo/s	72 cpu_user_milliseconds	926 cpu_system_milliseconds	0 minor_page_faults/s	0 major_page_faults/s	0 yields/s	8 preempts/s
191001 milliseconds	2266 MB/s	0 short_reads/s	0 short_writes_echo/s	68 cpu_user_milliseconds	930 cpu_system_milliseconds	0 minor_page_faults/s	0 major_page_faults/s	0 yields/s	7 preempts/s
192001 milliseconds	2227 MB/s	0 short_reads/s	0 short_writes_echo/s	90 cpu_user_milliseconds	907 cpu_system_milliseconds	0 minor_page_faults/s	0 major_page_faults/s	0 yields/s	24 preempts/s
193001 milliseconds	2259 MB/s	0 short_reads/s	0 short_writes_echo/s	98 cpu_user_milliseconds	900 cpu_system_milliseconds	0 minor_page_faults/s	0 major_page_faults/s	0 yields/s	3 preempts/s
194001 milliseconds	2234 MB/s	0 short_reads/s	0 short_writes_echo/s	84 cpu_user_milliseconds	914 cpu_system_milliseconds	0 minor_page_faults/s	0 major_page_faults/s	0 yields/s	10 preempts/s
195001 milliseconds	2289 MB/s	0 short_reads/s	0 short_writes_echo/s	91 cpu_user_milliseconds	907 cpu_system_milliseconds	0 minor_page_faults/s	0 major_page_faults/s	0 yields/s	6 preempts/s
196001 milliseconds	2209 MB/s	0 short_reads/s	0 short_writes_echo/s	77 cpu_user_milliseconds	921 cpu_system_milliseconds	0 minor_page_faults/s	0 major_page_faults/s	0 yields/s	10 preempts/s
197001 milliseconds	2341 MB/s	0 short_reads/s	0 short_writes_echo/s	75 cpu_user_milliseconds	923 cpu_system_milliseconds	0 minor_page_faults/s	0 major_page_faults/s	0 yields/s	4 preempts/s
198001 milliseconds	2284 MB/s	252 short_reads/s	0 short_writes_echo/s	107 cpu_user_milliseconds	879 cpu_system_milliseconds	0 minor_page_faults/s	0 major_page_faults/s	525 yields/s	27 preempts/s
199001 milliseconds	2297 MB/s	0 short_reads/s	0 short_writes_echo/s	88 cpu_user_milliseconds	910 cpu_system_milliseconds	0 minor_page_faults/s	0 major_page_faults/s	0 yields/s	8 preempts/s
200001 milliseconds	2323 MB/s	0 short_reads/s	0 short_writes_echo/s	89 cpu_user_milliseconds	908 cpu_system_milliseconds	0 minor_page_faults/s	0 major_page_faults/s	0 yields/s	26 preempts/s
201001 milliseconds	2265 MB/s	0 short_reads/s	0 short_writes_echo/s	77 cpu_user_milliseconds	920 cpu_system_milliseconds	0 minor_page_faults/s	0 major_page_faults/s	0 yields/s	28 preempts/s
202002 milliseconds	2333 MB/s	0 short_reads/s	0 short_writes_echo/s	68 cpu_user_milliseconds	929 cpu_system_milliseconds	0 minor_page_faults/s	0 major_page_faults/s	0 yields/s	23 preempts/s
203002 milliseconds	2289 MB/s	0 short_reads/s	0 short_writes_echo/s	84 cpu_user_milliseconds	913 cpu_system_milliseconds	0 minor_page_faults/s	0 major_page_faults/s	0 yields/s	30 preempts/s
204002 milliseconds	2331 MB/s	0 short_reads/s	0 short_writes_echo/s	94 cpu_user_milliseconds	904 cpu_system_milliseconds	0 minor_page_faults/s	0 major_page_faults/s	0 yields/s	2 preempts/s
205002 milliseconds	2330 MB/s	0 short_reads/s	0 short_writes_echo/s	70 cpu_user_milliseconds	929 cpu_system_milliseconds	0 minor_page_faults/s	0 major_page_faults/s	0 yields/s	3 preempts/s
206002 milliseconds	2265 MB/s	0 short_reads/s	0 short_writes_echo/s	80 cpu_user_milliseconds	917 cpu_system_milliseconds	0 minor_page_faults/s	0 major_page_faults/s	0 yields/s	29 preempts/s
207002 milliseconds	2340 MB/s	0 short_reads/s	0 short_writes_echo/s	83 cpu_user_milliseconds	915 cpu_system_milliseconds	0 minor_page_faults/s	0 major_page_faults/s	0 yields/s	3 preempts/s
208002 milliseconds	2299 MB/s	170 short_reads/s	0 short_writes_echo/s	95 cpu_user_milliseconds	898 cpu_system_milliseconds	0 minor_page_faults/s	0 major_page_faults/s	318 yields/s	4 preempts/s
209002 milliseconds	2246 MB/s	0 short_reads/s	0 short_writes_echo/s	84 cpu_user_milliseconds	913 cpu_system_milliseconds	0 minor_page_faults/s	0 major_page_faults/s	0 yields/s	29 preempts/s
210002 milliseconds	2234 MB/s	0 short_reads/s	0 short_writes_echo/s	88 cpu_user_milliseconds	910 cpu_system_milliseconds	0 minor_page_faults/s	0 major_page_faults/s	0 yields/s	5 preempts/s
211002 milliseconds	2329 MB/s	0 short_reads/s	0 short_writes_echo/s	88 cpu_user_milliseconds	909 cpu_system_milliseconds	0 minor_page_faults/s	0 major_page_faults/s	0 yields/s	26 preempts/s
212002 milliseconds	2261 MB/s	0 short_reads/s	0 short_writes_echo/s	63 cpu_user_milliseconds	934 cpu_system_milliseconds	0 minor_page_faults/s	0 major_page_faults/s	0 yields/s	26 preempts/s
213002 milliseconds	2259 MB/s	0 short_reads/s	0 short_writes_echo/s	87 cpu_user_milliseconds	910 cpu_system_milliseconds	0 minor_page_faults/s	0 major_page_faults/s	0 yields/s	25 preempts/s
214002 milliseconds	2301 MB/s	0 short_reads/s	0 short_writes_echo/s	78 cpu_user_milliseconds	916 cpu_system_milliseconds	0 minor_page_faults/s	0 major_page_faults/s	0 yields/s	52 preempts/s
215002 milliseconds	2202 MB/s	0 short_reads/s	0 short_writes_echo/s	76 cpu_user_milliseconds	922 cpu_system_milliseconds	0 minor_page_faults/s	0 major_page_faults/s	0 yields/s	9 preempts/s
216002 milliseconds	2332 MB/s	0 short_reads/s	0 short_writes_echo/s	92 cpu_user_milliseconds	906 cpu_system_milliseconds	0 minor_page_faults/s	0 major_page_faults/s	0 yields/s	3 preempts/s
217002 milliseconds	2342 MB/s	0 short_reads/s	0 short_writes_echo/s	84 cpu_user_milliseconds	914 cpu_system_milliseconds	0 minor_page_faults/s	0 major_page_faults/s	0 yields/s	8 preempts/s
218002 milliseconds	2310 MB/s	127 short_reads/s	0 short_writes_echo/s	80 cpu_user_milliseconds	913 cpu_system_milliseconds	0 minor_page_faults/s	0 major_page_faults/s	294 yields/s	5 preempts/s
219002 milliseconds	2243 MB/s	0 short_reads/s	0 short_writes_echo/s	92 cpu_user_milliseconds	906 cpu_system_milliseconds	0 minor_page_faults/s	0 major_page_faults/s	0 yields/s	9 preempts/s
220002 milliseconds	2323 MB/s	0 short_reads/s	0 short_writes_echo/s	97 cpu_user_milliseconds	901 cpu_system_milliseconds	0 minor_page_faults/s	0 major_page_faults/s	0 yields/s	4 preempts/s
221002 milliseconds	2304 MB/s	0 short_reads/s	0 short_writes_echo/s	81 cpu_user_milliseconds	917 cpu_system_milliseconds	0 minor_page_faults/s	0 major_page_faults/s	0 yields/s	7 preempts/s
222002 milliseconds	2305 MB/s	0 short_reads/s	0 short_writes_echo/s	81 cpu_user_milliseconds	918 cpu_system_milliseconds	0 minor_page_faults/s	0 major_page_faults/s	0 yields/s	5 preempts/s
223002 milliseconds	2258 MB/s	0 short_reads/s	0 short_writes_echo/s	74 cpu_user_milliseconds	924 cpu_system_milliseconds	0 minor_page_faults/s	0 major_page_faults/s	0 yields/s	6 preempts/s
224002 milliseconds	2293 MB/s	0 short_reads/s	0 short_writes_echo/s	84 cpu_user_milliseconds	914 cpu_system_milliseconds	0 minor_page_faults/s	0 major_page_faults/s	0 yields/s	2 preempts/s
225002 milliseconds	2323 MB/s	0 short_reads/s	0 short_writes_echo/s	90 cpu_user_milliseconds	908 cpu_system_milliseconds	0 minor_page_faults/s	0 major_page_faults/s	0 yields/s	9 preempts/s
226002 milliseconds	2325 MB/s	0 short_reads/s	0 short_writes_echo/s	83 cpu_user_milliseconds	915 cpu_system_milliseconds	0 minor_page_faults/s	0 major_page_faults/s	0 yields/s	5 preempts/s
227002 milliseconds	2346 MB/s	0 short_reads/s	0 short_writes_echo/s	100 cpu_user_milliseconds	898 cpu_system_milliseconds	0 minor_page_faults/s	0 major_page_faults/s	0 yields/s	6 preempts/s
228002 milliseconds	2278 MB/s	0 short_reads/s	0 short_writes_echo/s	77 cpu_user_milliseconds	921 cpu_system_milliseconds	0 minor_page_faults/s	0 major_page_faults/s	0 yields/s	9 preempts/s
229002 milliseconds	2328 MB/s	0 short_reads/s	0 short_writes_echo/s	87 cpu_user_milliseconds	910 cpu_system_milliseconds	0 minor_page_faults/s	0 major_page_faults/s	0 yields/s	26 preempts/s
230002 milliseconds	2319 MB/s	0 short_reads/s	0 short_writes_echo/s	87 cpu_user_milliseconds	910 cpu_system_milliseconds	0 minor_page_faults/s	0 major_page_faults/s	0 yields/s	28 preempts/s
231002 milliseconds	2341 MB/s	0 short_reads/s	0 short_writes_echo/s	93 cpu_user_milliseconds	904 cpu_system_milliseconds	0 minor_page_faults/s	0 major_page_faults/s	0 yields/s	30 preempts/s
232002 milliseconds	2339 MB/s	0 short_reads/s	0 short_writes_echo/s	99 cpu_user_milliseconds	898 cpu_system_milliseconds	0 minor_page_faults/s	0 major_page_faults/s	0 yields/s	26 preempts/s
233002 milliseconds	2286 MB/s	117 short_reads/s	0 short_writes_echo/s	63 cpu_user_milliseconds	931 cpu_system_milliseconds	0 minor_page_faults/s	0 major_page_faults/s	242 yields/s	6 preempts/s
234002 milliseconds	2056 MB/s	0 short_reads/s	0 short_writes_echo/s	79 cpu_user_milliseconds	919 cpu_system_milliseconds	0 minor_page_faults/s	0 major_page_faults/s	0 yields/s	6 preempts/s
235002 milliseconds	2278 MB/s	125 short_reads/s	0 short_writes_echo/s	88 cpu_user_milliseconds	900 cpu_system_milliseconds	0 minor_page_faults/s	0 major_page_faults/s	431 yields/s	7 preempts/s
236002 milliseconds	2336 MB/s	0 short_reads/s	0 short_writes_echo/s	85 cpu_user_milliseconds	913 cpu_system_milliseconds	0 minor_page_faults/s	0 major_page_faults/s	0 yields/s	4 preempts/s
237002 milliseconds	2347 MB/s	0 short_reads/s	0 short_writes_echo/s	90 cpu_user_milliseconds	908 cpu_system_milliseconds	0 minor_page_faults/s	0 major_page_faults/s	0 yields/s	4 preempts/s
238002 milliseconds	2104 MB/s	0 short_reads/s	0 short_writes_echo/s	93 cpu_user_milliseconds	905 cpu_system_milliseconds	0 minor_page_faults/s	0 major_page_faults/s	0 yields/s	19 preempts/s
239002 milliseconds	2299 MB/s	0 short_reads/s	0 short_writes_echo/s	87 cpu_user_milliseconds	909 cpu_system_milliseconds	0 minor_page_faults/s	0 major_page_faults/s	0 yields/s	32 preempts/s
240002 milliseconds	2325 MB/s	0 short_reads/s	0 short_writes_echo/s	84 cpu_user_milliseconds	914 cpu_system_milliseconds	0 minor_page_faults/s	0 major_page_faults/s	0 yields/s	7 preempts/s
