1000 milliseconds	3735 MB/s	2344 short_reads/s	0 short_writes_echo/s	79 cpu_user_milliseconds	894 cpu_system_milliseconds	195 minor_page_faults/s	0 major_page_faults/s	2547 yields/s	7 preempts/s
2000 milliseconds	3828 MB/s	6195 short_reads/s	0 short_writes_echo/s	74 cpu_user_milliseconds	908 cpu_system_milliseconds	2 minor_page_faults/s	0 major_page_faults/s	1441 yields/s	13 preempts/s
3000 milliseconds	3687 MB/s	7266 short_reads/s	0 short_writes_echo/s	78 cpu_user_milliseconds	906 cpu_system_milliseconds	0 minor_page_faults/s	0 major_page_faults/s	1482 yields/s	5 preempts/s
4000 milliseconds	3853 MB/s	290 short_reads/s	0 short_writes_echo/s	84 cpu_user_milliseconds	889 cpu_system_milliseconds	0 minor_page_faults/s	0 major_page_faults/s	1903 yields/s	0 preempts/s
5000 milliseconds	3864 MB/s	3081 short_reads/s	0 short_writes_echo/s	90 cpu_user_milliseconds	896 cpu_system_milliseconds	0 minor_page_faults/s	0 major_page_faults/s	1019 yields/s	0 preempts/s
6000 milliseconds	3853 MB/s	1463 short_reads/s	0 short_writes_echo/s	78 cpu_user_milliseconds	901 cpu_system_milliseconds	0 minor_page_faults/s	0 major_page_faults/s	1899 yields/s	1 preempts/s
7000 milliseconds	3856 MB/s	360 short_reads/s	0 short_writes_echo/s	83 cpu_user_milliseconds	888 cpu_system_milliseconds	0 minor_page_faults/s	0 major_page_faults/s	2292 yields/s	0 preempts/s
8000 milliseconds	3778 MB/s	1154 short_reads/s	0 short_writes_echo/s	75 cpu_user_milliseconds	893 cpu_system_milliseconds	0 minor_page_faults/s	0 major_page_faults/s	3682 yields/s	0 preempts/s
9000 milliseconds	3857 MB/s	640 short_reads/s	0 short_writes_echo/s	69 cpu_user_milliseconds	910 cpu_system_milliseconds	0 minor_page_faults/s	0 major_page_faults/s	1762 yields/s	1 preempts/s
10000 milliseconds	3837 MB/s	971 short_reads/s	0 short_writes_echo/s	79 cpu_user_milliseconds	895 cpu_system_milliseconds	0 minor_page_faults/s	0 major_page_faults/s	1984 yields/s	0 preempts/s
11000 milliseconds	3778 MB/s	13715 short_reads/s	0 short_writes_echo/s	71 cpu_user_milliseconds	922 cpu_system_milliseconds	0 minor_page_faults/s	0 major_page_faults/s	716 yields/s	22 preempts/s
12000 milliseconds	3815 MB/s	3083 short_reads/s	0 short_writes_echo/s	83 cpu_user_milliseconds	870 cpu_system_milliseconds	0 minor_page_faults/s	0 major_page_faults/s	3537 yields/s	22 preempts/s
13000 milliseconds	3734 MB/s	11576 short_reads/s	0 short_writes_echo/s	84 cpu_user_milliseconds	895 cpu_system_milliseconds	0 minor_page_faults/s	0 major_page_faults/s	2870 yields/s	21 preempts/s
14000 milliseconds	3863 MB/s	1158 short_reads/s	0 short_writes_echo/s	89 cpu_user_milliseconds	895 cpu_system_milliseconds	0 minor_page_faults/s	0 major_page_faults/s	1561 yields/s	1 preempts/s
15000 milliseconds	3833 MB/s	2526 short_reads/s	0 short_writes_echo/s	79 cpu_user_milliseconds	912 cpu_system_milliseconds	0 minor_page_faults/s	0 major_page_faults/s	1103 yields/s	0 preempts/s
16000 milliseconds	3780 MB/s	10753 short_reads/s	0 short_writes_echo/s	73 cpu_user_milliseconds	921 cpu_system_milliseconds	0 minor_page_faults/s	0 major_page_faults/s	820 yields/s	0 preempts/s
17000 milliseconds	3766 MB/s	15004 short_reads/s	0 short_writes_echo/s	78 cpu_user_milliseconds	906 cpu_system_milliseconds	0 minor_page_faults/s	0 major_page_faults/s	1339 yields/s	33 preempts/s
18000 milliseconds	3738 MB/s	6288 short_reads/s	0 short_writes_echo/s	78 cpu_user_milliseconds	903 cpu_system_milliseconds	0 minor_page_faults/s	0 major_page_faults/s	2342 yields/s	0 preempts/s
19000 milliseconds	3836 MB/s	1261 short_reads/s	0 short_writes_echo/s	78 cpu_user_milliseconds	897 cpu_system_milliseconds	0 minor_page_faults/s	0 major_page_faults/s	2357 yields/s	1 preempts/s
20000 milliseconds	3863 MB/s	908 short_reads/s	0 short_writes_echo/s	90 cpu_user_milliseconds	892 cpu_system_milliseconds	0 minor_page_faults/s	0 major_page_faults/s	1789 yields/s	0 preempts/s
21000 milliseconds	3839 MB/s	1824 short_reads/s	0 short_writes_echo/s	75 cpu_user_milliseconds	907 cpu_system_milliseconds	0 minor_page_faults/s	0 major_page_faults/s	1646 yields/s	0 preempts/s
22000 milliseconds	3846 MB/s	1581 short_reads/s	0 short_writes_echo/s	77 cpu_user_milliseconds	910 cpu_system_milliseconds	0 minor_page_faults/s	0 major_page_faults/s	1322 yields/s	0 preempts/s
23000 milliseconds	3771 MB/s	2369 short_reads/s	0 short_writes_echo/s	92 cpu_user_milliseconds	893 cpu_system_milliseconds	0 minor_page_faults/s	0 major_page_faults/s	2022 yields/s	3 preempts/s
24000 milliseconds	3753 MB/s	2359 short_reads/s	0 short_writes_echo/s	81 cpu_user_milliseconds	898 cpu_system_milliseconds	0 minor_page_faults/s	0 major_page_faults/s	1370 yields/s	3 preempts/s
25000 milliseconds	3887 MB/s	382 short_reads/s	0 short_writes_echo/s	79 cpu_user_milliseconds	912 cpu_system_milliseconds	0 minor_page_faults/s	0 major_page_faults/s	624 yields/s	0 preempts/s
26000 milliseconds	3850 MB/s	1042 short_reads/s	0 short_writes_echo/s	84 cpu_user_milliseconds	909 cpu_system_milliseconds	0 minor_page_faults/s	0 major_page_faults/s	716 yields/s	1 preempts/s
27000 milliseconds	3808 MB/s	3030 short_reads/s	0 short_writes_echo/s	69 cpu_user_milliseconds	918 cpu_system_milliseconds	0 minor_page_faults/s	0 major_page_faults/s	1016 yields/s	0 preempts/s
28000 milliseconds	3761 MB/s	1367 short_reads/s	0 short_writes_echo/s	76 cpu_user_milliseconds	904 cpu_system_milliseconds	0 minor_page_faults/s	0 major_page_faults/s	2412 yields/s	2 preempts/s
29000 milliseconds	3869 MB/s	1169 short_reads/s	0 short_writes_echo/s	87 cpu_user_milliseconds	907 cpu_system_milliseconds	0 minor_page_faults/s	0 major_page_faults/s	835 yields/s	0 preempts/s
30000 milliseconds	3851 MB/s	2175 short_reads/s	0 short_writes_echo/s	90 cpu_user_milliseconds	898 cpu_system_milliseconds	0 minor_page_faults/s	0 major_page_faults/s	1454 yields/s	0 preempts/s
31000 milliseconds	3855 MB/s	353 short_reads/s	0 short_writes_echo/s	74 cpu_user_milliseconds	894 cpu_system_milliseconds	0 minor_page_faults/s	0 major_page_faults/s	2237 yields/s	0 preempts/s
32000 milliseconds	3867 MB/s	518 short_reads/s	0 short_writes_echo/s	85 cpu_user_milliseconds	909 cpu_system_milliseconds	0 minor_page_faults/s	0 major_page_faults/s	269 yields/s	0 preempts/s
33000 milliseconds	3797 MB/s	1183 short_reads/s	0 short_writes_echo/s	79 cpu_user_milliseconds	905 cpu_system_milliseconds	0 minor_page_faults/s	0 major_page_faults/s	2015 yields/s	0 preempts/s
34000 milliseconds	3890 MB/s	515 short_reads/s	0 short_writes_echo/s	76 cpu_user_milliseconds	905 cpu_system_milliseconds	0 minor_page_faults/s	0 major_page_faults/s	1500 yields/s	2 preempts/s
35000 milliseconds	3896 MB/s	961 short_reads/s	0 short_writes_echo/s	78 cpu_user_milliseconds	917 cpu_system_milliseconds	0 minor_page_faults/s	0 major_page_faults/s	731 yields/s	0 preempts/s
36000 milliseconds	3886 MB/s	420 short_reads/s	0 short_writes_echo/s	76 cpu_user_milliseconds	897 cpu_system_milliseconds	0 minor_page_faults/s	0 major_page_faults/s	2273 yields/s	3 preempts/s
37000 milliseconds	3863 MB/s	513 short_reads/s	0 short_writes_echo/s	75 cpu_user_milliseconds	902 cpu_system_milliseconds	0 minor_page_faults/s	0 major_page_faults/s	1883 yields/s	0 preempts/s
38000 milliseconds	3764 MB/s	1590 short_reads/s	0 short_writes_echo/s	79 cpu_user_milliseconds	909 cpu_system_milliseconds	0 minor_page_faults/s	0 major_page_faults/s	1993 yields/s	0 preempts/s
39000 milliseconds	3874 MB/s	527 short_reads/s	0 short_writes_echo/s	84 cpu_user_milliseconds	906 cpu_system_milliseconds	0 minor_page_faults/s	0 major_page_faults/s	674 yields/s	0 preempts/s
40000 milliseconds	3864 MB/s	499 short_reads/s	0 short_writes_echo/s	88 cpu_user_milliseconds	886 cpu_system_milliseconds	0 minor_page_faults/s	0 major_page_faults/s	1902 yields/s	1 preempts/s
41000 milliseconds	3930 MB/s	469 short_reads/s	0 short_writes_echo/s	66 cpu_user_milliseconds	925 cpu_system_milliseconds	0 minor_page_faults/s	0 major_page_faults/s	735 yields/s	1 preempts/s
42000 milliseconds	3817 MB/s	395 short_reads/s	0 short_writes_echo/s	77 cpu_user_milliseconds	903 cpu_system_milliseconds	0 minor_page_faults/s	0 major_page_faults/s	1637 yields/s	0 preempts/s
43000 milliseconds	3769 MB/s	995 short_reads/s	0 short_writes_echo/s	74 cpu_user_milliseconds	907 cpu_system_milliseconds	0 minor_page_faults/s	0 major_page_faults/s	1628 yields/s	4 preempts/s
44000 milliseconds	3868 MB/s	1195 short_reads/s	0 short_writes_echo/s	80 cpu_user_milliseconds	904 cpu_system_milliseconds	0 minor_page_faults/s	0 major_page_faults/s	1554 yields/s	0 preempts/s
45000 milliseconds	3868 MB/s	651 short_reads/s	0 short_writes_echo/s	77 cpu_user_milliseconds	902 cpu_system_milliseconds	0 minor_page_faults/s	0 major_page_faults/s	1401 yields/s	0 preempts/s
46000 milliseconds	3837 MB/s	1358 short_reads/s	0 short_writes_echo/s	71 cpu_user_milliseconds	919 cpu_system_milliseconds	0 minor_page_faults/s	0 major_page_faults/s	712 yields/s	2 preempts/s
47000 milliseconds	3850 MB/s	645 short_reads/s	0 short_writes_echo/s	75 cpu_user_milliseconds	902 cpu_system_milliseconds	0 minor_page_faults/s	0 major_page_faults/s	2061 yields/s	0 preempts/s
48000 milliseconds	3698 MB/s	9340 short_reads/s	0 short_writes_echo/s	86 cpu_user_milliseconds	901 cpu_system_milliseconds	0 minor_page_faults/s	0 major_page_faults/s	2853 yields/s	1 preempts/s
49000 milliseconds	3872 MB/s	218 short_reads/s	0 short_writes_echo/s	60 cpu_user_milliseconds	912 cpu_system_milliseconds	0 minor_page_faults/s	0 major_page_faults/s	2164 yields/s	3 preempts/s
50000 milliseconds	3766 MB/s	3890 short_reads/s	0 short_writes_echo/s	94 cpu_user_milliseconds	883 cpu_system_milliseconds	0 minor_page_faults/s	0 major_page_faults/s	1537 yields/s	0 preempts/s
51000 milliseconds	3856 MB/s	414 short_reads/s	0 short_writes_echo/s	90 cpu_user_milliseconds	902 cpu_system_milliseconds	0 minor_page_faults/s	0 major_page_faults/s	382 yields/s	1 preempts/s
52000 milliseconds	3833 MB/s	2638 short_reads/s	0 short_writes_echo/s	85 cpu_user_milliseconds	899 cpu_system_milliseconds	0 minor_page_faults/s	0 major_page_faults/s	1425 yields/s	1 preempts/s
53000 milliseconds	3781 MB/s	2774 short_reads/s	0 short_writes_echo/s	83 cpu_user_milliseconds	895 cpu_system_milliseconds	0 minor_page_faults/s	0 major_page_faults/s	2027 yields/s	0 preempts/s
54000 milliseconds	3869 MB/s	1201 short_reads/s	0 short_writes_echo/s	78 cpu_user_milliseconds	913 cpu_system_milliseconds	0 minor_page_faults/s	0 major_page_faults/s	870 yields/s	0 preempts/s
55000 milliseconds	3857 MB/s	1427 short_reads/s	0 short_writes_echo/s	71 cpu_user_milliseconds	923 cpu_system_milliseconds	0 minor_page_faults/s	0 major_page_faults/s	914 yields/s	0 preempts/s
56000 milliseconds	3845 MB/s	1195 short_reads/s	0 short_writes_echo/s	86 cpu_user_milliseconds	895 cpu_system_milliseconds	0 minor_page_faults/s	0 major_page_faults/s	1734 yields/s	0 preempts/s
57000 milliseconds	3876 MB/s	1033 short_reads/s	0 short_writes_echo/s	99 cpu_user_milliseconds	887 cpu_system_milliseconds	0 minor_page_faults/s	0 major_page_faults/s	912 yields/s	0 preempts/s
58000 milliseconds	3731 MB/s	6270 short_reads/s	0 short_writes_echo/s	80 cpu_user_milliseconds	905 cpu_system_milliseconds	0 minor_page_faults/s	0 major_page_faults/s	2221 yields/s	4 preempts/s
59000 milliseconds	3828 MB/s	2292 short_reads/s	0 short_writes_echo/s	87 cpu_user_milliseconds	877 cpu_system_milliseconds	0 minor_page_faults/s	0 major_page_faults/s	2739 yields/s	5 preempts/s
60000 milliseconds	3830 MB/s	5477 short_reads/s	0 short_writes_echo/s	78 cpu_user_milliseconds	898 cpu_system_milliseconds	0 minor_page_faults/s	0 major_page_faults/s	1900 yields/s	6 preempts/s
61000 milliseconds	3685 MB/s	7583 short_reads/s	0 short_writes_echo/s	81 cpu_user_milliseconds	906 cpu_system_milliseconds	0 minor_page_faults/s	0 major_page_faults/s	1193 yields/s	7 preempts/s
62000 milliseconds	3824 MB/s	512 short_reads/s	0 short_writes_echo/s	77 cpu_user_milliseconds	910 cpu_system_milliseconds	0 minor_page_faults/s	0 major_page_faults/s	621 yields/s	0 preempts/s
63000 milliseconds	3779 MB/s	914 short_reads/s	0 short_writes_echo/s	90 cpu_user_milliseconds	880 cpu_system_milliseconds	0 minor_page_faults/s	0 major_page_faults/s	3156 yields/s	0 preempts/s
64000 milliseconds	3859 MB/s	900 short_reads/s	0 short_writes_echo/s	78 cpu_user_milliseconds	918 cpu_system_milliseconds	0 minor_page_faults/s	0 major_page_faults/s	622 yields/s	3 preempts/s
65000 milliseconds	3818 MB/s	5455 short_reads/s	0 short_writes_echo/s	78 cpu_user_milliseconds	896 cpu_system_milliseconds	0 minor_page_faults/s	0 major_page_faults/s	1954 yields/s	6 preempts/s
66000 milliseconds	3806 MB/s	11551 short_reads/s	0 short_writes_echo/s	88 cpu_user_milliseconds	908 cpu_system_milliseconds	0 minor_page_faults/s	0 major_page_faults/s	255 yields/s	3 preempts/s
67000 milliseconds	3827 MB/s	2122 short_reads/s	0 short_writes_echo/s	89 cpu_user_milliseconds	865 cpu_system_milliseconds	0 minor_page_faults/s	0 major_page_faults/s	3350 yields/s	3 preempts/s
68000 milliseconds	3731 MB/s	5411 short_reads/s	0 short_writes_echo/s	81 cpu_user_milliseconds	902 cpu_system_milliseconds	0 minor_page_faults/s	0 major_page_faults/s	1704 yields/s	2 preempts/s
69000 milliseconds	3838 MB/s	109 short_reads/s	0 short_writes_echo/s	72 cpu_user_milliseconds	880 cpu_system_milliseconds	0 minor_page_faults/s	0 major_page_faults/s	3552 yields/s	3 preempts/s
70000 milliseconds	3820 MB/s	486 short_reads/s	0 short_writes_echo/s	76 cpu_user_milliseconds	874 cpu_system_milliseconds	0 minor_page_faults/s	0 major_page_faults/s	3879 yields/s	0 preempts/s
71000 milliseconds	3785 MB/s	6758 short_reads/s	0 short_writes_echo/s	89 cpu_user_milliseconds	901 cpu_system_milliseconds	0 minor_page_faults/s	0 major_page_faults/s	1199 yields/s	2 preempts/s
72000 milliseconds	3789 MB/s	17721 short_reads/s	0 short_writes_echo/s	99 cpu_user_milliseconds	895 cpu_system_milliseconds	0 minor_page_faults/s	0 major_page_faults/s	530 yields/s	20 preempts/s
73000 milliseconds	3737 MB/s	12069 short_reads/s	0 short_writes_echo/s	108 cpu_user_milliseconds	870 cpu_system_milliseconds	0 minor_page_faults/s	0 major_page_faults/s	1783 yields/s	8 preempts/s
74000 milliseconds	3872 MB/s	1033 short_reads/s	0 short_writes_echo/s	79 cpu_user_milliseconds	915 cpu_system_milliseconds	0 minor_page_faults/s	0 major_page_faults/s	1047 yields/s	0 preempts/s
75000 milliseconds	3836 MB/s	3443 short_reads/s	0 short_writes_echo/s	72 cpu_user_milliseconds	918 cpu_system_milliseconds	0 minor_page_faults/s	0 major_page_faults/s	1039 yields/s	0 preempts/s
76000 milliseconds	3867 MB/s	823 short_reads/s	0 short_writes_echo/s	88 cpu_user_milliseconds	899 cpu_system_milliseconds	0 minor_page_faults/s	0 major_page_faults/s	1091 yields/s	0 preempts/s
77000 milliseconds	3838 MB/s	797 short_reads/s	0 short_writes_echo/s	84 cpu_user_milliseconds	887 cpu_system_milliseconds	0 minor_page_faults/s	0 major_page_faults/s	2350 yields/s	1 preempts/s
78000 milliseconds	3768 MB/s	2487 short_reads/s	0 short_writes_echo/s	71 cpu_user_milliseconds	920 cpu_system_milliseconds	0 minor_page_faults/s	0 major_page_faults/s	2092 yields/s	1 preempts/s
79000 milliseconds	3803 MB/s	10096 short_reads/s	0 short_writes_echo/s	104 cpu_user_milliseconds	879 cpu_system_milliseconds	0 minor_page_faults/s	0 major_page_faults/s	1085 yields/s	26 preempts/s
80000 milliseconds	3816 MB/s	9303 short_reads/s	0 short_writes_echo/s	91 cpu_user_milliseconds	879 cpu_system_milliseconds	0 minor_page_faults/s	0 major_page_faults/s	2183 yields/s	22 preempts/s
81000 milliseconds	3823 MB/s	13234 short_reads/s	0 short_writes_echo/s	91 cpu_user_milliseconds	902 cpu_system_milliseconds	0 minor_page_faults/s	0 major_page_faults/s	290 yields/s	29 preempts/s
82000 milliseconds	3810 MB/s	6849 short_reads/s	0 short_writes_echo/s	79 cpu_user_milliseconds	885 cpu_system_milliseconds	0 minor_page_faults/s	0 major_page_faults/s	2531 yields/s	48 preempts/s
83000 milliseconds	3775 MB/s	4950 short_reads/s	0 short_writes_echo/s	91 cpu_user_milliseconds	885 cpu_system_milliseconds	0 minor_page_faults/s	0 major_page_faults/s	2082 yields/s	5 preempts/s
84000 milliseconds	3736 MB/s	3799 short_reads/s	0 short_writes_echo/s	72 cpu_user_milliseconds	903 cpu_system_milliseconds	0 minor_page_faults/s	0 major_page_faults/s	1746 yields/s	6 preempts/s
85000 milliseconds	3840 MB/s	1271 short_reads/s	0 short_writes_echo/s	99 cpu_user_milliseconds	887 cpu_system_milliseconds	0 minor_page_faults/s	0 major_page_faults/s	1232 yields/s	4 preempts/s
86000 milliseconds	3846 MB/s	1483 short_reads/s	0 short_writes_echo/s	88 cpu_user_milliseconds	898 cpu_system_milliseconds	0 minor_page_faults/s	0 major_page_faults/s	1347 yields/s	1 preempts/s
87000 milliseconds	3820 MB/s	3151 short_reads/s	0 short_writes_echo/s	73 cpu_user_milliseconds	920 cpu_system_milliseconds	0 minor_page_faults/s	0 major_page_faults/s	570 yields/s	0 preempts/s
88000 milliseconds	3779 MB/s	4508 short_reads/s	0 short_writes_echo/s	94 cpu_user_milliseconds	889 cpu_system_milliseconds	0 minor_page_faults/s	0 major_page_faults/s	2326 yields/s	3 preempts/s
89000 milliseconds	3820 MB/s	2257 short_reads/s	0 short_writes_echo/s	75 cpu_user_milliseconds	919 cpu_system_milliseconds	0 minor_page_faults/s	0 major_page_faults/s	1012 yields/s	2 preempts/s
90000 milliseconds	3859 MB/s	859 short_reads/s	0 short_writes_echo/s	94 cpu_user_milliseconds	888 cpu_system_milliseconds	0 minor_page_faults/s	0 major_page_faults/s	1409 yields/s	0 preempts/s
91000 milliseconds	3814 MB/s	5102 short_reads/s	0 short_writes_echo/s	77 cpu_user_milliseconds	908 cpu_system_milliseconds	0 minor_page_faults/s	0 major_page_faults/s	1181 yields/s	1 preempts/s
92000 milliseconds	3896 MB/s	1246 short_reads/s	0 short_writes_echo/s	70 cpu_user_milliseconds	924 cpu_system_milliseconds	0 minor_page_faults/s	0 major_page_faults/s	589 yields/s	1 preempts/s
93000 milliseconds	3747 MB/s	3896 short_reads/s	0 short_writes_echo/s	75 cpu_user_milliseconds	906 cpu_system_milliseconds	0 minor_page_faults/s	0 major_page_faults/s	3338 yields/s	1 preempts/s
94000 milliseconds	3856 MB/s	986 short_reads/s	0 short_writes_echo/s	77 cpu_user_milliseconds	908 cpu_system_milliseconds	0 minor_page_faults/s	0 major_page_faults/s	1300 yields/s	2 preempts/s
95000 milliseconds	3869 MB/s	2066 short_reads/s	0 short_writes_echo/s	89 cpu_user_milliseconds	906 cpu_system_milliseconds	0 minor_page_faults/s	0 major_page_faults/s	797 yields/s	3 preempts/s
96000 milliseconds	3879 MB/s	1157 short_reads/s	0 short_writes_echo/s	74 cpu_user_milliseconds	916 cpu_system_milliseconds	0 minor_page_faults/s	0 major_page_faults/s	789 yields/s	5 preempts/s
97000 milliseconds	3842 MB/s	1173 short_reads/s	0 short_writes_echo/s	70 cpu_user_milliseconds	922 cpu_system_milliseconds	0 minor_page_faults/s	0 major_page_faults/s	826 yields/s	4 preempts/s
98000 milliseconds	3719 MB/s	4191 short_reads/s	0 short_writes_echo/s	91 cpu_user_milliseconds	889 cpu_system_milliseconds	0 minor_page_faults/s	0 major_page_faults/s	2061 yields/s	3 preempts/s
99000 milliseconds	3819 MB/s	3379 short_reads/s	0 short_writes_echo/s	80 cpu_user_milliseconds	904 cpu_system_milliseconds	0 minor_page_faults/s	0 major_page_faults/s	1013 yields/s	0 preempts/s
100000 milliseconds	3867 MB/s	414 short_reads/s	0 short_writes_echo/s	88 cpu_user_milliseconds	898 cpu_system_milliseconds	0 minor_page_faults/s	0 major_page_faults/s	833 yields/s	0 preempts/s
101000 milliseconds	3903 MB/s	234 short_reads/s	0 short_writes_echo/s	86 cpu_user_milliseconds	911 cpu_system_milliseconds	0 minor_page_faults/s	0 major_page_faults/s	290 yields/s	1 preempts/s
102000 milliseconds	3840 MB/s	2132 short_reads/s	0 short_writes_echo/s	86 cpu_user_milliseconds	900 cpu_system_milliseconds	0 minor_page_faults/s	0 major_page_faults/s	531 yields/s	2 preempts/s
103000 milliseconds	3752 MB/s	1728 short_reads/s	0 short_writes_echo/s	73 cpu_user_milliseconds	909 cpu_system_milliseconds	0 minor_page_faults/s	0 major_page_faults/s	2706 yields/s	5 preempts/s
104000 milliseconds	3892 MB/s	288 short_reads/s	0 short_writes_echo/s	83 cpu_user_milliseconds	912 cpu_system_milliseconds	0 minor_page_faults/s	0 major_page_faults/s	195 yields/s	0 preempts/s
105000 milliseconds	3869 MB/s	275 short_reads/s	0 short_writes_echo/s	80 cpu_user_milliseconds	891 cpu_system_milliseconds	0 minor_page_faults/s	0 major_page_faults/s	2269 yields/s	0 preempts/s
106000 milliseconds	3795 MB/s	3354 short_reads/s	0 short_writes_echo/s	89 cpu_user_milliseconds	876 cpu_system_milliseconds	0 minor_page_faults/s	0 major_page_faults/s	2417 yields/s	0 preempts/s
107000 milliseconds	3818 MB/s	3057 short_reads/s	0 short_writes_echo/s	72 cpu_user_milliseconds	908 cpu_system_milliseconds	0 minor_page_faults/s	0 major_page_faults/s	1261 yields/s	0 preempts/s
108000 milliseconds	3749 MB/s	3139 short_reads/s	0 short_writes_echo/s	81 cpu_user_milliseconds	885 cpu_system_milliseconds	0 minor_page_faults/s	0 major_page_faults/s	3257 yields/s	1 preempts/s
109000 milliseconds	3872 MB/s	790 short_reads/s	0 short_writes_echo/s	95 cpu_user_milliseconds	885 cpu_system_milliseconds	0 minor_page_faults/s	0 major_page_faults/s	1881 yields/s	1 preempts/s
110000 milliseconds	3764 MB/s	1194 short_reads/s	0 short_writes_echo/s	80 cpu_user_milliseconds	877 cpu_system_milliseconds	0 minor_page_faults/s	0 major_page_faults/s	3145 yields/s	0 preempts/s
111000 milliseconds	3859 MB/s	1295 short_reads/s	0 short_writes_echo/s	69 cpu_user_milliseconds	922 cpu_system_milliseconds	0 minor_page_faults/s	0 major_page_faults/s	851 yields/s	1 preempts/s
112000 milliseconds	3838 MB/s	1762 short_reads/s	0 short_writes_echo/s	79 cpu_user_milliseconds	912 cpu_system_milliseconds	0 minor_page_faults/s	0 major_page_faults/s	785 yields/s	0 preempts/s
113000 milliseconds	3781 MB/s	629 short_reads/s	0 short_writes_echo/s	74 cpu_user_milliseconds	899 cpu_system_milliseconds	0 minor_page_faults/s	0 major_page_faults/s	2992 yields/s	4 preempts/s
114000 milliseconds	3886 MB/s	1009 short_reads/s	0 short_writes_echo/s	93 cpu_user_milliseconds	902 cpu_system_milliseconds	0 minor_page_faults/s	0 major_page_faults/s	868 yields/s	2 preempts/s
115000 milliseconds	3841 MB/s	836 short_reads/s	0 short_writes_echo/s	87 cpu_user_milliseconds	887 cpu_system_milliseconds	0 minor_page_faults/s	0 major_page_faults/s	2058 yields/s	7 preempts/s
116000 milliseconds	3841 MB/s	7340 short_reads/s	0 short_writes_echo/s	68 cpu_user_milliseconds	911 cpu_system_milliseconds	0 minor_page_faults/s	0 major_page_faults/s	1612 yields/s	4 preempts/s
117001 milliseconds	3849 MB/s	698 short_reads/s	0 short_writes_echo/s	85 cpu_user_milliseconds	890 cpu_system_milliseconds	0 minor_page_faults/s	0 major_page_faults/s	1946 yields/s	3 preempts/s
118001 milliseconds	3718 MB/s	773 short_reads/s	0 short_writes_echo/s	76 cpu_user_milliseconds	888 cpu_system_milliseconds	0 minor_page_faults/s	0 major_page_faults/s	3013 yields/s	2 preempts/s
119001 milliseconds	3845 MB/s	3711 short_reads/s	0 short_writes_echo/s	79 cpu_user_milliseconds	915 cpu_system_milliseconds	0 minor_page_faults/s	0 major_page_faults/s	369 yields/s	3 preempts/s
120001 milliseconds	3874 MB/s	611 short_reads/s	0 short_writes_echo/s	85 cpu_user_milliseconds	898 cpu_system_milliseconds	0 minor_page_faults/s	0 major_page_faults/s	1388 yields/s	0 preempts/s
121001 milliseconds	3745 MB/s	1595 short_reads/s	0 short_writes_echo/s	73 cpu_user_milliseconds	897 cpu_system_milliseconds	0 minor_page_faults/s	0 major_page_faults/s	2444 yields/s	9 preempts/s
122001 milliseconds	3835 MB/s	2578 short_reads/s	0 short_writes_echo/s	72 cpu_user_milliseconds	922 cpu_system_milliseconds	0 minor_page_faults/s	0 major_page_faults/s	1098 yields/s	1 preempts/s
123001 milliseconds	3781 MB/s	747 short_reads/s	0 short_writes_echo/s	74 cpu_user_milliseconds	901 cpu_system_milliseconds	0 minor_page_faults/s	0 major_page_faults/s	2808 yields/s	6 preempts/s
124001 milliseconds	3854 MB/s	882 short_reads/s	0 short_writes_echo/s	84 cpu_user_milliseconds	900 cpu_system_milliseconds	0 minor_page_faults/s	0 major_page_faults/s	1265 yields/s	1 preempts/s
125001 milliseconds	3888 MB/s	953 short_reads/s	0 short_writes_echo/s	87 cpu_user_milliseconds	907 cpu_system_milliseconds	0 minor_page_faults/s	0 major_page_faults/s	777 yields/s	5 preempts/s
126001 milliseconds	3852 MB/s	1111 short_reads/s	0 short_writes_echo/s	88 cpu_user_milliseconds	903 cpu_system_milliseconds	0 minor_page_faults/s	0 major_page_faults/s	686 yields/s	1 preempts/s
127001 milliseconds	3854 MB/s	623 short_reads/s	0 short_writes_echo/s	71 cpu_user_milliseconds	924 cpu_system_milliseconds	0 minor_page_faults/s	0 major_page_faults/s	247 yields/s	3 preempts/s
128001 milliseconds	3778 MB/s	1194 short_reads/s	0 short_writes_echo/s	84 cpu_user_milliseconds	885 cpu_system_milliseconds	0 minor_page_faults/s	0 major_page_faults/s	3420 yields/s	0 preempts/s
129001 milliseconds	3916 MB/s	795 short_reads/s	0 short_writes_echo/s	80 cpu_user_milliseconds	915 cpu_system_milliseconds	0 minor_page_faults/s	0 major_page_faults/s	815 yields/s	0 preempts/s
130001 milliseconds	3838 MB/s	7713 short_reads/s	0 short_writes_echo/s	98 cpu_user_milliseconds	880 cpu_system_milliseconds	0 minor_page_faults/s	0 major_page_faults/s	1660 yields/s	1 preempts/s
131001 milliseconds	3820 MB/s	2767 short_reads/s	0 short_writes_echo/s	92 cpu_user_milliseconds	883 cpu_system_milliseconds	0 minor_page_faults/s	0 major_page_faults/s	1972 yields/s	4 preempts/s
132001 milliseconds	3838 MB/s	200 short_reads/s	0 short_writes_echo/s	62 cpu_user_milliseconds	909 cpu_system_milliseconds	0 minor_page_faults/s	0 major_page_faults/s	2074 yields/s	0 preempts/s
133001 milliseconds	3767 MB/s	2056 short_reads/s	0 short_writes_echo/s	80 cpu_user_milliseconds	894 cpu_system_milliseconds	0 minor_page_faults/s	0 major_page_faults/s	2671 yields/s	2 preempts/s
134001 milliseconds	3820 MB/s	952 short_reads/s	0 short_writes_echo/s	106 cpu_user_milliseconds	886 cpu_system_milliseconds	0 minor_page_faults/s	0 major_page_faults/s	710 yields/s	0 preempts/s
135001 milliseconds	3852 MB/s	4936 short_reads/s	0 short_writes_echo/s	86 cpu_user_milliseconds	909 cpu_system_milliseconds	0 minor_page_faults/s	0 major_page_faults/s	592 yields/s	0 preempts/s
136001 milliseconds	3876 MB/s	423 short_reads/s	0 short_writes_echo/s	82 cpu_user_milliseconds	888 cpu_system_milliseconds	0 minor_page_faults/s	0 major_page_faults/s	2142 yields/s	0 preempts/s
137001 milliseconds	3825 MB/s	935 short_reads/s	0 short_writes_echo/s	67 cpu_user_milliseconds	902 cpu_system_milliseconds	0 minor_page_faults/s	0 major_page_faults/s	1868 yields/s	0 preempts/s
138001 milliseconds	3744 MB/s	1618 short_reads/s	0 short_writes_echo/s	83 cpu_user_milliseconds	897 cpu_system_milliseconds	0 minor_page_faults/s	0 major_page_faults/s	2067 yields/s	1 preempts/s
139001 milliseconds	3872 MB/s	252 short_reads/s	0 short_writes_echo/s	78 cpu_user_milliseconds	903 cpu_system_milliseconds	0 minor_page_faults/s	0 major_page_faults/s	1324 yields/s	1 preempts/s
140001 milliseconds	3844 MB/s	3562 short_reads/s	0 short_writes_echo/s	83 cpu_user_milliseconds	911 cpu_system_milliseconds	0 minor_page_faults/s	0 major_page_faults/s	797 yields/s	1 preempts/s
141001 milliseconds	3828 MB/s	3702 short_reads/s	0 short_writes_echo/s	79 cpu_user_milliseconds	879 cpu_system_milliseconds	0 minor_page_faults/s	0 major_page_faults/s	3111 yields/s	24 preempts/s
142001 milliseconds	3811 MB/s	6692 short_reads/s	0 short_writes_echo/s	80 cpu_user_milliseconds	888 cpu_system_milliseconds	0 minor_page_faults/s	0 major_page_faults/s	2449 yields/s	27 preempts/s
143001 milliseconds	3759 MB/s	1610 short_reads/s	0 short_writes_echo/s	85 cpu_user_milliseconds	877 cpu_system_milliseconds	0 minor_page_faults/s	0 major_page_faults/s	3115 yields/s	15 preempts/s
144001 milliseconds	3817 MB/s	2569 short_reads/s	0 short_writes_echo/s	87 cpu_user_milliseconds	887 cpu_system_milliseconds	0 minor_page_faults/s	0 major_page_faults/s	1992 yields/s	0 preempts/s
145001 milliseconds	3758 MB/s	8067 short_reads/s	0 short_writes_echo/s	81 cpu_user_milliseconds	907 cpu_system_milliseconds	0 minor_page_faults/s	0 major_page_faults/s	679 yields/s	20 preempts/s
146001 milliseconds	3826 MB/s	740 short_reads/s	0 short_writes_echo/s	88 cpu_user_milliseconds	886 cpu_system_milliseconds	0 minor_page_faults/s	0 major_page_faults/s	1980 yields/s	0 preempts/s
147001 milliseconds	3832 MB/s	5189 short_reads/s	0 short_writes_echo/s	100 cpu_user_milliseconds	885 cpu_system_milliseconds	0 minor_page_faults/s	0 major_page_faults/s	1149 yields/s	18 preempts/s
148001 milliseconds	3729 MB/s	13733 short_reads/s	0 short_writes_echo/s	92 cpu_user_milliseconds	887 cpu_system_milliseconds	0 minor_page_faults/s	0 major_page_faults/s	3026 yields/s	6 preempts/s
149001 milliseconds	3841 MB/s	2838 short_reads/s	0 short_writes_echo/s	79 cpu_user_milliseconds	896 cpu_system_milliseconds	0 minor_page_faults/s	0 major_page_faults/s	1989 yields/s	3 preempts/s
150001 milliseconds	3832 MB/s	653 short_reads/s	0 short_writes_echo/s	81 cpu_user_milliseconds	874 cpu_system_milliseconds	0 minor_page_faults/s	0 major_page_faults/s	3541 yields/s	1 preempts/s
151001 milliseconds	3841 MB/s	3815 short_reads/s	0 short_writes_echo/s	80 cpu_user_milliseconds	896 cpu_system_milliseconds	0 minor_page_faults/s	0 major_page_faults/s	1786 yields/s	3 preempts/s
152001 milliseconds	3834 MB/s	5159 short_reads/s	0 short_writes_echo/s	97 cpu_user_milliseconds	864 cpu_system_milliseconds	0 minor_page_faults/s	0 major_page_faults/s	3008 yields/s	22 preempts/s
153001 milliseconds	3671 MB/s	3044 short_reads/s	0 short_writes_echo/s	92 cpu_user_milliseconds	870 cpu_system_milliseconds	0 minor_page_faults/s	0 major_page_faults/s	3750 yields/s	0 preempts/s
154001 milliseconds	3826 MB/s	3460 short_reads/s	0 short_writes_echo/s	106 cpu_user_milliseconds	890 cpu_system_milliseconds	0 minor_page_faults/s	0 major_page_faults/s	471 yields/s	7 preempts/s
155001 milliseconds	3818 MB/s	5623 short_reads/s	0 short_writes_echo/s	91 cpu_user_milliseconds	865 cpu_system_milliseconds	0 minor_page_faults/s	0 major_page_faults/s	3262 yields/s	20 preempts/s
156001 milliseconds	3814 MB/s	6469 short_reads/s	0 short_writes_echo/s	85 cpu_user_milliseconds	881 cpu_system_milliseconds	0 minor_page_faults/s	0 major_page_faults/s	2571 yields/s	19 preempts/s
157001 milliseconds	3806 MB/s	9203 short_reads/s	0 short_writes_echo/s	95 cpu_user_milliseconds	878 cpu_system_milliseconds	0 minor_page_faults/s	0 major_page_faults/s	1913 yields/s	24 preempts/s
158001 milliseconds	3715 MB/s	14035 short_reads/s	0 short_writes_echo/s	92 cpu_user_milliseconds	893 cpu_system_milliseconds	0 minor_page_faults/s	0 major_page_faults/s	1987 yields/s	31 preempts/s
159001 milliseconds	3832 MB/s	1204 short_reads/s	0 short_writes_echo/s	81 cpu_user_milliseconds	878 cpu_system_milliseconds	0 minor_page_faults/s	0 major_page_faults/s	3222 yields/s	3 preempts/s
160001 milliseconds	3822 MB/s	8095 short_reads/s	0 short_writes_echo/s	77 cpu_user_milliseconds	900 cpu_system_milliseconds	0 minor_page_faults/s	0 major_page_faults/s	1847 yields/s	3 preempts/s
161001 milliseconds	3825 MB/s	1244 short_reads/s	0 short_writes_echo/s	70 cpu_user_milliseconds	879 cpu_system_milliseconds	0 minor_page_faults/s	0 major_page_faults/s	3806 yields/s	2 preempts/s
162001 milliseconds	3802 MB/s	4687 short_reads/s	0 short_writes_echo/s	86 cpu_user_milliseconds	871 cpu_system_milliseconds	0 minor_page_faults/s	0 major_page_faults/s	3240 yields/s	20 preempts/s
163001 milliseconds	3753 MB/s	6117 short_reads/s	0 short_writes_echo/s	92 cpu_user_milliseconds	892 cpu_system_milliseconds	0 minor_page_faults/s	0 major_page_faults/s	2098 yields/s	25 preempts/s
164001 milliseconds	3866 MB/s	507 short_reads/s	0 short_writes_echo/s	70 cpu_user_milliseconds	897 cpu_system_milliseconds	0 minor_page_faults/s	0 major_page_faults/s	2728 yields/s	0 preempts/s
165001 milliseconds	3848 MB/s	1046 short_reads/s	0 short_writes_echo/s	72 cpu_user_milliseconds	922 cpu_system_milliseconds	0 minor_page_faults/s	0 major_page_faults/s	968 yields/s	0 preempts/s
166001 milliseconds	3852 MB/s	735 short_reads/s	0 short_writes_echo/s	73 cpu_user_milliseconds	908 cpu_system_milliseconds	0 minor_page_faults/s	0 major_page_faults/s	1838 yields/s	0 preempts/s
167001 milliseconds	3802 MB/s	8218 short_reads/s	0 short_writes_echo/s	63 cpu_user_milliseconds	928 cpu_system_milliseconds	0 minor_page_faults/s	0 major_page_faults/s	1159 yields/s	0 preempts/s
168001 milliseconds	3752 MB/s	4417 short_reads/s	0 short_writes_echo/s	89 cpu_user_milliseconds	899 cpu_system_milliseconds	0 minor_page_faults/s	0 major_page_faults/s	1579 yields/s	3 preempts/s
169001 milliseconds	3833 MB/s	5087 short_reads/s	0 short_writes_echo/s	77 cpu_user_milliseconds	900 cpu_system_milliseconds	0 minor_page_faults/s	0 major_page_faults/s	1717 yields/s	6 preempts/s
170001 milliseconds	3832 MB/s	2149 short_reads/s	0 short_writes_echo/s	78 cpu_user_milliseconds	917 cpu_system_milliseconds	0 minor_page_faults/s	0 major_page_faults/s	931 yields/s	1 preempts/s
171001 milliseconds	3784 MB/s	1582 short_reads/s	0 short_writes_echo/s	79 cpu_user_milliseconds	889 cpu_system_milliseconds	0 minor_page_faults/s	0 major_page_faults/s	2062 yields/s	2 preempts/s
172001 milliseconds	3858 MB/s	245 short_reads/s	0 short_writes_echo/s	68 cpu_user_milliseconds	896 cpu_system_milliseconds	0 minor_page_faults/s	0 major_page_faults/s	2639 yields/s	0 preempts/s
173001 milliseconds	3788 MB/s	2711 short_reads/s	0 short_writes_echo/s	79 cpu_user_milliseconds	909 cpu_system_milliseconds	0 minor_page_faults/s	0 major_page_faults/s	1883 yields/s	1 preempts/s
174001 milliseconds	3845 MB/s	1017 short_reads/s	0 short_writes_echo/s	86 cpu_user_milliseconds	907 cpu_system_milliseconds	0 minor_page_faults/s	0 major_page_faults/s	729 yields/s	1 preempts/s
175001 milliseconds	3815 MB/s	6815 short_reads/s	0 short_writes_echo/s	81 cpu_user_milliseconds	901 cpu_system_milliseconds	0 minor_page_faults/s	0 major_page_faults/s	1542 yields/s	2 preempts/s
176001 milliseconds	3858 MB/s	507 short_reads/s	0 short_writes_echo/s	72 cpu_user_milliseconds	897 cpu_system_milliseconds	0 minor_page_faults/s	0 major_page_faults/s	2335 yields/s	0 preempts/s
177001 milliseconds	3848 MB/s	430 short_reads/s	0 short_writes_echo/s	72 cpu_user_milliseconds	910 cpu_system_milliseconds	0 minor_page_faults/s	0 major_page_faults/s	1327 yields/s	0 preempts/s
178001 milliseconds	3764 MB/s	1517 short_reads/s	0 short_writes_echo/s	77 cpu_user_milliseconds	902 cpu_system_milliseconds	0 minor_page_faults/s	0 major_page_faults/s	2333 yields/s	1 preempts/s
179001 milliseconds	3846 MB/s	1757 short_reads/s	0 short_writes_echo/s	79 cpu_user_milliseconds	916 cpu_system_milliseconds	0 minor_page_faults/s	0 major_page_faults/s	801 yields/s	3 preempts/s
180001 milliseconds	3827 MB/s	611 short_reads/s	0 short_writes_echo/s	79 cpu_user_milliseconds	896 cpu_system_milliseconds	0 minor_page_faults/s	0 major_page_faults/s	1962 yields/s	1 preempts/s
181001 milliseconds	3733 MB/s	2849 short_reads/s	0 short_writes_echo/s	88 cpu_user_milliseconds	901 cpu_system_milliseconds	0 minor_page_faults/s	0 major_page_faults/s	1676 yields/s	3 preempts/s
182001 milliseconds	3846 MB/s	697 short_reads/s	0 short_writes_echo/s	73 cpu_user_milliseconds	909 cpu_system_milliseconds	0 minor_page_faults/s	0 major_page_faults/s	1620 yields/s	0 preempts/s
183001 milliseconds	3769 MB/s	839 short_reads/s	0 short_writes_echo/s	69 cpu_user_milliseconds	898 cpu_system_milliseconds	0 minor_page_faults/s	0 major_page_faults/s	3159 yields/s	4 preempts/s
184001 milliseconds	3864 MB/s	973 short_reads/s	0 short_writes_echo/s	75 cpu_user_milliseconds	917 cpu_system_milliseconds	0 minor_page_faults/s	0 major_page_faults/s	988 yields/s	5 preempts/s
185001 milliseconds	3867 MB/s	317 short_reads/s	0 short_writes_echo/s	79 cpu_user_milliseconds	892 cpu_system_milliseconds	0 minor_page_faults/s	0 major_page_faults/s	2356 yields/s	6 preempts/s
186001 milliseconds	3785 MB/s	12633 short_reads/s	0 short_writes_echo/s	88 cpu_user_milliseconds	899 cpu_system_milliseconds	0 minor_page_faults/s	0 major_page_faults/s	1565 yields/s	0 preempts/s
187001 milliseconds	3841 MB/s	1426 short_reads/s	0 short_writes_echo/s	65 cpu_user_milliseconds	913 cpu_system_milliseconds	0 minor_page_faults/s	0 major_page_faults/s	1894 yields/s	3 preempts/s
188001 milliseconds	3778 MB/s	465 short_reads/s	0 short_writes_echo/s	78 cpu_user_milliseconds	892 cpu_system_milliseconds	0 minor_page_faults/s	0 major_page_faults/s	3023 yields/s	0 preempts/s
189001 milliseconds	3724 MB/s	23265 short_reads/s	0 short_writes_echo/s	95 cpu_user_milliseconds	890 cpu_system_milliseconds	0 minor_page_faults/s	0 major_page_faults/s	1313 yields/s	23 preempts/s
190001 milliseconds	3787 MB/s	7326 short_reads/s	0 short_writes_echo/s	78 cpu_user_milliseconds	881 cpu_system_milliseconds	0 minor_page_faults/s	0 major_page_faults/s	3061 yields/s	36 preempts/s
191001 milliseconds	3859 MB/s	5821 short_reads/s	0 short_writes_echo/s	89 cpu_user_milliseconds	904 cpu_system_milliseconds	0 minor_page_faults/s	0 major_page_faults/s	669 yields/s	1 preempts/s
192001 milliseconds	3838 MB/s	340 short_reads/s	0 short_writes_echo/s	71 cpu_user_milliseconds	886 cpu_system_milliseconds	0 minor_page_faults/s	0 major_page_faults/s	3259 yields/s	4 preempts/s
193001 milliseconds	3623 MB/s	13467 short_reads/s	0 short_writes_echo/s	102 cpu_user_milliseconds	882 cpu_system_milliseconds	0 minor_page_faults/s	0 major_page_faults/s	1980 yields/s	26 preempts/s
194001 milliseconds	3820 MB/s	380 short_reads/s	0 short_writes_echo/s	60 cpu_user_milliseconds	906 cpu_system_milliseconds	0 minor_page_faults/s	0 major_page_faults/s	2669 yields/s	0 preempts/s
195001 milliseconds	3865 MB/s	469 short_reads/s	0 short_writes_echo/s	77 cpu_user_milliseconds	903 cpu_system_milliseconds	0 minor_page_faults/s	0 major_page_faults/s	1798 yields/s	1 preempts/s
196001 milliseconds	3865 MB/s	194 short_reads/s	0 short_writes_echo/s	82 cpu_user_milliseconds	884 cpu_system_milliseconds	0 minor_page_faults/s	0 major_page_faults/s	2585 yields/s	1 preempts/s
197001 milliseconds	3804 MB/s	3219 short_reads/s	0 short_writes_echo/s	74 cpu_user_milliseconds	908 cpu_system_milliseconds	0 minor_page_faults/s	0 major_page_faults/s	1845 yields/s	2 preempts/s
198001 milliseconds	3757 MB/s	4157 short_reads/s	0 short_writes_echo/s	87 cpu_user_milliseconds	902 cpu_system_milliseconds	0 minor_page_faults/s	0 major_page_faults/s	1540 yields/s	13 preempts/s
199001 milliseconds	3849 MB/s	2313 short_reads/s	0 short_writes_echo/s	93 cpu_user_milliseconds	901 cpu_system_milliseconds	0 minor_page_faults/s	0 major_page_faults/s	761 yields/s	1 preempts/s
200001 milliseconds	3856 MB/s	655 short_reads/s	0 short_writes_echo/s	75 cpu_user_milliseconds	909 cpu_system_milliseconds	0 minor_page_faults/s	0 major_page_faults/s	1362 yields/s	0 preempts/s
201001 milliseconds	3857 MB/s	1965 short_reads/s	0 short_writes_echo/s	95 cpu_user_milliseconds	880 cpu_system_milliseconds	0 minor_page_faults/s	0 major_page_faults/s	1864 yields/s	2 preempts/s
202001 milliseconds	3802 MB/s	5736 short_reads/s	0 short_writes_echo/s	79 cpu_user_milliseconds	902 cpu_system_milliseconds	0 minor_page_faults/s	0 major_page_faults/s	1520 yields/s	1 preempts/s
203001 milliseconds	3783 MB/s	2729 short_reads/s	0 short_writes_echo/s	88 cpu_user_milliseconds	895 cpu_system_milliseconds	0 minor_page_faults/s	0 major_page_faults/s	1877 yields/s	2 preempts/s
204001 milliseconds	3847 MB/s	1209 short_reads/s	0 short_writes_echo/s	87 cpu_user_milliseconds	896 cpu_system_milliseconds	0 minor_page_faults/s	0 major_page_faults/s	1549 yields/s	6 preempts/s
205001 milliseconds	3733 MB/s	7824 short_reads/s	0 short_writes_echo/s	93 cpu_user_milliseconds	869 cpu_system_milliseconds	0 minor_page_faults/s	0 major_page_faults/s	2414 yields/s	7 preempts/s
206001 milliseconds	3738 MB/s	11860 short_reads/s	0 short_writes_echo/s	94 cpu_user_milliseconds	871 cpu_system_milliseconds	0 minor_page_faults/s	0 major_page_faults/s	2524 yields/s	56 preempts/s
207001 milliseconds	3828 MB/s	1105 short_reads/s	0 short_writes_echo/s	86 cpu_user_milliseconds	874 cpu_system_milliseconds	0 minor_page_faults/s	0 major_page_faults/s	3186 yields/s	0 preempts/s
208001 milliseconds	3741 MB/s	9417 short_reads/s	0 short_writes_echo/s	95 cpu_user_milliseconds	882 cpu_system_milliseconds	0 minor_page_faults/s	0 major_page_faults/s	2139 yields/s	1 preempts/s
209002 milliseconds	3831 MB/s	4276 short_reads/s	0 short_writes_echo/s	79 cpu_user_milliseconds	896 cpu_system_milliseconds	0 minor_page_faults/s	0 major_page_faults/s	1839 yields/s	2 preempts/s
210002 milliseconds	3818 MB/s	8433 short_reads/s	0 short_writes_echo/s	82 cpu_user_milliseconds	906 cpu_system_milliseconds	0 minor_page_faults/s	0 major_page_faults/s	952 yields/s	2 preempts/s
211002 milliseconds	3804 MB/s	12326 short_reads/s	0 short_writes_echo/s	81 cpu_user_milliseconds	911 cpu_system_milliseconds	0 minor_page_faults/s	0 major_page_faults/s	600 yields/s	4 preempts/s
212002 milliseconds	3795 MB/s	11597 short_reads/s	0 short_writes_echo/s	88 cpu_user_milliseconds	889 cpu_system_milliseconds	0 minor_page_faults/s	0 major_page_faults/s	1848 yields/s	6 preempts/s
213002 milliseconds	3745 MB/s	8383 short_reads/s	0 short_writes_echo/s	78 cpu_user_milliseconds	910 cpu_system_milliseconds	0 minor_page_faults/s	0 major_page_faults/s	1365 yields/s	6 preempts/s
214002 milliseconds	3837 MB/s	7821 short_reads/s	0 short_writes_echo/s	92 cpu_user_milliseconds	903 cpu_system_milliseconds	0 minor_page_faults/s	0 major_page_faults/s	825 yields/s	0 preempts/s
215002 milliseconds	3862 MB/s	76 short_reads/s	0 short_writes_echo/s	65 cpu_user_milliseconds	902 cpu_system_milliseconds	0 minor_page_faults/s	0 major_page_faults/s	2306 yields/s	0 preempts/s
216002 milliseconds	3862 MB/s	632 short_reads/s	0 short_writes_echo/s	83 cpu_user_milliseconds	910 cpu_system_milliseconds	0 minor_page_faults/s	0 major_page_faults/s	538 yields/s	1 preempts/s
217002 milliseconds	3901 MB/s	953 short_reads/s	0 short_writes_echo/s	81 cpu_user_milliseconds	910 cpu_system_milliseconds	0 minor_page_faults/s	0 major_page_faults/s	676 yields/s	2 preempts/s
218002 milliseconds	3809 MB/s	527 short_reads/s	0 short_writes_echo/s	78 cpu_user_milliseconds	905 cpu_system_milliseconds	0 minor_page_faults/s	0 major_page_faults/s	1236 yields/s	0 preempts/s
219002 milliseconds	3786 MB/s	3965 short_reads/s	0 short_writes_echo/s	73 cpu_user_milliseconds	901 cpu_system_milliseconds	0 minor_page_faults/s	0 major_page_faults/s	2123 yields/s	0 preempts/s
220002 milliseconds	3863 MB/s	548 short_reads/s	0 short_writes_echo/s	72 cpu_user_milliseconds	899 cpu_system_milliseconds	0 minor_page_faults/s	0 major_page_faults/s	2294 yields/s	0 preempts/s
221002 milliseconds	3855 MB/s	1124 short_reads/s	0 short_writes_echo/s	82 cpu_user_milliseconds	896 cpu_system_milliseconds	0 minor_page_faults/s	0 major_page_faults/s	1903 yields/s	0 preempts/s
222002 milliseconds	3854 MB/s	1106 short_reads/s	0 short_writes_echo/s	63 cpu_user_milliseconds	923 cpu_system_milliseconds	0 minor_page_faults/s	0 major_page_faults/s	1535 yields/s	0 preempts/s
223002 milliseconds	3718 MB/s	10534 short_reads/s	0 short_writes_echo/s	86 cpu_user_milliseconds	888 cpu_system_milliseconds	0 minor_page_faults/s	0 major_page_faults/s	2485 yields/s	2 preempts/s
224002 milliseconds	3818 MB/s	10762 short_reads/s	0 short_writes_echo/s	83 cpu_user_milliseconds	893 cpu_system_milliseconds	0 minor_page_faults/s	0 major_page_faults/s	1944 yields/s	2 preempts/s
225002 milliseconds	3827 MB/s	1101 short_reads/s	0 short_writes_echo/s	77 cpu_user_milliseconds	879 cpu_system_milliseconds	0 minor_page_faults/s	0 major_page_faults/s	3355 yields/s	0 preempts/s
226002 milliseconds	3784 MB/s	16368 short_reads/s	0 short_writes_echo/s	106 cpu_user_milliseconds	880 cpu_system_milliseconds	0 minor_page_faults/s	0 major_page_faults/s	1165 yields/s	1 preempts/s
227002 milliseconds	3832 MB/s	4779 short_reads/s	0 short_writes_echo/s	80 cpu_user_milliseconds	891 cpu_system_milliseconds	0 minor_page_faults/s	0 major_page_faults/s	2264 yields/s	0 preempts/s
228002 milliseconds	3718 MB/s	13093 short_reads/s	0 short_writes_echo/s	93 cpu_user_milliseconds	884 cpu_system_milliseconds	0 minor_page_faults/s	0 major_page_faults/s	2693 yields/s	5 preempts/s
229002 milliseconds	3745 MB/s	7867 short_reads/s	0 short_writes_echo/s	95 cpu_user_milliseconds	886 cpu_system_milliseconds	0 minor_page_faults/s	0 major_page_faults/s	1497 yields/s	30 preempts/s
230002 milliseconds	3813 MB/s	8173 short_reads/s	0 short_writes_echo/s	81 cpu_user_milliseconds	893 cpu_system_milliseconds	0 minor_page_faults/s	0 major_page_faults/s	2125 yields/s	0 preempts/s
231002 milliseconds	3821 MB/s	254 short_reads/s	0 short_writes_echo/s	91 cpu_user_milliseconds	858 cpu_system_milliseconds	0 minor_page_faults/s	0 major_page_faults/s	3987 yields/s	0 preempts/s
232002 milliseconds	3815 MB/s	4875 short_reads/s	0 short_writes_echo/s	84 cpu_user_milliseconds	884 cpu_system_milliseconds	0 minor_page_faults/s	0 major_page_faults/s	2434 yields/s	19 preempts/s
233002 milliseconds	3739 MB/s	5414 short_reads/s	0 short_writes_echo/s	86 cpu_user_milliseconds	890 cpu_system_milliseconds	0 minor_page_faults/s	0 major_page_faults/s	2346 yields/s	12 preempts/s
234002 milliseconds	3815 MB/s	4657 short_reads/s	0 short_writes_echo/s	81 cpu_user_milliseconds	879 cpu_system_milliseconds	0 minor_page_faults/s	0 major_page_faults/s	3197 yields/s	0 preempts/s
235002 milliseconds	3803 MB/s	11322 short_reads/s	0 short_writes_echo/s	76 cpu_user_milliseconds	919 cpu_system_milliseconds	0 minor_page_faults/s	0 major_page_faults/s	285 yields/s	16 preempts/s
236002 milliseconds	3829 MB/s	1395 short_reads/s	0 short_writes_echo/s	70 cpu_user_milliseconds	889 cpu_system_milliseconds	0 minor_page_faults/s	0 major_page_faults/s	3181 yields/s	0 preempts/s
237002 milliseconds	3829 MB/s	115 short_reads/s	0 short_writes_echo/s	83 cpu_user_milliseconds	867 cpu_system_milliseconds	0 minor_page_faults/s	0 major_page_faults/s	3762 yields/s	0 preempts/s
238002 milliseconds	3732 MB/s	5018 short_reads/s	0 short_writes_echo/s	81 cpu_user_milliseconds	898 cpu_system_milliseconds	0 minor_page_faults/s	0 major_page_faults/s	3145 yields/s	1 preempts/s
239002 milliseconds	3860 MB/s	860 short_reads/s	0 short_writes_echo/s	86 cpu_user_milliseconds	894 cpu_system_milliseconds	0 minor_page_faults/s	0 major_page_faults/s	1322 yields/s	0 preempts/s
240002 milliseconds	3839 MB/s	5362 short_reads/s	0 short_writes_echo/s	74 cpu_user_milliseconds	911 cpu_system_milliseconds	0 minor_page_faults/s	0 major_page_faults/s	1078 yields/s	0 preempts/s
