1000 milliseconds	2192 MB/s	4 short_reads/s	0 short_writes_echo/s	21 cpu_user_milliseconds	964 cpu_system_milliseconds	224 minor_page_faults/s	0 major_page_faults/s	3 yields/s	241 preempts/s
2000 milliseconds	2201 MB/s	0 short_reads/s	0 short_writes_echo/s	27 cpu_user_milliseconds	960 cpu_system_milliseconds	3 minor_page_faults/s	0 major_page_faults/s	0 yields/s	141 preempts/s
3000 milliseconds	2154 MB/s	0 short_reads/s	0 short_writes_echo/s	25 cpu_user_milliseconds	956 cpu_system_milliseconds	0 minor_page_faults/s	0 major_page_faults/s	0 yields/s	216 preempts/s
4000 milliseconds	2135 MB/s	0 short_reads/s	0 short_writes_echo/s	34 cpu_user_milliseconds	949 cpu_system_milliseconds	0 minor_page_faults/s	0 major_page_faults/s	0 yields/s	210 preempts/s
5000 milliseconds	2143 MB/s	0 short_reads/s	0 short_writes_echo/s	18 cpu_user_milliseconds	962 cpu_system_milliseconds	0 minor_page_faults/s	0 major_page_faults/s	0 yields/s	254 preempts/s
6000 milliseconds	2211 MB/s	0 short_reads/s	0 short_writes_echo/s	24 cpu_user_milliseconds	957 cpu_system_milliseconds	0 minor_page_faults/s	0 major_page_faults/s	0 yields/s	218 preempts/s
7000 milliseconds	2121 MB/s	41 short_reads/s	0 short_writes_echo/s	20 cpu_user_milliseconds	935 cpu_system_milliseconds	0 minor_page_faults/s	0 major_page_faults/s	21 yields/s	328 preempts/s
8000 milliseconds	1908 MB/s	8 short_reads/s	0 short_writes_echo/s	17 cpu_user_milliseconds	924 cpu_system_milliseconds	0 minor_page_faults/s	0 major_page_faults/s	12 yields/s	486 preempts/s
9000 milliseconds	2063 MB/s	0 short_reads/s	0 short_writes_echo/s	26 cpu_user_milliseconds	944 cpu_system_milliseconds	0 minor_page_faults/s	0 major_page_faults/s	1 yields/s	305 preempts/s
10001 milliseconds	2116 MB/s	0 short_reads/s	0 short_writes_echo/s	28 cpu_user_milliseconds	949 cpu_system_milliseconds	0 minor_page_faults/s	0 major_page_faults/s	3 yields/s	207 preempts/s
11001 milliseconds	2165 MB/s	0 short_reads/s	0 short_writes_echo/s	23 cpu_user_milliseconds	955 cpu_system_milliseconds	0 minor_page_faults/s	0 major_page_faults/s	1 yields/s	225 preempts/s
12001 milliseconds	1914 MB/s	9 short_reads/s	0 short_writes_echo/s	22 cpu_user_milliseconds	920 cpu_system_milliseconds	0 minor_page_faults/s	0 major_page_faults/s	8 yields/s	463 preempts/s
13001 milliseconds	1852 MB/s	14 short_reads/s	0 short_writes_echo/s	28 cpu_user_milliseconds	894 cpu_system_milliseconds	0 minor_page_faults/s	0 major_page_faults/s	16 yields/s	620 preempts/s
14001 milliseconds	1925 MB/s	36 short_reads/s	0 short_writes_echo/s	22 cpu_user_milliseconds	918 cpu_system_milliseconds	0 minor_page_faults/s	0 major_page_faults/s	6 yields/s	508 preempts/s
15001 milliseconds	1865 MB/s	2 short_reads/s	0 short_writes_echo/s	23 cpu_user_milliseconds	913 cpu_system_milliseconds	0 minor_page_faults/s	0 major_page_faults/s	9 yields/s	508 preempts/s
16001 milliseconds	1877 MB/s	61 short_reads/s	0 short_writes_echo/s	26 cpu_user_milliseconds	902 cpu_system_milliseconds	0 minor_page_faults/s	0 major_page_faults/s	50 yields/s	563 preempts/s
17001 milliseconds	1900 MB/s	0 short_reads/s	0 short_writes_echo/s	21 cpu_user_milliseconds	899 cpu_system_milliseconds	0 minor_page_faults/s	0 major_page_faults/s	1 yields/s	723 preempts/s
18001 milliseconds	2132 MB/s	0 short_reads/s	0 short_writes_echo/s	26 cpu_user_milliseconds	943 cpu_system_milliseconds	0 minor_page_faults/s	0 major_page_faults/s	0 yields/s	273 preempts/s
19001 milliseconds	2168 MB/s	0 short_reads/s	0 short_writes_echo/s	20 cpu_user_milliseconds	954 cpu_system_milliseconds	0 minor_page_faults/s	0 major_page_faults/s	2 yields/s	203 preempts/s
20001 milliseconds	1992 MB/s	1 short_reads/s	0 short_writes_echo/s	25 cpu_user_milliseconds	907 cpu_system_milliseconds	0 minor_page_faults/s	0 major_page_faults/s	4 yields/s	510 preempts/s
21001 milliseconds	2125 MB/s	14 short_reads/s	0 short_writes_echo/s	25 cpu_user_milliseconds	932 cpu_system_milliseconds	0 minor_page_faults/s	0 major_page_faults/s	19 yields/s	360 preempts/s
22001 milliseconds	2132 MB/s	17 short_reads/s	0 short_writes_echo/s	33 cpu_user_milliseconds	933 cpu_system_milliseconds	0 minor_page_faults/s	0 major_page_faults/s	12 yields/s	307 preempts/s
23001 milliseconds	2168 MB/s	0 short_reads/s	0 short_writes_echo/s	26 cpu_user_milliseconds	956 cpu_system_milliseconds	0 minor_page_faults/s	0 major_page_faults/s	0 yields/s	200 preempts/s
24001 milliseconds	2287 MB/s	3 short_reads/s	0 short_writes_echo/s	30 cpu_user_milliseconds	953 cpu_system_milliseconds	0 minor_page_faults/s	0 major_page_faults/s	3 yields/s	190 preempts/s
25001 milliseconds	1909 MB/s	8 short_reads/s	0 short_writes_echo/s	22 cpu_user_milliseconds	916 cpu_system_milliseconds	0 minor_page_faults/s	0 major_page_faults/s	10 yields/s	367 preempts/s
26002 milliseconds	2097 MB/s	0 short_reads/s	0 short_writes_echo/s	26 cpu_user_milliseconds	934 cpu_system_milliseconds	0 minor_page_faults/s	0 major_page_faults/s	2 yields/s	419 preempts/s
27002 milliseconds	2139 MB/s	25 short_reads/s	0 short_writes_echo/s	16 cpu_user_milliseconds	947 cpu_system_milliseconds	0 minor_page_faults/s	0 major_page_faults/s	16 yields/s	378 preempts/s
28002 milliseconds	1998 MB/s	3 short_reads/s	0 short_writes_echo/s	23 cpu_user_milliseconds	936 cpu_system_milliseconds	0 minor_page_faults/s	0 major_page_faults/s	3 yields/s	371 preempts/s
29002 milliseconds	2077 MB/s	0 short_reads/s	0 short_writes_echo/s	22 cpu_user_milliseconds	943 cpu_system_milliseconds	0 minor_page_faults/s	0 major_page_faults/s	0 yields/s	343 preempts/s
30002 milliseconds	1908 MB/s	23 short_reads/s	0 short_writes_echo/s	23 cpu_user_milliseconds	862 cpu_system_milliseconds	0 minor_page_faults/s	0 major_page_faults/s	37 yields/s	663 preempts/s
31002 milliseconds	2093 MB/s	0 short_reads/s	0 short_writes_echo/s	15 cpu_user_milliseconds	958 cpu_system_milliseconds	0 minor_page_faults/s	0 major_page_faults/s	3 yields/s	269 preempts/s
32002 milliseconds	2230 MB/s	0 short_reads/s	0 short_writes_echo/s	25 cpu_user_milliseconds	946 cpu_system_milliseconds	0 minor_page_faults/s	0 major_page_faults/s	2 yields/s	376 preempts/s
33002 milliseconds	2171 MB/s	0 short_reads/s	0 short_writes_echo/s	29 cpu_user_milliseconds	945 cpu_system_milliseconds	0 minor_page_faults/s	0 major_page_faults/s	2 yields/s	233 preempts/s
34002 milliseconds	2187 MB/s	0 short_reads/s	0 short_writes_echo/s	22 cpu_user_milliseconds	954 cpu_system_milliseconds	0 minor_page_faults/s	0 major_page_faults/s	1 yields/s	321 preempts/s
35002 milliseconds	2138 MB/s	0 short_reads/s	0 short_writes_echo/s	21 cpu_user_milliseconds	957 cpu_system_milliseconds	0 minor_page_faults/s	0 major_page_faults/s	0 yields/s	253 preempts/s
36002 milliseconds	2122 MB/s	0 short_reads/s	0 short_writes_echo/s	13 cpu_user_milliseconds	964 cpu_system_milliseconds	0 minor_page_faults/s	0 major_page_faults/s	2 yields/s	252 preempts/s
37002 milliseconds	2031 MB/s	0 short_reads/s	0 short_writes_echo/s	23 cpu_user_milliseconds	942 cpu_system_milliseconds	0 minor_page_faults/s	0 major_page_faults/s	4 yields/s	271 preempts/s
38002 milliseconds	1885 MB/s	0 short_reads/s	0 short_writes_echo/s	22 cpu_user_milliseconds	942 cpu_system_milliseconds	0 minor_page_faults/s	0 major_page_faults/s	1 yields/s	360 preempts/s
39003 milliseconds	2058 MB/s	0 short_reads/s	0 short_writes_echo/s	26 cpu_user_milliseconds	941 cpu_system_milliseconds	0 minor_page_faults/s	0 major_page_faults/s	0 yields/s	331 preempts/s
40003 milliseconds	2026 MB/s	0 short_reads/s	0 short_writes_echo/s	20 cpu_user_milliseconds	943 cpu_system_milliseconds	0 minor_page_faults/s	0 major_page_faults/s	2 yields/s	402 preempts/s
41003 milliseconds	1983 MB/s	0 short_reads/s	0 short_writes_echo/s	32 cpu_user_milliseconds	928 cpu_system_milliseconds	0 minor_page_faults/s	0 major_page_faults/s	5 yields/s	397 preempts/s
42003 milliseconds	1791 MB/s	91 short_reads/s	0 short_writes_echo/s	21 cpu_user_milliseconds	869 cpu_system_milliseconds	0 minor_page_faults/s	0 major_page_faults/s	99 yields/s	779 preempts/s
43003 milliseconds	1793 MB/s	0 short_reads/s	0 short_writes_echo/s	27 cpu_user_milliseconds	894 cpu_system_milliseconds	0 minor_page_faults/s	0 major_page_faults/s	5 yields/s	625 preempts/s
44003 milliseconds	1904 MB/s	0 short_reads/s	0 short_writes_echo/s	25 cpu_user_milliseconds	915 cpu_system_milliseconds	0 minor_page_faults/s	0 major_page_faults/s	0 yields/s	605 preempts/s
45003 milliseconds	1840 MB/s	16 short_reads/s	0 short_writes_echo/s	27 cpu_user_milliseconds	895 cpu_system_milliseconds	0 minor_page_faults/s	0 major_page_faults/s	22 yields/s	707 preempts/s
46003 milliseconds	2005 MB/s	74 short_reads/s	0 short_writes_echo/s	19 cpu_user_milliseconds	924 cpu_system_milliseconds	0 minor_page_faults/s	0 major_page_faults/s	15 yields/s	456 preempts/s
47003 milliseconds	2173 MB/s	0 short_reads/s	0 short_writes_echo/s	24 cpu_user_milliseconds	935 cpu_system_milliseconds	0 minor_page_faults/s	0 major_page_faults/s	0 yields/s	506 preempts/s
48003 milliseconds	2137 MB/s	0 short_reads/s	0 short_writes_echo/s	21 cpu_user_milliseconds	952 cpu_system_milliseconds	0 minor_page_faults/s	0 major_page_faults/s	0 yields/s	363 preempts/s
49003 milliseconds	2190 MB/s	0 short_reads/s	0 short_writes_echo/s	30 cpu_user_milliseconds	938 cpu_system_milliseconds	0 minor_page_faults/s	0 major_page_faults/s	0 yields/s	319 preempts/s
50003 milliseconds	2167 MB/s	0 short_reads/s	0 short_writes_echo/s	29 cpu_user_milliseconds	950 cpu_system_milliseconds	0 minor_page_faults/s	0 major_page_faults/s	0 yields/s	221 preempts/s
51003 milliseconds	2193 MB/s	0 short_reads/s	0 short_writes_echo/s	21 cpu_user_milliseconds	964 cpu_system_milliseconds	0 minor_page_faults/s	0 major_page_faults/s	0 yields/s	151 preempts/s
52003 milliseconds	2131 MB/s	0 short_reads/s	0 short_writes_echo/s	17 cpu_user_milliseconds	958 cpu_system_milliseconds	0 minor_page_faults/s	0 major_page_faults/s	0 yields/s	327 preempts/s
53003 milliseconds	2066 MB/s	3 short_reads/s	0 short_writes_echo/s	20 cpu_user_milliseconds	954 cpu_system_milliseconds	0 minor_page_faults/s	0 major_page_faults/s	3 yields/s	264 preempts/s
54003 milliseconds	2007 MB/s	0 short_reads/s	0 short_writes_echo/s	25 cpu_user_milliseconds	935 cpu_system_milliseconds	0 minor_page_faults/s	0 major_page_faults/s	4 yields/s	423 preempts/s
55003 milliseconds	2046 MB/s	18 short_reads/s	0 short_writes_echo/s	19 cpu_user_milliseconds	946 cpu_system_milliseconds	0 minor_page_faults/s	0 major_page_faults/s	19 yields/s	212 preempts/s
56003 milliseconds	2089 MB/s	0 short_reads/s	0 short_writes_echo/s	18 cpu_user_milliseconds	950 cpu_system_milliseconds	0 minor_page_faults/s	0 major_page_faults/s	1 yields/s	244 preempts/s
57004 milliseconds	1957 MB/s	78 short_reads/s	0 short_writes_echo/s	27 cpu_user_milliseconds	895 cpu_system_milliseconds	0 minor_page_faults/s	0 major_page_faults/s	26 yields/s	655 preempts/s
58004 milliseconds	1749 MB/s	25 short_reads/s	0 short_writes_echo/s	16 cpu_user_milliseconds	869 cpu_system_milliseconds	0 minor_page_faults/s	0 major_page_faults/s	36 yields/s	723 preempts/s
59004 milliseconds	1952 MB/s	88 short_reads/s	0 short_writes_echo/s	31 cpu_user_milliseconds	900 cpu_system_milliseconds	0 minor_page_faults/s	0 major_page_faults/s	25 yields/s	530 preempts/s
60004 milliseconds	1993 MB/s	3 short_reads/s	0 short_writes_echo/s	15 cpu_user_milliseconds	933 cpu_system_milliseconds	0 minor_page_faults/s	0 major_page_faults/s	4 yields/s	339 preempts/s
61004 milliseconds	1932 MB/s	131 short_reads/s	0 short_writes_echo/s	21 cpu_user_milliseconds	915 cpu_system_milliseconds	0 minor_page_faults/s	0 major_page_faults/s	24 yields/s	439 preempts/s
62004 milliseconds	1952 MB/s	30 short_reads/s	0 short_writes_echo/s	15 cpu_user_milliseconds	907 cpu_system_milliseconds	0 minor_page_faults/s	0 major_page_faults/s	32 yields/s	660 preempts/s
63004 milliseconds	2054 MB/s	5 short_reads/s	0 short_writes_echo/s	22 cpu_user_milliseconds	941 cpu_system_milliseconds	0 minor_page_faults/s	0 major_page_faults/s	5 yields/s	420 preempts/s
64004 milliseconds	2185 MB/s	0 short_reads/s	0 short_writes_echo/s	20 cpu_user_milliseconds	967 cpu_system_milliseconds	0 minor_page_faults/s	0 major_page_faults/s	0 yields/s	148 preempts/s
65004 milliseconds	2173 MB/s	0 short_reads/s	0 short_writes_echo/s	35 cpu_user_milliseconds	940 cpu_system_milliseconds	0 minor_page_faults/s	0 major_page_faults/s	1 yields/s	321 preempts/s
66004 milliseconds	2201 MB/s	0 short_reads/s	0 short_writes_echo/s	19 cpu_user_milliseconds	966 cpu_system_milliseconds	0 minor_page_faults/s	0 major_page_faults/s	0 yields/s	199 preempts/s
67004 milliseconds	2251 MB/s	0 short_reads/s	0 short_writes_echo/s	27 cpu_user_milliseconds	952 cpu_system_milliseconds	0 minor_page_faults/s	0 major_page_faults/s	1 yields/s	293 preempts/s
68005 milliseconds	2166 MB/s	0 short_reads/s	0 short_writes_echo/s	23 cpu_user_milliseconds	960 cpu_system_milliseconds	0 minor_page_faults/s	0 major_page_faults/s	0 yields/s	216 preempts/s
69005 milliseconds	2246 MB/s	0 short_reads/s	0 short_writes_echo/s	21 cpu_user_milliseconds	964 cpu_system_milliseconds	0 minor_page_faults/s	0 major_page_faults/s	0 yields/s	227 preempts/s
70005 milliseconds	2145 MB/s	0 short_reads/s	0 short_writes_echo/s	23 cpu_user_milliseconds	940 cpu_system_milliseconds	0 minor_page_faults/s	0 major_page_faults/s	2 yields/s	373 preempts/s
71005 milliseconds	1834 MB/s	1 short_reads/s	0 short_writes_echo/s	27 cpu_user_milliseconds	890 cpu_system_milliseconds	0 minor_page_faults/s	0 major_page_faults/s	6 yields/s	693 preempts/s
72005 milliseconds	1793 MB/s	46 short_reads/s	0 short_writes_echo/s	22 cpu_user_milliseconds	874 cpu_system_milliseconds	0 minor_page_faults/s	0 major_page_faults/s	22 yields/s	873 preempts/s
73005 milliseconds	1859 MB/s	0 short_reads/s	0 short_writes_echo/s	18 cpu_user_milliseconds	926 cpu_system_milliseconds	0 minor_page_faults/s	0 major_page_faults/s	8 yields/s	510 preempts/s
74005 milliseconds	1883 MB/s	0 short_reads/s	0 short_writes_echo/s	26 cpu_user_milliseconds	912 cpu_system_milliseconds	0 minor_page_faults/s	0 major_page_faults/s	3 yields/s	511 preempts/s
75005 milliseconds	1867 MB/s	106 short_reads/s	0 short_writes_echo/s	18 cpu_user_milliseconds	910 cpu_system_milliseconds	0 minor_page_faults/s	0 major_page_faults/s	23 yields/s	513 preempts/s
76005 milliseconds	2125 MB/s	0 short_reads/s	0 short_writes_echo/s	29 cpu_user_milliseconds	940 cpu_system_milliseconds	0 minor_page_faults/s	0 major_page_faults/s	4 yields/s	288 preempts/s
77005 milliseconds	1955 MB/s	1 short_reads/s	0 short_writes_echo/s	19 cpu_user_milliseconds	910 cpu_system_milliseconds	0 minor_page_faults/s	0 major_page_faults/s	6 yields/s	521 preempts/s
78005 milliseconds	2028 MB/s	0 short_reads/s	0 short_writes_echo/s	20 cpu_user_milliseconds	948 cpu_system_milliseconds	0 minor_page_faults/s	0 major_page_faults/s	1 yields/s	402 preempts/s
79005 milliseconds	2218 MB/s	0 short_reads/s	0 short_writes_echo/s	25 cpu_user_milliseconds	958 cpu_system_milliseconds	0 minor_page_faults/s	0 major_page_faults/s	0 yields/s	221 preempts/s
80006 milliseconds	2048 MB/s	1 short_reads/s	0 short_writes_echo/s	18 cpu_user_milliseconds	939 cpu_system_milliseconds	0 minor_page_faults/s	0 major_page_faults/s	3 yields/s	351 preempts/s
81006 milliseconds	1890 MB/s	0 short_reads/s	0 short_writes_echo/s	19 cpu_user_milliseconds	903 cpu_system_milliseconds	0 minor_page_faults/s	0 major_page_faults/s	8 yields/s	766 preempts/s
82006 milliseconds	1835 MB/s	19 short_reads/s	0 short_writes_echo/s	31 cpu_user_milliseconds	876 cpu_system_milliseconds	0 minor_page_faults/s	0 major_page_faults/s	35 yields/s	619 preempts/s
83006 milliseconds	1875 MB/s	4 short_reads/s	0 short_writes_echo/s	20 cpu_user_milliseconds	926 cpu_system_milliseconds	0 minor_page_faults/s	0 major_page_faults/s	8 yields/s	577 preempts/s
84006 milliseconds	2150 MB/s	0 short_reads/s	0 short_writes_echo/s	26 cpu_user_milliseconds	961 cpu_system_milliseconds	0 minor_page_faults/s	0 major_page_faults/s	0 yields/s	175 preempts/s
85006 milliseconds	2044 MB/s	0 short_reads/s	0 short_writes_echo/s	27 cpu_user_milliseconds	936 cpu_system_milliseconds	0 minor_page_faults/s	0 major_page_faults/s	0 yields/s	435 preempts/s
86006 milliseconds	2099 MB/s	0 short_reads/s	0 short_writes_echo/s	22 cpu_user_milliseconds	945 cpu_system_milliseconds	0 minor_page_faults/s	0 major_page_faults/s	0 yields/s	461 preempts/s
87006 milliseconds	2026 MB/s	0 short_reads/s	0 short_writes_echo/s	23 cpu_user_milliseconds	934 cpu_system_milliseconds	0 minor_page_faults/s	0 major_page_faults/s	0 yields/s	613 preempts/s
88006 milliseconds	1995 MB/s	0 short_reads/s	0 short_writes_echo/s	20 cpu_user_milliseconds	946 cpu_system_milliseconds	0 minor_page_faults/s	0 major_page_faults/s	1 yields/s	333 preempts/s
89006 milliseconds	1941 MB/s	13 short_reads/s	0 short_writes_echo/s	28 cpu_user_milliseconds	913 cpu_system_milliseconds	0 minor_page_faults/s	0 major_page_faults/s	5 yields/s	574 preempts/s
90006 milliseconds	1935 MB/s	27 short_reads/s	0 short_writes_echo/s	29 cpu_user_milliseconds	876 cpu_system_milliseconds	0 minor_page_faults/s	0 major_page_faults/s	39 yields/s	749 preempts/s
91006 milliseconds	2146 MB/s	0 short_reads/s	0 short_writes_echo/s	29 cpu_user_milliseconds	938 cpu_system_milliseconds	0 minor_page_faults/s	0 major_page_faults/s	0 yields/s	448 preempts/s
92006 milliseconds	2021 MB/s	0 short_reads/s	0 short_writes_echo/s	25 cpu_user_milliseconds	930 cpu_system_milliseconds	0 minor_page_faults/s	0 major_page_faults/s	2 yields/s	428 preempts/s
93007 milliseconds	1939 MB/s	0 short_reads/s	0 short_writes_echo/s	25 cpu_user_milliseconds	913 cpu_system_milliseconds	0 minor_page_faults/s	0 major_page_faults/s	3 yields/s	588 preempts/s
94007 milliseconds	2027 MB/s	0 short_reads/s	0 short_writes_echo/s	15 cpu_user_milliseconds	929 cpu_system_milliseconds	0 minor_page_faults/s	0 major_page_faults/s	0 yields/s	564 preempts/s
95007 milliseconds	2049 MB/s	0 short_reads/s	0 short_writes_echo/s	25 cpu_user_milliseconds	940 cpu_system_milliseconds	0 minor_page_faults/s	0 major_page_faults/s	0 yields/s	530 preempts/s
96007 milliseconds	2184 MB/s	0 short_reads/s	0 short_writes_echo/s	26 cpu_user_milliseconds	958 cpu_system_milliseconds	0 minor_page_faults/s	0 major_page_faults/s	0 yields/s	201 preempts/s
97007 milliseconds	2120 MB/s	0 short_reads/s	0 short_writes_echo/s	17 cpu_user_milliseconds	957 cpu_system_milliseconds	0 minor_page_faults/s	0 major_page_faults/s	0 yields/s	329 preempts/s
98007 milliseconds	2104 MB/s	0 short_reads/s	0 short_writes_echo/s	19 cpu_user_milliseconds	957 cpu_system_milliseconds	0 minor_page_faults/s	0 major_page_faults/s	0 yields/s	254 preempts/s
99007 milliseconds	2029 MB/s	0 short_reads/s	0 short_writes_echo/s	25 cpu_user_milliseconds	954 cpu_system_milliseconds	0 minor_page_faults/s	0 major_page_faults/s	1 yields/s	272 preempts/s
100007 milliseconds	2059 MB/s	0 short_reads/s	0 short_writes_echo/s	23 cpu_user_milliseconds	944 cpu_system_milliseconds	0 minor_page_faults/s	0 major_page_faults/s	0 yields/s	393 preempts/s
101007 milliseconds	2134 MB/s	0 short_reads/s	0 short_writes_echo/s	20 cpu_user_milliseconds	954 cpu_system_milliseconds	0 minor_page_faults/s	0 major_page_faults/s	0 yields/s	357 preempts/s
102007 milliseconds	1808 MB/s	10 short_reads/s	0 short_writes_echo/s	17 cpu_user_milliseconds	894 cpu_system_milliseconds	0 minor_page_faults/s	0 major_page_faults/s	19 yields/s	673 preempts/s
103007 milliseconds	1789 MB/s	26 short_reads/s	0 short_writes_echo/s	21 cpu_user_milliseconds	881 cpu_system_milliseconds	0 minor_page_faults/s	0 major_page_faults/s	35 yields/s	747 preempts/s
104007 milliseconds	1852 MB/s	8 short_reads/s	0 short_writes_echo/s	23 cpu_user_milliseconds	902 cpu_system_milliseconds	0 minor_page_faults/s	0 major_page_faults/s	13 yields/s	633 preempts/s
105007 milliseconds	1836 MB/s	4 short_reads/s	0 short_writes_echo/s	26 cpu_user_milliseconds	903 cpu_system_milliseconds	0 minor_page_faults/s	0 major_page_faults/s	6 yields/s	754 preempts/s
106007 milliseconds	1918 MB/s	1 short_reads/s	0 short_writes_echo/s	19 cpu_user_milliseconds	926 cpu_system_milliseconds	0 minor_page_faults/s	0 major_page_faults/s	8 yields/s	518 preempts/s
107007 milliseconds	1900 MB/s	15 short_reads/s	0 short_writes_echo/s	27 cpu_user_milliseconds	880 cpu_system_milliseconds	0 minor_page_faults/s	0 major_page_faults/s	22 yields/s	752 preempts/s
108007 milliseconds	2102 MB/s	0 short_reads/s	0 short_writes_echo/s	27 cpu_user_milliseconds	940 cpu_system_milliseconds	0 minor_page_faults/s	0 major_page_faults/s	3 yields/s	321 preempts/s
109007 milliseconds	2188 MB/s	0 short_reads/s	0 short_writes_echo/s	19 cpu_user_milliseconds	971 cpu_system_milliseconds	0 minor_page_faults/s	0 major_page_faults/s	0 yields/s	133 preempts/s
110007 milliseconds	2188 MB/s	0 short_reads/s	0 short_writes_echo/s	14 cpu_user_milliseconds	959 cpu_system_milliseconds	0 minor_page_faults/s	0 major_page_faults/s	0 yields/s	272 preempts/s
111007 milliseconds	2155 MB/s	7 short_reads/s	0 short_writes_echo/s	23 cpu_user_milliseconds	960 cpu_system_milliseconds	0 minor_page_faults/s	0 major_page_faults/s	5 yields/s	179 preempts/s
112007 milliseconds	2171 MB/s	21 short_reads/s	0 short_writes_echo/s	27 cpu_user_milliseconds	953 cpu_system_milliseconds	0 minor_page_faults/s	0 major_page_faults/s	19 yields/s	158 preempts/s
113008 milliseconds	2113 MB/s	0 short_reads/s	0 short_writes_echo/s	17 cpu_user_milliseconds	969 cpu_system_milliseconds	0 minor_page_faults/s	0 major_page_faults/s	0 yields/s	209 preempts/s
114008 milliseconds	2132 MB/s	0 short_reads/s	0 short_writes_echo/s	24 cpu_user_milliseconds	960 cpu_system_milliseconds	0 minor_page_faults/s	0 major_page_faults/s	0 yields/s	196 preempts/s
115008 milliseconds	2098 MB/s	0 short_reads/s	0 short_writes_echo/s	23 cpu_user_milliseconds	959 cpu_system_milliseconds	0 minor_page_faults/s	0 major_page_faults/s	1 yields/s	229 preempts/s
116008 milliseconds	2103 MB/s	0 short_reads/s	0 short_writes_echo/s	26 cpu_user_milliseconds	946 cpu_system_milliseconds	0 minor_page_faults/s	0 major_page_faults/s	0 yields/s	310 preempts/s
117008 milliseconds	2098 MB/s	0 short_reads/s	0 short_writes_echo/s	26 cpu_user_milliseconds	946 cpu_system_milliseconds	0 minor_page_faults/s	0 major_page_faults/s	3 yields/s	298 preempts/s
118008 milliseconds	2151 MB/s	0 short_reads/s	0 short_writes_echo/s	17 cpu_user_milliseconds	959 cpu_system_milliseconds	0 minor_page_faults/s	0 major_page_faults/s	0 yields/s	258 preempts/s
119008 milliseconds	2099 MB/s	0 short_reads/s	0 short_writes_echo/s	20 cpu_user_milliseconds	953 cpu_system_milliseconds	0 minor_page_faults/s	0 major_page_faults/s	0 yields/s	243 preempts/s
120008 milliseconds	2145 MB/s	0 short_reads/s	0 short_writes_echo/s	17 cpu_user_milliseconds	950 cpu_system_milliseconds	0 minor_page_faults/s	0 major_page_faults/s	0 yields/s	489 preempts/s
121008 milliseconds	2165 MB/s	0 short_reads/s	0 short_writes_echo/s	19 cpu_user_milliseconds	948 cpu_system_milliseconds	0 minor_page_faults/s	0 major_page_faults/s	0 yields/s	443 preempts/s
122008 milliseconds	2086 MB/s	2 short_reads/s	0 short_writes_echo/s	20 cpu_user_milliseconds	934 cpu_system_milliseconds	0 minor_page_faults/s	0 major_page_faults/s	1 yields/s	446 preempts/s
123008 milliseconds	2126 MB/s	0 short_reads/s	0 short_writes_echo/s	21 cpu_user_milliseconds	953 cpu_system_milliseconds	0 minor_page_faults/s	0 major_page_faults/s	0 yields/s	347 preempts/s
124008 milliseconds	2166 MB/s	0 short_reads/s	0 short_writes_echo/s	25 cpu_user_milliseconds	940 cpu_system_milliseconds	0 minor_page_faults/s	0 major_page_faults/s	0 yields/s	477 preempts/s
125008 milliseconds	2106 MB/s	0 short_reads/s	0 short_writes_echo/s	18 cpu_user_milliseconds	960 cpu_system_milliseconds	0 minor_page_faults/s	0 major_page_faults/s	1 yields/s	256 preempts/s
126008 milliseconds	2119 MB/s	0 short_reads/s	0 short_writes_echo/s	24 cpu_user_milliseconds	947 cpu_system_milliseconds	0 minor_page_faults/s	0 major_page_faults/s	0 yields/s	425 preempts/s
127008 milliseconds	2202 MB/s	0 short_reads/s	0 short_writes_echo/s	22 cpu_user_milliseconds	954 cpu_system_milliseconds	0 minor_page_faults/s	0 major_page_faults/s	0 yields/s	326 preempts/s
128008 milliseconds	2102 MB/s	0 short_reads/s	0 short_writes_echo/s	27 cpu_user_milliseconds	940 cpu_system_milliseconds	0 minor_page_faults/s	0 major_page_faults/s	0 yields/s	522 preempts/s
129008 milliseconds	2135 MB/s	0 short_reads/s	0 short_writes_echo/s	26 cpu_user_milliseconds	959 cpu_system_milliseconds	0 minor_page_faults/s	0 major_page_faults/s	0 yields/s	178 preempts/s
130008 milliseconds	2080 MB/s	0 short_reads/s	0 short_writes_echo/s	20 cpu_user_milliseconds	949 cpu_system_milliseconds	0 minor_page_faults/s	0 major_page_faults/s	1 yields/s	425 preempts/s
131008 milliseconds	2100 MB/s	0 short_reads/s	0 short_writes_echo/s	27 cpu_user_milliseconds	954 cpu_system_milliseconds	0 minor_page_faults/s	0 major_page_faults/s	0 yields/s	232 preempts/s
132009 milliseconds	2160 MB/s	3 short_reads/s	0 short_writes_echo/s	22 cpu_user_milliseconds	952 cpu_system_milliseconds	0 minor_page_faults/s	0 major_page_faults/s	4 yields/s	287 preempts/s
133009 milliseconds	1962 MB/s	0 short_reads/s	0 short_writes_echo/s	23 cpu_user_milliseconds	930 cpu_system_milliseconds	0 minor_page_faults/s	0 major_page_faults/s	3 yields/s	550 preempts/s
134009 milliseconds	2104 MB/s	0 short_reads/s	0 short_writes_echo/s	20 cpu_user_milliseconds	947 cpu_system_milliseconds	0 minor_page_faults/s	0 major_page_faults/s	2 yields/s	278 preempts/s
135009 milliseconds	2091 MB/s	0 short_reads/s	0 short_writes_echo/s	23 cpu_user_milliseconds	931 cpu_system_milliseconds	0 minor_page_faults/s	0 major_page_faults/s	4 yields/s	483 preempts/s
136009 milliseconds	2113 MB/s	0 short_reads/s	0 short_writes_echo/s	24 cpu_user_milliseconds	941 cpu_system_milliseconds	0 minor_page_faults/s	0 major_page_faults/s	2 yields/s	366 preempts/s
137009 milliseconds	2182 MB/s	0 short_reads/s	0 short_writes_echo/s	23 cpu_user_milliseconds	946 cpu_system_milliseconds	0 minor_page_faults/s	0 major_page_faults/s	0 yields/s	435 preempts/s
138009 milliseconds	2050 MB/s	30 short_reads/s	0 short_writes_echo/s	16 cpu_user_milliseconds	933 cpu_system_milliseconds	0 minor_page_faults/s	0 major_page_faults/s	15 yields/s	315 preempts/s
139009 milliseconds	2006 MB/s	38 short_reads/s	0 short_writes_echo/s	27 cpu_user_milliseconds	915 cpu_system_milliseconds	0 minor_page_faults/s	0 major_page_faults/s	23 yields/s	413 preempts/s
140009 milliseconds	2102 MB/s	5 short_reads/s	0 short_writes_echo/s	30 cpu_user_milliseconds	936 cpu_system_milliseconds	0 minor_page_faults/s	0 major_page_faults/s	11 yields/s	278 preempts/s
141009 milliseconds	2154 MB/s	0 short_reads/s	0 short_writes_echo/s	27 cpu_user_milliseconds	935 cpu_system_milliseconds	0 minor_page_faults/s	0 major_page_faults/s	0 yields/s	514 preempts/s
142009 milliseconds	2049 MB/s	58 short_reads/s	0 short_writes_echo/s	17 cpu_user_milliseconds	928 cpu_system_milliseconds	0 minor_page_faults/s	0 major_page_faults/s	15 yields/s	392 preempts/s
143009 milliseconds	2092 MB/s	0 short_reads/s	0 short_writes_echo/s	15 cpu_user_milliseconds	962 cpu_system_milliseconds	0 minor_page_faults/s	0 major_page_faults/s	0 yields/s	254 preempts/s
144009 milliseconds	2058 MB/s	0 short_reads/s	0 short_writes_echo/s	31 cpu_user_milliseconds	946 cpu_system_milliseconds	0 minor_page_faults/s	0 major_page_faults/s	0 yields/s	207 preempts/s
145009 milliseconds	2140 MB/s	0 short_reads/s	0 short_writes_echo/s	16 cpu_user_milliseconds	956 cpu_system_milliseconds	0 minor_page_faults/s	0 major_page_faults/s	0 yields/s	264 preempts/s
146010 milliseconds	2131 MB/s	0 short_reads/s	0 short_writes_echo/s	12 cpu_user_milliseconds	964 cpu_system_milliseconds	0 minor_page_faults/s	0 major_page_faults/s	2 yields/s	204 preempts/s
147010 milliseconds	2021 MB/s	7 short_reads/s	0 short_writes_echo/s	24 cpu_user_milliseconds	928 cpu_system_milliseconds	0 minor_page_faults/s	0 major_page_faults/s	7 yields/s	421 preempts/s
148010 milliseconds	1895 MB/s	22 short_reads/s	0 short_writes_echo/s	18 cpu_user_milliseconds	918 cpu_system_milliseconds	0 minor_page_faults/s	0 major_page_faults/s	27 yields/s	461 preempts/s
149010 milliseconds	1796 MB/s	10 short_reads/s	0 short_writes_echo/s	19 cpu_user_milliseconds	900 cpu_system_milliseconds	0 minor_page_faults/s	0 major_page_faults/s	14 yields/s	557 preempts/s
150010 milliseconds	1757 MB/s	0 short_reads/s	0 short_writes_echo/s	23 cpu_user_milliseconds	852 cpu_system_milliseconds	0 minor_page_faults/s	0 major_page_faults/s	7 yields/s	1169 preempts/s
151010 milliseconds	2058 MB/s	0 short_reads/s	0 short_writes_echo/s	18 cpu_user_milliseconds	946 cpu_system_milliseconds	0 minor_page_faults/s	0 major_page_faults/s	1 yields/s	395 preempts/s
152010 milliseconds	1934 MB/s	0 short_reads/s	0 short_writes_echo/s	25 cpu_user_milliseconds	920 cpu_system_milliseconds	0 minor_page_faults/s	0 major_page_faults/s	2 yields/s	504 preempts/s
153010 milliseconds	2010 MB/s	22 short_reads/s	0 short_writes_echo/s	18 cpu_user_milliseconds	932 cpu_system_milliseconds	0 minor_page_faults/s	0 major_page_faults/s	24 yields/s	525 preempts/s
154010 milliseconds	2076 MB/s	29 short_reads/s	0 short_writes_echo/s	17 cpu_user_milliseconds	929 cpu_system_milliseconds	0 minor_page_faults/s	0 major_page_faults/s	5 yields/s	509 preempts/s
155010 milliseconds	1919 MB/s	22 short_reads/s	0 short_writes_echo/s	25 cpu_user_milliseconds	908 cpu_system_milliseconds	0 minor_page_faults/s	0 major_page_faults/s	8 yields/s	701 preempts/s
156010 milliseconds	1948 MB/s	9 short_reads/s	0 short_writes_echo/s	23 cpu_user_milliseconds	914 cpu_system_milliseconds	0 minor_page_faults/s	0 major_page_faults/s	11 yields/s	504 preempts/s
157010 milliseconds	2151 MB/s	4 short_reads/s	0 short_writes_echo/s	18 cpu_user_milliseconds	938 cpu_system_milliseconds	0 minor_page_faults/s	0 major_page_faults/s	5 yields/s	486 preempts/s
158010 milliseconds	2071 MB/s	1 short_reads/s	0 short_writes_echo/s	26 cpu_user_milliseconds	941 cpu_system_milliseconds	0 minor_page_faults/s	0 major_page_faults/s	4 yields/s	370 preempts/s
159010 milliseconds	2104 MB/s	0 short_reads/s	0 short_writes_echo/s	25 cpu_user_milliseconds	955 cpu_system_milliseconds	0 minor_page_faults/s	0 major_page_faults/s	0 yields/s	247 preempts/s
160010 milliseconds	2142 MB/s	0 short_reads/s	0 short_writes_echo/s	21 cpu_user_milliseconds	965 cpu_system_milliseconds	0 minor_page_faults/s	0 major_page_faults/s	0 yields/s	204 preempts/s
161010 milliseconds	2145 MB/s	20 short_reads/s	0 short_writes_echo/s	17 cpu_user_milliseconds	960 cpu_system_milliseconds	0 minor_page_faults/s	0 major_page_faults/s	18 yields/s	263 preempts/s
162010 milliseconds	2108 MB/s	19 short_reads/s	0 short_writes_echo/s	24 cpu_user_milliseconds	909 cpu_system_milliseconds	0 minor_page_faults/s	0 major_page_faults/s	34 yields/s	501 preempts/s
163010 milliseconds	2107 MB/s	0 short_reads/s	0 short_writes_echo/s	22 cpu_user_milliseconds	962 cpu_system_milliseconds	0 minor_page_faults/s	0 major_page_faults/s	1 yields/s	129 preempts/s
164010 milliseconds	2148 MB/s	0 short_reads/s	0 short_writes_echo/s	24 cpu_user_milliseconds	953 cpu_system_milliseconds	0 minor_page_faults/s	0 major_page_faults/s	0 yields/s	273 preempts/s
165010 milliseconds	2093 MB/s	0 short_reads/s	0 short_writes_echo/s	17 cpu_user_milliseconds	964 cpu_system_milliseconds	0 minor_page_faults/s	0 major_page_faults/s	0 yields/s	290 preempts/s
166010 milliseconds	2146 MB/s	0 short_reads/s	0 short_writes_echo/s	17 cpu_user_milliseconds	958 cpu_system_milliseconds	0 minor_page_faults/s	0 major_page_faults/s	0 yields/s	243 preempts/s
167010 milliseconds	2095 MB/s	0 short_reads/s	0 short_writes_echo/s	24 cpu_user_milliseconds	938 cpu_system_milliseconds	0 minor_page_faults/s	0 major_page_faults/s	0 yields/s	461 preempts/s
168010 milliseconds	2169 MB/s	0 short_reads/s	0 short_writes_echo/s	21 cpu_user_milliseconds	942 cpu_system_milliseconds	0 minor_page_faults/s	0 major_page_faults/s	0 yields/s	486 preempts/s
169010 milliseconds	2249 MB/s	0 short_reads/s	0 short_writes_echo/s	17 cpu_user_milliseconds	974 cpu_system_milliseconds	0 minor_page_faults/s	0 major_page_faults/s	0 yields/s	126 preempts/s
170011 milliseconds	2152 MB/s	10 short_reads/s	0 short_writes_echo/s	19 cpu_user_milliseconds	971 cpu_system_milliseconds	0 minor_page_faults/s	0 major_page_faults/s	4 yields/s	125 preempts/s
171011 milliseconds	2117 MB/s	2 short_reads/s	0 short_writes_echo/s	24 cpu_user_milliseconds	946 cpu_system_milliseconds	0 minor_page_faults/s	0 major_page_faults/s	3 yields/s	256 preempts/s
172011 milliseconds	2163 MB/s	3 short_reads/s	0 short_writes_echo/s	25 cpu_user_milliseconds	959 cpu_system_milliseconds	0 minor_page_faults/s	0 major_page_faults/s	0 yields/s	140 preempts/s
173011 milliseconds	2157 MB/s	0 short_reads/s	0 short_writes_echo/s	29 cpu_user_milliseconds	951 cpu_system_milliseconds	0 minor_page_faults/s	0 major_page_faults/s	0 yields/s	256 preempts/s
174011 milliseconds	2218 MB/s	0 short_reads/s	0 short_writes_echo/s	33 cpu_user_milliseconds	949 cpu_system_milliseconds	0 minor_page_faults/s	0 major_page_faults/s	0 yields/s	167 preempts/s
175011 milliseconds	2107 MB/s	0 short_reads/s	0 short_writes_echo/s	24 cpu_user_milliseconds	959 cpu_system_milliseconds	0 minor_page_faults/s	0 major_page_faults/s	1 yields/s	158 preempts/s
176011 milliseconds	2093 MB/s	0 short_reads/s	0 short_writes_echo/s	21 cpu_user_milliseconds	942 cpu_system_milliseconds	0 minor_page_faults/s	0 major_page_faults/s	0 yields/s	501 preempts/s
177011 milliseconds	2054 MB/s	0 short_reads/s	0 short_writes_echo/s	27 cpu_user_milliseconds	922 cpu_system_milliseconds	0 minor_page_faults/s	0 major_page_faults/s	5 yields/s	437 preempts/s
178011 milliseconds	2118 MB/s	4 short_reads/s	0 short_writes_echo/s	19 cpu_user_milliseconds	948 cpu_system_milliseconds	0 minor_page_faults/s	0 major_page_faults/s	6 yields/s	394 preempts/s
179011 milliseconds	2212 MB/s	0 short_reads/s	0 short_writes_echo/s	28 cpu_user_milliseconds	946 cpu_system_milliseconds	0 minor_page_faults/s	0 major_page_faults/s	0 yields/s	296 preempts/s
180011 milliseconds	2136 MB/s	0 short_reads/s	0 short_writes_echo/s	31 cpu_user_milliseconds	953 cpu_system_milliseconds	0 minor_page_faults/s	0 major_page_faults/s	0 yields/s	229 preempts/s
181011 milliseconds	2133 MB/s	0 short_reads/s	0 short_writes_echo/s	18 cpu_user_milliseconds	951 cpu_system_milliseconds	0 minor_page_faults/s	0 major_page_faults/s	1 yields/s	454 preempts/s
182011 milliseconds	2211 MB/s	0 short_reads/s	0 short_writes_echo/s	23 cpu_user_milliseconds	963 cpu_system_milliseconds	0 minor_page_faults/s	0 major_page_faults/s	0 yields/s	188 preempts/s
183011 milliseconds	2129 MB/s	0 short_reads/s	0 short_writes_echo/s	22 cpu_user_milliseconds	965 cpu_system_milliseconds	0 minor_page_faults/s	0 major_page_faults/s	0 yields/s	146 preempts/s
184011 milliseconds	2058 MB/s	9 short_reads/s	0 short_writes_echo/s	24 cpu_user_milliseconds	905 cpu_system_milliseconds	0 minor_page_faults/s	0 major_page_faults/s	10 yields/s	575 preempts/s
185011 milliseconds	2010 MB/s	0 short_reads/s	0 short_writes_echo/s	24 cpu_user_milliseconds	913 cpu_system_milliseconds	0 minor_page_faults/s	0 major_page_faults/s	2 yields/s	522 preempts/s
186011 milliseconds	1980 MB/s	2 short_reads/s	0 short_writes_echo/s	21 cpu_user_milliseconds	923 cpu_system_milliseconds	0 minor_page_faults/s	0 major_page_faults/s	9 yields/s	576 preempts/s
187011 milliseconds	2070 MB/s	0 short_reads/s	0 short_writes_echo/s	18 cpu_user_milliseconds	940 cpu_system_milliseconds	0 minor_page_faults/s	0 major_page_faults/s	2 yields/s	544 preempts/s
188011 milliseconds	2158 MB/s	0 short_reads/s	0 short_writes_echo/s	19 cpu_user_milliseconds	954 cpu_system_milliseconds	0 minor_page_faults/s	0 major_page_faults/s	0 yields/s	363 preempts/s
189011 milliseconds	2120 MB/s	0 short_reads/s	0 short_writes_echo/s	23 cpu_user_milliseconds	936 cpu_system_milliseconds	0 minor_page_faults/s	0 major_page_faults/s	0 yields/s	486 preempts/s
190011 milliseconds	1931 MB/s	6 short_reads/s	0 short_writes_echo/s	20 cpu_user_milliseconds	912 cpu_system_milliseconds	0 minor_page_faults/s	0 major_page_faults/s	9 yields/s	585 preempts/s
191011 milliseconds	2099 MB/s	12 short_reads/s	0 short_writes_echo/s	27 cpu_user_milliseconds	922 cpu_system_milliseconds	0 minor_page_faults/s	0 major_page_faults/s	11 yields/s	414 preempts/s
192012 milliseconds	2181 MB/s	0 short_reads/s	0 short_writes_echo/s	19 cpu_user_milliseconds	965 cpu_system_milliseconds	0 minor_page_faults/s	0 major_page_faults/s	0 yields/s	154 preempts/s
193012 milliseconds	1929 MB/s	34 short_reads/s	0 short_writes_echo/s	25 cpu_user_milliseconds	913 cpu_system_milliseconds	0 minor_page_faults/s	0 major_page_faults/s	30 yields/s	458 preempts/s
194012 milliseconds	1867 MB/s	5 short_reads/s	0 short_writes_echo/s	22 cpu_user_milliseconds	896 cpu_system_milliseconds	0 minor_page_faults/s	0 major_page_faults/s	20 yields/s	653 preempts/s
195012 milliseconds	1830 MB/s	17 short_reads/s	0 short_writes_echo/s	23 cpu_user_milliseconds	889 cpu_system_milliseconds	0 minor_page_faults/s	0 major_page_faults/s	21 yields/s	571 preempts/s
196012 milliseconds	1895 MB/s	2 short_reads/s	0 short_writes_echo/s	22 cpu_user_milliseconds	901 cpu_system_milliseconds	0 minor_page_faults/s	0 major_page_faults/s	8 yields/s	591 preempts/s
197012 milliseconds	1761 MB/s	2 short_reads/s	0 short_writes_echo/s	21 cpu_user_milliseconds	848 cpu_system_milliseconds	0 minor_page_faults/s	0 major_page_faults/s	13 yields/s	962 preempts/s
198012 milliseconds	1893 MB/s	97 short_reads/s	0 short_writes_echo/s	32 cpu_user_milliseconds	903 cpu_system_milliseconds	0 minor_page_faults/s	0 major_page_faults/s	16 yields/s	595 preempts/s
199012 milliseconds	2072 MB/s	0 short_reads/s	0 short_writes_echo/s	18 cpu_user_milliseconds	962 cpu_system_milliseconds	0 minor_page_faults/s	0 major_page_faults/s	1 yields/s	179 preempts/s
200012 milliseconds	2219 MB/s	0 short_reads/s	0 short_writes_echo/s	20 cpu_user_milliseconds	950 cpu_system_milliseconds	0 minor_page_faults/s	0 major_page_faults/s	0 yields/s	407 preempts/s
201012 milliseconds	2037 MB/s	3 short_reads/s	0 short_writes_echo/s	22 cpu_user_milliseconds	936 cpu_system_milliseconds	0 minor_page_faults/s	0 major_page_faults/s	5 yields/s	532 preempts/s
202012 milliseconds	2089 MB/s	1 short_reads/s	0 short_writes_echo/s	16 cpu_user_milliseconds	949 cpu_system_milliseconds	0 minor_page_faults/s	0 major_page_faults/s	1 yields/s	385 preempts/s
203012 milliseconds	2074 MB/s	0 short_reads/s	0 short_writes_echo/s	21 cpu_user_milliseconds	953 cpu_system_milliseconds	0 minor_page_faults/s	0 major_page_faults/s	0 yields/s	306 preempts/s
204012 milliseconds	2119 MB/s	0 short_reads/s	0 short_writes_echo/s	22 cpu_user_milliseconds	958 cpu_system_milliseconds	0 minor_page_faults/s	0 major_page_faults/s	0 yields/s	264 preempts/s
205012 milliseconds	2096 MB/s	0 short_reads/s	0 short_writes_echo/s	25 cpu_user_milliseconds	956 cpu_system_milliseconds	0 minor_page_faults/s	0 major_page_faults/s	0 yields/s	235 preempts/s
206012 milliseconds	2071 MB/s	16 short_reads/s	0 short_writes_echo/s	19 cpu_user_milliseconds	955 cpu_system_milliseconds	0 minor_page_faults/s	0 major_page_faults/s	5 yields/s	286 preempts/s
207012 milliseconds	2130 MB/s	0 short_reads/s	0 short_writes_echo/s	24 cpu_user_milliseconds	961 cpu_system_milliseconds	0 minor_page_faults/s	0 major_page_faults/s	3 yields/s	172 preempts/s
208012 milliseconds	2134 MB/s	0 short_reads/s	0 short_writes_echo/s	32 cpu_user_milliseconds	955 cpu_system_milliseconds	0 minor_page_faults/s	0 major_page_faults/s	0 yields/s	208 preempts/s
209012 milliseconds	2224 MB/s	0 short_reads/s	0 short_writes_echo/s	27 cpu_user_milliseconds	955 cpu_system_milliseconds	0 minor_page_faults/s	0 major_page_faults/s	0 yields/s	213 preempts/s
210012 milliseconds	2109 MB/s	0 short_reads/s	0 short_writes_echo/s	24 cpu_user_milliseconds	937 cpu_system_milliseconds	0 minor_page_faults/s	0 major_page_faults/s	8 yields/s	329 preempts/s
211012 milliseconds	2126 MB/s	0 short_reads/s	0 short_writes_echo/s	25 cpu_user_milliseconds	937 cpu_system_milliseconds	0 minor_page_faults/s	0 major_page_faults/s	0 yields/s	446 preempts/s
212012 milliseconds	2122 MB/s	0 short_reads/s	0 short_writes_echo/s	26 cpu_user_milliseconds	934 cpu_system_milliseconds	0 minor_page_faults/s	0 major_page_faults/s	2 yields/s	381 preempts/s
213012 milliseconds	2105 MB/s	0 short_reads/s	0 short_writes_echo/s	18 cpu_user_milliseconds	945 cpu_system_milliseconds	0 minor_page_faults/s	0 major_page_faults/s	0 yields/s	441 preempts/s
214012 milliseconds	2151 MB/s	0 short_reads/s	0 short_writes_echo/s	25 cpu_user_milliseconds	964 cpu_system_milliseconds	0 minor_page_faults/s	0 major_page_faults/s	0 yields/s	119 preempts/s
215012 milliseconds	2127 MB/s	0 short_reads/s	0 short_writes_echo/s	19 cpu_user_milliseconds	947 cpu_system_milliseconds	0 minor_page_faults/s	0 major_page_faults/s	0 yields/s	471 preempts/s
216012 milliseconds	2052 MB/s	0 short_reads/s	0 short_writes_echo/s	36 cpu_user_milliseconds	939 cpu_system_milliseconds	0 minor_page_faults/s	0 major_page_faults/s	0 yields/s	252 preempts/s
217012 milliseconds	2100 MB/s	0 short_reads/s	0 short_writes_echo/s	27 cpu_user_milliseconds	946 cpu_system_milliseconds	0 minor_page_faults/s	0 major_page_faults/s	0 yields/s	290 preempts/s
218012 milliseconds	2168 MB/s	1 short_reads/s	0 short_writes_echo/s	19 cpu_user_milliseconds	948 cpu_system_milliseconds	0 minor_page_faults/s	0 major_page_faults/s	0 yields/s	351 preempts/s
219012 milliseconds	2076 MB/s	0 short_reads/s	0 short_writes_echo/s	26 cpu_user_milliseconds	937 cpu_system_milliseconds	0 minor_page_faults/s	0 major_page_faults/s	0 yields/s	364 preempts/s
220013 milliseconds	1860 MB/s	24 short_reads/s	0 short_writes_echo/s	25 cpu_user_milliseconds	892 cpu_system_milliseconds	0 minor_page_faults/s	0 major_page_faults/s	19 yields/s	643 preempts/s
221013 milliseconds	1802 MB/s	13 short_reads/s	0 short_writes_echo/s	21 cpu_user_milliseconds	889 cpu_system_milliseconds	0 minor_page_faults/s	0 major_page_faults/s	30 yields/s	600 preempts/s
222013 milliseconds	1925 MB/s	3 short_reads/s	0 short_writes_echo/s	23 cpu_user_milliseconds	923 cpu_system_milliseconds	0 minor_page_faults/s	0 major_page_faults/s	13 yields/s	501 preempts/s
223013 milliseconds	1773 MB/s	21 short_reads/s	0 short_writes_echo/s	26 cpu_user_milliseconds	880 cpu_system_milliseconds	0 minor_page_faults/s	0 major_page_faults/s	28 yields/s	1034 preempts/s
224013 milliseconds	1833 MB/s	0 short_reads/s	0 short_writes_echo/s	23 cpu_user_milliseconds	903 cpu_system_milliseconds	0 minor_page_faults/s	0 major_page_faults/s	5 yields/s	601 preempts/s
225013 milliseconds	1884 MB/s	0 short_reads/s	0 short_writes_echo/s	27 cpu_user_milliseconds	920 cpu_system_milliseconds	0 minor_page_faults/s	0 major_page_faults/s	8 yields/s	594 preempts/s
226013 milliseconds	1877 MB/s	26 short_reads/s	0 short_writes_echo/s	26 cpu_user_milliseconds	912 cpu_system_milliseconds	0 minor_page_faults/s	0 major_page_faults/s	27 yields/s	516 preempts/s
227013 milliseconds	1869 MB/s	22 short_reads/s	0 short_writes_echo/s	24 cpu_user_milliseconds	893 cpu_system_milliseconds	0 minor_page_faults/s	0 major_page_faults/s	18 yields/s	696 preempts/s
228013 milliseconds	2147 MB/s	3 short_reads/s	0 short_writes_echo/s	22 cpu_user_milliseconds	961 cpu_system_milliseconds	0 minor_page_faults/s	0 major_page_faults/s	2 yields/s	178 preempts/s
229013 milliseconds	2186 MB/s	0 short_reads/s	0 short_writes_echo/s	23 cpu_user_milliseconds	963 cpu_system_milliseconds	0 minor_page_faults/s	0 major_page_faults/s	1 yields/s	137 preempts/s
230013 milliseconds	2136 MB/s	0 short_reads/s	0 short_writes_echo/s	14 cpu_user_milliseconds	973 cpu_system_milliseconds	0 minor_page_faults/s	0 major_page_faults/s	0 yields/s	201 preempts/s
231013 milliseconds	2102 MB/s	0 short_reads/s	0 short_writes_echo/s	25 cpu_user_milliseconds	939 cpu_system_milliseconds	0 minor_page_faults/s	0 major_page_faults/s	1 yields/s	497 preempts/s
232013 milliseconds	2144 MB/s	0 short_reads/s	0 short_writes_echo/s	28 cpu_user_milliseconds	943 cpu_system_milliseconds	0 minor_page_faults/s	0 major_page_faults/s	0 yields/s	248 preempts/s
233013 milliseconds	2167 MB/s	0 short_reads/s	0 short_writes_echo/s	27 cpu_user_milliseconds	949 cpu_system_milliseconds	0 minor_page_faults/s	0 major_page_faults/s	0 yields/s	321 preempts/s
234013 milliseconds	2184 MB/s	0 short_reads/s	0 short_writes_echo/s	27 cpu_user_milliseconds	953 cpu_system_milliseconds	0 minor_page_faults/s	0 major_page_faults/s	0 yields/s	264 preempts/s
235013 milliseconds	2143 MB/s	0 short_reads/s	0 short_writes_echo/s	26 cpu_user_milliseconds	940 cpu_system_milliseconds	0 minor_page_faults/s	0 major_page_faults/s	0 yields/s	417 preempts/s
236013 milliseconds	2224 MB/s	0 short_reads/s	0 short_writes_echo/s	21 cpu_user_milliseconds	951 cpu_system_milliseconds	0 minor_page_faults/s	0 major_page_faults/s	0 yields/s	385 preempts/s
237014 milliseconds	2176 MB/s	0 short_reads/s	0 short_writes_echo/s	21 cpu_user_milliseconds	952 cpu_system_milliseconds	0 minor_page_faults/s	0 major_page_faults/s	0 yields/s	267 preempts/s
238014 milliseconds	2098 MB/s	0 short_reads/s	0 short_writes_echo/s	23 cpu_user_milliseconds	958 cpu_system_milliseconds	0 minor_page_faults/s	0 major_page_faults/s	0 yields/s	194 preempts/s
239014 milliseconds	2119 MB/s	0 short_reads/s	0 short_writes_echo/s	20 cpu_user_milliseconds	960 cpu_system_milliseconds	0 minor_page_faults/s	0 major_page_faults/s	0 yields/s	189 preempts/s
240014 milliseconds	2158 MB/s	0 short_reads/s	0 short_writes_echo/s	25 cpu_user_milliseconds	951 cpu_system_milliseconds	0 minor_page_faults/s	0 major_page_faults/s	0 yields/s	272 preempts/s
