1000 milliseconds	4102 MB/s	13470 short_reads/s	0 short_writes_echo/s	28 cpu_user_milliseconds	940 cpu_system_milliseconds	237 minor_page_faults/s	0 major_page_faults/s	4495 yields/s	5 preempts/s
2000 milliseconds	4146 MB/s	14786 short_reads/s	0 short_writes_echo/s	25 cpu_user_milliseconds	929 cpu_system_milliseconds	3 minor_page_faults/s	0 major_page_faults/s	7243 yields/s	0 preempts/s
3000 milliseconds	4144 MB/s	14951 short_reads/s	0 short_writes_echo/s	40 cpu_user_milliseconds	910 cpu_system_milliseconds	0 minor_page_faults/s	0 major_page_faults/s	7607 yields/s	0 preempts/s
4000 milliseconds	3961 MB/s	12755 short_reads/s	0 short_writes_echo/s	27 cpu_user_milliseconds	925 cpu_system_milliseconds	0 minor_page_faults/s	0 major_page_faults/s	7004 yields/s	2 preempts/s
5000 milliseconds	4210 MB/s	16409 short_reads/s	0 short_writes_echo/s	30 cpu_user_milliseconds	928 cpu_system_milliseconds	0 minor_page_faults/s	0 major_page_faults/s	6228 yields/s	2 preempts/s
6000 milliseconds	4110 MB/s	15743 short_reads/s	0 short_writes_echo/s	29 cpu_user_milliseconds	928 cpu_system_milliseconds	0 minor_page_faults/s	0 major_page_faults/s	6086 yields/s	1 preempts/s
7000 milliseconds	4126 MB/s	12368 short_reads/s	0 short_writes_echo/s	26 cpu_user_milliseconds	928 cpu_system_milliseconds	0 minor_page_faults/s	0 major_page_faults/s	6746 yields/s	33 preempts/s
8000 milliseconds	4117 MB/s	15499 short_reads/s	0 short_writes_echo/s	28 cpu_user_milliseconds	924 cpu_system_milliseconds	0 minor_page_faults/s	0 major_page_faults/s	7041 yields/s	0 preempts/s
9000 milliseconds	4181 MB/s	15509 short_reads/s	0 short_writes_echo/s	38 cpu_user_milliseconds	923 cpu_system_milliseconds	0 minor_page_faults/s	0 major_page_faults/s	5588 yields/s	23 preempts/s
10000 milliseconds	4156 MB/s	10865 short_reads/s	0 short_writes_echo/s	34 cpu_user_milliseconds	927 cpu_system_milliseconds	0 minor_page_faults/s	0 major_page_faults/s	5804 yields/s	17 preempts/s
11000 milliseconds	4087 MB/s	14051 short_reads/s	0 short_writes_echo/s	24 cpu_user_milliseconds	931 cpu_system_milliseconds	0 minor_page_faults/s	0 major_page_faults/s	5988 yields/s	17 preempts/s
12000 milliseconds	4296 MB/s	18530 short_reads/s	0 short_writes_echo/s	37 cpu_user_milliseconds	947 cpu_system_milliseconds	0 minor_page_faults/s	0 major_page_faults/s	2071 yields/s	1 preempts/s
13000 milliseconds	4261 MB/s	18434 short_reads/s	0 short_writes_echo/s	30 cpu_user_milliseconds	954 cpu_system_milliseconds	0 minor_page_faults/s	0 major_page_faults/s	2017 yields/s	0 preempts/s
14000 milliseconds	4068 MB/s	12564 short_reads/s	0 short_writes_echo/s	24 cpu_user_milliseconds	929 cpu_system_milliseconds	0 minor_page_faults/s	0 major_page_faults/s	7005 yields/s	25 preempts/s
15000 milliseconds	4337 MB/s	18199 short_reads/s	0 short_writes_echo/s	28 cpu_user_milliseconds	950 cpu_system_milliseconds	0 minor_page_faults/s	0 major_page_faults/s	3081 yields/s	6 preempts/s
16000 milliseconds	4221 MB/s	17123 short_reads/s	0 short_writes_echo/s	41 cpu_user_milliseconds	932 cpu_system_milliseconds	0 minor_page_faults/s	0 major_page_faults/s	3679 yields/s	2 preempts/s
17000 milliseconds	4309 MB/s	17793 short_reads/s	0 short_writes_echo/s	24 cpu_user_milliseconds	950 cpu_system_milliseconds	0 minor_page_faults/s	0 major_page_faults/s	3585 yields/s	7 preempts/s
18000 milliseconds	4351 MB/s	18282 short_reads/s	0 short_writes_echo/s	32 cpu_user_milliseconds	951 cpu_system_milliseconds	0 minor_page_faults/s	0 major_page_faults/s	2066 yields/s	1 preempts/s
19000 milliseconds	4320 MB/s	18317 short_reads/s	0 short_writes_echo/s	33 cpu_user_milliseconds	943 cpu_system_milliseconds	0 minor_page_faults/s	0 major_page_faults/s	2960 yields/s	7 preempts/s
20000 milliseconds	4325 MB/s	17871 short_reads/s	0 short_writes_echo/s	28 cpu_user_milliseconds	950 cpu_system_milliseconds	0 minor_page_faults/s	0 major_page_faults/s	2872 yields/s	0 preempts/s
21000 milliseconds	4066 MB/s	12468 short_reads/s	0 short_writes_echo/s	27 cpu_user_milliseconds	931 cpu_system_milliseconds	0 minor_page_faults/s	0 major_page_faults/s	5812 yields/s	25 preempts/s
22000 milliseconds	4121 MB/s	15240 short_reads/s	0 short_writes_echo/s	26 cpu_user_milliseconds	918 cpu_system_milliseconds	0 minor_page_faults/s	0 major_page_faults/s	8341 yields/s	0 preempts/s
23000 milliseconds	4163 MB/s	12157 short_reads/s	0 short_writes_echo/s	30 cpu_user_milliseconds	930 cpu_system_milliseconds	0 minor_page_faults/s	0 major_page_faults/s	5529 yields/s	18 preempts/s
24000 milliseconds	4091 MB/s	13794 short_reads/s	0 short_writes_echo/s	17 cpu_user_milliseconds	929 cpu_system_milliseconds	0 minor_page_faults/s	0 major_page_faults/s	7890 yields/s	16 preempts/s
25000 milliseconds	4178 MB/s	15837 short_reads/s	0 short_writes_echo/s	31 cpu_user_milliseconds	933 cpu_system_milliseconds	0 minor_page_faults/s	0 major_page_faults/s	5226 yields/s	13 preempts/s
26000 milliseconds	4237 MB/s	17603 short_reads/s	0 short_writes_echo/s	30 cpu_user_milliseconds	949 cpu_system_milliseconds	0 minor_page_faults/s	0 major_page_faults/s	2801 yields/s	5 preempts/s
27000 milliseconds	4112 MB/s	15749 short_reads/s	0 short_writes_echo/s	33 cpu_user_milliseconds	929 cpu_system_milliseconds	0 minor_page_faults/s	0 major_page_faults/s	4913 yields/s	19 preempts/s
28000 milliseconds	4342 MB/s	18348 short_reads/s	0 short_writes_echo/s	25 cpu_user_milliseconds	954 cpu_system_milliseconds	0 minor_page_faults/s	0 major_page_faults/s	2749 yields/s	0 preempts/s
29000 milliseconds	4358 MB/s	18606 short_reads/s	0 short_writes_echo/s	25 cpu_user_milliseconds	959 cpu_system_milliseconds	0 minor_page_faults/s	0 major_page_faults/s	2175 yields/s	1 preempts/s
30000 milliseconds	4352 MB/s	18536 short_reads/s	0 short_writes_echo/s	39 cpu_user_milliseconds	943 cpu_system_milliseconds	0 minor_page_faults/s	0 major_page_faults/s	2424 yields/s	1 preempts/s
31000 milliseconds	4227 MB/s	17685 short_reads/s	0 short_writes_echo/s	30 cpu_user_milliseconds	950 cpu_system_milliseconds	0 minor_page_faults/s	0 major_page_faults/s	2614 yields/s	1 preempts/s
32000 milliseconds	4326 MB/s	18060 short_reads/s	0 short_writes_echo/s	34 cpu_user_milliseconds	942 cpu_system_milliseconds	0 minor_page_faults/s	0 major_page_faults/s	3312 yields/s	0 preempts/s
33000 milliseconds	4338 MB/s	18038 short_reads/s	0 short_writes_echo/s	44 cpu_user_milliseconds	935 cpu_system_milliseconds	0 minor_page_faults/s	0 major_page_faults/s	2758 yields/s	0 preempts/s
34000 milliseconds	4293 MB/s	17841 short_reads/s	0 short_writes_echo/s	35 cpu_user_milliseconds	942 cpu_system_milliseconds	0 minor_page_faults/s	0 major_page_faults/s	3252 yields/s	1 preempts/s
35001 milliseconds	4131 MB/s	12394 short_reads/s	0 short_writes_echo/s	19 cpu_user_milliseconds	935 cpu_system_milliseconds	0 minor_page_faults/s	0 major_page_faults/s	6812 yields/s	11 preempts/s
36001 milliseconds	4017 MB/s	13273 short_reads/s	0 short_writes_echo/s	29 cpu_user_milliseconds	917 cpu_system_milliseconds	0 minor_page_faults/s	0 major_page_faults/s	7819 yields/s	3 preempts/s
37001 milliseconds	4118 MB/s	11368 short_reads/s	0 short_writes_echo/s	29 cpu_user_milliseconds	924 cpu_system_milliseconds	0 minor_page_faults/s	0 major_page_faults/s	6896 yields/s	19 preempts/s
38001 milliseconds	4342 MB/s	18542 short_reads/s	0 short_writes_echo/s	34 cpu_user_milliseconds	948 cpu_system_milliseconds	0 minor_page_faults/s	0 major_page_faults/s	2337 yields/s	0 preempts/s
39001 milliseconds	4316 MB/s	18041 short_reads/s	0 short_writes_echo/s	23 cpu_user_milliseconds	952 cpu_system_milliseconds	0 minor_page_faults/s	0 major_page_faults/s	3165 yields/s	6 preempts/s
40001 milliseconds	4435 MB/s	19714 short_reads/s	0 short_writes_echo/s	37 cpu_user_milliseconds	956 cpu_system_milliseconds	0 minor_page_faults/s	0 major_page_faults/s	547 yields/s	0 preempts/s
41001 milliseconds	4253 MB/s	16471 short_reads/s	0 short_writes_echo/s	31 cpu_user_milliseconds	944 cpu_system_milliseconds	0 minor_page_faults/s	0 major_page_faults/s	2812 yields/s	2 preempts/s
42001 milliseconds	4315 MB/s	17527 short_reads/s	0 short_writes_echo/s	33 cpu_user_milliseconds	945 cpu_system_milliseconds	0 minor_page_faults/s	0 major_page_faults/s	3146 yields/s	0 preempts/s
43001 milliseconds	4279 MB/s	17341 short_reads/s	0 short_writes_echo/s	19 cpu_user_milliseconds	952 cpu_system_milliseconds	0 minor_page_faults/s	0 major_page_faults/s	3931 yields/s	2 preempts/s
44001 milliseconds	4283 MB/s	17648 short_reads/s	0 short_writes_echo/s	27 cpu_user_milliseconds	944 cpu_system_milliseconds	0 minor_page_faults/s	0 major_page_faults/s	3881 yields/s	3 preempts/s
45001 milliseconds	4382 MB/s	19173 short_reads/s	0 short_writes_echo/s	28 cpu_user_milliseconds	957 cpu_system_milliseconds	0 minor_page_faults/s	0 major_page_faults/s	1596 yields/s	0 preempts/s
46001 milliseconds	4118 MB/s	16420 short_reads/s	0 short_writes_echo/s	26 cpu_user_milliseconds	940 cpu_system_milliseconds	0 minor_page_faults/s	0 major_page_faults/s	4332 yields/s	7 preempts/s
47001 milliseconds	4306 MB/s	18010 short_reads/s	0 short_writes_echo/s	31 cpu_user_milliseconds	944 cpu_system_milliseconds	0 minor_page_faults/s	0 major_page_faults/s	3027 yields/s	1 preempts/s
48001 milliseconds	4329 MB/s	17650 short_reads/s	0 short_writes_echo/s	31 cpu_user_milliseconds	947 cpu_system_milliseconds	0 minor_page_faults/s	0 major_page_faults/s	3013 yields/s	0 preempts/s
49001 milliseconds	4260 MB/s	17516 short_reads/s	0 short_writes_echo/s	32 cpu_user_milliseconds	940 cpu_system_milliseconds	0 minor_page_faults/s	0 major_page_faults/s	2687 yields/s	1 preempts/s
50001 milliseconds	4376 MB/s	18734 short_reads/s	0 short_writes_echo/s	25 cpu_user_milliseconds	960 cpu_system_milliseconds	0 minor_page_faults/s	0 major_page_faults/s	1627 yields/s	2 preempts/s
51001 milliseconds	4223 MB/s	16952 short_reads/s	0 short_writes_echo/s	37 cpu_user_milliseconds	937 cpu_system_milliseconds	0 minor_page_faults/s	0 major_page_faults/s	2847 yields/s	9 preempts/s
52001 milliseconds	4252 MB/s	16992 short_reads/s	0 short_writes_echo/s	28 cpu_user_milliseconds	938 cpu_system_milliseconds	0 minor_page_faults/s	0 major_page_faults/s	4974 yields/s	0 preempts/s
53001 milliseconds	4002 MB/s	16358 short_reads/s	0 short_writes_echo/s	22 cpu_user_milliseconds	947 cpu_system_milliseconds	0 minor_page_faults/s	0 major_page_faults/s	3820 yields/s	1 preempts/s
54001 milliseconds	4377 MB/s	19335 short_reads/s	0 short_writes_echo/s	37 cpu_user_milliseconds	955 cpu_system_milliseconds	0 minor_page_faults/s	0 major_page_faults/s	738 yields/s	2 preempts/s
55001 milliseconds	4399 MB/s	19382 short_reads/s	0 short_writes_echo/s	26 cpu_user_milliseconds	961 cpu_system_milliseconds	0 minor_page_faults/s	0 major_page_faults/s	1236 yields/s	1 preempts/s
56001 milliseconds	4044 MB/s	13149 short_reads/s	0 short_writes_echo/s	30 cpu_user_milliseconds	922 cpu_system_milliseconds	0 minor_page_faults/s	0 major_page_faults/s	6977 yields/s	2 preempts/s
57001 milliseconds	4153 MB/s	14520 short_reads/s	0 short_writes_echo/s	29 cpu_user_milliseconds	921 cpu_system_milliseconds	0 minor_page_faults/s	0 major_page_faults/s	7096 yields/s	19 preempts/s
58001 milliseconds	4155 MB/s	15479 short_reads/s	0 short_writes_echo/s	29 cpu_user_milliseconds	924 cpu_system_milliseconds	0 minor_page_faults/s	0 major_page_faults/s	6807 yields/s	0 preempts/s
59001 milliseconds	4157 MB/s	14678 short_reads/s	0 short_writes_echo/s	28 cpu_user_milliseconds	931 cpu_system_milliseconds	0 minor_page_faults/s	0 major_page_faults/s	5864 yields/s	0 preempts/s
60001 milliseconds	4302 MB/s	17731 short_reads/s	0 short_writes_echo/s	35 cpu_user_milliseconds	938 cpu_system_milliseconds	0 minor_page_faults/s	0 major_page_faults/s	3628 yields/s	0 preempts/s
61001 milliseconds	4050 MB/s	13790 short_reads/s	0 short_writes_echo/s	28 cpu_user_milliseconds	924 cpu_system_milliseconds	0 minor_page_faults/s	0 major_page_faults/s	6472 yields/s	23 preempts/s
62001 milliseconds	4162 MB/s	15315 short_reads/s	0 short_writes_echo/s	33 cpu_user_milliseconds	920 cpu_system_milliseconds	0 minor_page_faults/s	0 major_page_faults/s	7124 yields/s	0 preempts/s
63001 milliseconds	4231 MB/s	18209 short_reads/s	0 short_writes_echo/s	50 cpu_user_milliseconds	930 cpu_system_milliseconds	0 minor_page_faults/s	0 major_page_faults/s	2155 yields/s	1 preempts/s
64001 milliseconds	4161 MB/s	17323 short_reads/s	0 short_writes_echo/s	34 cpu_user_milliseconds	942 cpu_system_milliseconds	0 minor_page_faults/s	0 major_page_faults/s	3105 yields/s	2 preempts/s
65001 milliseconds	4325 MB/s	18072 short_reads/s	0 short_writes_echo/s	35 cpu_user_milliseconds	942 cpu_system_milliseconds	0 minor_page_faults/s	0 major_page_faults/s	3168 yields/s	3 preempts/s
66001 milliseconds	4135 MB/s	16267 short_reads/s	0 short_writes_echo/s	25 cpu_user_milliseconds	927 cpu_system_milliseconds	0 minor_page_faults/s	0 major_page_faults/s	6487 yields/s	2 preempts/s
67001 milliseconds	4176 MB/s	14729 short_reads/s	0 short_writes_echo/s	31 cpu_user_milliseconds	926 cpu_system_milliseconds	0 minor_page_faults/s	0 major_page_faults/s	6399 yields/s	6 preempts/s
68001 milliseconds	4070 MB/s	14848 short_reads/s	0 short_writes_echo/s	38 cpu_user_milliseconds	905 cpu_system_milliseconds	0 minor_page_faults/s	0 major_page_faults/s	8526 yields/s	17 preempts/s
69001 milliseconds	4142 MB/s	13751 short_reads/s	0 short_writes_echo/s	28 cpu_user_milliseconds	924 cpu_system_milliseconds	0 minor_page_faults/s	0 major_page_faults/s	7440 yields/s	2 preempts/s
70001 milliseconds	4126 MB/s	15140 short_reads/s	0 short_writes_echo/s	26 cpu_user_milliseconds	930 cpu_system_milliseconds	0 minor_page_faults/s	0 major_page_faults/s	6632 yields/s	6 preempts/s
71001 milliseconds	4119 MB/s	16624 short_reads/s	0 short_writes_echo/s	30 cpu_user_milliseconds	946 cpu_system_milliseconds	0 minor_page_faults/s	0 major_page_faults/s	3159 yields/s	3 preempts/s
72002 milliseconds	4381 MB/s	18164 short_reads/s	0 short_writes_echo/s	30 cpu_user_milliseconds	957 cpu_system_milliseconds	0 minor_page_faults/s	0 major_page_faults/s	1359 yields/s	1 preempts/s
73002 milliseconds	4401 MB/s	19440 short_reads/s	0 short_writes_echo/s	29 cpu_user_milliseconds	957 cpu_system_milliseconds	0 minor_page_faults/s	0 major_page_faults/s	1279 yields/s	2 preempts/s
74002 milliseconds	4264 MB/s	17046 short_reads/s	0 short_writes_echo/s	26 cpu_user_milliseconds	941 cpu_system_milliseconds	0 minor_page_faults/s	0 major_page_faults/s	4402 yields/s	0 preempts/s
75002 milliseconds	4316 MB/s	18004 short_reads/s	0 short_writes_echo/s	36 cpu_user_milliseconds	940 cpu_system_milliseconds	0 minor_page_faults/s	0 major_page_faults/s	3224 yields/s	0 preempts/s
76002 milliseconds	4129 MB/s	16487 short_reads/s	0 short_writes_echo/s	34 cpu_user_milliseconds	936 cpu_system_milliseconds	0 minor_page_faults/s	0 major_page_faults/s	4085 yields/s	4 preempts/s
77002 milliseconds	4352 MB/s	18297 short_reads/s	0 short_writes_echo/s	30 cpu_user_milliseconds	952 cpu_system_milliseconds	0 minor_page_faults/s	0 major_page_faults/s	2190 yields/s	0 preempts/s
78002 milliseconds	4335 MB/s	18318 short_reads/s	0 short_writes_echo/s	30 cpu_user_milliseconds	948 cpu_system_milliseconds	0 minor_page_faults/s	0 major_page_faults/s	2867 yields/s	0 preempts/s
79002 milliseconds	4293 MB/s	17310 short_reads/s	0 short_writes_echo/s	25 cpu_user_milliseconds	949 cpu_system_milliseconds	0 minor_page_faults/s	0 major_page_faults/s	3108 yields/s	1 preempts/s
80002 milliseconds	4367 MB/s	18729 short_reads/s	0 short_writes_echo/s	34 cpu_user_milliseconds	949 cpu_system_milliseconds	0 minor_page_faults/s	0 major_page_faults/s	1940 yields/s	0 preempts/s
81002 milliseconds	4060 MB/s	14117 short_reads/s	0 short_writes_echo/s	29 cpu_user_milliseconds	938 cpu_system_milliseconds	0 minor_page_faults/s	0 major_page_faults/s	4455 yields/s	26 preempts/s
82002 milliseconds	4229 MB/s	15235 short_reads/s	0 short_writes_echo/s	33 cpu_user_milliseconds	946 cpu_system_milliseconds	0 minor_page_faults/s	0 major_page_faults/s	2812 yields/s	3 preempts/s
83002 milliseconds	4286 MB/s	16211 short_reads/s	0 short_writes_echo/s	37 cpu_user_milliseconds	940 cpu_system_milliseconds	0 minor_page_faults/s	0 major_page_faults/s	2740 yields/s	1 preempts/s
84002 milliseconds	4350 MB/s	18726 short_reads/s	0 short_writes_echo/s	35 cpu_user_milliseconds	946 cpu_system_milliseconds	0 minor_page_faults/s	0 major_page_faults/s	2345 yields/s	3 preempts/s
85002 milliseconds	4316 MB/s	16652 short_reads/s	0 short_writes_echo/s	29 cpu_user_milliseconds	954 cpu_system_milliseconds	0 minor_page_faults/s	0 major_page_faults/s	2263 yields/s	1 preempts/s
86002 milliseconds	4062 MB/s	15755 short_reads/s	0 short_writes_echo/s	29 cpu_user_milliseconds	916 cpu_system_milliseconds	0 minor_page_faults/s	0 major_page_faults/s	7624 yields/s	0 preempts/s
87002 milliseconds	4028 MB/s	14585 short_reads/s	0 short_writes_echo/s	40 cpu_user_milliseconds	908 cpu_system_milliseconds	0 minor_page_faults/s	0 major_page_faults/s	7916 yields/s	0 preempts/s
88002 milliseconds	4124 MB/s	16303 short_reads/s	0 short_writes_echo/s	24 cpu_user_milliseconds	935 cpu_system_milliseconds	0 minor_page_faults/s	0 major_page_faults/s	5951 yields/s	0 preempts/s
89002 milliseconds	4264 MB/s	17704 short_reads/s	0 short_writes_echo/s	34 cpu_user_milliseconds	942 cpu_system_milliseconds	0 minor_page_faults/s	0 major_page_faults/s	3285 yields/s	1 preempts/s
90002 milliseconds	4180 MB/s	16212 short_reads/s	0 short_writes_echo/s	29 cpu_user_milliseconds	931 cpu_system_milliseconds	0 minor_page_faults/s	0 major_page_faults/s	5848 yields/s	0 preempts/s
91002 milliseconds	4230 MB/s	17921 short_reads/s	0 short_writes_echo/s	30 cpu_user_milliseconds	955 cpu_system_milliseconds	0 minor_page_faults/s	0 major_page_faults/s	1465 yields/s	4 preempts/s
92002 milliseconds	4342 MB/s	18282 short_reads/s	0 short_writes_echo/s	29 cpu_user_milliseconds	950 cpu_system_milliseconds	0 minor_page_faults/s	0 major_page_faults/s	2887 yields/s	0 preempts/s
93002 milliseconds	4318 MB/s	17930 short_reads/s	0 short_writes_echo/s	27 cpu_user_milliseconds	948 cpu_system_milliseconds	0 minor_page_faults/s	0 major_page_faults/s	3472 yields/s	0 preempts/s
94002 milliseconds	4357 MB/s	18916 short_reads/s	0 short_writes_echo/s	32 cpu_user_milliseconds	954 cpu_system_milliseconds	0 minor_page_faults/s	0 major_page_faults/s	1759 yields/s	1 preempts/s
95002 milliseconds	4305 MB/s	16243 short_reads/s	0 short_writes_echo/s	31 cpu_user_milliseconds	946 cpu_system_milliseconds	0 minor_page_faults/s	0 major_page_faults/s	3014 yields/s	2 preempts/s
96002 milliseconds	4116 MB/s	15371 short_reads/s	0 short_writes_echo/s	28 cpu_user_milliseconds	926 cpu_system_milliseconds	0 minor_page_faults/s	0 major_page_faults/s	6444 yields/s	21 preempts/s
97002 milliseconds	4102 MB/s	15120 short_reads/s	0 short_writes_echo/s	19 cpu_user_milliseconds	928 cpu_system_milliseconds	0 minor_page_faults/s	0 major_page_faults/s	7555 yields/s	17 preempts/s
98002 milliseconds	4127 MB/s	14163 short_reads/s	0 short_writes_echo/s	36 cpu_user_milliseconds	913 cpu_system_milliseconds	0 minor_page_faults/s	0 major_page_faults/s	7660 yields/s	0 preempts/s
99002 milliseconds	4134 MB/s	15205 short_reads/s	0 short_writes_echo/s	29 cpu_user_milliseconds	920 cpu_system_milliseconds	0 minor_page_faults/s	0 major_page_faults/s	7376 yields/s	17 preempts/s
100002 milliseconds	4144 MB/s	14890 short_reads/s	0 short_writes_echo/s	40 cpu_user_milliseconds	909 cpu_system_milliseconds	0 minor_page_faults/s	0 major_page_faults/s	7573 yields/s	0 preempts/s
101002 milliseconds	4159 MB/s	15929 short_reads/s	0 short_writes_echo/s	37 cpu_user_milliseconds	930 cpu_system_milliseconds	0 minor_page_faults/s	0 major_page_faults/s	4583 yields/s	3 preempts/s
102002 milliseconds	4369 MB/s	18796 short_reads/s	0 short_writes_echo/s	28 cpu_user_milliseconds	954 cpu_system_milliseconds	0 minor_page_faults/s	0 major_page_faults/s	2061 yields/s	2 preempts/s
103002 milliseconds	4364 MB/s	18749 short_reads/s	0 short_writes_echo/s	27 cpu_user_milliseconds	955 cpu_system_milliseconds	0 minor_page_faults/s	0 major_page_faults/s	2223 yields/s	2 preempts/s
104002 milliseconds	4340 MB/s	18295 short_reads/s	0 short_writes_echo/s	33 cpu_user_milliseconds	945 cpu_system_milliseconds	0 minor_page_faults/s	0 major_page_faults/s	2894 yields/s	0 preempts/s
105002 milliseconds	4301 MB/s	15811 short_reads/s	0 short_writes_echo/s	31 cpu_user_milliseconds	948 cpu_system_milliseconds	0 minor_page_faults/s	0 major_page_faults/s	2862 yields/s	0 preempts/s
106002 milliseconds	3979 MB/s	15672 short_reads/s	0 short_writes_echo/s	30 cpu_user_milliseconds	927 cpu_system_milliseconds	0 minor_page_faults/s	0 major_page_faults/s	5633 yields/s	2 preempts/s
107002 milliseconds	4184 MB/s	15157 short_reads/s	0 short_writes_echo/s	34 cpu_user_milliseconds	938 cpu_system_milliseconds	0 minor_page_faults/s	0 major_page_faults/s	3968 yields/s	2 preempts/s
108002 milliseconds	4106 MB/s	15029 short_reads/s	0 short_writes_echo/s	22 cpu_user_milliseconds	919 cpu_system_milliseconds	0 minor_page_faults/s	0 major_page_faults/s	8642 yields/s	25 preempts/s
109002 milliseconds	4075 MB/s	14581 short_reads/s	0 short_writes_echo/s	28 cpu_user_milliseconds	920 cpu_system_milliseconds	0 minor_page_faults/s	0 major_page_faults/s	7625 yields/s	1 preempts/s
110002 milliseconds	4340 MB/s	18751 short_reads/s	0 short_writes_echo/s	27 cpu_user_milliseconds	956 cpu_system_milliseconds	0 minor_page_faults/s	0 major_page_faults/s	2272 yields/s	0 preempts/s
111003 milliseconds	4103 MB/s	15655 short_reads/s	0 short_writes_echo/s	34 cpu_user_milliseconds	918 cpu_system_milliseconds	0 minor_page_faults/s	0 major_page_faults/s	6248 yields/s	38 preempts/s
112003 milliseconds	4245 MB/s	17791 short_reads/s	0 short_writes_echo/s	27 cpu_user_milliseconds	955 cpu_system_milliseconds	0 minor_page_faults/s	0 major_page_faults/s	1968 yields/s	0 preempts/s
113003 milliseconds	4135 MB/s	17546 short_reads/s	0 short_writes_echo/s	40 cpu_user_milliseconds	927 cpu_system_milliseconds	0 minor_page_faults/s	0 major_page_faults/s	3241 yields/s	3 preempts/s
114003 milliseconds	4265 MB/s	17290 short_reads/s	0 short_writes_echo/s	35 cpu_user_milliseconds	941 cpu_system_milliseconds	0 minor_page_faults/s	0 major_page_faults/s	3470 yields/s	0 preempts/s
115003 milliseconds	4328 MB/s	17834 short_reads/s	0 short_writes_echo/s	28 cpu_user_milliseconds	951 cpu_system_milliseconds	0 minor_page_faults/s	0 major_page_faults/s	2769 yields/s	2 preempts/s
116003 milliseconds	4140 MB/s	16467 short_reads/s	0 short_writes_echo/s	21 cpu_user_milliseconds	943 cpu_system_milliseconds	0 minor_page_faults/s	0 major_page_faults/s	5150 yields/s	0 preempts/s
117003 milliseconds	4225 MB/s	15540 short_reads/s	0 short_writes_echo/s	35 cpu_user_milliseconds	937 cpu_system_milliseconds	0 minor_page_faults/s	0 major_page_faults/s	3668 yields/s	0 preempts/s
118003 milliseconds	4328 MB/s	18242 short_reads/s	0 short_writes_echo/s	29 cpu_user_milliseconds	948 cpu_system_milliseconds	0 minor_page_faults/s	0 major_page_faults/s	3116 yields/s	0 preempts/s
119003 milliseconds	4330 MB/s	18183 short_reads/s	0 short_writes_echo/s	28 cpu_user_milliseconds	950 cpu_system_milliseconds	0 minor_page_faults/s	0 major_page_faults/s	2885 yields/s	2 preempts/s
120003 milliseconds	4314 MB/s	17214 short_reads/s	0 short_writes_echo/s	44 cpu_user_milliseconds	932 cpu_system_milliseconds	0 minor_page_faults/s	0 major_page_faults/s	3205 yields/s	0 preempts/s
121003 milliseconds	4243 MB/s	17134 short_reads/s	0 short_writes_echo/s	24 cpu_user_milliseconds	952 cpu_system_milliseconds	0 minor_page_faults/s	0 major_page_faults/s	2954 yields/s	0 preempts/s
122003 milliseconds	4308 MB/s	17939 short_reads/s	0 short_writes_echo/s	33 cpu_user_milliseconds	946 cpu_system_milliseconds	0 minor_page_faults/s	0 major_page_faults/s	2570 yields/s	0 preempts/s
123003 milliseconds	4354 MB/s	19303 short_reads/s	0 short_writes_echo/s	27 cpu_user_milliseconds	959 cpu_system_milliseconds	0 minor_page_faults/s	0 major_page_faults/s	1019 yields/s	3 preempts/s
124003 milliseconds	4097 MB/s	16763 short_reads/s	0 short_writes_echo/s	37 cpu_user_milliseconds	932 cpu_system_milliseconds	0 minor_page_faults/s	0 major_page_faults/s	2887 yields/s	5 preempts/s
125003 milliseconds	4204 MB/s	14551 short_reads/s	0 short_writes_echo/s	24 cpu_user_milliseconds	938 cpu_system_milliseconds	0 minor_page_faults/s	0 major_page_faults/s	5537 yields/s	24 preempts/s
126003 milliseconds	4163 MB/s	17015 short_reads/s	0 short_writes_echo/s	40 cpu_user_milliseconds	927 cpu_system_milliseconds	0 minor_page_faults/s	0 major_page_faults/s	4165 yields/s	4 preempts/s
127003 milliseconds	4321 MB/s	18229 short_reads/s	0 short_writes_echo/s	31 cpu_user_milliseconds	950 cpu_system_milliseconds	0 minor_page_faults/s	0 major_page_faults/s	2010 yields/s	5 preempts/s
128003 milliseconds	4361 MB/s	18820 short_reads/s	0 short_writes_echo/s	30 cpu_user_milliseconds	952 cpu_system_milliseconds	0 minor_page_faults/s	0 major_page_faults/s	2043 yields/s	5 preempts/s
129003 milliseconds	4352 MB/s	18471 short_reads/s	0 short_writes_echo/s	35 cpu_user_milliseconds	945 cpu_system_milliseconds	0 minor_page_faults/s	0 major_page_faults/s	2543 yields/s	2 preempts/s
130003 milliseconds	4319 MB/s	17857 short_reads/s	0 short_writes_echo/s	22 cpu_user_milliseconds	959 cpu_system_milliseconds	0 minor_page_faults/s	0 major_page_faults/s	2600 yields/s	5 preempts/s
131003 milliseconds	4081 MB/s	15425 short_reads/s	0 short_writes_echo/s	32 cpu_user_milliseconds	925 cpu_system_milliseconds	0 minor_page_faults/s	0 major_page_faults/s	6081 yields/s	2 preempts/s
132003 milliseconds	4126 MB/s	13855 short_reads/s	0 short_writes_echo/s	32 cpu_user_milliseconds	916 cpu_system_milliseconds	0 minor_page_faults/s	0 major_page_faults/s	7763 yields/s	20 preempts/s
133003 milliseconds	4113 MB/s	15192 short_reads/s	0 short_writes_echo/s	40 cpu_user_milliseconds	904 cpu_system_milliseconds	0 minor_page_faults/s	0 major_page_faults/s	8010 yields/s	0 preempts/s
134003 milliseconds	4122 MB/s	14359 short_reads/s	0 short_writes_echo/s	29 cpu_user_milliseconds	919 cpu_system_milliseconds	0 minor_page_faults/s	0 major_page_faults/s	7626 yields/s	21 preempts/s
135003 milliseconds	4161 MB/s	16206 short_reads/s	0 short_writes_echo/s	23 cpu_user_milliseconds	934 cpu_system_milliseconds	0 minor_page_faults/s	0 major_page_faults/s	5622 yields/s	47 preempts/s
136003 milliseconds	4128 MB/s	15820 short_reads/s	0 short_writes_echo/s	33 cpu_user_milliseconds	927 cpu_system_milliseconds	0 minor_page_faults/s	0 major_page_faults/s	5516 yields/s	1 preempts/s
137003 milliseconds	4181 MB/s	16459 short_reads/s	0 short_writes_echo/s	26 cpu_user_milliseconds	939 cpu_system_milliseconds	0 minor_page_faults/s	0 major_page_faults/s	4943 yields/s	3 preempts/s
138003 milliseconds	4262 MB/s	15923 short_reads/s	0 short_writes_echo/s	40 cpu_user_milliseconds	936 cpu_system_milliseconds	0 minor_page_faults/s	0 major_page_faults/s	3442 yields/s	3 preempts/s
139003 milliseconds	4135 MB/s	15119 short_reads/s	0 short_writes_echo/s	32 cpu_user_milliseconds	918 cpu_system_milliseconds	0 minor_page_faults/s	0 major_page_faults/s	7562 yields/s	5 preempts/s
140003 milliseconds	4333 MB/s	18567 short_reads/s	0 short_writes_echo/s	23 cpu_user_milliseconds	960 cpu_system_milliseconds	0 minor_page_faults/s	0 major_page_faults/s	2269 yields/s	1 preempts/s
141003 milliseconds	4093 MB/s	13752 short_reads/s	0 short_writes_echo/s	29 cpu_user_milliseconds	939 cpu_system_milliseconds	0 minor_page_faults/s	0 major_page_faults/s	4760 yields/s	9 preempts/s
142003 milliseconds	4118 MB/s	12816 short_reads/s	0 short_writes_echo/s	27 cpu_user_milliseconds	922 cpu_system_milliseconds	0 minor_page_faults/s	0 major_page_faults/s	7676 yields/s	23 preempts/s
143003 milliseconds	4155 MB/s	16149 short_reads/s	0 short_writes_echo/s	26 cpu_user_milliseconds	931 cpu_system_milliseconds	0 minor_page_faults/s	0 major_page_faults/s	6251 yields/s	24 preempts/s
144003 milliseconds	4343 MB/s	18831 short_reads/s	0 short_writes_echo/s	26 cpu_user_milliseconds	953 cpu_system_milliseconds	0 minor_page_faults/s	0 major_page_faults/s	2546 yields/s	0 preempts/s
145003 milliseconds	4342 MB/s	18224 short_reads/s	0 short_writes_echo/s	28 cpu_user_milliseconds	953 cpu_system_milliseconds	0 minor_page_faults/s	0 major_page_faults/s	2226 yields/s	0 preempts/s
146004 milliseconds	4187 MB/s	15720 short_reads/s	0 short_writes_echo/s	26 cpu_user_milliseconds	953 cpu_system_milliseconds	0 minor_page_faults/s	0 major_page_faults/s	2482 yields/s	3 preempts/s
147004 milliseconds	4122 MB/s	12189 short_reads/s	0 short_writes_echo/s	23 cpu_user_milliseconds	930 cpu_system_milliseconds	0 minor_page_faults/s	0 major_page_faults/s	6984 yields/s	30 preempts/s
148004 milliseconds	4068 MB/s	14858 short_reads/s	0 short_writes_echo/s	32 cpu_user_milliseconds	916 cpu_system_milliseconds	0 minor_page_faults/s	0 major_page_faults/s	7214 yields/s	18 preempts/s
149004 milliseconds	4274 MB/s	18499 short_reads/s	0 short_writes_echo/s	37 cpu_user_milliseconds	945 cpu_system_milliseconds	0 minor_page_faults/s	0 major_page_faults/s	2243 yields/s	17 preempts/s
150004 milliseconds	4142 MB/s	12755 short_reads/s	0 short_writes_echo/s	29 cpu_user_milliseconds	925 cpu_system_milliseconds	0 minor_page_faults/s	0 major_page_faults/s	7156 yields/s	1 preempts/s
151004 milliseconds	3998 MB/s	14450 short_reads/s	0 short_writes_echo/s	25 cpu_user_milliseconds	927 cpu_system_milliseconds	0 minor_page_faults/s	0 major_page_faults/s	6887 yields/s	1 preempts/s
152004 milliseconds	4332 MB/s	18682 short_reads/s	0 short_writes_echo/s	35 cpu_user_milliseconds	949 cpu_system_milliseconds	0 minor_page_faults/s	0 major_page_faults/s	1882 yields/s	0 preempts/s
153004 milliseconds	4149 MB/s	15376 short_reads/s	0 short_writes_echo/s	24 cpu_user_milliseconds	928 cpu_system_milliseconds	0 minor_page_faults/s	0 major_page_faults/s	7062 yields/s	0 preempts/s
154004 milliseconds	4136 MB/s	11615 short_reads/s	0 short_writes_echo/s	36 cpu_user_milliseconds	923 cpu_system_milliseconds	0 minor_page_faults/s	0 major_page_faults/s	5790 yields/s	19 preempts/s
155004 milliseconds	4133 MB/s	13503 short_reads/s	0 short_writes_echo/s	34 cpu_user_milliseconds	919 cpu_system_milliseconds	0 minor_page_faults/s	0 major_page_faults/s	7097 yields/s	3 preempts/s
156004 milliseconds	4132 MB/s	16251 short_reads/s	0 short_writes_echo/s	25 cpu_user_milliseconds	934 cpu_system_milliseconds	0 minor_page_faults/s	0 major_page_faults/s	5663 yields/s	0 preempts/s
157004 milliseconds	4213 MB/s	16824 short_reads/s	0 short_writes_echo/s	30 cpu_user_milliseconds	939 cpu_system_milliseconds	0 minor_page_faults/s	0 major_page_faults/s	4122 yields/s	0 preempts/s
158004 milliseconds	4381 MB/s	18736 short_reads/s	0 short_writes_echo/s	29 cpu_user_milliseconds	957 cpu_system_milliseconds	0 minor_page_faults/s	0 major_page_faults/s	1753 yields/s	6 preempts/s
159004 milliseconds	4283 MB/s	17782 short_reads/s	0 short_writes_echo/s	29 cpu_user_milliseconds	943 cpu_system_milliseconds	0 minor_page_faults/s	0 major_page_faults/s	3532 yields/s	3 preempts/s
160004 milliseconds	4276 MB/s	16709 short_reads/s	0 short_writes_echo/s	37 cpu_user_milliseconds	933 cpu_system_milliseconds	0 minor_page_faults/s	0 major_page_faults/s	3887 yields/s	3 preempts/s
161004 milliseconds	4137 MB/s	16527 short_reads/s	0 short_writes_echo/s	35 cpu_user_milliseconds	925 cpu_system_milliseconds	0 minor_page_faults/s	0 major_page_faults/s	5416 yields/s	4 preempts/s
162004 milliseconds	4409 MB/s	19590 short_reads/s	0 short_writes_echo/s	30 cpu_user_milliseconds	959 cpu_system_milliseconds	0 minor_page_faults/s	0 major_page_faults/s	886 yields/s	1 preempts/s
163004 milliseconds	4320 MB/s	17875 short_reads/s	0 short_writes_echo/s	24 cpu_user_milliseconds	954 cpu_system_milliseconds	0 minor_page_faults/s	0 major_page_faults/s	2639 yields/s	1 preempts/s
164004 milliseconds	4284 MB/s	16971 short_reads/s	0 short_writes_echo/s	30 cpu_user_milliseconds	949 cpu_system_milliseconds	0 minor_page_faults/s	0 major_page_faults/s	2809 yields/s	0 preempts/s
165004 milliseconds	4341 MB/s	18157 short_reads/s	0 short_writes_echo/s	46 cpu_user_milliseconds	937 cpu_system_milliseconds	0 minor_page_faults/s	0 major_page_faults/s	2176 yields/s	0 preempts/s
166004 milliseconds	4111 MB/s	15331 short_reads/s	0 short_writes_echo/s	31 cpu_user_milliseconds	937 cpu_system_milliseconds	0 minor_page_faults/s	0 major_page_faults/s	4273 yields/s	26 preempts/s
167004 milliseconds	4103 MB/s	14906 short_reads/s	0 short_writes_echo/s	36 cpu_user_milliseconds	907 cpu_system_milliseconds	0 minor_page_faults/s	0 major_page_faults/s	8462 yields/s	28 preempts/s
168004 milliseconds	4132 MB/s	13235 short_reads/s	0 short_writes_echo/s	34 cpu_user_milliseconds	917 cpu_system_milliseconds	0 minor_page_faults/s	0 major_page_faults/s	7409 yields/s	0 preempts/s
169004 milliseconds	4119 MB/s	15240 short_reads/s	0 short_writes_echo/s	23 cpu_user_milliseconds	925 cpu_system_milliseconds	0 minor_page_faults/s	0 major_page_faults/s	7468 yields/s	29 preempts/s
170004 milliseconds	4130 MB/s	12084 short_reads/s	0 short_writes_echo/s	32 cpu_user_milliseconds	922 cpu_system_milliseconds	0 minor_page_faults/s	0 major_page_faults/s	7424 yields/s	1 preempts/s
171004 milliseconds	4100 MB/s	15806 short_reads/s	0 short_writes_echo/s	28 cpu_user_milliseconds	926 cpu_system_milliseconds	0 minor_page_faults/s	0 major_page_faults/s	5712 yields/s	6 preempts/s
172004 milliseconds	4362 MB/s	18815 short_reads/s	0 short_writes_echo/s	42 cpu_user_milliseconds	942 cpu_system_milliseconds	0 minor_page_faults/s	0 major_page_faults/s	1919 yields/s	4 preempts/s
173004 milliseconds	4337 MB/s	18539 short_reads/s	0 short_writes_echo/s	29 cpu_user_milliseconds	952 cpu_system_milliseconds	0 minor_page_faults/s	0 major_page_faults/s	2401 yields/s	3 preempts/s
174004 milliseconds	4262 MB/s	18046 short_reads/s	0 short_writes_echo/s	25 cpu_user_milliseconds	944 cpu_system_milliseconds	0 minor_page_faults/s	0 major_page_faults/s	3600 yields/s	3 preempts/s
175004 milliseconds	4347 MB/s	17999 short_reads/s	0 short_writes_echo/s	25 cpu_user_milliseconds	958 cpu_system_milliseconds	0 minor_page_faults/s	0 major_page_faults/s	2138 yields/s	2 preempts/s
176004 milliseconds	4107 MB/s	16358 short_reads/s	0 short_writes_echo/s	27 cpu_user_milliseconds	939 cpu_system_milliseconds	0 minor_page_faults/s	0 major_page_faults/s	4811 yields/s	2 preempts/s
177004 milliseconds	4329 MB/s	17950 short_reads/s	0 short_writes_echo/s	31 cpu_user_milliseconds	952 cpu_system_milliseconds	0 minor_page_faults/s	0 major_page_faults/s	2061 yields/s	0 preempts/s
178004 milliseconds	4333 MB/s	18761 short_reads/s	0 short_writes_echo/s	32 cpu_user_milliseconds	952 cpu_system_milliseconds	0 minor_page_faults/s	0 major_page_faults/s	1929 yields/s	2 preempts/s
179004 milliseconds	4356 MB/s	19006 short_reads/s	0 short_writes_echo/s	31 cpu_user_milliseconds	955 cpu_system_milliseconds	0 minor_page_faults/s	0 major_page_faults/s	1505 yields/s	3 preempts/s
180004 milliseconds	4339 MB/s	18779 short_reads/s	0 short_writes_echo/s	39 cpu_user_milliseconds	945 cpu_system_milliseconds	0 minor_page_faults/s	0 major_page_faults/s	1828 yields/s	0 preempts/s
181005 milliseconds	4246 MB/s	18196 short_reads/s	0 short_writes_echo/s	36 cpu_user_milliseconds	939 cpu_system_milliseconds	0 minor_page_faults/s	0 major_page_faults/s	2725 yields/s	4 preempts/s
182005 milliseconds	4383 MB/s	18481 short_reads/s	0 short_writes_echo/s	41 cpu_user_milliseconds	946 cpu_system_milliseconds	0 minor_page_faults/s	0 major_page_faults/s	1379 yields/s	0 preempts/s
183005 milliseconds	4277 MB/s	17891 short_reads/s	0 short_writes_echo/s	38 cpu_user_milliseconds	937 cpu_system_milliseconds	0 minor_page_faults/s	0 major_page_faults/s	2913 yields/s	2 preempts/s
184005 milliseconds	4141 MB/s	16425 short_reads/s	0 short_writes_echo/s	27 cpu_user_milliseconds	950 cpu_system_milliseconds	0 minor_page_faults/s	0 major_page_faults/s	2782 yields/s	3 preempts/s
185005 milliseconds	4208 MB/s	16767 short_reads/s	0 short_writes_echo/s	31 cpu_user_milliseconds	939 cpu_system_milliseconds	0 minor_page_faults/s	0 major_page_faults/s	4276 yields/s	2 preempts/s
186005 milliseconds	4161 MB/s	16383 short_reads/s	0 short_writes_echo/s	24 cpu_user_milliseconds	949 cpu_system_milliseconds	0 minor_page_faults/s	0 major_page_faults/s	3663 yields/s	13 preempts/s
187005 milliseconds	4101 MB/s	14067 short_reads/s	0 short_writes_echo/s	25 cpu_user_milliseconds	924 cpu_system_milliseconds	0 minor_page_faults/s	0 major_page_faults/s	7804 yields/s	3 preempts/s
188005 milliseconds	4129 MB/s	13280 short_reads/s	0 short_writes_echo/s	37 cpu_user_milliseconds	912 cpu_system_milliseconds	0 minor_page_faults/s	0 major_page_faults/s	7624 yields/s	24 preempts/s
189005 milliseconds	4131 MB/s	13812 short_reads/s	0 short_writes_echo/s	39 cpu_user_milliseconds	911 cpu_system_milliseconds	0 minor_page_faults/s	0 major_page_faults/s	7526 yields/s	0 preempts/s
190005 milliseconds	4133 MB/s	13709 short_reads/s	0 short_writes_echo/s	33 cpu_user_milliseconds	916 cpu_system_milliseconds	0 minor_page_faults/s	0 major_page_faults/s	7443 yields/s	18 preempts/s
191005 milliseconds	3976 MB/s	14377 short_reads/s	0 short_writes_echo/s	24 cpu_user_milliseconds	927 cpu_system_milliseconds	0 minor_page_faults/s	0 major_page_faults/s	7290 yields/s	1 preempts/s
192005 milliseconds	4067 MB/s	14979 short_reads/s	0 short_writes_echo/s	36 cpu_user_milliseconds	910 cpu_system_milliseconds	0 minor_page_faults/s	0 major_page_faults/s	8215 yields/s	0 preempts/s
193005 milliseconds	4166 MB/s	13844 short_reads/s	0 short_writes_echo/s	35 cpu_user_milliseconds	932 cpu_system_milliseconds	0 minor_page_faults/s	0 major_page_faults/s	4682 yields/s	22 preempts/s
194005 milliseconds	4117 MB/s	10817 short_reads/s	0 short_writes_echo/s	23 cpu_user_milliseconds	935 cpu_system_milliseconds	0 minor_page_faults/s	0 major_page_faults/s	6530 yields/s	25 preempts/s
195005 milliseconds	4091 MB/s	11314 short_reads/s	0 short_writes_echo/s	39 cpu_user_milliseconds	908 cpu_system_milliseconds	0 minor_page_faults/s	0 major_page_faults/s	7233 yields/s	75 preempts/s
196005 milliseconds	4019 MB/s	14044 short_reads/s	0 short_writes_echo/s	22 cpu_user_milliseconds	917 cpu_system_milliseconds	0 minor_page_faults/s	0 major_page_faults/s	8862 yields/s	2 preempts/s
197005 milliseconds	4115 MB/s	14218 short_reads/s	0 short_writes_echo/s	32 cpu_user_milliseconds	914 cpu_system_milliseconds	0 minor_page_faults/s	0 major_page_faults/s	8138 yields/s	20 preempts/s
198005 milliseconds	4071 MB/s	14343 short_reads/s	0 short_writes_echo/s	27 cpu_user_milliseconds	916 cpu_system_milliseconds	0 minor_page_faults/s	0 major_page_faults/s	8671 yields/s	0 preempts/s
199005 milliseconds	4134 MB/s	16067 short_reads/s	0 short_writes_echo/s	31 cpu_user_milliseconds	925 cpu_system_milliseconds	0 minor_page_faults/s	0 major_page_faults/s	6454 yields/s	1 preempts/s
200005 milliseconds	4318 MB/s	18036 short_reads/s	0 short_writes_echo/s	33 cpu_user_milliseconds	945 cpu_system_milliseconds	0 minor_page_faults/s	0 major_page_faults/s	2900 yields/s	0 preempts/s
201005 milliseconds	4238 MB/s	17546 short_reads/s	0 short_writes_echo/s	33 cpu_user_milliseconds	940 cpu_system_milliseconds	0 minor_page_faults/s	0 major_page_faults/s	3576 yields/s	1 preempts/s
202005 milliseconds	4408 MB/s	19458 short_reads/s	0 short_writes_echo/s	23 cpu_user_milliseconds	964 cpu_system_milliseconds	0 minor_page_faults/s	0 major_page_faults/s	1207 yields/s	0 preempts/s
203005 milliseconds	4297 MB/s	17837 short_reads/s	0 short_writes_echo/s	33 cpu_user_milliseconds	941 cpu_system_milliseconds	0 minor_page_faults/s	0 major_page_faults/s	3535 yields/s	1 preempts/s
204005 milliseconds	4289 MB/s	17550 short_reads/s	0 short_writes_echo/s	33 cpu_user_milliseconds	945 cpu_system_milliseconds	0 minor_page_faults/s	0 major_page_faults/s	3128 yields/s	0 preempts/s
205005 milliseconds	4259 MB/s	16537 short_reads/s	0 short_writes_echo/s	35 cpu_user_milliseconds	938 cpu_system_milliseconds	0 minor_page_faults/s	0 major_page_faults/s	3830 yields/s	0 preempts/s
206005 milliseconds	4003 MB/s	12494 short_reads/s	0 short_writes_echo/s	43 cpu_user_milliseconds	909 cpu_system_milliseconds	0 minor_page_faults/s	0 major_page_faults/s	7256 yields/s	26 preempts/s
207005 milliseconds	4066 MB/s	12318 short_reads/s	0 short_writes_echo/s	17 cpu_user_milliseconds	926 cpu_system_milliseconds	0 minor_page_faults/s	0 major_page_faults/s	8199 yields/s	2 preempts/s
208005 milliseconds	4051 MB/s	15036 short_reads/s	0 short_writes_echo/s	31 cpu_user_milliseconds	908 cpu_system_milliseconds	0 minor_page_faults/s	0 major_page_faults/s	8814 yields/s	0 preempts/s
209005 milliseconds	4206 MB/s	16865 short_reads/s	0 short_writes_echo/s	17 cpu_user_milliseconds	950 cpu_system_milliseconds	0 minor_page_faults/s	0 major_page_faults/s	4780 yields/s	3 preempts/s
210005 milliseconds	4135 MB/s	13366 short_reads/s	0 short_writes_echo/s	31 cpu_user_milliseconds	920 cpu_system_milliseconds	0 minor_page_faults/s	0 major_page_faults/s	7217 yields/s	22 preempts/s
211005 milliseconds	3974 MB/s	14631 short_reads/s	0 short_writes_echo/s	25 cpu_user_milliseconds	921 cpu_system_milliseconds	0 minor_page_faults/s	0 major_page_faults/s	8151 yields/s	9 preempts/s
212005 milliseconds	4133 MB/s	15254 short_reads/s	0 short_writes_echo/s	20 cpu_user_milliseconds	927 cpu_system_milliseconds	0 minor_page_faults/s	0 major_page_faults/s	8164 yields/s	4 preempts/s
213005 milliseconds	4102 MB/s	14214 short_reads/s	0 short_writes_echo/s	30 cpu_user_milliseconds	918 cpu_system_milliseconds	0 minor_page_faults/s	0 major_page_faults/s	8154 yields/s	0 preempts/s
214005 milliseconds	4114 MB/s	12778 short_reads/s	0 short_writes_echo/s	27 cpu_user_milliseconds	925 cpu_system_milliseconds	0 minor_page_faults/s	0 major_page_faults/s	7352 yields/s	4 preempts/s
215005 milliseconds	4099 MB/s	14907 short_reads/s	0 short_writes_echo/s	31 cpu_user_milliseconds	911 cpu_system_milliseconds	0 minor_page_faults/s	0 major_page_faults/s	8612 yields/s	2 preempts/s
216005 milliseconds	4164 MB/s	16122 short_reads/s	0 short_writes_echo/s	26 cpu_user_milliseconds	936 cpu_system_milliseconds	0 minor_page_faults/s	0 major_page_faults/s	5306 yields/s	0 preempts/s
217005 milliseconds	4340 MB/s	18234 short_reads/s	0 short_writes_echo/s	37 cpu_user_milliseconds	943 cpu_system_milliseconds	0 minor_page_faults/s	0 major_page_faults/s	2608 yields/s	0 preempts/s
218006 milliseconds	4259 MB/s	17197 short_reads/s	0 short_writes_echo/s	30 cpu_user_milliseconds	936 cpu_system_milliseconds	0 minor_page_faults/s	0 major_page_faults/s	4819 yields/s	1 preempts/s
219006 milliseconds	4132 MB/s	12900 short_reads/s	0 short_writes_echo/s	32 cpu_user_milliseconds	921 cpu_system_milliseconds	0 minor_page_faults/s	0 major_page_faults/s	6890 yields/s	21 preempts/s
220006 milliseconds	4156 MB/s	12538 short_reads/s	0 short_writes_echo/s	34 cpu_user_milliseconds	922 cpu_system_milliseconds	0 minor_page_faults/s	0 major_page_faults/s	6340 yields/s	20 preempts/s
221006 milliseconds	4105 MB/s	15279 short_reads/s	0 short_writes_echo/s	33 cpu_user_milliseconds	932 cpu_system_milliseconds	0 minor_page_faults/s	0 major_page_faults/s	4734 yields/s	0 preempts/s
222006 milliseconds	4354 MB/s	18277 short_reads/s	0 short_writes_echo/s	27 cpu_user_milliseconds	955 cpu_system_milliseconds	0 minor_page_faults/s	0 major_page_faults/s	1928 yields/s	2 preempts/s
223006 milliseconds	4306 MB/s	17925 short_reads/s	0 short_writes_echo/s	17 cpu_user_milliseconds	959 cpu_system_milliseconds	0 minor_page_faults/s	0 major_page_faults/s	3063 yields/s	6 preempts/s
224006 milliseconds	4342 MB/s	18374 short_reads/s	0 short_writes_echo/s	35 cpu_user_milliseconds	944 cpu_system_milliseconds	0 minor_page_faults/s	0 major_page_faults/s	2684 yields/s	4 preempts/s
225006 milliseconds	4324 MB/s	18234 short_reads/s	0 short_writes_echo/s	27 cpu_user_milliseconds	949 cpu_system_milliseconds	0 minor_page_faults/s	0 major_page_faults/s	3228 yields/s	3 preempts/s
226006 milliseconds	4251 MB/s	17385 short_reads/s	0 short_writes_echo/s	30 cpu_user_milliseconds	946 cpu_system_milliseconds	0 minor_page_faults/s	0 major_page_faults/s	3045 yields/s	0 preempts/s
227006 milliseconds	4378 MB/s	19379 short_reads/s	0 short_writes_echo/s	41 cpu_user_milliseconds	947 cpu_system_milliseconds	0 minor_page_faults/s	0 major_page_faults/s	855 yields/s	1 preempts/s
228006 milliseconds	4306 MB/s	17159 short_reads/s	0 short_writes_echo/s	33 cpu_user_milliseconds	944 cpu_system_milliseconds	0 minor_page_faults/s	0 major_page_faults/s	3228 yields/s	1 preempts/s
229006 milliseconds	4335 MB/s	18695 short_reads/s	0 short_writes_echo/s	29 cpu_user_milliseconds	951 cpu_system_milliseconds	0 minor_page_faults/s	0 major_page_faults/s	2090 yields/s	1 preempts/s
230006 milliseconds	4328 MB/s	18870 short_reads/s	0 short_writes_echo/s	35 cpu_user_milliseconds	949 cpu_system_milliseconds	0 minor_page_faults/s	0 major_page_faults/s	1643 yields/s	1 preempts/s
231006 milliseconds	4115 MB/s	16345 short_reads/s	0 short_writes_echo/s	32 cpu_user_milliseconds	937 cpu_system_milliseconds	0 minor_page_faults/s	0 major_page_faults/s	3952 yields/s	0 preempts/s
232006 milliseconds	4192 MB/s	16197 short_reads/s	0 short_writes_echo/s	29 cpu_user_milliseconds	935 cpu_system_milliseconds	0 minor_page_faults/s	0 major_page_faults/s	5392 yields/s	3 preempts/s
233006 milliseconds	4210 MB/s	15068 short_reads/s	0 short_writes_echo/s	31 cpu_user_milliseconds	952 cpu_system_milliseconds	0 minor_page_faults/s	0 major_page_faults/s	1845 yields/s	3 preempts/s
234006 milliseconds	4231 MB/s	17427 short_reads/s	0 short_writes_echo/s	23 cpu_user_milliseconds	941 cpu_system_milliseconds	0 minor_page_faults/s	0 major_page_faults/s	4477 yields/s	5 preempts/s
235006 milliseconds	4333 MB/s	18372 short_reads/s	0 short_writes_echo/s	31 cpu_user_milliseconds	948 cpu_system_milliseconds	0 minor_page_faults/s	0 major_page_faults/s	2532 yields/s	4 preempts/s
236006 milliseconds	4140 MB/s	16845 short_reads/s	0 short_writes_echo/s	41 cpu_user_milliseconds	933 cpu_system_milliseconds	0 minor_page_faults/s	0 major_page_faults/s	3804 yields/s	3 preempts/s
237006 milliseconds	4366 MB/s	18477 short_reads/s	0 short_writes_echo/s	36 cpu_user_milliseconds	948 cpu_system_milliseconds	0 minor_page_faults/s	0 major_page_faults/s	1836 yields/s	2 preempts/s
238006 milliseconds	4373 MB/s	18534 short_reads/s	0 short_writes_echo/s	33 cpu_user_milliseconds	951 cpu_system_milliseconds	0 minor_page_faults/s	0 major_page_faults/s	1713 yields/s	1 preempts/s
239006 milliseconds	4381 MB/s	18483 short_reads/s	0 short_writes_echo/s	20 cpu_user_milliseconds	966 cpu_system_milliseconds	0 minor_page_faults/s	0 major_page_faults/s	1096 yields/s	1 preempts/s
240006 milliseconds	4325 MB/s	17905 short_reads/s	0 short_writes_echo/s	31 cpu_user_milliseconds	948 cpu_system_milliseconds	0 minor_page_faults/s	0 major_page_faults/s	2779 yields/s	1 preempts/s
