1000 milliseconds	2899 MB/s	3 short_reads/s	0 short_writes_echo/s	36 cpu_user_milliseconds	962 cpu_system_milliseconds	210 minor_page_faults/s	0 major_page_faults/s	2 yields/s	25 preempts/s
2000 milliseconds	2865 MB/s	0 short_reads/s	0 short_writes_echo/s	31 cpu_user_milliseconds	967 cpu_system_milliseconds	4 minor_page_faults/s	0 major_page_faults/s	0 yields/s	8 preempts/s
3000 milliseconds	2910 MB/s	0 short_reads/s	0 short_writes_echo/s	31 cpu_user_milliseconds	968 cpu_system_milliseconds	0 minor_page_faults/s	0 major_page_faults/s	0 yields/s	4 preempts/s
4000 milliseconds	2928 MB/s	0 short_reads/s	0 short_writes_echo/s	33 cpu_user_milliseconds	964 cpu_system_milliseconds	0 minor_page_faults/s	0 major_page_faults/s	0 yields/s	24 preempts/s
5000 milliseconds	2943 MB/s	0 short_reads/s	0 short_writes_echo/s	35 cpu_user_milliseconds	962 cpu_system_milliseconds	0 minor_page_faults/s	0 major_page_faults/s	0 yields/s	26 preempts/s
6000 milliseconds	2937 MB/s	0 short_reads/s	0 short_writes_echo/s	27 cpu_user_milliseconds	972 cpu_system_milliseconds	0 minor_page_faults/s	0 major_page_faults/s	0 yields/s	5 preempts/s
7000 milliseconds	2833 MB/s	0 short_reads/s	0 short_writes_echo/s	32 cpu_user_milliseconds	964 cpu_system_milliseconds	0 minor_page_faults/s	0 major_page_faults/s	0 yields/s	24 preempts/s
8000 milliseconds	2936 MB/s	0 short_reads/s	0 short_writes_echo/s	40 cpu_user_milliseconds	958 cpu_system_milliseconds	0 minor_page_faults/s	0 major_page_faults/s	0 yields/s	4 preempts/s
9000 milliseconds	2915 MB/s	0 short_reads/s	0 short_writes_echo/s	32 cpu_user_milliseconds	963 cpu_system_milliseconds	0 minor_page_faults/s	0 major_page_faults/s	0 yields/s	28 preempts/s
10000 milliseconds	2904 MB/s	0 short_reads/s	0 short_writes_echo/s	31 cpu_user_milliseconds	967 cpu_system_milliseconds	0 minor_page_faults/s	0 major_page_faults/s	0 yields/s	4 preempts/s
11000 milliseconds	2918 MB/s	26 short_reads/s	0 short_writes_echo/s	37 cpu_user_milliseconds	959 cpu_system_milliseconds	0 minor_page_faults/s	0 major_page_faults/s	20 yields/s	4 preempts/s
12000 milliseconds	2876 MB/s	0 short_reads/s	0 short_writes_echo/s	34 cpu_user_milliseconds	964 cpu_system_milliseconds	0 minor_page_faults/s	0 major_page_faults/s	0 yields/s	3 preempts/s
13000 milliseconds	2831 MB/s	0 short_reads/s	0 short_writes_echo/s	22 cpu_user_milliseconds	977 cpu_system_milliseconds	0 minor_page_faults/s	0 major_page_faults/s	0 yields/s	6 preempts/s
14000 milliseconds	2936 MB/s	0 short_reads/s	0 short_writes_echo/s	30 cpu_user_milliseconds	968 cpu_system_milliseconds	0 minor_page_faults/s	0 major_page_faults/s	0 yields/s	8 preempts/s
15000 milliseconds	2953 MB/s	41 short_reads/s	0 short_writes_echo/s	29 cpu_user_milliseconds	967 cpu_system_milliseconds	0 minor_page_faults/s	0 major_page_faults/s	18 yields/s	5 preempts/s
16000 milliseconds	2966 MB/s	0 short_reads/s	0 short_writes_echo/s	29 cpu_user_milliseconds	969 cpu_system_milliseconds	0 minor_page_faults/s	0 major_page_faults/s	0 yields/s	8 preempts/s
17000 milliseconds	2847 MB/s	702 short_reads/s	0 short_writes_echo/s	35 cpu_user_milliseconds	959 cpu_system_milliseconds	0 minor_page_faults/s	0 major_page_faults/s	116 yields/s	7 preempts/s
18000 milliseconds	2946 MB/s	0 short_reads/s	0 short_writes_echo/s	27 cpu_user_milliseconds	969 cpu_system_milliseconds	0 minor_page_faults/s	0 major_page_faults/s	0 yields/s	29 preempts/s
19000 milliseconds	2870 MB/s	0 short_reads/s	0 short_writes_echo/s	29 cpu_user_milliseconds	965 cpu_system_milliseconds	0 minor_page_faults/s	0 major_page_faults/s	0 yields/s	35 preempts/s
20000 milliseconds	2795 MB/s	0 short_reads/s	0 short_writes_echo/s	33 cpu_user_milliseconds	965 cpu_system_milliseconds	0 minor_page_faults/s	0 major_page_faults/s	0 yields/s	4 preempts/s
21000 milliseconds	2943 MB/s	0 short_reads/s	0 short_writes_echo/s	35 cpu_user_milliseconds	963 cpu_system_milliseconds	0 minor_page_faults/s	0 major_page_faults/s	0 yields/s	8 preempts/s
22000 milliseconds	2896 MB/s	0 short_reads/s	0 short_writes_echo/s	39 cpu_user_milliseconds	959 cpu_system_milliseconds	0 minor_page_faults/s	0 major_page_faults/s	0 yields/s	2 preempts/s
23000 milliseconds	2897 MB/s	0 short_reads/s	0 short_writes_echo/s	39 cpu_user_milliseconds	959 cpu_system_milliseconds	0 minor_page_faults/s	0 major_page_faults/s	0 yields/s	6 preempts/s
24000 milliseconds	2945 MB/s	0 short_reads/s	0 short_writes_echo/s	30 cpu_user_milliseconds	969 cpu_system_milliseconds	0 minor_page_faults/s	0 major_page_faults/s	0 yields/s	4 preempts/s
25000 milliseconds	2955 MB/s	0 short_reads/s	0 short_writes_echo/s	34 cpu_user_milliseconds	964 cpu_system_milliseconds	0 minor_page_faults/s	0 major_page_faults/s	0 yields/s	7 preempts/s
26000 milliseconds	2943 MB/s	0 short_reads/s	0 short_writes_echo/s	32 cpu_user_milliseconds	964 cpu_system_milliseconds	0 minor_page_faults/s	0 major_page_faults/s	0 yields/s	28 preempts/s
27000 milliseconds	2815 MB/s	160 short_reads/s	0 short_writes_echo/s	28 cpu_user_milliseconds	968 cpu_system_milliseconds	0 minor_page_faults/s	0 major_page_faults/s	25 yields/s	22 preempts/s
28000 milliseconds	2901 MB/s	0 short_reads/s	0 short_writes_echo/s	34 cpu_user_milliseconds	964 cpu_system_milliseconds	0 minor_page_faults/s	0 major_page_faults/s	0 yields/s	3 preempts/s
29000 milliseconds	2898 MB/s	0 short_reads/s	0 short_writes_echo/s	35 cpu_user_milliseconds	961 cpu_system_milliseconds	0 minor_page_faults/s	0 major_page_faults/s	0 yields/s	27 preempts/s
30000 milliseconds	2821 MB/s	0 short_reads/s	0 short_writes_echo/s	34 cpu_user_milliseconds	964 cpu_system_milliseconds	0 minor_page_faults/s	0 major_page_faults/s	0 yields/s	5 preempts/s
31000 milliseconds	2898 MB/s	0 short_reads/s	0 short_writes_echo/s	21 cpu_user_milliseconds	978 cpu_system_milliseconds	0 minor_page_faults/s	0 major_page_faults/s	0 yields/s	3 preempts/s
32000 milliseconds	2825 MB/s	0 short_reads/s	0 short_writes_echo/s	33 cpu_user_milliseconds	965 cpu_system_milliseconds	0 minor_page_faults/s	0 major_page_faults/s	0 yields/s	6 preempts/s
33000 milliseconds	2893 MB/s	0 short_reads/s	0 short_writes_echo/s	36 cpu_user_milliseconds	962 cpu_system_milliseconds	0 minor_page_faults/s	0 major_page_faults/s	0 yields/s	7 preempts/s
34000 milliseconds	2922 MB/s	0 short_reads/s	0 short_writes_echo/s	19 cpu_user_milliseconds	980 cpu_system_milliseconds	0 minor_page_faults/s	0 major_page_faults/s	0 yields/s	5 preempts/s
35000 milliseconds	2950 MB/s	0 short_reads/s	0 short_writes_echo/s	25 cpu_user_milliseconds	974 cpu_system_milliseconds	0 minor_page_faults/s	0 major_page_faults/s	0 yields/s	3 preempts/s
36001 milliseconds	2932 MB/s	0 short_reads/s	0 short_writes_echo/s	39 cpu_user_milliseconds	959 cpu_system_milliseconds	0 minor_page_faults/s	0 major_page_faults/s	0 yields/s	2 preempts/s
37001 milliseconds	2909 MB/s	0 short_reads/s	0 short_writes_echo/s	30 cpu_user_milliseconds	968 cpu_system_milliseconds	0 minor_page_faults/s	0 major_page_faults/s	0 yields/s	8 preempts/s
38001 milliseconds	2937 MB/s	0 short_reads/s	0 short_writes_echo/s	29 cpu_user_milliseconds	969 cpu_system_milliseconds	0 minor_page_faults/s	0 major_page_faults/s	0 yields/s	7 preempts/s
39001 milliseconds	2960 MB/s	0 short_reads/s	0 short_writes_echo/s	42 cpu_user_milliseconds	956 cpu_system_milliseconds	0 minor_page_faults/s	0 major_page_faults/s	0 yields/s	5 preempts/s
40001 milliseconds	2871 MB/s	0 short_reads/s	0 short_writes_echo/s	27 cpu_user_milliseconds	971 cpu_system_milliseconds	0 minor_page_faults/s	0 major_page_faults/s	0 yields/s	4 preempts/s
41001 milliseconds	2945 MB/s	0 short_reads/s	0 short_writes_echo/s	29 cpu_user_milliseconds	970 cpu_system_milliseconds	0 minor_page_faults/s	0 major_page_faults/s	0 yields/s	6 preempts/s
42001 milliseconds	2806 MB/s	0 short_reads/s	0 short_writes_echo/s	29 cpu_user_milliseconds	967 cpu_system_milliseconds	0 minor_page_faults/s	0 major_page_faults/s	0 yields/s	27 preempts/s
43001 milliseconds	2935 MB/s	0 short_reads/s	0 short_writes_echo/s	26 cpu_user_milliseconds	972 cpu_system_milliseconds	0 minor_page_faults/s	0 major_page_faults/s	0 yields/s	6 preempts/s
44001 milliseconds	2904 MB/s	0 short_reads/s	0 short_writes_echo/s	25 cpu_user_milliseconds	974 cpu_system_milliseconds	0 minor_page_faults/s	0 major_page_faults/s	0 yields/s	8 preempts/s
45001 milliseconds	2860 MB/s	0 short_reads/s	0 short_writes_echo/s	34 cpu_user_milliseconds	964 cpu_system_milliseconds	0 minor_page_faults/s	0 major_page_faults/s	0 yields/s	11 preempts/s
46001 milliseconds	2897 MB/s	0 short_reads/s	0 short_writes_echo/s	41 cpu_user_milliseconds	957 cpu_system_milliseconds	0 minor_page_faults/s	0 major_page_faults/s	0 yields/s	5 preempts/s
47001 milliseconds	2809 MB/s	0 short_reads/s	0 short_writes_echo/s	26 cpu_user_milliseconds	968 cpu_system_milliseconds	0 minor_page_faults/s	0 major_page_faults/s	0 yields/s	50 preempts/s
48001 milliseconds	2844 MB/s	0 short_reads/s	0 short_writes_echo/s	29 cpu_user_milliseconds	969 cpu_system_milliseconds	0 minor_page_faults/s	0 major_page_faults/s	0 yields/s	6 preempts/s
49001 milliseconds	2879 MB/s	0 short_reads/s	0 short_writes_echo/s	21 cpu_user_milliseconds	975 cpu_system_milliseconds	0 minor_page_faults/s	0 major_page_faults/s	0 yields/s	25 preempts/s
50001 milliseconds	2831 MB/s	0 short_reads/s	0 short_writes_echo/s	21 cpu_user_milliseconds	975 cpu_system_milliseconds	0 minor_page_faults/s	0 major_page_faults/s	0 yields/s	31 preempts/s
51001 milliseconds	2945 MB/s	0 short_reads/s	0 short_writes_echo/s	28 cpu_user_milliseconds	970 cpu_system_milliseconds	0 minor_page_faults/s	0 major_page_faults/s	0 yields/s	15 preempts/s
52001 milliseconds	2860 MB/s	0 short_reads/s	0 short_writes_echo/s	23 cpu_user_milliseconds	974 cpu_system_milliseconds	0 minor_page_faults/s	0 major_page_faults/s	0 yields/s	26 preempts/s
53001 milliseconds	2815 MB/s	0 short_reads/s	0 short_writes_echo/s	28 cpu_user_milliseconds	968 cpu_system_milliseconds	0 minor_page_faults/s	0 major_page_faults/s	0 yields/s	30 preempts/s
54001 milliseconds	2924 MB/s	0 short_reads/s	0 short_writes_echo/s	34 cpu_user_milliseconds	964 cpu_system_milliseconds	0 minor_page_faults/s	0 major_page_faults/s	0 yields/s	5 preempts/s
55001 milliseconds	2922 MB/s	0 short_reads/s	0 short_writes_echo/s	32 cpu_user_milliseconds	966 cpu_system_milliseconds	0 minor_page_faults/s	0 major_page_faults/s	0 yields/s	4 preempts/s
56001 milliseconds	2960 MB/s	0 short_reads/s	0 short_writes_echo/s	34 cpu_user_milliseconds	964 cpu_system_milliseconds	0 minor_page_faults/s	0 major_page_faults/s	0 yields/s	6 preempts/s
57001 milliseconds	2896 MB/s	0 short_reads/s	0 short_writes_echo/s	33 cpu_user_milliseconds	965 cpu_system_milliseconds	0 minor_page_faults/s	0 major_page_faults/s	0 yields/s	6 preempts/s
58001 milliseconds	2943 MB/s	0 short_reads/s	0 short_writes_echo/s	26 cpu_user_milliseconds	972 cpu_system_milliseconds	0 minor_page_faults/s	0 major_page_faults/s	0 yields/s	7 preempts/s
59001 milliseconds	2915 MB/s	0 short_reads/s	0 short_writes_echo/s	32 cpu_user_milliseconds	966 cpu_system_milliseconds	0 minor_page_faults/s	0 major_page_faults/s	0 yields/s	6 preempts/s
60001 milliseconds	2877 MB/s	0 short_reads/s	0 short_writes_echo/s	26 cpu_user_milliseconds	970 cpu_system_milliseconds	0 minor_page_faults/s	0 major_page_faults/s	0 yields/s	27 preempts/s
61001 milliseconds	2829 MB/s	0 short_reads/s	0 short_writes_echo/s	32 cpu_user_milliseconds	964 cpu_system_milliseconds	0 minor_page_faults/s	0 major_page_faults/s	0 yields/s	27 preempts/s
62001 milliseconds	2843 MB/s	0 short_reads/s	0 short_writes_echo/s	31 cpu_user_milliseconds	967 cpu_system_milliseconds	0 minor_page_faults/s	0 major_page_faults/s	0 yields/s	9 preempts/s
63001 milliseconds	2822 MB/s	0 short_reads/s	0 short_writes_echo/s	24 cpu_user_milliseconds	975 cpu_system_milliseconds	0 minor_page_faults/s	0 major_page_faults/s	0 yields/s	4 preempts/s
64001 milliseconds	2841 MB/s	0 short_reads/s	0 short_writes_echo/s	23 cpu_user_milliseconds	975 cpu_system_milliseconds	0 minor_page_faults/s	0 major_page_faults/s	0 yields/s	6 preempts/s
65001 milliseconds	2965 MB/s	0 short_reads/s	0 short_writes_echo/s	34 cpu_user_milliseconds	964 cpu_system_milliseconds	0 minor_page_faults/s	0 major_page_faults/s	0 yields/s	6 preempts/s
66001 milliseconds	2959 MB/s	0 short_reads/s	0 short_writes_echo/s	39 cpu_user_milliseconds	959 cpu_system_milliseconds	0 minor_page_faults/s	0 major_page_faults/s	0 yields/s	4 preempts/s
67001 milliseconds	2906 MB/s	8 short_reads/s	0 short_writes_echo/s	25 cpu_user_milliseconds	973 cpu_system_milliseconds	0 minor_page_faults/s	0 major_page_faults/s	2 yields/s	7 preempts/s
68001 milliseconds	2891 MB/s	0 short_reads/s	0 short_writes_echo/s	24 cpu_user_milliseconds	974 cpu_system_milliseconds	0 minor_page_faults/s	0 major_page_faults/s	0 yields/s	5 preempts/s
69001 milliseconds	2958 MB/s	0 short_reads/s	0 short_writes_echo/s	34 cpu_user_milliseconds	964 cpu_system_milliseconds	0 minor_page_faults/s	0 major_page_faults/s	0 yields/s	8 preempts/s
70001 milliseconds	2960 MB/s	0 short_reads/s	0 short_writes_echo/s	32 cpu_user_milliseconds	966 cpu_system_milliseconds	0 minor_page_faults/s	0 major_page_faults/s	0 yields/s	4 preempts/s
71001 milliseconds	2959 MB/s	0 short_reads/s	0 short_writes_echo/s	30 cpu_user_milliseconds	968 cpu_system_milliseconds	0 minor_page_faults/s	0 major_page_faults/s	0 yields/s	7 preempts/s
72001 milliseconds	2832 MB/s	0 short_reads/s	0 short_writes_echo/s	24 cpu_user_milliseconds	974 cpu_system_milliseconds	0 minor_page_faults/s	0 major_page_faults/s	0 yields/s	7 preempts/s
73001 milliseconds	2947 MB/s	0 short_reads/s	0 short_writes_echo/s	34 cpu_user_milliseconds	964 cpu_system_milliseconds	0 minor_page_faults/s	0 major_page_faults/s	0 yields/s	7 preempts/s
74002 milliseconds	2904 MB/s	0 short_reads/s	0 short_writes_echo/s	27 cpu_user_milliseconds	972 cpu_system_milliseconds	0 minor_page_faults/s	0 major_page_faults/s	0 yields/s	6 preempts/s
75002 milliseconds	2895 MB/s	0 short_reads/s	0 short_writes_echo/s	22 cpu_user_milliseconds	973 cpu_system_milliseconds	0 minor_page_faults/s	0 major_page_faults/s	0 yields/s	36 preempts/s
76002 milliseconds	2952 MB/s	0 short_reads/s	0 short_writes_echo/s	30 cpu_user_milliseconds	966 cpu_system_milliseconds	0 minor_page_faults/s	0 major_page_faults/s	0 yields/s	24 preempts/s
77002 milliseconds	2874 MB/s	950 short_reads/s	0 short_writes_echo/s	34 cpu_user_milliseconds	960 cpu_system_milliseconds	0 minor_page_faults/s	0 major_page_faults/s	144 yields/s	29 preempts/s
78002 milliseconds	2960 MB/s	0 short_reads/s	0 short_writes_echo/s	23 cpu_user_milliseconds	974 cpu_system_milliseconds	0 minor_page_faults/s	0 major_page_faults/s	0 yields/s	25 preempts/s
79002 milliseconds	2946 MB/s	0 short_reads/s	0 short_writes_echo/s	38 cpu_user_milliseconds	958 cpu_system_milliseconds	0 minor_page_faults/s	0 major_page_faults/s	0 yields/s	28 preempts/s
80002 milliseconds	2846 MB/s	0 short_reads/s	0 short_writes_echo/s	32 cpu_user_milliseconds	966 cpu_system_milliseconds	0 minor_page_faults/s	0 major_page_faults/s	0 yields/s	4 preempts/s
81002 milliseconds	2953 MB/s	0 short_reads/s	0 short_writes_echo/s	20 cpu_user_milliseconds	976 cpu_system_milliseconds	0 minor_page_faults/s	0 major_page_faults/s	0 yields/s	28 preempts/s
82002 milliseconds	2863 MB/s	0 short_reads/s	0 short_writes_echo/s	33 cpu_user_milliseconds	965 cpu_system_milliseconds	0 minor_page_faults/s	0 major_page_faults/s	0 yields/s	4 preempts/s
83002 milliseconds	2947 MB/s	0 short_reads/s	0 short_writes_echo/s	27 cpu_user_milliseconds	965 cpu_system_milliseconds	0 minor_page_faults/s	0 major_page_faults/s	0 yields/s	66 preempts/s
84002 milliseconds	2952 MB/s	0 short_reads/s	0 short_writes_echo/s	35 cpu_user_milliseconds	961 cpu_system_milliseconds	0 minor_page_faults/s	0 major_page_faults/s	0 yields/s	25 preempts/s
85002 milliseconds	2808 MB/s	0 short_reads/s	0 short_writes_echo/s	37 cpu_user_milliseconds	961 cpu_system_milliseconds	0 minor_page_faults/s	0 major_page_faults/s	0 yields/s	5 preempts/s
86002 milliseconds	2843 MB/s	0 short_reads/s	0 short_writes_echo/s	27 cpu_user_milliseconds	971 cpu_system_milliseconds	0 minor_page_faults/s	0 major_page_faults/s	0 yields/s	4 preempts/s
87002 milliseconds	2855 MB/s	0 short_reads/s	0 short_writes_echo/s	35 cpu_user_milliseconds	963 cpu_system_milliseconds	0 minor_page_faults/s	0 major_page_faults/s	0 yields/s	2 preempts/s
88002 milliseconds	2955 MB/s	0 short_reads/s	0 short_writes_echo/s	42 cpu_user_milliseconds	956 cpu_system_milliseconds	0 minor_page_faults/s	0 major_page_faults/s	0 yields/s	5 preempts/s
89002 milliseconds	2929 MB/s	0 short_reads/s	0 short_writes_echo/s	28 cpu_user_milliseconds	970 cpu_system_milliseconds	0 minor_page_faults/s	0 major_page_faults/s	0 yields/s	5 preempts/s
90002 milliseconds	2804 MB/s	0 short_reads/s	0 short_writes_echo/s	37 cpu_user_milliseconds	961 cpu_system_milliseconds	0 minor_page_faults/s	0 major_page_faults/s	0 yields/s	7 preempts/s
91002 milliseconds	2879 MB/s	0 short_reads/s	0 short_writes_echo/s	31 cpu_user_milliseconds	967 cpu_system_milliseconds	0 minor_page_faults/s	0 major_page_faults/s	0 yields/s	2 preempts/s
92002 milliseconds	2887 MB/s	0 short_reads/s	0 short_writes_echo/s	22 cpu_user_milliseconds	977 cpu_system_milliseconds	0 minor_page_faults/s	0 major_page_faults/s	0 yields/s	7 preempts/s
93002 milliseconds	2908 MB/s	0 short_reads/s	0 short_writes_echo/s	34 cpu_user_milliseconds	964 cpu_system_milliseconds	0 minor_page_faults/s	0 major_page_faults/s	0 yields/s	7 preempts/s
94002 milliseconds	2945 MB/s	0 short_reads/s	0 short_writes_echo/s	36 cpu_user_milliseconds	961 cpu_system_milliseconds	0 minor_page_faults/s	0 major_page_faults/s	0 yields/s	17 preempts/s
95002 milliseconds	2931 MB/s	0 short_reads/s	0 short_writes_echo/s	43 cpu_user_milliseconds	955 cpu_system_milliseconds	0 minor_page_faults/s	0 major_page_faults/s	0 yields/s	7 preempts/s
96002 milliseconds	2898 MB/s	0 short_reads/s	0 short_writes_echo/s	36 cpu_user_milliseconds	962 cpu_system_milliseconds	0 minor_page_faults/s	0 major_page_faults/s	0 yields/s	6 preempts/s
97002 milliseconds	2845 MB/s	0 short_reads/s	0 short_writes_echo/s	36 cpu_user_milliseconds	962 cpu_system_milliseconds	0 minor_page_faults/s	0 major_page_faults/s	0 yields/s	10 preempts/s
98002 milliseconds	2948 MB/s	0 short_reads/s	0 short_writes_echo/s	29 cpu_user_milliseconds	970 cpu_system_milliseconds	0 minor_page_faults/s	0 major_page_faults/s	0 yields/s	1 preempts/s
99002 milliseconds	2893 MB/s	0 short_reads/s	0 short_writes_echo/s	26 cpu_user_milliseconds	973 cpu_system_milliseconds	0 minor_page_faults/s	0 major_page_faults/s	0 yields/s	3 preempts/s
100002 milliseconds	2960 MB/s	0 short_reads/s	0 short_writes_echo/s	27 cpu_user_milliseconds	969 cpu_system_milliseconds	0 minor_page_faults/s	0 major_page_faults/s	0 yields/s	29 preempts/s
101002 milliseconds	2942 MB/s	0 short_reads/s	0 short_writes_echo/s	33 cpu_user_milliseconds	965 cpu_system_milliseconds	0 minor_page_faults/s	0 major_page_faults/s	0 yields/s	6 preempts/s
102002 milliseconds	2907 MB/s	0 short_reads/s	0 short_writes_echo/s	28 cpu_user_milliseconds	968 cpu_system_milliseconds	0 minor_page_faults/s	0 major_page_faults/s	0 yields/s	27 preempts/s
103002 milliseconds	2940 MB/s	0 short_reads/s	0 short_writes_echo/s	33 cpu_user_milliseconds	965 cpu_system_milliseconds	0 minor_page_faults/s	0 major_page_faults/s	0 yields/s	4 preempts/s
104002 milliseconds	2943 MB/s	0 short_reads/s	0 short_writes_echo/s	40 cpu_user_milliseconds	956 cpu_system_milliseconds	0 minor_page_faults/s	0 major_page_faults/s	1 yields/s	5 preempts/s
105002 milliseconds	2946 MB/s	0 short_reads/s	0 short_writes_echo/s	30 cpu_user_milliseconds	968 cpu_system_milliseconds	0 minor_page_faults/s	0 major_page_faults/s	0 yields/s	7 preempts/s
106002 milliseconds	2906 MB/s	0 short_reads/s	0 short_writes_echo/s	26 cpu_user_milliseconds	972 cpu_system_milliseconds	0 minor_page_faults/s	0 major_page_faults/s	0 yields/s	6 preempts/s
107002 milliseconds	2820 MB/s	0 short_reads/s	0 short_writes_echo/s	27 cpu_user_milliseconds	971 cpu_system_milliseconds	0 minor_page_faults/s	0 major_page_faults/s	0 yields/s	7 preempts/s
108003 milliseconds	2817 MB/s	0 short_reads/s	0 short_writes_echo/s	37 cpu_user_milliseconds	960 cpu_system_milliseconds	0 minor_page_faults/s	0 major_page_faults/s	0 yields/s	22 preempts/s
109003 milliseconds	2914 MB/s	0 short_reads/s	0 short_writes_echo/s	37 cpu_user_milliseconds	959 cpu_system_milliseconds	0 minor_page_faults/s	0 major_page_faults/s	0 yields/s	32 preempts/s
110003 milliseconds	2961 MB/s	0 short_reads/s	0 short_writes_echo/s	34 cpu_user_milliseconds	962 cpu_system_milliseconds	0 minor_page_faults/s	0 major_page_faults/s	0 yields/s	25 preempts/s
111003 milliseconds	2897 MB/s	0 short_reads/s	0 short_writes_echo/s	44 cpu_user_milliseconds	954 cpu_system_milliseconds	0 minor_page_faults/s	0 major_page_faults/s	0 yields/s	5 preempts/s
112003 milliseconds	2890 MB/s	0 short_reads/s	0 short_writes_echo/s	29 cpu_user_milliseconds	970 cpu_system_milliseconds	0 minor_page_faults/s	0 major_page_faults/s	0 yields/s	4 preempts/s
113003 milliseconds	2861 MB/s	0 short_reads/s	0 short_writes_echo/s	24 cpu_user_milliseconds	975 cpu_system_milliseconds	0 minor_page_faults/s	0 major_page_faults/s	0 yields/s	6 preempts/s
114003 milliseconds	2918 MB/s	0 short_reads/s	0 short_writes_echo/s	33 cpu_user_milliseconds	963 cpu_system_milliseconds	0 minor_page_faults/s	0 major_page_faults/s	0 yields/s	25 preempts/s
115003 milliseconds	2924 MB/s	0 short_reads/s	0 short_writes_echo/s	30 cpu_user_milliseconds	968 cpu_system_milliseconds	0 minor_page_faults/s	0 major_page_faults/s	0 yields/s	5 preempts/s
116003 milliseconds	2947 MB/s	0 short_reads/s	0 short_writes_echo/s	41 cpu_user_milliseconds	957 cpu_system_milliseconds	0 minor_page_faults/s	0 major_page_faults/s	0 yields/s	2 preempts/s
117003 milliseconds	2824 MB/s	0 short_reads/s	0 short_writes_echo/s	24 cpu_user_milliseconds	974 cpu_system_milliseconds	0 minor_page_faults/s	0 major_page_faults/s	0 yields/s	9 preempts/s
118003 milliseconds	2949 MB/s	0 short_reads/s	0 short_writes_echo/s	25 cpu_user_milliseconds	974 cpu_system_milliseconds	0 minor_page_faults/s	0 major_page_faults/s	0 yields/s	5 preempts/s
119003 milliseconds	2942 MB/s	0 short_reads/s	0 short_writes_echo/s	37 cpu_user_milliseconds	958 cpu_system_milliseconds	0 minor_page_faults/s	0 major_page_faults/s	0 yields/s	50 preempts/s
120003 milliseconds	2959 MB/s	0 short_reads/s	0 short_writes_echo/s	33 cpu_user_milliseconds	963 cpu_system_milliseconds	0 minor_page_faults/s	0 major_page_faults/s	0 yields/s	28 preempts/s
121003 milliseconds	2961 MB/s	0 short_reads/s	0 short_writes_echo/s	21 cpu_user_milliseconds	978 cpu_system_milliseconds	0 minor_page_faults/s	0 major_page_faults/s	0 yields/s	7 preempts/s
122003 milliseconds	2904 MB/s	0 short_reads/s	0 short_writes_echo/s	32 cpu_user_milliseconds	966 cpu_system_milliseconds	0 minor_page_faults/s	0 major_page_faults/s	0 yields/s	10 preempts/s
123003 milliseconds	2942 MB/s	0 short_reads/s	0 short_writes_echo/s	25 cpu_user_milliseconds	970 cpu_system_milliseconds	0 minor_page_faults/s	0 major_page_faults/s	0 yields/s	46 preempts/s
124003 milliseconds	2922 MB/s	0 short_reads/s	0 short_writes_echo/s	36 cpu_user_milliseconds	963 cpu_system_milliseconds	0 minor_page_faults/s	0 major_page_faults/s	0 yields/s	8 preempts/s
125003 milliseconds	2896 MB/s	0 short_reads/s	0 short_writes_echo/s	32 cpu_user_milliseconds	966 cpu_system_milliseconds	0 minor_page_faults/s	0 major_page_faults/s	0 yields/s	8 preempts/s
126003 milliseconds	2902 MB/s	0 short_reads/s	0 short_writes_echo/s	23 cpu_user_milliseconds	973 cpu_system_milliseconds	0 minor_page_faults/s	0 major_page_faults/s	0 yields/s	32 preempts/s
127003 milliseconds	2888 MB/s	0 short_reads/s	0 short_writes_echo/s	28 cpu_user_milliseconds	970 cpu_system_milliseconds	0 minor_page_faults/s	0 major_page_faults/s	0 yields/s	4 preempts/s
128003 milliseconds	2900 MB/s	0 short_reads/s	0 short_writes_echo/s	36 cpu_user_milliseconds	963 cpu_system_milliseconds	0 minor_page_faults/s	0 major_page_faults/s	0 yields/s	6 preempts/s
129003 milliseconds	2953 MB/s	0 short_reads/s	0 short_writes_echo/s	39 cpu_user_milliseconds	959 cpu_system_milliseconds	0 minor_page_faults/s	0 major_page_faults/s	0 yields/s	7 preempts/s
130003 milliseconds	2958 MB/s	0 short_reads/s	0 short_writes_echo/s	27 cpu_user_milliseconds	971 cpu_system_milliseconds	0 minor_page_faults/s	0 major_page_faults/s	0 yields/s	5 preempts/s
131003 milliseconds	2938 MB/s	0 short_reads/s	0 short_writes_echo/s	29 cpu_user_milliseconds	968 cpu_system_milliseconds	0 minor_page_faults/s	0 major_page_faults/s	0 yields/s	24 preempts/s
132003 milliseconds	2856 MB/s	0 short_reads/s	0 short_writes_echo/s	30 cpu_user_milliseconds	968 cpu_system_milliseconds	0 minor_page_faults/s	0 major_page_faults/s	0 yields/s	5 preempts/s
133003 milliseconds	2871 MB/s	0 short_reads/s	0 short_writes_echo/s	27 cpu_user_milliseconds	971 cpu_system_milliseconds	0 minor_page_faults/s	0 major_page_faults/s	0 yields/s	7 preempts/s
134004 milliseconds	2944 MB/s	0 short_reads/s	0 short_writes_echo/s	31 cpu_user_milliseconds	967 cpu_system_milliseconds	0 minor_page_faults/s	0 major_page_faults/s	0 yields/s	4 preempts/s
135004 milliseconds	2910 MB/s	0 short_reads/s	0 short_writes_echo/s	32 cpu_user_milliseconds	966 cpu_system_milliseconds	0 minor_page_faults/s	0 major_page_faults/s	0 yields/s	5 preempts/s
136004 milliseconds	2849 MB/s	0 short_reads/s	0 short_writes_echo/s	35 cpu_user_milliseconds	962 cpu_system_milliseconds	0 minor_page_faults/s	0 major_page_faults/s	0 yields/s	17 preempts/s
137004 milliseconds	2890 MB/s	0 short_reads/s	0 short_writes_echo/s	30 cpu_user_milliseconds	967 cpu_system_milliseconds	0 minor_page_faults/s	0 major_page_faults/s	0 yields/s	17 preempts/s
138004 milliseconds	2936 MB/s	0 short_reads/s	0 short_writes_echo/s	31 cpu_user_milliseconds	966 cpu_system_milliseconds	0 minor_page_faults/s	0 major_page_faults/s	0 yields/s	21 preempts/s
139004 milliseconds	2881 MB/s	0 short_reads/s	0 short_writes_echo/s	37 cpu_user_milliseconds	961 cpu_system_milliseconds	0 minor_page_faults/s	0 major_page_faults/s	0 yields/s	6 preempts/s
140004 milliseconds	2924 MB/s	0 short_reads/s	0 short_writes_echo/s	24 cpu_user_milliseconds	975 cpu_system_milliseconds	0 minor_page_faults/s	0 major_page_faults/s	0 yields/s	5 preempts/s
141004 milliseconds	2938 MB/s	0 short_reads/s	0 short_writes_echo/s	29 cpu_user_milliseconds	967 cpu_system_milliseconds	0 minor_page_faults/s	0 major_page_faults/s	0 yields/s	27 preempts/s
142004 milliseconds	2919 MB/s	0 short_reads/s	0 short_writes_echo/s	29 cpu_user_milliseconds	968 cpu_system_milliseconds	0 minor_page_faults/s	0 major_page_faults/s	0 yields/s	23 preempts/s
143004 milliseconds	2920 MB/s	0 short_reads/s	0 short_writes_echo/s	38 cpu_user_milliseconds	960 cpu_system_milliseconds	0 minor_page_faults/s	0 major_page_faults/s	0 yields/s	5 preempts/s
144004 milliseconds	2934 MB/s	0 short_reads/s	0 short_writes_echo/s	33 cpu_user_milliseconds	963 cpu_system_milliseconds	0 minor_page_faults/s	0 major_page_faults/s	0 yields/s	27 preempts/s
145004 milliseconds	2855 MB/s	0 short_reads/s	0 short_writes_echo/s	30 cpu_user_milliseconds	968 cpu_system_milliseconds	0 minor_page_faults/s	0 major_page_faults/s	0 yields/s	5 preempts/s
146004 milliseconds	2852 MB/s	0 short_reads/s	0 short_writes_echo/s	37 cpu_user_milliseconds	961 cpu_system_milliseconds	0 minor_page_faults/s	0 major_page_faults/s	0 yields/s	9 preempts/s
147004 milliseconds	2757 MB/s	0 short_reads/s	0 short_writes_echo/s	26 cpu_user_milliseconds	972 cpu_system_milliseconds	0 minor_page_faults/s	0 major_page_faults/s	0 yields/s	10 preempts/s
148004 milliseconds	2913 MB/s	0 short_reads/s	0 short_writes_echo/s	25 cpu_user_milliseconds	973 cpu_system_milliseconds	0 minor_page_faults/s	0 major_page_faults/s	0 yields/s	14 preempts/s
149004 milliseconds	2948 MB/s	0 short_reads/s	0 short_writes_echo/s	23 cpu_user_milliseconds	974 cpu_system_milliseconds	0 minor_page_faults/s	0 major_page_faults/s	0 yields/s	27 preempts/s
150004 milliseconds	2842 MB/s	0 short_reads/s	0 short_writes_echo/s	35 cpu_user_milliseconds	961 cpu_system_milliseconds	0 minor_page_faults/s	0 major_page_faults/s	0 yields/s	27 preempts/s
151004 milliseconds	2948 MB/s	0 short_reads/s	0 short_writes_echo/s	34 cpu_user_milliseconds	964 cpu_system_milliseconds	0 minor_page_faults/s	0 major_page_faults/s	0 yields/s	3 preempts/s
152004 milliseconds	2890 MB/s	96 short_reads/s	0 short_writes_echo/s	39 cpu_user_milliseconds	960 cpu_system_milliseconds	0 minor_page_faults/s	0 major_page_faults/s	13 yields/s	7 preempts/s
153004 milliseconds	2920 MB/s	0 short_reads/s	0 short_writes_echo/s	37 cpu_user_milliseconds	961 cpu_system_milliseconds	0 minor_page_faults/s	0 major_page_faults/s	0 yields/s	5 preempts/s
154004 milliseconds	2878 MB/s	0 short_reads/s	0 short_writes_echo/s	28 cpu_user_milliseconds	968 cpu_system_milliseconds	0 minor_page_faults/s	0 major_page_faults/s	0 yields/s	27 preempts/s
155004 milliseconds	2942 MB/s	0 short_reads/s	0 short_writes_echo/s	28 cpu_user_milliseconds	968 cpu_system_milliseconds	0 minor_page_faults/s	0 major_page_faults/s	0 yields/s	26 preempts/s
156004 milliseconds	2868 MB/s	0 short_reads/s	0 short_writes_echo/s	33 cpu_user_milliseconds	965 cpu_system_milliseconds	0 minor_page_faults/s	0 major_page_faults/s	0 yields/s	11 preempts/s
157004 milliseconds	2793 MB/s	0 short_reads/s	0 short_writes_echo/s	35 cpu_user_milliseconds	963 cpu_system_milliseconds	0 minor_page_faults/s	0 major_page_faults/s	0 yields/s	7 preempts/s
158004 milliseconds	2802 MB/s	0 short_reads/s	0 short_writes_echo/s	37 cpu_user_milliseconds	961 cpu_system_milliseconds	0 minor_page_faults/s	0 major_page_faults/s	0 yields/s	10 preempts/s
159004 milliseconds	2946 MB/s	0 short_reads/s	0 short_writes_echo/s	40 cpu_user_milliseconds	958 cpu_system_milliseconds	0 minor_page_faults/s	0 major_page_faults/s	0 yields/s	2 preempts/s
160004 milliseconds	2802 MB/s	0 short_reads/s	0 short_writes_echo/s	33 cpu_user_milliseconds	960 cpu_system_milliseconds	0 minor_page_faults/s	0 major_page_faults/s	0 yields/s	69 preempts/s
161004 milliseconds	2940 MB/s	0 short_reads/s	0 short_writes_echo/s	23 cpu_user_milliseconds	976 cpu_system_milliseconds	0 minor_page_faults/s	0 major_page_faults/s	0 yields/s	7 preempts/s
162004 milliseconds	2774 MB/s	0 short_reads/s	0 short_writes_echo/s	37 cpu_user_milliseconds	961 cpu_system_milliseconds	0 minor_page_faults/s	0 major_page_faults/s	0 yields/s	5 preempts/s
163004 milliseconds	2952 MB/s	0 short_reads/s	0 short_writes_echo/s	29 cpu_user_milliseconds	968 cpu_system_milliseconds	0 minor_page_faults/s	0 major_page_faults/s	0 yields/s	24 preempts/s
164004 milliseconds	2941 MB/s	0 short_reads/s	0 short_writes_echo/s	26 cpu_user_milliseconds	972 cpu_system_milliseconds	0 minor_page_faults/s	0 major_page_faults/s	0 yields/s	4 preempts/s
165004 milliseconds	2941 MB/s	0 short_reads/s	0 short_writes_echo/s	29 cpu_user_milliseconds	969 cpu_system_milliseconds	0 minor_page_faults/s	0 major_page_faults/s	0 yields/s	6 preempts/s
166004 milliseconds	2945 MB/s	0 short_reads/s	0 short_writes_echo/s	30 cpu_user_milliseconds	968 cpu_system_milliseconds	0 minor_page_faults/s	0 major_page_faults/s	0 yields/s	7 preempts/s
167004 milliseconds	2854 MB/s	54 short_reads/s	0 short_writes_echo/s	23 cpu_user_milliseconds	972 cpu_system_milliseconds	0 minor_page_faults/s	0 major_page_faults/s	34 yields/s	7 preempts/s
168004 milliseconds	2954 MB/s	0 short_reads/s	0 short_writes_echo/s	25 cpu_user_milliseconds	973 cpu_system_milliseconds	0 minor_page_faults/s	0 major_page_faults/s	0 yields/s	5 preempts/s
169004 milliseconds	2946 MB/s	0 short_reads/s	0 short_writes_echo/s	22 cpu_user_milliseconds	974 cpu_system_milliseconds	0 minor_page_faults/s	0 major_page_faults/s	1 yields/s	8 preempts/s
170004 milliseconds	2971 MB/s	0 short_reads/s	0 short_writes_echo/s	29 cpu_user_milliseconds	969 cpu_system_milliseconds	0 minor_page_faults/s	0 major_page_faults/s	0 yields/s	5 preempts/s
171005 milliseconds	2932 MB/s	0 short_reads/s	0 short_writes_echo/s	31 cpu_user_milliseconds	967 cpu_system_milliseconds	0 minor_page_faults/s	0 major_page_faults/s	0 yields/s	7 preempts/s
172005 milliseconds	2859 MB/s	0 short_reads/s	0 short_writes_echo/s	27 cpu_user_milliseconds	966 cpu_system_milliseconds	0 minor_page_faults/s	0 major_page_faults/s	0 yields/s	60 preempts/s
173005 milliseconds	2904 MB/s	0 short_reads/s	0 short_writes_echo/s	32 cpu_user_milliseconds	964 cpu_system_milliseconds	0 minor_page_faults/s	0 major_page_faults/s	0 yields/s	26 preempts/s
174005 milliseconds	2939 MB/s	384 short_reads/s	0 short_writes_echo/s	43 cpu_user_milliseconds	952 cpu_system_milliseconds	0 minor_page_faults/s	0 major_page_faults/s	108 yields/s	4 preempts/s
175005 milliseconds	2826 MB/s	0 short_reads/s	0 short_writes_echo/s	29 cpu_user_milliseconds	967 cpu_system_milliseconds	0 minor_page_faults/s	0 major_page_faults/s	0 yields/s	34 preempts/s
176005 milliseconds	2938 MB/s	0 short_reads/s	0 short_writes_echo/s	25 cpu_user_milliseconds	973 cpu_system_milliseconds	0 minor_page_faults/s	0 major_page_faults/s	0 yields/s	4 preempts/s
177005 milliseconds	2809 MB/s	0 short_reads/s	0 short_writes_echo/s	30 cpu_user_milliseconds	968 cpu_system_milliseconds	0 minor_page_faults/s	0 major_page_faults/s	0 yields/s	4 preempts/s
178005 milliseconds	2954 MB/s	0 short_reads/s	0 short_writes_echo/s	31 cpu_user_milliseconds	967 cpu_system_milliseconds	0 minor_page_faults/s	0 major_page_faults/s	0 yields/s	6 preempts/s
179005 milliseconds	2950 MB/s	0 short_reads/s	0 short_writes_echo/s	31 cpu_user_milliseconds	967 cpu_system_milliseconds	0 minor_page_faults/s	0 major_page_faults/s	0 yields/s	4 preempts/s
180005 milliseconds	2937 MB/s	0 short_reads/s	0 short_writes_echo/s	38 cpu_user_milliseconds	960 cpu_system_milliseconds	0 minor_page_faults/s	0 major_page_faults/s	0 yields/s	6 preempts/s
181005 milliseconds	2964 MB/s	0 short_reads/s	0 short_writes_echo/s	34 cpu_user_milliseconds	964 cpu_system_milliseconds	0 minor_page_faults/s	0 major_page_faults/s	0 yields/s	4 preempts/s
182005 milliseconds	2766 MB/s	0 short_reads/s	0 short_writes_echo/s	21 cpu_user_milliseconds	975 cpu_system_milliseconds	0 minor_page_faults/s	0 major_page_faults/s	0 yields/s	28 preempts/s
183005 milliseconds	2917 MB/s	0 short_reads/s	0 short_writes_echo/s	30 cpu_user_milliseconds	967 cpu_system_milliseconds	0 minor_page_faults/s	0 major_page_faults/s	0 yields/s	25 preempts/s
184005 milliseconds	2956 MB/s	0 short_reads/s	0 short_writes_echo/s	34 cpu_user_milliseconds	965 cpu_system_milliseconds	0 minor_page_faults/s	0 major_page_faults/s	0 yields/s	15 preempts/s
185005 milliseconds	2885 MB/s	0 short_reads/s	0 short_writes_echo/s	34 cpu_user_milliseconds	964 cpu_system_milliseconds	0 minor_page_faults/s	0 major_page_faults/s	0 yields/s	8 preempts/s
186005 milliseconds	2961 MB/s	0 short_reads/s	0 short_writes_echo/s	36 cpu_user_milliseconds	962 cpu_system_milliseconds	0 minor_page_faults/s	0 major_page_faults/s	0 yields/s	7 preempts/s
187005 milliseconds	2896 MB/s	0 short_reads/s	0 short_writes_echo/s	36 cpu_user_milliseconds	962 cpu_system_milliseconds	0 minor_page_faults/s	0 major_page_faults/s	0 yields/s	8 preempts/s
188005 milliseconds	2943 MB/s	0 short_reads/s	0 short_writes_echo/s	31 cpu_user_milliseconds	966 cpu_system_milliseconds	0 minor_page_faults/s	0 major_page_faults/s	0 yields/s	27 preempts/s
189005 milliseconds	2943 MB/s	0 short_reads/s	0 short_writes_echo/s	24 cpu_user_milliseconds	972 cpu_system_milliseconds	0 minor_page_faults/s	0 major_page_faults/s	0 yields/s	29 preempts/s
190005 milliseconds	2950 MB/s	0 short_reads/s	0 short_writes_echo/s	34 cpu_user_milliseconds	964 cpu_system_milliseconds	0 minor_page_faults/s	0 major_page_faults/s	0 yields/s	6 preempts/s
191005 milliseconds	2945 MB/s	0 short_reads/s	0 short_writes_echo/s	35 cpu_user_milliseconds	963 cpu_system_milliseconds	0 minor_page_faults/s	0 major_page_faults/s	0 yields/s	6 preempts/s
192005 milliseconds	2802 MB/s	0 short_reads/s	0 short_writes_echo/s	23 cpu_user_milliseconds	976 cpu_system_milliseconds	0 minor_page_faults/s	0 major_page_faults/s	0 yields/s	6 preempts/s
193005 milliseconds	2932 MB/s	0 short_reads/s	0 short_writes_echo/s	27 cpu_user_milliseconds	971 cpu_system_milliseconds	0 minor_page_faults/s	0 major_page_faults/s	0 yields/s	7 preempts/s
194005 milliseconds	2929 MB/s	0 short_reads/s	0 short_writes_echo/s	23 cpu_user_milliseconds	975 cpu_system_milliseconds	0 minor_page_faults/s	0 major_page_faults/s	0 yields/s	9 preempts/s
195005 milliseconds	2946 MB/s	0 short_reads/s	0 short_writes_echo/s	27 cpu_user_milliseconds	970 cpu_system_milliseconds	0 minor_page_faults/s	0 major_page_faults/s	0 yields/s	24 preempts/s
196005 milliseconds	2944 MB/s	0 short_reads/s	0 short_writes_echo/s	27 cpu_user_milliseconds	972 cpu_system_milliseconds	0 minor_page_faults/s	0 major_page_faults/s	0 yields/s	8 preempts/s
197005 milliseconds	2861 MB/s	0 short_reads/s	0 short_writes_echo/s	23 cpu_user_milliseconds	975 cpu_system_milliseconds	0 minor_page_faults/s	0 major_page_faults/s	0 yields/s	6 preempts/s
198005 milliseconds	2946 MB/s	0 short_reads/s	0 short_writes_echo/s	28 cpu_user_milliseconds	970 cpu_system_milliseconds	0 minor_page_faults/s	0 major_page_faults/s	0 yields/s	6 preempts/s
199005 milliseconds	2943 MB/s	0 short_reads/s	0 short_writes_echo/s	27 cpu_user_milliseconds	971 cpu_system_milliseconds	0 minor_page_faults/s	0 major_page_faults/s	0 yields/s	6 preempts/s
200005 milliseconds	2841 MB/s	0 short_reads/s	0 short_writes_echo/s	43 cpu_user_milliseconds	953 cpu_system_milliseconds	0 minor_page_faults/s	0 major_page_faults/s	0 yields/s	25 preempts/s
201005 milliseconds	2937 MB/s	0 short_reads/s	0 short_writes_echo/s	25 cpu_user_milliseconds	973 cpu_system_milliseconds	0 minor_page_faults/s	0 major_page_faults/s	0 yields/s	9 preempts/s
202005 milliseconds	2897 MB/s	0 short_reads/s	0 short_writes_echo/s	25 cpu_user_milliseconds	973 cpu_system_milliseconds	0 minor_page_faults/s	0 major_page_faults/s	0 yields/s	7 preempts/s
203005 milliseconds	2960 MB/s	0 short_reads/s	0 short_writes_echo/s	35 cpu_user_milliseconds	963 cpu_system_milliseconds	0 minor_page_faults/s	0 major_page_faults/s	0 yields/s	1 preempts/s
204005 milliseconds	2967 MB/s	0 short_reads/s	0 short_writes_echo/s	29 cpu_user_milliseconds	969 cpu_system_milliseconds	0 minor_page_faults/s	0 major_page_faults/s	0 yields/s	3 preempts/s
205005 milliseconds	2964 MB/s	0 short_reads/s	0 short_writes_echo/s	34 cpu_user_milliseconds	964 cpu_system_milliseconds	0 minor_page_faults/s	0 major_page_faults/s	0 yields/s	3 preempts/s
206006 milliseconds	2962 MB/s	0 short_reads/s	0 short_writes_echo/s	34 cpu_user_milliseconds	964 cpu_system_milliseconds	0 minor_page_faults/s	0 major_page_faults/s	0 yields/s	4 preempts/s
207006 milliseconds	2940 MB/s	0 short_reads/s	0 short_writes_echo/s	32 cpu_user_milliseconds	966 cpu_system_milliseconds	0 minor_page_faults/s	0 major_page_faults/s	0 yields/s	2 preempts/s
208006 milliseconds	2955 MB/s	0 short_reads/s	0 short_writes_echo/s	31 cpu_user_milliseconds	967 cpu_system_milliseconds	0 minor_page_faults/s	0 major_page_faults/s	0 yields/s	4 preempts/s
209006 milliseconds	2840 MB/s	0 short_reads/s	0 short_writes_echo/s	32 cpu_user_milliseconds	966 cpu_system_milliseconds	0 minor_page_faults/s	0 major_page_faults/s	0 yields/s	7 preempts/s
210006 milliseconds	2859 MB/s	0 short_reads/s	0 short_writes_echo/s	30 cpu_user_milliseconds	968 cpu_system_milliseconds	0 minor_page_faults/s	0 major_page_faults/s	0 yields/s	7 preempts/s
211006 milliseconds	2934 MB/s	0 short_reads/s	0 short_writes_echo/s	28 cpu_user_milliseconds	970 cpu_system_milliseconds	0 minor_page_faults/s	0 major_page_faults/s	0 yields/s	6 preempts/s
212006 milliseconds	2815 MB/s	0 short_reads/s	0 short_writes_echo/s	21 cpu_user_milliseconds	975 cpu_system_milliseconds	0 minor_page_faults/s	0 major_page_faults/s	0 yields/s	25 preempts/s
213006 milliseconds	2917 MB/s	0 short_reads/s	0 short_writes_echo/s	24 cpu_user_milliseconds	972 cpu_system_milliseconds	0 minor_page_faults/s	0 major_page_faults/s	0 yields/s	30 preempts/s
214006 milliseconds	2887 MB/s	0 short_reads/s	0 short_writes_echo/s	24 cpu_user_milliseconds	974 cpu_system_milliseconds	0 minor_page_faults/s	0 major_page_faults/s	0 yields/s	7 preempts/s
215006 milliseconds	2947 MB/s	0 short_reads/s	0 short_writes_echo/s	27 cpu_user_milliseconds	972 cpu_system_milliseconds	0 minor_page_faults/s	0 major_page_faults/s	0 yields/s	1 preempts/s
216006 milliseconds	2831 MB/s	7 short_reads/s	0 short_writes_echo/s	30 cpu_user_milliseconds	968 cpu_system_milliseconds	0 minor_page_faults/s	0 major_page_faults/s	3 yields/s	6 preempts/s
217006 milliseconds	2869 MB/s	0 short_reads/s	0 short_writes_echo/s	33 cpu_user_milliseconds	965 cpu_system_milliseconds	0 minor_page_faults/s	0 major_page_faults/s	0 yields/s	4 preempts/s
218006 milliseconds	2951 MB/s	0 short_reads/s	0 short_writes_echo/s	38 cpu_user_milliseconds	960 cpu_system_milliseconds	0 minor_page_faults/s	0 major_page_faults/s	0 yields/s	2 preempts/s
219006 milliseconds	2937 MB/s	0 short_reads/s	0 short_writes_echo/s	39 cpu_user_milliseconds	959 cpu_system_milliseconds	0 minor_page_faults/s	0 major_page_faults/s	0 yields/s	4 preempts/s
220006 milliseconds	2938 MB/s	0 short_reads/s	0 short_writes_echo/s	27 cpu_user_milliseconds	971 cpu_system_milliseconds	0 minor_page_faults/s	0 major_page_faults/s	0 yields/s	4 preempts/s
221006 milliseconds	2862 MB/s	0 short_reads/s	0 short_writes_echo/s	34 cpu_user_milliseconds	964 cpu_system_milliseconds	0 minor_page_faults/s	0 major_page_faults/s	0 yields/s	5 preempts/s
222006 milliseconds	2862 MB/s	0 short_reads/s	0 short_writes_echo/s	38 cpu_user_milliseconds	960 cpu_system_milliseconds	0 minor_page_faults/s	0 major_page_faults/s	0 yields/s	8 preempts/s
223006 milliseconds	2965 MB/s	0 short_reads/s	0 short_writes_echo/s	26 cpu_user_milliseconds	974 cpu_system_milliseconds	0 minor_page_faults/s	0 major_page_faults/s	0 yields/s	1 preempts/s
224006 milliseconds	2911 MB/s	0 short_reads/s	0 short_writes_echo/s	34 cpu_user_milliseconds	964 cpu_system_milliseconds	0 minor_page_faults/s	0 major_page_faults/s	0 yields/s	6 preempts/s
225006 milliseconds	2930 MB/s	0 short_reads/s	0 short_writes_echo/s	31 cpu_user_milliseconds	967 cpu_system_milliseconds	0 minor_page_faults/s	0 major_page_faults/s	0 yields/s	6 preempts/s
226006 milliseconds	2940 MB/s	0 short_reads/s	0 short_writes_echo/s	28 cpu_user_milliseconds	971 cpu_system_milliseconds	0 minor_page_faults/s	0 major_page_faults/s	0 yields/s	4 preempts/s
227006 milliseconds	2908 MB/s	1584 short_reads/s	0 short_writes_echo/s	31 cpu_user_milliseconds	965 cpu_system_milliseconds	0 minor_page_faults/s	0 major_page_faults/s	250 yields/s	4 preempts/s
228006 milliseconds	2888 MB/s	0 short_reads/s	0 short_writes_echo/s	30 cpu_user_milliseconds	963 cpu_system_milliseconds	0 minor_page_faults/s	0 major_page_faults/s	0 yields/s	59 preempts/s
229006 milliseconds	2917 MB/s	0 short_reads/s	0 short_writes_echo/s	38 cpu_user_milliseconds	960 cpu_system_milliseconds	0 minor_page_faults/s	0 major_page_faults/s	0 yields/s	5 preempts/s
230006 milliseconds	2864 MB/s	0 short_reads/s	0 short_writes_echo/s	46 cpu_user_milliseconds	952 cpu_system_milliseconds	0 minor_page_faults/s	0 major_page_faults/s	0 yields/s	11 preempts/s
231006 milliseconds	2857 MB/s	0 short_reads/s	0 short_writes_echo/s	27 cpu_user_milliseconds	969 cpu_system_milliseconds	0 minor_page_faults/s	0 major_page_faults/s	0 yields/s	24 preempts/s
232006 milliseconds	2900 MB/s	0 short_reads/s	0 short_writes_echo/s	30 cpu_user_milliseconds	968 cpu_system_milliseconds	0 minor_page_faults/s	0 major_page_faults/s	0 yields/s	3 preempts/s
233006 milliseconds	2846 MB/s	0 short_reads/s	0 short_writes_echo/s	36 cpu_user_milliseconds	959 cpu_system_milliseconds	0 minor_page_faults/s	0 major_page_faults/s	0 yields/s	29 preempts/s
234006 milliseconds	2883 MB/s	0 short_reads/s	0 short_writes_echo/s	40 cpu_user_milliseconds	958 cpu_system_milliseconds	0 minor_page_faults/s	0 major_page_faults/s	0 yields/s	5 preempts/s
235006 milliseconds	2945 MB/s	0 short_reads/s	0 short_writes_echo/s	36 cpu_user_milliseconds	962 cpu_system_milliseconds	0 minor_page_faults/s	0 major_page_faults/s	0 yields/s	3 preempts/s
236006 milliseconds	2934 MB/s	0 short_reads/s	0 short_writes_echo/s	35 cpu_user_milliseconds	961 cpu_system_milliseconds	0 minor_page_faults/s	0 major_page_faults/s	0 yields/s	22 preempts/s
237006 milliseconds	2860 MB/s	0 short_reads/s	0 short_writes_echo/s	30 cpu_user_milliseconds	968 cpu_system_milliseconds	0 minor_page_faults/s	0 major_page_faults/s	0 yields/s	5 preempts/s
238006 milliseconds	2927 MB/s	0 short_reads/s	0 short_writes_echo/s	27 cpu_user_milliseconds	971 cpu_system_milliseconds	0 minor_page_faults/s	0 major_page_faults/s	0 yields/s	4 preempts/s
239006 milliseconds	2875 MB/s	0 short_reads/s	0 short_writes_echo/s	35 cpu_user_milliseconds	961 cpu_system_milliseconds	0 minor_page_faults/s	0 major_page_faults/s	0 yields/s	28 preempts/s
240006 milliseconds	2821 MB/s	0 short_reads/s	0 short_writes_echo/s	24 cpu_user_milliseconds	972 cpu_system_milliseconds	0 minor_page_faults/s	0 major_page_faults/s	0 yields/s	26 preempts/s
