1000 milliseconds	3875 MB/s	4643 short_reads/s	0 short_writes_echo/s	55 cpu_user_milliseconds	940 cpu_system_milliseconds	208 minor_page_faults/s	0 major_page_faults/s	214 yields/s	6 preempts/s
2000 milliseconds	3992 MB/s	594 short_reads/s	0 short_writes_echo/s	44 cpu_user_milliseconds	951 cpu_system_milliseconds	2 minor_page_faults/s	0 major_page_faults/s	251 yields/s	6 preempts/s
3000 milliseconds	3945 MB/s	2129 short_reads/s	0 short_writes_echo/s	49 cpu_user_milliseconds	949 cpu_system_milliseconds	0 minor_page_faults/s	0 major_page_faults/s	125 yields/s	2 preempts/s
4000 milliseconds	3975 MB/s	3125 short_reads/s	0 short_writes_echo/s	44 cpu_user_milliseconds	951 cpu_system_milliseconds	0 minor_page_faults/s	0 major_page_faults/s	275 yields/s	3 preempts/s
5000 milliseconds	3939 MB/s	4607 short_reads/s	0 short_writes_echo/s	50 cpu_user_milliseconds	944 cpu_system_milliseconds	0 minor_page_faults/s	0 major_page_faults/s	289 yields/s	4 preempts/s
6000 milliseconds	3883 MB/s	5815 short_reads/s	0 short_writes_echo/s	50 cpu_user_milliseconds	938 cpu_system_milliseconds	0 minor_page_faults/s	0 major_page_faults/s	1301 yields/s	1 preempts/s
7000 milliseconds	3954 MB/s	3428 short_reads/s	0 short_writes_echo/s	52 cpu_user_milliseconds	943 cpu_system_milliseconds	0 minor_page_faults/s	0 major_page_faults/s	259 yields/s	3 preempts/s
8000 milliseconds	3939 MB/s	3308 short_reads/s	0 short_writes_echo/s	58 cpu_user_milliseconds	939 cpu_system_milliseconds	0 minor_page_faults/s	0 major_page_faults/s	209 yields/s	2 preempts/s
9000 milliseconds	3825 MB/s	4167 short_reads/s	0 short_writes_echo/s	44 cpu_user_milliseconds	943 cpu_system_milliseconds	0 minor_page_faults/s	0 major_page_faults/s	826 yields/s	4 preempts/s
10000 milliseconds	3955 MB/s	4388 short_reads/s	0 short_writes_echo/s	51 cpu_user_milliseconds	943 cpu_system_milliseconds	0 minor_page_faults/s	0 major_page_faults/s	287 yields/s	23 preempts/s
11000 milliseconds	3901 MB/s	2097 short_reads/s	0 short_writes_echo/s	44 cpu_user_milliseconds	946 cpu_system_milliseconds	0 minor_page_faults/s	0 major_page_faults/s	883 yields/s	0 preempts/s
12000 milliseconds	3987 MB/s	665 short_reads/s	0 short_writes_echo/s	46 cpu_user_milliseconds	951 cpu_system_milliseconds	0 minor_page_faults/s	0 major_page_faults/s	116 yields/s	8 preempts/s
13000 milliseconds	3970 MB/s	870 short_reads/s	0 short_writes_echo/s	44 cpu_user_milliseconds	950 cpu_system_milliseconds	0 minor_page_faults/s	0 major_page_faults/s	373 yields/s	4 preempts/s
14000 milliseconds	3916 MB/s	4739 short_reads/s	0 short_writes_echo/s	54 cpu_user_milliseconds	941 cpu_system_milliseconds	0 minor_page_faults/s	0 major_page_faults/s	679 yields/s	5 preempts/s
15000 milliseconds	3961 MB/s	2874 short_reads/s	0 short_writes_echo/s	57 cpu_user_milliseconds	939 cpu_system_milliseconds	0 minor_page_faults/s	0 major_page_faults/s	301 yields/s	6 preempts/s
16000 milliseconds	3892 MB/s	1790 short_reads/s	0 short_writes_echo/s	47 cpu_user_milliseconds	941 cpu_system_milliseconds	0 minor_page_faults/s	0 major_page_faults/s	889 yields/s	3 preempts/s
17000 milliseconds	3936 MB/s	5329 short_reads/s	0 short_writes_echo/s	46 cpu_user_milliseconds	949 cpu_system_milliseconds	0 minor_page_faults/s	0 major_page_faults/s	300 yields/s	14 preempts/s
18000 milliseconds	3981 MB/s	1112 short_reads/s	0 short_writes_echo/s	51 cpu_user_milliseconds	934 cpu_system_milliseconds	0 minor_page_faults/s	0 major_page_faults/s	988 yields/s	27 preempts/s
19000 milliseconds	3942 MB/s	3511 short_reads/s	0 short_writes_echo/s	65 cpu_user_milliseconds	927 cpu_system_milliseconds	0 minor_page_faults/s	0 major_page_faults/s	761 yields/s	25 preempts/s
20000 milliseconds	4007 MB/s	437 short_reads/s	0 short_writes_echo/s	49 cpu_user_milliseconds	945 cpu_system_milliseconds	0 minor_page_faults/s	0 major_page_faults/s	234 yields/s	2 preempts/s
21000 milliseconds	3832 MB/s	6616 short_reads/s	0 short_writes_echo/s	59 cpu_user_milliseconds	929 cpu_system_milliseconds	0 minor_page_faults/s	0 major_page_faults/s	931 yields/s	14 preempts/s
22000 milliseconds	3983 MB/s	1338 short_reads/s	0 short_writes_echo/s	56 cpu_user_milliseconds	925 cpu_system_milliseconds	0 minor_page_faults/s	0 major_page_faults/s	1502 yields/s	7 preempts/s
23000 milliseconds	3923 MB/s	5947 short_reads/s	0 short_writes_echo/s	42 cpu_user_milliseconds	951 cpu_system_milliseconds	0 minor_page_faults/s	0 major_page_faults/s	348 yields/s	23 preempts/s
24000 milliseconds	3981 MB/s	1415 short_reads/s	0 short_writes_echo/s	53 cpu_user_milliseconds	942 cpu_system_milliseconds	0 minor_page_faults/s	0 major_page_faults/s	277 yields/s	0 preempts/s
25000 milliseconds	3957 MB/s	2528 short_reads/s	0 short_writes_echo/s	55 cpu_user_milliseconds	941 cpu_system_milliseconds	0 minor_page_faults/s	0 major_page_faults/s	269 yields/s	1 preempts/s
26000 milliseconds	3875 MB/s	5607 short_reads/s	0 short_writes_echo/s	51 cpu_user_milliseconds	937 cpu_system_milliseconds	0 minor_page_faults/s	0 major_page_faults/s	990 yields/s	5 preempts/s
27000 milliseconds	4010 MB/s	528 short_reads/s	0 short_writes_echo/s	44 cpu_user_milliseconds	951 cpu_system_milliseconds	0 minor_page_faults/s	0 major_page_faults/s	297 yields/s	0 preempts/s
28000 milliseconds	3959 MB/s	3872 short_reads/s	0 short_writes_echo/s	43 cpu_user_milliseconds	952 cpu_system_milliseconds	0 minor_page_faults/s	0 major_page_faults/s	334 yields/s	2 preempts/s
29000 milliseconds	3916 MB/s	7729 short_reads/s	0 short_writes_echo/s	53 cpu_user_milliseconds	939 cpu_system_milliseconds	0 minor_page_faults/s	0 major_page_faults/s	332 yields/s	48 preempts/s
30000 milliseconds	3953 MB/s	5363 short_reads/s	0 short_writes_echo/s	65 cpu_user_milliseconds	933 cpu_system_milliseconds	0 minor_page_faults/s	0 major_page_faults/s	171 yields/s	1 preempts/s
31000 milliseconds	3852 MB/s	8936 short_reads/s	0 short_writes_echo/s	53 cpu_user_milliseconds	939 cpu_system_milliseconds	0 minor_page_faults/s	0 major_page_faults/s	413 yields/s	28 preempts/s
32000 milliseconds	3852 MB/s	5955 short_reads/s	0 short_writes_echo/s	55 cpu_user_milliseconds	939 cpu_system_milliseconds	0 minor_page_faults/s	0 major_page_faults/s	370 yields/s	8 preempts/s
33000 milliseconds	3970 MB/s	2525 short_reads/s	0 short_writes_echo/s	53 cpu_user_milliseconds	944 cpu_system_milliseconds	0 minor_page_faults/s	0 major_page_faults/s	187 yields/s	4 preempts/s
34000 milliseconds	3997 MB/s	583 short_reads/s	0 short_writes_echo/s	52 cpu_user_milliseconds	942 cpu_system_milliseconds	0 minor_page_faults/s	0 major_page_faults/s	211 yields/s	4 preempts/s
35000 milliseconds	3992 MB/s	664 short_reads/s	0 short_writes_echo/s	52 cpu_user_milliseconds	946 cpu_system_milliseconds	0 minor_page_faults/s	0 major_page_faults/s	106 yields/s	8 preempts/s
36000 milliseconds	3935 MB/s	576 short_reads/s	0 short_writes_echo/s	51 cpu_user_milliseconds	940 cpu_system_milliseconds	0 minor_page_faults/s	0 major_page_faults/s	653 yields/s	5 preempts/s
37000 milliseconds	3988 MB/s	430 short_reads/s	0 short_writes_echo/s	54 cpu_user_milliseconds	940 cpu_system_milliseconds	0 minor_page_faults/s	0 major_page_faults/s	230 yields/s	2 preempts/s
38000 milliseconds	3975 MB/s	1224 short_reads/s	0 short_writes_echo/s	49 cpu_user_milliseconds	945 cpu_system_milliseconds	0 minor_page_faults/s	0 major_page_faults/s	223 yields/s	3 preempts/s
39000 milliseconds	3981 MB/s	790 short_reads/s	0 short_writes_echo/s	53 cpu_user_milliseconds	941 cpu_system_milliseconds	0 minor_page_faults/s	0 major_page_faults/s	233 yields/s	2 preempts/s
40000 milliseconds	4010 MB/s	108 short_reads/s	0 short_writes_echo/s	61 cpu_user_milliseconds	933 cpu_system_milliseconds	0 minor_page_faults/s	0 major_page_faults/s	186 yields/s	1 preempts/s
41000 milliseconds	3844 MB/s	5879 short_reads/s	0 short_writes_echo/s	50 cpu_user_milliseconds	940 cpu_system_milliseconds	0 minor_page_faults/s	0 major_page_faults/s	660 yields/s	3 preempts/s
42000 milliseconds	3996 MB/s	1583 short_reads/s	0 short_writes_echo/s	43 cpu_user_milliseconds	953 cpu_system_milliseconds	0 minor_page_faults/s	0 major_page_faults/s	248 yields/s	6 preempts/s
43000 milliseconds	3952 MB/s	2909 short_reads/s	0 short_writes_echo/s	56 cpu_user_milliseconds	939 cpu_system_milliseconds	0 minor_page_faults/s	0 major_page_faults/s	402 yields/s	6 preempts/s
44000 milliseconds	3937 MB/s	4118 short_reads/s	0 short_writes_echo/s	38 cpu_user_milliseconds	959 cpu_system_milliseconds	0 minor_page_faults/s	0 major_page_faults/s	266 yields/s	5 preempts/s
45000 milliseconds	4001 MB/s	792 short_reads/s	0 short_writes_echo/s	53 cpu_user_milliseconds	941 cpu_system_milliseconds	0 minor_page_faults/s	0 major_page_faults/s	374 yields/s	6 preempts/s
46000 milliseconds	3901 MB/s	905 short_reads/s	0 short_writes_echo/s	46 cpu_user_milliseconds	941 cpu_system_milliseconds	0 minor_page_faults/s	0 major_page_faults/s	666 yields/s	1 preempts/s
47000 milliseconds	3946 MB/s	2064 short_reads/s	0 short_writes_echo/s	67 cpu_user_milliseconds	930 cpu_system_milliseconds	0 minor_page_faults/s	0 major_page_faults/s	189 yields/s	2 preempts/s
48000 milliseconds	4003 MB/s	676 short_reads/s	0 short_writes_echo/s	44 cpu_user_milliseconds	952 cpu_system_milliseconds	0 minor_page_faults/s	0 major_page_faults/s	200 yields/s	2 preempts/s
49000 milliseconds	3885 MB/s	4115 short_reads/s	0 short_writes_echo/s	51 cpu_user_milliseconds	941 cpu_system_milliseconds	0 minor_page_faults/s	0 major_page_faults/s	291 yields/s	5 preempts/s
50000 milliseconds	3979 MB/s	1637 short_reads/s	0 short_writes_echo/s	49 cpu_user_milliseconds	947 cpu_system_milliseconds	0 minor_page_faults/s	0 major_page_faults/s	275 yields/s	4 preempts/s
51000 milliseconds	3844 MB/s	8732 short_reads/s	0 short_writes_echo/s	65 cpu_user_milliseconds	923 cpu_system_milliseconds	0 minor_page_faults/s	0 major_page_faults/s	958 yields/s	30 preempts/s
52000 milliseconds	3961 MB/s	4964 short_reads/s	0 short_writes_echo/s	51 cpu_user_milliseconds	944 cpu_system_milliseconds	0 minor_page_faults/s	0 major_page_faults/s	229 yields/s	25 preempts/s
53000 milliseconds	3975 MB/s	618 short_reads/s	0 short_writes_echo/s	50 cpu_user_milliseconds	941 cpu_system_milliseconds	0 minor_page_faults/s	0 major_page_faults/s	324 yields/s	45 preempts/s
54000 milliseconds	3982 MB/s	841 short_reads/s	0 short_writes_echo/s	54 cpu_user_milliseconds	943 cpu_system_milliseconds	0 minor_page_faults/s	0 major_page_faults/s	219 yields/s	4 preempts/s
55000 milliseconds	4006 MB/s	446 short_reads/s	0 short_writes_echo/s	42 cpu_user_milliseconds	952 cpu_system_milliseconds	0 minor_page_faults/s	0 major_page_faults/s	216 yields/s	5 preempts/s
56000 milliseconds	3922 MB/s	1277 short_reads/s	0 short_writes_echo/s	53 cpu_user_milliseconds	933 cpu_system_milliseconds	0 minor_page_faults/s	0 major_page_faults/s	1122 yields/s	4 preempts/s
57000 milliseconds	4011 MB/s	879 short_reads/s	0 short_writes_echo/s	56 cpu_user_milliseconds	939 cpu_system_milliseconds	0 minor_page_faults/s	0 major_page_faults/s	379 yields/s	1 preempts/s
58000 milliseconds	3893 MB/s	1250 short_reads/s	0 short_writes_echo/s	56 cpu_user_milliseconds	922 cpu_system_milliseconds	0 minor_page_faults/s	0 major_page_faults/s	941 yields/s	1 preempts/s
59000 milliseconds	4010 MB/s	466 short_reads/s	0 short_writes_echo/s	43 cpu_user_milliseconds	954 cpu_system_milliseconds	0 minor_page_faults/s	0 major_page_faults/s	112 yields/s	2 preempts/s
60000 milliseconds	3994 MB/s	791 short_reads/s	0 short_writes_echo/s	37 cpu_user_milliseconds	960 cpu_system_milliseconds	0 minor_page_faults/s	0 major_page_faults/s	243 yields/s	1 preempts/s
61000 milliseconds	3916 MB/s	1087 short_reads/s	0 short_writes_echo/s	53 cpu_user_milliseconds	928 cpu_system_milliseconds	0 minor_page_faults/s	0 major_page_faults/s	1235 yields/s	0 preempts/s
62000 milliseconds	3995 MB/s	262 short_reads/s	0 short_writes_echo/s	62 cpu_user_milliseconds	932 cpu_system_milliseconds	0 minor_page_faults/s	0 major_page_faults/s	197 yields/s	0 preempts/s
63000 milliseconds	4017 MB/s	270 short_reads/s	0 short_writes_echo/s	53 cpu_user_milliseconds	942 cpu_system_milliseconds	0 minor_page_faults/s	0 major_page_faults/s	203 yields/s	7 preempts/s
64000 milliseconds	4020 MB/s	167 short_reads/s	0 short_writes_echo/s	54 cpu_user_milliseconds	942 cpu_system_milliseconds	0 minor_page_faults/s	0 major_page_faults/s	178 yields/s	2 preempts/s
65000 milliseconds	3970 MB/s	1006 short_reads/s	0 short_writes_echo/s	70 cpu_user_milliseconds	926 cpu_system_milliseconds	0 minor_page_faults/s	0 major_page_faults/s	285 yields/s	0 preempts/s
66000 milliseconds	3910 MB/s	1839 short_reads/s	0 short_writes_echo/s	50 cpu_user_milliseconds	935 cpu_system_milliseconds	0 minor_page_faults/s	0 major_page_faults/s	981 yields/s	4 preempts/s
67000 milliseconds	3977 MB/s	1392 short_reads/s	0 short_writes_echo/s	43 cpu_user_milliseconds	953 cpu_system_milliseconds	0 minor_page_faults/s	0 major_page_faults/s	227 yields/s	2 preempts/s
68000 milliseconds	3982 MB/s	1104 short_reads/s	0 short_writes_echo/s	45 cpu_user_milliseconds	952 cpu_system_milliseconds	0 minor_page_faults/s	0 major_page_faults/s	205 yields/s	0 preempts/s
69000 milliseconds	3874 MB/s	1055 short_reads/s	0 short_writes_echo/s	53 cpu_user_milliseconds	934 cpu_system_milliseconds	0 minor_page_faults/s	0 major_page_faults/s	537 yields/s	3 preempts/s
70001 milliseconds	4009 MB/s	438 short_reads/s	0 short_writes_echo/s	64 cpu_user_milliseconds	932 cpu_system_milliseconds	0 minor_page_faults/s	0 major_page_faults/s	197 yields/s	3 preempts/s
71001 milliseconds	3880 MB/s	1703 short_reads/s	0 short_writes_echo/s	58 cpu_user_milliseconds	937 cpu_system_milliseconds	0 minor_page_faults/s	0 major_page_faults/s	162 yields/s	7 preempts/s
72001 milliseconds	4009 MB/s	902 short_reads/s	0 short_writes_echo/s	57 cpu_user_milliseconds	938 cpu_system_milliseconds	0 minor_page_faults/s	0 major_page_faults/s	424 yields/s	3 preempts/s
73001 milliseconds	3908 MB/s	3637 short_reads/s	0 short_writes_echo/s	56 cpu_user_milliseconds	929 cpu_system_milliseconds	0 minor_page_faults/s	0 major_page_faults/s	1077 yields/s	28 preempts/s
74001 milliseconds	3948 MB/s	5236 short_reads/s	0 short_writes_echo/s	49 cpu_user_milliseconds	940 cpu_system_milliseconds	0 minor_page_faults/s	0 major_page_faults/s	656 yields/s	25 preempts/s
75001 milliseconds	3988 MB/s	1549 short_reads/s	0 short_writes_echo/s	54 cpu_user_milliseconds	939 cpu_system_milliseconds	0 minor_page_faults/s	0 major_page_faults/s	627 yields/s	6 preempts/s
76001 milliseconds	3891 MB/s	2277 short_reads/s	0 short_writes_echo/s	62 cpu_user_milliseconds	922 cpu_system_milliseconds	0 minor_page_faults/s	0 major_page_faults/s	1060 yields/s	4 preempts/s
77001 milliseconds	3951 MB/s	4493 short_reads/s	0 short_writes_echo/s	46 cpu_user_milliseconds	951 cpu_system_milliseconds	0 minor_page_faults/s	0 major_page_faults/s	269 yields/s	0 preempts/s
78001 milliseconds	4017 MB/s	741 short_reads/s	0 short_writes_echo/s	53 cpu_user_milliseconds	943 cpu_system_milliseconds	0 minor_page_faults/s	0 major_page_faults/s	262 yields/s	4 preempts/s
79001 milliseconds	3957 MB/s	3382 short_reads/s	0 short_writes_echo/s	57 cpu_user_milliseconds	937 cpu_system_milliseconds	0 minor_page_faults/s	0 major_page_faults/s	402 yields/s	3 preempts/s
80001 milliseconds	3986 MB/s	1960 short_reads/s	0 short_writes_echo/s	46 cpu_user_milliseconds	947 cpu_system_milliseconds	0 minor_page_faults/s	0 major_page_faults/s	293 yields/s	20 preempts/s
81001 milliseconds	3852 MB/s	3615 short_reads/s	0 short_writes_echo/s	45 cpu_user_milliseconds	940 cpu_system_milliseconds	0 minor_page_faults/s	0 major_page_faults/s	802 yields/s	66 preempts/s
82001 milliseconds	3935 MB/s	5570 short_reads/s	0 short_writes_echo/s	43 cpu_user_milliseconds	952 cpu_system_milliseconds	0 minor_page_faults/s	0 major_page_faults/s	263 yields/s	22 preempts/s
83001 milliseconds	3967 MB/s	3608 short_reads/s	0 short_writes_echo/s	54 cpu_user_milliseconds	943 cpu_system_milliseconds	0 minor_page_faults/s	0 major_page_faults/s	287 yields/s	2 preempts/s
84001 milliseconds	3966 MB/s	1600 short_reads/s	0 short_writes_echo/s	51 cpu_user_milliseconds	939 cpu_system_milliseconds	0 minor_page_faults/s	0 major_page_faults/s	624 yields/s	26 preempts/s
85001 milliseconds	3914 MB/s	5174 short_reads/s	0 short_writes_echo/s	38 cpu_user_milliseconds	954 cpu_system_milliseconds	0 minor_page_faults/s	0 major_page_faults/s	420 yields/s	33 preempts/s
86001 milliseconds	3897 MB/s	2367 short_reads/s	0 short_writes_echo/s	46 cpu_user_milliseconds	944 cpu_system_milliseconds	0 minor_page_faults/s	0 major_page_faults/s	682 yields/s	5 preempts/s
87001 milliseconds	4019 MB/s	379 short_reads/s	0 short_writes_echo/s	50 cpu_user_milliseconds	946 cpu_system_milliseconds	0 minor_page_faults/s	0 major_page_faults/s	282 yields/s	7 preempts/s
88001 milliseconds	4022 MB/s	451 short_reads/s	0 short_writes_echo/s	59 cpu_user_milliseconds	937 cpu_system_milliseconds	0 minor_page_faults/s	0 major_page_faults/s	247 yields/s	2 preempts/s
89001 milliseconds	4021 MB/s	145 short_reads/s	0 short_writes_echo/s	63 cpu_user_milliseconds	933 cpu_system_milliseconds	0 minor_page_faults/s	0 major_page_faults/s	274 yields/s	3 preempts/s
90001 milliseconds	4006 MB/s	521 short_reads/s	0 short_writes_echo/s	46 cpu_user_milliseconds	950 cpu_system_milliseconds	0 minor_page_faults/s	0 major_page_faults/s	204 yields/s	5 preempts/s
91001 milliseconds	3887 MB/s	2884 short_reads/s	0 short_writes_echo/s	53 cpu_user_milliseconds	940 cpu_system_milliseconds	0 minor_page_faults/s	0 major_page_faults/s	703 yields/s	5 preempts/s
92001 milliseconds	3889 MB/s	1562 short_reads/s	0 short_writes_echo/s	54 cpu_user_milliseconds	928 cpu_system_milliseconds	0 minor_page_faults/s	0 major_page_faults/s	881 yields/s	4 preempts/s
93001 milliseconds	3985 MB/s	849 short_reads/s	0 short_writes_echo/s	47 cpu_user_milliseconds	947 cpu_system_milliseconds	0 minor_page_faults/s	0 major_page_faults/s	482 yields/s	1 preempts/s
94001 milliseconds	4009 MB/s	757 short_reads/s	0 short_writes_echo/s	37 cpu_user_milliseconds	960 cpu_system_milliseconds	0 minor_page_faults/s	0 major_page_faults/s	154 yields/s	0 preempts/s
95001 milliseconds	3987 MB/s	1151 short_reads/s	0 short_writes_echo/s	57 cpu_user_milliseconds	940 cpu_system_milliseconds	0 minor_page_faults/s	0 major_page_faults/s	206 yields/s	2 preempts/s
96001 milliseconds	3926 MB/s	2552 short_reads/s	0 short_writes_echo/s	43 cpu_user_milliseconds	941 cpu_system_milliseconds	0 minor_page_faults/s	0 major_page_faults/s	1532 yields/s	2 preempts/s
97001 milliseconds	4014 MB/s	773 short_reads/s	0 short_writes_echo/s	47 cpu_user_milliseconds	947 cpu_system_milliseconds	0 minor_page_faults/s	0 major_page_faults/s	432 yields/s	2 preempts/s
98001 milliseconds	4023 MB/s	413 short_reads/s	0 short_writes_echo/s	47 cpu_user_milliseconds	948 cpu_system_milliseconds	0 minor_page_faults/s	0 major_page_faults/s	298 yields/s	1 preempts/s
99001 milliseconds	3993 MB/s	642 short_reads/s	0 short_writes_echo/s	52 cpu_user_milliseconds	943 cpu_system_milliseconds	0 minor_page_faults/s	0 major_page_faults/s	146 yields/s	3 preempts/s
100001 milliseconds	4028 MB/s	272 short_reads/s	0 short_writes_echo/s	62 cpu_user_milliseconds	933 cpu_system_milliseconds	0 minor_page_faults/s	0 major_page_faults/s	195 yields/s	5 preempts/s
101001 milliseconds	3821 MB/s	5893 short_reads/s	0 short_writes_echo/s	54 cpu_user_milliseconds	936 cpu_system_milliseconds	0 minor_page_faults/s	0 major_page_faults/s	752 yields/s	7 preempts/s
102001 milliseconds	3915 MB/s	1252 short_reads/s	0 short_writes_echo/s	57 cpu_user_milliseconds	934 cpu_system_milliseconds	0 minor_page_faults/s	0 major_page_faults/s	577 yields/s	1 preempts/s
103001 milliseconds	4004 MB/s	472 short_reads/s	0 short_writes_echo/s	45 cpu_user_milliseconds	947 cpu_system_milliseconds	0 minor_page_faults/s	0 major_page_faults/s	591 yields/s	7 preempts/s
104001 milliseconds	4028 MB/s	277 short_reads/s	0 short_writes_echo/s	51 cpu_user_milliseconds	945 cpu_system_milliseconds	0 minor_page_faults/s	0 major_page_faults/s	211 yields/s	6 preempts/s
105001 milliseconds	3975 MB/s	951 short_reads/s	0 short_writes_echo/s	53 cpu_user_milliseconds	941 cpu_system_milliseconds	0 minor_page_faults/s	0 major_page_faults/s	382 yields/s	7 preempts/s
106001 milliseconds	3917 MB/s	2257 short_reads/s	0 short_writes_echo/s	48 cpu_user_milliseconds	938 cpu_system_milliseconds	0 minor_page_faults/s	0 major_page_faults/s	1268 yields/s	5 preempts/s
107001 milliseconds	4008 MB/s	620 short_reads/s	0 short_writes_echo/s	48 cpu_user_milliseconds	948 cpu_system_milliseconds	0 minor_page_faults/s	0 major_page_faults/s	161 yields/s	8 preempts/s
108001 milliseconds	4007 MB/s	465 short_reads/s	0 short_writes_echo/s	59 cpu_user_milliseconds	938 cpu_system_milliseconds	0 minor_page_faults/s	0 major_page_faults/s	192 yields/s	10 preempts/s
109001 milliseconds	3912 MB/s	5280 short_reads/s	0 short_writes_echo/s	58 cpu_user_milliseconds	931 cpu_system_milliseconds	0 minor_page_faults/s	0 major_page_faults/s	2512 yields/s	1 preempts/s
110001 milliseconds	4006 MB/s	307 short_reads/s	0 short_writes_echo/s	43 cpu_user_milliseconds	950 cpu_system_milliseconds	0 minor_page_faults/s	0 major_page_faults/s	249 yields/s	3 preempts/s
111001 milliseconds	3904 MB/s	931 short_reads/s	0 short_writes_echo/s	49 cpu_user_milliseconds	938 cpu_system_milliseconds	0 minor_page_faults/s	0 major_page_faults/s	773 yields/s	4 preempts/s
112001 milliseconds	4019 MB/s	667 short_reads/s	0 short_writes_echo/s	43 cpu_user_milliseconds	950 cpu_system_milliseconds	0 minor_page_faults/s	0 major_page_faults/s	400 yields/s	5 preempts/s
113001 milliseconds	4023 MB/s	391 short_reads/s	0 short_writes_echo/s	36 cpu_user_milliseconds	958 cpu_system_milliseconds	0 minor_page_faults/s	0 major_page_faults/s	352 yields/s	4 preempts/s
114001 milliseconds	4005 MB/s	852 short_reads/s	0 short_writes_echo/s	50 cpu_user_milliseconds	947 cpu_system_milliseconds	0 minor_page_faults/s	0 major_page_faults/s	240 yields/s	6 preempts/s
115001 milliseconds	4001 MB/s	487 short_reads/s	0 short_writes_echo/s	62 cpu_user_milliseconds	931 cpu_system_milliseconds	0 minor_page_faults/s	0 major_page_faults/s	296 yields/s	8 preempts/s
116001 milliseconds	3831 MB/s	6532 short_reads/s	0 short_writes_echo/s	66 cpu_user_milliseconds	925 cpu_system_milliseconds	0 minor_page_faults/s	0 major_page_faults/s	509 yields/s	24 preempts/s
117001 milliseconds	3973 MB/s	1472 short_reads/s	0 short_writes_echo/s	51 cpu_user_milliseconds	945 cpu_system_milliseconds	0 minor_page_faults/s	0 major_page_faults/s	276 yields/s	0 preempts/s
118001 milliseconds	3906 MB/s	700 short_reads/s	0 short_writes_echo/s	41 cpu_user_milliseconds	941 cpu_system_milliseconds	0 minor_page_faults/s	0 major_page_faults/s	926 yields/s	2 preempts/s
119001 milliseconds	3982 MB/s	1227 short_reads/s	0 short_writes_echo/s	64 cpu_user_milliseconds	932 cpu_system_milliseconds	0 minor_page_faults/s	0 major_page_faults/s	304 yields/s	2 preempts/s
120001 milliseconds	4012 MB/s	380 short_reads/s	0 short_writes_echo/s	44 cpu_user_milliseconds	953 cpu_system_milliseconds	0 minor_page_faults/s	0 major_page_faults/s	215 yields/s	0 preempts/s
121001 milliseconds	3880 MB/s	4217 short_reads/s	0 short_writes_echo/s	58 cpu_user_milliseconds	933 cpu_system_milliseconds	0 minor_page_faults/s	0 major_page_faults/s	727 yields/s	4 preempts/s
122001 milliseconds	3967 MB/s	3735 short_reads/s	0 short_writes_echo/s	48 cpu_user_milliseconds	950 cpu_system_milliseconds	0 minor_page_faults/s	0 major_page_faults/s	223 yields/s	6 preempts/s
123001 milliseconds	4007 MB/s	536 short_reads/s	0 short_writes_echo/s	44 cpu_user_milliseconds	951 cpu_system_milliseconds	0 minor_page_faults/s	0 major_page_faults/s	371 yields/s	3 preempts/s
124001 milliseconds	3941 MB/s	4590 short_reads/s	0 short_writes_echo/s	55 cpu_user_milliseconds	941 cpu_system_milliseconds	0 minor_page_faults/s	0 major_page_faults/s	238 yields/s	4 preempts/s
125001 milliseconds	3956 MB/s	4722 short_reads/s	0 short_writes_echo/s	47 cpu_user_milliseconds	949 cpu_system_milliseconds	0 minor_page_faults/s	0 major_page_faults/s	305 yields/s	2 preempts/s
126001 milliseconds	3859 MB/s	3529 short_reads/s	0 short_writes_echo/s	58 cpu_user_milliseconds	931 cpu_system_milliseconds	0 minor_page_faults/s	0 major_page_faults/s	916 yields/s	3 preempts/s
127001 milliseconds	3966 MB/s	1941 short_reads/s	0 short_writes_echo/s	42 cpu_user_milliseconds	952 cpu_system_milliseconds	0 minor_page_faults/s	0 major_page_faults/s	324 yields/s	2 preempts/s
128001 milliseconds	4001 MB/s	463 short_reads/s	0 short_writes_echo/s	46 cpu_user_milliseconds	947 cpu_system_milliseconds	0 minor_page_faults/s	0 major_page_faults/s	269 yields/s	2 preempts/s
129001 milliseconds	3860 MB/s	1326 short_reads/s	0 short_writes_echo/s	47 cpu_user_milliseconds	941 cpu_system_milliseconds	0 minor_page_faults/s	0 major_page_faults/s	563 yields/s	0 preempts/s
130001 milliseconds	4002 MB/s	350 short_reads/s	0 short_writes_echo/s	37 cpu_user_milliseconds	960 cpu_system_milliseconds	0 minor_page_faults/s	0 major_page_faults/s	92 yields/s	2 preempts/s
131001 milliseconds	3910 MB/s	1469 short_reads/s	0 short_writes_echo/s	57 cpu_user_milliseconds	939 cpu_system_milliseconds	0 minor_page_faults/s	0 major_page_faults/s	428 yields/s	1 preempts/s
132001 milliseconds	3993 MB/s	1173 short_reads/s	0 short_writes_echo/s	51 cpu_user_milliseconds	946 cpu_system_milliseconds	0 minor_page_faults/s	0 major_page_faults/s	151 yields/s	1 preempts/s
133001 milliseconds	4001 MB/s	867 short_reads/s	0 short_writes_echo/s	49 cpu_user_milliseconds	944 cpu_system_milliseconds	0 minor_page_faults/s	0 major_page_faults/s	595 yields/s	0 preempts/s
134002 milliseconds	4009 MB/s	398 short_reads/s	0 short_writes_echo/s	47 cpu_user_milliseconds	947 cpu_system_milliseconds	0 minor_page_faults/s	0 major_page_faults/s	464 yields/s	0 preempts/s
135002 milliseconds	3997 MB/s	353 short_reads/s	0 short_writes_echo/s	52 cpu_user_milliseconds	943 cpu_system_milliseconds	0 minor_page_faults/s	0 major_page_faults/s	118 yields/s	1 preempts/s
136002 milliseconds	3875 MB/s	1848 short_reads/s	0 short_writes_echo/s	47 cpu_user_milliseconds	938 cpu_system_milliseconds	0 minor_page_faults/s	0 major_page_faults/s	978 yields/s	4 preempts/s
137002 milliseconds	3963 MB/s	2905 short_reads/s	0 short_writes_echo/s	51 cpu_user_milliseconds	940 cpu_system_milliseconds	0 minor_page_faults/s	0 major_page_faults/s	686 yields/s	0 preempts/s
138002 milliseconds	3952 MB/s	3479 short_reads/s	0 short_writes_echo/s	56 cpu_user_milliseconds	933 cpu_system_milliseconds	0 minor_page_faults/s	0 major_page_faults/s	676 yields/s	25 preempts/s
139002 milliseconds	3933 MB/s	3565 short_reads/s	0 short_writes_echo/s	62 cpu_user_milliseconds	918 cpu_system_milliseconds	0 minor_page_faults/s	0 major_page_faults/s	1549 yields/s	25 preempts/s
140002 milliseconds	3978 MB/s	1277 short_reads/s	0 short_writes_echo/s	51 cpu_user_milliseconds	938 cpu_system_milliseconds	0 minor_page_faults/s	0 major_page_faults/s	654 yields/s	27 preempts/s
141002 milliseconds	3875 MB/s	4201 short_reads/s	0 short_writes_echo/s	62 cpu_user_milliseconds	926 cpu_system_milliseconds	0 minor_page_faults/s	0 major_page_faults/s	1156 yields/s	3 preempts/s
142002 milliseconds	3948 MB/s	3922 short_reads/s	0 short_writes_echo/s	56 cpu_user_milliseconds	940 cpu_system_milliseconds	0 minor_page_faults/s	0 major_page_faults/s	260 yields/s	3 preempts/s
143002 milliseconds	3964 MB/s	3609 short_reads/s	0 short_writes_echo/s	50 cpu_user_milliseconds	947 cpu_system_milliseconds	0 minor_page_faults/s	0 major_page_faults/s	280 yields/s	2 preempts/s
144002 milliseconds	3964 MB/s	5307 short_reads/s	0 short_writes_echo/s	45 cpu_user_milliseconds	952 cpu_system_milliseconds	0 minor_page_faults/s	0 major_page_faults/s	220 yields/s	2 preempts/s
145002 milliseconds	3974 MB/s	2395 short_reads/s	0 short_writes_echo/s	50 cpu_user_milliseconds	946 cpu_system_milliseconds	0 minor_page_faults/s	0 major_page_faults/s	295 yields/s	2 preempts/s
146002 milliseconds	3899 MB/s	1214 short_reads/s	0 short_writes_echo/s	49 cpu_user_milliseconds	940 cpu_system_milliseconds	0 minor_page_faults/s	0 major_page_faults/s	937 yields/s	8 preempts/s
147002 milliseconds	4024 MB/s	386 short_reads/s	0 short_writes_echo/s	58 cpu_user_milliseconds	937 cpu_system_milliseconds	0 minor_page_faults/s	0 major_page_faults/s	152 yields/s	3 preempts/s
148002 milliseconds	4019 MB/s	247 short_reads/s	0 short_writes_echo/s	53 cpu_user_milliseconds	939 cpu_system_milliseconds	0 minor_page_faults/s	0 major_page_faults/s	333 yields/s	2 preempts/s
149002 milliseconds	3982 MB/s	846 short_reads/s	0 short_writes_echo/s	56 cpu_user_milliseconds	940 cpu_system_milliseconds	0 minor_page_faults/s	0 major_page_faults/s	219 yields/s	2 preempts/s
150002 milliseconds	4037 MB/s	155 short_reads/s	0 short_writes_echo/s	40 cpu_user_milliseconds	956 cpu_system_milliseconds	0 minor_page_faults/s	0 major_page_faults/s	262 yields/s	2 preempts/s
151002 milliseconds	3838 MB/s	4997 short_reads/s	0 short_writes_echo/s	51 cpu_user_milliseconds	940 cpu_system_milliseconds	0 minor_page_faults/s	0 major_page_faults/s	522 yields/s	8 preempts/s
152002 milliseconds	3894 MB/s	2108 short_reads/s	0 short_writes_echo/s	44 cpu_user_milliseconds	938 cpu_system_milliseconds	0 minor_page_faults/s	0 major_page_faults/s	847 yields/s	4 preempts/s
153002 milliseconds	3966 MB/s	476 short_reads/s	0 short_writes_echo/s	57 cpu_user_milliseconds	936 cpu_system_milliseconds	0 minor_page_faults/s	0 major_page_faults/s	280 yields/s	3 preempts/s
154002 milliseconds	3968 MB/s	1410 short_reads/s	0 short_writes_echo/s	44 cpu_user_milliseconds	951 cpu_system_milliseconds	0 minor_page_faults/s	0 major_page_faults/s	189 yields/s	3 preempts/s
155002 milliseconds	3993 MB/s	691 short_reads/s	0 short_writes_echo/s	37 cpu_user_milliseconds	957 cpu_system_milliseconds	0 minor_page_faults/s	0 major_page_faults/s	224 yields/s	9 preempts/s
156002 milliseconds	3924 MB/s	945 short_reads/s	0 short_writes_echo/s	47 cpu_user_milliseconds	943 cpu_system_milliseconds	0 minor_page_faults/s	0 major_page_faults/s	453 yields/s	6 preempts/s
157002 milliseconds	3999 MB/s	464 short_reads/s	0 short_writes_echo/s	46 cpu_user_milliseconds	947 cpu_system_milliseconds	0 minor_page_faults/s	0 major_page_faults/s	310 yields/s	4 preempts/s
158002 milliseconds	4010 MB/s	579 short_reads/s	0 short_writes_echo/s	50 cpu_user_milliseconds	946 cpu_system_milliseconds	0 minor_page_faults/s	0 major_page_faults/s	207 yields/s	3 preempts/s
159002 milliseconds	3934 MB/s	5731 short_reads/s	0 short_writes_echo/s	62 cpu_user_milliseconds	934 cpu_system_milliseconds	0 minor_page_faults/s	0 major_page_faults/s	276 yields/s	5 preempts/s
160002 milliseconds	4017 MB/s	166 short_reads/s	0 short_writes_echo/s	45 cpu_user_milliseconds	950 cpu_system_milliseconds	0 minor_page_faults/s	0 major_page_faults/s	284 yields/s	3 preempts/s
161002 milliseconds	3803 MB/s	11362 short_reads/s	0 short_writes_echo/s	68 cpu_user_milliseconds	920 cpu_system_milliseconds	0 minor_page_faults/s	0 major_page_faults/s	371 yields/s	64 preempts/s
162002 milliseconds	3963 MB/s	3601 short_reads/s	0 short_writes_echo/s	52 cpu_user_milliseconds	941 cpu_system_milliseconds	0 minor_page_faults/s	0 major_page_faults/s	367 yields/s	1 preempts/s
163002 milliseconds	3901 MB/s	3956 short_reads/s	0 short_writes_echo/s	46 cpu_user_milliseconds	939 cpu_system_milliseconds	0 minor_page_faults/s	0 major_page_faults/s	354 yields/s	64 preempts/s
164002 milliseconds	3973 MB/s	1481 short_reads/s	0 short_writes_echo/s	60 cpu_user_milliseconds	920 cpu_system_milliseconds	0 minor_page_faults/s	0 major_page_faults/s	1518 yields/s	28 preempts/s
165002 milliseconds	3924 MB/s	4082 short_reads/s	0 short_writes_echo/s	47 cpu_user_milliseconds	938 cpu_system_milliseconds	0 minor_page_faults/s	0 major_page_faults/s	752 yields/s	69 preempts/s
166002 milliseconds	3880 MB/s	4002 short_reads/s	0 short_writes_echo/s	61 cpu_user_milliseconds	919 cpu_system_milliseconds	0 minor_page_faults/s	0 major_page_faults/s	1794 yields/s	3 preempts/s
167002 milliseconds	3936 MB/s	6826 short_reads/s	0 short_writes_echo/s	59 cpu_user_milliseconds	933 cpu_system_milliseconds	0 minor_page_faults/s	0 major_page_faults/s	587 yields/s	10 preempts/s
168002 milliseconds	3993 MB/s	1049 short_reads/s	0 short_writes_echo/s	50 cpu_user_milliseconds	946 cpu_system_milliseconds	0 minor_page_faults/s	0 major_page_faults/s	341 yields/s	4 preempts/s
169002 milliseconds	3951 MB/s	5153 short_reads/s	0 short_writes_echo/s	46 cpu_user_milliseconds	950 cpu_system_milliseconds	0 minor_page_faults/s	0 major_page_faults/s	376 yields/s	1 preempts/s
170002 milliseconds	3958 MB/s	2907 short_reads/s	0 short_writes_echo/s	45 cpu_user_milliseconds	952 cpu_system_milliseconds	0 minor_page_faults/s	0 major_page_faults/s	254 yields/s	2 preempts/s
171002 milliseconds	3881 MB/s	4993 short_reads/s	0 short_writes_echo/s	53 cpu_user_milliseconds	938 cpu_system_milliseconds	0 minor_page_faults/s	0 major_page_faults/s	904 yields/s	2 preempts/s
172002 milliseconds	3962 MB/s	4867 short_reads/s	0 short_writes_echo/s	50 cpu_user_milliseconds	946 cpu_system_milliseconds	0 minor_page_faults/s	0 major_page_faults/s	233 yields/s	2 preempts/s
173002 milliseconds	3951 MB/s	4391 short_reads/s	0 short_writes_echo/s	49 cpu_user_milliseconds	946 cpu_system_milliseconds	0 minor_page_faults/s	0 major_page_faults/s	347 yields/s	1 preempts/s
174002 milliseconds	3999 MB/s	1018 short_reads/s	0 short_writes_echo/s	50 cpu_user_milliseconds	945 cpu_system_milliseconds	0 minor_page_faults/s	0 major_page_faults/s	347 yields/s	3 preempts/s
175002 milliseconds	3937 MB/s	5118 short_reads/s	0 short_writes_echo/s	52 cpu_user_milliseconds	941 cpu_system_milliseconds	0 minor_page_faults/s	0 major_page_faults/s	273 yields/s	26 preempts/s
176002 milliseconds	3819 MB/s	13938 short_reads/s	0 short_writes_echo/s	63 cpu_user_milliseconds	920 cpu_system_milliseconds	0 minor_page_faults/s	0 major_page_faults/s	1761 yields/s	27 preempts/s
177002 milliseconds	3940 MB/s	4894 short_reads/s	0 short_writes_echo/s	48 cpu_user_milliseconds	939 cpu_system_milliseconds	0 minor_page_faults/s	0 major_page_faults/s	677 yields/s	38 preempts/s
178002 milliseconds	3869 MB/s	6440 short_reads/s	0 short_writes_echo/s	78 cpu_user_milliseconds	916 cpu_system_milliseconds	0 minor_page_faults/s	0 major_page_faults/s	372 yields/s	5 preempts/s
179002 milliseconds	3925 MB/s	7257 short_reads/s	0 short_writes_echo/s	58 cpu_user_milliseconds	939 cpu_system_milliseconds	0 minor_page_faults/s	0 major_page_faults/s	275 yields/s	6 preempts/s
180002 milliseconds	3963 MB/s	2306 short_reads/s	0 short_writes_echo/s	51 cpu_user_milliseconds	937 cpu_system_milliseconds	0 minor_page_faults/s	0 major_page_faults/s	868 yields/s	2 preempts/s
181002 milliseconds	3892 MB/s	2057 short_reads/s	0 short_writes_echo/s	47 cpu_user_milliseconds	941 cpu_system_milliseconds	0 minor_page_faults/s	0 major_page_faults/s	1005 yields/s	4 preempts/s
182002 milliseconds	3937 MB/s	5966 short_reads/s	0 short_writes_echo/s	52 cpu_user_milliseconds	944 cpu_system_milliseconds	0 minor_page_faults/s	0 major_page_faults/s	196 yields/s	4 preempts/s
183002 milliseconds	3977 MB/s	2116 short_reads/s	0 short_writes_echo/s	58 cpu_user_milliseconds	937 cpu_system_milliseconds	0 minor_page_faults/s	0 major_page_faults/s	375 yields/s	2 preempts/s
184002 milliseconds	3971 MB/s	3436 short_reads/s	0 short_writes_echo/s	61 cpu_user_milliseconds	934 cpu_system_milliseconds	0 minor_page_faults/s	0 major_page_faults/s	395 yields/s	2 preempts/s
185002 milliseconds	3985 MB/s	1162 short_reads/s	0 short_writes_echo/s	46 cpu_user_milliseconds	948 cpu_system_milliseconds	0 minor_page_faults/s	0 major_page_faults/s	200 yields/s	3 preempts/s
186002 milliseconds	3829 MB/s	8002 short_reads/s	0 short_writes_echo/s	52 cpu_user_milliseconds	937 cpu_system_milliseconds	0 minor_page_faults/s	0 major_page_faults/s	1316 yields/s	5 preempts/s
187002 milliseconds	4004 MB/s	251 short_reads/s	0 short_writes_echo/s	43 cpu_user_milliseconds	952 cpu_system_milliseconds	0 minor_page_faults/s	0 major_page_faults/s	165 yields/s	0 preempts/s
188002 milliseconds	4041 MB/s	113 short_reads/s	0 short_writes_echo/s	34 cpu_user_milliseconds	960 cpu_system_milliseconds	0 minor_page_faults/s	0 major_page_faults/s	190 yields/s	3 preempts/s
189002 milliseconds	3881 MB/s	621 short_reads/s	0 short_writes_echo/s	49 cpu_user_milliseconds	940 cpu_system_milliseconds	0 minor_page_faults/s	0 major_page_faults/s	562 yields/s	1 preempts/s
190002 milliseconds	4019 MB/s	260 short_reads/s	0 short_writes_echo/s	44 cpu_user_milliseconds	952 cpu_system_milliseconds	0 minor_page_faults/s	0 major_page_faults/s	163 yields/s	3 preempts/s
191002 milliseconds	3822 MB/s	9443 short_reads/s	0 short_writes_echo/s	57 cpu_user_milliseconds	932 cpu_system_milliseconds	0 minor_page_faults/s	0 major_page_faults/s	1207 yields/s	7 preempts/s
192002 milliseconds	3986 MB/s	1829 short_reads/s	0 short_writes_echo/s	58 cpu_user_milliseconds	934 cpu_system_milliseconds	0 minor_page_faults/s	0 major_page_faults/s	485 yields/s	28 preempts/s
193002 milliseconds	3934 MB/s	4980 short_reads/s	0 short_writes_echo/s	49 cpu_user_milliseconds	944 cpu_system_milliseconds	0 minor_page_faults/s	0 major_page_faults/s	482 yields/s	10 preempts/s
194002 milliseconds	3945 MB/s	4646 short_reads/s	0 short_writes_echo/s	49 cpu_user_milliseconds	949 cpu_system_milliseconds	0 minor_page_faults/s	0 major_page_faults/s	251 yields/s	4 preempts/s
195002 milliseconds	3976 MB/s	1776 short_reads/s	0 short_writes_echo/s	44 cpu_user_milliseconds	952 cpu_system_milliseconds	0 minor_page_faults/s	0 major_page_faults/s	274 yields/s	7 preempts/s
196002 milliseconds	3878 MB/s	5280 short_reads/s	0 short_writes_echo/s	54 cpu_user_milliseconds	937 cpu_system_milliseconds	0 minor_page_faults/s	0 major_page_faults/s	655 yields/s	21 preempts/s
197002 milliseconds	3917 MB/s	5946 short_reads/s	0 short_writes_echo/s	53 cpu_user_milliseconds	939 cpu_system_milliseconds	0 minor_page_faults/s	0 major_page_faults/s	487 yields/s	31 preempts/s
198002 milliseconds	3958 MB/s	738 short_reads/s	0 short_writes_echo/s	50 cpu_user_milliseconds	944 cpu_system_milliseconds	0 minor_page_faults/s	0 major_page_faults/s	512 yields/s	1 preempts/s
199002 milliseconds	3970 MB/s	1940 short_reads/s	0 short_writes_echo/s	45 cpu_user_milliseconds	948 cpu_system_milliseconds	0 minor_page_faults/s	0 major_page_faults/s	673 yields/s	3 preempts/s
200002 milliseconds	4010 MB/s	588 short_reads/s	0 short_writes_echo/s	49 cpu_user_milliseconds	946 cpu_system_milliseconds	0 minor_page_faults/s	0 major_page_faults/s	121 yields/s	1 preempts/s
201002 milliseconds	3906 MB/s	3754 short_reads/s	0 short_writes_echo/s	47 cpu_user_milliseconds	945 cpu_system_milliseconds	0 minor_page_faults/s	0 major_page_faults/s	846 yields/s	6 preempts/s
202002 milliseconds	4030 MB/s	134 short_reads/s	0 short_writes_echo/s	51 cpu_user_milliseconds	945 cpu_system_milliseconds	0 minor_page_faults/s	0 major_page_faults/s	241 yields/s	7 preempts/s
203002 milliseconds	3996 MB/s	896 short_reads/s	0 short_writes_echo/s	48 cpu_user_milliseconds	948 cpu_system_milliseconds	0 minor_page_faults/s	0 major_page_faults/s	274 yields/s	4 preempts/s
204002 milliseconds	4001 MB/s	690 short_reads/s	0 short_writes_echo/s	44 cpu_user_milliseconds	953 cpu_system_milliseconds	0 minor_page_faults/s	0 major_page_faults/s	303 yields/s	6 preempts/s
205002 milliseconds	3990 MB/s	1079 short_reads/s	0 short_writes_echo/s	47 cpu_user_milliseconds	949 cpu_system_milliseconds	0 minor_page_faults/s	0 major_page_faults/s	443 yields/s	2 preempts/s
206002 milliseconds	3887 MB/s	2907 short_reads/s	0 short_writes_echo/s	47 cpu_user_milliseconds	944 cpu_system_milliseconds	0 minor_page_faults/s	0 major_page_faults/s	1075 yields/s	7 preempts/s
207002 milliseconds	4022 MB/s	116 short_reads/s	0 short_writes_echo/s	59 cpu_user_milliseconds	935 cpu_system_milliseconds	0 minor_page_faults/s	0 major_page_faults/s	227 yields/s	7 preempts/s
208002 milliseconds	4050 MB/s	173 short_reads/s	0 short_writes_echo/s	41 cpu_user_milliseconds	955 cpu_system_milliseconds	0 minor_page_faults/s	0 major_page_faults/s	162 yields/s	8 preempts/s
209003 milliseconds	4001 MB/s	209 short_reads/s	0 short_writes_echo/s	47 cpu_user_milliseconds	947 cpu_system_milliseconds	0 minor_page_faults/s	0 major_page_faults/s	322 yields/s	1 preempts/s
210003 milliseconds	4028 MB/s	67 short_reads/s	0 short_writes_echo/s	45 cpu_user_milliseconds	951 cpu_system_milliseconds	0 minor_page_faults/s	0 major_page_faults/s	214 yields/s	2 preempts/s
211003 milliseconds	3846 MB/s	7080 short_reads/s	0 short_writes_echo/s	61 cpu_user_milliseconds	929 cpu_system_milliseconds	0 minor_page_faults/s	0 major_page_faults/s	813 yields/s	25 preempts/s
212003 milliseconds	3898 MB/s	1577 short_reads/s	0 short_writes_echo/s	51 cpu_user_milliseconds	930 cpu_system_milliseconds	0 minor_page_faults/s	0 major_page_faults/s	861 yields/s	4 preempts/s
213003 milliseconds	4002 MB/s	307 short_reads/s	0 short_writes_echo/s	63 cpu_user_milliseconds	930 cpu_system_milliseconds	0 minor_page_faults/s	0 major_page_faults/s	363 yields/s	1 preempts/s
214003 milliseconds	4003 MB/s	201 short_reads/s	0 short_writes_echo/s	49 cpu_user_milliseconds	947 cpu_system_milliseconds	0 minor_page_faults/s	0 major_page_faults/s	84 yields/s	2 preempts/s
215003 milliseconds	4001 MB/s	282 short_reads/s	0 short_writes_echo/s	41 cpu_user_milliseconds	953 cpu_system_milliseconds	0 minor_page_faults/s	0 major_page_faults/s	197 yields/s	5 preempts/s
216003 milliseconds	3899 MB/s	1072 short_reads/s	0 short_writes_echo/s	59 cpu_user_milliseconds	927 cpu_system_milliseconds	0 minor_page_faults/s	0 major_page_faults/s	853 yields/s	0 preempts/s
217003 milliseconds	3998 MB/s	1181 short_reads/s	0 short_writes_echo/s	38 cpu_user_milliseconds	956 cpu_system_milliseconds	0 minor_page_faults/s	0 major_page_faults/s	249 yields/s	0 preempts/s
218003 milliseconds	3971 MB/s	2838 short_reads/s	0 short_writes_echo/s	46 cpu_user_milliseconds	951 cpu_system_milliseconds	0 minor_page_faults/s	0 major_page_faults/s	272 yields/s	1 preempts/s
219003 milliseconds	3970 MB/s	1592 short_reads/s	0 short_writes_echo/s	54 cpu_user_milliseconds	938 cpu_system_milliseconds	0 minor_page_faults/s	0 major_page_faults/s	532 yields/s	2 preempts/s
220003 milliseconds	3959 MB/s	5200 short_reads/s	0 short_writes_echo/s	55 cpu_user_milliseconds	941 cpu_system_milliseconds	0 minor_page_faults/s	0 major_page_faults/s	225 yields/s	2 preempts/s
221003 milliseconds	3849 MB/s	7250 short_reads/s	0 short_writes_echo/s	49 cpu_user_milliseconds	942 cpu_system_milliseconds	0 minor_page_faults/s	0 major_page_faults/s	481 yields/s	26 preempts/s
222003 milliseconds	3956 MB/s	2800 short_reads/s	0 short_writes_echo/s	40 cpu_user_milliseconds	953 cpu_system_milliseconds	0 minor_page_faults/s	0 major_page_faults/s	571 yields/s	2 preempts/s
223003 milliseconds	3934 MB/s	2925 short_reads/s	0 short_writes_echo/s	51 cpu_user_milliseconds	934 cpu_system_milliseconds	0 minor_page_faults/s	0 major_page_faults/s	709 yields/s	68 preempts/s
224003 milliseconds	3935 MB/s	7615 short_reads/s	0 short_writes_echo/s	50 cpu_user_milliseconds	939 cpu_system_milliseconds	0 minor_page_faults/s	0 major_page_faults/s	810 yields/s	25 preempts/s
225003 milliseconds	3934 MB/s	7990 short_reads/s	0 short_writes_echo/s	54 cpu_user_milliseconds	934 cpu_system_milliseconds	0 minor_page_faults/s	0 major_page_faults/s	917 yields/s	30 preempts/s
226003 milliseconds	3912 MB/s	1602 short_reads/s	0 short_writes_echo/s	51 cpu_user_milliseconds	925 cpu_system_milliseconds	0 minor_page_faults/s	0 major_page_faults/s	1701 yields/s	5 preempts/s
227003 milliseconds	3967 MB/s	4304 short_reads/s	0 short_writes_echo/s	59 cpu_user_milliseconds	936 cpu_system_milliseconds	0 minor_page_faults/s	0 major_page_faults/s	146 yields/s	19 preempts/s
228003 milliseconds	3980 MB/s	2083 short_reads/s	0 short_writes_echo/s	60 cpu_user_milliseconds	931 cpu_system_milliseconds	0 minor_page_faults/s	0 major_page_faults/s	551 yields/s	27 preempts/s
229003 milliseconds	3941 MB/s	3593 short_reads/s	0 short_writes_echo/s	58 cpu_user_milliseconds	936 cpu_system_milliseconds	0 minor_page_faults/s	0 major_page_faults/s	289 yields/s	0 preempts/s
230003 milliseconds	4013 MB/s	239 short_reads/s	0 short_writes_echo/s	51 cpu_user_milliseconds	945 cpu_system_milliseconds	0 minor_page_faults/s	0 major_page_faults/s	321 yields/s	3 preempts/s
231003 milliseconds	3863 MB/s	7337 short_reads/s	0 short_writes_echo/s	54 cpu_user_milliseconds	935 cpu_system_milliseconds	0 minor_page_faults/s	0 major_page_faults/s	806 yields/s	6 preempts/s
232003 milliseconds	3903 MB/s	6148 short_reads/s	0 short_writes_echo/s	54 cpu_user_milliseconds	940 cpu_system_milliseconds	0 minor_page_faults/s	0 major_page_faults/s	219 yields/s	25 preempts/s
233003 milliseconds	3926 MB/s	7178 short_reads/s	0 short_writes_echo/s	61 cpu_user_milliseconds	930 cpu_system_milliseconds	0 minor_page_faults/s	0 major_page_faults/s	735 yields/s	1 preempts/s
234003 milliseconds	3935 MB/s	6404 short_reads/s	0 short_writes_echo/s	64 cpu_user_milliseconds	934 cpu_system_milliseconds	0 minor_page_faults/s	0 major_page_faults/s	120 yields/s	5 preempts/s
235003 milliseconds	3967 MB/s	2108 short_reads/s	0 short_writes_echo/s	46 cpu_user_milliseconds	948 cpu_system_milliseconds	0 minor_page_faults/s	0 major_page_faults/s	469 yields/s	3 preempts/s
236003 milliseconds	3911 MB/s	2034 short_reads/s	0 short_writes_echo/s	59 cpu_user_milliseconds	926 cpu_system_milliseconds	0 minor_page_faults/s	0 major_page_faults/s	1418 yields/s	4 preempts/s
237003 milliseconds	3934 MB/s	5920 short_reads/s	0 short_writes_echo/s	60 cpu_user_milliseconds	932 cpu_system_milliseconds	0 minor_page_faults/s	0 major_page_faults/s	518 yields/s	19 preempts/s
238003 milliseconds	3867 MB/s	5070 short_reads/s	0 short_writes_echo/s	40 cpu_user_milliseconds	955 cpu_system_milliseconds	0 minor_page_faults/s	0 major_page_faults/s	464 yields/s	2 preempts/s
239003 milliseconds	3922 MB/s	2873 short_reads/s	0 short_writes_echo/s	47 cpu_user_milliseconds	945 cpu_system_milliseconds	0 minor_page_faults/s	0 major_page_faults/s	361 yields/s	3 preempts/s
240003 milliseconds	3940 MB/s	5870 short_reads/s	0 short_writes_echo/s	55 cpu_user_milliseconds	939 cpu_system_milliseconds	0 minor_page_faults/s	0 major_page_faults/s	248 yields/s	23 preempts/s
