1000 milliseconds	4110 MB/s	16761 short_reads/s	0 short_writes_echo/s	21 cpu_user_milliseconds	947 cpu_system_milliseconds	233 minor_page_faults/s	0 major_page_faults/s	4188 yields/s	3 preempts/s
2000 milliseconds	4165 MB/s	17354 short_reads/s	0 short_writes_echo/s	25 cpu_user_milliseconds	944 cpu_system_milliseconds	2 minor_page_faults/s	0 major_page_faults/s	3475 yields/s	12 preempts/s
3000 milliseconds	4107 MB/s	15271 short_reads/s	0 short_writes_echo/s	37 cpu_user_milliseconds	901 cpu_system_milliseconds	0 minor_page_faults/s	0 major_page_faults/s	8639 yields/s	19 preempts/s
4000 milliseconds	4138 MB/s	15717 short_reads/s	0 short_writes_echo/s	30 cpu_user_milliseconds	912 cpu_system_milliseconds	0 minor_page_faults/s	0 major_page_faults/s	7204 yields/s	25 preempts/s
5000 milliseconds	4113 MB/s	15314 short_reads/s	0 short_writes_echo/s	29 cpu_user_milliseconds	911 cpu_system_milliseconds	0 minor_page_faults/s	0 major_page_faults/s	8341 yields/s	0 preempts/s
6000 milliseconds	4028 MB/s	14526 short_reads/s	0 short_writes_echo/s	34 cpu_user_milliseconds	905 cpu_system_milliseconds	0 minor_page_faults/s	0 major_page_faults/s	8104 yields/s	1 preempts/s
7000 milliseconds	4082 MB/s	14491 short_reads/s	0 short_writes_echo/s	30 cpu_user_milliseconds	904 cpu_system_milliseconds	0 minor_page_faults/s	0 major_page_faults/s	9443 yields/s	9 preempts/s
8000 milliseconds	4279 MB/s	18214 short_reads/s	0 short_writes_echo/s	29 cpu_user_milliseconds	947 cpu_system_milliseconds	0 minor_page_faults/s	0 major_page_faults/s	2691 yields/s	1 preempts/s
9000 milliseconds	4409 MB/s	19070 short_reads/s	0 short_writes_echo/s	30 cpu_user_milliseconds	959 cpu_system_milliseconds	0 minor_page_faults/s	0 major_page_faults/s	914 yields/s	1 preempts/s
10000 milliseconds	4306 MB/s	17982 short_reads/s	0 short_writes_echo/s	23 cpu_user_milliseconds	949 cpu_system_milliseconds	0 minor_page_faults/s	0 major_page_faults/s	3305 yields/s	0 preempts/s
11000 milliseconds	4044 MB/s	15788 short_reads/s	0 short_writes_echo/s	34 cpu_user_milliseconds	921 cpu_system_milliseconds	0 minor_page_faults/s	0 major_page_faults/s	5305 yields/s	2 preempts/s
12000 milliseconds	4086 MB/s	15078 short_reads/s	0 short_writes_echo/s	36 cpu_user_milliseconds	900 cpu_system_milliseconds	0 minor_page_faults/s	0 major_page_faults/s	8291 yields/s	25 preempts/s
13000 milliseconds	4037 MB/s	12790 short_reads/s	0 short_writes_echo/s	34 cpu_user_milliseconds	910 cpu_system_milliseconds	0 minor_page_faults/s	0 major_page_faults/s	7350 yields/s	0 preempts/s
14000 milliseconds	4098 MB/s	15163 short_reads/s	0 short_writes_echo/s	30 cpu_user_milliseconds	905 cpu_system_milliseconds	0 minor_page_faults/s	0 major_page_faults/s	8993 yields/s	21 preempts/s
15000 milliseconds	4103 MB/s	13019 short_reads/s	0 short_writes_echo/s	30 cpu_user_milliseconds	915 cpu_system_milliseconds	0 minor_page_faults/s	0 major_page_faults/s	7840 yields/s	1 preempts/s
16000 milliseconds	3989 MB/s	14086 short_reads/s	0 short_writes_echo/s	31 cpu_user_milliseconds	911 cpu_system_milliseconds	0 minor_page_faults/s	0 major_page_faults/s	7355 yields/s	29 preempts/s
17000 milliseconds	4167 MB/s	14641 short_reads/s	0 short_writes_echo/s	27 cpu_user_milliseconds	928 cpu_system_milliseconds	0 minor_page_faults/s	0 major_page_faults/s	5623 yields/s	0 preempts/s
18000 milliseconds	4339 MB/s	18467 short_reads/s	0 short_writes_echo/s	41 cpu_user_milliseconds	937 cpu_system_milliseconds	0 minor_page_faults/s	0 major_page_faults/s	2479 yields/s	2 preempts/s
19000 milliseconds	4316 MB/s	18310 short_reads/s	0 short_writes_echo/s	28 cpu_user_milliseconds	948 cpu_system_milliseconds	0 minor_page_faults/s	0 major_page_faults/s	2721 yields/s	0 preempts/s
20000 milliseconds	4302 MB/s	18121 short_reads/s	0 short_writes_echo/s	27 cpu_user_milliseconds	945 cpu_system_milliseconds	0 minor_page_faults/s	0 major_page_faults/s	3037 yields/s	0 preempts/s
21000 milliseconds	4185 MB/s	17826 short_reads/s	0 short_writes_echo/s	26 cpu_user_milliseconds	952 cpu_system_milliseconds	0 minor_page_faults/s	0 major_page_faults/s	1754 yields/s	4 preempts/s
22000 milliseconds	4067 MB/s	15278 short_reads/s	0 short_writes_echo/s	34 cpu_user_milliseconds	907 cpu_system_milliseconds	0 minor_page_faults/s	0 major_page_faults/s	8096 yields/s	20 preempts/s
23000 milliseconds	4275 MB/s	17512 short_reads/s	0 short_writes_echo/s	35 cpu_user_milliseconds	939 cpu_system_milliseconds	0 minor_page_faults/s	0 major_page_faults/s	3296 yields/s	0 preempts/s
24000 milliseconds	4123 MB/s	15993 short_reads/s	0 short_writes_echo/s	24 cpu_user_milliseconds	948 cpu_system_milliseconds	0 minor_page_faults/s	0 major_page_faults/s	3147 yields/s	6 preempts/s
25000 milliseconds	4323 MB/s	18359 short_reads/s	0 short_writes_echo/s	32 cpu_user_milliseconds	944 cpu_system_milliseconds	0 minor_page_faults/s	0 major_page_faults/s	2827 yields/s	1 preempts/s
26000 milliseconds	4170 MB/s	16609 short_reads/s	0 short_writes_echo/s	24 cpu_user_milliseconds	943 cpu_system_milliseconds	0 minor_page_faults/s	0 major_page_faults/s	3512 yields/s	0 preempts/s
27000 milliseconds	4056 MB/s	14762 short_reads/s	0 short_writes_echo/s	43 cpu_user_milliseconds	890 cpu_system_milliseconds	0 minor_page_faults/s	0 major_page_faults/s	9376 yields/s	25 preempts/s
28000 milliseconds	4304 MB/s	18744 short_reads/s	0 short_writes_echo/s	34 cpu_user_milliseconds	949 cpu_system_milliseconds	0 minor_page_faults/s	0 major_page_faults/s	1670 yields/s	1 preempts/s
29000 milliseconds	4311 MB/s	19060 short_reads/s	0 short_writes_echo/s	29 cpu_user_milliseconds	958 cpu_system_milliseconds	0 minor_page_faults/s	0 major_page_faults/s	1215 yields/s	0 preempts/s
30000 milliseconds	4087 MB/s	14958 short_reads/s	0 short_writes_echo/s	32 cpu_user_milliseconds	902 cpu_system_milliseconds	0 minor_page_faults/s	0 major_page_faults/s	9430 yields/s	0 preempts/s
31000 milliseconds	4220 MB/s	17788 short_reads/s	0 short_writes_echo/s	33 cpu_user_milliseconds	941 cpu_system_milliseconds	0 minor_page_faults/s	0 major_page_faults/s	3108 yields/s	0 preempts/s
32001 milliseconds	4340 MB/s	18754 short_reads/s	0 short_writes_echo/s	22 cpu_user_milliseconds	961 cpu_system_milliseconds	0 minor_page_faults/s	0 major_page_faults/s	1874 yields/s	1 preempts/s
33001 milliseconds	4318 MB/s	18287 short_reads/s	0 short_writes_echo/s	24 cpu_user_milliseconds	952 cpu_system_milliseconds	0 minor_page_faults/s	0 major_page_faults/s	2957 yields/s	1 preempts/s
34001 milliseconds	4297 MB/s	17960 short_reads/s	0 short_writes_echo/s	34 cpu_user_milliseconds	938 cpu_system_milliseconds	0 minor_page_faults/s	0 major_page_faults/s	3522 yields/s	5 preempts/s
35001 milliseconds	4088 MB/s	15302 short_reads/s	0 short_writes_echo/s	37 cpu_user_milliseconds	907 cpu_system_milliseconds	0 minor_page_faults/s	0 major_page_faults/s	7219 yields/s	0 preempts/s
36001 milliseconds	4104 MB/s	16228 short_reads/s	0 short_writes_echo/s	39 cpu_user_milliseconds	919 cpu_system_milliseconds	0 minor_page_faults/s	0 major_page_faults/s	4876 yields/s	3 preempts/s
37001 milliseconds	4236 MB/s	17692 short_reads/s	0 short_writes_echo/s	30 cpu_user_milliseconds	944 cpu_system_milliseconds	0 minor_page_faults/s	0 major_page_faults/s	3029 yields/s	1 preempts/s
38001 milliseconds	4081 MB/s	15270 short_reads/s	0 short_writes_echo/s	25 cpu_user_milliseconds	916 cpu_system_milliseconds	0 minor_page_faults/s	0 major_page_faults/s	8313 yields/s	0 preempts/s
39001 milliseconds	4092 MB/s	15204 short_reads/s	0 short_writes_echo/s	28 cpu_user_milliseconds	913 cpu_system_milliseconds	0 minor_page_faults/s	0 major_page_faults/s	8271 yields/s	0 preempts/s
40001 milliseconds	4114 MB/s	15469 short_reads/s	0 short_writes_echo/s	31 cpu_user_milliseconds	911 cpu_system_milliseconds	0 minor_page_faults/s	0 major_page_faults/s	7888 yields/s	20 preempts/s
41001 milliseconds	4062 MB/s	15035 short_reads/s	0 short_writes_echo/s	23 cpu_user_milliseconds	935 cpu_system_milliseconds	0 minor_page_faults/s	0 major_page_faults/s	5317 yields/s	0 preempts/s
42001 milliseconds	4324 MB/s	18517 short_reads/s	0 short_writes_echo/s	36 cpu_user_milliseconds	943 cpu_system_milliseconds	0 minor_page_faults/s	0 major_page_faults/s	2550 yields/s	3 preempts/s
43001 milliseconds	4305 MB/s	18122 short_reads/s	0 short_writes_echo/s	32 cpu_user_milliseconds	941 cpu_system_milliseconds	0 minor_page_faults/s	0 major_page_faults/s	3407 yields/s	0 preempts/s
44001 milliseconds	4358 MB/s	18755 short_reads/s	0 short_writes_echo/s	33 cpu_user_milliseconds	947 cpu_system_milliseconds	0 minor_page_faults/s	0 major_page_faults/s	2390 yields/s	1 preempts/s
45001 milliseconds	4332 MB/s	17669 short_reads/s	0 short_writes_echo/s	30 cpu_user_milliseconds	948 cpu_system_milliseconds	0 minor_page_faults/s	0 major_page_faults/s	2746 yields/s	1 preempts/s
46001 milliseconds	4082 MB/s	15666 short_reads/s	0 short_writes_echo/s	23 cpu_user_milliseconds	923 cpu_system_milliseconds	0 minor_page_faults/s	0 major_page_faults/s	6726 yields/s	1 preempts/s
47001 milliseconds	4170 MB/s	15927 short_reads/s	0 short_writes_echo/s	43 cpu_user_milliseconds	916 cpu_system_milliseconds	0 minor_page_faults/s	0 major_page_faults/s	5093 yields/s	1 preempts/s
48001 milliseconds	4228 MB/s	17858 short_reads/s	0 short_writes_echo/s	28 cpu_user_milliseconds	952 cpu_system_milliseconds	0 minor_page_faults/s	0 major_page_faults/s	2357 yields/s	1 preempts/s
49001 milliseconds	4342 MB/s	18790 short_reads/s	0 short_writes_echo/s	24 cpu_user_milliseconds	956 cpu_system_milliseconds	0 minor_page_faults/s	0 major_page_faults/s	2139 yields/s	2 preempts/s
50001 milliseconds	4290 MB/s	17946 short_reads/s	0 short_writes_echo/s	28 cpu_user_milliseconds	942 cpu_system_milliseconds	0 minor_page_faults/s	0 major_page_faults/s	3434 yields/s	2 preempts/s
51001 milliseconds	4224 MB/s	18025 short_reads/s	0 short_writes_echo/s	28 cpu_user_milliseconds	950 cpu_system_milliseconds	0 minor_page_faults/s	0 major_page_faults/s	2292 yields/s	0 preempts/s
52001 milliseconds	4326 MB/s	18635 short_reads/s	0 short_writes_echo/s	42 cpu_user_milliseconds	943 cpu_system_milliseconds	0 minor_page_faults/s	0 major_page_faults/s	1008 yields/s	1 preempts/s
53001 milliseconds	4326 MB/s	18367 short_reads/s	0 short_writes_echo/s	27 cpu_user_milliseconds	950 cpu_system_milliseconds	0 minor_page_faults/s	0 major_page_faults/s	2706 yields/s	0 preempts/s
54001 milliseconds	4142 MB/s	15956 short_reads/s	0 short_writes_echo/s	29 cpu_user_milliseconds	919 cpu_system_milliseconds	0 minor_page_faults/s	0 major_page_faults/s	6598 yields/s	0 preempts/s
55001 milliseconds	4149 MB/s	15839 short_reads/s	0 short_writes_echo/s	18 cpu_user_milliseconds	927 cpu_system_milliseconds	0 minor_page_faults/s	0 major_page_faults/s	6770 yields/s	0 preempts/s
56001 milliseconds	4165 MB/s	17788 short_reads/s	0 short_writes_echo/s	28 cpu_user_milliseconds	951 cpu_system_milliseconds	0 minor_page_faults/s	0 major_page_faults/s	2567 yields/s	9 preempts/s
57001 milliseconds	4288 MB/s	17868 short_reads/s	0 short_writes_echo/s	35 cpu_user_milliseconds	935 cpu_system_milliseconds	0 minor_page_faults/s	0 major_page_faults/s	3445 yields/s	2 preempts/s
58001 milliseconds	4261 MB/s	17452 short_reads/s	0 short_writes_echo/s	25 cpu_user_milliseconds	944 cpu_system_milliseconds	0 minor_page_faults/s	0 major_page_faults/s	3645 yields/s	4 preempts/s
59001 milliseconds	4320 MB/s	18412 short_reads/s	0 short_writes_echo/s	36 cpu_user_milliseconds	941 cpu_system_milliseconds	0 minor_page_faults/s	0 major_page_faults/s	2797 yields/s	7 preempts/s
60001 milliseconds	4298 MB/s	18000 short_reads/s	0 short_writes_echo/s	26 cpu_user_milliseconds	949 cpu_system_milliseconds	0 minor_page_faults/s	0 major_page_faults/s	2597 yields/s	0 preempts/s
61001 milliseconds	4257 MB/s	17873 short_reads/s	0 short_writes_echo/s	22 cpu_user_milliseconds	954 cpu_system_milliseconds	0 minor_page_faults/s	0 major_page_faults/s	2386 yields/s	2 preempts/s
62001 milliseconds	4245 MB/s	17969 short_reads/s	0 short_writes_echo/s	32 cpu_user_milliseconds	944 cpu_system_milliseconds	0 minor_page_faults/s	0 major_page_faults/s	2597 yields/s	0 preempts/s
63002 milliseconds	4316 MB/s	18288 short_reads/s	0 short_writes_echo/s	34 cpu_user_milliseconds	953 cpu_system_milliseconds	0 minor_page_faults/s	0 major_page_faults/s	1048 yields/s	1 preempts/s
64002 milliseconds	4294 MB/s	17762 short_reads/s	0 short_writes_echo/s	19 cpu_user_milliseconds	951 cpu_system_milliseconds	0 minor_page_faults/s	0 major_page_faults/s	3394 yields/s	1 preempts/s
65002 milliseconds	4363 MB/s	18658 short_reads/s	0 short_writes_echo/s	23 cpu_user_milliseconds	956 cpu_system_milliseconds	0 minor_page_faults/s	0 major_page_faults/s	2091 yields/s	1 preempts/s
66002 milliseconds	4120 MB/s	16106 short_reads/s	0 short_writes_echo/s	30 cpu_user_milliseconds	925 cpu_system_milliseconds	0 minor_page_faults/s	0 major_page_faults/s	5258 yields/s	3 preempts/s
67002 milliseconds	4285 MB/s	18422 short_reads/s	0 short_writes_echo/s	38 cpu_user_milliseconds	942 cpu_system_milliseconds	0 minor_page_faults/s	0 major_page_faults/s	2214 yields/s	0 preempts/s
68002 milliseconds	4282 MB/s	18018 short_reads/s	0 short_writes_echo/s	38 cpu_user_milliseconds	931 cpu_system_milliseconds	0 minor_page_faults/s	0 major_page_faults/s	3293 yields/s	3 preempts/s
69002 milliseconds	4324 MB/s	18416 short_reads/s	0 short_writes_echo/s	25 cpu_user_milliseconds	952 cpu_system_milliseconds	0 minor_page_faults/s	0 major_page_faults/s	2827 yields/s	0 preempts/s
70002 milliseconds	4293 MB/s	18313 short_reads/s	0 short_writes_echo/s	26 cpu_user_milliseconds	949 cpu_system_milliseconds	0 minor_page_faults/s	0 major_page_faults/s	2685 yields/s	2 preempts/s
71002 milliseconds	4148 MB/s	16073 short_reads/s	0 short_writes_echo/s	40 cpu_user_milliseconds	918 cpu_system_milliseconds	0 minor_page_faults/s	0 major_page_faults/s	4911 yields/s	2 preempts/s
72002 milliseconds	4260 MB/s	18333 short_reads/s	0 short_writes_echo/s	29 cpu_user_milliseconds	949 cpu_system_milliseconds	0 minor_page_faults/s	0 major_page_faults/s	2189 yields/s	2 preempts/s
73002 milliseconds	4045 MB/s	14461 short_reads/s	0 short_writes_echo/s	29 cpu_user_milliseconds	903 cpu_system_milliseconds	0 minor_page_faults/s	0 major_page_faults/s	9874 yields/s	0 preempts/s
74002 milliseconds	4028 MB/s	14569 short_reads/s	0 short_writes_echo/s	28 cpu_user_milliseconds	911 cpu_system_milliseconds	0 minor_page_faults/s	0 major_page_faults/s	8222 yields/s	0 preempts/s
75002 milliseconds	4094 MB/s	14909 short_reads/s	0 short_writes_echo/s	27 cpu_user_milliseconds	909 cpu_system_milliseconds	0 minor_page_faults/s	0 major_page_faults/s	9424 yields/s	0 preempts/s
76002 milliseconds	4054 MB/s	15580 short_reads/s	0 short_writes_echo/s	28 cpu_user_milliseconds	927 cpu_system_milliseconds	0 minor_page_faults/s	0 major_page_faults/s	6030 yields/s	0 preempts/s
77002 milliseconds	4144 MB/s	16869 short_reads/s	0 short_writes_echo/s	22 cpu_user_milliseconds	941 cpu_system_milliseconds	0 minor_page_faults/s	0 major_page_faults/s	4312 yields/s	0 preempts/s
78002 milliseconds	4079 MB/s	15306 short_reads/s	0 short_writes_echo/s	29 cpu_user_milliseconds	918 cpu_system_milliseconds	0 minor_page_faults/s	0 major_page_faults/s	7369 yields/s	0 preempts/s
79002 milliseconds	4093 MB/s	15168 short_reads/s	0 short_writes_echo/s	29 cpu_user_milliseconds	909 cpu_system_milliseconds	0 minor_page_faults/s	0 major_page_faults/s	8539 yields/s	0 preempts/s
80002 milliseconds	4170 MB/s	16923 short_reads/s	0 short_writes_echo/s	33 cpu_user_milliseconds	927 cpu_system_milliseconds	0 minor_page_faults/s	0 major_page_faults/s	5077 yields/s	19 preempts/s
81002 milliseconds	3901 MB/s	13713 short_reads/s	0 short_writes_echo/s	35 cpu_user_milliseconds	888 cpu_system_milliseconds	0 minor_page_faults/s	0 major_page_faults/s	10188 yields/s	20 preempts/s
82002 milliseconds	4118 MB/s	15586 short_reads/s	0 short_writes_echo/s	31 cpu_user_milliseconds	913 cpu_system_milliseconds	0 minor_page_faults/s	0 major_page_faults/s	7357 yields/s	0 preempts/s
83002 milliseconds	4112 MB/s	15612 short_reads/s	0 short_writes_echo/s	36 cpu_user_milliseconds	906 cpu_system_milliseconds	0 minor_page_faults/s	0 major_page_faults/s	7258 yields/s	17 preempts/s
84002 milliseconds	3954 MB/s	14799 short_reads/s	0 short_writes_echo/s	38 cpu_user_milliseconds	899 cpu_system_milliseconds	0 minor_page_faults/s	0 major_page_faults/s	7728 yields/s	0 preempts/s
85002 milliseconds	4078 MB/s	15050 short_reads/s	0 short_writes_echo/s	36 cpu_user_milliseconds	901 cpu_system_milliseconds	0 minor_page_faults/s	0 major_page_faults/s	8818 yields/s	0 preempts/s
86002 milliseconds	4034 MB/s	15026 short_reads/s	0 short_writes_echo/s	28 cpu_user_milliseconds	921 cpu_system_milliseconds	0 minor_page_faults/s	0 major_page_faults/s	6552 yields/s	4 preempts/s
87002 milliseconds	4096 MB/s	15291 short_reads/s	0 short_writes_echo/s	29 cpu_user_milliseconds	912 cpu_system_milliseconds	0 minor_page_faults/s	0 major_page_faults/s	7975 yields/s	4 preempts/s
88002 milliseconds	4098 MB/s	15102 short_reads/s	0 short_writes_echo/s	32 cpu_user_milliseconds	907 cpu_system_milliseconds	0 minor_page_faults/s	0 major_page_faults/s	8707 yields/s	0 preempts/s
89002 milliseconds	4095 MB/s	15027 short_reads/s	0 short_writes_echo/s	26 cpu_user_milliseconds	915 cpu_system_milliseconds	0 minor_page_faults/s	0 major_page_faults/s	7732 yields/s	1 preempts/s
90002 milliseconds	4085 MB/s	15051 short_reads/s	0 short_writes_echo/s	31 cpu_user_milliseconds	910 cpu_system_milliseconds	0 minor_page_faults/s	0 major_page_faults/s	7684 yields/s	22 preempts/s
91002 milliseconds	4009 MB/s	15178 short_reads/s	0 short_writes_echo/s	28 cpu_user_milliseconds	918 cpu_system_milliseconds	0 minor_page_faults/s	0 major_page_faults/s	6607 yields/s	3 preempts/s
92002 milliseconds	4282 MB/s	17714 short_reads/s	0 short_writes_echo/s	32 cpu_user_milliseconds	937 cpu_system_milliseconds	0 minor_page_faults/s	0 major_page_faults/s	3818 yields/s	1 preempts/s
93002 milliseconds	4333 MB/s	17776 short_reads/s	0 short_writes_echo/s	31 cpu_user_milliseconds	955 cpu_system_milliseconds	0 minor_page_faults/s	0 major_page_faults/s	1654 yields/s	2 preempts/s
94002 milliseconds	4301 MB/s	17475 short_reads/s	0 short_writes_echo/s	30 cpu_user_milliseconds	949 cpu_system_milliseconds	0 minor_page_faults/s	0 major_page_faults/s	2525 yields/s	0 preempts/s
95002 milliseconds	4319 MB/s	18210 short_reads/s	0 short_writes_echo/s	21 cpu_user_milliseconds	956 cpu_system_milliseconds	0 minor_page_faults/s	0 major_page_faults/s	2975 yields/s	0 preempts/s
96002 milliseconds	4244 MB/s	17801 short_reads/s	0 short_writes_echo/s	36 cpu_user_milliseconds	941 cpu_system_milliseconds	0 minor_page_faults/s	0 major_page_faults/s	2115 yields/s	3 preempts/s
97002 milliseconds	4113 MB/s	15991 short_reads/s	0 short_writes_echo/s	21 cpu_user_milliseconds	929 cpu_system_milliseconds	0 minor_page_faults/s	0 major_page_faults/s	6480 yields/s	21 preempts/s
98002 milliseconds	4345 MB/s	18683 short_reads/s	0 short_writes_echo/s	22 cpu_user_milliseconds	956 cpu_system_milliseconds	0 minor_page_faults/s	0 major_page_faults/s	2243 yields/s	0 preempts/s
99002 milliseconds	4124 MB/s	15899 short_reads/s	0 short_writes_echo/s	29 cpu_user_milliseconds	918 cpu_system_milliseconds	0 minor_page_faults/s	0 major_page_faults/s	7055 yields/s	15 preempts/s
100002 milliseconds	4299 MB/s	18355 short_reads/s	0 short_writes_echo/s	30 cpu_user_milliseconds	947 cpu_system_milliseconds	0 minor_page_faults/s	0 major_page_faults/s	2783 yields/s	1 preempts/s
101002 milliseconds	4150 MB/s	17022 short_reads/s	0 short_writes_echo/s	37 cpu_user_milliseconds	929 cpu_system_milliseconds	0 minor_page_faults/s	0 major_page_faults/s	3367 yields/s	4 preempts/s
102002 milliseconds	4302 MB/s	18190 short_reads/s	0 short_writes_echo/s	29 cpu_user_milliseconds	948 cpu_system_milliseconds	0 minor_page_faults/s	0 major_page_faults/s	2589 yields/s	2 preempts/s
103002 milliseconds	4368 MB/s	18924 short_reads/s	0 short_writes_echo/s	26 cpu_user_milliseconds	956 cpu_system_milliseconds	0 minor_page_faults/s	0 major_page_faults/s	2043 yields/s	0 preempts/s
104002 milliseconds	4376 MB/s	19307 short_reads/s	0 short_writes_echo/s	23 cpu_user_milliseconds	960 cpu_system_milliseconds	0 minor_page_faults/s	0 major_page_faults/s	1192 yields/s	1 preempts/s
105003 milliseconds	4361 MB/s	18576 short_reads/s	0 short_writes_echo/s	27 cpu_user_milliseconds	951 cpu_system_milliseconds	0 minor_page_faults/s	0 major_page_faults/s	2187 yields/s	3 preempts/s
106003 milliseconds	4085 MB/s	16282 short_reads/s	0 short_writes_echo/s	30 cpu_user_milliseconds	934 cpu_system_milliseconds	0 minor_page_faults/s	0 major_page_faults/s	4740 yields/s	2 preempts/s
107003 milliseconds	3993 MB/s	14296 short_reads/s	0 short_writes_echo/s	44 cpu_user_milliseconds	890 cpu_system_milliseconds	0 minor_page_faults/s	0 major_page_faults/s	8996 yields/s	21 preempts/s
108003 milliseconds	4073 MB/s	14959 short_reads/s	0 short_writes_echo/s	29 cpu_user_milliseconds	907 cpu_system_milliseconds	0 minor_page_faults/s	0 major_page_faults/s	8737 yields/s	16 preempts/s
109003 milliseconds	4104 MB/s	15466 short_reads/s	0 short_writes_echo/s	29 cpu_user_milliseconds	913 cpu_system_milliseconds	0 minor_page_faults/s	0 major_page_faults/s	7605 yields/s	0 preempts/s
110003 milliseconds	4066 MB/s	14992 short_reads/s	0 short_writes_echo/s	29 cpu_user_milliseconds	908 cpu_system_milliseconds	0 minor_page_faults/s	0 major_page_faults/s	8593 yields/s	0 preempts/s
111003 milliseconds	4213 MB/s	17749 short_reads/s	0 short_writes_echo/s	37 cpu_user_milliseconds	943 cpu_system_milliseconds	0 minor_page_faults/s	0 major_page_faults/s	2261 yields/s	0 preempts/s
112003 milliseconds	4244 MB/s	17593 short_reads/s	0 short_writes_echo/s	31 cpu_user_milliseconds	937 cpu_system_milliseconds	0 minor_page_faults/s	0 major_page_faults/s	4096 yields/s	1 preempts/s
113003 milliseconds	4340 MB/s	18972 short_reads/s	0 short_writes_echo/s	27 cpu_user_milliseconds	958 cpu_system_milliseconds	0 minor_page_faults/s	0 major_page_faults/s	1822 yields/s	1 preempts/s
114003 milliseconds	4335 MB/s	18610 short_reads/s	0 short_writes_echo/s	35 cpu_user_milliseconds	943 cpu_system_milliseconds	0 minor_page_faults/s	0 major_page_faults/s	2410 yields/s	0 preempts/s
115003 milliseconds	4351 MB/s	18651 short_reads/s	0 short_writes_echo/s	23 cpu_user_milliseconds	955 cpu_system_milliseconds	0 minor_page_faults/s	0 major_page_faults/s	2698 yields/s	1 preempts/s
116003 milliseconds	4180 MB/s	17332 short_reads/s	0 short_writes_echo/s	24 cpu_user_milliseconds	948 cpu_system_milliseconds	0 minor_page_faults/s	0 major_page_faults/s	3525 yields/s	6 preempts/s
117003 milliseconds	4306 MB/s	18107 short_reads/s	0 short_writes_echo/s	38 cpu_user_milliseconds	937 cpu_system_milliseconds	0 minor_page_faults/s	0 major_page_faults/s	3286 yields/s	4 preempts/s
118003 milliseconds	4235 MB/s	17123 short_reads/s	0 short_writes_echo/s	25 cpu_user_milliseconds	938 cpu_system_milliseconds	0 minor_page_faults/s	0 major_page_faults/s	4635 yields/s	4 preempts/s
119003 milliseconds	4291 MB/s	17961 short_reads/s	0 short_writes_echo/s	34 cpu_user_milliseconds	937 cpu_system_milliseconds	0 minor_page_faults/s	0 major_page_faults/s	3504 yields/s	2 preempts/s
120003 milliseconds	4311 MB/s	17973 short_reads/s	0 short_writes_echo/s	33 cpu_user_milliseconds	941 cpu_system_milliseconds	0 minor_page_faults/s	0 major_page_faults/s	3168 yields/s	2 preempts/s
121003 milliseconds	4091 MB/s	15971 short_reads/s	0 short_writes_echo/s	36 cpu_user_milliseconds	920 cpu_system_milliseconds	0 minor_page_faults/s	0 major_page_faults/s	5233 yields/s	0 preempts/s
122003 milliseconds	4083 MB/s	15293 short_reads/s	0 short_writes_echo/s	31 cpu_user_milliseconds	912 cpu_system_milliseconds	0 minor_page_faults/s	0 major_page_faults/s	8012 yields/s	2 preempts/s
123003 milliseconds	4083 MB/s	15230 short_reads/s	0 short_writes_echo/s	34 cpu_user_milliseconds	905 cpu_system_milliseconds	0 minor_page_faults/s	0 major_page_faults/s	8315 yields/s	11 preempts/s
124003 milliseconds	4079 MB/s	14868 short_reads/s	0 short_writes_echo/s	28 cpu_user_milliseconds	907 cpu_system_milliseconds	0 minor_page_faults/s	0 major_page_faults/s	9544 yields/s	1 preempts/s
125003 milliseconds	4110 MB/s	15282 short_reads/s	0 short_writes_echo/s	27 cpu_user_milliseconds	918 cpu_system_milliseconds	0 minor_page_faults/s	0 major_page_faults/s	7165 yields/s	1 preempts/s
126003 milliseconds	4048 MB/s	16474 short_reads/s	0 short_writes_echo/s	32 cpu_user_milliseconds	936 cpu_system_milliseconds	0 minor_page_faults/s	0 major_page_faults/s	3801 yields/s	0 preempts/s
127003 milliseconds	4404 MB/s	19477 short_reads/s	0 short_writes_echo/s	33 cpu_user_milliseconds	956 cpu_system_milliseconds	0 minor_page_faults/s	0 major_page_faults/s	858 yields/s	5 preempts/s
128003 milliseconds	4394 MB/s	19457 short_reads/s	0 short_writes_echo/s	28 cpu_user_milliseconds	958 cpu_system_milliseconds	0 minor_page_faults/s	0 major_page_faults/s	862 yields/s	6 preempts/s
129003 milliseconds	4173 MB/s	16586 short_reads/s	0 short_writes_echo/s	24 cpu_user_milliseconds	933 cpu_system_milliseconds	0 minor_page_faults/s	0 major_page_faults/s	5635 yields/s	0 preempts/s
130003 milliseconds	4158 MB/s	16296 short_reads/s	0 short_writes_echo/s	40 cpu_user_milliseconds	913 cpu_system_milliseconds	0 minor_page_faults/s	0 major_page_faults/s	6111 yields/s	1 preempts/s
131003 milliseconds	4083 MB/s	16089 short_reads/s	0 short_writes_echo/s	33 cpu_user_milliseconds	923 cpu_system_milliseconds	0 minor_page_faults/s	0 major_page_faults/s	5746 yields/s	5 preempts/s
132003 milliseconds	4279 MB/s	17981 short_reads/s	0 short_writes_echo/s	33 cpu_user_milliseconds	942 cpu_system_milliseconds	0 minor_page_faults/s	0 major_page_faults/s	2945 yields/s	3 preempts/s
133003 milliseconds	4316 MB/s	18945 short_reads/s	0 short_writes_echo/s	36 cpu_user_milliseconds	948 cpu_system_milliseconds	0 minor_page_faults/s	0 major_page_faults/s	1454 yields/s	0 preempts/s
134003 milliseconds	4194 MB/s	17524 short_reads/s	0 short_writes_echo/s	38 cpu_user_milliseconds	939 cpu_system_milliseconds	0 minor_page_faults/s	0 major_page_faults/s	2596 yields/s	0 preempts/s
135003 milliseconds	4327 MB/s	18408 short_reads/s	0 short_writes_echo/s	37 cpu_user_milliseconds	940 cpu_system_milliseconds	0 minor_page_faults/s	0 major_page_faults/s	2887 yields/s	0 preempts/s
136003 milliseconds	4152 MB/s	17193 short_reads/s	0 short_writes_echo/s	41 cpu_user_milliseconds	931 cpu_system_milliseconds	0 minor_page_faults/s	0 major_page_faults/s	3473 yields/s	1 preempts/s
137003 milliseconds	4186 MB/s	16988 short_reads/s	0 short_writes_echo/s	39 cpu_user_milliseconds	921 cpu_system_milliseconds	0 minor_page_faults/s	0 major_page_faults/s	4677 yields/s	0 preempts/s
138003 milliseconds	4046 MB/s	13999 short_reads/s	0 short_writes_echo/s	20 cpu_user_milliseconds	920 cpu_system_milliseconds	0 minor_page_faults/s	0 major_page_faults/s	7818 yields/s	25 preempts/s
139003 milliseconds	4261 MB/s	17908 short_reads/s	0 short_writes_echo/s	34 cpu_user_milliseconds	939 cpu_system_milliseconds	0 minor_page_faults/s	0 major_page_faults/s	3460 yields/s	2 preempts/s
140003 milliseconds	4286 MB/s	16741 short_reads/s	0 short_writes_echo/s	23 cpu_user_milliseconds	948 cpu_system_milliseconds	0 minor_page_faults/s	0 major_page_faults/s	3585 yields/s	2 preempts/s
141003 milliseconds	4264 MB/s	18555 short_reads/s	0 short_writes_echo/s	37 cpu_user_milliseconds	946 cpu_system_milliseconds	0 minor_page_faults/s	0 major_page_faults/s	1433 yields/s	0 preempts/s
142003 milliseconds	4320 MB/s	18313 short_reads/s	0 short_writes_echo/s	28 cpu_user_milliseconds	947 cpu_system_milliseconds	0 minor_page_faults/s	0 major_page_faults/s	2737 yields/s	5 preempts/s
143003 milliseconds	4330 MB/s	18771 short_reads/s	0 short_writes_echo/s	28 cpu_user_milliseconds	954 cpu_system_milliseconds	0 minor_page_faults/s	0 major_page_faults/s	1928 yields/s	3 preempts/s
144003 milliseconds	4051 MB/s	15072 short_reads/s	0 short_writes_echo/s	26 cpu_user_milliseconds	944 cpu_system_milliseconds	0 minor_page_faults/s	0 major_page_faults/s	3280 yields/s	22 preempts/s
145003 milliseconds	4039 MB/s	14705 short_reads/s	0 short_writes_echo/s	27 cpu_user_milliseconds	908 cpu_system_milliseconds	0 minor_page_faults/s	0 major_page_faults/s	8849 yields/s	1 preempts/s
146003 milliseconds	4032 MB/s	15161 short_reads/s	0 short_writes_echo/s	37 cpu_user_milliseconds	912 cpu_system_milliseconds	0 minor_page_faults/s	0 major_page_faults/s	6479 yields/s	4 preempts/s
147003 milliseconds	4089 MB/s	15028 short_reads/s	0 short_writes_echo/s	31 cpu_user_milliseconds	907 cpu_system_milliseconds	0 minor_page_faults/s	0 major_page_faults/s	8292 yields/s	0 preempts/s
148003 milliseconds	4160 MB/s	17105 short_reads/s	0 short_writes_echo/s	33 cpu_user_milliseconds	934 cpu_system_milliseconds	0 minor_page_faults/s	0 major_page_faults/s	4179 yields/s	11 preempts/s
149003 milliseconds	4152 MB/s	15482 short_reads/s	0 short_writes_echo/s	26 cpu_user_milliseconds	929 cpu_system_milliseconds	0 minor_page_faults/s	0 major_page_faults/s	5922 yields/s	1 preempts/s
150004 milliseconds	4324 MB/s	18591 short_reads/s	0 short_writes_echo/s	27 cpu_user_milliseconds	951 cpu_system_milliseconds	0 minor_page_faults/s	0 major_page_faults/s	2360 yields/s	0 preempts/s
151004 milliseconds	3978 MB/s	14726 short_reads/s	0 short_writes_echo/s	24 cpu_user_milliseconds	915 cpu_system_milliseconds	0 minor_page_faults/s	0 major_page_faults/s	7322 yields/s	2 preempts/s
152004 milliseconds	4054 MB/s	14256 short_reads/s	0 short_writes_echo/s	30 cpu_user_milliseconds	906 cpu_system_milliseconds	0 minor_page_faults/s	0 major_page_faults/s	9421 yields/s	0 preempts/s
153004 milliseconds	4076 MB/s	14863 short_reads/s	0 short_writes_echo/s	36 cpu_user_milliseconds	909 cpu_system_milliseconds	0 minor_page_faults/s	0 major_page_faults/s	7878 yields/s	0 preempts/s
154004 milliseconds	4109 MB/s	15181 short_reads/s	0 short_writes_echo/s	34 cpu_user_milliseconds	904 cpu_system_milliseconds	0 minor_page_faults/s	0 major_page_faults/s	8686 yields/s	0 preempts/s
155004 milliseconds	4079 MB/s	14791 short_reads/s	0 short_writes_echo/s	37 cpu_user_milliseconds	900 cpu_system_milliseconds	0 minor_page_faults/s	0 major_page_faults/s	8641 yields/s	0 preempts/s
156004 milliseconds	4004 MB/s	14689 short_reads/s	0 short_writes_echo/s	33 cpu_user_milliseconds	907 cpu_system_milliseconds	0 minor_page_faults/s	0 major_page_faults/s	7803 yields/s	17 preempts/s
157004 milliseconds	4128 MB/s	14672 short_reads/s	0 short_writes_echo/s	34 cpu_user_milliseconds	910 cpu_system_milliseconds	0 minor_page_faults/s	0 major_page_faults/s	7414 yields/s	0 preempts/s
158004 milliseconds	4082 MB/s	14947 short_reads/s	0 short_writes_echo/s	28 cpu_user_milliseconds	906 cpu_system_milliseconds	0 minor_page_faults/s	0 major_page_faults/s	8784 yields/s	16 preempts/s
159004 milliseconds	4106 MB/s	15647 short_reads/s	0 short_writes_echo/s	31 cpu_user_milliseconds	914 cpu_system_milliseconds	0 minor_page_faults/s	0 major_page_faults/s	7679 yields/s	1 preempts/s
160004 milliseconds	4105 MB/s	15517 short_reads/s	0 short_writes_echo/s	23 cpu_user_milliseconds	916 cpu_system_milliseconds	0 minor_page_faults/s	0 major_page_faults/s	7778 yields/s	43 preempts/s
161004 milliseconds	4017 MB/s	15523 short_reads/s	0 short_writes_echo/s	26 cpu_user_milliseconds	928 cpu_system_milliseconds	0 minor_page_faults/s	0 major_page_faults/s	5752 yields/s	0 preempts/s
162004 milliseconds	4095 MB/s	15652 short_reads/s	0 short_writes_echo/s	23 cpu_user_milliseconds	921 cpu_system_milliseconds	0 minor_page_faults/s	0 major_page_faults/s	7384 yields/s	24 preempts/s
163004 milliseconds	4357 MB/s	18781 short_reads/s	0 short_writes_echo/s	27 cpu_user_milliseconds	952 cpu_system_milliseconds	0 minor_page_faults/s	0 major_page_faults/s	2352 yields/s	0 preempts/s
164004 milliseconds	4276 MB/s	16290 short_reads/s	0 short_writes_echo/s	44 cpu_user_milliseconds	930 cpu_system_milliseconds	0 minor_page_faults/s	0 major_page_faults/s	2722 yields/s	7 preempts/s
165004 milliseconds	4358 MB/s	18734 short_reads/s	0 short_writes_echo/s	22 cpu_user_milliseconds	958 cpu_system_milliseconds	0 minor_page_faults/s	0 major_page_faults/s	2464 yields/s	3 preempts/s
166004 milliseconds	4153 MB/s	16355 short_reads/s	0 short_writes_echo/s	33 cpu_user_milliseconds	927 cpu_system_milliseconds	0 minor_page_faults/s	0 major_page_faults/s	4810 yields/s	8 preempts/s
167004 milliseconds	4008 MB/s	14836 short_reads/s	0 short_writes_echo/s	36 cpu_user_milliseconds	911 cpu_system_milliseconds	0 minor_page_faults/s	0 major_page_faults/s	7023 yields/s	0 preempts/s
168004 milliseconds	4024 MB/s	14739 short_reads/s	0 short_writes_echo/s	36 cpu_user_milliseconds	895 cpu_system_milliseconds	0 minor_page_faults/s	0 major_page_faults/s	8899 yields/s	52 preempts/s
169004 milliseconds	4089 MB/s	15035 short_reads/s	0 short_writes_echo/s	21 cpu_user_milliseconds	916 cpu_system_milliseconds	0 minor_page_faults/s	0 major_page_faults/s	8800 yields/s	0 preempts/s
170004 milliseconds	4069 MB/s	15010 short_reads/s	0 short_writes_echo/s	28 cpu_user_milliseconds	911 cpu_system_milliseconds	0 minor_page_faults/s	0 major_page_faults/s	8591 yields/s	0 preempts/s
171004 milliseconds	4048 MB/s	15290 short_reads/s	0 short_writes_echo/s	37 cpu_user_milliseconds	909 cpu_system_milliseconds	0 minor_page_faults/s	0 major_page_faults/s	7422 yields/s	21 preempts/s
172004 milliseconds	4300 MB/s	17578 short_reads/s	0 short_writes_echo/s	30 cpu_user_milliseconds	942 cpu_system_milliseconds	0 minor_page_faults/s	0 major_page_faults/s	2829 yields/s	1 preempts/s
173004 milliseconds	4428 MB/s	19892 short_reads/s	0 short_writes_echo/s	44 cpu_user_milliseconds	949 cpu_system_milliseconds	0 minor_page_faults/s	0 major_page_faults/s	539 yields/s	0 preempts/s
174004 milliseconds	4279 MB/s	18228 short_reads/s	0 short_writes_echo/s	22 cpu_user_milliseconds	956 cpu_system_milliseconds	0 minor_page_faults/s	0 major_page_faults/s	2563 yields/s	2 preempts/s
175004 milliseconds	4116 MB/s	15433 short_reads/s	0 short_writes_echo/s	32 cpu_user_milliseconds	907 cpu_system_milliseconds	0 minor_page_faults/s	0 major_page_faults/s	7818 yields/s	21 preempts/s
176004 milliseconds	4049 MB/s	15432 short_reads/s	0 short_writes_echo/s	28 cpu_user_milliseconds	923 cpu_system_milliseconds	0 minor_page_faults/s	0 major_page_faults/s	6258 yields/s	0 preempts/s
177004 milliseconds	4259 MB/s	18061 short_reads/s	0 short_writes_echo/s	31 cpu_user_milliseconds	944 cpu_system_milliseconds	0 minor_page_faults/s	0 major_page_faults/s	2989 yields/s	0 preempts/s
178004 milliseconds	4365 MB/s	18747 short_reads/s	0 short_writes_echo/s	31 cpu_user_milliseconds	952 cpu_system_milliseconds	0 minor_page_faults/s	0 major_page_faults/s	2051 yields/s	1 preempts/s
179004 milliseconds	4291 MB/s	18187 short_reads/s	0 short_writes_echo/s	34 cpu_user_milliseconds	940 cpu_system_milliseconds	0 minor_page_faults/s	0 major_page_faults/s	2804 yields/s	0 preempts/s
180004 milliseconds	4311 MB/s	18532 short_reads/s	0 short_writes_echo/s	24 cpu_user_milliseconds	960 cpu_system_milliseconds	0 minor_page_faults/s	0 major_page_faults/s	1606 yields/s	2 preempts/s
181004 milliseconds	4056 MB/s	16395 short_reads/s	0 short_writes_echo/s	33 cpu_user_milliseconds	933 cpu_system_milliseconds	0 minor_page_faults/s	0 major_page_faults/s	3883 yields/s	1 preempts/s
182004 milliseconds	4369 MB/s	19119 short_reads/s	0 short_writes_echo/s	22 cpu_user_milliseconds	961 cpu_system_milliseconds	0 minor_page_faults/s	0 major_page_faults/s	1633 yields/s	2 preempts/s
183004 milliseconds	4259 MB/s	17407 short_reads/s	0 short_writes_echo/s	35 cpu_user_milliseconds	933 cpu_system_milliseconds	0 minor_page_faults/s	0 major_page_faults/s	3788 yields/s	2 preempts/s
184004 milliseconds	4372 MB/s	19130 short_reads/s	0 short_writes_echo/s	20 cpu_user_milliseconds	964 cpu_system_milliseconds	0 minor_page_faults/s	0 major_page_faults/s	1516 yields/s	4 preempts/s
185004 milliseconds	4341 MB/s	18575 short_reads/s	0 short_writes_echo/s	30 cpu_user_milliseconds	948 cpu_system_milliseconds	0 minor_page_faults/s	0 major_page_faults/s	2701 yields/s	0 preempts/s
186004 milliseconds	4211 MB/s	17152 short_reads/s	0 short_writes_echo/s	24 cpu_user_milliseconds	945 cpu_system_milliseconds	0 minor_page_faults/s	0 major_page_faults/s	3766 yields/s	0 preempts/s
187004 milliseconds	4223 MB/s	18148 short_reads/s	0 short_writes_echo/s	34 cpu_user_milliseconds	946 cpu_system_milliseconds	0 minor_page_faults/s	0 major_page_faults/s	2391 yields/s	1 preempts/s
188004 milliseconds	4233 MB/s	17055 short_reads/s	0 short_writes_echo/s	30 cpu_user_milliseconds	933 cpu_system_milliseconds	0 minor_page_faults/s	0 major_page_faults/s	4534 yields/s	1 preempts/s
189004 milliseconds	4203 MB/s	16575 short_reads/s	0 short_writes_echo/s	40 cpu_user_milliseconds	919 cpu_system_milliseconds	0 minor_page_faults/s	0 major_page_faults/s	5218 yields/s	0 preempts/s
190004 milliseconds	4234 MB/s	17592 short_reads/s	0 short_writes_echo/s	32 cpu_user_milliseconds	936 cpu_system_milliseconds	0 minor_page_faults/s	0 major_page_faults/s	3824 yields/s	0 preempts/s
191004 milliseconds	4137 MB/s	16346 short_reads/s	0 short_writes_echo/s	35 cpu_user_milliseconds	942 cpu_system_milliseconds	0 minor_page_faults/s	0 major_page_faults/s	2607 yields/s	8 preempts/s
192004 milliseconds	4363 MB/s	18839 short_reads/s	0 short_writes_echo/s	27 cpu_user_milliseconds	955 cpu_system_milliseconds	0 minor_page_faults/s	0 major_page_faults/s	1680 yields/s	2 preempts/s
193004 milliseconds	4201 MB/s	17300 short_reads/s	0 short_writes_echo/s	36 cpu_user_milliseconds	923 cpu_system_milliseconds	0 minor_page_faults/s	0 major_page_faults/s	4422 yields/s	0 preempts/s
194005 milliseconds	4206 MB/s	17142 short_reads/s	0 short_writes_echo/s	31 cpu_user_milliseconds	933 cpu_system_milliseconds	0 minor_page_faults/s	0 major_page_faults/s	4500 yields/s	0 preempts/s
195005 milliseconds	4319 MB/s	18305 short_reads/s	0 short_writes_echo/s	33 cpu_user_milliseconds	943 cpu_system_milliseconds	0 minor_page_faults/s	0 major_page_faults/s	3010 yields/s	0 preempts/s
196005 milliseconds	4205 MB/s	17648 short_reads/s	0 short_writes_echo/s	31 cpu_user_milliseconds	946 cpu_system_milliseconds	0 minor_page_faults/s	0 major_page_faults/s	2813 yields/s	5 preempts/s
197005 milliseconds	4108 MB/s	16025 short_reads/s	0 short_writes_echo/s	36 cpu_user_milliseconds	914 cpu_system_milliseconds	0 minor_page_faults/s	0 major_page_faults/s	6260 yields/s	23 preempts/s
198005 milliseconds	4122 MB/s	15754 short_reads/s	0 short_writes_echo/s	36 cpu_user_milliseconds	911 cpu_system_milliseconds	0 minor_page_faults/s	0 major_page_faults/s	7132 yields/s	0 preempts/s
199005 milliseconds	4123 MB/s	15744 short_reads/s	0 short_writes_echo/s	28 cpu_user_milliseconds	920 cpu_system_milliseconds	0 minor_page_faults/s	0 major_page_faults/s	6894 yields/s	0 preempts/s
200005 milliseconds	4118 MB/s	16067 short_reads/s	0 short_writes_echo/s	45 cpu_user_milliseconds	907 cpu_system_milliseconds	0 minor_page_faults/s	0 major_page_faults/s	6327 yields/s	2 preempts/s
201005 milliseconds	4089 MB/s	16318 short_reads/s	0 short_writes_echo/s	35 cpu_user_milliseconds	927 cpu_system_milliseconds	0 minor_page_faults/s	0 major_page_faults/s	4625 yields/s	1 preempts/s
202005 milliseconds	4373 MB/s	18984 short_reads/s	0 short_writes_echo/s	38 cpu_user_milliseconds	944 cpu_system_milliseconds	0 minor_page_faults/s	0 major_page_faults/s	1892 yields/s	1 preempts/s
203005 milliseconds	4406 MB/s	19449 short_reads/s	0 short_writes_echo/s	34 cpu_user_milliseconds	957 cpu_system_milliseconds	0 minor_page_faults/s	0 major_page_faults/s	654 yields/s	3 preempts/s
204005 milliseconds	4175 MB/s	17877 short_reads/s	0 short_writes_echo/s	32 cpu_user_milliseconds	947 cpu_system_milliseconds	0 minor_page_faults/s	0 major_page_faults/s	2333 yields/s	2 preempts/s
205005 milliseconds	4301 MB/s	17919 short_reads/s	0 short_writes_echo/s	28 cpu_user_milliseconds	944 cpu_system_milliseconds	0 minor_page_faults/s	0 major_page_faults/s	3531 yields/s	0 preempts/s
206005 milliseconds	4197 MB/s	17550 short_reads/s	0 short_writes_echo/s	35 cpu_user_milliseconds	938 cpu_system_milliseconds	0 minor_page_faults/s	0 major_page_faults/s	2935 yields/s	0 preempts/s
207005 milliseconds	4256 MB/s	16842 short_reads/s	0 short_writes_echo/s	28 cpu_user_milliseconds	941 cpu_system_milliseconds	0 minor_page_faults/s	0 major_page_faults/s	3589 yields/s	3 preempts/s
208005 milliseconds	4277 MB/s	18333 short_reads/s	0 short_writes_echo/s	31 cpu_user_milliseconds	946 cpu_system_milliseconds	0 minor_page_faults/s	0 major_page_faults/s	2401 yields/s	1 preempts/s
209005 milliseconds	4307 MB/s	18219 short_reads/s	0 short_writes_echo/s	27 cpu_user_milliseconds	949 cpu_system_milliseconds	0 minor_page_faults/s	0 major_page_faults/s	2865 yields/s	0 preempts/s
210005 milliseconds	4265 MB/s	17730 short_reads/s	0 short_writes_echo/s	29 cpu_user_milliseconds	940 cpu_system_milliseconds	0 minor_page_faults/s	0 major_page_faults/s	3747 yields/s	0 preempts/s
211005 milliseconds	4150 MB/s	16861 short_reads/s	0 short_writes_echo/s	38 cpu_user_milliseconds	927 cpu_system_milliseconds	0 minor_page_faults/s	0 major_page_faults/s	3668 yields/s	0 preempts/s
212005 milliseconds	4300 MB/s	18242 short_reads/s	0 short_writes_echo/s	29 cpu_user_milliseconds	946 cpu_system_milliseconds	0 minor_page_faults/s	0 major_page_faults/s	2822 yields/s	14 preempts/s
213005 milliseconds	4075 MB/s	14642 short_reads/s	0 short_writes_echo/s	24 cpu_user_milliseconds	914 cpu_system_milliseconds	0 minor_page_faults/s	0 major_page_faults/s	8659 yields/s	0 preempts/s
214005 milliseconds	4108 MB/s	15337 short_reads/s	0 short_writes_echo/s	30 cpu_user_milliseconds	910 cpu_system_milliseconds	0 minor_page_faults/s	0 major_page_faults/s	8179 yields/s	0 preempts/s
215005 milliseconds	4291 MB/s	17995 short_reads/s	0 short_writes_echo/s	31 cpu_user_milliseconds	938 cpu_system_milliseconds	0 minor_page_faults/s	0 major_page_faults/s	3550 yields/s	7 preempts/s
216005 milliseconds	4164 MB/s	17665 short_reads/s	0 short_writes_echo/s	41 cpu_user_milliseconds	938 cpu_system_milliseconds	0 minor_page_faults/s	0 major_page_faults/s	2328 yields/s	4 preempts/s
217005 milliseconds	4325 MB/s	18165 short_reads/s	0 short_writes_echo/s	29 cpu_user_milliseconds	947 cpu_system_milliseconds	0 minor_page_faults/s	0 major_page_faults/s	2763 yields/s	0 preempts/s
218005 milliseconds	4305 MB/s	18217 short_reads/s	0 short_writes_echo/s	35 cpu_user_milliseconds	939 cpu_system_milliseconds	0 minor_page_faults/s	0 major_page_faults/s	2658 yields/s	1 preempts/s
219005 milliseconds	4327 MB/s	18403 short_reads/s	0 short_writes_echo/s	31 cpu_user_milliseconds	948 cpu_system_milliseconds	0 minor_page_faults/s	0 major_page_faults/s	2413 yields/s	5 preempts/s
220005 milliseconds	4245 MB/s	17342 short_reads/s	0 short_writes_echo/s	27 cpu_user_milliseconds	935 cpu_system_milliseconds	0 minor_page_faults/s	0 major_page_faults/s	4444 yields/s	2 preempts/s
221005 milliseconds	4077 MB/s	16071 short_reads/s	0 short_writes_echo/s	31 cpu_user_milliseconds	929 cpu_system_milliseconds	0 minor_page_faults/s	0 major_page_faults/s	5000 yields/s	24 preempts/s
222005 milliseconds	4080 MB/s	15278 short_reads/s	0 short_writes_echo/s	30 cpu_user_milliseconds	912 cpu_system_milliseconds	0 minor_page_faults/s	0 major_page_faults/s	8061 yields/s	0 preempts/s
223005 milliseconds	4099 MB/s	15279 short_reads/s	0 short_writes_echo/s	29 cpu_user_milliseconds	911 cpu_system_milliseconds	0 minor_page_faults/s	0 major_page_faults/s	8237 yields/s	0 preempts/s
224005 milliseconds	4115 MB/s	15510 short_reads/s	0 short_writes_echo/s	38 cpu_user_milliseconds	902 cpu_system_milliseconds	0 minor_page_faults/s	0 major_page_faults/s	7703 yields/s	22 preempts/s
225005 milliseconds	4091 MB/s	15135 short_reads/s	0 short_writes_echo/s	30 cpu_user_milliseconds	909 cpu_system_milliseconds	0 minor_page_faults/s	0 major_page_faults/s	8295 yields/s	3 preempts/s
226005 milliseconds	4031 MB/s	14583 short_reads/s	0 short_writes_echo/s	28 cpu_user_milliseconds	908 cpu_system_milliseconds	0 minor_page_faults/s	0 major_page_faults/s	8488 yields/s	1 preempts/s
227005 milliseconds	4140 MB/s	16013 short_reads/s	0 short_writes_echo/s	30 cpu_user_milliseconds	919 cpu_system_milliseconds	0 minor_page_faults/s	0 major_page_faults/s	6849 yields/s	12 preempts/s
228005 milliseconds	3978 MB/s	14815 short_reads/s	0 short_writes_echo/s	30 cpu_user_milliseconds	911 cpu_system_milliseconds	0 minor_page_faults/s	0 major_page_faults/s	7925 yields/s	1 preempts/s
229005 milliseconds	4224 MB/s	17719 short_reads/s	0 short_writes_echo/s	24 cpu_user_milliseconds	954 cpu_system_milliseconds	0 minor_page_faults/s	0 major_page_faults/s	2679 yields/s	2 preempts/s
230005 milliseconds	4284 MB/s	17200 short_reads/s	0 short_writes_echo/s	24 cpu_user_milliseconds	948 cpu_system_milliseconds	0 minor_page_faults/s	0 major_page_faults/s	3521 yields/s	0 preempts/s
231005 milliseconds	4128 MB/s	16572 short_reads/s	0 short_writes_echo/s	38 cpu_user_milliseconds	928 cpu_system_milliseconds	0 minor_page_faults/s	0 major_page_faults/s	3940 yields/s	4 preempts/s
232005 milliseconds	4230 MB/s	17925 short_reads/s	0 short_writes_echo/s	31 cpu_user_milliseconds	948 cpu_system_milliseconds	0 minor_page_faults/s	0 major_page_faults/s	2457 yields/s	1 preempts/s
233005 milliseconds	4019 MB/s	14591 short_reads/s	0 short_writes_echo/s	28 cpu_user_milliseconds	905 cpu_system_milliseconds	0 minor_page_faults/s	0 major_page_faults/s	9358 yields/s	18 preempts/s
234005 milliseconds	4057 MB/s	14989 short_reads/s	0 short_writes_echo/s	26 cpu_user_milliseconds	911 cpu_system_milliseconds	0 minor_page_faults/s	0 major_page_faults/s	8782 yields/s	0 preempts/s
235006 milliseconds	4078 MB/s	14900 short_reads/s	0 short_writes_echo/s	34 cpu_user_milliseconds	900 cpu_system_milliseconds	0 minor_page_faults/s	0 major_page_faults/s	8997 yields/s	0 preempts/s
236006 milliseconds	4076 MB/s	15495 short_reads/s	0 short_writes_echo/s	36 cpu_user_milliseconds	913 cpu_system_milliseconds	0 minor_page_faults/s	0 major_page_faults/s	6854 yields/s	2 preempts/s
237006 milliseconds	4311 MB/s	18715 short_reads/s	0 short_writes_echo/s	35 cpu_user_milliseconds	948 cpu_system_milliseconds	0 minor_page_faults/s	0 major_page_faults/s	1625 yields/s	0 preempts/s
238006 milliseconds	3954 MB/s	14655 short_reads/s	0 short_writes_echo/s	21 cpu_user_milliseconds	920 cpu_system_milliseconds	0 minor_page_faults/s	0 major_page_faults/s	8239 yields/s	3 preempts/s
239006 milliseconds	4118 MB/s	15365 short_reads/s	0 short_writes_echo/s	34 cpu_user_milliseconds	907 cpu_system_milliseconds	0 minor_page_faults/s	0 major_page_faults/s	8036 yields/s	0 preempts/s
240006 milliseconds	4040 MB/s	14453 short_reads/s	0 short_writes_echo/s	29 cpu_user_milliseconds	901 cpu_system_milliseconds	0 minor_page_faults/s	0 major_page_faults/s	10069 yields/s	0 preempts/s
