1000 milliseconds	2539 MB/s	0 short_reads/s	0 short_writes_echo/s	149 cpu_user_milliseconds	849 cpu_system_milliseconds	184 minor_page_faults/s	0 major_page_faults/s	471 yields/s	5 preempts/s
2000 milliseconds	2637 MB/s	0 short_reads/s	0 short_writes_echo/s	147 cpu_user_milliseconds	848 cpu_system_milliseconds	2 minor_page_faults/s	0 major_page_faults/s	621 yields/s	1 preempts/s
3000 milliseconds	2536 MB/s	0 short_reads/s	0 short_writes_echo/s	127 cpu_user_milliseconds	865 cpu_system_milliseconds	0 minor_page_faults/s	0 major_page_faults/s	1473 yields/s	3 preempts/s
4000 milliseconds	2621 MB/s	0 short_reads/s	0 short_writes_echo/s	156 cpu_user_milliseconds	839 cpu_system_milliseconds	0 minor_page_faults/s	0 major_page_faults/s	219 yields/s	4 preempts/s
5000 milliseconds	2601 MB/s	0 short_reads/s	0 short_writes_echo/s	130 cpu_user_milliseconds	864 cpu_system_milliseconds	0 minor_page_faults/s	0 major_page_faults/s	884 yields/s	3 preempts/s
6000 milliseconds	2561 MB/s	0 short_reads/s	0 short_writes_echo/s	130 cpu_user_milliseconds	863 cpu_system_milliseconds	0 minor_page_faults/s	0 major_page_faults/s	667 yields/s	3 preempts/s
7000 milliseconds	2546 MB/s	0 short_reads/s	0 short_writes_echo/s	136 cpu_user_milliseconds	862 cpu_system_milliseconds	0 minor_page_faults/s	0 major_page_faults/s	210 yields/s	4 preempts/s
8000 milliseconds	2510 MB/s	0 short_reads/s	0 short_writes_echo/s	153 cpu_user_milliseconds	836 cpu_system_milliseconds	0 minor_page_faults/s	0 major_page_faults/s	2347 yields/s	25 preempts/s
9000 milliseconds	2467 MB/s	0 short_reads/s	0 short_writes_echo/s	163 cpu_user_milliseconds	809 cpu_system_milliseconds	0 minor_page_faults/s	0 major_page_faults/s	1313 yields/s	5 preempts/s
10000 milliseconds	2505 MB/s	0 short_reads/s	0 short_writes_echo/s	139 cpu_user_milliseconds	857 cpu_system_milliseconds	0 minor_page_faults/s	0 major_page_faults/s	529 yields/s	3 preempts/s
11000 milliseconds	2503 MB/s	0 short_reads/s	0 short_writes_echo/s	132 cpu_user_milliseconds	864 cpu_system_milliseconds	0 minor_page_faults/s	0 major_page_faults/s	843 yields/s	1 preempts/s
12000 milliseconds	2539 MB/s	0 short_reads/s	0 short_writes_echo/s	167 cpu_user_milliseconds	827 cpu_system_milliseconds	0 minor_page_faults/s	0 major_page_faults/s	1246 yields/s	8 preempts/s
13000 milliseconds	2488 MB/s	0 short_reads/s	0 short_writes_echo/s	147 cpu_user_milliseconds	842 cpu_system_milliseconds	0 minor_page_faults/s	0 major_page_faults/s	2740 yields/s	6 preempts/s
14000 milliseconds	2537 MB/s	0 short_reads/s	0 short_writes_echo/s	144 cpu_user_milliseconds	850 cpu_system_milliseconds	0 minor_page_faults/s	0 major_page_faults/s	515 yields/s	24 preempts/s
15000 milliseconds	2530 MB/s	0 short_reads/s	0 short_writes_echo/s	160 cpu_user_milliseconds	835 cpu_system_milliseconds	0 minor_page_faults/s	0 major_page_faults/s	535 yields/s	26 preempts/s
16000 milliseconds	2546 MB/s	0 short_reads/s	0 short_writes_echo/s	139 cpu_user_milliseconds	856 cpu_system_milliseconds	0 minor_page_faults/s	0 major_page_faults/s	311 yields/s	25 preempts/s
17000 milliseconds	2535 MB/s	0 short_reads/s	0 short_writes_echo/s	153 cpu_user_milliseconds	843 cpu_system_milliseconds	0 minor_page_faults/s	0 major_page_faults/s	668 yields/s	7 preempts/s
18000 milliseconds	2499 MB/s	0 short_reads/s	0 short_writes_echo/s	151 cpu_user_milliseconds	841 cpu_system_milliseconds	0 minor_page_faults/s	0 major_page_faults/s	2185 yields/s	1 preempts/s
19000 milliseconds	2564 MB/s	0 short_reads/s	0 short_writes_echo/s	141 cpu_user_milliseconds	854 cpu_system_milliseconds	0 minor_page_faults/s	0 major_page_faults/s	464 yields/s	24 preempts/s
20000 milliseconds	2567 MB/s	0 short_reads/s	0 short_writes_echo/s	140 cpu_user_milliseconds	856 cpu_system_milliseconds	0 minor_page_faults/s	0 major_page_faults/s	520 yields/s	20 preempts/s
21000 milliseconds	2551 MB/s	0 short_reads/s	0 short_writes_echo/s	144 cpu_user_milliseconds	852 cpu_system_milliseconds	0 minor_page_faults/s	0 major_page_faults/s	586 yields/s	15 preempts/s
22000 milliseconds	2563 MB/s	0 short_reads/s	0 short_writes_echo/s	122 cpu_user_milliseconds	876 cpu_system_milliseconds	0 minor_page_faults/s	0 major_page_faults/s	276 yields/s	5 preempts/s
23000 milliseconds	2514 MB/s	0 short_reads/s	0 short_writes_echo/s	156 cpu_user_milliseconds	834 cpu_system_milliseconds	0 minor_page_faults/s	0 major_page_faults/s	2184 yields/s	26 preempts/s
24000 milliseconds	2555 MB/s	0 short_reads/s	0 short_writes_echo/s	141 cpu_user_milliseconds	855 cpu_system_milliseconds	0 minor_page_faults/s	0 major_page_faults/s	255 yields/s	4 preempts/s
25000 milliseconds	2504 MB/s	0 short_reads/s	0 short_writes_echo/s	148 cpu_user_milliseconds	843 cpu_system_milliseconds	0 minor_page_faults/s	0 major_page_faults/s	1123 yields/s	46 preempts/s
26000 milliseconds	2563 MB/s	0 short_reads/s	0 short_writes_echo/s	164 cpu_user_milliseconds	832 cpu_system_milliseconds	0 minor_page_faults/s	0 major_page_faults/s	652 yields/s	3 preempts/s
27000 milliseconds	2535 MB/s	0 short_reads/s	0 short_writes_echo/s	128 cpu_user_milliseconds	868 cpu_system_milliseconds	0 minor_page_faults/s	0 major_page_faults/s	720 yields/s	2 preempts/s
28000 milliseconds	2501 MB/s	0 short_reads/s	0 short_writes_echo/s	159 cpu_user_milliseconds	831 cpu_system_milliseconds	0 minor_page_faults/s	0 major_page_faults/s	2485 yields/s	5 preempts/s
29000 milliseconds	2582 MB/s	0 short_reads/s	0 short_writes_echo/s	152 cpu_user_milliseconds	840 cpu_system_milliseconds	0 minor_page_faults/s	0 major_page_faults/s	1455 yields/s	6 preempts/s
30000 milliseconds	2558 MB/s	0 short_reads/s	0 short_writes_echo/s	164 cpu_user_milliseconds	828 cpu_system_milliseconds	0 minor_page_faults/s	0 major_page_faults/s	1294 yields/s	4 preempts/s
31000 milliseconds	2563 MB/s	0 short_reads/s	0 short_writes_echo/s	133 cpu_user_milliseconds	861 cpu_system_milliseconds	0 minor_page_faults/s	0 major_page_faults/s	1345 yields/s	5 preempts/s
32000 milliseconds	2531 MB/s	0 short_reads/s	0 short_writes_echo/s	130 cpu_user_milliseconds	863 cpu_system_milliseconds	0 minor_page_faults/s	0 major_page_faults/s	1299 yields/s	3 preempts/s
33000 milliseconds	2479 MB/s	0 short_reads/s	0 short_writes_echo/s	139 cpu_user_milliseconds	848 cpu_system_milliseconds	0 minor_page_faults/s	0 major_page_faults/s	3612 yields/s	1 preempts/s
34000 milliseconds	2546 MB/s	0 short_reads/s	0 short_writes_echo/s	152 cpu_user_milliseconds	841 cpu_system_milliseconds	0 minor_page_faults/s	0 major_page_faults/s	1338 yields/s	5 preempts/s
35000 milliseconds	2479 MB/s	0 short_reads/s	0 short_writes_echo/s	147 cpu_user_milliseconds	845 cpu_system_milliseconds	0 minor_page_faults/s	0 major_page_faults/s	1398 yields/s	8 preempts/s
36000 milliseconds	2546 MB/s	0 short_reads/s	0 short_writes_echo/s	160 cpu_user_milliseconds	833 cpu_system_milliseconds	0 minor_page_faults/s	0 major_page_faults/s	1398 yields/s	0 preempts/s
37000 milliseconds	2545 MB/s	0 short_reads/s	0 short_writes_echo/s	131 cpu_user_milliseconds	862 cpu_system_milliseconds	0 minor_page_faults/s	0 major_page_faults/s	1250 yields/s	1 preempts/s
38000 milliseconds	2510 MB/s	0 short_reads/s	0 short_writes_echo/s	165 cpu_user_milliseconds	820 cpu_system_milliseconds	0 minor_page_faults/s	0 major_page_faults/s	3234 yields/s	0 preempts/s
39000 milliseconds	2566 MB/s	0 short_reads/s	0 short_writes_echo/s	147 cpu_user_milliseconds	847 cpu_system_milliseconds	0 minor_page_faults/s	0 major_page_faults/s	622 yields/s	3 preempts/s
40000 milliseconds	2553 MB/s	0 short_reads/s	0 short_writes_echo/s	170 cpu_user_milliseconds	824 cpu_system_milliseconds	0 minor_page_faults/s	0 major_page_faults/s	1284 yields/s	1 preempts/s
41000 milliseconds	2525 MB/s	0 short_reads/s	0 short_writes_echo/s	159 cpu_user_milliseconds	832 cpu_system_milliseconds	0 minor_page_faults/s	0 major_page_faults/s	2232 yields/s	1 preempts/s
42000 milliseconds	2526 MB/s	0 short_reads/s	0 short_writes_echo/s	150 cpu_user_milliseconds	843 cpu_system_milliseconds	0 minor_page_faults/s	0 major_page_faults/s	1706 yields/s	0 preempts/s
43000 milliseconds	2538 MB/s	0 short_reads/s	0 short_writes_echo/s	159 cpu_user_milliseconds	832 cpu_system_milliseconds	0 minor_page_faults/s	0 major_page_faults/s	1997 yields/s	0 preempts/s
44000 milliseconds	2601 MB/s	0 short_reads/s	0 short_writes_echo/s	163 cpu_user_milliseconds	832 cpu_system_milliseconds	0 minor_page_faults/s	0 major_page_faults/s	475 yields/s	0 preempts/s
45000 milliseconds	2562 MB/s	0 short_reads/s	0 short_writes_echo/s	166 cpu_user_milliseconds	825 cpu_system_milliseconds	0 minor_page_faults/s	0 major_page_faults/s	497 yields/s	3 preempts/s
46000 milliseconds	2483 MB/s	0 short_reads/s	0 short_writes_echo/s	143 cpu_user_milliseconds	846 cpu_system_milliseconds	0 minor_page_faults/s	0 major_page_faults/s	1726 yields/s	0 preempts/s
47000 milliseconds	2510 MB/s	0 short_reads/s	0 short_writes_echo/s	142 cpu_user_milliseconds	849 cpu_system_milliseconds	0 minor_page_faults/s	0 major_page_faults/s	2106 yields/s	6 preempts/s
48000 milliseconds	2530 MB/s	0 short_reads/s	0 short_writes_echo/s	155 cpu_user_milliseconds	835 cpu_system_milliseconds	0 minor_page_faults/s	0 major_page_faults/s	2870 yields/s	1 preempts/s
49000 milliseconds	2618 MB/s	0 short_reads/s	0 short_writes_echo/s	161 cpu_user_milliseconds	831 cpu_system_milliseconds	0 minor_page_faults/s	0 major_page_faults/s	1424 yields/s	2 preempts/s
50000 milliseconds	2557 MB/s	0 short_reads/s	0 short_writes_echo/s	156 cpu_user_milliseconds	837 cpu_system_milliseconds	0 minor_page_faults/s	0 major_page_faults/s	1438 yields/s	2 preempts/s
51000 milliseconds	2595 MB/s	0 short_reads/s	0 short_writes_echo/s	158 cpu_user_milliseconds	837 cpu_system_milliseconds	0 minor_page_faults/s	0 major_page_faults/s	1021 yields/s	1 preempts/s
52000 milliseconds	2606 MB/s	0 short_reads/s	0 short_writes_echo/s	139 cpu_user_milliseconds	856 cpu_system_milliseconds	0 minor_page_faults/s	0 major_page_faults/s	1088 yields/s	3 preempts/s
53000 milliseconds	2475 MB/s	0 short_reads/s	0 short_writes_echo/s	175 cpu_user_milliseconds	806 cpu_system_milliseconds	0 minor_page_faults/s	0 major_page_faults/s	4417 yields/s	5 preempts/s
54000 milliseconds	2547 MB/s	0 short_reads/s	0 short_writes_echo/s	150 cpu_user_milliseconds	842 cpu_system_milliseconds	0 minor_page_faults/s	0 major_page_faults/s	1324 yields/s	5 preempts/s
55000 milliseconds	2508 MB/s	0 short_reads/s	0 short_writes_echo/s	136 cpu_user_milliseconds	857 cpu_system_milliseconds	0 minor_page_faults/s	0 major_page_faults/s	1528 yields/s	6 preempts/s
56000 milliseconds	2532 MB/s	0 short_reads/s	0 short_writes_echo/s	141 cpu_user_milliseconds	853 cpu_system_milliseconds	0 minor_page_faults/s	0 major_page_faults/s	1424 yields/s	8 preempts/s
57000 milliseconds	2576 MB/s	0 short_reads/s	0 short_writes_echo/s	138 cpu_user_milliseconds	855 cpu_system_milliseconds	0 minor_page_faults/s	0 major_page_faults/s	1192 yields/s	4 preempts/s
58000 milliseconds	2537 MB/s	0 short_reads/s	0 short_writes_echo/s	141 cpu_user_milliseconds	848 cpu_system_milliseconds	0 minor_page_faults/s	0 major_page_faults/s	2368 yields/s	4 preempts/s
59000 milliseconds	2547 MB/s	0 short_reads/s	0 short_writes_echo/s	140 cpu_user_milliseconds	853 cpu_system_milliseconds	0 minor_page_faults/s	0 major_page_faults/s	495 yields/s	0 preempts/s
60000 milliseconds	2581 MB/s	0 short_reads/s	0 short_writes_echo/s	141 cpu_user_milliseconds	853 cpu_system_milliseconds	0 minor_page_faults/s	0 major_page_faults/s	609 yields/s	0 preempts/s
61000 milliseconds	2558 MB/s	0 short_reads/s	0 short_writes_echo/s	118 cpu_user_milliseconds	874 cpu_system_milliseconds	0 minor_page_faults/s	0 major_page_faults/s	1179 yields/s	1 preempts/s
62000 milliseconds	2558 MB/s	0 short_reads/s	0 short_writes_echo/s	142 cpu_user_milliseconds	852 cpu_system_milliseconds	0 minor_page_faults/s	0 major_page_faults/s	1105 yields/s	0 preempts/s
63000 milliseconds	2527 MB/s	0 short_reads/s	0 short_writes_echo/s	133 cpu_user_milliseconds	853 cpu_system_milliseconds	0 minor_page_faults/s	0 major_page_faults/s	3355 yields/s	3 preempts/s
64000 milliseconds	2545 MB/s	0 short_reads/s	0 short_writes_echo/s	145 cpu_user_milliseconds	849 cpu_system_milliseconds	0 minor_page_faults/s	0 major_page_faults/s	529 yields/s	0 preempts/s
65000 milliseconds	2557 MB/s	0 short_reads/s	0 short_writes_echo/s	160 cpu_user_milliseconds	833 cpu_system_milliseconds	0 minor_page_faults/s	0 major_page_faults/s	1205 yields/s	2 preempts/s
66000 milliseconds	2565 MB/s	0 short_reads/s	0 short_writes_echo/s	164 cpu_user_milliseconds	830 cpu_system_milliseconds	0 minor_page_faults/s	0 major_page_faults/s	1429 yields/s	1 preempts/s
67000 milliseconds	2575 MB/s	0 short_reads/s	0 short_writes_echo/s	138 cpu_user_milliseconds	857 cpu_system_milliseconds	0 minor_page_faults/s	0 major_page_faults/s	1282 yields/s	0 preempts/s
68000 milliseconds	2542 MB/s	0 short_reads/s	0 short_writes_echo/s	146 cpu_user_milliseconds	842 cpu_system_milliseconds	0 minor_page_faults/s	0 major_page_faults/s	2960 yields/s	0 preempts/s
69000 milliseconds	2479 MB/s	0 short_reads/s	0 short_writes_echo/s	141 cpu_user_milliseconds	843 cpu_system_milliseconds	0 minor_page_faults/s	0 major_page_faults/s	926 yields/s	4 preempts/s
70000 milliseconds	2553 MB/s	0 short_reads/s	0 short_writes_echo/s	134 cpu_user_milliseconds	861 cpu_system_milliseconds	0 minor_page_faults/s	0 major_page_faults/s	489 yields/s	21 preempts/s
71000 milliseconds	2569 MB/s	0 short_reads/s	0 short_writes_echo/s	144 cpu_user_milliseconds	851 cpu_system_milliseconds	0 minor_page_faults/s	0 major_page_faults/s	1116 yields/s	4 preempts/s
72000 milliseconds	2552 MB/s	0 short_reads/s	0 short_writes_echo/s	157 cpu_user_milliseconds	836 cpu_system_milliseconds	0 minor_page_faults/s	0 major_page_faults/s	1086 yields/s	5 preempts/s
73000 milliseconds	2483 MB/s	0 short_reads/s	0 short_writes_echo/s	151 cpu_user_milliseconds	835 cpu_system_milliseconds	0 minor_page_faults/s	0 major_page_faults/s	2610 yields/s	2 preempts/s
74000 milliseconds	2556 MB/s	0 short_reads/s	0 short_writes_echo/s	155 cpu_user_milliseconds	839 cpu_system_milliseconds	0 minor_page_faults/s	0 major_page_faults/s	479 yields/s	0 preempts/s
75000 milliseconds	2594 MB/s	0 short_reads/s	0 short_writes_echo/s	134 cpu_user_milliseconds	862 cpu_system_milliseconds	0 minor_page_faults/s	0 major_page_faults/s	197 yields/s	1 preempts/s
76000 milliseconds	2582 MB/s	0 short_reads/s	0 short_writes_echo/s	137 cpu_user_milliseconds	858 cpu_system_milliseconds	0 minor_page_faults/s	0 major_page_faults/s	292 yields/s	2 preempts/s
77000 milliseconds	2576 MB/s	0 short_reads/s	0 short_writes_echo/s	161 cpu_user_milliseconds	830 cpu_system_milliseconds	0 minor_page_faults/s	0 major_page_faults/s	945 yields/s	1 preempts/s
78000 milliseconds	2566 MB/s	0 short_reads/s	0 short_writes_echo/s	166 cpu_user_milliseconds	823 cpu_system_milliseconds	0 minor_page_faults/s	0 major_page_faults/s	3023 yields/s	4 preempts/s
79000 milliseconds	2581 MB/s	0 short_reads/s	0 short_writes_echo/s	145 cpu_user_milliseconds	848 cpu_system_milliseconds	0 minor_page_faults/s	0 major_page_faults/s	1311 yields/s	6 preempts/s
80000 milliseconds	2563 MB/s	0 short_reads/s	0 short_writes_echo/s	157 cpu_user_milliseconds	837 cpu_system_milliseconds	0 minor_page_faults/s	0 major_page_faults/s	953 yields/s	5 preempts/s
81000 milliseconds	2566 MB/s	0 short_reads/s	0 short_writes_echo/s	137 cpu_user_milliseconds	855 cpu_system_milliseconds	0 minor_page_faults/s	0 major_page_faults/s	1612 yields/s	2 preempts/s
82000 milliseconds	2560 MB/s	0 short_reads/s	0 short_writes_echo/s	151 cpu_user_milliseconds	843 cpu_system_milliseconds	0 minor_page_faults/s	0 major_page_faults/s	1419 yields/s	2 preempts/s
83000 milliseconds	2528 MB/s	0 short_reads/s	0 short_writes_echo/s	141 cpu_user_milliseconds	843 cpu_system_milliseconds	0 minor_page_faults/s	0 major_page_faults/s	3885 yields/s	0 preempts/s
84000 milliseconds	2565 MB/s	0 short_reads/s	0 short_writes_echo/s	169 cpu_user_milliseconds	823 cpu_system_milliseconds	0 minor_page_faults/s	0 major_page_faults/s	979 yields/s	0 preempts/s
85000 milliseconds	2538 MB/s	0 short_reads/s	0 short_writes_echo/s	178 cpu_user_milliseconds	818 cpu_system_milliseconds	0 minor_page_faults/s	0 major_page_faults/s	640 yields/s	3 preempts/s
86000 milliseconds	2536 MB/s	0 short_reads/s	0 short_writes_echo/s	162 cpu_user_milliseconds	835 cpu_system_milliseconds	0 minor_page_faults/s	0 major_page_faults/s	566 yields/s	4 preempts/s
87000 milliseconds	2533 MB/s	0 short_reads/s	0 short_writes_echo/s	157 cpu_user_milliseconds	840 cpu_system_milliseconds	0 minor_page_faults/s	0 major_page_faults/s	729 yields/s	5 preempts/s
88000 milliseconds	2512 MB/s	0 short_reads/s	0 short_writes_echo/s	149 cpu_user_milliseconds	844 cpu_system_milliseconds	0 minor_page_faults/s	0 major_page_faults/s	1695 yields/s	7 preempts/s
89000 milliseconds	2526 MB/s	0 short_reads/s	0 short_writes_echo/s	138 cpu_user_milliseconds	853 cpu_system_milliseconds	0 minor_page_faults/s	0 major_page_faults/s	1033 yields/s	46 preempts/s
90000 milliseconds	2557 MB/s	0 short_reads/s	0 short_writes_echo/s	151 cpu_user_milliseconds	843 cpu_system_milliseconds	0 minor_page_faults/s	0 major_page_faults/s	855 yields/s	22 preempts/s
91000 milliseconds	2514 MB/s	0 short_reads/s	0 short_writes_echo/s	133 cpu_user_milliseconds	863 cpu_system_milliseconds	0 minor_page_faults/s	0 major_page_faults/s	1136 yields/s	0 preempts/s
92000 milliseconds	2565 MB/s	0 short_reads/s	0 short_writes_echo/s	133 cpu_user_milliseconds	865 cpu_system_milliseconds	0 minor_page_faults/s	0 major_page_faults/s	235 yields/s	2 preempts/s
93000 milliseconds	2484 MB/s	0 short_reads/s	0 short_writes_echo/s	145 cpu_user_milliseconds	836 cpu_system_milliseconds	0 minor_page_faults/s	0 major_page_faults/s	4182 yields/s	47 preempts/s
94000 milliseconds	2573 MB/s	0 short_reads/s	0 short_writes_echo/s	147 cpu_user_milliseconds	850 cpu_system_milliseconds	0 minor_page_faults/s	0 major_page_faults/s	419 yields/s	2 preempts/s
95000 milliseconds	2490 MB/s	0 short_reads/s	0 short_writes_echo/s	165 cpu_user_milliseconds	830 cpu_system_milliseconds	0 minor_page_faults/s	0 major_page_faults/s	738 yields/s	2 preempts/s
96000 milliseconds	2586 MB/s	0 short_reads/s	0 short_writes_echo/s	174 cpu_user_milliseconds	823 cpu_system_milliseconds	0 minor_page_faults/s	0 major_page_faults/s	308 yields/s	2 preempts/s
97000 milliseconds	2536 MB/s	0 short_reads/s	0 short_writes_echo/s	154 cpu_user_milliseconds	844 cpu_system_milliseconds	0 minor_page_faults/s	0 major_page_faults/s	188 yields/s	1 preempts/s
98000 milliseconds	2516 MB/s	0 short_reads/s	0 short_writes_echo/s	152 cpu_user_milliseconds	842 cpu_system_milliseconds	0 minor_page_faults/s	0 major_page_faults/s	926 yields/s	23 preempts/s
99000 milliseconds	2517 MB/s	0 short_reads/s	0 short_writes_echo/s	166 cpu_user_milliseconds	831 cpu_system_milliseconds	0 minor_page_faults/s	0 major_page_faults/s	547 yields/s	1 preempts/s
100000 milliseconds	2525 MB/s	0 short_reads/s	0 short_writes_echo/s	133 cpu_user_milliseconds	865 cpu_system_milliseconds	0 minor_page_faults/s	0 major_page_faults/s	290 yields/s	2 preempts/s
101000 milliseconds	2517 MB/s	0 short_reads/s	0 short_writes_echo/s	147 cpu_user_milliseconds	848 cpu_system_milliseconds	0 minor_page_faults/s	0 major_page_faults/s	1115 yields/s	4 preempts/s
102000 milliseconds	2563 MB/s	0 short_reads/s	0 short_writes_echo/s	139 cpu_user_milliseconds	857 cpu_system_milliseconds	0 minor_page_faults/s	0 major_page_faults/s	538 yields/s	1 preempts/s
103000 milliseconds	2469 MB/s	0 short_reads/s	0 short_writes_echo/s	151 cpu_user_milliseconds	842 cpu_system_milliseconds	0 minor_page_faults/s	0 major_page_faults/s	996 yields/s	16 preempts/s
104000 milliseconds	2548 MB/s	0 short_reads/s	0 short_writes_echo/s	139 cpu_user_milliseconds	857 cpu_system_milliseconds	0 minor_page_faults/s	0 major_page_faults/s	499 yields/s	3 preempts/s
105000 milliseconds	2509 MB/s	0 short_reads/s	0 short_writes_echo/s	139 cpu_user_milliseconds	858 cpu_system_milliseconds	0 minor_page_faults/s	0 major_page_faults/s	573 yields/s	3 preempts/s
106000 milliseconds	2433 MB/s	0 short_reads/s	0 short_writes_echo/s	133 cpu_user_milliseconds	851 cpu_system_milliseconds	0 minor_page_faults/s	0 major_page_faults/s	2221 yields/s	20 preempts/s
107000 milliseconds	2540 MB/s	0 short_reads/s	0 short_writes_echo/s	153 cpu_user_milliseconds	840 cpu_system_milliseconds	0 minor_page_faults/s	0 major_page_faults/s	732 yields/s	36 preempts/s
108000 milliseconds	2495 MB/s	0 short_reads/s	0 short_writes_echo/s	166 cpu_user_milliseconds	828 cpu_system_milliseconds	0 minor_page_faults/s	0 major_page_faults/s	1340 yields/s	4 preempts/s
109000 milliseconds	2552 MB/s	0 short_reads/s	0 short_writes_echo/s	152 cpu_user_milliseconds	844 cpu_system_milliseconds	0 minor_page_faults/s	0 major_page_faults/s	806 yields/s	4 preempts/s
110000 milliseconds	2564 MB/s	0 short_reads/s	0 short_writes_echo/s	145 cpu_user_milliseconds	851 cpu_system_milliseconds	0 minor_page_faults/s	0 major_page_faults/s	566 yields/s	0 preempts/s
111000 milliseconds	2508 MB/s	0 short_reads/s	0 short_writes_echo/s	142 cpu_user_milliseconds	852 cpu_system_milliseconds	0 minor_page_faults/s	0 major_page_faults/s	1178 yields/s	1 preempts/s
112000 milliseconds	2563 MB/s	0 short_reads/s	0 short_writes_echo/s	141 cpu_user_milliseconds	856 cpu_system_milliseconds	0 minor_page_faults/s	0 major_page_faults/s	596 yields/s	1 preempts/s
113000 milliseconds	2500 MB/s	0 short_reads/s	0 short_writes_echo/s	139 cpu_user_milliseconds	849 cpu_system_milliseconds	0 minor_page_faults/s	0 major_page_faults/s	3198 yields/s	3 preempts/s
114000 milliseconds	2560 MB/s	0 short_reads/s	0 short_writes_echo/s	161 cpu_user_milliseconds	836 cpu_system_milliseconds	0 minor_page_faults/s	0 major_page_faults/s	200 yields/s	0 preempts/s
115000 milliseconds	2561 MB/s	0 short_reads/s	0 short_writes_echo/s	143 cpu_user_milliseconds	854 cpu_system_milliseconds	0 minor_page_faults/s	0 major_page_faults/s	548 yields/s	2 preempts/s
116000 milliseconds	2560 MB/s	0 short_reads/s	0 short_writes_echo/s	158 cpu_user_milliseconds	837 cpu_system_milliseconds	0 minor_page_faults/s	0 major_page_faults/s	1404 yields/s	1 preempts/s
117000 milliseconds	2562 MB/s	0 short_reads/s	0 short_writes_echo/s	139 cpu_user_milliseconds	858 cpu_system_milliseconds	0 minor_page_faults/s	0 major_page_faults/s	256 yields/s	3 preempts/s
118000 milliseconds	2477 MB/s	0 short_reads/s	0 short_writes_echo/s	150 cpu_user_milliseconds	836 cpu_system_milliseconds	0 minor_page_faults/s	0 major_page_faults/s	3734 yields/s	22 preempts/s
119000 milliseconds	2523 MB/s	0 short_reads/s	0 short_writes_echo/s	154 cpu_user_milliseconds	843 cpu_system_milliseconds	0 minor_page_faults/s	0 major_page_faults/s	244 yields/s	2 preempts/s
120000 milliseconds	2521 MB/s	0 short_reads/s	0 short_writes_echo/s	136 cpu_user_milliseconds	861 cpu_system_milliseconds	0 minor_page_faults/s	0 major_page_faults/s	312 yields/s	0 preempts/s
121000 milliseconds	2535 MB/s	0 short_reads/s	0 short_writes_echo/s	159 cpu_user_milliseconds	838 cpu_system_milliseconds	0 minor_page_faults/s	0 major_page_faults/s	546 yields/s	3 preempts/s
122000 milliseconds	2579 MB/s	0 short_reads/s	0 short_writes_echo/s	154 cpu_user_milliseconds	845 cpu_system_milliseconds	0 minor_page_faults/s	0 major_page_faults/s	153 yields/s	3 preempts/s
123000 milliseconds	2507 MB/s	0 short_reads/s	0 short_writes_echo/s	151 cpu_user_milliseconds	841 cpu_system_milliseconds	0 minor_page_faults/s	0 major_page_faults/s	2183 yields/s	5 preempts/s
124000 milliseconds	2514 MB/s	0 short_reads/s	0 short_writes_echo/s	155 cpu_user_milliseconds	834 cpu_system_milliseconds	0 minor_page_faults/s	0 major_page_faults/s	2031 yields/s	6 preempts/s
125000 milliseconds	2538 MB/s	0 short_reads/s	0 short_writes_echo/s	163 cpu_user_milliseconds	827 cpu_system_milliseconds	0 minor_page_faults/s	0 major_page_faults/s	1743 yields/s	0 preempts/s
126000 milliseconds	2569 MB/s	0 short_reads/s	0 short_writes_echo/s	140 cpu_user_milliseconds	852 cpu_system_milliseconds	0 minor_page_faults/s	0 major_page_faults/s	1252 yields/s	2 preempts/s
127000 milliseconds	2592 MB/s	0 short_reads/s	0 short_writes_echo/s	140 cpu_user_milliseconds	854 cpu_system_milliseconds	0 minor_page_faults/s	0 major_page_faults/s	1231 yields/s	1 preempts/s
128000 milliseconds	2518 MB/s	0 short_reads/s	0 short_writes_echo/s	129 cpu_user_milliseconds	861 cpu_system_milliseconds	0 minor_page_faults/s	0 major_page_faults/s	2367 yields/s	5 preempts/s
129000 milliseconds	2471 MB/s	0 short_reads/s	0 short_writes_echo/s	159 cpu_user_milliseconds	836 cpu_system_milliseconds	0 minor_page_faults/s	0 major_page_faults/s	643 yields/s	6 preempts/s
130000 milliseconds	2511 MB/s	0 short_reads/s	0 short_writes_echo/s	158 cpu_user_milliseconds	835 cpu_system_milliseconds	0 minor_page_faults/s	0 major_page_faults/s	943 yields/s	23 preempts/s
131000 milliseconds	2442 MB/s	0 short_reads/s	0 short_writes_echo/s	133 cpu_user_milliseconds	857 cpu_system_milliseconds	0 minor_page_faults/s	0 major_page_faults/s	2203 yields/s	0 preempts/s
132000 milliseconds	2589 MB/s	0 short_reads/s	0 short_writes_echo/s	131 cpu_user_milliseconds	864 cpu_system_milliseconds	0 minor_page_faults/s	0 major_page_faults/s	819 yields/s	3 preempts/s
133000 milliseconds	2528 MB/s	0 short_reads/s	0 short_writes_echo/s	185 cpu_user_milliseconds	803 cpu_system_milliseconds	0 minor_page_faults/s	0 major_page_faults/s	3102 yields/s	2 preempts/s
134000 milliseconds	2555 MB/s	0 short_reads/s	0 short_writes_echo/s	133 cpu_user_milliseconds	862 cpu_system_milliseconds	0 minor_page_faults/s	0 major_page_faults/s	819 yields/s	5 preempts/s
135000 milliseconds	2558 MB/s	0 short_reads/s	0 short_writes_echo/s	157 cpu_user_milliseconds	839 cpu_system_milliseconds	0 minor_page_faults/s	0 major_page_faults/s	743 yields/s	1 preempts/s
136000 milliseconds	2536 MB/s	0 short_reads/s	0 short_writes_echo/s	151 cpu_user_milliseconds	847 cpu_system_milliseconds	0 minor_page_faults/s	0 major_page_faults/s	418 yields/s	1 preempts/s
137000 milliseconds	2513 MB/s	0 short_reads/s	0 short_writes_echo/s	141 cpu_user_milliseconds	855 cpu_system_milliseconds	0 minor_page_faults/s	0 major_page_faults/s	387 yields/s	1 preempts/s
138000 milliseconds	2490 MB/s	0 short_reads/s	0 short_writes_echo/s	127 cpu_user_milliseconds	863 cpu_system_milliseconds	0 minor_page_faults/s	0 major_page_faults/s	2606 yields/s	8 preempts/s
139000 milliseconds	2533 MB/s	0 short_reads/s	0 short_writes_echo/s	158 cpu_user_milliseconds	840 cpu_system_milliseconds	0 minor_page_faults/s	0 major_page_faults/s	319 yields/s	0 preempts/s
140000 milliseconds	2556 MB/s	0 short_reads/s	0 short_writes_echo/s	144 cpu_user_milliseconds	854 cpu_system_milliseconds	0 minor_page_faults/s	0 major_page_faults/s	175 yields/s	6 preempts/s
141000 milliseconds	2546 MB/s	0 short_reads/s	0 short_writes_echo/s	150 cpu_user_milliseconds	844 cpu_system_milliseconds	0 minor_page_faults/s	0 major_page_faults/s	700 yields/s	21 preempts/s
142000 milliseconds	2555 MB/s	0 short_reads/s	0 short_writes_echo/s	148 cpu_user_milliseconds	848 cpu_system_milliseconds	0 minor_page_faults/s	0 major_page_faults/s	649 yields/s	7 preempts/s
143000 milliseconds	2490 MB/s	0 short_reads/s	0 short_writes_echo/s	144 cpu_user_milliseconds	847 cpu_system_milliseconds	0 minor_page_faults/s	0 major_page_faults/s	1608 yields/s	30 preempts/s
144000 milliseconds	2549 MB/s	0 short_reads/s	0 short_writes_echo/s	149 cpu_user_milliseconds	846 cpu_system_milliseconds	0 minor_page_faults/s	0 major_page_faults/s	613 yields/s	22 preempts/s
145000 milliseconds	2554 MB/s	0 short_reads/s	0 short_writes_echo/s	164 cpu_user_milliseconds	833 cpu_system_milliseconds	0 minor_page_faults/s	0 major_page_faults/s	507 yields/s	0 preempts/s
146000 milliseconds	2559 MB/s	0 short_reads/s	0 short_writes_echo/s	146 cpu_user_milliseconds	852 cpu_system_milliseconds	0 minor_page_faults/s	0 major_page_faults/s	275 yields/s	1 preempts/s
147000 milliseconds	2573 MB/s	0 short_reads/s	0 short_writes_echo/s	139 cpu_user_milliseconds	859 cpu_system_milliseconds	0 minor_page_faults/s	0 major_page_faults/s	407 yields/s	0 preempts/s
148000 milliseconds	2508 MB/s	0 short_reads/s	0 short_writes_echo/s	154 cpu_user_milliseconds	832 cpu_system_milliseconds	0 minor_page_faults/s	0 major_page_faults/s	3148 yields/s	5 preempts/s
149000 milliseconds	2538 MB/s	0 short_reads/s	0 short_writes_echo/s	125 cpu_user_milliseconds	869 cpu_system_milliseconds	0 minor_page_faults/s	0 major_page_faults/s	1215 yields/s	1 preempts/s
150000 milliseconds	2474 MB/s	0 short_reads/s	0 short_writes_echo/s	137 cpu_user_milliseconds	857 cpu_system_milliseconds	0 minor_page_faults/s	0 major_page_faults/s	911 yields/s	3 preempts/s
151000 milliseconds	2546 MB/s	0 short_reads/s	0 short_writes_echo/s	146 cpu_user_milliseconds	852 cpu_system_milliseconds	0 minor_page_faults/s	0 major_page_faults/s	227 yields/s	1 preempts/s
152000 milliseconds	2526 MB/s	0 short_reads/s	0 short_writes_echo/s	160 cpu_user_milliseconds	837 cpu_system_milliseconds	0 minor_page_faults/s	0 major_page_faults/s	281 yields/s	3 preempts/s
153000 milliseconds	2481 MB/s	0 short_reads/s	0 short_writes_echo/s	119 cpu_user_milliseconds	869 cpu_system_milliseconds	0 minor_page_faults/s	0 major_page_faults/s	3285 yields/s	3 preempts/s
154000 milliseconds	2563 MB/s	0 short_reads/s	0 short_writes_echo/s	146 cpu_user_milliseconds	851 cpu_system_milliseconds	0 minor_page_faults/s	0 major_page_faults/s	167 yields/s	9 preempts/s
155000 milliseconds	2495 MB/s	0 short_reads/s	0 short_writes_echo/s	142 cpu_user_milliseconds	855 cpu_system_milliseconds	0 minor_page_faults/s	0 major_page_faults/s	257 yields/s	1 preempts/s
156000 milliseconds	2534 MB/s	0 short_reads/s	0 short_writes_echo/s	135 cpu_user_milliseconds	862 cpu_system_milliseconds	0 minor_page_faults/s	0 major_page_faults/s	509 yields/s	4 preempts/s
157000 milliseconds	2537 MB/s	0 short_reads/s	0 short_writes_echo/s	146 cpu_user_milliseconds	850 cpu_system_milliseconds	0 minor_page_faults/s	0 major_page_faults/s	851 yields/s	2 preempts/s
158000 milliseconds	2497 MB/s	0 short_reads/s	0 short_writes_echo/s	135 cpu_user_milliseconds	856 cpu_system_milliseconds	0 minor_page_faults/s	0 major_page_faults/s	1525 yields/s	19 preempts/s
159000 milliseconds	2547 MB/s	0 short_reads/s	0 short_writes_echo/s	152 cpu_user_milliseconds	843 cpu_system_milliseconds	0 minor_page_faults/s	0 major_page_faults/s	221 yields/s	26 preempts/s
160000 milliseconds	2557 MB/s	0 short_reads/s	0 short_writes_echo/s	147 cpu_user_milliseconds	851 cpu_system_milliseconds	0 minor_page_faults/s	0 major_page_faults/s	197 yields/s	4 preempts/s
161000 milliseconds	2525 MB/s	0 short_reads/s	0 short_writes_echo/s	153 cpu_user_milliseconds	840 cpu_system_milliseconds	0 minor_page_faults/s	0 major_page_faults/s	315 yields/s	52 preempts/s
162000 milliseconds	2550 MB/s	0 short_reads/s	0 short_writes_echo/s	128 cpu_user_milliseconds	866 cpu_system_milliseconds	0 minor_page_faults/s	0 major_page_faults/s	810 yields/s	23 preempts/s
163000 milliseconds	2487 MB/s	0 short_reads/s	0 short_writes_echo/s	162 cpu_user_milliseconds	833 cpu_system_milliseconds	0 minor_page_faults/s	0 major_page_faults/s	1198 yields/s	16 preempts/s
164000 milliseconds	2542 MB/s	0 short_reads/s	0 short_writes_echo/s	146 cpu_user_milliseconds	851 cpu_system_milliseconds	0 minor_page_faults/s	0 major_page_faults/s	497 yields/s	5 preempts/s
165000 milliseconds	2503 MB/s	0 short_reads/s	0 short_writes_echo/s	143 cpu_user_milliseconds	854 cpu_system_milliseconds	0 minor_page_faults/s	0 major_page_faults/s	346 yields/s	5 preempts/s
166000 milliseconds	2460 MB/s	0 short_reads/s	0 short_writes_echo/s	141 cpu_user_milliseconds	850 cpu_system_milliseconds	0 minor_page_faults/s	0 major_page_faults/s	809 yields/s	7 preempts/s
167000 milliseconds	2515 MB/s	0 short_reads/s	0 short_writes_echo/s	148 cpu_user_milliseconds	849 cpu_system_milliseconds	0 minor_page_faults/s	0 major_page_faults/s	303 yields/s	6 preempts/s
168000 milliseconds	2488 MB/s	0 short_reads/s	0 short_writes_echo/s	147 cpu_user_milliseconds	850 cpu_system_milliseconds	0 minor_page_faults/s	0 major_page_faults/s	515 yields/s	6 preempts/s
169000 milliseconds	2548 MB/s	0 short_reads/s	0 short_writes_echo/s	167 cpu_user_milliseconds	829 cpu_system_milliseconds	0 minor_page_faults/s	0 major_page_faults/s	282 yields/s	10 preempts/s
170000 milliseconds	2548 MB/s	0 short_reads/s	0 short_writes_echo/s	151 cpu_user_milliseconds	842 cpu_system_milliseconds	0 minor_page_faults/s	0 major_page_faults/s	1369 yields/s	2 preempts/s
171000 milliseconds	2543 MB/s	0 short_reads/s	0 short_writes_echo/s	141 cpu_user_milliseconds	852 cpu_system_milliseconds	0 minor_page_faults/s	0 major_page_faults/s	1008 yields/s	3 preempts/s
172000 milliseconds	2576 MB/s	0 short_reads/s	0 short_writes_echo/s	133 cpu_user_milliseconds	860 cpu_system_milliseconds	0 minor_page_faults/s	0 major_page_faults/s	995 yields/s	5 preempts/s
173000 milliseconds	2541 MB/s	0 short_reads/s	0 short_writes_echo/s	156 cpu_user_milliseconds	833 cpu_system_milliseconds	0 minor_page_faults/s	0 major_page_faults/s	2804 yields/s	4 preempts/s
174000 milliseconds	2549 MB/s	0 short_reads/s	0 short_writes_echo/s	141 cpu_user_milliseconds	853 cpu_system_milliseconds	0 minor_page_faults/s	0 major_page_faults/s	1018 yields/s	3 preempts/s
175000 milliseconds	2535 MB/s	0 short_reads/s	0 short_writes_echo/s	148 cpu_user_milliseconds	847 cpu_system_milliseconds	0 minor_page_faults/s	0 major_page_faults/s	1063 yields/s	4 preempts/s
176000 milliseconds	2554 MB/s	0 short_reads/s	0 short_writes_echo/s	157 cpu_user_milliseconds	837 cpu_system_milliseconds	0 minor_page_faults/s	0 major_page_faults/s	1222 yields/s	7 preempts/s
177000 milliseconds	2531 MB/s	0 short_reads/s	0 short_writes_echo/s	144 cpu_user_milliseconds	851 cpu_system_milliseconds	0 minor_page_faults/s	0 major_page_faults/s	667 yields/s	20 preempts/s
178000 milliseconds	2499 MB/s	0 short_reads/s	0 short_writes_echo/s	137 cpu_user_milliseconds	856 cpu_system_milliseconds	0 minor_page_faults/s	0 major_page_faults/s	1550 yields/s	5 preempts/s
179000 milliseconds	2557 MB/s	0 short_reads/s	0 short_writes_echo/s	136 cpu_user_milliseconds	861 cpu_system_milliseconds	0 minor_page_faults/s	0 major_page_faults/s	450 yields/s	4 preempts/s
180000 milliseconds	2521 MB/s	0 short_reads/s	0 short_writes_echo/s	172 cpu_user_milliseconds	820 cpu_system_milliseconds	0 minor_page_faults/s	0 major_page_faults/s	1495 yields/s	1 preempts/s
181000 milliseconds	2589 MB/s	0 short_reads/s	0 short_writes_echo/s	147 cpu_user_milliseconds	844 cpu_system_milliseconds	0 minor_page_faults/s	0 major_page_faults/s	1147 yields/s	1 preempts/s
182000 milliseconds	2580 MB/s	0 short_reads/s	0 short_writes_echo/s	146 cpu_user_milliseconds	848 cpu_system_milliseconds	0 minor_page_faults/s	0 major_page_faults/s	1180 yields/s	4 preempts/s
183000 milliseconds	2518 MB/s	0 short_reads/s	0 short_writes_echo/s	144 cpu_user_milliseconds	846 cpu_system_milliseconds	0 minor_page_faults/s	0 major_page_faults/s	2567 yields/s	1 preempts/s
184000 milliseconds	2576 MB/s	0 short_reads/s	0 short_writes_echo/s	157 cpu_user_milliseconds	838 cpu_system_milliseconds	0 minor_page_faults/s	0 major_page_faults/s	1070 yields/s	0 preempts/s
185000 milliseconds	2548 MB/s	0 short_reads/s	0 short_writes_echo/s	133 cpu_user_milliseconds	861 cpu_system_milliseconds	0 minor_page_faults/s	0 major_page_faults/s	931 yields/s	0 preempts/s
186000 milliseconds	2530 MB/s	0 short_reads/s	0 short_writes_echo/s	147 cpu_user_milliseconds	848 cpu_system_milliseconds	0 minor_page_faults/s	0 major_page_faults/s	366 yields/s	0 preempts/s
187000 milliseconds	2556 MB/s	0 short_reads/s	0 short_writes_echo/s	143 cpu_user_milliseconds	852 cpu_system_milliseconds	0 minor_page_faults/s	0 major_page_faults/s	249 yields/s	0 preempts/s
188000 milliseconds	2498 MB/s	0 short_reads/s	0 short_writes_echo/s	135 cpu_user_milliseconds	854 cpu_system_milliseconds	0 minor_page_faults/s	0 major_page_faults/s	2439 yields/s	3 preempts/s
189000 milliseconds	2466 MB/s	0 short_reads/s	0 short_writes_echo/s	167 cpu_user_milliseconds	827 cpu_system_milliseconds	0 minor_page_faults/s	0 major_page_faults/s	595 yields/s	22 preempts/s
190000 milliseconds	2541 MB/s	0 short_reads/s	0 short_writes_echo/s	135 cpu_user_milliseconds	862 cpu_system_milliseconds	0 minor_page_faults/s	0 major_page_faults/s	471 yields/s	0 preempts/s
191000 milliseconds	2517 MB/s	0 short_reads/s	0 short_writes_echo/s	156 cpu_user_milliseconds	841 cpu_system_milliseconds	0 minor_page_faults/s	0 major_page_faults/s	582 yields/s	4 preempts/s
192000 milliseconds	2502 MB/s	0 short_reads/s	0 short_writes_echo/s	154 cpu_user_milliseconds	839 cpu_system_milliseconds	0 minor_page_faults/s	0 major_page_faults/s	1556 yields/s	2 preempts/s
193000 milliseconds	2536 MB/s	0 short_reads/s	0 short_writes_echo/s	137 cpu_user_milliseconds	846 cpu_system_milliseconds	0 minor_page_faults/s	0 major_page_faults/s	3390 yields/s	0 preempts/s
194001 milliseconds	2595 MB/s	0 short_reads/s	0 short_writes_echo/s	126 cpu_user_milliseconds	868 cpu_system_milliseconds	0 minor_page_faults/s	0 major_page_faults/s	1340 yields/s	1 preempts/s
195001 milliseconds	2545 MB/s	0 short_reads/s	0 short_writes_echo/s	165 cpu_user_milliseconds	829 cpu_system_milliseconds	0 minor_page_faults/s	0 major_page_faults/s	1360 yields/s	0 preempts/s
196001 milliseconds	2558 MB/s	0 short_reads/s	0 short_writes_echo/s	150 cpu_user_milliseconds	843 cpu_system_milliseconds	0 minor_page_faults/s	0 major_page_faults/s	1393 yields/s	0 preempts/s
197001 milliseconds	2568 MB/s	0 short_reads/s	0 short_writes_echo/s	140 cpu_user_milliseconds	848 cpu_system_milliseconds	0 minor_page_faults/s	0 major_page_faults/s	1036 yields/s	1 preempts/s
198001 milliseconds	2549 MB/s	0 short_reads/s	0 short_writes_echo/s	177 cpu_user_milliseconds	818 cpu_system_milliseconds	0 minor_page_faults/s	0 major_page_faults/s	356 yields/s	1 preempts/s
199001 milliseconds	2601 MB/s	0 short_reads/s	0 short_writes_echo/s	144 cpu_user_milliseconds	851 cpu_system_milliseconds	0 minor_page_faults/s	0 major_page_faults/s	198 yields/s	2 preempts/s
200001 milliseconds	2542 MB/s	0 short_reads/s	0 short_writes_echo/s	164 cpu_user_milliseconds	830 cpu_system_milliseconds	0 minor_page_faults/s	0 major_page_faults/s	832 yields/s	4 preempts/s
201001 milliseconds	2554 MB/s	0 short_reads/s	0 short_writes_echo/s	168 cpu_user_milliseconds	828 cpu_system_milliseconds	0 minor_page_faults/s	0 major_page_faults/s	585 yields/s	0 preempts/s
202001 milliseconds	2538 MB/s	0 short_reads/s	0 short_writes_echo/s	149 cpu_user_milliseconds	848 cpu_system_milliseconds	0 minor_page_faults/s	0 major_page_faults/s	478 yields/s	0 preempts/s
203001 milliseconds	2504 MB/s	0 short_reads/s	0 short_writes_echo/s	147 cpu_user_milliseconds	841 cpu_system_milliseconds	0 minor_page_faults/s	0 major_page_faults/s	3321 yields/s	1 preempts/s
204001 milliseconds	2522 MB/s	0 short_reads/s	0 short_writes_echo/s	146 cpu_user_milliseconds	849 cpu_system_milliseconds	0 minor_page_faults/s	0 major_page_faults/s	663 yields/s	9 preempts/s
205001 milliseconds	2513 MB/s	0 short_reads/s	0 short_writes_echo/s	160 cpu_user_milliseconds	837 cpu_system_milliseconds	0 minor_page_faults/s	0 major_page_faults/s	660 yields/s	3 preempts/s
206001 milliseconds	2538 MB/s	0 short_reads/s	0 short_writes_echo/s	155 cpu_user_milliseconds	842 cpu_system_milliseconds	0 minor_page_faults/s	0 major_page_faults/s	496 yields/s	4 preempts/s
207001 milliseconds	2565 MB/s	0 short_reads/s	0 short_writes_echo/s	159 cpu_user_milliseconds	837 cpu_system_milliseconds	0 minor_page_faults/s	0 major_page_faults/s	664 yields/s	1 preempts/s
208001 milliseconds	2500 MB/s	0 short_reads/s	0 short_writes_echo/s	166 cpu_user_milliseconds	825 cpu_system_milliseconds	0 minor_page_faults/s	0 major_page_faults/s	2333 yields/s	12 preempts/s
209001 milliseconds	2540 MB/s	0 short_reads/s	0 short_writes_echo/s	148 cpu_user_milliseconds	849 cpu_system_milliseconds	0 minor_page_faults/s	0 major_page_faults/s	578 yields/s	2 preempts/s
210001 milliseconds	2541 MB/s	0 short_reads/s	0 short_writes_echo/s	149 cpu_user_milliseconds	847 cpu_system_milliseconds	0 minor_page_faults/s	0 major_page_faults/s	527 yields/s	4 preempts/s
211001 milliseconds	2551 MB/s	0 short_reads/s	0 short_writes_echo/s	122 cpu_user_milliseconds	875 cpu_system_milliseconds	0 minor_page_faults/s	0 major_page_faults/s	494 yields/s	3 preempts/s
212001 milliseconds	2542 MB/s	0 short_reads/s	0 short_writes_echo/s	152 cpu_user_milliseconds	841 cpu_system_milliseconds	0 minor_page_faults/s	0 major_page_faults/s	1396 yields/s	9 preempts/s
213001 milliseconds	2495 MB/s	0 short_reads/s	0 short_writes_echo/s	143 cpu_user_milliseconds	848 cpu_system_milliseconds	0 minor_page_faults/s	0 major_page_faults/s	2205 yields/s	1 preempts/s
214001 milliseconds	2542 MB/s	0 short_reads/s	0 short_writes_echo/s	152 cpu_user_milliseconds	841 cpu_system_milliseconds	0 minor_page_faults/s	0 major_page_faults/s	1148 yields/s	0 preempts/s
215001 milliseconds	2468 MB/s	0 short_reads/s	0 short_writes_echo/s	140 cpu_user_milliseconds	836 cpu_system_milliseconds	0 minor_page_faults/s	0 major_page_faults/s	1720 yields/s	0 preempts/s
216001 milliseconds	2576 MB/s	0 short_reads/s	0 short_writes_echo/s	153 cpu_user_milliseconds	842 cpu_system_milliseconds	0 minor_page_faults/s	0 major_page_faults/s	679 yields/s	0 preempts/s
217001 milliseconds	2531 MB/s	0 short_reads/s	0 short_writes_echo/s	135 cpu_user_milliseconds	859 cpu_system_milliseconds	0 minor_page_faults/s	0 major_page_faults/s	549 yields/s	0 preempts/s
218001 milliseconds	2514 MB/s	0 short_reads/s	0 short_writes_echo/s	145 cpu_user_milliseconds	838 cpu_system_milliseconds	0 minor_page_faults/s	0 major_page_faults/s	4461 yields/s	0 preempts/s
219001 milliseconds	2588 MB/s	0 short_reads/s	0 short_writes_echo/s	152 cpu_user_milliseconds	842 cpu_system_milliseconds	0 minor_page_faults/s	0 major_page_faults/s	554 yields/s	6 preempts/s
220001 milliseconds	2536 MB/s	0 short_reads/s	0 short_writes_echo/s	155 cpu_user_milliseconds	838 cpu_system_milliseconds	0 minor_page_faults/s	0 major_page_faults/s	912 yields/s	1 preempts/s
221001 milliseconds	2554 MB/s	0 short_reads/s	0 short_writes_echo/s	144 cpu_user_milliseconds	846 cpu_system_milliseconds	0 minor_page_faults/s	0 major_page_faults/s	1821 yields/s	4 preempts/s
222001 milliseconds	2572 MB/s	0 short_reads/s	0 short_writes_echo/s	150 cpu_user_milliseconds	845 cpu_system_milliseconds	0 minor_page_faults/s	0 major_page_faults/s	924 yields/s	5 preempts/s
223001 milliseconds	2537 MB/s	0 short_reads/s	0 short_writes_echo/s	137 cpu_user_milliseconds	851 cpu_system_milliseconds	0 minor_page_faults/s	0 major_page_faults/s	3071 yields/s	7 preempts/s
224001 milliseconds	2570 MB/s	0 short_reads/s	0 short_writes_echo/s	139 cpu_user_milliseconds	854 cpu_system_milliseconds	0 minor_page_faults/s	0 major_page_faults/s	962 yields/s	8 preempts/s
225001 milliseconds	2539 MB/s	0 short_reads/s	0 short_writes_echo/s	154 cpu_user_milliseconds	842 cpu_system_milliseconds	0 minor_page_faults/s	0 major_page_faults/s	745 yields/s	3 preempts/s
226001 milliseconds	2487 MB/s	0 short_reads/s	0 short_writes_echo/s	150 cpu_user_milliseconds	843 cpu_system_milliseconds	0 minor_page_faults/s	0 major_page_faults/s	629 yields/s	3 preempts/s
227001 milliseconds	2558 MB/s	0 short_reads/s	0 short_writes_echo/s	130 cpu_user_milliseconds	863 cpu_system_milliseconds	0 minor_page_faults/s	0 major_page_faults/s	807 yields/s	0 preempts/s
228001 milliseconds	2543 MB/s	0 short_reads/s	0 short_writes_echo/s	157 cpu_user_milliseconds	836 cpu_system_milliseconds	0 minor_page_faults/s	0 major_page_faults/s	1574 yields/s	2 preempts/s
229001 milliseconds	2506 MB/s	0 short_reads/s	0 short_writes_echo/s	136 cpu_user_milliseconds	852 cpu_system_milliseconds	0 minor_page_faults/s	0 major_page_faults/s	1876 yields/s	0 preempts/s
230001 milliseconds	2595 MB/s	0 short_reads/s	0 short_writes_echo/s	135 cpu_user_milliseconds	860 cpu_system_milliseconds	0 minor_page_faults/s	0 major_page_faults/s	954 yields/s	2 preempts/s
231001 milliseconds	2581 MB/s	0 short_reads/s	0 short_writes_echo/s	138 cpu_user_milliseconds	855 cpu_system_milliseconds	0 minor_page_faults/s	0 major_page_faults/s	1006 yields/s	4 preempts/s
232001 milliseconds	2580 MB/s	0 short_reads/s	0 short_writes_echo/s	152 cpu_user_milliseconds	841 cpu_system_milliseconds	0 minor_page_faults/s	0 major_page_faults/s	1256 yields/s	3 preempts/s
233001 milliseconds	2536 MB/s	0 short_reads/s	0 short_writes_echo/s	155 cpu_user_milliseconds	833 cpu_system_milliseconds	0 minor_page_faults/s	0 major_page_faults/s	2958 yields/s	1 preempts/s
234001 milliseconds	2605 MB/s	0 short_reads/s	0 short_writes_echo/s	154 cpu_user_milliseconds	840 cpu_system_milliseconds	0 minor_page_faults/s	0 major_page_faults/s	886 yields/s	1 preempts/s
235001 milliseconds	2582 MB/s	0 short_reads/s	0 short_writes_echo/s	158 cpu_user_milliseconds	835 cpu_system_milliseconds	0 minor_page_faults/s	0 major_page_faults/s	947 yields/s	3 preempts/s
236001 milliseconds	2566 MB/s	0 short_reads/s	0 short_writes_echo/s	161 cpu_user_milliseconds	833 cpu_system_milliseconds	0 minor_page_faults/s	0 major_page_faults/s	966 yields/s	7 preempts/s
237001 milliseconds	2545 MB/s	0 short_reads/s	0 short_writes_echo/s	156 cpu_user_milliseconds	838 cpu_system_milliseconds	0 minor_page_faults/s	0 major_page_faults/s	1363 yields/s	3 preempts/s
238001 milliseconds	2539 MB/s	0 short_reads/s	0 short_writes_echo/s	150 cpu_user_milliseconds	840 cpu_system_milliseconds	0 minor_page_faults/s	0 major_page_faults/s	1918 yields/s	4 preempts/s
239001 milliseconds	2571 MB/s	0 short_reads/s	0 short_writes_echo/s	154 cpu_user_milliseconds	840 cpu_system_milliseconds	0 minor_page_faults/s	0 major_page_faults/s	644 yields/s	4 preempts/s
240001 milliseconds	2538 MB/s	0 short_reads/s	0 short_writes_echo/s	145 cpu_user_milliseconds	850 cpu_system_milliseconds	0 minor_page_faults/s	0 major_page_faults/s	333 yields/s	1 preempts/s
