1000 milliseconds	2389 MB/s	36860 short_reads/s	0 short_writes_echo/s	118 cpu_user_milliseconds	1164 cpu_system_milliseconds	170 minor_page_faults/s	0 major_page_faults/s	97680 yields/s	30 preempts/s
2000 milliseconds	2354 MB/s	36031 short_reads/s	0 short_writes_echo/s	126 cpu_user_milliseconds	1160 cpu_system_milliseconds	3 minor_page_faults/s	0 major_page_faults/s	96767 yields/s	21 preempts/s
3000 milliseconds	2162 MB/s	33963 short_reads/s	0 short_writes_echo/s	130 cpu_user_milliseconds	1100 cpu_system_milliseconds	0 minor_page_faults/s	0 major_page_faults/s	92757 yields/s	104 preempts/s
4000 milliseconds	2383 MB/s	36363 short_reads/s	0 short_writes_echo/s	137 cpu_user_milliseconds	1161 cpu_system_milliseconds	0 minor_page_faults/s	0 major_page_faults/s	97662 yields/s	4 preempts/s
5000 milliseconds	2530 MB/s	38614 short_reads/s	0 short_writes_echo/s	122 cpu_user_milliseconds	1193 cpu_system_milliseconds	0 minor_page_faults/s	0 major_page_faults/s	100858 yields/s	8 preempts/s
6000 milliseconds	2487 MB/s	40375 short_reads/s	0 short_writes_echo/s	134 cpu_user_milliseconds	1078 cpu_system_milliseconds	0 minor_page_faults/s	0 major_page_faults/s	102174 yields/s	14 preempts/s
7000 milliseconds	2280 MB/s	35175 short_reads/s	0 short_writes_echo/s	114 cpu_user_milliseconds	1158 cpu_system_milliseconds	0 minor_page_faults/s	0 major_page_faults/s	94768 yields/s	9 preempts/s
8000 milliseconds	2251 MB/s	34352 short_reads/s	0 short_writes_echo/s	130 cpu_user_milliseconds	1148 cpu_system_milliseconds	0 minor_page_faults/s	0 major_page_faults/s	94203 yields/s	44 preempts/s
9000 milliseconds	2709 MB/s	42192 short_reads/s	0 short_writes_echo/s	144 cpu_user_milliseconds	1157 cpu_system_milliseconds	0 minor_page_faults/s	0 major_page_faults/s	106512 yields/s	4 preempts/s
10000 milliseconds	2219 MB/s	33864 short_reads/s	0 short_writes_echo/s	103 cpu_user_milliseconds	1165 cpu_system_milliseconds	0 minor_page_faults/s	0 major_page_faults/s	93888 yields/s	17 preempts/s
11000 milliseconds	2196 MB/s	33509 short_reads/s	0 short_writes_echo/s	100 cpu_user_milliseconds	1162 cpu_system_milliseconds	0 minor_page_faults/s	0 major_page_faults/s	93618 yields/s	17 preempts/s
12000 milliseconds	2067 MB/s	31548 short_reads/s	0 short_writes_echo/s	113 cpu_user_milliseconds	1155 cpu_system_milliseconds	0 minor_page_faults/s	0 major_page_faults/s	89275 yields/s	28 preempts/s
13000 milliseconds	2116 MB/s	32654 short_reads/s	0 short_writes_echo/s	101 cpu_user_milliseconds	1137 cpu_system_milliseconds	0 minor_page_faults/s	0 major_page_faults/s	91739 yields/s	31 preempts/s
14000 milliseconds	2007 MB/s	31039 short_reads/s	0 short_writes_echo/s	122 cpu_user_milliseconds	1115 cpu_system_milliseconds	0 minor_page_faults/s	0 major_page_faults/s	88687 yields/s	16 preempts/s
15000 milliseconds	2214 MB/s	35292 short_reads/s	0 short_writes_echo/s	128 cpu_user_milliseconds	1097 cpu_system_milliseconds	0 minor_page_faults/s	0 major_page_faults/s	94161 yields/s	8 preempts/s
16000 milliseconds	2445 MB/s	42235 short_reads/s	0 short_writes_echo/s	105 cpu_user_milliseconds	1009 cpu_system_milliseconds	0 minor_page_faults/s	0 major_page_faults/s	103441 yields/s	7 preempts/s
17000 milliseconds	2470 MB/s	42678 short_reads/s	0 short_writes_echo/s	128 cpu_user_milliseconds	985 cpu_system_milliseconds	0 minor_page_faults/s	0 major_page_faults/s	104553 yields/s	4 preempts/s
18000 milliseconds	2319 MB/s	35399 short_reads/s	0 short_writes_echo/s	118 cpu_user_milliseconds	1146 cpu_system_milliseconds	0 minor_page_faults/s	0 major_page_faults/s	97126 yields/s	64 preempts/s
19000 milliseconds	2503 MB/s	43302 short_reads/s	0 short_writes_echo/s	130 cpu_user_milliseconds	979 cpu_system_milliseconds	0 minor_page_faults/s	0 major_page_faults/s	104939 yields/s	13 preempts/s
20000 milliseconds	2506 MB/s	40112 short_reads/s	0 short_writes_echo/s	137 cpu_user_milliseconds	1100 cpu_system_milliseconds	0 minor_page_faults/s	0 major_page_faults/s	102252 yields/s	8 preempts/s
21000 milliseconds	2094 MB/s	32486 short_reads/s	0 short_writes_echo/s	92 cpu_user_milliseconds	1142 cpu_system_milliseconds	0 minor_page_faults/s	0 major_page_faults/s	90828 yields/s	19 preempts/s
22000 milliseconds	2356 MB/s	37131 short_reads/s	0 short_writes_echo/s	126 cpu_user_milliseconds	1118 cpu_system_milliseconds	0 minor_page_faults/s	0 major_page_faults/s	97725 yields/s	26 preempts/s
23000 milliseconds	2142 MB/s	32952 short_reads/s	0 short_writes_echo/s	106 cpu_user_milliseconds	1141 cpu_system_milliseconds	0 minor_page_faults/s	0 major_page_faults/s	91965 yields/s	115 preempts/s
24000 milliseconds	2182 MB/s	34971 short_reads/s	0 short_writes_echo/s	134 cpu_user_milliseconds	1068 cpu_system_milliseconds	0 minor_page_faults/s	0 major_page_faults/s	94161 yields/s	19 preempts/s
25000 milliseconds	2186 MB/s	33431 short_reads/s	0 short_writes_echo/s	115 cpu_user_milliseconds	1166 cpu_system_milliseconds	0 minor_page_faults/s	0 major_page_faults/s	91830 yields/s	7 preempts/s
26000 milliseconds	2526 MB/s	41661 short_reads/s	0 short_writes_echo/s	133 cpu_user_milliseconds	1063 cpu_system_milliseconds	0 minor_page_faults/s	0 major_page_faults/s	103926 yields/s	1 preempts/s
27000 milliseconds	2064 MB/s	31661 short_reads/s	0 short_writes_echo/s	104 cpu_user_milliseconds	1149 cpu_system_milliseconds	0 minor_page_faults/s	0 major_page_faults/s	89317 yields/s	25 preempts/s
28000 milliseconds	2007 MB/s	30889 short_reads/s	0 short_writes_echo/s	114 cpu_user_milliseconds	1127 cpu_system_milliseconds	0 minor_page_faults/s	0 major_page_faults/s	87891 yields/s	47 preempts/s
29000 milliseconds	2067 MB/s	31549 short_reads/s	0 short_writes_echo/s	89 cpu_user_milliseconds	1172 cpu_system_milliseconds	0 minor_page_faults/s	0 major_page_faults/s	89546 yields/s	25 preempts/s
30000 milliseconds	2325 MB/s	37797 short_reads/s	0 short_writes_echo/s	127 cpu_user_milliseconds	1080 cpu_system_milliseconds	0 minor_page_faults/s	0 major_page_faults/s	97768 yields/s	5 preempts/s
31000 milliseconds	2360 MB/s	39653 short_reads/s	0 short_writes_echo/s	131 cpu_user_milliseconds	1017 cpu_system_milliseconds	0 minor_page_faults/s	0 major_page_faults/s	98562 yields/s	34 preempts/s
32000 milliseconds	2093 MB/s	31948 short_reads/s	0 short_writes_echo/s	103 cpu_user_milliseconds	1164 cpu_system_milliseconds	0 minor_page_faults/s	0 major_page_faults/s	90135 yields/s	9 preempts/s
33000 milliseconds	2338 MB/s	39103 short_reads/s	0 short_writes_echo/s	117 cpu_user_milliseconds	1039 cpu_system_milliseconds	0 minor_page_faults/s	0 major_page_faults/s	99475 yields/s	70 preempts/s
34000 milliseconds	2438 MB/s	40108 short_reads/s	0 short_writes_echo/s	106 cpu_user_milliseconds	1084 cpu_system_milliseconds	0 minor_page_faults/s	0 major_page_faults/s	101722 yields/s	7 preempts/s
35000 milliseconds	1972 MB/s	30402 short_reads/s	0 short_writes_echo/s	114 cpu_user_milliseconds	1137 cpu_system_milliseconds	0 minor_page_faults/s	0 major_page_faults/s	86784 yields/s	0 preempts/s
36000 milliseconds	2670 MB/s	40769 short_reads/s	0 short_writes_echo/s	138 cpu_user_milliseconds	1191 cpu_system_milliseconds	0 minor_page_faults/s	0 major_page_faults/s	104511 yields/s	54 preempts/s
37000 milliseconds	2308 MB/s	35231 short_reads/s	0 short_writes_echo/s	114 cpu_user_milliseconds	1181 cpu_system_milliseconds	0 minor_page_faults/s	0 major_page_faults/s	95351 yields/s	17 preempts/s
38000 milliseconds	2239 MB/s	34790 short_reads/s	0 short_writes_echo/s	126 cpu_user_milliseconds	1126 cpu_system_milliseconds	0 minor_page_faults/s	0 major_page_faults/s	94304 yields/s	52 preempts/s
39000 milliseconds	2475 MB/s	39732 short_reads/s	0 short_writes_echo/s	122 cpu_user_milliseconds	1113 cpu_system_milliseconds	0 minor_page_faults/s	0 major_page_faults/s	100936 yields/s	11 preempts/s
40000 milliseconds	2098 MB/s	32572 short_reads/s	0 short_writes_echo/s	113 cpu_user_milliseconds	1127 cpu_system_milliseconds	0 minor_page_faults/s	0 major_page_faults/s	90788 yields/s	5 preempts/s
41000 milliseconds	2378 MB/s	38846 short_reads/s	0 short_writes_echo/s	121 cpu_user_milliseconds	1075 cpu_system_milliseconds	0 minor_page_faults/s	0 major_page_faults/s	99731 yields/s	5 preempts/s
42000 milliseconds	1970 MB/s	30066 short_reads/s	0 short_writes_echo/s	114 cpu_user_milliseconds	1149 cpu_system_milliseconds	0 minor_page_faults/s	0 major_page_faults/s	86438 yields/s	12 preempts/s
43000 milliseconds	2205 MB/s	33893 short_reads/s	0 short_writes_echo/s	122 cpu_user_milliseconds	1143 cpu_system_milliseconds	0 minor_page_faults/s	0 major_page_faults/s	92824 yields/s	46 preempts/s
44000 milliseconds	2470 MB/s	39775 short_reads/s	0 short_writes_echo/s	130 cpu_user_milliseconds	1091 cpu_system_milliseconds	0 minor_page_faults/s	0 major_page_faults/s	102220 yields/s	4 preempts/s
45000 milliseconds	2149 MB/s	32831 short_reads/s	0 short_writes_echo/s	107 cpu_user_milliseconds	1162 cpu_system_milliseconds	0 minor_page_faults/s	0 major_page_faults/s	91158 yields/s	15 preempts/s
46000 milliseconds	2554 MB/s	40198 short_reads/s	0 short_writes_echo/s	125 cpu_user_milliseconds	1141 cpu_system_milliseconds	0 minor_page_faults/s	0 major_page_faults/s	103129 yields/s	6 preempts/s
47000 milliseconds	2453 MB/s	38526 short_reads/s	0 short_writes_echo/s	138 cpu_user_milliseconds	1126 cpu_system_milliseconds	0 minor_page_faults/s	0 major_page_faults/s	100107 yields/s	9 preempts/s
48000 milliseconds	2081 MB/s	32400 short_reads/s	0 short_writes_echo/s	108 cpu_user_milliseconds	1099 cpu_system_milliseconds	0 minor_page_faults/s	0 major_page_faults/s	92123 yields/s	66 preempts/s
49000 milliseconds	2400 MB/s	37769 short_reads/s	0 short_writes_echo/s	119 cpu_user_milliseconds	1133 cpu_system_milliseconds	0 minor_page_faults/s	0 major_page_faults/s	99075 yields/s	8 preempts/s
50000 milliseconds	2384 MB/s	38419 short_reads/s	0 short_writes_echo/s	113 cpu_user_milliseconds	1103 cpu_system_milliseconds	0 minor_page_faults/s	0 major_page_faults/s	99643 yields/s	19 preempts/s
51000 milliseconds	2496 MB/s	39033 short_reads/s	0 short_writes_echo/s	128 cpu_user_milliseconds	1143 cpu_system_milliseconds	0 minor_page_faults/s	0 major_page_faults/s	101291 yields/s	19 preempts/s
52000 milliseconds	2004 MB/s	30579 short_reads/s	0 short_writes_echo/s	109 cpu_user_milliseconds	1150 cpu_system_milliseconds	0 minor_page_faults/s	0 major_page_faults/s	87455 yields/s	5 preempts/s
53000 milliseconds	2250 MB/s	35080 short_reads/s	0 short_writes_echo/s	115 cpu_user_milliseconds	1137 cpu_system_milliseconds	0 minor_page_faults/s	0 major_page_faults/s	94011 yields/s	693 preempts/s
54000 milliseconds	2472 MB/s	42910 short_reads/s	0 short_writes_echo/s	134 cpu_user_milliseconds	972 cpu_system_milliseconds	0 minor_page_faults/s	0 major_page_faults/s	103089 yields/s	13 preempts/s
55000 milliseconds	2486 MB/s	40696 short_reads/s	0 short_writes_echo/s	128 cpu_user_milliseconds	1066 cpu_system_milliseconds	0 minor_page_faults/s	0 major_page_faults/s	103390 yields/s	19 preempts/s
56000 milliseconds	2317 MB/s	35585 short_reads/s	0 short_writes_echo/s	116 cpu_user_milliseconds	1153 cpu_system_milliseconds	0 minor_page_faults/s	0 major_page_faults/s	96627 yields/s	87 preempts/s
57000 milliseconds	1986 MB/s	30622 short_reads/s	0 short_writes_echo/s	107 cpu_user_milliseconds	1136 cpu_system_milliseconds	0 minor_page_faults/s	0 major_page_faults/s	87845 yields/s	2 preempts/s
58000 milliseconds	2187 MB/s	34141 short_reads/s	0 short_writes_echo/s	109 cpu_user_milliseconds	1134 cpu_system_milliseconds	0 minor_page_faults/s	0 major_page_faults/s	92687 yields/s	38 preempts/s
59000 milliseconds	2176 MB/s	35437 short_reads/s	0 short_writes_echo/s	99 cpu_user_milliseconds	1084 cpu_system_milliseconds	0 minor_page_faults/s	0 major_page_faults/s	94626 yields/s	26 preempts/s
60000 milliseconds	2641 MB/s	41054 short_reads/s	0 short_writes_echo/s	118 cpu_user_milliseconds	1174 cpu_system_milliseconds	0 minor_page_faults/s	0 major_page_faults/s	104510 yields/s	10 preempts/s
61000 milliseconds	2512 MB/s	38965 short_reads/s	0 short_writes_echo/s	128 cpu_user_milliseconds	1155 cpu_system_milliseconds	0 minor_page_faults/s	0 major_page_faults/s	100826 yields/s	25 preempts/s
62000 milliseconds	2192 MB/s	33626 short_reads/s	0 short_writes_echo/s	104 cpu_user_milliseconds	1159 cpu_system_milliseconds	0 minor_page_faults/s	0 major_page_faults/s	93165 yields/s	20 preempts/s
63000 milliseconds	2062 MB/s	31574 short_reads/s	0 short_writes_echo/s	110 cpu_user_milliseconds	1143 cpu_system_milliseconds	0 minor_page_faults/s	0 major_page_faults/s	89017 yields/s	53 preempts/s
64000 milliseconds	2331 MB/s	36478 short_reads/s	0 short_writes_echo/s	119 cpu_user_milliseconds	1131 cpu_system_milliseconds	0 minor_page_faults/s	0 major_page_faults/s	96740 yields/s	54 preempts/s
65000 milliseconds	2666 MB/s	44089 short_reads/s	0 short_writes_echo/s	140 cpu_user_milliseconds	1060 cpu_system_milliseconds	0 minor_page_faults/s	0 major_page_faults/s	107569 yields/s	5 preempts/s
66001 milliseconds	2301 MB/s	35122 short_reads/s	0 short_writes_echo/s	107 cpu_user_milliseconds	1162 cpu_system_milliseconds	0 minor_page_faults/s	0 major_page_faults/s	96354 yields/s	18 preempts/s
67001 milliseconds	2524 MB/s	40193 short_reads/s	0 short_writes_echo/s	125 cpu_user_milliseconds	1121 cpu_system_milliseconds	0 minor_page_faults/s	0 major_page_faults/s	102432 yields/s	4 preempts/s
68001 milliseconds	2132 MB/s	33523 short_reads/s	0 short_writes_echo/s	100 cpu_user_milliseconds	1121 cpu_system_milliseconds	0 minor_page_faults/s	0 major_page_faults/s	91933 yields/s	38 preempts/s
69001 milliseconds	2421 MB/s	38775 short_reads/s	0 short_writes_echo/s	132 cpu_user_milliseconds	1094 cpu_system_milliseconds	0 minor_page_faults/s	0 major_page_faults/s	100262 yields/s	5 preempts/s
70001 milliseconds	2389 MB/s	38637 short_reads/s	0 short_writes_echo/s	106 cpu_user_milliseconds	1096 cpu_system_milliseconds	0 minor_page_faults/s	0 major_page_faults/s	100210 yields/s	11 preempts/s
71001 milliseconds	2362 MB/s	38149 short_reads/s	0 short_writes_echo/s	117 cpu_user_milliseconds	1096 cpu_system_milliseconds	0 minor_page_faults/s	0 major_page_faults/s	98938 yields/s	0 preempts/s
72001 milliseconds	2014 MB/s	31230 short_reads/s	0 short_writes_echo/s	122 cpu_user_milliseconds	1122 cpu_system_milliseconds	0 minor_page_faults/s	0 major_page_faults/s	88046 yields/s	17 preempts/s
73001 milliseconds	2566 MB/s	40643 short_reads/s	0 short_writes_echo/s	122 cpu_user_milliseconds	1137 cpu_system_milliseconds	0 minor_page_faults/s	0 major_page_faults/s	103024 yields/s	58 preempts/s
74001 milliseconds	2143 MB/s	32708 short_reads/s	0 short_writes_echo/s	130 cpu_user_milliseconds	1138 cpu_system_milliseconds	0 minor_page_faults/s	0 major_page_faults/s	91102 yields/s	15 preempts/s
75001 milliseconds	2446 MB/s	39880 short_reads/s	0 short_writes_echo/s	120 cpu_user_milliseconds	1072 cpu_system_milliseconds	0 minor_page_faults/s	0 major_page_faults/s	101006 yields/s	25 preempts/s
76001 milliseconds	2586 MB/s	39575 short_reads/s	0 short_writes_echo/s	144 cpu_user_milliseconds	1171 cpu_system_milliseconds	0 minor_page_faults/s	0 major_page_faults/s	102261 yields/s	15 preempts/s
77001 milliseconds	2345 MB/s	36247 short_reads/s	0 short_writes_echo/s	126 cpu_user_milliseconds	1149 cpu_system_milliseconds	0 minor_page_faults/s	0 major_page_faults/s	96870 yields/s	22 preempts/s
78001 milliseconds	2188 MB/s	33767 short_reads/s	0 short_writes_echo/s	120 cpu_user_milliseconds	1128 cpu_system_milliseconds	0 minor_page_faults/s	0 major_page_faults/s	92540 yields/s	139 preempts/s
79001 milliseconds	2377 MB/s	36272 short_reads/s	0 short_writes_echo/s	132 cpu_user_milliseconds	1152 cpu_system_milliseconds	0 minor_page_faults/s	0 major_page_faults/s	98309 yields/s	12 preempts/s
80001 milliseconds	2288 MB/s	36010 short_reads/s	0 short_writes_echo/s	120 cpu_user_milliseconds	1113 cpu_system_milliseconds	0 minor_page_faults/s	0 major_page_faults/s	96061 yields/s	6 preempts/s
81001 milliseconds	2252 MB/s	37354 short_reads/s	0 short_writes_echo/s	111 cpu_user_milliseconds	1049 cpu_system_milliseconds	0 minor_page_faults/s	0 major_page_faults/s	97779 yields/s	4 preempts/s
82001 milliseconds	2407 MB/s	39908 short_reads/s	0 short_writes_echo/s	124 cpu_user_milliseconds	1050 cpu_system_milliseconds	0 minor_page_faults/s	0 major_page_faults/s	100642 yields/s	7 preempts/s
83001 milliseconds	2227 MB/s	34372 short_reads/s	0 short_writes_echo/s	105 cpu_user_milliseconds	1148 cpu_system_milliseconds	0 minor_page_faults/s	0 major_page_faults/s	94305 yields/s	66 preempts/s
84001 milliseconds	2168 MB/s	33090 short_reads/s	0 short_writes_echo/s	109 cpu_user_milliseconds	1167 cpu_system_milliseconds	0 minor_page_faults/s	0 major_page_faults/s	91975 yields/s	15 preempts/s
85001 milliseconds	2425 MB/s	38679 short_reads/s	0 short_writes_echo/s	126 cpu_user_milliseconds	1097 cpu_system_milliseconds	0 minor_page_faults/s	0 major_page_faults/s	101117 yields/s	12 preempts/s
86001 milliseconds	2255 MB/s	34711 short_reads/s	0 short_writes_echo/s	112 cpu_user_milliseconds	1167 cpu_system_milliseconds	0 minor_page_faults/s	0 major_page_faults/s	94026 yields/s	7 preempts/s
87001 milliseconds	2485 MB/s	41915 short_reads/s	0 short_writes_echo/s	120 cpu_user_milliseconds	1032 cpu_system_milliseconds	0 minor_page_faults/s	0 major_page_faults/s	103533 yields/s	22 preempts/s
88001 milliseconds	2359 MB/s	36348 short_reads/s	0 short_writes_echo/s	139 cpu_user_milliseconds	1135 cpu_system_milliseconds	0 minor_page_faults/s	0 major_page_faults/s	96972 yields/s	67 preempts/s
89001 milliseconds	2315 MB/s	35334 short_reads/s	0 short_writes_echo/s	143 cpu_user_milliseconds	1150 cpu_system_milliseconds	0 minor_page_faults/s	0 major_page_faults/s	95935 yields/s	5 preempts/s
90001 milliseconds	2184 MB/s	34990 short_reads/s	0 short_writes_echo/s	100 cpu_user_milliseconds	1093 cpu_system_milliseconds	0 minor_page_faults/s	0 major_page_faults/s	95129 yields/s	13 preempts/s
91001 milliseconds	2127 MB/s	33127 short_reads/s	0 short_writes_echo/s	106 cpu_user_milliseconds	1139 cpu_system_milliseconds	0 minor_page_faults/s	0 major_page_faults/s	90573 yields/s	23 preempts/s
92001 milliseconds	2153 MB/s	32862 short_reads/s	0 short_writes_echo/s	111 cpu_user_milliseconds	1138 cpu_system_milliseconds	0 minor_page_faults/s	0 major_page_faults/s	92985 yields/s	11 preempts/s
93001 milliseconds	2540 MB/s	40745 short_reads/s	0 short_writes_echo/s	143 cpu_user_milliseconds	1096 cpu_system_milliseconds	0 minor_page_faults/s	0 major_page_faults/s	103313 yields/s	43 preempts/s
94001 milliseconds	2538 MB/s	41192 short_reads/s	0 short_writes_echo/s	116 cpu_user_milliseconds	1104 cpu_system_milliseconds	0 minor_page_faults/s	0 major_page_faults/s	103376 yields/s	18 preempts/s
95001 milliseconds	2210 MB/s	34971 short_reads/s	0 short_writes_echo/s	123 cpu_user_milliseconds	1107 cpu_system_milliseconds	0 minor_page_faults/s	0 major_page_faults/s	94138 yields/s	30 preempts/s
96001 milliseconds	2127 MB/s	33604 short_reads/s	0 short_writes_echo/s	106 cpu_user_milliseconds	1118 cpu_system_milliseconds	0 minor_page_faults/s	0 major_page_faults/s	91822 yields/s	16 preempts/s
97001 milliseconds	2339 MB/s	37605 short_reads/s	0 short_writes_echo/s	125 cpu_user_milliseconds	1093 cpu_system_milliseconds	0 minor_page_faults/s	0 major_page_faults/s	97614 yields/s	5 preempts/s
98001 milliseconds	2144 MB/s	33100 short_reads/s	0 short_writes_echo/s	93 cpu_user_milliseconds	1140 cpu_system_milliseconds	0 minor_page_faults/s	0 major_page_faults/s	92297 yields/s	508 preempts/s
99001 milliseconds	2466 MB/s	39931 short_reads/s	0 short_writes_echo/s	129 cpu_user_milliseconds	1092 cpu_system_milliseconds	0 minor_page_faults/s	0 major_page_faults/s	101320 yields/s	24 preempts/s
100001 milliseconds	2543 MB/s	38817 short_reads/s	0 short_writes_echo/s	150 cpu_user_milliseconds	1162 cpu_system_milliseconds	0 minor_page_faults/s	0 major_page_faults/s	101249 yields/s	141 preempts/s
101001 milliseconds	2020 MB/s	30823 short_reads/s	0 short_writes_echo/s	115 cpu_user_milliseconds	1136 cpu_system_milliseconds	0 minor_page_faults/s	0 major_page_faults/s	88880 yields/s	5 preempts/s
102001 milliseconds	2419 MB/s	39180 short_reads/s	0 short_writes_echo/s	131 cpu_user_milliseconds	1080 cpu_system_milliseconds	0 minor_page_faults/s	0 major_page_faults/s	100412 yields/s	20 preempts/s
103001 milliseconds	2033 MB/s	31595 short_reads/s	0 short_writes_echo/s	107 cpu_user_milliseconds	1107 cpu_system_milliseconds	0 minor_page_faults/s	0 major_page_faults/s	89993 yields/s	57 preempts/s
104001 milliseconds	2273 MB/s	36024 short_reads/s	0 short_writes_echo/s	109 cpu_user_milliseconds	1108 cpu_system_milliseconds	0 minor_page_faults/s	0 major_page_faults/s	96514 yields/s	29 preempts/s
105001 milliseconds	2336 MB/s	36548 short_reads/s	0 short_writes_echo/s	119 cpu_user_milliseconds	1143 cpu_system_milliseconds	0 minor_page_faults/s	0 major_page_faults/s	96609 yields/s	4 preempts/s
106001 milliseconds	2421 MB/s	38591 short_reads/s	0 short_writes_echo/s	126 cpu_user_milliseconds	1116 cpu_system_milliseconds	0 minor_page_faults/s	0 major_page_faults/s	99640 yields/s	4 preempts/s
107001 milliseconds	2415 MB/s	37735 short_reads/s	0 short_writes_echo/s	133 cpu_user_milliseconds	1131 cpu_system_milliseconds	0 minor_page_faults/s	0 major_page_faults/s	99287 yields/s	5 preempts/s
108001 milliseconds	2051 MB/s	31305 short_reads/s	0 short_writes_echo/s	100 cpu_user_milliseconds	1153 cpu_system_milliseconds	0 minor_page_faults/s	0 major_page_faults/s	89264 yields/s	25 preempts/s
109001 milliseconds	2071 MB/s	31605 short_reads/s	0 short_writes_echo/s	122 cpu_user_milliseconds	1148 cpu_system_milliseconds	0 minor_page_faults/s	0 major_page_faults/s	89481 yields/s	3 preempts/s
110001 milliseconds	2562 MB/s	39414 short_reads/s	0 short_writes_echo/s	126 cpu_user_milliseconds	1175 cpu_system_milliseconds	0 minor_page_faults/s	0 major_page_faults/s	102532 yields/s	15 preempts/s
111001 milliseconds	2394 MB/s	38771 short_reads/s	0 short_writes_echo/s	107 cpu_user_milliseconds	1098 cpu_system_milliseconds	0 minor_page_faults/s	0 major_page_faults/s	100548 yields/s	9 preempts/s
112001 milliseconds	2526 MB/s	43162 short_reads/s	0 short_writes_echo/s	102 cpu_user_milliseconds	1034 cpu_system_milliseconds	0 minor_page_faults/s	0 major_page_faults/s	104584 yields/s	8 preempts/s
113001 milliseconds	2125 MB/s	32430 short_reads/s	0 short_writes_echo/s	103 cpu_user_milliseconds	1153 cpu_system_milliseconds	0 minor_page_faults/s	0 major_page_faults/s	91571 yields/s	43 preempts/s
114001 milliseconds	1874 MB/s	28605 short_reads/s	0 short_writes_echo/s	99 cpu_user_milliseconds	1149 cpu_system_milliseconds	0 minor_page_faults/s	0 major_page_faults/s	84594 yields/s	4 preempts/s
115001 milliseconds	2598 MB/s	44921 short_reads/s	0 short_writes_echo/s	126 cpu_user_milliseconds	1000 cpu_system_milliseconds	0 minor_page_faults/s	0 major_page_faults/s	107112 yields/s	2 preempts/s
116001 milliseconds	2426 MB/s	38722 short_reads/s	0 short_writes_echo/s	132 cpu_user_milliseconds	1102 cpu_system_milliseconds	0 minor_page_faults/s	0 major_page_faults/s	99492 yields/s	29 preempts/s
117001 milliseconds	2236 MB/s	34670 short_reads/s	0 short_writes_echo/s	115 cpu_user_milliseconds	1139 cpu_system_milliseconds	0 minor_page_faults/s	0 major_page_faults/s	94419 yields/s	11 preempts/s
118001 milliseconds	2115 MB/s	33135 short_reads/s	0 short_writes_echo/s	110 cpu_user_milliseconds	1111 cpu_system_milliseconds	0 minor_page_faults/s	0 major_page_faults/s	92317 yields/s	41 preempts/s
119001 milliseconds	2278 MB/s	34773 short_reads/s	0 short_writes_echo/s	108 cpu_user_milliseconds	1168 cpu_system_milliseconds	0 minor_page_faults/s	0 major_page_faults/s	95545 yields/s	20 preempts/s
120001 milliseconds	2132 MB/s	33106 short_reads/s	0 short_writes_echo/s	128 cpu_user_milliseconds	1101 cpu_system_milliseconds	0 minor_page_faults/s	0 major_page_faults/s	92668 yields/s	8 preempts/s
121001 milliseconds	2085 MB/s	33729 short_reads/s	0 short_writes_echo/s	111 cpu_user_milliseconds	1076 cpu_system_milliseconds	0 minor_page_faults/s	0 major_page_faults/s	91798 yields/s	7 preempts/s
122001 milliseconds	2420 MB/s	36963 short_reads/s	0 short_writes_echo/s	142 cpu_user_milliseconds	1156 cpu_system_milliseconds	0 minor_page_faults/s	0 major_page_faults/s	98704 yields/s	6 preempts/s
123001 milliseconds	2263 MB/s	34694 short_reads/s	0 short_writes_echo/s	124 cpu_user_milliseconds	1154 cpu_system_milliseconds	0 minor_page_faults/s	0 major_page_faults/s	93844 yields/s	49 preempts/s
124001 milliseconds	2384 MB/s	36727 short_reads/s	0 short_writes_echo/s	121 cpu_user_milliseconds	1163 cpu_system_milliseconds	0 minor_page_faults/s	0 major_page_faults/s	97658 yields/s	18 preempts/s
125001 milliseconds	2348 MB/s	39302 short_reads/s	0 short_writes_echo/s	98 cpu_user_milliseconds	1057 cpu_system_milliseconds	0 minor_page_faults/s	0 major_page_faults/s	100216 yields/s	10 preempts/s
126001 milliseconds	2285 MB/s	34957 short_reads/s	0 short_writes_echo/s	122 cpu_user_milliseconds	1159 cpu_system_milliseconds	0 minor_page_faults/s	0 major_page_faults/s	95272 yields/s	6 preempts/s
127001 milliseconds	1912 MB/s	29174 short_reads/s	0 short_writes_echo/s	99 cpu_user_milliseconds	1149 cpu_system_milliseconds	0 minor_page_faults/s	0 major_page_faults/s	85624 yields/s	7 preempts/s
128001 milliseconds	2227 MB/s	34421 short_reads/s	0 short_writes_echo/s	117 cpu_user_milliseconds	1147 cpu_system_milliseconds	0 minor_page_faults/s	0 major_page_faults/s	93400 yields/s	66 preempts/s
129001 milliseconds	2390 MB/s	39126 short_reads/s	0 short_writes_echo/s	115 cpu_user_milliseconds	1079 cpu_system_milliseconds	0 minor_page_faults/s	0 major_page_faults/s	99889 yields/s	20 preempts/s
130001 milliseconds	2358 MB/s	37304 short_reads/s	0 short_writes_echo/s	115 cpu_user_milliseconds	1119 cpu_system_milliseconds	0 minor_page_faults/s	0 major_page_faults/s	98685 yields/s	14 preempts/s
131001 milliseconds	2490 MB/s	38423 short_reads/s	0 short_writes_echo/s	123 cpu_user_milliseconds	1166 cpu_system_milliseconds	0 minor_page_faults/s	0 major_page_faults/s	100444 yields/s	12 preempts/s
132001 milliseconds	2561 MB/s	39729 short_reads/s	0 short_writes_echo/s	140 cpu_user_milliseconds	1150 cpu_system_milliseconds	0 minor_page_faults/s	0 major_page_faults/s	102429 yields/s	17 preempts/s
133001 milliseconds	2168 MB/s	34406 short_reads/s	0 short_writes_echo/s	125 cpu_user_milliseconds	1099 cpu_system_milliseconds	0 minor_page_faults/s	0 major_page_faults/s	93055 yields/s	267 preempts/s
134001 milliseconds	2534 MB/s	41163 short_reads/s	0 short_writes_echo/s	136 cpu_user_milliseconds	1074 cpu_system_milliseconds	0 minor_page_faults/s	0 major_page_faults/s	103498 yields/s	22 preempts/s
135001 milliseconds	2405 MB/s	40091 short_reads/s	0 short_writes_echo/s	123 cpu_user_milliseconds	1043 cpu_system_milliseconds	0 minor_page_faults/s	0 major_page_faults/s	101112 yields/s	8 preempts/s
136001 milliseconds	1991 MB/s	31169 short_reads/s	0 short_writes_echo/s	90 cpu_user_milliseconds	1129 cpu_system_milliseconds	0 minor_page_faults/s	0 major_page_faults/s	88302 yields/s	28 preempts/s
137001 milliseconds	2366 MB/s	37206 short_reads/s	0 short_writes_echo/s	103 cpu_user_milliseconds	1150 cpu_system_milliseconds	0 minor_page_faults/s	0 major_page_faults/s	97008 yields/s	3 preempts/s
138001 milliseconds	1966 MB/s	30041 short_reads/s	0 short_writes_echo/s	88 cpu_user_milliseconds	1148 cpu_system_milliseconds	0 minor_page_faults/s	0 major_page_faults/s	86937 yields/s	112 preempts/s
139001 milliseconds	2345 MB/s	38425 short_reads/s	0 short_writes_echo/s	104 cpu_user_milliseconds	1078 cpu_system_milliseconds	0 minor_page_faults/s	0 major_page_faults/s	97928 yields/s	7 preempts/s
140001 milliseconds	2117 MB/s	32762 short_reads/s	0 short_writes_echo/s	112 cpu_user_milliseconds	1138 cpu_system_milliseconds	0 minor_page_faults/s	0 major_page_faults/s	90239 yields/s	22 preempts/s
141001 milliseconds	2257 MB/s	36656 short_reads/s	0 short_writes_echo/s	100 cpu_user_milliseconds	1089 cpu_system_milliseconds	0 minor_page_faults/s	0 major_page_faults/s	95579 yields/s	16 preempts/s
142001 milliseconds	2363 MB/s	38613 short_reads/s	0 short_writes_echo/s	121 cpu_user_milliseconds	1058 cpu_system_milliseconds	0 minor_page_faults/s	0 major_page_faults/s	98933 yields/s	10 preempts/s
143002 milliseconds	2344 MB/s	36216 short_reads/s	0 short_writes_echo/s	118 cpu_user_milliseconds	1143 cpu_system_milliseconds	0 minor_page_faults/s	0 major_page_faults/s	97623 yields/s	72 preempts/s
144002 milliseconds	2437 MB/s	37425 short_reads/s	0 short_writes_echo/s	117 cpu_user_milliseconds	1176 cpu_system_milliseconds	0 minor_page_faults/s	0 major_page_faults/s	98690 yields/s	8 preempts/s
145002 milliseconds	2390 MB/s	36471 short_reads/s	0 short_writes_echo/s	133 cpu_user_milliseconds	1161 cpu_system_milliseconds	0 minor_page_faults/s	0 major_page_faults/s	98197 yields/s	10 preempts/s
146002 milliseconds	2308 MB/s	37077 short_reads/s	0 short_writes_echo/s	141 cpu_user_milliseconds	1073 cpu_system_milliseconds	0 minor_page_faults/s	0 major_page_faults/s	96817 yields/s	0 preempts/s
147002 milliseconds	2390 MB/s	36479 short_reads/s	0 short_writes_echo/s	124 cpu_user_milliseconds	1164 cpu_system_milliseconds	0 minor_page_faults/s	0 major_page_faults/s	98087 yields/s	34 preempts/s
148002 milliseconds	2160 MB/s	34218 short_reads/s	0 short_writes_echo/s	122 cpu_user_milliseconds	1090 cpu_system_milliseconds	0 minor_page_faults/s	0 major_page_faults/s	92850 yields/s	50 preempts/s
149002 milliseconds	2323 MB/s	38042 short_reads/s	0 short_writes_echo/s	129 cpu_user_milliseconds	1057 cpu_system_milliseconds	0 minor_page_faults/s	0 major_page_faults/s	97340 yields/s	9 preempts/s
150002 milliseconds	2378 MB/s	36797 short_reads/s	0 short_writes_echo/s	131 cpu_user_milliseconds	1146 cpu_system_milliseconds	0 minor_page_faults/s	0 major_page_faults/s	96993 yields/s	21 preempts/s
151002 milliseconds	2358 MB/s	37380 short_reads/s	0 short_writes_echo/s	138 cpu_user_milliseconds	1105 cpu_system_milliseconds	0 minor_page_faults/s	0 major_page_faults/s	96299 yields/s	27 preempts/s
152002 milliseconds	2144 MB/s	34250 short_reads/s	0 short_writes_echo/s	96 cpu_user_milliseconds	1093 cpu_system_milliseconds	0 minor_page_faults/s	0 major_page_faults/s	92681 yields/s	18 preempts/s
153002 milliseconds	2461 MB/s	38280 short_reads/s	0 short_writes_echo/s	127 cpu_user_milliseconds	1140 cpu_system_milliseconds	0 minor_page_faults/s	0 major_page_faults/s	100167 yields/s	59 preempts/s
154002 milliseconds	2182 MB/s	33705 short_reads/s	0 short_writes_echo/s	101 cpu_user_milliseconds	1153 cpu_system_milliseconds	0 minor_page_faults/s	0 major_page_faults/s	93067 yields/s	2 preempts/s
155002 milliseconds	2451 MB/s	38209 short_reads/s	0 short_writes_echo/s	111 cpu_user_milliseconds	1164 cpu_system_milliseconds	0 minor_page_faults/s	0 major_page_faults/s	99228 yields/s	6 preempts/s
156002 milliseconds	2441 MB/s	41036 short_reads/s	0 short_writes_echo/s	136 cpu_user_milliseconds	1010 cpu_system_milliseconds	0 minor_page_faults/s	0 major_page_faults/s	100562 yields/s	26 preempts/s
157002 milliseconds	2353 MB/s	35904 short_reads/s	0 short_writes_echo/s	130 cpu_user_milliseconds	1161 cpu_system_milliseconds	0 minor_page_faults/s	0 major_page_faults/s	97062 yields/s	4 preempts/s
158002 milliseconds	2028 MB/s	31939 short_reads/s	0 short_writes_echo/s	111 cpu_user_milliseconds	1103 cpu_system_milliseconds	0 minor_page_faults/s	0 major_page_faults/s	88566 yields/s	33 preempts/s
159002 milliseconds	2311 MB/s	38046 short_reads/s	0 short_writes_echo/s	112 cpu_user_milliseconds	1065 cpu_system_milliseconds	0 minor_page_faults/s	0 major_page_faults/s	96859 yields/s	2 preempts/s
160002 milliseconds	2469 MB/s	38238 short_reads/s	0 short_writes_echo/s	126 cpu_user_milliseconds	1155 cpu_system_milliseconds	0 minor_page_faults/s	0 major_page_faults/s	99895 yields/s	11 preempts/s
161002 milliseconds	2435 MB/s	37894 short_reads/s	0 short_writes_echo/s	107 cpu_user_milliseconds	1167 cpu_system_milliseconds	0 minor_page_faults/s	0 major_page_faults/s	98775 yields/s	6 preempts/s
162002 milliseconds	1939 MB/s	29599 short_reads/s	0 short_writes_echo/s	88 cpu_user_milliseconds	1150 cpu_system_milliseconds	0 minor_page_faults/s	0 major_page_faults/s	86946 yields/s	9 preempts/s
163002 milliseconds	2206 MB/s	33852 short_reads/s	0 short_writes_echo/s	127 cpu_user_milliseconds	1140 cpu_system_milliseconds	0 minor_page_faults/s	0 major_page_faults/s	93216 yields/s	55 preempts/s
164002 milliseconds	2349 MB/s	37094 short_reads/s	0 short_writes_echo/s	116 cpu_user_milliseconds	1124 cpu_system_milliseconds	0 minor_page_faults/s	0 major_page_faults/s	96785 yields/s	37 preempts/s
165002 milliseconds	2161 MB/s	34058 short_reads/s	0 short_writes_echo/s	127 cpu_user_milliseconds	1101 cpu_system_milliseconds	0 minor_page_faults/s	0 major_page_faults/s	92127 yields/s	4 preempts/s
166002 milliseconds	2207 MB/s	33701 short_reads/s	0 short_writes_echo/s	115 cpu_user_milliseconds	1155 cpu_system_milliseconds	0 minor_page_faults/s	0 major_page_faults/s	93568 yields/s	9 preempts/s
167002 milliseconds	2276 MB/s	35584 short_reads/s	0 short_writes_echo/s	115 cpu_user_milliseconds	1139 cpu_system_milliseconds	0 minor_page_faults/s	0 major_page_faults/s	94840 yields/s	8 preempts/s
168002 milliseconds	2038 MB/s	31108 short_reads/s	0 short_writes_echo/s	95 cpu_user_milliseconds	1139 cpu_system_milliseconds	0 minor_page_faults/s	0 major_page_faults/s	89969 yields/s	45 preempts/s
169002 milliseconds	2473 MB/s	40373 short_reads/s	0 short_writes_echo/s	140 cpu_user_milliseconds	1057 cpu_system_milliseconds	0 minor_page_faults/s	0 major_page_faults/s	101057 yields/s	3 preempts/s
170002 milliseconds	2338 MB/s	37190 short_reads/s	0 short_writes_echo/s	132 cpu_user_milliseconds	1089 cpu_system_milliseconds	0 minor_page_faults/s	0 major_page_faults/s	97229 yields/s	12 preempts/s
171002 milliseconds	2205 MB/s	33648 short_reads/s	0 short_writes_echo/s	119 cpu_user_milliseconds	1165 cpu_system_milliseconds	0 minor_page_faults/s	0 major_page_faults/s	92702 yields/s	4 preempts/s
172002 milliseconds	2241 MB/s	35593 short_reads/s	0 short_writes_echo/s	106 cpu_user_milliseconds	1101 cpu_system_milliseconds	0 minor_page_faults/s	0 major_page_faults/s	95590 yields/s	51 preempts/s
173002 milliseconds	2046 MB/s	31233 short_reads/s	0 short_writes_echo/s	119 cpu_user_milliseconds	1143 cpu_system_milliseconds	0 minor_page_faults/s	0 major_page_faults/s	88760 yields/s	36 preempts/s
174002 milliseconds	2432 MB/s	37127 short_reads/s	0 short_writes_echo/s	126 cpu_user_milliseconds	1168 cpu_system_milliseconds	0 minor_page_faults/s	0 major_page_faults/s	99188 yields/s	9 preempts/s
175002 milliseconds	2259 MB/s	36799 short_reads/s	0 short_writes_echo/s	125 cpu_user_milliseconds	1057 cpu_system_milliseconds	0 minor_page_faults/s	0 major_page_faults/s	94230 yields/s	21 preempts/s
176002 milliseconds	2382 MB/s	36357 short_reads/s	0 short_writes_echo/s	135 cpu_user_milliseconds	1154 cpu_system_milliseconds	0 minor_page_faults/s	0 major_page_faults/s	97443 yields/s	27 preempts/s
177002 milliseconds	2552 MB/s	41484 short_reads/s	0 short_writes_echo/s	169 cpu_user_milliseconds	1044 cpu_system_milliseconds	0 minor_page_faults/s	0 major_page_faults/s	102578 yields/s	21 preempts/s
178002 milliseconds	2341 MB/s	37894 short_reads/s	0 short_writes_echo/s	125 cpu_user_milliseconds	1076 cpu_system_milliseconds	0 minor_page_faults/s	0 major_page_faults/s	97666 yields/s	54 preempts/s
179002 milliseconds	2498 MB/s	42488 short_reads/s	0 short_writes_echo/s	118 cpu_user_milliseconds	1015 cpu_system_milliseconds	0 minor_page_faults/s	0 major_page_faults/s	102540 yields/s	0 preempts/s
180002 milliseconds	2450 MB/s	41997 short_reads/s	0 short_writes_echo/s	103 cpu_user_milliseconds	1016 cpu_system_milliseconds	0 minor_page_faults/s	0 major_page_faults/s	100659 yields/s	20 preempts/s
181002 milliseconds	2479 MB/s	39602 short_reads/s	0 short_writes_echo/s	112 cpu_user_milliseconds	1125 cpu_system_milliseconds	0 minor_page_faults/s	0 major_page_faults/s	101013 yields/s	5 preempts/s
182002 milliseconds	2674 MB/s	40809 short_reads/s	0 short_writes_echo/s	137 cpu_user_milliseconds	1193 cpu_system_milliseconds	0 minor_page_faults/s	0 major_page_faults/s	104468 yields/s	21 preempts/s
183002 milliseconds	2415 MB/s	37966 short_reads/s	0 short_writes_echo/s	133 cpu_user_milliseconds	1120 cpu_system_milliseconds	0 minor_page_faults/s	0 major_page_faults/s	98114 yields/s	95 preempts/s
184002 milliseconds	2313 MB/s	36844 short_reads/s	0 short_writes_echo/s	117 cpu_user_milliseconds	1100 cpu_system_milliseconds	0 minor_page_faults/s	0 major_page_faults/s	96877 yields/s	12 preempts/s
185002 milliseconds	2024 MB/s	31934 short_reads/s	0 short_writes_echo/s	119 cpu_user_milliseconds	1096 cpu_system_milliseconds	0 minor_page_faults/s	0 major_page_faults/s	88827 yields/s	6 preempts/s
186002 milliseconds	2248 MB/s	37117 short_reads/s	0 short_writes_echo/s	98 cpu_user_milliseconds	1073 cpu_system_milliseconds	0 minor_page_faults/s	0 major_page_faults/s	94682 yields/s	15 preempts/s
187002 milliseconds	2446 MB/s	40821 short_reads/s	0 short_writes_echo/s	129 cpu_user_milliseconds	1028 cpu_system_milliseconds	0 minor_page_faults/s	0 major_page_faults/s	101279 yields/s	8 preempts/s
188002 milliseconds	2373 MB/s	38368 short_reads/s	0 short_writes_echo/s	130 cpu_user_milliseconds	1070 cpu_system_milliseconds	0 minor_page_faults/s	0 major_page_faults/s	98842 yields/s	30 preempts/s
189002 milliseconds	2269 MB/s	34628 short_reads/s	0 short_writes_echo/s	147 cpu_user_milliseconds	1137 cpu_system_milliseconds	0 minor_page_faults/s	0 major_page_faults/s	94539 yields/s	11 preempts/s
190002 milliseconds	2590 MB/s	41703 short_reads/s	0 short_writes_echo/s	131 cpu_user_milliseconds	1098 cpu_system_milliseconds	0 minor_page_faults/s	0 major_page_faults/s	103930 yields/s	3 preempts/s
191002 milliseconds	2298 MB/s	36798 short_reads/s	0 short_writes_echo/s	110 cpu_user_milliseconds	1103 cpu_system_milliseconds	0 minor_page_faults/s	0 major_page_faults/s	96125 yields/s	7 preempts/s
192002 milliseconds	2274 MB/s	37214 short_reads/s	0 short_writes_echo/s	104 cpu_user_milliseconds	1067 cpu_system_milliseconds	0 minor_page_faults/s	0 major_page_faults/s	97040 yields/s	24 preempts/s
193002 milliseconds	2184 MB/s	34788 short_reads/s	0 short_writes_echo/s	138 cpu_user_milliseconds	1064 cpu_system_milliseconds	0 minor_page_faults/s	0 major_page_faults/s	93572 yields/s	43 preempts/s
194002 milliseconds	2171 MB/s	33327 short_reads/s	0 short_writes_echo/s	92 cpu_user_milliseconds	1169 cpu_system_milliseconds	0 minor_page_faults/s	0 major_page_faults/s	92586 yields/s	10 preempts/s
195002 milliseconds	2132 MB/s	34591 short_reads/s	0 short_writes_echo/s	103 cpu_user_milliseconds	1080 cpu_system_milliseconds	0 minor_page_faults/s	0 major_page_faults/s	92254 yields/s	9 preempts/s
196002 milliseconds	2232 MB/s	35953 short_reads/s	0 short_writes_echo/s	95 cpu_user_milliseconds	1112 cpu_system_milliseconds	0 minor_page_faults/s	0 major_page_faults/s	93566 yields/s	26 preempts/s
197003 milliseconds	2402 MB/s	39783 short_reads/s	0 short_writes_echo/s	123 cpu_user_milliseconds	1046 cpu_system_milliseconds	0 minor_page_faults/s	0 major_page_faults/s	99555 yields/s	6 preempts/s
198003 milliseconds	2288 MB/s	34959 short_reads/s	0 short_writes_echo/s	107 cpu_user_milliseconds	1169 cpu_system_milliseconds	0 minor_page_faults/s	0 major_page_faults/s	94616 yields/s	109 preempts/s
199003 milliseconds	2242 MB/s	34543 short_reads/s	0 short_writes_echo/s	110 cpu_user_milliseconds	1157 cpu_system_milliseconds	0 minor_page_faults/s	0 major_page_faults/s	93974 yields/s	9 preempts/s
200003 milliseconds	2503 MB/s	41374 short_reads/s	0 short_writes_echo/s	127 cpu_user_milliseconds	1050 cpu_system_milliseconds	0 minor_page_faults/s	0 major_page_faults/s	102538 yields/s	12 preempts/s
201003 milliseconds	2080 MB/s	32666 short_reads/s	0 short_writes_echo/s	115 cpu_user_milliseconds	1111 cpu_system_milliseconds	0 minor_page_faults/s	0 major_page_faults/s	90194 yields/s	9 preempts/s
202003 milliseconds	2236 MB/s	35229 short_reads/s	0 short_writes_echo/s	114 cpu_user_milliseconds	1111 cpu_system_milliseconds	0 minor_page_faults/s	0 major_page_faults/s	95268 yields/s	11 preempts/s
203003 milliseconds	2576 MB/s	41426 short_reads/s	0 short_writes_echo/s	127 cpu_user_milliseconds	1104 cpu_system_milliseconds	0 minor_page_faults/s	0 major_page_faults/s	103314 yields/s	37 preempts/s
204003 milliseconds	2171 MB/s	33279 short_reads/s	0 short_writes_echo/s	99 cpu_user_milliseconds	1162 cpu_system_milliseconds	0 minor_page_faults/s	0 major_page_faults/s	92303 yields/s	39 preempts/s
205003 milliseconds	2327 MB/s	35890 short_reads/s	0 short_writes_echo/s	120 cpu_user_milliseconds	1156 cpu_system_milliseconds	0 minor_page_faults/s	0 major_page_faults/s	96305 yields/s	5 preempts/s
206003 milliseconds	2361 MB/s	36791 short_reads/s	0 short_writes_echo/s	116 cpu_user_milliseconds	1142 cpu_system_milliseconds	0 minor_page_faults/s	0 major_page_faults/s	97695 yields/s	11 preempts/s
207003 milliseconds	2511 MB/s	38349 short_reads/s	0 short_writes_echo/s	121 cpu_user_milliseconds	1182 cpu_system_milliseconds	0 minor_page_faults/s	0 major_page_faults/s	100792 yields/s	24 preempts/s
208003 milliseconds	2246 MB/s	35828 short_reads/s	0 short_writes_echo/s	110 cpu_user_milliseconds	1089 cpu_system_milliseconds	0 minor_page_faults/s	0 major_page_faults/s	95572 yields/s	57 preempts/s
209003 milliseconds	2350 MB/s	35865 short_reads/s	0 short_writes_echo/s	118 cpu_user_milliseconds	1158 cpu_system_milliseconds	0 minor_page_faults/s	0 major_page_faults/s	98300 yields/s	5 preempts/s
210003 milliseconds	2190 MB/s	33431 short_reads/s	0 short_writes_echo/s	102 cpu_user_milliseconds	1172 cpu_system_milliseconds	0 minor_page_faults/s	0 major_page_faults/s	92951 yields/s	16 preempts/s
211003 milliseconds	2414 MB/s	40382 short_reads/s	0 short_writes_echo/s	131 cpu_user_milliseconds	1025 cpu_system_milliseconds	0 minor_page_faults/s	0 major_page_faults/s	99068 yields/s	15 preempts/s
212003 milliseconds	2152 MB/s	32843 short_reads/s	0 short_writes_echo/s	105 cpu_user_milliseconds	1156 cpu_system_milliseconds	0 minor_page_faults/s	0 major_page_faults/s	92239 yields/s	25 preempts/s
213003 milliseconds	2230 MB/s	34029 short_reads/s	0 short_writes_echo/s	104 cpu_user_milliseconds	1170 cpu_system_milliseconds	0 minor_page_faults/s	0 major_page_faults/s	94069 yields/s	55 preempts/s
214003 milliseconds	2141 MB/s	34961 short_reads/s	0 short_writes_echo/s	110 cpu_user_milliseconds	1056 cpu_system_milliseconds	0 minor_page_faults/s	0 major_page_faults/s	93511 yields/s	14 preempts/s
215003 milliseconds	2006 MB/s	30619 short_reads/s	0 short_writes_echo/s	109 cpu_user_milliseconds	1147 cpu_system_milliseconds	0 minor_page_faults/s	0 major_page_faults/s	88248 yields/s	9 preempts/s
216003 milliseconds	2265 MB/s	34699 short_reads/s	0 short_writes_echo/s	127 cpu_user_milliseconds	1140 cpu_system_milliseconds	0 minor_page_faults/s	0 major_page_faults/s	95266 yields/s	6 preempts/s
217003 milliseconds	2051 MB/s	31774 short_reads/s	0 short_writes_echo/s	109 cpu_user_milliseconds	1136 cpu_system_milliseconds	0 minor_page_faults/s	0 major_page_faults/s	89102 yields/s	9 preempts/s
218003 milliseconds	2062 MB/s	32412 short_reads/s	0 short_writes_echo/s	103 cpu_user_milliseconds	1109 cpu_system_milliseconds	0 minor_page_faults/s	0 major_page_faults/s	90302 yields/s	48 preempts/s
219003 milliseconds	2391 MB/s	37342 short_reads/s	0 short_writes_echo/s	126 cpu_user_milliseconds	1129 cpu_system_milliseconds	0 minor_page_faults/s	0 major_page_faults/s	98662 yields/s	32 preempts/s
220003 milliseconds	2081 MB/s	32185 short_reads/s	0 short_writes_echo/s	115 cpu_user_milliseconds	1129 cpu_system_milliseconds	0 minor_page_faults/s	0 major_page_faults/s	90049 yields/s	10 preempts/s
221003 milliseconds	2196 MB/s	34060 short_reads/s	0 short_writes_echo/s	97 cpu_user_milliseconds	1155 cpu_system_milliseconds	0 minor_page_faults/s	0 major_page_faults/s	92916 yields/s	5 preempts/s
222003 milliseconds	2393 MB/s	37847 short_reads/s	0 short_writes_echo/s	120 cpu_user_milliseconds	1125 cpu_system_milliseconds	0 minor_page_faults/s	0 major_page_faults/s	98121 yields/s	13 preempts/s
223003 milliseconds	2351 MB/s	35883 short_reads/s	0 short_writes_echo/s	131 cpu_user_milliseconds	1161 cpu_system_milliseconds	0 minor_page_faults/s	0 major_page_faults/s	96581 yields/s	68 preempts/s
224003 milliseconds	2155 MB/s	33172 short_reads/s	0 short_writes_echo/s	108 cpu_user_milliseconds	1143 cpu_system_milliseconds	0 minor_page_faults/s	0 major_page_faults/s	92182 yields/s	21 preempts/s
225003 milliseconds	2089 MB/s	33564 short_reads/s	0 short_writes_echo/s	102 cpu_user_milliseconds	1094 cpu_system_milliseconds	0 minor_page_faults/s	0 major_page_faults/s	90838 yields/s	19 preempts/s
226003 milliseconds	2160 MB/s	34632 short_reads/s	0 short_writes_echo/s	105 cpu_user_milliseconds	1105 cpu_system_milliseconds	0 minor_page_faults/s	0 major_page_faults/s	92302 yields/s	7 preempts/s
227003 milliseconds	2511 MB/s	43183 short_reads/s	0 short_writes_echo/s	122 cpu_user_milliseconds	992 cpu_system_milliseconds	0 minor_page_faults/s	0 major_page_faults/s	102982 yields/s	1 preempts/s
228003 milliseconds	2284 MB/s	38129 short_reads/s	0 short_writes_echo/s	124 cpu_user_milliseconds	1018 cpu_system_milliseconds	0 minor_page_faults/s	0 major_page_faults/s	96402 yields/s	155 preempts/s
229003 milliseconds	2268 MB/s	37737 short_reads/s	0 short_writes_echo/s	105 cpu_user_milliseconds	1042 cpu_system_milliseconds	0 minor_page_faults/s	0 major_page_faults/s	96945 yields/s	2 preempts/s
230003 milliseconds	2516 MB/s	39627 short_reads/s	0 short_writes_echo/s	134 cpu_user_milliseconds	1130 cpu_system_milliseconds	0 minor_page_faults/s	0 major_page_faults/s	101436 yields/s	7 preempts/s
231003 milliseconds	2257 MB/s	35711 short_reads/s	0 short_writes_echo/s	119 cpu_user_milliseconds	1113 cpu_system_milliseconds	0 minor_page_faults/s	0 major_page_faults/s	94710 yields/s	18 preempts/s
232003 milliseconds	2048 MB/s	31261 short_reads/s	0 short_writes_echo/s	101 cpu_user_milliseconds	1154 cpu_system_milliseconds	0 minor_page_faults/s	0 major_page_faults/s	89573 yields/s	15 preempts/s
233003 milliseconds	2175 MB/s	33936 short_reads/s	0 short_writes_echo/s	128 cpu_user_milliseconds	1104 cpu_system_milliseconds	0 minor_page_faults/s	0 major_page_faults/s	92636 yields/s	35 preempts/s
234003 milliseconds	2200 MB/s	35313 short_reads/s	0 short_writes_echo/s	108 cpu_user_milliseconds	1086 cpu_system_milliseconds	0 minor_page_faults/s	0 major_page_faults/s	94504 yields/s	3 preempts/s
235003 milliseconds	1977 MB/s	30171 short_reads/s	0 short_writes_echo/s	93 cpu_user_milliseconds	1151 cpu_system_milliseconds	0 minor_page_faults/s	0 major_page_faults/s	87596 yields/s	3 preempts/s
236003 milliseconds	2142 MB/s	33508 short_reads/s	0 short_writes_echo/s	110 cpu_user_milliseconds	1101 cpu_system_milliseconds	0 minor_page_faults/s	0 major_page_faults/s	93843 yields/s	3 preempts/s
237003 milliseconds	2117 MB/s	32718 short_reads/s	0 short_writes_echo/s	113 cpu_user_milliseconds	1134 cpu_system_milliseconds	0 minor_page_faults/s	0 major_page_faults/s	91308 yields/s	11 preempts/s
238003 milliseconds	2419 MB/s	39528 short_reads/s	0 short_writes_echo/s	117 cpu_user_milliseconds	1069 cpu_system_milliseconds	0 minor_page_faults/s	0 major_page_faults/s	99423 yields/s	53 preempts/s
239003 milliseconds	2509 MB/s	41246 short_reads/s	0 short_writes_echo/s	109 cpu_user_milliseconds	1084 cpu_system_milliseconds	0 minor_page_faults/s	0 major_page_faults/s	102043 yields/s	25 preempts/s
240003 milliseconds	2183 MB/s	35184 short_reads/s	0 short_writes_echo/s	113 cpu_user_milliseconds	1085 cpu_system_milliseconds	0 minor_page_faults/s	0 major_page_faults/s	93517 yields/s	20 preempts/s
