1000 milliseconds	2199 MB/s	3970 short_reads/s	0 short_writes_echo/s	114 cpu_user_milliseconds	1010 cpu_system_milliseconds	169 minor_page_faults/s	0 major_page_faults/s	99295 yields/s	4 preempts/s
2000 milliseconds	2187 MB/s	9004 short_reads/s	0 short_writes_echo/s	124 cpu_user_milliseconds	813 cpu_system_milliseconds	3 minor_page_faults/s	0 major_page_faults/s	102606 yields/s	6 preempts/s
3000 milliseconds	2174 MB/s	5510 short_reads/s	0 short_writes_echo/s	111 cpu_user_milliseconds	939 cpu_system_milliseconds	0 minor_page_faults/s	0 major_page_faults/s	98445 yields/s	339 preempts/s
4000 milliseconds	2184 MB/s	9379 short_reads/s	0 short_writes_echo/s	104 cpu_user_milliseconds	856 cpu_system_milliseconds	0 minor_page_faults/s	0 major_page_faults/s	102973 yields/s	65 preempts/s
5000 milliseconds	2190 MB/s	4404 short_reads/s	0 short_writes_echo/s	129 cpu_user_milliseconds	976 cpu_system_milliseconds	0 minor_page_faults/s	0 major_page_faults/s	98440 yields/s	41 preempts/s
6000 milliseconds	2170 MB/s	2687 short_reads/s	0 short_writes_echo/s	111 cpu_user_milliseconds	1052 cpu_system_milliseconds	0 minor_page_faults/s	0 major_page_faults/s	96083 yields/s	45 preempts/s
7000 milliseconds	2225 MB/s	6376 short_reads/s	0 short_writes_echo/s	130 cpu_user_milliseconds	922 cpu_system_milliseconds	0 minor_page_faults/s	0 major_page_faults/s	101296 yields/s	10 preempts/s
8000 milliseconds	2197 MB/s	2800 short_reads/s	0 short_writes_echo/s	119 cpu_user_milliseconds	1040 cpu_system_milliseconds	0 minor_page_faults/s	0 major_page_faults/s	97667 yields/s	68 preempts/s
9000 milliseconds	2166 MB/s	716 short_reads/s	0 short_writes_echo/s	101 cpu_user_milliseconds	1140 cpu_system_milliseconds	0 minor_page_faults/s	0 major_page_faults/s	94881 yields/s	9 preempts/s
10000 milliseconds	2215 MB/s	3605 short_reads/s	0 short_writes_echo/s	103 cpu_user_milliseconds	1036 cpu_system_milliseconds	0 minor_page_faults/s	0 major_page_faults/s	98714 yields/s	56 preempts/s
11000 milliseconds	2214 MB/s	3571 short_reads/s	0 short_writes_echo/s	112 cpu_user_milliseconds	1022 cpu_system_milliseconds	0 minor_page_faults/s	0 major_page_faults/s	98758 yields/s	25 preempts/s
12000 milliseconds	2180 MB/s	6690 short_reads/s	0 short_writes_echo/s	113 cpu_user_milliseconds	907 cpu_system_milliseconds	0 minor_page_faults/s	0 major_page_faults/s	100249 yields/s	6 preempts/s
13000 milliseconds	2197 MB/s	3702 short_reads/s	0 short_writes_echo/s	130 cpu_user_milliseconds	1000 cpu_system_milliseconds	0 minor_page_faults/s	0 major_page_faults/s	98051 yields/s	338 preempts/s
14000 milliseconds	2187 MB/s	886 short_reads/s	0 short_writes_echo/s	122 cpu_user_milliseconds	1113 cpu_system_milliseconds	0 minor_page_faults/s	0 major_page_faults/s	95935 yields/s	81 preempts/s
15000 milliseconds	2201 MB/s	3368 short_reads/s	0 short_writes_echo/s	117 cpu_user_milliseconds	1021 cpu_system_milliseconds	0 minor_page_faults/s	0 major_page_faults/s	98147 yields/s	4 preempts/s
16000 milliseconds	2211 MB/s	1337 short_reads/s	0 short_writes_echo/s	130 cpu_user_milliseconds	1084 cpu_system_milliseconds	0 minor_page_faults/s	0 major_page_faults/s	96497 yields/s	1 preempts/s
17000 milliseconds	2136 MB/s	2614 short_reads/s	0 short_writes_echo/s	112 cpu_user_milliseconds	1063 cpu_system_milliseconds	0 minor_page_faults/s	0 major_page_faults/s	94686 yields/s	91 preempts/s
18000 milliseconds	2176 MB/s	1628 short_reads/s	0 short_writes_echo/s	113 cpu_user_milliseconds	1079 cpu_system_milliseconds	0 minor_page_faults/s	0 major_page_faults/s	95185 yields/s	409 preempts/s
19000 milliseconds	2237 MB/s	4054 short_reads/s	0 short_writes_echo/s	124 cpu_user_milliseconds	990 cpu_system_milliseconds	0 minor_page_faults/s	0 major_page_faults/s	99535 yields/s	17 preempts/s
20000 milliseconds	2203 MB/s	3920 short_reads/s	0 short_writes_echo/s	111 cpu_user_milliseconds	1017 cpu_system_milliseconds	0 minor_page_faults/s	0 major_page_faults/s	98456 yields/s	18 preempts/s
21000 milliseconds	2186 MB/s	8833 short_reads/s	0 short_writes_echo/s	126 cpu_user_milliseconds	818 cpu_system_milliseconds	0 minor_page_faults/s	0 major_page_faults/s	102287 yields/s	16 preempts/s
22000 milliseconds	2195 MB/s	7511 short_reads/s	0 short_writes_echo/s	120 cpu_user_milliseconds	878 cpu_system_milliseconds	0 minor_page_faults/s	0 major_page_faults/s	101179 yields/s	20 preempts/s
23000 milliseconds	2182 MB/s	5260 short_reads/s	0 short_writes_echo/s	118 cpu_user_milliseconds	944 cpu_system_milliseconds	0 minor_page_faults/s	0 major_page_faults/s	98602 yields/s	485 preempts/s
24000 milliseconds	2182 MB/s	4523 short_reads/s	0 short_writes_echo/s	122 cpu_user_milliseconds	973 cpu_system_milliseconds	0 minor_page_faults/s	0 major_page_faults/s	98799 yields/s	11 preempts/s
25000 milliseconds	2189 MB/s	4606 short_reads/s	0 short_writes_echo/s	128 cpu_user_milliseconds	967 cpu_system_milliseconds	0 minor_page_faults/s	0 major_page_faults/s	98702 yields/s	10 preempts/s
26000 milliseconds	2183 MB/s	4152 short_reads/s	0 short_writes_echo/s	118 cpu_user_milliseconds	1000 cpu_system_milliseconds	0 minor_page_faults/s	0 major_page_faults/s	98019 yields/s	35 preempts/s
27000 milliseconds	2188 MB/s	3450 short_reads/s	0 short_writes_echo/s	137 cpu_user_milliseconds	1002 cpu_system_milliseconds	0 minor_page_faults/s	0 major_page_faults/s	97756 yields/s	64 preempts/s
28000 milliseconds	2173 MB/s	2099 short_reads/s	0 short_writes_echo/s	121 cpu_user_milliseconds	1057 cpu_system_milliseconds	0 minor_page_faults/s	0 major_page_faults/s	95959 yields/s	283 preempts/s
29000 milliseconds	2156 MB/s	3065 short_reads/s	0 short_writes_echo/s	114 cpu_user_milliseconds	1036 cpu_system_milliseconds	0 minor_page_faults/s	0 major_page_faults/s	96547 yields/s	40 preempts/s
30000 milliseconds	2183 MB/s	1650 short_reads/s	0 short_writes_echo/s	106 cpu_user_milliseconds	1102 cpu_system_milliseconds	0 minor_page_faults/s	0 major_page_faults/s	96233 yields/s	17 preempts/s
31000 milliseconds	2203 MB/s	3955 short_reads/s	0 short_writes_echo/s	110 cpu_user_milliseconds	1011 cpu_system_milliseconds	0 minor_page_faults/s	0 major_page_faults/s	98821 yields/s	4 preempts/s
32000 milliseconds	2210 MB/s	5841 short_reads/s	0 short_writes_echo/s	125 cpu_user_milliseconds	929 cpu_system_milliseconds	0 minor_page_faults/s	0 major_page_faults/s	100363 yields/s	7 preempts/s
33000 milliseconds	2177 MB/s	782 short_reads/s	0 short_writes_echo/s	113 cpu_user_milliseconds	1118 cpu_system_milliseconds	0 minor_page_faults/s	0 major_page_faults/s	95145 yields/s	501 preempts/s
34000 milliseconds	2223 MB/s	5741 short_reads/s	0 short_writes_echo/s	110 cpu_user_milliseconds	948 cpu_system_milliseconds	0 minor_page_faults/s	0 major_page_faults/s	100626 yields/s	24 preempts/s
35000 milliseconds	2217 MB/s	4362 short_reads/s	0 short_writes_echo/s	113 cpu_user_milliseconds	1006 cpu_system_milliseconds	0 minor_page_faults/s	0 major_page_faults/s	99551 yields/s	6 preempts/s
36000 milliseconds	2207 MB/s	5790 short_reads/s	0 short_writes_echo/s	127 cpu_user_milliseconds	944 cpu_system_milliseconds	0 minor_page_faults/s	0 major_page_faults/s	99963 yields/s	25 preempts/s
37000 milliseconds	2167 MB/s	1712 short_reads/s	0 short_writes_echo/s	103 cpu_user_milliseconds	1098 cpu_system_milliseconds	0 minor_page_faults/s	0 major_page_faults/s	95763 yields/s	47 preempts/s
38000 milliseconds	2189 MB/s	3691 short_reads/s	0 short_writes_echo/s	108 cpu_user_milliseconds	1024 cpu_system_milliseconds	0 minor_page_faults/s	0 major_page_faults/s	97851 yields/s	178 preempts/s
39000 milliseconds	2190 MB/s	4364 short_reads/s	0 short_writes_echo/s	116 cpu_user_milliseconds	1011 cpu_system_milliseconds	0 minor_page_faults/s	0 major_page_faults/s	98590 yields/s	18 preempts/s
40000 milliseconds	2171 MB/s	1924 short_reads/s	0 short_writes_echo/s	128 cpu_user_milliseconds	1063 cpu_system_milliseconds	0 minor_page_faults/s	0 major_page_faults/s	95663 yields/s	43 preempts/s
41000 milliseconds	2155 MB/s	6403 short_reads/s	0 short_writes_echo/s	121 cpu_user_milliseconds	932 cpu_system_milliseconds	0 minor_page_faults/s	0 major_page_faults/s	99585 yields/s	7 preempts/s
42000 milliseconds	2194 MB/s	5720 short_reads/s	0 short_writes_echo/s	128 cpu_user_milliseconds	934 cpu_system_milliseconds	0 minor_page_faults/s	0 major_page_faults/s	99885 yields/s	23 preempts/s
43000 milliseconds	2168 MB/s	2091 short_reads/s	0 short_writes_echo/s	119 cpu_user_milliseconds	1059 cpu_system_milliseconds	0 minor_page_faults/s	0 major_page_faults/s	94996 yields/s	647 preempts/s
44000 milliseconds	2155 MB/s	908 short_reads/s	0 short_writes_echo/s	114 cpu_user_milliseconds	1120 cpu_system_milliseconds	0 minor_page_faults/s	0 major_page_faults/s	95007 yields/s	27 preempts/s
45000 milliseconds	2197 MB/s	4140 short_reads/s	0 short_writes_echo/s	149 cpu_user_milliseconds	969 cpu_system_milliseconds	0 minor_page_faults/s	0 major_page_faults/s	98560 yields/s	9 preempts/s
46000 milliseconds	2181 MB/s	3632 short_reads/s	0 short_writes_echo/s	116 cpu_user_milliseconds	1023 cpu_system_milliseconds	0 minor_page_faults/s	0 major_page_faults/s	98013 yields/s	24 preempts/s
47000 milliseconds	2208 MB/s	4088 short_reads/s	0 short_writes_echo/s	122 cpu_user_milliseconds	1007 cpu_system_milliseconds	0 minor_page_faults/s	0 major_page_faults/s	99166 yields/s	20 preempts/s
48000 milliseconds	2187 MB/s	3083 short_reads/s	0 short_writes_echo/s	116 cpu_user_milliseconds	1027 cpu_system_milliseconds	0 minor_page_faults/s	0 major_page_faults/s	97004 yields/s	89 preempts/s
49000 milliseconds	2201 MB/s	2603 short_reads/s	0 short_writes_echo/s	123 cpu_user_milliseconds	1050 cpu_system_milliseconds	0 minor_page_faults/s	0 major_page_faults/s	97675 yields/s	27 preempts/s
50000 milliseconds	2191 MB/s	3885 short_reads/s	0 short_writes_echo/s	118 cpu_user_milliseconds	1006 cpu_system_milliseconds	0 minor_page_faults/s	0 major_page_faults/s	98325 yields/s	20 preempts/s
51000 milliseconds	2170 MB/s	5817 short_reads/s	0 short_writes_echo/s	102 cpu_user_milliseconds	960 cpu_system_milliseconds	0 minor_page_faults/s	0 major_page_faults/s	99612 yields/s	26 preempts/s
52000 milliseconds	2196 MB/s	836 short_reads/s	0 short_writes_echo/s	120 cpu_user_milliseconds	1108 cpu_system_milliseconds	0 minor_page_faults/s	0 major_page_faults/s	95938 yields/s	42 preempts/s
53000 milliseconds	2161 MB/s	3025 short_reads/s	0 short_writes_echo/s	111 cpu_user_milliseconds	1043 cpu_system_milliseconds	0 minor_page_faults/s	0 major_page_faults/s	96407 yields/s	88 preempts/s
54000 milliseconds	2181 MB/s	2980 short_reads/s	0 short_writes_echo/s	120 cpu_user_milliseconds	1034 cpu_system_milliseconds	0 minor_page_faults/s	0 major_page_faults/s	97472 yields/s	18 preempts/s
55001 milliseconds	2212 MB/s	5770 short_reads/s	0 short_writes_echo/s	125 cpu_user_milliseconds	950 cpu_system_milliseconds	0 minor_page_faults/s	0 major_page_faults/s	100604 yields/s	3 preempts/s
56001 milliseconds	2176 MB/s	921 short_reads/s	0 short_writes_echo/s	109 cpu_user_milliseconds	1119 cpu_system_milliseconds	0 minor_page_faults/s	0 major_page_faults/s	95325 yields/s	31 preempts/s
57001 milliseconds	2218 MB/s	2874 short_reads/s	0 short_writes_echo/s	127 cpu_user_milliseconds	1029 cpu_system_milliseconds	0 minor_page_faults/s	0 major_page_faults/s	98237 yields/s	45 preempts/s
58001 milliseconds	2242 MB/s	4161 short_reads/s	0 short_writes_echo/s	123 cpu_user_milliseconds	1000 cpu_system_milliseconds	0 minor_page_faults/s	0 major_page_faults/s	99599 yields/s	162 preempts/s
59001 milliseconds	2193 MB/s	4072 short_reads/s	0 short_writes_echo/s	121 cpu_user_milliseconds	992 cpu_system_milliseconds	0 minor_page_faults/s	0 major_page_faults/s	98272 yields/s	49 preempts/s
60001 milliseconds	2194 MB/s	1414 short_reads/s	0 short_writes_echo/s	119 cpu_user_milliseconds	1098 cpu_system_milliseconds	0 minor_page_faults/s	0 major_page_faults/s	96493 yields/s	8 preempts/s
61001 milliseconds	2187 MB/s	4297 short_reads/s	0 short_writes_echo/s	124 cpu_user_milliseconds	979 cpu_system_milliseconds	0 minor_page_faults/s	0 major_page_faults/s	98708 yields/s	9 preempts/s
62001 milliseconds	2202 MB/s	2630 short_reads/s	0 short_writes_echo/s	125 cpu_user_milliseconds	1055 cpu_system_milliseconds	0 minor_page_faults/s	0 major_page_faults/s	97505 yields/s	50 preempts/s
63001 milliseconds	2196 MB/s	2628 short_reads/s	0 short_writes_echo/s	132 cpu_user_milliseconds	1036 cpu_system_milliseconds	0 minor_page_faults/s	0 major_page_faults/s	97143 yields/s	54 preempts/s
64001 milliseconds	2197 MB/s	2662 short_reads/s	0 short_writes_echo/s	116 cpu_user_milliseconds	1060 cpu_system_milliseconds	0 minor_page_faults/s	0 major_page_faults/s	97619 yields/s	10 preempts/s
65001 milliseconds	2201 MB/s	4265 short_reads/s	0 short_writes_echo/s	98 cpu_user_milliseconds	1021 cpu_system_milliseconds	0 minor_page_faults/s	0 major_page_faults/s	99062 yields/s	35 preempts/s
66001 milliseconds	2194 MB/s	2623 short_reads/s	0 short_writes_echo/s	115 cpu_user_milliseconds	1055 cpu_system_milliseconds	0 minor_page_faults/s	0 major_page_faults/s	97256 yields/s	33 preempts/s
67001 milliseconds	2210 MB/s	4036 short_reads/s	0 short_writes_echo/s	134 cpu_user_milliseconds	996 cpu_system_milliseconds	0 minor_page_faults/s	0 major_page_faults/s	99296 yields/s	8 preempts/s
68001 milliseconds	2170 MB/s	3250 short_reads/s	0 short_writes_echo/s	111 cpu_user_milliseconds	1023 cpu_system_milliseconds	0 minor_page_faults/s	0 major_page_faults/s	96140 yields/s	1123 preempts/s
69001 milliseconds	2209 MB/s	3403 short_reads/s	0 short_writes_echo/s	116 cpu_user_milliseconds	1033 cpu_system_milliseconds	0 minor_page_faults/s	0 major_page_faults/s	98434 yields/s	8 preempts/s
70001 milliseconds	2186 MB/s	2584 short_reads/s	0 short_writes_echo/s	103 cpu_user_milliseconds	1060 cpu_system_milliseconds	0 minor_page_faults/s	0 major_page_faults/s	96991 yields/s	47 preempts/s
71001 milliseconds	2199 MB/s	5515 short_reads/s	0 short_writes_echo/s	108 cpu_user_milliseconds	991 cpu_system_milliseconds	0 minor_page_faults/s	0 major_page_faults/s	100246 yields/s	7 preempts/s
72001 milliseconds	2221 MB/s	3870 short_reads/s	0 short_writes_echo/s	124 cpu_user_milliseconds	1007 cpu_system_milliseconds	0 minor_page_faults/s	0 major_page_faults/s	99091 yields/s	24 preempts/s
73001 milliseconds	2190 MB/s	1662 short_reads/s	0 short_writes_echo/s	121 cpu_user_milliseconds	1074 cpu_system_milliseconds	0 minor_page_faults/s	0 major_page_faults/s	96420 yields/s	224 preempts/s
74001 milliseconds	2186 MB/s	2953 short_reads/s	0 short_writes_echo/s	102 cpu_user_milliseconds	1055 cpu_system_milliseconds	0 minor_page_faults/s	0 major_page_faults/s	97488 yields/s	6 preempts/s
75001 milliseconds	2181 MB/s	5708 short_reads/s	0 short_writes_echo/s	114 cpu_user_milliseconds	938 cpu_system_milliseconds	0 minor_page_faults/s	0 major_page_faults/s	99519 yields/s	17 preempts/s
76001 milliseconds	2194 MB/s	5219 short_reads/s	0 short_writes_echo/s	112 cpu_user_milliseconds	979 cpu_system_milliseconds	0 minor_page_faults/s	0 major_page_faults/s	99647 yields/s	13 preempts/s
77001 milliseconds	2138 MB/s	1338 short_reads/s	0 short_writes_echo/s	127 cpu_user_milliseconds	1089 cpu_system_milliseconds	0 minor_page_faults/s	0 major_page_faults/s	93609 yields/s	188 preempts/s
78001 milliseconds	2187 MB/s	1793 short_reads/s	0 short_writes_echo/s	99 cpu_user_milliseconds	1091 cpu_system_milliseconds	0 minor_page_faults/s	0 major_page_faults/s	96109 yields/s	201 preempts/s
79001 milliseconds	2192 MB/s	2710 short_reads/s	0 short_writes_echo/s	117 cpu_user_milliseconds	1054 cpu_system_milliseconds	0 minor_page_faults/s	0 major_page_faults/s	97417 yields/s	6 preempts/s
80001 milliseconds	2205 MB/s	5212 short_reads/s	0 short_writes_echo/s	115 cpu_user_milliseconds	962 cpu_system_milliseconds	0 minor_page_faults/s	0 major_page_faults/s	99830 yields/s	12 preempts/s
81001 milliseconds	2185 MB/s	3280 short_reads/s	0 short_writes_echo/s	110 cpu_user_milliseconds	1042 cpu_system_milliseconds	0 minor_page_faults/s	0 major_page_faults/s	97494 yields/s	7 preempts/s
82001 milliseconds	2197 MB/s	4607 short_reads/s	0 short_writes_echo/s	135 cpu_user_milliseconds	977 cpu_system_milliseconds	0 minor_page_faults/s	0 major_page_faults/s	98866 yields/s	66 preempts/s
83001 milliseconds	2178 MB/s	5189 short_reads/s	0 short_writes_echo/s	115 cpu_user_milliseconds	963 cpu_system_milliseconds	0 minor_page_faults/s	0 major_page_faults/s	98687 yields/s	111 preempts/s
84001 milliseconds	2200 MB/s	5985 short_reads/s	0 short_writes_echo/s	94 cpu_user_milliseconds	948 cpu_system_milliseconds	0 minor_page_faults/s	0 major_page_faults/s	100133 yields/s	12 preempts/s
85001 milliseconds	2184 MB/s	8291 short_reads/s	0 short_writes_echo/s	109 cpu_user_milliseconds	858 cpu_system_milliseconds	0 minor_page_faults/s	0 major_page_faults/s	101737 yields/s	17 preempts/s
86001 milliseconds	2196 MB/s	3305 short_reads/s	0 short_writes_echo/s	105 cpu_user_milliseconds	1036 cpu_system_milliseconds	0 minor_page_faults/s	0 major_page_faults/s	97939 yields/s	4 preempts/s
87001 milliseconds	2192 MB/s	1959 short_reads/s	0 short_writes_echo/s	128 cpu_user_milliseconds	1068 cpu_system_milliseconds	0 minor_page_faults/s	0 major_page_faults/s	96576 yields/s	18 preempts/s
88001 milliseconds	2169 MB/s	6091 short_reads/s	0 short_writes_echo/s	134 cpu_user_milliseconds	920 cpu_system_milliseconds	0 minor_page_faults/s	0 major_page_faults/s	99630 yields/s	75 preempts/s
89001 milliseconds	2194 MB/s	2294 short_reads/s	0 short_writes_echo/s	115 cpu_user_milliseconds	1067 cpu_system_milliseconds	0 minor_page_faults/s	0 major_page_faults/s	97102 yields/s	15 preempts/s
90001 milliseconds	2201 MB/s	4788 short_reads/s	0 short_writes_echo/s	111 cpu_user_milliseconds	980 cpu_system_milliseconds	0 minor_page_faults/s	0 major_page_faults/s	99183 yields/s	58 preempts/s
91001 milliseconds	2197 MB/s	3170 short_reads/s	0 short_writes_echo/s	112 cpu_user_milliseconds	1036 cpu_system_milliseconds	0 minor_page_faults/s	0 major_page_faults/s	98054 yields/s	13 preempts/s
92001 milliseconds	2220 MB/s	6515 short_reads/s	0 short_writes_echo/s	129 cpu_user_milliseconds	905 cpu_system_milliseconds	0 minor_page_faults/s	0 major_page_faults/s	101074 yields/s	24 preempts/s
93001 milliseconds	2184 MB/s	3271 short_reads/s	0 short_writes_echo/s	128 cpu_user_milliseconds	1013 cpu_system_milliseconds	0 minor_page_faults/s	0 major_page_faults/s	97424 yields/s	175 preempts/s
94001 milliseconds	2195 MB/s	2245 short_reads/s	0 short_writes_echo/s	106 cpu_user_milliseconds	1072 cpu_system_milliseconds	0 minor_page_faults/s	0 major_page_faults/s	96893 yields/s	65 preempts/s
95001 milliseconds	2191 MB/s	3222 short_reads/s	0 short_writes_echo/s	117 cpu_user_milliseconds	1037 cpu_system_milliseconds	0 minor_page_faults/s	0 major_page_faults/s	97864 yields/s	10 preempts/s
96001 milliseconds	2182 MB/s	4512 short_reads/s	0 short_writes_echo/s	100 cpu_user_milliseconds	1002 cpu_system_milliseconds	0 minor_page_faults/s	0 major_page_faults/s	98662 yields/s	15 preempts/s
97001 milliseconds	2205 MB/s	4934 short_reads/s	0 short_writes_echo/s	112 cpu_user_milliseconds	979 cpu_system_milliseconds	0 minor_page_faults/s	0 major_page_faults/s	99799 yields/s	6 preempts/s
98001 milliseconds	2155 MB/s	371 short_reads/s	0 short_writes_echo/s	112 cpu_user_milliseconds	1133 cpu_system_milliseconds	0 minor_page_faults/s	0 major_page_faults/s	94449 yields/s	154 preempts/s
99001 milliseconds	2205 MB/s	4907 short_reads/s	0 short_writes_echo/s	124 cpu_user_milliseconds	953 cpu_system_milliseconds	0 minor_page_faults/s	0 major_page_faults/s	99367 yields/s	36 preempts/s
100001 milliseconds	2155 MB/s	1665 short_reads/s	0 short_writes_echo/s	114 cpu_user_milliseconds	1080 cpu_system_milliseconds	0 minor_page_faults/s	0 major_page_faults/s	94727 yields/s	17 preempts/s
101001 milliseconds	2185 MB/s	421 short_reads/s	0 short_writes_echo/s	129 cpu_user_milliseconds	1117 cpu_system_milliseconds	0 minor_page_faults/s	0 major_page_faults/s	95381 yields/s	6 preempts/s
102001 milliseconds	2170 MB/s	4170 short_reads/s	0 short_writes_echo/s	110 cpu_user_milliseconds	1003 cpu_system_milliseconds	0 minor_page_faults/s	0 major_page_faults/s	98296 yields/s	15 preempts/s
103001 milliseconds	2187 MB/s	2725 short_reads/s	0 short_writes_echo/s	118 cpu_user_milliseconds	1038 cpu_system_milliseconds	0 minor_page_faults/s	0 major_page_faults/s	97421 yields/s	124 preempts/s
104001 milliseconds	2209 MB/s	3325 short_reads/s	0 short_writes_echo/s	110 cpu_user_milliseconds	1033 cpu_system_milliseconds	0 minor_page_faults/s	0 major_page_faults/s	98346 yields/s	7 preempts/s
105001 milliseconds	2184 MB/s	6499 short_reads/s	0 short_writes_echo/s	114 cpu_user_milliseconds	916 cpu_system_milliseconds	0 minor_page_faults/s	0 major_page_faults/s	100232 yields/s	24 preempts/s
106001 milliseconds	2194 MB/s	5217 short_reads/s	0 short_writes_echo/s	129 cpu_user_milliseconds	955 cpu_system_milliseconds	0 minor_page_faults/s	0 major_page_faults/s	99607 yields/s	8 preempts/s
107001 milliseconds	2194 MB/s	3957 short_reads/s	0 short_writes_echo/s	120 cpu_user_milliseconds	1002 cpu_system_milliseconds	0 minor_page_faults/s	0 major_page_faults/s	98719 yields/s	4 preempts/s
108001 milliseconds	2185 MB/s	1795 short_reads/s	0 short_writes_echo/s	122 cpu_user_milliseconds	1078 cpu_system_milliseconds	0 minor_page_faults/s	0 major_page_faults/s	95679 yields/s	413 preempts/s
109001 milliseconds	2187 MB/s	6610 short_reads/s	0 short_writes_echo/s	103 cpu_user_milliseconds	924 cpu_system_milliseconds	0 minor_page_faults/s	0 major_page_faults/s	100730 yields/s	13 preempts/s
110001 milliseconds	2177 MB/s	3982 short_reads/s	0 short_writes_echo/s	99 cpu_user_milliseconds	1032 cpu_system_milliseconds	0 minor_page_faults/s	0 major_page_faults/s	98086 yields/s	23 preempts/s
111001 milliseconds	2202 MB/s	1859 short_reads/s	0 short_writes_echo/s	117 cpu_user_milliseconds	1079 cpu_system_milliseconds	0 minor_page_faults/s	0 major_page_faults/s	96969 yields/s	6 preempts/s
112001 milliseconds	2203 MB/s	1143 short_reads/s	0 short_writes_echo/s	110 cpu_user_milliseconds	1116 cpu_system_milliseconds	0 minor_page_faults/s	0 major_page_faults/s	96408 yields/s	7 preempts/s
113001 milliseconds	2193 MB/s	7487 short_reads/s	0 short_writes_echo/s	113 cpu_user_milliseconds	883 cpu_system_milliseconds	0 minor_page_faults/s	0 major_page_faults/s	100612 yields/s	488 preempts/s
114001 milliseconds	2208 MB/s	4099 short_reads/s	0 short_writes_echo/s	106 cpu_user_milliseconds	1015 cpu_system_milliseconds	0 minor_page_faults/s	0 major_page_faults/s	98818 yields/s	5 preempts/s
115001 milliseconds	2175 MB/s	3604 short_reads/s	0 short_writes_echo/s	123 cpu_user_milliseconds	1013 cpu_system_milliseconds	0 minor_page_faults/s	0 major_page_faults/s	97590 yields/s	20 preempts/s
116001 milliseconds	2204 MB/s	5703 short_reads/s	0 short_writes_echo/s	103 cpu_user_milliseconds	956 cpu_system_milliseconds	0 minor_page_faults/s	0 major_page_faults/s	100004 yields/s	14 preempts/s
117001 milliseconds	2196 MB/s	1933 short_reads/s	0 short_writes_echo/s	108 cpu_user_milliseconds	1087 cpu_system_milliseconds	0 minor_page_faults/s	0 major_page_faults/s	96876 yields/s	12 preempts/s
118002 milliseconds	2178 MB/s	2022 short_reads/s	0 short_writes_echo/s	108 cpu_user_milliseconds	1078 cpu_system_milliseconds	0 minor_page_faults/s	0 major_page_faults/s	96360 yields/s	188 preempts/s
119002 milliseconds	2194 MB/s	2086 short_reads/s	0 short_writes_echo/s	115 cpu_user_milliseconds	1076 cpu_system_milliseconds	0 minor_page_faults/s	0 major_page_faults/s	96899 yields/s	10 preempts/s
120002 milliseconds	2204 MB/s	7148 short_reads/s	0 short_writes_echo/s	108 cpu_user_milliseconds	915 cpu_system_milliseconds	0 minor_page_faults/s	0 major_page_faults/s	101783 yields/s	23 preempts/s
121002 milliseconds	2195 MB/s	4114 short_reads/s	0 short_writes_echo/s	107 cpu_user_milliseconds	1005 cpu_system_milliseconds	0 minor_page_faults/s	0 major_page_faults/s	98560 yields/s	14 preempts/s
122002 milliseconds	2184 MB/s	5538 short_reads/s	0 short_writes_echo/s	110 cpu_user_milliseconds	939 cpu_system_milliseconds	0 minor_page_faults/s	0 major_page_faults/s	99144 yields/s	88 preempts/s
123002 milliseconds	2170 MB/s	4121 short_reads/s	0 short_writes_echo/s	130 cpu_user_milliseconds	997 cpu_system_milliseconds	0 minor_page_faults/s	0 major_page_faults/s	98017 yields/s	145 preempts/s
124002 milliseconds	2224 MB/s	4454 short_reads/s	0 short_writes_echo/s	132 cpu_user_milliseconds	983 cpu_system_milliseconds	0 minor_page_faults/s	0 major_page_faults/s	99555 yields/s	8 preempts/s
125002 milliseconds	2195 MB/s	4357 short_reads/s	0 short_writes_echo/s	99 cpu_user_milliseconds	986 cpu_system_milliseconds	0 minor_page_faults/s	0 major_page_faults/s	98830 yields/s	7 preempts/s
126002 milliseconds	2191 MB/s	2438 short_reads/s	0 short_writes_echo/s	104 cpu_user_milliseconds	1074 cpu_system_milliseconds	0 minor_page_faults/s	0 major_page_faults/s	96552 yields/s	287 preempts/s
127002 milliseconds	2209 MB/s	4400 short_reads/s	0 short_writes_echo/s	125 cpu_user_milliseconds	996 cpu_system_milliseconds	0 minor_page_faults/s	0 major_page_faults/s	99650 yields/s	5 preempts/s
128002 milliseconds	2173 MB/s	1842 short_reads/s	0 short_writes_echo/s	129 cpu_user_milliseconds	1069 cpu_system_milliseconds	0 minor_page_faults/s	0 major_page_faults/s	95865 yields/s	90 preempts/s
129002 milliseconds	2203 MB/s	3160 short_reads/s	0 short_writes_echo/s	116 cpu_user_milliseconds	1041 cpu_system_milliseconds	0 minor_page_faults/s	0 major_page_faults/s	98157 yields/s	19 preempts/s
130002 milliseconds	2208 MB/s	2944 short_reads/s	0 short_writes_echo/s	139 cpu_user_milliseconds	1015 cpu_system_milliseconds	0 minor_page_faults/s	0 major_page_faults/s	97916 yields/s	60 preempts/s
131002 milliseconds	2196 MB/s	5548 short_reads/s	0 short_writes_echo/s	92 cpu_user_milliseconds	965 cpu_system_milliseconds	0 minor_page_faults/s	0 major_page_faults/s	99705 yields/s	26 preempts/s
132002 milliseconds	2192 MB/s	4336 short_reads/s	0 short_writes_echo/s	129 cpu_user_milliseconds	974 cpu_system_milliseconds	0 minor_page_faults/s	0 major_page_faults/s	98505 yields/s	16 preempts/s
133002 milliseconds	2169 MB/s	3033 short_reads/s	0 short_writes_echo/s	101 cpu_user_milliseconds	1042 cpu_system_milliseconds	0 minor_page_faults/s	0 major_page_faults/s	96327 yields/s	803 preempts/s
134002 milliseconds	2170 MB/s	1274 short_reads/s	0 short_writes_echo/s	120 cpu_user_milliseconds	1097 cpu_system_milliseconds	0 minor_page_faults/s	0 major_page_faults/s	95568 yields/s	12 preempts/s
135002 milliseconds	2192 MB/s	4633 short_reads/s	0 short_writes_echo/s	108 cpu_user_milliseconds	1006 cpu_system_milliseconds	0 minor_page_faults/s	0 major_page_faults/s	99350 yields/s	28 preempts/s
136002 milliseconds	2196 MB/s	4367 short_reads/s	0 short_writes_echo/s	123 cpu_user_milliseconds	989 cpu_system_milliseconds	0 minor_page_faults/s	0 major_page_faults/s	99055 yields/s	5 preempts/s
137002 milliseconds	2133 MB/s	3569 short_reads/s	0 short_writes_echo/s	117 cpu_user_milliseconds	1019 cpu_system_milliseconds	0 minor_page_faults/s	0 major_page_faults/s	95403 yields/s	54 preempts/s
138002 milliseconds	2181 MB/s	4525 short_reads/s	0 short_writes_echo/s	131 cpu_user_milliseconds	970 cpu_system_milliseconds	0 minor_page_faults/s	0 major_page_faults/s	97974 yields/s	251 preempts/s
139002 milliseconds	2209 MB/s	5255 short_reads/s	0 short_writes_echo/s	109 cpu_user_milliseconds	960 cpu_system_milliseconds	0 minor_page_faults/s	0 major_page_faults/s	99838 yields/s	20 preempts/s
140002 milliseconds	2216 MB/s	7086 short_reads/s	0 short_writes_echo/s	115 cpu_user_milliseconds	891 cpu_system_milliseconds	0 minor_page_faults/s	0 major_page_faults/s	101521 yields/s	7 preempts/s
141002 milliseconds	2197 MB/s	4972 short_reads/s	0 short_writes_echo/s	118 cpu_user_milliseconds	966 cpu_system_milliseconds	0 minor_page_faults/s	0 major_page_faults/s	99411 yields/s	21 preempts/s
142002 milliseconds	2195 MB/s	3999 short_reads/s	0 short_writes_echo/s	102 cpu_user_milliseconds	1016 cpu_system_milliseconds	0 minor_page_faults/s	0 major_page_faults/s	98226 yields/s	67 preempts/s
143002 milliseconds	2173 MB/s	4527 short_reads/s	0 short_writes_echo/s	94 cpu_user_milliseconds	1001 cpu_system_milliseconds	0 minor_page_faults/s	0 major_page_faults/s	97737 yields/s	475 preempts/s
144002 milliseconds	2175 MB/s	3379 short_reads/s	0 short_writes_echo/s	109 cpu_user_milliseconds	1039 cpu_system_milliseconds	0 minor_page_faults/s	0 major_page_faults/s	97490 yields/s	5 preempts/s
145002 milliseconds	2215 MB/s	3618 short_reads/s	0 short_writes_echo/s	118 cpu_user_milliseconds	1028 cpu_system_milliseconds	0 minor_page_faults/s	0 major_page_faults/s	98735 yields/s	8 preempts/s
146002 milliseconds	2162 MB/s	1501 short_reads/s	0 short_writes_echo/s	105 cpu_user_milliseconds	1103 cpu_system_milliseconds	0 minor_page_faults/s	0 major_page_faults/s	95369 yields/s	76 preempts/s
147002 milliseconds	2188 MB/s	2775 short_reads/s	0 short_writes_echo/s	123 cpu_user_milliseconds	1032 cpu_system_milliseconds	0 minor_page_faults/s	0 major_page_faults/s	97401 yields/s	121 preempts/s
148002 milliseconds	2187 MB/s	5354 short_reads/s	0 short_writes_echo/s	97 cpu_user_milliseconds	991 cpu_system_milliseconds	0 minor_page_faults/s	0 major_page_faults/s	99276 yields/s	185 preempts/s
149002 milliseconds	2190 MB/s	5477 short_reads/s	0 short_writes_echo/s	135 cpu_user_milliseconds	938 cpu_system_milliseconds	0 minor_page_faults/s	0 major_page_faults/s	99229 yields/s	8 preempts/s
150002 milliseconds	2199 MB/s	6335 short_reads/s	0 short_writes_echo/s	119 cpu_user_milliseconds	896 cpu_system_milliseconds	0 minor_page_faults/s	0 major_page_faults/s	100340 yields/s	42 preempts/s
151002 milliseconds	2190 MB/s	1641 short_reads/s	0 short_writes_echo/s	118 cpu_user_milliseconds	1086 cpu_system_milliseconds	0 minor_page_faults/s	0 major_page_faults/s	96308 yields/s	70 preempts/s
152002 milliseconds	2215 MB/s	4647 short_reads/s	0 short_writes_echo/s	113 cpu_user_milliseconds	986 cpu_system_milliseconds	0 minor_page_faults/s	0 major_page_faults/s	99510 yields/s	52 preempts/s
153002 milliseconds	2178 MB/s	3376 short_reads/s	0 short_writes_echo/s	117 cpu_user_milliseconds	1018 cpu_system_milliseconds	0 minor_page_faults/s	0 major_page_faults/s	97080 yields/s	108 preempts/s
154002 milliseconds	2184 MB/s	3898 short_reads/s	0 short_writes_echo/s	127 cpu_user_milliseconds	1001 cpu_system_milliseconds	0 minor_page_faults/s	0 major_page_faults/s	98312 yields/s	10 preempts/s
155002 milliseconds	2201 MB/s	4115 short_reads/s	0 short_writes_echo/s	129 cpu_user_milliseconds	995 cpu_system_milliseconds	0 minor_page_faults/s	0 major_page_faults/s	98522 yields/s	42 preempts/s
156002 milliseconds	2157 MB/s	8529 short_reads/s	0 short_writes_echo/s	95 cpu_user_milliseconds	910 cpu_system_milliseconds	0 minor_page_faults/s	0 major_page_faults/s	101773 yields/s	3 preempts/s
157002 milliseconds	2181 MB/s	5210 short_reads/s	0 short_writes_echo/s	114 cpu_user_milliseconds	974 cpu_system_milliseconds	0 minor_page_faults/s	0 major_page_faults/s	99056 yields/s	100 preempts/s
158002 milliseconds	2164 MB/s	1543 short_reads/s	0 short_writes_echo/s	108 cpu_user_milliseconds	1094 cpu_system_milliseconds	0 minor_page_faults/s	0 major_page_faults/s	95216 yields/s	433 preempts/s
159002 milliseconds	2188 MB/s	243 short_reads/s	0 short_writes_echo/s	118 cpu_user_milliseconds	1136 cpu_system_milliseconds	0 minor_page_faults/s	0 major_page_faults/s	95171 yields/s	47 preempts/s
160002 milliseconds	2223 MB/s	3964 short_reads/s	0 short_writes_echo/s	130 cpu_user_milliseconds	985 cpu_system_milliseconds	0 minor_page_faults/s	0 major_page_faults/s	99187 yields/s	155 preempts/s
161002 milliseconds	2184 MB/s	3387 short_reads/s	0 short_writes_echo/s	111 cpu_user_milliseconds	1031 cpu_system_milliseconds	0 minor_page_faults/s	0 major_page_faults/s	98036 yields/s	25 preempts/s
162002 milliseconds	2189 MB/s	6087 short_reads/s	0 short_writes_echo/s	140 cpu_user_milliseconds	908 cpu_system_milliseconds	0 minor_page_faults/s	0 major_page_faults/s	99792 yields/s	20 preempts/s
163002 milliseconds	2205 MB/s	5579 short_reads/s	0 short_writes_echo/s	130 cpu_user_milliseconds	934 cpu_system_milliseconds	0 minor_page_faults/s	0 major_page_faults/s	99701 yields/s	581 preempts/s
164002 milliseconds	2212 MB/s	2709 short_reads/s	0 short_writes_echo/s	108 cpu_user_milliseconds	1060 cpu_system_milliseconds	0 minor_page_faults/s	0 major_page_faults/s	98097 yields/s	25 preempts/s
165002 milliseconds	2174 MB/s	5469 short_reads/s	0 short_writes_echo/s	117 cpu_user_milliseconds	948 cpu_system_milliseconds	0 minor_page_faults/s	0 major_page_faults/s	99138 yields/s	14 preempts/s
166002 milliseconds	2186 MB/s	6102 short_reads/s	0 short_writes_echo/s	115 cpu_user_milliseconds	922 cpu_system_milliseconds	0 minor_page_faults/s	0 major_page_faults/s	100048 yields/s	20 preempts/s
167002 milliseconds	2204 MB/s	1006 short_reads/s	0 short_writes_echo/s	121 cpu_user_milliseconds	1109 cpu_system_milliseconds	0 minor_page_faults/s	0 major_page_faults/s	96415 yields/s	9 preempts/s
168002 milliseconds	2192 MB/s	5831 short_reads/s	0 short_writes_echo/s	109 cpu_user_milliseconds	944 cpu_system_milliseconds	0 minor_page_faults/s	0 major_page_faults/s	99020 yields/s	464 preempts/s
169002 milliseconds	2203 MB/s	3349 short_reads/s	0 short_writes_echo/s	117 cpu_user_milliseconds	1038 cpu_system_milliseconds	0 minor_page_faults/s	0 major_page_faults/s	98396 yields/s	17 preempts/s
170002 milliseconds	2212 MB/s	3073 short_reads/s	0 short_writes_echo/s	140 cpu_user_milliseconds	1009 cpu_system_milliseconds	0 minor_page_faults/s	0 major_page_faults/s	98096 yields/s	40 preempts/s
171002 milliseconds	2206 MB/s	3267 short_reads/s	0 short_writes_echo/s	114 cpu_user_milliseconds	1037 cpu_system_milliseconds	0 minor_page_faults/s	0 major_page_faults/s	98314 yields/s	8 preempts/s
172002 milliseconds	2185 MB/s	3864 short_reads/s	0 short_writes_echo/s	116 cpu_user_milliseconds	1003 cpu_system_milliseconds	0 minor_page_faults/s	0 major_page_faults/s	98041 yields/s	153 preempts/s
173002 milliseconds	2194 MB/s	3683 short_reads/s	0 short_writes_echo/s	111 cpu_user_milliseconds	1025 cpu_system_milliseconds	0 minor_page_faults/s	0 major_page_faults/s	98282 yields/s	60 preempts/s
174003 milliseconds	2205 MB/s	4492 short_reads/s	0 short_writes_echo/s	126 cpu_user_milliseconds	967 cpu_system_milliseconds	0 minor_page_faults/s	0 major_page_faults/s	98721 yields/s	6 preempts/s
175003 milliseconds	2197 MB/s	6849 short_reads/s	0 short_writes_echo/s	117 cpu_user_milliseconds	910 cpu_system_milliseconds	0 minor_page_faults/s	0 major_page_faults/s	100609 yields/s	21 preempts/s
176003 milliseconds	2210 MB/s	5329 short_reads/s	0 short_writes_echo/s	130 cpu_user_milliseconds	951 cpu_system_milliseconds	0 minor_page_faults/s	0 major_page_faults/s	100001 yields/s	8 preempts/s
177003 milliseconds	2181 MB/s	6688 short_reads/s	0 short_writes_echo/s	105 cpu_user_milliseconds	911 cpu_system_milliseconds	0 minor_page_faults/s	0 major_page_faults/s	100040 yields/s	93 preempts/s
178003 milliseconds	2186 MB/s	1430 short_reads/s	0 short_writes_echo/s	119 cpu_user_milliseconds	1098 cpu_system_milliseconds	0 minor_page_faults/s	0 major_page_faults/s	96145 yields/s	170 preempts/s
179003 milliseconds	2148 MB/s	410 short_reads/s	0 short_writes_echo/s	137 cpu_user_milliseconds	1110 cpu_system_milliseconds	0 minor_page_faults/s	0 major_page_faults/s	94237 yields/s	26 preempts/s
180003 milliseconds	2222 MB/s	5959 short_reads/s	0 short_writes_echo/s	123 cpu_user_milliseconds	957 cpu_system_milliseconds	0 minor_page_faults/s	0 major_page_faults/s	101442 yields/s	10 preempts/s
181003 milliseconds	2169 MB/s	1712 short_reads/s	0 short_writes_echo/s	119 cpu_user_milliseconds	1082 cpu_system_milliseconds	0 minor_page_faults/s	0 major_page_faults/s	95929 yields/s	8 preempts/s
182003 milliseconds	2195 MB/s	3790 short_reads/s	0 short_writes_echo/s	114 cpu_user_milliseconds	1013 cpu_system_milliseconds	0 minor_page_faults/s	0 major_page_faults/s	98242 yields/s	16 preempts/s
183003 milliseconds	2189 MB/s	297 short_reads/s	0 short_writes_echo/s	110 cpu_user_milliseconds	1143 cpu_system_milliseconds	0 minor_page_faults/s	0 major_page_faults/s	95535 yields/s	172 preempts/s
184003 milliseconds	2163 MB/s	2356 short_reads/s	0 short_writes_echo/s	110 cpu_user_milliseconds	1070 cpu_system_milliseconds	0 minor_page_faults/s	0 major_page_faults/s	95581 yields/s	98 preempts/s
185003 milliseconds	2167 MB/s	515 short_reads/s	0 short_writes_echo/s	122 cpu_user_milliseconds	1125 cpu_system_milliseconds	0 minor_page_faults/s	0 major_page_faults/s	95001 yields/s	24 preempts/s
186003 milliseconds	2180 MB/s	1264 short_reads/s	0 short_writes_echo/s	139 cpu_user_milliseconds	1078 cpu_system_milliseconds	0 minor_page_faults/s	0 major_page_faults/s	95898 yields/s	12 preempts/s
187003 milliseconds	2202 MB/s	2812 short_reads/s	0 short_writes_echo/s	120 cpu_user_milliseconds	1044 cpu_system_milliseconds	0 minor_page_faults/s	0 major_page_faults/s	97668 yields/s	8 preempts/s
188003 milliseconds	2172 MB/s	3491 short_reads/s	0 short_writes_echo/s	108 cpu_user_milliseconds	1027 cpu_system_milliseconds	0 minor_page_faults/s	0 major_page_faults/s	96406 yields/s	446 preempts/s
189003 milliseconds	2191 MB/s	4931 short_reads/s	0 short_writes_echo/s	119 cpu_user_milliseconds	971 cpu_system_milliseconds	0 minor_page_faults/s	0 major_page_faults/s	99082 yields/s	281 preempts/s
190003 milliseconds	2206 MB/s	3989 short_reads/s	0 short_writes_echo/s	117 cpu_user_milliseconds	1017 cpu_system_milliseconds	0 minor_page_faults/s	0 major_page_faults/s	98448 yields/s	7 preempts/s
191003 milliseconds	2175 MB/s	886 short_reads/s	0 short_writes_echo/s	117 cpu_user_milliseconds	1112 cpu_system_milliseconds	0 minor_page_faults/s	0 major_page_faults/s	95159 yields/s	18 preempts/s
192003 milliseconds	2169 MB/s	2921 short_reads/s	0 short_writes_echo/s	98 cpu_user_milliseconds	1065 cpu_system_milliseconds	0 minor_page_faults/s	0 major_page_faults/s	96879 yields/s	9 preempts/s
193003 milliseconds	2171 MB/s	6451 short_reads/s	0 short_writes_echo/s	114 cpu_user_milliseconds	906 cpu_system_milliseconds	0 minor_page_faults/s	0 major_page_faults/s	98830 yields/s	351 preempts/s
194003 milliseconds	2213 MB/s	3183 short_reads/s	0 short_writes_echo/s	117 cpu_user_milliseconds	1046 cpu_system_milliseconds	0 minor_page_faults/s	0 major_page_faults/s	98320 yields/s	15 preempts/s
195003 milliseconds	2203 MB/s	3432 short_reads/s	0 short_writes_echo/s	131 cpu_user_milliseconds	1016 cpu_system_milliseconds	0 minor_page_faults/s	0 major_page_faults/s	98243 yields/s	29 preempts/s
196003 milliseconds	2211 MB/s	5042 short_reads/s	0 short_writes_echo/s	113 cpu_user_milliseconds	970 cpu_system_milliseconds	0 minor_page_faults/s	0 major_page_faults/s	99637 yields/s	20 preempts/s
197003 milliseconds	2136 MB/s	7499 short_reads/s	0 short_writes_echo/s	113 cpu_user_milliseconds	866 cpu_system_milliseconds	0 minor_page_faults/s	0 major_page_faults/s	98867 yields/s	9 preempts/s
198003 milliseconds	2193 MB/s	6959 short_reads/s	0 short_writes_echo/s	106 cpu_user_milliseconds	906 cpu_system_milliseconds	0 minor_page_faults/s	0 major_page_faults/s	99626 yields/s	510 preempts/s
199003 milliseconds	2181 MB/s	2566 short_reads/s	0 short_writes_echo/s	111 cpu_user_milliseconds	1068 cpu_system_milliseconds	0 minor_page_faults/s	0 major_page_faults/s	96864 yields/s	16 preempts/s
200003 milliseconds	2170 MB/s	1615 short_reads/s	0 short_writes_echo/s	124 cpu_user_milliseconds	1085 cpu_system_milliseconds	0 minor_page_faults/s	0 major_page_faults/s	96093 yields/s	10 preempts/s
201003 milliseconds	2174 MB/s	8289 short_reads/s	0 short_writes_echo/s	109 cpu_user_milliseconds	862 cpu_system_milliseconds	0 minor_page_faults/s	0 major_page_faults/s	101639 yields/s	6 preempts/s
202003 milliseconds	2210 MB/s	2029 short_reads/s	0 short_writes_echo/s	134 cpu_user_milliseconds	1059 cpu_system_milliseconds	0 minor_page_faults/s	0 major_page_faults/s	97069 yields/s	4 preempts/s
203003 milliseconds	2175 MB/s	4691 short_reads/s	0 short_writes_echo/s	110 cpu_user_milliseconds	1001 cpu_system_milliseconds	0 minor_page_faults/s	0 major_page_faults/s	98470 yields/s	209 preempts/s
204003 milliseconds	2230 MB/s	4812 short_reads/s	0 short_writes_echo/s	108 cpu_user_milliseconds	995 cpu_system_milliseconds	0 minor_page_faults/s	0 major_page_faults/s	99936 yields/s	285 preempts/s
205003 milliseconds	2173 MB/s	3035 short_reads/s	0 short_writes_echo/s	118 cpu_user_milliseconds	1043 cpu_system_milliseconds	0 minor_page_faults/s	0 major_page_faults/s	96995 yields/s	23 preempts/s
206003 milliseconds	2228 MB/s	4092 short_reads/s	0 short_writes_echo/s	115 cpu_user_milliseconds	1006 cpu_system_milliseconds	0 minor_page_faults/s	0 major_page_faults/s	99212 yields/s	10 preempts/s
207003 milliseconds	2202 MB/s	3041 short_reads/s	0 short_writes_echo/s	101 cpu_user_milliseconds	1051 cpu_system_milliseconds	0 minor_page_faults/s	0 major_page_faults/s	97593 yields/s	34 preempts/s
208003 milliseconds	2157 MB/s	4686 short_reads/s	0 short_writes_echo/s	103 cpu_user_milliseconds	996 cpu_system_milliseconds	0 minor_page_faults/s	0 major_page_faults/s	97104 yields/s	568 preempts/s
209003 milliseconds	2214 MB/s	1214 short_reads/s	0 short_writes_echo/s	124 cpu_user_milliseconds	1099 cpu_system_milliseconds	0 minor_page_faults/s	0 major_page_faults/s	96793 yields/s	6 preempts/s
210003 milliseconds	2180 MB/s	2784 short_reads/s	0 short_writes_echo/s	125 cpu_user_milliseconds	1042 cpu_system_milliseconds	0 minor_page_faults/s	0 major_page_faults/s	97093 yields/s	23 preempts/s
211003 milliseconds	2200 MB/s	2219 short_reads/s	0 short_writes_echo/s	107 cpu_user_milliseconds	1078 cpu_system_milliseconds	0 minor_page_faults/s	0 major_page_faults/s	97159 yields/s	29 preempts/s
212003 milliseconds	2176 MB/s	5840 short_reads/s	0 short_writes_echo/s	119 cpu_user_milliseconds	926 cpu_system_milliseconds	0 minor_page_faults/s	0 major_page_faults/s	99204 yields/s	39 preempts/s
213003 milliseconds	2171 MB/s	4283 short_reads/s	0 short_writes_echo/s	120 cpu_user_milliseconds	979 cpu_system_milliseconds	0 minor_page_faults/s	0 major_page_faults/s	96949 yields/s	518 preempts/s
214003 milliseconds	2171 MB/s	1760 short_reads/s	0 short_writes_echo/s	117 cpu_user_milliseconds	1088 cpu_system_milliseconds	0 minor_page_faults/s	0 major_page_faults/s	95589 yields/s	22 preempts/s
215003 milliseconds	2177 MB/s	2576 short_reads/s	0 short_writes_echo/s	113 cpu_user_milliseconds	1066 cpu_system_milliseconds	0 minor_page_faults/s	0 major_page_faults/s	97085 yields/s	16 preempts/s
216003 milliseconds	2187 MB/s	2744 short_reads/s	0 short_writes_echo/s	109 cpu_user_milliseconds	1060 cpu_system_milliseconds	0 minor_page_faults/s	0 major_page_faults/s	97259 yields/s	5 preempts/s
217003 milliseconds	2180 MB/s	3805 short_reads/s	0 short_writes_echo/s	101 cpu_user_milliseconds	1017 cpu_system_milliseconds	0 minor_page_faults/s	0 major_page_faults/s	98014 yields/s	8 preempts/s
218003 milliseconds	2175 MB/s	3798 short_reads/s	0 short_writes_echo/s	133 cpu_user_milliseconds	985 cpu_system_milliseconds	0 minor_page_faults/s	0 major_page_faults/s	96942 yields/s	216 preempts/s
219003 milliseconds	2185 MB/s	3812 short_reads/s	0 short_writes_echo/s	107 cpu_user_milliseconds	1022 cpu_system_milliseconds	0 minor_page_faults/s	0 major_page_faults/s	98124 yields/s	7 preempts/s
220003 milliseconds	2171 MB/s	4413 short_reads/s	0 short_writes_echo/s	123 cpu_user_milliseconds	971 cpu_system_milliseconds	0 minor_page_faults/s	0 major_page_faults/s	97266 yields/s	200 preempts/s
221003 milliseconds	2205 MB/s	4838 short_reads/s	0 short_writes_echo/s	118 cpu_user_milliseconds	969 cpu_system_milliseconds	0 minor_page_faults/s	0 major_page_faults/s	99355 yields/s	22 preempts/s
222003 milliseconds	2176 MB/s	2628 short_reads/s	0 short_writes_echo/s	117 cpu_user_milliseconds	1049 cpu_system_milliseconds	0 minor_page_faults/s	0 major_page_faults/s	96851 yields/s	28 preempts/s
223003 milliseconds	2186 MB/s	2723 short_reads/s	0 short_writes_echo/s	109 cpu_user_milliseconds	1056 cpu_system_milliseconds	0 minor_page_faults/s	0 major_page_faults/s	97290 yields/s	118 preempts/s
224003 milliseconds	2211 MB/s	4755 short_reads/s	0 short_writes_echo/s	104 cpu_user_milliseconds	1001 cpu_system_milliseconds	0 minor_page_faults/s	0 major_page_faults/s	99576 yields/s	42 preempts/s
225003 milliseconds	2204 MB/s	7926 short_reads/s	0 short_writes_echo/s	118 cpu_user_milliseconds	882 cpu_system_milliseconds	0 minor_page_faults/s	0 major_page_faults/s	102257 yields/s	27 preempts/s
226003 milliseconds	2188 MB/s	3562 short_reads/s	0 short_writes_echo/s	120 cpu_user_milliseconds	1013 cpu_system_milliseconds	0 minor_page_faults/s	0 major_page_faults/s	97810 yields/s	36 preempts/s
227003 milliseconds	2202 MB/s	6940 short_reads/s	0 short_writes_echo/s	119 cpu_user_milliseconds	909 cpu_system_milliseconds	0 minor_page_faults/s	0 major_page_faults/s	101175 yields/s	14 preempts/s
228003 milliseconds	2179 MB/s	3295 short_reads/s	0 short_writes_echo/s	120 cpu_user_milliseconds	1026 cpu_system_milliseconds	0 minor_page_faults/s	0 major_page_faults/s	97462 yields/s	133 preempts/s
229003 milliseconds	2185 MB/s	5560 short_reads/s	0 short_writes_echo/s	115 cpu_user_milliseconds	966 cpu_system_milliseconds	0 minor_page_faults/s	0 major_page_faults/s	99926 yields/s	20 preempts/s
230003 milliseconds	2207 MB/s	5703 short_reads/s	0 short_writes_echo/s	123 cpu_user_milliseconds	949 cpu_system_milliseconds	0 minor_page_faults/s	0 major_page_faults/s	100053 yields/s	17 preempts/s
231003 milliseconds	2196 MB/s	5466 short_reads/s	0 short_writes_echo/s	111 cpu_user_milliseconds	981 cpu_system_milliseconds	0 minor_page_faults/s	0 major_page_faults/s	99665 yields/s	6 preempts/s
232003 milliseconds	2189 MB/s	4925 short_reads/s	0 short_writes_echo/s	123 cpu_user_milliseconds	973 cpu_system_milliseconds	0 minor_page_faults/s	0 major_page_faults/s	98960 yields/s	15 preempts/s
233003 milliseconds	2191 MB/s	6319 short_reads/s	0 short_writes_echo/s	119 cpu_user_milliseconds	914 cpu_system_milliseconds	0 minor_page_faults/s	0 major_page_faults/s	99528 yields/s	182 preempts/s
234003 milliseconds	2165 MB/s	7137 short_reads/s	0 short_writes_echo/s	114 cpu_user_milliseconds	869 cpu_system_milliseconds	0 minor_page_faults/s	0 major_page_faults/s	100063 yields/s	44 preempts/s
235003 milliseconds	2195 MB/s	2036 short_reads/s	0 short_writes_echo/s	119 cpu_user_milliseconds	1066 cpu_system_milliseconds	0 minor_page_faults/s	0 major_page_faults/s	96581 yields/s	478 preempts/s
236004 milliseconds	2183 MB/s	7330 short_reads/s	0 short_writes_echo/s	120 cpu_user_milliseconds	871 cpu_system_milliseconds	0 minor_page_faults/s	0 major_page_faults/s	100907 yields/s	74 preempts/s
237004 milliseconds	2203 MB/s	5966 short_reads/s	0 short_writes_echo/s	103 cpu_user_milliseconds	961 cpu_system_milliseconds	0 minor_page_faults/s	0 major_page_faults/s	100350 yields/s	6 preempts/s
238004 milliseconds	2162 MB/s	4914 short_reads/s	0 short_writes_echo/s	106 cpu_user_milliseconds	962 cpu_system_milliseconds	0 minor_page_faults/s	0 major_page_faults/s	96843 yields/s	1408 preempts/s
239004 milliseconds	2173 MB/s	7913 short_reads/s	0 short_writes_echo/s	132 cpu_user_milliseconds	873 cpu_system_milliseconds	0 minor_page_faults/s	0 major_page_faults/s	101169 yields/s	19 preempts/s
240004 milliseconds	2183 MB/s	3396 short_reads/s	0 short_writes_echo/s	136 cpu_user_milliseconds	1004 cpu_system_milliseconds	0 minor_page_faults/s	0 major_page_faults/s	97717 yields/s	21 preempts/s
