1000 milliseconds	750 MB/s	0 short_reads/s	0 short_writes_echo/s	158 cpu_user_milliseconds	1074 cpu_system_milliseconds	170 minor_page_faults/s	0 major_page_faults/s	130289 yields/s	9 preempts/s
2000 milliseconds	731 MB/s	0 short_reads/s	0 short_writes_echo/s	137 cpu_user_milliseconds	1103 cpu_system_milliseconds	3 minor_page_faults/s	0 major_page_faults/s	127450 yields/s	6 preempts/s
3000 milliseconds	706 MB/s	0 short_reads/s	0 short_writes_echo/s	131 cpu_user_milliseconds	1110 cpu_system_milliseconds	0 minor_page_faults/s	0 major_page_faults/s	123416 yields/s	38 preempts/s
4000 milliseconds	757 MB/s	0 short_reads/s	0 short_writes_echo/s	160 cpu_user_milliseconds	1076 cpu_system_milliseconds	0 minor_page_faults/s	0 major_page_faults/s	131584 yields/s	2 preempts/s
5000 milliseconds	717 MB/s	0 short_reads/s	0 short_writes_echo/s	155 cpu_user_milliseconds	1087 cpu_system_milliseconds	0 minor_page_faults/s	0 major_page_faults/s	125369 yields/s	19 preempts/s
6000 milliseconds	720 MB/s	0 short_reads/s	0 short_writes_echo/s	143 cpu_user_milliseconds	1098 cpu_system_milliseconds	0 minor_page_faults/s	0 major_page_faults/s	125695 yields/s	5 preempts/s
7000 milliseconds	691 MB/s	0 short_reads/s	0 short_writes_echo/s	154 cpu_user_milliseconds	1091 cpu_system_milliseconds	0 minor_page_faults/s	0 major_page_faults/s	121029 yields/s	3 preempts/s
8000 milliseconds	715 MB/s	0 short_reads/s	0 short_writes_echo/s	145 cpu_user_milliseconds	1093 cpu_system_milliseconds	0 minor_page_faults/s	0 major_page_faults/s	124849 yields/s	43 preempts/s
9000 milliseconds	765 MB/s	0 short_reads/s	0 short_writes_echo/s	147 cpu_user_milliseconds	1085 cpu_system_milliseconds	0 minor_page_faults/s	0 major_page_faults/s	133109 yields/s	5 preempts/s
10000 milliseconds	703 MB/s	0 short_reads/s	0 short_writes_echo/s	155 cpu_user_milliseconds	1089 cpu_system_milliseconds	0 minor_page_faults/s	0 major_page_faults/s	122833 yields/s	9 preempts/s
11000 milliseconds	719 MB/s	0 short_reads/s	0 short_writes_echo/s	137 cpu_user_milliseconds	1106 cpu_system_milliseconds	0 minor_page_faults/s	0 major_page_faults/s	125789 yields/s	5 preempts/s
12000 milliseconds	743 MB/s	0 short_reads/s	0 short_writes_echo/s	163 cpu_user_milliseconds	1074 cpu_system_milliseconds	0 minor_page_faults/s	0 major_page_faults/s	129561 yields/s	14 preempts/s
13000 milliseconds	750 MB/s	0 short_reads/s	0 short_writes_echo/s	154 cpu_user_milliseconds	1077 cpu_system_milliseconds	0 minor_page_faults/s	0 major_page_faults/s	130512 yields/s	36 preempts/s
14000 milliseconds	744 MB/s	0 short_reads/s	0 short_writes_echo/s	146 cpu_user_milliseconds	1092 cpu_system_milliseconds	0 minor_page_faults/s	0 major_page_faults/s	129638 yields/s	1 preempts/s
15000 milliseconds	750 MB/s	0 short_reads/s	0 short_writes_echo/s	163 cpu_user_milliseconds	1070 cpu_system_milliseconds	0 minor_page_faults/s	0 major_page_faults/s	130711 yields/s	6 preempts/s
16000 milliseconds	727 MB/s	0 short_reads/s	0 short_writes_echo/s	134 cpu_user_milliseconds	1104 cpu_system_milliseconds	0 minor_page_faults/s	0 major_page_faults/s	126820 yields/s	16 preempts/s
17000 milliseconds	751 MB/s	0 short_reads/s	0 short_writes_echo/s	152 cpu_user_milliseconds	1083 cpu_system_milliseconds	0 minor_page_faults/s	0 major_page_faults/s	130715 yields/s	8 preempts/s
18000 milliseconds	713 MB/s	0 short_reads/s	0 short_writes_echo/s	170 cpu_user_milliseconds	1066 cpu_system_milliseconds	0 minor_page_faults/s	0 major_page_faults/s	124381 yields/s	51 preempts/s
19000 milliseconds	681 MB/s	0 short_reads/s	0 short_writes_echo/s	156 cpu_user_milliseconds	1096 cpu_system_milliseconds	0 minor_page_faults/s	0 major_page_faults/s	119591 yields/s	2 preempts/s
20000 milliseconds	718 MB/s	0 short_reads/s	0 short_writes_echo/s	140 cpu_user_milliseconds	1104 cpu_system_milliseconds	0 minor_page_faults/s	0 major_page_faults/s	125301 yields/s	6 preempts/s
21000 milliseconds	761 MB/s	0 short_reads/s	0 short_writes_echo/s	173 cpu_user_milliseconds	1058 cpu_system_milliseconds	0 minor_page_faults/s	0 major_page_faults/s	132466 yields/s	9 preempts/s
22000 milliseconds	741 MB/s	0 short_reads/s	0 short_writes_echo/s	145 cpu_user_milliseconds	1094 cpu_system_milliseconds	0 minor_page_faults/s	0 major_page_faults/s	129019 yields/s	7 preempts/s
23000 milliseconds	706 MB/s	0 short_reads/s	0 short_writes_echo/s	147 cpu_user_milliseconds	1094 cpu_system_milliseconds	0 minor_page_faults/s	0 major_page_faults/s	123450 yields/s	50 preempts/s
24000 milliseconds	721 MB/s	0 short_reads/s	0 short_writes_echo/s	167 cpu_user_milliseconds	1063 cpu_system_milliseconds	0 minor_page_faults/s	0 major_page_faults/s	125584 yields/s	12 preempts/s
25000 milliseconds	746 MB/s	0 short_reads/s	0 short_writes_echo/s	178 cpu_user_milliseconds	1058 cpu_system_milliseconds	0 minor_page_faults/s	0 major_page_faults/s	130004 yields/s	12 preempts/s
26000 milliseconds	714 MB/s	0 short_reads/s	0 short_writes_echo/s	148 cpu_user_milliseconds	1095 cpu_system_milliseconds	0 minor_page_faults/s	0 major_page_faults/s	124757 yields/s	1 preempts/s
27000 milliseconds	723 MB/s	0 short_reads/s	0 short_writes_echo/s	146 cpu_user_milliseconds	1097 cpu_system_milliseconds	0 minor_page_faults/s	0 major_page_faults/s	126033 yields/s	6 preempts/s
28000 milliseconds	749 MB/s	0 short_reads/s	0 short_writes_echo/s	156 cpu_user_milliseconds	1071 cpu_system_milliseconds	0 minor_page_faults/s	0 major_page_faults/s	130304 yields/s	49 preempts/s
29000 milliseconds	750 MB/s	0 short_reads/s	0 short_writes_echo/s	159 cpu_user_milliseconds	1074 cpu_system_milliseconds	0 minor_page_faults/s	0 major_page_faults/s	130500 yields/s	13 preempts/s
30000 milliseconds	752 MB/s	0 short_reads/s	0 short_writes_echo/s	170 cpu_user_milliseconds	1065 cpu_system_milliseconds	0 minor_page_faults/s	0 major_page_faults/s	130901 yields/s	9 preempts/s
31000 milliseconds	773 MB/s	0 short_reads/s	0 short_writes_echo/s	149 cpu_user_milliseconds	1082 cpu_system_milliseconds	0 minor_page_faults/s	0 major_page_faults/s	134567 yields/s	5 preempts/s
32000 milliseconds	722 MB/s	0 short_reads/s	0 short_writes_echo/s	162 cpu_user_milliseconds	1075 cpu_system_milliseconds	0 minor_page_faults/s	0 major_page_faults/s	126215 yields/s	24 preempts/s
33000 milliseconds	680 MB/s	0 short_reads/s	0 short_writes_echo/s	145 cpu_user_milliseconds	1106 cpu_system_milliseconds	0 minor_page_faults/s	0 major_page_faults/s	119142 yields/s	28 preempts/s
34000 milliseconds	741 MB/s	0 short_reads/s	0 short_writes_echo/s	159 cpu_user_milliseconds	1079 cpu_system_milliseconds	0 minor_page_faults/s	0 major_page_faults/s	129187 yields/s	7 preempts/s
35000 milliseconds	724 MB/s	0 short_reads/s	0 short_writes_echo/s	152 cpu_user_milliseconds	1090 cpu_system_milliseconds	0 minor_page_faults/s	0 major_page_faults/s	126403 yields/s	7 preempts/s
36000 milliseconds	705 MB/s	0 short_reads/s	0 short_writes_echo/s	162 cpu_user_milliseconds	1084 cpu_system_milliseconds	0 minor_page_faults/s	0 major_page_faults/s	123331 yields/s	5 preempts/s
37000 milliseconds	764 MB/s	0 short_reads/s	0 short_writes_echo/s	160 cpu_user_milliseconds	1071 cpu_system_milliseconds	0 minor_page_faults/s	0 major_page_faults/s	132917 yields/s	4 preempts/s
38000 milliseconds	698 MB/s	0 short_reads/s	0 short_writes_echo/s	139 cpu_user_milliseconds	1102 cpu_system_milliseconds	0 minor_page_faults/s	0 major_page_faults/s	122058 yields/s	30 preempts/s
39000 milliseconds	729 MB/s	0 short_reads/s	0 short_writes_echo/s	141 cpu_user_milliseconds	1098 cpu_system_milliseconds	0 minor_page_faults/s	0 major_page_faults/s	127485 yields/s	5 preempts/s
40000 milliseconds	750 MB/s	0 short_reads/s	0 short_writes_echo/s	169 cpu_user_milliseconds	1067 cpu_system_milliseconds	0 minor_page_faults/s	0 major_page_faults/s	130910 yields/s	8 preempts/s
41000 milliseconds	698 MB/s	0 short_reads/s	0 short_writes_echo/s	165 cpu_user_milliseconds	1078 cpu_system_milliseconds	0 minor_page_faults/s	0 major_page_faults/s	122118 yields/s	9 preempts/s
42000 milliseconds	697 MB/s	0 short_reads/s	0 short_writes_echo/s	158 cpu_user_milliseconds	1086 cpu_system_milliseconds	0 minor_page_faults/s	0 major_page_faults/s	122008 yields/s	4 preempts/s
43000 milliseconds	695 MB/s	0 short_reads/s	0 short_writes_echo/s	148 cpu_user_milliseconds	1095 cpu_system_milliseconds	0 minor_page_faults/s	0 major_page_faults/s	121641 yields/s	57 preempts/s
44000 milliseconds	695 MB/s	0 short_reads/s	0 short_writes_echo/s	135 cpu_user_milliseconds	1113 cpu_system_milliseconds	0 minor_page_faults/s	0 major_page_faults/s	121745 yields/s	12 preempts/s
45000 milliseconds	759 MB/s	0 short_reads/s	0 short_writes_echo/s	141 cpu_user_milliseconds	1093 cpu_system_milliseconds	0 minor_page_faults/s	0 major_page_faults/s	131964 yields/s	4 preempts/s
46000 milliseconds	762 MB/s	0 short_reads/s	0 short_writes_echo/s	170 cpu_user_milliseconds	1062 cpu_system_milliseconds	0 minor_page_faults/s	0 major_page_faults/s	132560 yields/s	8 preempts/s
47000 milliseconds	715 MB/s	0 short_reads/s	0 short_writes_echo/s	156 cpu_user_milliseconds	1084 cpu_system_milliseconds	0 minor_page_faults/s	0 major_page_faults/s	124893 yields/s	11 preempts/s
48000 milliseconds	695 MB/s	0 short_reads/s	0 short_writes_echo/s	112 cpu_user_milliseconds	1133 cpu_system_milliseconds	0 minor_page_faults/s	0 major_page_faults/s	121470 yields/s	32 preempts/s
49000 milliseconds	710 MB/s	0 short_reads/s	0 short_writes_echo/s	143 cpu_user_milliseconds	1099 cpu_system_milliseconds	0 minor_page_faults/s	0 major_page_faults/s	124059 yields/s	14 preempts/s
50000 milliseconds	709 MB/s	0 short_reads/s	0 short_writes_echo/s	150 cpu_user_milliseconds	1089 cpu_system_milliseconds	0 minor_page_faults/s	0 major_page_faults/s	123544 yields/s	18 preempts/s
51000 milliseconds	697 MB/s	0 short_reads/s	0 short_writes_echo/s	136 cpu_user_milliseconds	1113 cpu_system_milliseconds	0 minor_page_faults/s	0 major_page_faults/s	121903 yields/s	2 preempts/s
52000 milliseconds	710 MB/s	0 short_reads/s	0 short_writes_echo/s	143 cpu_user_milliseconds	1101 cpu_system_milliseconds	0 minor_page_faults/s	0 major_page_faults/s	123967 yields/s	13 preempts/s
53000 milliseconds	703 MB/s	0 short_reads/s	0 short_writes_echo/s	129 cpu_user_milliseconds	1108 cpu_system_milliseconds	0 minor_page_faults/s	0 major_page_faults/s	122815 yields/s	26 preempts/s
54000 milliseconds	711 MB/s	0 short_reads/s	0 short_writes_echo/s	153 cpu_user_milliseconds	1089 cpu_system_milliseconds	0 minor_page_faults/s	0 major_page_faults/s	124102 yields/s	12 preempts/s
55000 milliseconds	708 MB/s	0 short_reads/s	0 short_writes_echo/s	140 cpu_user_milliseconds	1107 cpu_system_milliseconds	0 minor_page_faults/s	0 major_page_faults/s	123798 yields/s	4 preempts/s
56000 milliseconds	719 MB/s	0 short_reads/s	0 short_writes_echo/s	146 cpu_user_milliseconds	1099 cpu_system_milliseconds	0 minor_page_faults/s	0 major_page_faults/s	125720 yields/s	5 preempts/s
57000 milliseconds	692 MB/s	0 short_reads/s	0 short_writes_echo/s	142 cpu_user_milliseconds	1106 cpu_system_milliseconds	0 minor_page_faults/s	0 major_page_faults/s	121311 yields/s	11 preempts/s
58000 milliseconds	754 MB/s	0 short_reads/s	0 short_writes_echo/s	159 cpu_user_milliseconds	1072 cpu_system_milliseconds	0 minor_page_faults/s	0 major_page_faults/s	131131 yields/s	39 preempts/s
59000 milliseconds	715 MB/s	0 short_reads/s	0 short_writes_echo/s	141 cpu_user_milliseconds	1102 cpu_system_milliseconds	0 minor_page_faults/s	0 major_page_faults/s	124818 yields/s	5 preempts/s
60000 milliseconds	695 MB/s	0 short_reads/s	0 short_writes_echo/s	115 cpu_user_milliseconds	1133 cpu_system_milliseconds	0 minor_page_faults/s	0 major_page_faults/s	121869 yields/s	5 preempts/s
61000 milliseconds	712 MB/s	0 short_reads/s	0 short_writes_echo/s	166 cpu_user_milliseconds	1071 cpu_system_milliseconds	0 minor_page_faults/s	0 major_page_faults/s	124274 yields/s	16 preempts/s
62000 milliseconds	742 MB/s	0 short_reads/s	0 short_writes_echo/s	124 cpu_user_milliseconds	1109 cpu_system_milliseconds	0 minor_page_faults/s	0 major_page_faults/s	129231 yields/s	5 preempts/s
63000 milliseconds	715 MB/s	0 short_reads/s	0 short_writes_echo/s	141 cpu_user_milliseconds	1093 cpu_system_milliseconds	0 minor_page_faults/s	0 major_page_faults/s	125079 yields/s	23 preempts/s
64000 milliseconds	703 MB/s	0 short_reads/s	0 short_writes_echo/s	156 cpu_user_milliseconds	1088 cpu_system_milliseconds	0 minor_page_faults/s	0 major_page_faults/s	122954 yields/s	9 preempts/s
65000 milliseconds	711 MB/s	0 short_reads/s	0 short_writes_echo/s	159 cpu_user_milliseconds	1087 cpu_system_milliseconds	0 minor_page_faults/s	0 major_page_faults/s	124223 yields/s	5 preempts/s
66000 milliseconds	723 MB/s	0 short_reads/s	0 short_writes_echo/s	151 cpu_user_milliseconds	1089 cpu_system_milliseconds	0 minor_page_faults/s	0 major_page_faults/s	126284 yields/s	7 preempts/s
67000 milliseconds	761 MB/s	0 short_reads/s	0 short_writes_echo/s	153 cpu_user_milliseconds	1080 cpu_system_milliseconds	0 minor_page_faults/s	0 major_page_faults/s	132438 yields/s	1 preempts/s
68000 milliseconds	677 MB/s	0 short_reads/s	0 short_writes_echo/s	121 cpu_user_milliseconds	1122 cpu_system_milliseconds	0 minor_page_faults/s	0 major_page_faults/s	118523 yields/s	67 preempts/s
69000 milliseconds	732 MB/s	0 short_reads/s	0 short_writes_echo/s	145 cpu_user_milliseconds	1091 cpu_system_milliseconds	0 minor_page_faults/s	0 major_page_faults/s	127626 yields/s	24 preempts/s
70000 milliseconds	724 MB/s	0 short_reads/s	0 short_writes_echo/s	142 cpu_user_milliseconds	1094 cpu_system_milliseconds	0 minor_page_faults/s	0 major_page_faults/s	126535 yields/s	11 preempts/s
71000 milliseconds	741 MB/s	0 short_reads/s	0 short_writes_echo/s	148 cpu_user_milliseconds	1086 cpu_system_milliseconds	0 minor_page_faults/s	0 major_page_faults/s	129436 yields/s	38 preempts/s
72000 milliseconds	698 MB/s	0 short_reads/s	0 short_writes_echo/s	140 cpu_user_milliseconds	1104 cpu_system_milliseconds	0 minor_page_faults/s	0 major_page_faults/s	122068 yields/s	11 preempts/s
73000 milliseconds	684 MB/s	0 short_reads/s	0 short_writes_echo/s	137 cpu_user_milliseconds	1109 cpu_system_milliseconds	0 minor_page_faults/s	0 major_page_faults/s	119787 yields/s	41 preempts/s
74000 milliseconds	724 MB/s	0 short_reads/s	0 short_writes_echo/s	134 cpu_user_milliseconds	1108 cpu_system_milliseconds	0 minor_page_faults/s	0 major_page_faults/s	126497 yields/s	5 preempts/s
75000 milliseconds	729 MB/s	0 short_reads/s	0 short_writes_echo/s	152 cpu_user_milliseconds	1082 cpu_system_milliseconds	0 minor_page_faults/s	0 major_page_faults/s	127279 yields/s	15 preempts/s
76000 milliseconds	726 MB/s	0 short_reads/s	0 short_writes_echo/s	149 cpu_user_milliseconds	1090 cpu_system_milliseconds	0 minor_page_faults/s	0 major_page_faults/s	126608 yields/s	2 preempts/s
77000 milliseconds	710 MB/s	0 short_reads/s	0 short_writes_echo/s	131 cpu_user_milliseconds	1114 cpu_system_milliseconds	0 minor_page_faults/s	0 major_page_faults/s	124312 yields/s	8 preempts/s
78000 milliseconds	763 MB/s	0 short_reads/s	0 short_writes_echo/s	140 cpu_user_milliseconds	1086 cpu_system_milliseconds	0 minor_page_faults/s	0 major_page_faults/s	132850 yields/s	28 preempts/s
79000 milliseconds	720 MB/s	0 short_reads/s	0 short_writes_echo/s	151 cpu_user_milliseconds	1089 cpu_system_milliseconds	0 minor_page_faults/s	0 major_page_faults/s	125708 yields/s	5 preempts/s
80000 milliseconds	713 MB/s	0 short_reads/s	0 short_writes_echo/s	152 cpu_user_milliseconds	1088 cpu_system_milliseconds	0 minor_page_faults/s	0 major_page_faults/s	124613 yields/s	18 preempts/s
81000 milliseconds	721 MB/s	0 short_reads/s	0 short_writes_echo/s	150 cpu_user_milliseconds	1091 cpu_system_milliseconds	0 minor_page_faults/s	0 major_page_faults/s	125609 yields/s	7 preempts/s
82000 milliseconds	717 MB/s	0 short_reads/s	0 short_writes_echo/s	167 cpu_user_milliseconds	1074 cpu_system_milliseconds	0 minor_page_faults/s	0 major_page_faults/s	125461 yields/s	10 preempts/s
83000 milliseconds	735 MB/s	0 short_reads/s	0 short_writes_echo/s	181 cpu_user_milliseconds	1052 cpu_system_milliseconds	0 minor_page_faults/s	0 major_page_faults/s	128045 yields/s	43 preempts/s
84000 milliseconds	732 MB/s	0 short_reads/s	0 short_writes_echo/s	160 cpu_user_milliseconds	1071 cpu_system_milliseconds	0 minor_page_faults/s	0 major_page_faults/s	127378 yields/s	18 preempts/s
85000 milliseconds	735 MB/s	0 short_reads/s	0 short_writes_echo/s	149 cpu_user_milliseconds	1094 cpu_system_milliseconds	0 minor_page_faults/s	0 major_page_faults/s	128048 yields/s	8 preempts/s
86000 milliseconds	733 MB/s	0 short_reads/s	0 short_writes_echo/s	148 cpu_user_milliseconds	1089 cpu_system_milliseconds	0 minor_page_faults/s	0 major_page_faults/s	128025 yields/s	6 preempts/s
87000 milliseconds	750 MB/s	0 short_reads/s	0 short_writes_echo/s	156 cpu_user_milliseconds	1072 cpu_system_milliseconds	0 minor_page_faults/s	0 major_page_faults/s	130611 yields/s	21 preempts/s
88000 milliseconds	736 MB/s	0 short_reads/s	0 short_writes_echo/s	166 cpu_user_milliseconds	1067 cpu_system_milliseconds	0 minor_page_faults/s	0 major_page_faults/s	128163 yields/s	33 preempts/s
89000 milliseconds	724 MB/s	0 short_reads/s	0 short_writes_echo/s	135 cpu_user_milliseconds	1102 cpu_system_milliseconds	0 minor_page_faults/s	0 major_page_faults/s	126599 yields/s	40 preempts/s
90000 milliseconds	695 MB/s	0 short_reads/s	0 short_writes_echo/s	147 cpu_user_milliseconds	1099 cpu_system_milliseconds	0 minor_page_faults/s	0 major_page_faults/s	121638 yields/s	8 preempts/s
91000 milliseconds	726 MB/s	0 short_reads/s	0 short_writes_echo/s	141 cpu_user_milliseconds	1099 cpu_system_milliseconds	0 minor_page_faults/s	0 major_page_faults/s	127002 yields/s	6 preempts/s
92000 milliseconds	755 MB/s	0 short_reads/s	0 short_writes_echo/s	168 cpu_user_milliseconds	1067 cpu_system_milliseconds	0 minor_page_faults/s	0 major_page_faults/s	131398 yields/s	3 preempts/s
93000 milliseconds	721 MB/s	0 short_reads/s	0 short_writes_echo/s	153 cpu_user_milliseconds	1079 cpu_system_milliseconds	0 minor_page_faults/s	0 major_page_faults/s	125770 yields/s	45 preempts/s
94000 milliseconds	747 MB/s	0 short_reads/s	0 short_writes_echo/s	150 cpu_user_milliseconds	1086 cpu_system_milliseconds	0 minor_page_faults/s	0 major_page_faults/s	130177 yields/s	9 preempts/s
95000 milliseconds	728 MB/s	0 short_reads/s	0 short_writes_echo/s	134 cpu_user_milliseconds	1105 cpu_system_milliseconds	0 minor_page_faults/s	0 major_page_faults/s	127197 yields/s	5 preempts/s
96000 milliseconds	738 MB/s	0 short_reads/s	0 short_writes_echo/s	181 cpu_user_milliseconds	1059 cpu_system_milliseconds	0 minor_page_faults/s	0 major_page_faults/s	128732 yields/s	2 preempts/s
97000 milliseconds	732 MB/s	0 short_reads/s	0 short_writes_echo/s	151 cpu_user_milliseconds	1086 cpu_system_milliseconds	0 minor_page_faults/s	0 major_page_faults/s	127995 yields/s	7 preempts/s
98000 milliseconds	704 MB/s	0 short_reads/s	0 short_writes_echo/s	151 cpu_user_milliseconds	1089 cpu_system_milliseconds	0 minor_page_faults/s	0 major_page_faults/s	123114 yields/s	49 preempts/s
99000 milliseconds	733 MB/s	0 short_reads/s	0 short_writes_echo/s	161 cpu_user_milliseconds	1077 cpu_system_milliseconds	0 minor_page_faults/s	0 major_page_faults/s	127961 yields/s	7 preempts/s
100000 milliseconds	717 MB/s	0 short_reads/s	0 short_writes_echo/s	177 cpu_user_milliseconds	1065 cpu_system_milliseconds	0 minor_page_faults/s	0 major_page_faults/s	125332 yields/s	8 preempts/s
101001 milliseconds	711 MB/s	0 short_reads/s	0 short_writes_echo/s	140 cpu_user_milliseconds	1104 cpu_system_milliseconds	0 minor_page_faults/s	0 major_page_faults/s	124278 yields/s	6 preempts/s
102001 milliseconds	762 MB/s	0 short_reads/s	0 short_writes_echo/s	165 cpu_user_milliseconds	1070 cpu_system_milliseconds	0 minor_page_faults/s	0 major_page_faults/s	132535 yields/s	3 preempts/s
103001 milliseconds	693 MB/s	0 short_reads/s	0 short_writes_echo/s	129 cpu_user_milliseconds	1115 cpu_system_milliseconds	0 minor_page_faults/s	0 major_page_faults/s	121432 yields/s	29 preempts/s
104001 milliseconds	742 MB/s	0 short_reads/s	0 short_writes_echo/s	170 cpu_user_milliseconds	1069 cpu_system_milliseconds	0 minor_page_faults/s	0 major_page_faults/s	129297 yields/s	9 preempts/s
105001 milliseconds	705 MB/s	0 short_reads/s	0 short_writes_echo/s	153 cpu_user_milliseconds	1089 cpu_system_milliseconds	0 minor_page_faults/s	0 major_page_faults/s	123084 yields/s	8 preempts/s
106001 milliseconds	723 MB/s	0 short_reads/s	0 short_writes_echo/s	113 cpu_user_milliseconds	1128 cpu_system_milliseconds	0 minor_page_faults/s	0 major_page_faults/s	126253 yields/s	7 preempts/s
107001 milliseconds	730 MB/s	0 short_reads/s	0 short_writes_echo/s	135 cpu_user_milliseconds	1103 cpu_system_milliseconds	0 minor_page_faults/s	0 major_page_faults/s	127709 yields/s	15 preempts/s
108001 milliseconds	749 MB/s	0 short_reads/s	0 short_writes_echo/s	162 cpu_user_milliseconds	1070 cpu_system_milliseconds	0 minor_page_faults/s	0 major_page_faults/s	130463 yields/s	43 preempts/s
109001 milliseconds	743 MB/s	0 short_reads/s	0 short_writes_echo/s	149 cpu_user_milliseconds	1085 cpu_system_milliseconds	0 minor_page_faults/s	0 major_page_faults/s	129630 yields/s	19 preempts/s
110001 milliseconds	699 MB/s	0 short_reads/s	0 short_writes_echo/s	162 cpu_user_milliseconds	1073 cpu_system_milliseconds	0 minor_page_faults/s	0 major_page_faults/s	122295 yields/s	10 preempts/s
111001 milliseconds	763 MB/s	0 short_reads/s	0 short_writes_echo/s	162 cpu_user_milliseconds	1071 cpu_system_milliseconds	0 minor_page_faults/s	0 major_page_faults/s	132751 yields/s	8 preempts/s
112001 milliseconds	705 MB/s	0 short_reads/s	0 short_writes_echo/s	152 cpu_user_milliseconds	1095 cpu_system_milliseconds	0 minor_page_faults/s	0 major_page_faults/s	123426 yields/s	4 preempts/s
113001 milliseconds	701 MB/s	0 short_reads/s	0 short_writes_echo/s	155 cpu_user_milliseconds	1076 cpu_system_milliseconds	0 minor_page_faults/s	0 major_page_faults/s	122497 yields/s	46 preempts/s
114001 milliseconds	699 MB/s	0 short_reads/s	0 short_writes_echo/s	146 cpu_user_milliseconds	1101 cpu_system_milliseconds	0 minor_page_faults/s	0 major_page_faults/s	122394 yields/s	9 preempts/s
115001 milliseconds	691 MB/s	0 short_reads/s	0 short_writes_echo/s	149 cpu_user_milliseconds	1100 cpu_system_milliseconds	0 minor_page_faults/s	0 major_page_faults/s	121018 yields/s	1 preempts/s
116001 milliseconds	713 MB/s	0 short_reads/s	0 short_writes_echo/s	138 cpu_user_milliseconds	1106 cpu_system_milliseconds	0 minor_page_faults/s	0 major_page_faults/s	124711 yields/s	4 preempts/s
117001 milliseconds	729 MB/s	0 short_reads/s	0 short_writes_echo/s	176 cpu_user_milliseconds	1060 cpu_system_milliseconds	0 minor_page_faults/s	0 major_page_faults/s	127009 yields/s	12 preempts/s
118001 milliseconds	739 MB/s	0 short_reads/s	0 short_writes_echo/s	154 cpu_user_milliseconds	1077 cpu_system_milliseconds	0 minor_page_faults/s	0 major_page_faults/s	128758 yields/s	28 preempts/s
119001 milliseconds	716 MB/s	0 short_reads/s	0 short_writes_echo/s	152 cpu_user_milliseconds	1092 cpu_system_milliseconds	0 minor_page_faults/s	0 major_page_faults/s	125034 yields/s	3 preempts/s
120001 milliseconds	740 MB/s	0 short_reads/s	0 short_writes_echo/s	164 cpu_user_milliseconds	1073 cpu_system_milliseconds	0 minor_page_faults/s	0 major_page_faults/s	128952 yields/s	7 preempts/s
121001 milliseconds	727 MB/s	0 short_reads/s	0 short_writes_echo/s	148 cpu_user_milliseconds	1083 cpu_system_milliseconds	0 minor_page_faults/s	0 major_page_faults/s	126650 yields/s	17 preempts/s
122001 milliseconds	721 MB/s	0 short_reads/s	0 short_writes_echo/s	150 cpu_user_milliseconds	1078 cpu_system_milliseconds	0 minor_page_faults/s	0 major_page_faults/s	125688 yields/s	105 preempts/s
123001 milliseconds	727 MB/s	0 short_reads/s	0 short_writes_echo/s	150 cpu_user_milliseconds	1087 cpu_system_milliseconds	0 minor_page_faults/s	0 major_page_faults/s	126686 yields/s	49 preempts/s
124001 milliseconds	695 MB/s	0 short_reads/s	0 short_writes_echo/s	159 cpu_user_milliseconds	1088 cpu_system_milliseconds	0 minor_page_faults/s	0 major_page_faults/s	121770 yields/s	7 preempts/s
125001 milliseconds	758 MB/s	0 short_reads/s	0 short_writes_echo/s	157 cpu_user_milliseconds	1077 cpu_system_milliseconds	0 minor_page_faults/s	0 major_page_faults/s	131881 yields/s	2 preempts/s
126001 milliseconds	738 MB/s	0 short_reads/s	0 short_writes_echo/s	144 cpu_user_milliseconds	1093 cpu_system_milliseconds	0 minor_page_faults/s	0 major_page_faults/s	128670 yields/s	4 preempts/s
127001 milliseconds	713 MB/s	0 short_reads/s	0 short_writes_echo/s	147 cpu_user_milliseconds	1095 cpu_system_milliseconds	0 minor_page_faults/s	0 major_page_faults/s	124644 yields/s	14 preempts/s
128001 milliseconds	733 MB/s	0 short_reads/s	0 short_writes_echo/s	163 cpu_user_milliseconds	1070 cpu_system_milliseconds	0 minor_page_faults/s	0 major_page_faults/s	127660 yields/s	19 preempts/s
129001 milliseconds	731 MB/s	0 short_reads/s	0 short_writes_echo/s	137 cpu_user_milliseconds	1091 cpu_system_milliseconds	0 minor_page_faults/s	0 major_page_faults/s	127418 yields/s	16 preempts/s
130001 milliseconds	672 MB/s	0 short_reads/s	0 short_writes_echo/s	146 cpu_user_milliseconds	1109 cpu_system_milliseconds	0 minor_page_faults/s	0 major_page_faults/s	118008 yields/s	2 preempts/s
131001 milliseconds	728 MB/s	0 short_reads/s	0 short_writes_echo/s	168 cpu_user_milliseconds	1071 cpu_system_milliseconds	0 minor_page_faults/s	0 major_page_faults/s	127160 yields/s	6 preempts/s
132001 milliseconds	724 MB/s	0 short_reads/s	0 short_writes_echo/s	149 cpu_user_milliseconds	1088 cpu_system_milliseconds	0 minor_page_faults/s	0 major_page_faults/s	126472 yields/s	19 preempts/s
133001 milliseconds	730 MB/s	0 short_reads/s	0 short_writes_echo/s	160 cpu_user_milliseconds	1071 cpu_system_milliseconds	0 minor_page_faults/s	0 major_page_faults/s	127130 yields/s	34 preempts/s
134001 milliseconds	716 MB/s	0 short_reads/s	0 short_writes_echo/s	145 cpu_user_milliseconds	1097 cpu_system_milliseconds	0 minor_page_faults/s	0 major_page_faults/s	125196 yields/s	8 preempts/s
135001 milliseconds	728 MB/s	0 short_reads/s	0 short_writes_echo/s	177 cpu_user_milliseconds	1062 cpu_system_milliseconds	0 minor_page_faults/s	0 major_page_faults/s	126950 yields/s	14 preempts/s
136001 milliseconds	686 MB/s	0 short_reads/s	0 short_writes_echo/s	148 cpu_user_milliseconds	1102 cpu_system_milliseconds	0 minor_page_faults/s	0 major_page_faults/s	120264 yields/s	4 preempts/s
137001 milliseconds	764 MB/s	0 short_reads/s	0 short_writes_echo/s	145 cpu_user_milliseconds	1088 cpu_system_milliseconds	0 minor_page_faults/s	0 major_page_faults/s	132729 yields/s	7 preempts/s
138001 milliseconds	704 MB/s	0 short_reads/s	0 short_writes_echo/s	126 cpu_user_milliseconds	1116 cpu_system_milliseconds	0 minor_page_faults/s	0 major_page_faults/s	123118 yields/s	56 preempts/s
139001 milliseconds	740 MB/s	0 short_reads/s	0 short_writes_echo/s	172 cpu_user_milliseconds	1065 cpu_system_milliseconds	0 minor_page_faults/s	0 major_page_faults/s	129027 yields/s	9 preempts/s
140001 milliseconds	744 MB/s	0 short_reads/s	0 short_writes_echo/s	180 cpu_user_milliseconds	1054 cpu_system_milliseconds	0 minor_page_faults/s	0 major_page_faults/s	129631 yields/s	14 preempts/s
141001 milliseconds	699 MB/s	0 short_reads/s	0 short_writes_echo/s	154 cpu_user_milliseconds	1091 cpu_system_milliseconds	0 minor_page_faults/s	0 major_page_faults/s	122478 yields/s	10 preempts/s
142001 milliseconds	754 MB/s	0 short_reads/s	0 short_writes_echo/s	152 cpu_user_milliseconds	1082 cpu_system_milliseconds	0 minor_page_faults/s	0 major_page_faults/s	131123 yields/s	12 preempts/s
143001 milliseconds	684 MB/s	0 short_reads/s	0 short_writes_echo/s	162 cpu_user_milliseconds	1088 cpu_system_milliseconds	0 minor_page_faults/s	0 major_page_faults/s	119833 yields/s	25 preempts/s
144001 milliseconds	743 MB/s	0 short_reads/s	0 short_writes_echo/s	143 cpu_user_milliseconds	1091 cpu_system_milliseconds	0 minor_page_faults/s	0 major_page_faults/s	129328 yields/s	10 preempts/s
145001 milliseconds	704 MB/s	0 short_reads/s	0 short_writes_echo/s	134 cpu_user_milliseconds	1108 cpu_system_milliseconds	0 minor_page_faults/s	0 major_page_faults/s	123254 yields/s	6 preempts/s
146001 milliseconds	701 MB/s	0 short_reads/s	0 short_writes_echo/s	154 cpu_user_milliseconds	1094 cpu_system_milliseconds	0 minor_page_faults/s	0 major_page_faults/s	122583 yields/s	6 preempts/s
147001 milliseconds	694 MB/s	0 short_reads/s	0 short_writes_echo/s	158 cpu_user_milliseconds	1087 cpu_system_milliseconds	0 minor_page_faults/s	0 major_page_faults/s	121342 yields/s	15 preempts/s
148001 milliseconds	701 MB/s	0 short_reads/s	0 short_writes_echo/s	125 cpu_user_milliseconds	1116 cpu_system_milliseconds	0 minor_page_faults/s	0 major_page_faults/s	122612 yields/s	22 preempts/s
149001 milliseconds	729 MB/s	0 short_reads/s	0 short_writes_echo/s	147 cpu_user_milliseconds	1092 cpu_system_milliseconds	0 minor_page_faults/s	0 major_page_faults/s	127274 yields/s	19 preempts/s
150001 milliseconds	759 MB/s	0 short_reads/s	0 short_writes_echo/s	160 cpu_user_milliseconds	1073 cpu_system_milliseconds	0 minor_page_faults/s	0 major_page_faults/s	132082 yields/s	9 preempts/s
151001 milliseconds	724 MB/s	0 short_reads/s	0 short_writes_echo/s	150 cpu_user_milliseconds	1089 cpu_system_milliseconds	0 minor_page_faults/s	0 major_page_faults/s	126478 yields/s	8 preempts/s
152001 milliseconds	733 MB/s	0 short_reads/s	0 short_writes_echo/s	158 cpu_user_milliseconds	1084 cpu_system_milliseconds	0 minor_page_faults/s	0 major_page_faults/s	127913 yields/s	4 preempts/s
153001 milliseconds	728 MB/s	0 short_reads/s	0 short_writes_echo/s	150 cpu_user_milliseconds	1080 cpu_system_milliseconds	0 minor_page_faults/s	0 major_page_faults/s	127014 yields/s	67 preempts/s
154001 milliseconds	750 MB/s	0 short_reads/s	0 short_writes_echo/s	147 cpu_user_milliseconds	1091 cpu_system_milliseconds	0 minor_page_faults/s	0 major_page_faults/s	130580 yields/s	5 preempts/s
155001 milliseconds	719 MB/s	0 short_reads/s	0 short_writes_echo/s	150 cpu_user_milliseconds	1091 cpu_system_milliseconds	0 minor_page_faults/s	0 major_page_faults/s	125579 yields/s	10 preempts/s
156001 milliseconds	706 MB/s	0 short_reads/s	0 short_writes_echo/s	177 cpu_user_milliseconds	1068 cpu_system_milliseconds	0 minor_page_faults/s	0 major_page_faults/s	123653 yields/s	4 preempts/s
157001 milliseconds	705 MB/s	0 short_reads/s	0 short_writes_echo/s	178 cpu_user_milliseconds	1068 cpu_system_milliseconds	0 minor_page_faults/s	0 major_page_faults/s	123278 yields/s	9 preempts/s
158001 milliseconds	724 MB/s	0 short_reads/s	0 short_writes_echo/s	163 cpu_user_milliseconds	1072 cpu_system_milliseconds	0 minor_page_faults/s	0 major_page_faults/s	126255 yields/s	31 preempts/s
159001 milliseconds	748 MB/s	0 short_reads/s	0 short_writes_echo/s	151 cpu_user_milliseconds	1084 cpu_system_milliseconds	0 minor_page_faults/s	0 major_page_faults/s	130222 yields/s	18 preempts/s
160001 milliseconds	732 MB/s	0 short_reads/s	0 short_writes_echo/s	152 cpu_user_milliseconds	1085 cpu_system_milliseconds	0 minor_page_faults/s	0 major_page_faults/s	127748 yields/s	9 preempts/s
161001 milliseconds	717 MB/s	0 short_reads/s	0 short_writes_echo/s	166 cpu_user_milliseconds	1072 cpu_system_milliseconds	0 minor_page_faults/s	0 major_page_faults/s	125316 yields/s	15 preempts/s
162001 milliseconds	760 MB/s	0 short_reads/s	0 short_writes_echo/s	161 cpu_user_milliseconds	1070 cpu_system_milliseconds	0 minor_page_faults/s	0 major_page_faults/s	132197 yields/s	21 preempts/s
163001 milliseconds	714 MB/s	0 short_reads/s	0 short_writes_echo/s	161 cpu_user_milliseconds	1077 cpu_system_milliseconds	0 minor_page_faults/s	0 major_page_faults/s	124716 yields/s	31 preempts/s
164001 milliseconds	743 MB/s	0 short_reads/s	0 short_writes_echo/s	148 cpu_user_milliseconds	1090 cpu_system_milliseconds	0 minor_page_faults/s	0 major_page_faults/s	129360 yields/s	1 preempts/s
165001 milliseconds	745 MB/s	0 short_reads/s	0 short_writes_echo/s	160 cpu_user_milliseconds	1073 cpu_system_milliseconds	0 minor_page_faults/s	0 major_page_faults/s	129604 yields/s	17 preempts/s
166001 milliseconds	750 MB/s	0 short_reads/s	0 short_writes_echo/s	167 cpu_user_milliseconds	1069 cpu_system_milliseconds	0 minor_page_faults/s	0 major_page_faults/s	130613 yields/s	2 preempts/s
167001 milliseconds	698 MB/s	0 short_reads/s	0 short_writes_echo/s	154 cpu_user_milliseconds	1090 cpu_system_milliseconds	0 minor_page_faults/s	0 major_page_faults/s	122205 yields/s	10 preempts/s
168001 milliseconds	732 MB/s	0 short_reads/s	0 short_writes_echo/s	155 cpu_user_milliseconds	1080 cpu_system_milliseconds	0 minor_page_faults/s	0 major_page_faults/s	127488 yields/s	34 preempts/s
169001 milliseconds	700 MB/s	0 short_reads/s	0 short_writes_echo/s	164 cpu_user_milliseconds	1082 cpu_system_milliseconds	0 minor_page_faults/s	0 major_page_faults/s	122644 yields/s	6 preempts/s
170001 milliseconds	703 MB/s	0 short_reads/s	0 short_writes_echo/s	175 cpu_user_milliseconds	1066 cpu_system_milliseconds	0 minor_page_faults/s	0 major_page_faults/s	122681 yields/s	3 preempts/s
171001 milliseconds	741 MB/s	0 short_reads/s	0 short_writes_echo/s	144 cpu_user_milliseconds	1095 cpu_system_milliseconds	0 minor_page_faults/s	0 major_page_faults/s	129148 yields/s	14 preempts/s
172001 milliseconds	779 MB/s	0 short_reads/s	0 short_writes_echo/s	158 cpu_user_milliseconds	1070 cpu_system_milliseconds	0 minor_page_faults/s	0 major_page_faults/s	135291 yields/s	7 preempts/s
173001 milliseconds	701 MB/s	0 short_reads/s	0 short_writes_echo/s	134 cpu_user_milliseconds	1106 cpu_system_milliseconds	0 minor_page_faults/s	0 major_page_faults/s	122519 yields/s	37 preempts/s
174001 milliseconds	765 MB/s	0 short_reads/s	0 short_writes_echo/s	163 cpu_user_milliseconds	1067 cpu_system_milliseconds	0 minor_page_faults/s	0 major_page_faults/s	133157 yields/s	9 preempts/s
175001 milliseconds	730 MB/s	0 short_reads/s	0 short_writes_echo/s	139 cpu_user_milliseconds	1099 cpu_system_milliseconds	0 minor_page_faults/s	0 major_page_faults/s	127501 yields/s	3 preempts/s
176001 milliseconds	748 MB/s	0 short_reads/s	0 short_writes_echo/s	143 cpu_user_milliseconds	1093 cpu_system_milliseconds	0 minor_page_faults/s	0 major_page_faults/s	130258 yields/s	6 preempts/s
177001 milliseconds	740 MB/s	0 short_reads/s	0 short_writes_echo/s	139 cpu_user_milliseconds	1096 cpu_system_milliseconds	0 minor_page_faults/s	0 major_page_faults/s	129257 yields/s	14 preempts/s
178001 milliseconds	744 MB/s	0 short_reads/s	0 short_writes_echo/s	146 cpu_user_milliseconds	1086 cpu_system_milliseconds	0 minor_page_faults/s	0 major_page_faults/s	129651 yields/s	71 preempts/s
179001 milliseconds	708 MB/s	0 short_reads/s	0 short_writes_echo/s	164 cpu_user_milliseconds	1079 cpu_system_milliseconds	0 minor_page_faults/s	0 major_page_faults/s	123743 yields/s	7 preempts/s
180001 milliseconds	757 MB/s	0 short_reads/s	0 short_writes_echo/s	165 cpu_user_milliseconds	1068 cpu_system_milliseconds	0 minor_page_faults/s	0 major_page_faults/s	131814 yields/s	11 preempts/s
181001 milliseconds	696 MB/s	0 short_reads/s	0 short_writes_echo/s	155 cpu_user_milliseconds	1088 cpu_system_milliseconds	0 minor_page_faults/s	0 major_page_faults/s	121681 yields/s	7 preempts/s
182001 milliseconds	704 MB/s	0 short_reads/s	0 short_writes_echo/s	166 cpu_user_milliseconds	1078 cpu_system_milliseconds	0 minor_page_faults/s	0 major_page_faults/s	122984 yields/s	7 preempts/s
183001 milliseconds	724 MB/s	0 short_reads/s	0 short_writes_echo/s	136 cpu_user_milliseconds	1100 cpu_system_milliseconds	0 minor_page_faults/s	0 major_page_faults/s	126635 yields/s	38 preempts/s
184001 milliseconds	712 MB/s	0 short_reads/s	0 short_writes_echo/s	148 cpu_user_milliseconds	1093 cpu_system_milliseconds	0 minor_page_faults/s	0 major_page_faults/s	124450 yields/s	3 preempts/s
185001 milliseconds	752 MB/s	0 short_reads/s	0 short_writes_echo/s	161 cpu_user_milliseconds	1070 cpu_system_milliseconds	0 minor_page_faults/s	0 major_page_faults/s	130919 yields/s	16 preempts/s
186001 milliseconds	695 MB/s	0 short_reads/s	0 short_writes_echo/s	131 cpu_user_milliseconds	1114 cpu_system_milliseconds	0 minor_page_faults/s	0 major_page_faults/s	121837 yields/s	8 preempts/s
187001 milliseconds	731 MB/s	0 short_reads/s	0 short_writes_echo/s	170 cpu_user_milliseconds	1071 cpu_system_milliseconds	0 minor_page_faults/s	0 major_page_faults/s	127424 yields/s	9 preempts/s
188001 milliseconds	696 MB/s	0 short_reads/s	0 short_writes_echo/s	117 cpu_user_milliseconds	1125 cpu_system_milliseconds	0 minor_page_faults/s	0 major_page_faults/s	121980 yields/s	24 preempts/s
189001 milliseconds	751 MB/s	0 short_reads/s	0 short_writes_echo/s	158 cpu_user_milliseconds	1071 cpu_system_milliseconds	0 minor_page_faults/s	0 major_page_faults/s	130911 yields/s	14 preempts/s
190001 milliseconds	750 MB/s	0 short_reads/s	0 short_writes_echo/s	164 cpu_user_milliseconds	1073 cpu_system_milliseconds	0 minor_page_faults/s	0 major_page_faults/s	130466 yields/s	6 preempts/s
191001 milliseconds	724 MB/s	0 short_reads/s	0 short_writes_echo/s	139 cpu_user_milliseconds	1102 cpu_system_milliseconds	0 minor_page_faults/s	0 major_page_faults/s	126484 yields/s	4 preempts/s
192001 milliseconds	710 MB/s	0 short_reads/s	0 short_writes_echo/s	139 cpu_user_milliseconds	1105 cpu_system_milliseconds	0 minor_page_faults/s	0 major_page_faults/s	124362 yields/s	7 preempts/s
193001 milliseconds	700 MB/s	0 short_reads/s	0 short_writes_echo/s	172 cpu_user_milliseconds	1064 cpu_system_milliseconds	0 minor_page_faults/s	0 major_page_faults/s	122383 yields/s	48 preempts/s
194001 milliseconds	764 MB/s	0 short_reads/s	0 short_writes_echo/s	153 cpu_user_milliseconds	1077 cpu_system_milliseconds	0 minor_page_faults/s	0 major_page_faults/s	132768 yields/s	7 preempts/s
195001 milliseconds	720 MB/s	0 short_reads/s	0 short_writes_echo/s	141 cpu_user_milliseconds	1101 cpu_system_milliseconds	0 minor_page_faults/s	0 major_page_faults/s	125693 yields/s	3 preempts/s
196001 milliseconds	718 MB/s	0 short_reads/s	0 short_writes_echo/s	164 cpu_user_milliseconds	1075 cpu_system_milliseconds	0 minor_page_faults/s	0 major_page_faults/s	125402 yields/s	34 preempts/s
197001 milliseconds	716 MB/s	0 short_reads/s	0 short_writes_echo/s	147 cpu_user_milliseconds	1093 cpu_system_milliseconds	0 minor_page_faults/s	0 major_page_faults/s	124991 yields/s	16 preempts/s
198001 milliseconds	733 MB/s	0 short_reads/s	0 short_writes_echo/s	142 cpu_user_milliseconds	1090 cpu_system_milliseconds	0 minor_page_faults/s	0 major_page_faults/s	127668 yields/s	83 preempts/s
199001 milliseconds	723 MB/s	0 short_reads/s	0 short_writes_echo/s	141 cpu_user_milliseconds	1098 cpu_system_milliseconds	0 minor_page_faults/s	0 major_page_faults/s	126225 yields/s	8 preempts/s
200001 milliseconds	704 MB/s	0 short_reads/s	0 short_writes_echo/s	160 cpu_user_milliseconds	1087 cpu_system_milliseconds	0 minor_page_faults/s	0 major_page_faults/s	123174 yields/s	3 preempts/s
201001 milliseconds	714 MB/s	0 short_reads/s	0 short_writes_echo/s	161 cpu_user_milliseconds	1081 cpu_system_milliseconds	0 minor_page_faults/s	0 major_page_faults/s	124808 yields/s	20 preempts/s
202001 milliseconds	680 MB/s	0 short_reads/s	0 short_writes_echo/s	142 cpu_user_milliseconds	1109 cpu_system_milliseconds	0 minor_page_faults/s	0 major_page_faults/s	119367 yields/s	13 preempts/s
203001 milliseconds	726 MB/s	0 short_reads/s	0 short_writes_echo/s	143 cpu_user_milliseconds	1092 cpu_system_milliseconds	0 minor_page_faults/s	0 major_page_faults/s	126653 yields/s	24 preempts/s
204001 milliseconds	714 MB/s	0 short_reads/s	0 short_writes_echo/s	133 cpu_user_milliseconds	1108 cpu_system_milliseconds	0 minor_page_faults/s	0 major_page_faults/s	124708 yields/s	15 preempts/s
205002 milliseconds	711 MB/s	0 short_reads/s	0 short_writes_echo/s	125 cpu_user_milliseconds	1118 cpu_system_milliseconds	0 minor_page_faults/s	0 major_page_faults/s	124549 yields/s	5 preempts/s
206002 milliseconds	744 MB/s	0 short_reads/s	0 short_writes_echo/s	166 cpu_user_milliseconds	1072 cpu_system_milliseconds	0 minor_page_faults/s	0 major_page_faults/s	129697 yields/s	4 preempts/s
207002 milliseconds	699 MB/s	0 short_reads/s	0 short_writes_echo/s	154 cpu_user_milliseconds	1089 cpu_system_milliseconds	0 minor_page_faults/s	0 major_page_faults/s	122398 yields/s	23 preempts/s
208002 milliseconds	727 MB/s	0 short_reads/s	0 short_writes_echo/s	153 cpu_user_milliseconds	1082 cpu_system_milliseconds	0 minor_page_faults/s	0 major_page_faults/s	127114 yields/s	25 preempts/s
209002 milliseconds	700 MB/s	0 short_reads/s	0 short_writes_echo/s	152 cpu_user_milliseconds	1093 cpu_system_milliseconds	0 minor_page_faults/s	0 major_page_faults/s	122385 yields/s	12 preempts/s
210002 milliseconds	693 MB/s	0 short_reads/s	0 short_writes_echo/s	151 cpu_user_milliseconds	1098 cpu_system_milliseconds	0 minor_page_faults/s	0 major_page_faults/s	121410 yields/s	3 preempts/s
211002 milliseconds	719 MB/s	0 short_reads/s	0 short_writes_echo/s	140 cpu_user_milliseconds	1100 cpu_system_milliseconds	0 minor_page_faults/s	0 major_page_faults/s	125806 yields/s	5 preempts/s
212002 milliseconds	778 MB/s	0 short_reads/s	0 short_writes_echo/s	145 cpu_user_milliseconds	1081 cpu_system_milliseconds	0 minor_page_faults/s	0 major_page_faults/s	135293 yields/s	11 preempts/s
213002 milliseconds	740 MB/s	0 short_reads/s	0 short_writes_echo/s	172 cpu_user_milliseconds	1060 cpu_system_milliseconds	0 minor_page_faults/s	0 major_page_faults/s	128923 yields/s	33 preempts/s
214002 milliseconds	693 MB/s	0 short_reads/s	0 short_writes_echo/s	129 cpu_user_milliseconds	1118 cpu_system_milliseconds	0 minor_page_faults/s	0 major_page_faults/s	121422 yields/s	15 preempts/s
215002 milliseconds	702 MB/s	0 short_reads/s	0 short_writes_echo/s	136 cpu_user_milliseconds	1112 cpu_system_milliseconds	0 minor_page_faults/s	0 major_page_faults/s	122629 yields/s	5 preempts/s
216002 milliseconds	695 MB/s	0 short_reads/s	0 short_writes_echo/s	152 cpu_user_milliseconds	1096 cpu_system_milliseconds	0 minor_page_faults/s	0 major_page_faults/s	121548 yields/s	7 preempts/s
217002 milliseconds	741 MB/s	0 short_reads/s	0 short_writes_echo/s	110 cpu_user_milliseconds	1126 cpu_system_milliseconds	0 minor_page_faults/s	0 major_page_faults/s	129096 yields/s	8 preempts/s
218002 milliseconds	748 MB/s	0 short_reads/s	0 short_writes_echo/s	138 cpu_user_milliseconds	1094 cpu_system_milliseconds	0 minor_page_faults/s	0 major_page_faults/s	130361 yields/s	31 preempts/s
219002 milliseconds	727 MB/s	0 short_reads/s	0 short_writes_echo/s	159 cpu_user_milliseconds	1077 cpu_system_milliseconds	0 minor_page_faults/s	0 major_page_faults/s	127262 yields/s	8 preempts/s
220002 milliseconds	712 MB/s	0 short_reads/s	0 short_writes_echo/s	127 cpu_user_milliseconds	1116 cpu_system_milliseconds	0 minor_page_faults/s	0 major_page_faults/s	124277 yields/s	6 preempts/s
221002 milliseconds	703 MB/s	0 short_reads/s	0 short_writes_echo/s	146 cpu_user_milliseconds	1096 cpu_system_milliseconds	0 minor_page_faults/s	0 major_page_faults/s	122996 yields/s	18 preempts/s
222002 milliseconds	741 MB/s	0 short_reads/s	0 short_writes_echo/s	153 cpu_user_milliseconds	1084 cpu_system_milliseconds	0 minor_page_faults/s	0 major_page_faults/s	129262 yields/s	11 preempts/s
223002 milliseconds	716 MB/s	0 short_reads/s	0 short_writes_echo/s	137 cpu_user_milliseconds	1100 cpu_system_milliseconds	0 minor_page_faults/s	0 major_page_faults/s	125233 yields/s	37 preempts/s
224002 milliseconds	754 MB/s	0 short_reads/s	0 short_writes_echo/s	159 cpu_user_milliseconds	1075 cpu_system_milliseconds	0 minor_page_faults/s	0 major_page_faults/s	131421 yields/s	8 preempts/s
225002 milliseconds	709 MB/s	0 short_reads/s	0 short_writes_echo/s	144 cpu_user_milliseconds	1099 cpu_system_milliseconds	0 minor_page_faults/s	0 major_page_faults/s	123858 yields/s	4 preempts/s
226002 milliseconds	738 MB/s	0 short_reads/s	0 short_writes_echo/s	177 cpu_user_milliseconds	1062 cpu_system_milliseconds	0 minor_page_faults/s	0 major_page_faults/s	128557 yields/s	15 preempts/s
227002 milliseconds	748 MB/s	0 short_reads/s	0 short_writes_echo/s	171 cpu_user_milliseconds	1066 cpu_system_milliseconds	0 minor_page_faults/s	0 major_page_faults/s	130282 yields/s	3 preempts/s
228002 milliseconds	706 MB/s	0 short_reads/s	0 short_writes_echo/s	145 cpu_user_milliseconds	1096 cpu_system_milliseconds	0 minor_page_faults/s	0 major_page_faults/s	123914 yields/s	40 preempts/s
229002 milliseconds	725 MB/s	0 short_reads/s	0 short_writes_echo/s	127 cpu_user_milliseconds	1111 cpu_system_milliseconds	0 minor_page_faults/s	0 major_page_faults/s	126466 yields/s	7 preempts/s
230002 milliseconds	698 MB/s	0 short_reads/s	0 short_writes_echo/s	155 cpu_user_milliseconds	1080 cpu_system_milliseconds	0 minor_page_faults/s	0 major_page_faults/s	122282 yields/s	22 preempts/s
231002 milliseconds	693 MB/s	0 short_reads/s	0 short_writes_echo/s	142 cpu_user_milliseconds	1101 cpu_system_milliseconds	0 minor_page_faults/s	0 major_page_faults/s	121425 yields/s	13 preempts/s
232002 milliseconds	758 MB/s	0 short_reads/s	0 short_writes_echo/s	157 cpu_user_milliseconds	1079 cpu_system_milliseconds	0 minor_page_faults/s	0 major_page_faults/s	131829 yields/s	1 preempts/s
233002 milliseconds	732 MB/s	0 short_reads/s	0 short_writes_echo/s	140 cpu_user_milliseconds	1091 cpu_system_milliseconds	0 minor_page_faults/s	0 major_page_faults/s	127507 yields/s	88 preempts/s
234002 milliseconds	708 MB/s	0 short_reads/s	0 short_writes_echo/s	142 cpu_user_milliseconds	1101 cpu_system_milliseconds	0 minor_page_faults/s	0 major_page_faults/s	123982 yields/s	11 preempts/s
235002 milliseconds	752 MB/s	0 short_reads/s	0 short_writes_echo/s	165 cpu_user_milliseconds	1071 cpu_system_milliseconds	0 minor_page_faults/s	0 major_page_faults/s	131022 yields/s	12 preempts/s
236002 milliseconds	740 MB/s	0 short_reads/s	0 short_writes_echo/s	161 cpu_user_milliseconds	1075 cpu_system_milliseconds	0 minor_page_faults/s	0 major_page_faults/s	128982 yields/s	16 preempts/s
237002 milliseconds	725 MB/s	0 short_reads/s	0 short_writes_echo/s	172 cpu_user_milliseconds	1067 cpu_system_milliseconds	0 minor_page_faults/s	0 major_page_faults/s	126427 yields/s	12 preempts/s
238002 milliseconds	739 MB/s	0 short_reads/s	0 short_writes_echo/s	151 cpu_user_milliseconds	1081 cpu_system_milliseconds	0 minor_page_faults/s	0 major_page_faults/s	128787 yields/s	38 preempts/s
239002 milliseconds	674 MB/s	0 short_reads/s	0 short_writes_echo/s	168 cpu_user_milliseconds	1084 cpu_system_milliseconds	0 minor_page_faults/s	0 major_page_faults/s	118298 yields/s	10 preempts/s
240002 milliseconds	703 MB/s	0 short_reads/s	0 short_writes_echo/s	138 cpu_user_milliseconds	1111 cpu_system_milliseconds	0 minor_page_faults/s	0 major_page_faults/s	123106 yields/s	3 preempts/s
