1000 milliseconds	2675 MB/s	41868 short_reads/s	0 short_writes_echo/s	139 cpu_user_milliseconds	1119 cpu_system_milliseconds	177 minor_page_faults/s	0 major_page_faults/s	114682 yields/s	23 preempts/s
2000 milliseconds	2669 MB/s	41903 short_reads/s	0 short_writes_echo/s	138 cpu_user_milliseconds	1141 cpu_system_milliseconds	2 minor_page_faults/s	0 major_page_faults/s	118325 yields/s	13 preempts/s
3000 milliseconds	2747 MB/s	45304 short_reads/s	0 short_writes_echo/s	143 cpu_user_milliseconds	1121 cpu_system_milliseconds	0 minor_page_faults/s	0 major_page_faults/s	117599 yields/s	6 preempts/s
4000 milliseconds	2642 MB/s	40931 short_reads/s	0 short_writes_echo/s	149 cpu_user_milliseconds	1132 cpu_system_milliseconds	0 minor_page_faults/s	0 major_page_faults/s	116814 yields/s	81 preempts/s
5000 milliseconds	2664 MB/s	41551 short_reads/s	0 short_writes_echo/s	150 cpu_user_milliseconds	1138 cpu_system_milliseconds	0 minor_page_faults/s	0 major_page_faults/s	119580 yields/s	3 preempts/s
6000 milliseconds	2698 MB/s	42470 short_reads/s	0 short_writes_echo/s	124 cpu_user_milliseconds	1150 cpu_system_milliseconds	0 minor_page_faults/s	0 major_page_faults/s	116844 yields/s	14 preempts/s
7000 milliseconds	2675 MB/s	41480 short_reads/s	0 short_writes_echo/s	165 cpu_user_milliseconds	1121 cpu_system_milliseconds	0 minor_page_faults/s	0 major_page_faults/s	117772 yields/s	12 preempts/s
8000 milliseconds	2736 MB/s	43794 short_reads/s	0 short_writes_echo/s	137 cpu_user_milliseconds	1123 cpu_system_milliseconds	0 minor_page_faults/s	0 major_page_faults/s	116312 yields/s	10 preempts/s
9000 milliseconds	2702 MB/s	43489 short_reads/s	0 short_writes_echo/s	122 cpu_user_milliseconds	1136 cpu_system_milliseconds	0 minor_page_faults/s	0 major_page_faults/s	116280 yields/s	142 preempts/s
10000 milliseconds	2716 MB/s	44746 short_reads/s	0 short_writes_echo/s	148 cpu_user_milliseconds	1104 cpu_system_milliseconds	0 minor_page_faults/s	0 major_page_faults/s	118433 yields/s	15 preempts/s
11000 milliseconds	2714 MB/s	43940 short_reads/s	0 short_writes_echo/s	127 cpu_user_milliseconds	1147 cpu_system_milliseconds	0 minor_page_faults/s	0 major_page_faults/s	120361 yields/s	1 preempts/s
12000 milliseconds	2683 MB/s	42861 short_reads/s	0 short_writes_echo/s	137 cpu_user_milliseconds	1146 cpu_system_milliseconds	0 minor_page_faults/s	0 major_page_faults/s	120072 yields/s	8 preempts/s
13000 milliseconds	2791 MB/s	46368 short_reads/s	0 short_writes_echo/s	140 cpu_user_milliseconds	1104 cpu_system_milliseconds	0 minor_page_faults/s	0 major_page_faults/s	114802 yields/s	5 preempts/s
14000 milliseconds	2755 MB/s	47139 short_reads/s	0 short_writes_echo/s	125 cpu_user_milliseconds	1129 cpu_system_milliseconds	0 minor_page_faults/s	0 major_page_faults/s	118323 yields/s	71 preempts/s
15000 milliseconds	2783 MB/s	44030 short_reads/s	0 short_writes_echo/s	157 cpu_user_milliseconds	1056 cpu_system_milliseconds	0 minor_page_faults/s	0 major_page_faults/s	110688 yields/s	9 preempts/s
16000 milliseconds	2696 MB/s	42574 short_reads/s	0 short_writes_echo/s	133 cpu_user_milliseconds	1153 cpu_system_milliseconds	0 minor_page_faults/s	0 major_page_faults/s	119027 yields/s	5 preempts/s
17000 milliseconds	2650 MB/s	40745 short_reads/s	0 short_writes_echo/s	150 cpu_user_milliseconds	1144 cpu_system_milliseconds	0 minor_page_faults/s	0 major_page_faults/s	121361 yields/s	14 preempts/s
18000 milliseconds	2710 MB/s	45118 short_reads/s	0 short_writes_echo/s	159 cpu_user_milliseconds	1139 cpu_system_milliseconds	0 minor_page_faults/s	0 major_page_faults/s	120650 yields/s	25 preempts/s
19000 milliseconds	2699 MB/s	43163 short_reads/s	0 short_writes_echo/s	132 cpu_user_milliseconds	1116 cpu_system_milliseconds	0 minor_page_faults/s	0 major_page_faults/s	116607 yields/s	190 preempts/s
20000 milliseconds	2700 MB/s	42387 short_reads/s	0 short_writes_echo/s	136 cpu_user_milliseconds	1135 cpu_system_milliseconds	0 minor_page_faults/s	0 major_page_faults/s	117956 yields/s	3 preempts/s
21000 milliseconds	2719 MB/s	43443 short_reads/s	0 short_writes_echo/s	152 cpu_user_milliseconds	1112 cpu_system_milliseconds	0 minor_page_faults/s	0 major_page_faults/s	115940 yields/s	5 preempts/s
22000 milliseconds	2647 MB/s	40759 short_reads/s	0 short_writes_echo/s	152 cpu_user_milliseconds	1117 cpu_system_milliseconds	0 minor_page_faults/s	0 major_page_faults/s	119173 yields/s	63 preempts/s
23000 milliseconds	2720 MB/s	45227 short_reads/s	0 short_writes_echo/s	151 cpu_user_milliseconds	1102 cpu_system_milliseconds	0 minor_page_faults/s	0 major_page_faults/s	119914 yields/s	6 preempts/s
24000 milliseconds	2694 MB/s	43427 short_reads/s	0 short_writes_echo/s	148 cpu_user_milliseconds	1121 cpu_system_milliseconds	0 minor_page_faults/s	0 major_page_faults/s	117298 yields/s	72 preempts/s
25000 milliseconds	2780 MB/s	46505 short_reads/s	0 short_writes_echo/s	130 cpu_user_milliseconds	1115 cpu_system_milliseconds	0 minor_page_faults/s	0 major_page_faults/s	118464 yields/s	7 preempts/s
26000 milliseconds	2736 MB/s	43611 short_reads/s	0 short_writes_echo/s	151 cpu_user_milliseconds	1099 cpu_system_milliseconds	0 minor_page_faults/s	0 major_page_faults/s	116151 yields/s	13 preempts/s
27000 milliseconds	2650 MB/s	41749 short_reads/s	0 short_writes_echo/s	135 cpu_user_milliseconds	1115 cpu_system_milliseconds	0 minor_page_faults/s	0 major_page_faults/s	115663 yields/s	29 preempts/s
28000 milliseconds	2692 MB/s	43145 short_reads/s	0 short_writes_echo/s	133 cpu_user_milliseconds	1153 cpu_system_milliseconds	0 minor_page_faults/s	0 major_page_faults/s	119025 yields/s	5 preempts/s
29000 milliseconds	2778 MB/s	46256 short_reads/s	0 short_writes_echo/s	154 cpu_user_milliseconds	1082 cpu_system_milliseconds	0 minor_page_faults/s	0 major_page_faults/s	113044 yields/s	95 preempts/s
30000 milliseconds	2707 MB/s	44031 short_reads/s	0 short_writes_echo/s	124 cpu_user_milliseconds	1146 cpu_system_milliseconds	0 minor_page_faults/s	0 major_page_faults/s	121392 yields/s	4 preempts/s
31000 milliseconds	2698 MB/s	42058 short_reads/s	0 short_writes_echo/s	138 cpu_user_milliseconds	1141 cpu_system_milliseconds	0 minor_page_faults/s	0 major_page_faults/s	117013 yields/s	18 preempts/s
32000 milliseconds	2742 MB/s	44335 short_reads/s	0 short_writes_echo/s	140 cpu_user_milliseconds	1114 cpu_system_milliseconds	0 minor_page_faults/s	0 major_page_faults/s	117356 yields/s	1 preempts/s
33000 milliseconds	2717 MB/s	43833 short_reads/s	0 short_writes_echo/s	133 cpu_user_milliseconds	1149 cpu_system_milliseconds	0 minor_page_faults/s	0 major_page_faults/s	118695 yields/s	7 preempts/s
34000 milliseconds	2642 MB/s	41206 short_reads/s	0 short_writes_echo/s	157 cpu_user_milliseconds	1110 cpu_system_milliseconds	0 minor_page_faults/s	0 major_page_faults/s	115424 yields/s	91 preempts/s
35000 milliseconds	2678 MB/s	42421 short_reads/s	0 short_writes_echo/s	146 cpu_user_milliseconds	1154 cpu_system_milliseconds	0 minor_page_faults/s	0 major_page_faults/s	119638 yields/s	20 preempts/s
36000 milliseconds	2772 MB/s	47210 short_reads/s	0 short_writes_echo/s	132 cpu_user_milliseconds	1116 cpu_system_milliseconds	0 minor_page_faults/s	0 major_page_faults/s	117957 yields/s	15 preempts/s
37000 milliseconds	2649 MB/s	41869 short_reads/s	0 short_writes_echo/s	153 cpu_user_milliseconds	1131 cpu_system_milliseconds	0 minor_page_faults/s	0 major_page_faults/s	117734 yields/s	8 preempts/s
38000 milliseconds	2739 MB/s	45959 short_reads/s	0 short_writes_echo/s	134 cpu_user_milliseconds	1113 cpu_system_milliseconds	0 minor_page_faults/s	0 major_page_faults/s	114755 yields/s	10 preempts/s
39000 milliseconds	2675 MB/s	41978 short_reads/s	0 short_writes_echo/s	147 cpu_user_milliseconds	1132 cpu_system_milliseconds	0 minor_page_faults/s	0 major_page_faults/s	117111 yields/s	126 preempts/s
40000 milliseconds	2714 MB/s	43154 short_reads/s	0 short_writes_echo/s	116 cpu_user_milliseconds	1139 cpu_system_milliseconds	0 minor_page_faults/s	0 major_page_faults/s	117883 yields/s	13 preempts/s
41000 milliseconds	2701 MB/s	42823 short_reads/s	0 short_writes_echo/s	116 cpu_user_milliseconds	1135 cpu_system_milliseconds	0 minor_page_faults/s	0 major_page_faults/s	119687 yields/s	11 preempts/s
42000 milliseconds	2712 MB/s	43416 short_reads/s	0 short_writes_echo/s	147 cpu_user_milliseconds	1131 cpu_system_milliseconds	0 minor_page_faults/s	0 major_page_faults/s	118994 yields/s	2 preempts/s
43000 milliseconds	2698 MB/s	43718 short_reads/s	0 short_writes_echo/s	130 cpu_user_milliseconds	1166 cpu_system_milliseconds	0 minor_page_faults/s	0 major_page_faults/s	120757 yields/s	1 preempts/s
44000 milliseconds	2653 MB/s	41475 short_reads/s	0 short_writes_echo/s	137 cpu_user_milliseconds	1151 cpu_system_milliseconds	0 minor_page_faults/s	0 major_page_faults/s	118314 yields/s	61 preempts/s
45000 milliseconds	2706 MB/s	43403 short_reads/s	0 short_writes_echo/s	157 cpu_user_milliseconds	1090 cpu_system_milliseconds	0 minor_page_faults/s	0 major_page_faults/s	117535 yields/s	34 preempts/s
46000 milliseconds	2675 MB/s	42547 short_reads/s	0 short_writes_echo/s	128 cpu_user_milliseconds	1145 cpu_system_milliseconds	0 minor_page_faults/s	0 major_page_faults/s	119829 yields/s	12 preempts/s
47000 milliseconds	2654 MB/s	41236 short_reads/s	0 short_writes_echo/s	135 cpu_user_milliseconds	1171 cpu_system_milliseconds	0 minor_page_faults/s	0 major_page_faults/s	120877 yields/s	10 preempts/s
48000 milliseconds	2688 MB/s	42083 short_reads/s	0 short_writes_echo/s	147 cpu_user_milliseconds	1127 cpu_system_milliseconds	0 minor_page_faults/s	0 major_page_faults/s	117686 yields/s	23 preempts/s
49000 milliseconds	2732 MB/s	44142 short_reads/s	0 short_writes_echo/s	142 cpu_user_milliseconds	1107 cpu_system_milliseconds	0 minor_page_faults/s	0 major_page_faults/s	116945 yields/s	57 preempts/s
50000 milliseconds	2694 MB/s	41954 short_reads/s	0 short_writes_echo/s	143 cpu_user_milliseconds	1128 cpu_system_milliseconds	0 minor_page_faults/s	0 major_page_faults/s	117519 yields/s	7 preempts/s
51000 milliseconds	2651 MB/s	41259 short_reads/s	0 short_writes_echo/s	128 cpu_user_milliseconds	1140 cpu_system_milliseconds	0 minor_page_faults/s	0 major_page_faults/s	121043 yields/s	20 preempts/s
52000 milliseconds	2783 MB/s	46329 short_reads/s	0 short_writes_echo/s	148 cpu_user_milliseconds	1098 cpu_system_milliseconds	0 minor_page_faults/s	0 major_page_faults/s	117005 yields/s	6 preempts/s
53000 milliseconds	2647 MB/s	41164 short_reads/s	0 short_writes_echo/s	135 cpu_user_milliseconds	1150 cpu_system_milliseconds	0 minor_page_faults/s	0 major_page_faults/s	118383 yields/s	40 preempts/s
54000 milliseconds	2721 MB/s	46095 short_reads/s	0 short_writes_echo/s	145 cpu_user_milliseconds	1119 cpu_system_milliseconds	0 minor_page_faults/s	0 major_page_faults/s	117915 yields/s	114 preempts/s
55000 milliseconds	2720 MB/s	44704 short_reads/s	0 short_writes_echo/s	148 cpu_user_milliseconds	1130 cpu_system_milliseconds	0 minor_page_faults/s	0 major_page_faults/s	120358 yields/s	20 preempts/s
56000 milliseconds	2692 MB/s	42271 short_reads/s	0 short_writes_echo/s	127 cpu_user_milliseconds	1153 cpu_system_milliseconds	0 minor_page_faults/s	0 major_page_faults/s	117202 yields/s	3 preempts/s
57000 milliseconds	2766 MB/s	45307 short_reads/s	0 short_writes_echo/s	184 cpu_user_milliseconds	1060 cpu_system_milliseconds	0 minor_page_faults/s	0 major_page_faults/s	114197 yields/s	30 preempts/s
58000 milliseconds	2739 MB/s	44600 short_reads/s	0 short_writes_echo/s	145 cpu_user_milliseconds	1119 cpu_system_milliseconds	0 minor_page_faults/s	0 major_page_faults/s	116954 yields/s	5 preempts/s
59000 milliseconds	2750 MB/s	45351 short_reads/s	0 short_writes_echo/s	143 cpu_user_milliseconds	1113 cpu_system_milliseconds	0 minor_page_faults/s	0 major_page_faults/s	116275 yields/s	75 preempts/s
60000 milliseconds	2661 MB/s	42330 short_reads/s	0 short_writes_echo/s	114 cpu_user_milliseconds	1185 cpu_system_milliseconds	0 minor_page_faults/s	0 major_page_faults/s	121012 yields/s	9 preempts/s
61000 milliseconds	2715 MB/s	43187 short_reads/s	0 short_writes_echo/s	135 cpu_user_milliseconds	1103 cpu_system_milliseconds	0 minor_page_faults/s	0 major_page_faults/s	114237 yields/s	9 preempts/s
62000 milliseconds	2718 MB/s	43165 short_reads/s	0 short_writes_echo/s	149 cpu_user_milliseconds	1104 cpu_system_milliseconds	0 minor_page_faults/s	0 major_page_faults/s	116370 yields/s	19 preempts/s
63000 milliseconds	2742 MB/s	42987 short_reads/s	0 short_writes_echo/s	134 cpu_user_milliseconds	1124 cpu_system_milliseconds	0 minor_page_faults/s	0 major_page_faults/s	116409 yields/s	8 preempts/s
64000 milliseconds	2701 MB/s	43860 short_reads/s	0 short_writes_echo/s	155 cpu_user_milliseconds	1122 cpu_system_milliseconds	0 minor_page_faults/s	0 major_page_faults/s	117715 yields/s	246 preempts/s
65000 milliseconds	2643 MB/s	41024 short_reads/s	0 short_writes_echo/s	135 cpu_user_milliseconds	1161 cpu_system_milliseconds	0 minor_page_faults/s	0 major_page_faults/s	118460 yields/s	6 preempts/s
66000 milliseconds	2770 MB/s	45016 short_reads/s	0 short_writes_echo/s	142 cpu_user_milliseconds	1107 cpu_system_milliseconds	0 minor_page_faults/s	0 major_page_faults/s	114069 yields/s	23 preempts/s
67000 milliseconds	2662 MB/s	41122 short_reads/s	0 short_writes_echo/s	144 cpu_user_milliseconds	1135 cpu_system_milliseconds	0 minor_page_faults/s	0 major_page_faults/s	119133 yields/s	7 preempts/s
68000 milliseconds	2765 MB/s	44990 short_reads/s	0 short_writes_echo/s	168 cpu_user_milliseconds	1089 cpu_system_milliseconds	0 minor_page_faults/s	0 major_page_faults/s	115349 yields/s	12 preempts/s
69000 milliseconds	2736 MB/s	44182 short_reads/s	0 short_writes_echo/s	172 cpu_user_milliseconds	1057 cpu_system_milliseconds	0 minor_page_faults/s	0 major_page_faults/s	111498 yields/s	176 preempts/s
70000 milliseconds	2709 MB/s	42491 short_reads/s	0 short_writes_echo/s	120 cpu_user_milliseconds	1163 cpu_system_milliseconds	0 minor_page_faults/s	0 major_page_faults/s	116681 yields/s	4 preempts/s
71000 milliseconds	2745 MB/s	45043 short_reads/s	0 short_writes_echo/s	167 cpu_user_milliseconds	1092 cpu_system_milliseconds	0 minor_page_faults/s	0 major_page_faults/s	117152 yields/s	15 preempts/s
72000 milliseconds	2733 MB/s	44650 short_reads/s	0 short_writes_echo/s	136 cpu_user_milliseconds	1139 cpu_system_milliseconds	0 minor_page_faults/s	0 major_page_faults/s	117733 yields/s	1 preempts/s
73000 milliseconds	2774 MB/s	47083 short_reads/s	0 short_writes_echo/s	135 cpu_user_milliseconds	1124 cpu_system_milliseconds	0 minor_page_faults/s	0 major_page_faults/s	119469 yields/s	11 preempts/s
74000 milliseconds	2746 MB/s	44148 short_reads/s	0 short_writes_echo/s	129 cpu_user_milliseconds	1104 cpu_system_milliseconds	0 minor_page_faults/s	0 major_page_faults/s	114955 yields/s	75 preempts/s
75001 milliseconds	2695 MB/s	42136 short_reads/s	0 short_writes_echo/s	142 cpu_user_milliseconds	1119 cpu_system_milliseconds	0 minor_page_faults/s	0 major_page_faults/s	117762 yields/s	16 preempts/s
76001 milliseconds	2708 MB/s	42569 short_reads/s	0 short_writes_echo/s	144 cpu_user_milliseconds	1131 cpu_system_milliseconds	0 minor_page_faults/s	0 major_page_faults/s	116057 yields/s	8 preempts/s
77001 milliseconds	2708 MB/s	43667 short_reads/s	0 short_writes_echo/s	165 cpu_user_milliseconds	1097 cpu_system_milliseconds	0 minor_page_faults/s	0 major_page_faults/s	117583 yields/s	47 preempts/s
78001 milliseconds	2789 MB/s	45600 short_reads/s	0 short_writes_echo/s	162 cpu_user_milliseconds	1086 cpu_system_milliseconds	0 minor_page_faults/s	0 major_page_faults/s	114212 yields/s	8 preempts/s
79001 milliseconds	2724 MB/s	44273 short_reads/s	0 short_writes_echo/s	159 cpu_user_milliseconds	1092 cpu_system_milliseconds	0 minor_page_faults/s	0 major_page_faults/s	115157 yields/s	71 preempts/s
80001 milliseconds	2680 MB/s	42063 short_reads/s	0 short_writes_echo/s	150 cpu_user_milliseconds	1144 cpu_system_milliseconds	0 minor_page_faults/s	0 major_page_faults/s	119969 yields/s	2 preempts/s
81001 milliseconds	2762 MB/s	45606 short_reads/s	0 short_writes_echo/s	154 cpu_user_milliseconds	1096 cpu_system_milliseconds	0 minor_page_faults/s	0 major_page_faults/s	115605 yields/s	30 preempts/s
82001 milliseconds	2777 MB/s	46426 short_reads/s	0 short_writes_echo/s	138 cpu_user_milliseconds	1106 cpu_system_milliseconds	0 minor_page_faults/s	0 major_page_faults/s	115888 yields/s	6 preempts/s
83001 milliseconds	2776 MB/s	46800 short_reads/s	0 short_writes_echo/s	151 cpu_user_milliseconds	1096 cpu_system_milliseconds	0 minor_page_faults/s	0 major_page_faults/s	116755 yields/s	14 preempts/s
84001 milliseconds	2709 MB/s	42475 short_reads/s	0 short_writes_echo/s	118 cpu_user_milliseconds	1135 cpu_system_milliseconds	0 minor_page_faults/s	0 major_page_faults/s	117192 yields/s	79 preempts/s
85001 milliseconds	2753 MB/s	45138 short_reads/s	0 short_writes_echo/s	145 cpu_user_milliseconds	1101 cpu_system_milliseconds	0 minor_page_faults/s	0 major_page_faults/s	116236 yields/s	56 preempts/s
86001 milliseconds	2777 MB/s	46362 short_reads/s	0 short_writes_echo/s	169 cpu_user_milliseconds	1065 cpu_system_milliseconds	0 minor_page_faults/s	0 major_page_faults/s	115430 yields/s	183 preempts/s
87001 milliseconds	2676 MB/s	42755 short_reads/s	0 short_writes_echo/s	133 cpu_user_milliseconds	1146 cpu_system_milliseconds	0 minor_page_faults/s	0 major_page_faults/s	119537 yields/s	42 preempts/s
88001 milliseconds	2726 MB/s	44438 short_reads/s	0 short_writes_echo/s	158 cpu_user_milliseconds	1098 cpu_system_milliseconds	0 minor_page_faults/s	0 major_page_faults/s	118932 yields/s	30 preempts/s
89001 milliseconds	2672 MB/s	42686 short_reads/s	0 short_writes_echo/s	137 cpu_user_milliseconds	1148 cpu_system_milliseconds	0 minor_page_faults/s	0 major_page_faults/s	118852 yields/s	118 preempts/s
90001 milliseconds	2723 MB/s	44208 short_reads/s	0 short_writes_echo/s	121 cpu_user_milliseconds	1143 cpu_system_milliseconds	0 minor_page_faults/s	0 major_page_faults/s	121136 yields/s	7 preempts/s
91001 milliseconds	2745 MB/s	44548 short_reads/s	0 short_writes_echo/s	123 cpu_user_milliseconds	1131 cpu_system_milliseconds	0 minor_page_faults/s	0 major_page_faults/s	119275 yields/s	13 preempts/s
92001 milliseconds	2708 MB/s	43146 short_reads/s	0 short_writes_echo/s	119 cpu_user_milliseconds	1143 cpu_system_milliseconds	0 minor_page_faults/s	0 major_page_faults/s	116888 yields/s	5 preempts/s
93001 milliseconds	2712 MB/s	43373 short_reads/s	0 short_writes_echo/s	144 cpu_user_milliseconds	1118 cpu_system_milliseconds	0 minor_page_faults/s	0 major_page_faults/s	116885 yields/s	13 preempts/s
94001 milliseconds	2718 MB/s	44462 short_reads/s	0 short_writes_echo/s	139 cpu_user_milliseconds	1115 cpu_system_milliseconds	0 minor_page_faults/s	0 major_page_faults/s	116519 yields/s	102 preempts/s
95001 milliseconds	2703 MB/s	43472 short_reads/s	0 short_writes_echo/s	126 cpu_user_milliseconds	1148 cpu_system_milliseconds	0 minor_page_faults/s	0 major_page_faults/s	118539 yields/s	22 preempts/s
96001 milliseconds	2727 MB/s	43713 short_reads/s	0 short_writes_echo/s	146 cpu_user_milliseconds	1121 cpu_system_milliseconds	0 minor_page_faults/s	0 major_page_faults/s	116916 yields/s	4 preempts/s
97001 milliseconds	2697 MB/s	44160 short_reads/s	0 short_writes_echo/s	136 cpu_user_milliseconds	1123 cpu_system_milliseconds	0 minor_page_faults/s	0 major_page_faults/s	115356 yields/s	77 preempts/s
98001 milliseconds	2662 MB/s	42647 short_reads/s	0 short_writes_echo/s	157 cpu_user_milliseconds	1116 cpu_system_milliseconds	0 minor_page_faults/s	0 major_page_faults/s	115756 yields/s	13 preempts/s
99001 milliseconds	2675 MB/s	42259 short_reads/s	0 short_writes_echo/s	172 cpu_user_milliseconds	1086 cpu_system_milliseconds	0 minor_page_faults/s	0 major_page_faults/s	117305 yields/s	79 preempts/s
100001 milliseconds	2673 MB/s	42232 short_reads/s	0 short_writes_echo/s	140 cpu_user_milliseconds	1160 cpu_system_milliseconds	0 minor_page_faults/s	0 major_page_faults/s	119603 yields/s	8 preempts/s
101001 milliseconds	2740 MB/s	43493 short_reads/s	0 short_writes_echo/s	137 cpu_user_milliseconds	1119 cpu_system_milliseconds	0 minor_page_faults/s	0 major_page_faults/s	114677 yields/s	10 preempts/s
102001 milliseconds	2784 MB/s	44219 short_reads/s	0 short_writes_echo/s	144 cpu_user_milliseconds	1079 cpu_system_milliseconds	0 minor_page_faults/s	0 major_page_faults/s	111804 yields/s	14 preempts/s
103001 milliseconds	2703 MB/s	42379 short_reads/s	0 short_writes_echo/s	150 cpu_user_milliseconds	1114 cpu_system_milliseconds	0 minor_page_faults/s	0 major_page_faults/s	116735 yields/s	5 preempts/s
104001 milliseconds	2649 MB/s	41660 short_reads/s	0 short_writes_echo/s	127 cpu_user_milliseconds	1169 cpu_system_milliseconds	0 minor_page_faults/s	0 major_page_faults/s	118205 yields/s	80 preempts/s
105001 milliseconds	2732 MB/s	44505 short_reads/s	0 short_writes_echo/s	138 cpu_user_milliseconds	1109 cpu_system_milliseconds	0 minor_page_faults/s	0 major_page_faults/s	117010 yields/s	21 preempts/s
106001 milliseconds	2779 MB/s	45067 short_reads/s	0 short_writes_echo/s	165 cpu_user_milliseconds	1071 cpu_system_milliseconds	0 minor_page_faults/s	0 major_page_faults/s	113328 yields/s	8 preempts/s
107001 milliseconds	2715 MB/s	43595 short_reads/s	0 short_writes_echo/s	132 cpu_user_milliseconds	1139 cpu_system_milliseconds	0 minor_page_faults/s	0 major_page_faults/s	118525 yields/s	15 preempts/s
108001 milliseconds	2702 MB/s	43591 short_reads/s	0 short_writes_echo/s	142 cpu_user_milliseconds	1149 cpu_system_milliseconds	0 minor_page_faults/s	0 major_page_faults/s	119288 yields/s	9 preempts/s
109001 milliseconds	2733 MB/s	45080 short_reads/s	0 short_writes_echo/s	151 cpu_user_milliseconds	1105 cpu_system_milliseconds	0 minor_page_faults/s	0 major_page_faults/s	116235 yields/s	74 preempts/s
110001 milliseconds	2758 MB/s	45965 short_reads/s	0 short_writes_echo/s	133 cpu_user_milliseconds	1120 cpu_system_milliseconds	0 minor_page_faults/s	0 major_page_faults/s	117509 yields/s	19 preempts/s
111001 milliseconds	2725 MB/s	43901 short_reads/s	0 short_writes_echo/s	132 cpu_user_milliseconds	1128 cpu_system_milliseconds	0 minor_page_faults/s	0 major_page_faults/s	118624 yields/s	18 preempts/s
112001 milliseconds	2758 MB/s	45426 short_reads/s	0 short_writes_echo/s	156 cpu_user_milliseconds	1099 cpu_system_milliseconds	0 minor_page_faults/s	0 major_page_faults/s	116754 yields/s	5 preempts/s
113001 milliseconds	2785 MB/s	45624 short_reads/s	0 short_writes_echo/s	117 cpu_user_milliseconds	1109 cpu_system_milliseconds	0 minor_page_faults/s	0 major_page_faults/s	113648 yields/s	4 preempts/s
114001 milliseconds	2711 MB/s	44127 short_reads/s	0 short_writes_echo/s	168 cpu_user_milliseconds	1103 cpu_system_milliseconds	0 minor_page_faults/s	0 major_page_faults/s	116352 yields/s	84 preempts/s
115001 milliseconds	2775 MB/s	45044 short_reads/s	0 short_writes_echo/s	135 cpu_user_milliseconds	1103 cpu_system_milliseconds	0 minor_page_faults/s	0 major_page_faults/s	115291 yields/s	15 preempts/s
116001 milliseconds	2784 MB/s	44939 short_reads/s	0 short_writes_echo/s	140 cpu_user_milliseconds	1108 cpu_system_milliseconds	0 minor_page_faults/s	0 major_page_faults/s	114202 yields/s	5 preempts/s
117001 milliseconds	2661 MB/s	41689 short_reads/s	0 short_writes_echo/s	156 cpu_user_milliseconds	1136 cpu_system_milliseconds	0 minor_page_faults/s	0 major_page_faults/s	118809 yields/s	15 preempts/s
118001 milliseconds	2687 MB/s	43048 short_reads/s	0 short_writes_echo/s	131 cpu_user_milliseconds	1115 cpu_system_milliseconds	0 minor_page_faults/s	0 major_page_faults/s	114536 yields/s	138 preempts/s
119001 milliseconds	2660 MB/s	41762 short_reads/s	0 short_writes_echo/s	138 cpu_user_milliseconds	1140 cpu_system_milliseconds	0 minor_page_faults/s	0 major_page_faults/s	118475 yields/s	71 preempts/s
120001 milliseconds	2735 MB/s	45020 short_reads/s	0 short_writes_echo/s	141 cpu_user_milliseconds	1133 cpu_system_milliseconds	0 minor_page_faults/s	0 major_page_faults/s	118025 yields/s	14 preempts/s
121001 milliseconds	2716 MB/s	43022 short_reads/s	0 short_writes_echo/s	149 cpu_user_milliseconds	1108 cpu_system_milliseconds	0 minor_page_faults/s	0 major_page_faults/s	114695 yields/s	5 preempts/s
122001 milliseconds	2778 MB/s	45473 short_reads/s	0 short_writes_echo/s	156 cpu_user_milliseconds	1086 cpu_system_milliseconds	0 minor_page_faults/s	0 major_page_faults/s	114736 yields/s	9 preempts/s
123001 milliseconds	2690 MB/s	42888 short_reads/s	0 short_writes_echo/s	165 cpu_user_milliseconds	1131 cpu_system_milliseconds	0 minor_page_faults/s	0 major_page_faults/s	119483 yields/s	6 preempts/s
124001 milliseconds	2724 MB/s	44123 short_reads/s	0 short_writes_echo/s	162 cpu_user_milliseconds	1103 cpu_system_milliseconds	0 minor_page_faults/s	0 major_page_faults/s	116370 yields/s	59 preempts/s
125001 milliseconds	2741 MB/s	44054 short_reads/s	0 short_writes_echo/s	140 cpu_user_milliseconds	1104 cpu_system_milliseconds	0 minor_page_faults/s	0 major_page_faults/s	115579 yields/s	23 preempts/s
126001 milliseconds	2702 MB/s	42396 short_reads/s	0 short_writes_echo/s	161 cpu_user_milliseconds	1114 cpu_system_milliseconds	0 minor_page_faults/s	0 major_page_faults/s	117092 yields/s	10 preempts/s
127001 milliseconds	2776 MB/s	44771 short_reads/s	0 short_writes_echo/s	152 cpu_user_milliseconds	1085 cpu_system_milliseconds	0 minor_page_faults/s	0 major_page_faults/s	113454 yields/s	5 preempts/s
128001 milliseconds	2734 MB/s	43479 short_reads/s	0 short_writes_echo/s	127 cpu_user_milliseconds	1137 cpu_system_milliseconds	0 minor_page_faults/s	0 major_page_faults/s	117043 yields/s	6 preempts/s
129001 milliseconds	2687 MB/s	43675 short_reads/s	0 short_writes_echo/s	120 cpu_user_milliseconds	1127 cpu_system_milliseconds	0 minor_page_faults/s	0 major_page_faults/s	118271 yields/s	145 preempts/s
130001 milliseconds	2792 MB/s	45061 short_reads/s	0 short_writes_echo/s	173 cpu_user_milliseconds	1068 cpu_system_milliseconds	0 minor_page_faults/s	0 major_page_faults/s	112678 yields/s	32 preempts/s
131001 milliseconds	2723 MB/s	43150 short_reads/s	0 short_writes_echo/s	119 cpu_user_milliseconds	1116 cpu_system_milliseconds	0 minor_page_faults/s	0 major_page_faults/s	117491 yields/s	8 preempts/s
132001 milliseconds	2743 MB/s	45735 short_reads/s	0 short_writes_echo/s	184 cpu_user_milliseconds	1097 cpu_system_milliseconds	0 minor_page_faults/s	0 major_page_faults/s	119931 yields/s	5 preempts/s
133001 milliseconds	2707 MB/s	42483 short_reads/s	0 short_writes_echo/s	147 cpu_user_milliseconds	1115 cpu_system_milliseconds	0 minor_page_faults/s	0 major_page_faults/s	116514 yields/s	24 preempts/s
134001 milliseconds	2768 MB/s	46971 short_reads/s	0 short_writes_echo/s	152 cpu_user_milliseconds	1090 cpu_system_milliseconds	0 minor_page_faults/s	0 major_page_faults/s	114902 yields/s	78 preempts/s
135001 milliseconds	2790 MB/s	48018 short_reads/s	0 short_writes_echo/s	144 cpu_user_milliseconds	1100 cpu_system_milliseconds	0 minor_page_faults/s	0 major_page_faults/s	117514 yields/s	19 preempts/s
136001 milliseconds	2748 MB/s	44687 short_reads/s	0 short_writes_echo/s	159 cpu_user_milliseconds	1088 cpu_system_milliseconds	0 minor_page_faults/s	0 major_page_faults/s	118290 yields/s	5 preempts/s
137001 milliseconds	2770 MB/s	46477 short_reads/s	0 short_writes_echo/s	148 cpu_user_milliseconds	1122 cpu_system_milliseconds	0 minor_page_faults/s	0 major_page_faults/s	118220 yields/s	13 preempts/s
138001 milliseconds	2775 MB/s	44499 short_reads/s	0 short_writes_echo/s	159 cpu_user_milliseconds	1081 cpu_system_milliseconds	0 minor_page_faults/s	0 major_page_faults/s	114337 yields/s	11 preempts/s
139001 milliseconds	2708 MB/s	42745 short_reads/s	0 short_writes_echo/s	118 cpu_user_milliseconds	1142 cpu_system_milliseconds	0 minor_page_faults/s	0 major_page_faults/s	114020 yields/s	65 preempts/s
140001 milliseconds	2696 MB/s	42782 short_reads/s	0 short_writes_echo/s	159 cpu_user_milliseconds	1114 cpu_system_milliseconds	0 minor_page_faults/s	0 major_page_faults/s	116761 yields/s	4 preempts/s
141001 milliseconds	2736 MB/s	44298 short_reads/s	0 short_writes_echo/s	157 cpu_user_milliseconds	1106 cpu_system_milliseconds	0 minor_page_faults/s	0 major_page_faults/s	116727 yields/s	42 preempts/s
142001 milliseconds	2742 MB/s	44706 short_reads/s	0 short_writes_echo/s	143 cpu_user_milliseconds	1109 cpu_system_milliseconds	0 minor_page_faults/s	0 major_page_faults/s	116505 yields/s	8 preempts/s
143001 milliseconds	2714 MB/s	43839 short_reads/s	0 short_writes_echo/s	121 cpu_user_milliseconds	1137 cpu_system_milliseconds	0 minor_page_faults/s	0 major_page_faults/s	118646 yields/s	4 preempts/s
144001 milliseconds	2745 MB/s	44444 short_reads/s	0 short_writes_echo/s	141 cpu_user_milliseconds	1093 cpu_system_milliseconds	0 minor_page_faults/s	0 major_page_faults/s	112218 yields/s	75 preempts/s
145001 milliseconds	2733 MB/s	44018 short_reads/s	0 short_writes_echo/s	135 cpu_user_milliseconds	1131 cpu_system_milliseconds	0 minor_page_faults/s	0 major_page_faults/s	117887 yields/s	2 preempts/s
146001 milliseconds	2769 MB/s	46061 short_reads/s	0 short_writes_echo/s	128 cpu_user_milliseconds	1119 cpu_system_milliseconds	0 minor_page_faults/s	0 major_page_faults/s	116596 yields/s	6 preempts/s
147001 milliseconds	2716 MB/s	45150 short_reads/s	0 short_writes_echo/s	145 cpu_user_milliseconds	1121 cpu_system_milliseconds	0 minor_page_faults/s	0 major_page_faults/s	118749 yields/s	12 preempts/s
148001 milliseconds	2790 MB/s	47244 short_reads/s	0 short_writes_echo/s	128 cpu_user_milliseconds	1125 cpu_system_milliseconds	0 minor_page_faults/s	0 major_page_faults/s	117040 yields/s	3 preempts/s
149001 milliseconds	2666 MB/s	42774 short_reads/s	0 short_writes_echo/s	135 cpu_user_milliseconds	1146 cpu_system_milliseconds	0 minor_page_faults/s	0 major_page_faults/s	117076 yields/s	66 preempts/s
150001 milliseconds	2696 MB/s	43836 short_reads/s	0 short_writes_echo/s	124 cpu_user_milliseconds	1151 cpu_system_milliseconds	0 minor_page_faults/s	0 major_page_faults/s	119071 yields/s	9 preempts/s
151001 milliseconds	2687 MB/s	43095 short_reads/s	0 short_writes_echo/s	152 cpu_user_milliseconds	1134 cpu_system_milliseconds	0 minor_page_faults/s	0 major_page_faults/s	121361 yields/s	9 preempts/s
152002 milliseconds	2734 MB/s	44999 short_reads/s	0 short_writes_echo/s	162 cpu_user_milliseconds	1097 cpu_system_milliseconds	0 minor_page_faults/s	0 major_page_faults/s	116485 yields/s	32 preempts/s
153002 milliseconds	2706 MB/s	42365 short_reads/s	0 short_writes_echo/s	132 cpu_user_milliseconds	1109 cpu_system_milliseconds	0 minor_page_faults/s	0 major_page_faults/s	114317 yields/s	57 preempts/s
154002 milliseconds	2707 MB/s	42585 short_reads/s	0 short_writes_echo/s	139 cpu_user_milliseconds	1111 cpu_system_milliseconds	0 minor_page_faults/s	0 major_page_faults/s	114229 yields/s	69 preempts/s
155002 milliseconds	2772 MB/s	44721 short_reads/s	0 short_writes_echo/s	152 cpu_user_milliseconds	1090 cpu_system_milliseconds	0 minor_page_faults/s	0 major_page_faults/s	114784 yields/s	6 preempts/s
156002 milliseconds	2775 MB/s	44398 short_reads/s	0 short_writes_echo/s	149 cpu_user_milliseconds	1074 cpu_system_milliseconds	0 minor_page_faults/s	0 major_page_faults/s	113373 yields/s	11 preempts/s
157002 milliseconds	2705 MB/s	44886 short_reads/s	0 short_writes_echo/s	141 cpu_user_milliseconds	1117 cpu_system_milliseconds	0 minor_page_faults/s	0 major_page_faults/s	115142 yields/s	18 preempts/s
158002 milliseconds	2657 MB/s	41472 short_reads/s	0 short_writes_echo/s	170 cpu_user_milliseconds	1098 cpu_system_milliseconds	0 minor_page_faults/s	0 major_page_faults/s	115121 yields/s	3 preempts/s
159002 milliseconds	2688 MB/s	43982 short_reads/s	0 short_writes_echo/s	152 cpu_user_milliseconds	1125 cpu_system_milliseconds	0 minor_page_faults/s	0 major_page_faults/s	119508 yields/s	105 preempts/s
160002 milliseconds	2736 MB/s	44952 short_reads/s	0 short_writes_echo/s	136 cpu_user_milliseconds	1133 cpu_system_milliseconds	0 minor_page_faults/s	0 major_page_faults/s	117666 yields/s	1 preempts/s
161002 milliseconds	2677 MB/s	41605 short_reads/s	0 short_writes_echo/s	155 cpu_user_milliseconds	1129 cpu_system_milliseconds	0 minor_page_faults/s	0 major_page_faults/s	118496 yields/s	9 preempts/s
162002 milliseconds	2792 MB/s	48403 short_reads/s	0 short_writes_echo/s	125 cpu_user_milliseconds	1137 cpu_system_milliseconds	0 minor_page_faults/s	0 major_page_faults/s	121661 yields/s	10 preempts/s
163002 milliseconds	2683 MB/s	42676 short_reads/s	0 short_writes_echo/s	139 cpu_user_milliseconds	1135 cpu_system_milliseconds	0 minor_page_faults/s	0 major_page_faults/s	118217 yields/s	19 preempts/s
164002 milliseconds	2692 MB/s	43152 short_reads/s	0 short_writes_echo/s	156 cpu_user_milliseconds	1116 cpu_system_milliseconds	0 minor_page_faults/s	0 major_page_faults/s	116215 yields/s	76 preempts/s
165002 milliseconds	2717 MB/s	44310 short_reads/s	0 short_writes_echo/s	139 cpu_user_milliseconds	1128 cpu_system_milliseconds	0 minor_page_faults/s	0 major_page_faults/s	118333 yields/s	22 preempts/s
166002 milliseconds	2706 MB/s	43151 short_reads/s	0 short_writes_echo/s	144 cpu_user_milliseconds	1131 cpu_system_milliseconds	0 minor_page_faults/s	0 major_page_faults/s	118369 yields/s	3 preempts/s
167002 milliseconds	2676 MB/s	42429 short_reads/s	0 short_writes_echo/s	140 cpu_user_milliseconds	1160 cpu_system_milliseconds	0 minor_page_faults/s	0 major_page_faults/s	119791 yields/s	4 preempts/s
168002 milliseconds	2691 MB/s	43393 short_reads/s	0 short_writes_echo/s	146 cpu_user_milliseconds	1139 cpu_system_milliseconds	0 minor_page_faults/s	0 major_page_faults/s	119801 yields/s	6 preempts/s
169002 milliseconds	2718 MB/s	44277 short_reads/s	0 short_writes_echo/s	125 cpu_user_milliseconds	1127 cpu_system_milliseconds	0 minor_page_faults/s	0 major_page_faults/s	115627 yields/s	84 preempts/s
170002 milliseconds	2654 MB/s	40981 short_reads/s	0 short_writes_echo/s	143 cpu_user_milliseconds	1163 cpu_system_milliseconds	0 minor_page_faults/s	0 major_page_faults/s	118821 yields/s	6 preempts/s
171002 milliseconds	2728 MB/s	44784 short_reads/s	0 short_writes_echo/s	138 cpu_user_milliseconds	1139 cpu_system_milliseconds	0 minor_page_faults/s	0 major_page_faults/s	120353 yields/s	3 preempts/s
172002 milliseconds	2690 MB/s	42153 short_reads/s	0 short_writes_echo/s	150 cpu_user_milliseconds	1137 cpu_system_milliseconds	0 minor_page_faults/s	0 major_page_faults/s	117604 yields/s	3 preempts/s
173002 milliseconds	2698 MB/s	42951 short_reads/s	0 short_writes_echo/s	128 cpu_user_milliseconds	1149 cpu_system_milliseconds	0 minor_page_faults/s	0 major_page_faults/s	117794 yields/s	8 preempts/s
174002 milliseconds	2679 MB/s	42653 short_reads/s	0 short_writes_echo/s	138 cpu_user_milliseconds	1129 cpu_system_milliseconds	0 minor_page_faults/s	0 major_page_faults/s	116426 yields/s	80 preempts/s
175002 milliseconds	2763 MB/s	46347 short_reads/s	0 short_writes_echo/s	138 cpu_user_milliseconds	1121 cpu_system_milliseconds	0 minor_page_faults/s	0 major_page_faults/s	118704 yields/s	3 preempts/s
176002 milliseconds	2688 MB/s	43049 short_reads/s	0 short_writes_echo/s	146 cpu_user_milliseconds	1138 cpu_system_milliseconds	0 minor_page_faults/s	0 major_page_faults/s	120089 yields/s	15 preempts/s
177002 milliseconds	2696 MB/s	42756 short_reads/s	0 short_writes_echo/s	123 cpu_user_milliseconds	1143 cpu_system_milliseconds	0 minor_page_faults/s	0 major_page_faults/s	119329 yields/s	64 preempts/s
178002 milliseconds	2766 MB/s	45176 short_reads/s	0 short_writes_echo/s	142 cpu_user_milliseconds	1105 cpu_system_milliseconds	0 minor_page_faults/s	0 major_page_faults/s	115316 yields/s	23 preempts/s
179002 milliseconds	2768 MB/s	45153 short_reads/s	0 short_writes_echo/s	140 cpu_user_milliseconds	1099 cpu_system_milliseconds	0 minor_page_faults/s	0 major_page_faults/s	114629 yields/s	152 preempts/s
180002 milliseconds	2671 MB/s	42236 short_reads/s	0 short_writes_echo/s	119 cpu_user_milliseconds	1153 cpu_system_milliseconds	0 minor_page_faults/s	0 major_page_faults/s	116522 yields/s	19 preempts/s
181002 milliseconds	2747 MB/s	43228 short_reads/s	0 short_writes_echo/s	147 cpu_user_milliseconds	1084 cpu_system_milliseconds	0 minor_page_faults/s	0 major_page_faults/s	111020 yields/s	35 preempts/s
182002 milliseconds	2662 MB/s	41332 short_reads/s	0 short_writes_echo/s	160 cpu_user_milliseconds	1134 cpu_system_milliseconds	0 minor_page_faults/s	0 major_page_faults/s	118910 yields/s	3 preempts/s
183002 milliseconds	2736 MB/s	43969 short_reads/s	0 short_writes_echo/s	142 cpu_user_milliseconds	1103 cpu_system_milliseconds	0 minor_page_faults/s	0 major_page_faults/s	116448 yields/s	28 preempts/s
184002 milliseconds	2666 MB/s	41421 short_reads/s	0 short_writes_echo/s	140 cpu_user_milliseconds	1138 cpu_system_milliseconds	0 minor_page_faults/s	0 major_page_faults/s	117105 yields/s	145 preempts/s
185002 milliseconds	2720 MB/s	42813 short_reads/s	0 short_writes_echo/s	154 cpu_user_milliseconds	1115 cpu_system_milliseconds	0 minor_page_faults/s	0 major_page_faults/s	115376 yields/s	18 preempts/s
186002 milliseconds	2655 MB/s	40752 short_reads/s	0 short_writes_echo/s	126 cpu_user_milliseconds	1151 cpu_system_milliseconds	0 minor_page_faults/s	0 major_page_faults/s	121845 yields/s	28 preempts/s
187002 milliseconds	2691 MB/s	42629 short_reads/s	0 short_writes_echo/s	135 cpu_user_milliseconds	1142 cpu_system_milliseconds	0 minor_page_faults/s	0 major_page_faults/s	118615 yields/s	20 preempts/s
188002 milliseconds	2729 MB/s	46349 short_reads/s	0 short_writes_echo/s	134 cpu_user_milliseconds	1125 cpu_system_milliseconds	0 minor_page_faults/s	0 major_page_faults/s	119469 yields/s	23 preempts/s
189002 milliseconds	2751 MB/s	45750 short_reads/s	0 short_writes_echo/s	135 cpu_user_milliseconds	1111 cpu_system_milliseconds	0 minor_page_faults/s	0 major_page_faults/s	115574 yields/s	140 preempts/s
190002 milliseconds	2676 MB/s	41591 short_reads/s	0 short_writes_echo/s	119 cpu_user_milliseconds	1155 cpu_system_milliseconds	0 minor_page_faults/s	0 major_page_faults/s	121297 yields/s	3 preempts/s
191002 milliseconds	2771 MB/s	46986 short_reads/s	0 short_writes_echo/s	147 cpu_user_milliseconds	1119 cpu_system_milliseconds	0 minor_page_faults/s	0 major_page_faults/s	119264 yields/s	4 preempts/s
192002 milliseconds	2729 MB/s	43311 short_reads/s	0 short_writes_echo/s	153 cpu_user_milliseconds	1103 cpu_system_milliseconds	0 minor_page_faults/s	0 major_page_faults/s	114835 yields/s	5 preempts/s
193002 milliseconds	2682 MB/s	41509 short_reads/s	0 short_writes_echo/s	143 cpu_user_milliseconds	1146 cpu_system_milliseconds	0 minor_page_faults/s	0 major_page_faults/s	118107 yields/s	2 preempts/s
194002 milliseconds	2748 MB/s	44779 short_reads/s	0 short_writes_echo/s	149 cpu_user_milliseconds	1106 cpu_system_milliseconds	0 minor_page_faults/s	0 major_page_faults/s	114725 yields/s	77 preempts/s
195002 milliseconds	2708 MB/s	44370 short_reads/s	0 short_writes_echo/s	163 cpu_user_milliseconds	1136 cpu_system_milliseconds	0 minor_page_faults/s	0 major_page_faults/s	120704 yields/s	1 preempts/s
196002 milliseconds	2710 MB/s	44059 short_reads/s	0 short_writes_echo/s	137 cpu_user_milliseconds	1134 cpu_system_milliseconds	0 minor_page_faults/s	0 major_page_faults/s	118685 yields/s	2 preempts/s
197002 milliseconds	2810 MB/s	45299 short_reads/s	0 short_writes_echo/s	164 cpu_user_milliseconds	1057 cpu_system_milliseconds	0 minor_page_faults/s	0 major_page_faults/s	110779 yields/s	24 preempts/s
198002 milliseconds	2737 MB/s	44954 short_reads/s	0 short_writes_echo/s	142 cpu_user_milliseconds	1132 cpu_system_milliseconds	0 minor_page_faults/s	0 major_page_faults/s	120848 yields/s	6 preempts/s
199002 milliseconds	2733 MB/s	43725 short_reads/s	0 short_writes_echo/s	150 cpu_user_milliseconds	1088 cpu_system_milliseconds	0 minor_page_faults/s	0 major_page_faults/s	114070 yields/s	286 preempts/s
200002 milliseconds	2700 MB/s	42451 short_reads/s	0 short_writes_echo/s	136 cpu_user_milliseconds	1142 cpu_system_milliseconds	0 minor_page_faults/s	0 major_page_faults/s	116916 yields/s	3 preempts/s
201002 milliseconds	2695 MB/s	43060 short_reads/s	0 short_writes_echo/s	152 cpu_user_milliseconds	1126 cpu_system_milliseconds	0 minor_page_faults/s	0 major_page_faults/s	117426 yields/s	28 preempts/s
202002 milliseconds	2720 MB/s	43801 short_reads/s	0 short_writes_echo/s	164 cpu_user_milliseconds	1097 cpu_system_milliseconds	0 minor_page_faults/s	0 major_page_faults/s	115466 yields/s	5 preempts/s
203002 milliseconds	2730 MB/s	45023 short_reads/s	0 short_writes_echo/s	151 cpu_user_milliseconds	1114 cpu_system_milliseconds	0 minor_page_faults/s	0 major_page_faults/s	117165 yields/s	19 preempts/s
204002 milliseconds	2703 MB/s	43260 short_reads/s	0 short_writes_echo/s	148 cpu_user_milliseconds	1111 cpu_system_milliseconds	0 minor_page_faults/s	0 major_page_faults/s	115976 yields/s	75 preempts/s
205002 milliseconds	2695 MB/s	43370 short_reads/s	0 short_writes_echo/s	146 cpu_user_milliseconds	1126 cpu_system_milliseconds	0 minor_page_faults/s	0 major_page_faults/s	117490 yields/s	17 preempts/s
206002 milliseconds	2747 MB/s	44990 short_reads/s	0 short_writes_echo/s	148 cpu_user_milliseconds	1105 cpu_system_milliseconds	0 minor_page_faults/s	0 major_page_faults/s	115780 yields/s	53 preempts/s
207002 milliseconds	2688 MB/s	43687 short_reads/s	0 short_writes_echo/s	163 cpu_user_milliseconds	1083 cpu_system_milliseconds	0 minor_page_faults/s	0 major_page_faults/s	115745 yields/s	413 preempts/s
208002 milliseconds	2749 MB/s	45121 short_reads/s	0 short_writes_echo/s	126 cpu_user_milliseconds	1125 cpu_system_milliseconds	0 minor_page_faults/s	0 major_page_faults/s	117025 yields/s	16 preempts/s
209002 milliseconds	2679 MB/s	42809 short_reads/s	0 short_writes_echo/s	144 cpu_user_milliseconds	1125 cpu_system_milliseconds	0 minor_page_faults/s	0 major_page_faults/s	117199 yields/s	108 preempts/s
210002 milliseconds	2677 MB/s	42340 short_reads/s	0 short_writes_echo/s	138 cpu_user_milliseconds	1151 cpu_system_milliseconds	0 minor_page_faults/s	0 major_page_faults/s	119352 yields/s	3 preempts/s
211002 milliseconds	2773 MB/s	44504 short_reads/s	0 short_writes_echo/s	139 cpu_user_milliseconds	1105 cpu_system_milliseconds	0 minor_page_faults/s	0 major_page_faults/s	113094 yields/s	14 preempts/s
212002 milliseconds	2692 MB/s	42040 short_reads/s	0 short_writes_echo/s	151 cpu_user_milliseconds	1133 cpu_system_milliseconds	0 minor_page_faults/s	0 major_page_faults/s	117536 yields/s	11 preempts/s
213002 milliseconds	2735 MB/s	45328 short_reads/s	0 short_writes_echo/s	126 cpu_user_milliseconds	1147 cpu_system_milliseconds	0 minor_page_faults/s	0 major_page_faults/s	120287 yields/s	20 preempts/s
214002 milliseconds	2644 MB/s	41272 short_reads/s	0 short_writes_echo/s	142 cpu_user_milliseconds	1139 cpu_system_milliseconds	0 minor_page_faults/s	0 major_page_faults/s	117564 yields/s	131 preempts/s
215002 milliseconds	2743 MB/s	44281 short_reads/s	0 short_writes_echo/s	151 cpu_user_milliseconds	1109 cpu_system_milliseconds	0 minor_page_faults/s	0 major_page_faults/s	116559 yields/s	6 preempts/s
216002 milliseconds	2767 MB/s	44524 short_reads/s	0 short_writes_echo/s	133 cpu_user_milliseconds	1092 cpu_system_milliseconds	0 minor_page_faults/s	0 major_page_faults/s	113056 yields/s	20 preempts/s
217002 milliseconds	2644 MB/s	41523 short_reads/s	0 short_writes_echo/s	143 cpu_user_milliseconds	1132 cpu_system_milliseconds	0 minor_page_faults/s	0 major_page_faults/s	115142 yields/s	6 preempts/s
218002 milliseconds	2576 MB/s	39556 short_reads/s	0 short_writes_echo/s	125 cpu_user_milliseconds	1148 cpu_system_milliseconds	0 minor_page_faults/s	0 major_page_faults/s	118414 yields/s	49 preempts/s
219002 milliseconds	2727 MB/s	44615 short_reads/s	0 short_writes_echo/s	145 cpu_user_milliseconds	1101 cpu_system_milliseconds	0 minor_page_faults/s	0 major_page_faults/s	114030 yields/s	73 preempts/s
220002 milliseconds	2726 MB/s	43712 short_reads/s	0 short_writes_echo/s	143 cpu_user_milliseconds	1118 cpu_system_milliseconds	0 minor_page_faults/s	0 major_page_faults/s	116844 yields/s	8 preempts/s
221002 milliseconds	2763 MB/s	44544 short_reads/s	0 short_writes_echo/s	127 cpu_user_milliseconds	1123 cpu_system_milliseconds	0 minor_page_faults/s	0 major_page_faults/s	114122 yields/s	5 preempts/s
222002 milliseconds	2708 MB/s	43679 short_reads/s	0 short_writes_echo/s	144 cpu_user_milliseconds	1125 cpu_system_milliseconds	0 minor_page_faults/s	0 major_page_faults/s	118535 yields/s	35 preempts/s
223002 milliseconds	2672 MB/s	42021 short_reads/s	0 short_writes_echo/s	142 cpu_user_milliseconds	1138 cpu_system_milliseconds	0 minor_page_faults/s	0 major_page_faults/s	120015 yields/s	14 preempts/s
224002 milliseconds	2679 MB/s	42560 short_reads/s	0 short_writes_echo/s	148 cpu_user_milliseconds	1122 cpu_system_milliseconds	0 minor_page_faults/s	0 major_page_faults/s	116857 yields/s	71 preempts/s
225002 milliseconds	2639 MB/s	40662 short_reads/s	0 short_writes_echo/s	129 cpu_user_milliseconds	1172 cpu_system_milliseconds	0 minor_page_faults/s	0 major_page_faults/s	120278 yields/s	10 preempts/s
226002 milliseconds	2636 MB/s	40589 short_reads/s	0 short_writes_echo/s	154 cpu_user_milliseconds	1128 cpu_system_milliseconds	0 minor_page_faults/s	0 major_page_faults/s	119491 yields/s	16 preempts/s
227002 milliseconds	2771 MB/s	46333 short_reads/s	0 short_writes_echo/s	133 cpu_user_milliseconds	1116 cpu_system_milliseconds	0 minor_page_faults/s	0 major_page_faults/s	115972 yields/s	13 preempts/s
228002 milliseconds	2824 MB/s	47615 short_reads/s	0 short_writes_echo/s	160 cpu_user_milliseconds	1077 cpu_system_milliseconds	0 minor_page_faults/s	0 major_page_faults/s	114938 yields/s	6 preempts/s
229003 milliseconds	2751 MB/s	44571 short_reads/s	0 short_writes_echo/s	151 cpu_user_milliseconds	1084 cpu_system_milliseconds	0 minor_page_faults/s	0 major_page_faults/s	113432 yields/s	72 preempts/s
230003 milliseconds	2738 MB/s	43228 short_reads/s	0 short_writes_echo/s	153 cpu_user_milliseconds	1110 cpu_system_milliseconds	0 minor_page_faults/s	0 major_page_faults/s	114720 yields/s	3 preempts/s
231003 milliseconds	2712 MB/s	42694 short_reads/s	0 short_writes_echo/s	156 cpu_user_milliseconds	1116 cpu_system_milliseconds	0 minor_page_faults/s	0 major_page_faults/s	116310 yields/s	13 preempts/s
232003 milliseconds	2664 MB/s	41634 short_reads/s	0 short_writes_echo/s	143 cpu_user_milliseconds	1130 cpu_system_milliseconds	0 minor_page_faults/s	0 major_page_faults/s	118403 yields/s	9 preempts/s
233003 milliseconds	2811 MB/s	45584 short_reads/s	0 short_writes_echo/s	139 cpu_user_milliseconds	1082 cpu_system_milliseconds	0 minor_page_faults/s	0 major_page_faults/s	110916 yields/s	11 preempts/s
234003 milliseconds	2727 MB/s	44103 short_reads/s	0 short_writes_echo/s	135 cpu_user_milliseconds	1107 cpu_system_milliseconds	0 minor_page_faults/s	0 major_page_faults/s	114706 yields/s	46 preempts/s
235003 milliseconds	2709 MB/s	43185 short_reads/s	0 short_writes_echo/s	137 cpu_user_milliseconds	1132 cpu_system_milliseconds	0 minor_page_faults/s	0 major_page_faults/s	118679 yields/s	11 preempts/s
236003 milliseconds	2737 MB/s	44090 short_reads/s	0 short_writes_echo/s	119 cpu_user_milliseconds	1134 cpu_system_milliseconds	0 minor_page_faults/s	0 major_page_faults/s	117578 yields/s	36 preempts/s
237003 milliseconds	2704 MB/s	42481 short_reads/s	0 short_writes_echo/s	126 cpu_user_milliseconds	1151 cpu_system_milliseconds	0 minor_page_faults/s	0 major_page_faults/s	117491 yields/s	6 preempts/s
238003 milliseconds	2719 MB/s	42780 short_reads/s	0 short_writes_echo/s	140 cpu_user_milliseconds	1127 cpu_system_milliseconds	0 minor_page_faults/s	0 major_page_faults/s	115534 yields/s	11 preempts/s
239003 milliseconds	2659 MB/s	42171 short_reads/s	0 short_writes_echo/s	120 cpu_user_milliseconds	1134 cpu_system_milliseconds	0 minor_page_faults/s	0 major_page_faults/s	118215 yields/s	180 preempts/s
240003 milliseconds	2652 MB/s	42719 short_reads/s	0 short_writes_echo/s	152 cpu_user_milliseconds	1131 cpu_system_milliseconds	0 minor_page_faults/s	0 major_page_faults/s	117441 yields/s	16 preempts/s
