1000 milliseconds	1474 MB/s	0 short_reads/s	0 short_writes_echo/s	174 cpu_user_milliseconds	1179 cpu_system_milliseconds	175 minor_page_faults/s	0 major_page_faults/s	144033 yields/s	28 preempts/s
2000 milliseconds	1389 MB/s	0 short_reads/s	0 short_writes_echo/s	154 cpu_user_milliseconds	1223 cpu_system_milliseconds	3 minor_page_faults/s	0 major_page_faults/s	135707 yields/s	49 preempts/s
3000 milliseconds	1472 MB/s	0 short_reads/s	0 short_writes_echo/s	172 cpu_user_milliseconds	1173 cpu_system_milliseconds	0 minor_page_faults/s	0 major_page_faults/s	144151 yields/s	74 preempts/s
4000 milliseconds	1417 MB/s	0 short_reads/s	0 short_writes_echo/s	155 cpu_user_milliseconds	1224 cpu_system_milliseconds	0 minor_page_faults/s	0 major_page_faults/s	138499 yields/s	11 preempts/s
5000 milliseconds	1426 MB/s	0 short_reads/s	0 short_writes_echo/s	160 cpu_user_milliseconds	1212 cpu_system_milliseconds	0 minor_page_faults/s	0 major_page_faults/s	139284 yields/s	6 preempts/s
6000 milliseconds	1373 MB/s	0 short_reads/s	0 short_writes_echo/s	135 cpu_user_milliseconds	1252 cpu_system_milliseconds	0 minor_page_faults/s	0 major_page_faults/s	134185 yields/s	29 preempts/s
7000 milliseconds	1353 MB/s	0 short_reads/s	0 short_writes_echo/s	154 cpu_user_milliseconds	1245 cpu_system_milliseconds	0 minor_page_faults/s	0 major_page_faults/s	132201 yields/s	24 preempts/s
8000 milliseconds	1398 MB/s	0 short_reads/s	0 short_writes_echo/s	190 cpu_user_milliseconds	1171 cpu_system_milliseconds	0 minor_page_faults/s	0 major_page_faults/s	136093 yields/s	1195 preempts/s
9000 milliseconds	1478 MB/s	0 short_reads/s	0 short_writes_echo/s	154 cpu_user_milliseconds	1201 cpu_system_milliseconds	0 minor_page_faults/s	0 major_page_faults/s	144414 yields/s	17 preempts/s
10000 milliseconds	1428 MB/s	0 short_reads/s	0 short_writes_echo/s	156 cpu_user_milliseconds	1219 cpu_system_milliseconds	0 minor_page_faults/s	0 major_page_faults/s	139657 yields/s	11 preempts/s
11000 milliseconds	1477 MB/s	0 short_reads/s	0 short_writes_echo/s	183 cpu_user_milliseconds	1178 cpu_system_milliseconds	0 minor_page_faults/s	0 major_page_faults/s	144487 yields/s	11 preempts/s
12000 milliseconds	1393 MB/s	0 short_reads/s	0 short_writes_echo/s	172 cpu_user_milliseconds	1210 cpu_system_milliseconds	0 minor_page_faults/s	0 major_page_faults/s	136139 yields/s	7 preempts/s
13000 milliseconds	1439 MB/s	0 short_reads/s	0 short_writes_echo/s	172 cpu_user_milliseconds	1185 cpu_system_milliseconds	0 minor_page_faults/s	0 major_page_faults/s	140357 yields/s	784 preempts/s
14000 milliseconds	1415 MB/s	0 short_reads/s	0 short_writes_echo/s	161 cpu_user_milliseconds	1201 cpu_system_milliseconds	0 minor_page_faults/s	0 major_page_faults/s	138524 yields/s	39 preempts/s
15000 milliseconds	1440 MB/s	0 short_reads/s	0 short_writes_echo/s	189 cpu_user_milliseconds	1183 cpu_system_milliseconds	0 minor_page_faults/s	0 major_page_faults/s	140739 yields/s	29 preempts/s
16000 milliseconds	1460 MB/s	0 short_reads/s	0 short_writes_echo/s	194 cpu_user_milliseconds	1161 cpu_system_milliseconds	0 minor_page_faults/s	0 major_page_faults/s	142559 yields/s	138 preempts/s
17000 milliseconds	1393 MB/s	0 short_reads/s	0 short_writes_echo/s	165 cpu_user_milliseconds	1222 cpu_system_milliseconds	0 minor_page_faults/s	0 major_page_faults/s	136079 yields/s	14 preempts/s
18000 milliseconds	1395 MB/s	0 short_reads/s	0 short_writes_echo/s	146 cpu_user_milliseconds	1221 cpu_system_milliseconds	0 minor_page_faults/s	0 major_page_faults/s	136395 yields/s	214 preempts/s
19000 milliseconds	1376 MB/s	0 short_reads/s	0 short_writes_echo/s	164 cpu_user_milliseconds	1227 cpu_system_milliseconds	0 minor_page_faults/s	0 major_page_faults/s	134459 yields/s	15 preempts/s
20000 milliseconds	1439 MB/s	0 short_reads/s	0 short_writes_echo/s	182 cpu_user_milliseconds	1183 cpu_system_milliseconds	0 minor_page_faults/s	0 major_page_faults/s	140599 yields/s	18 preempts/s
21000 milliseconds	1452 MB/s	0 short_reads/s	0 short_writes_echo/s	177 cpu_user_milliseconds	1180 cpu_system_milliseconds	0 minor_page_faults/s	0 major_page_faults/s	141925 yields/s	16 preempts/s
22000 milliseconds	1474 MB/s	0 short_reads/s	0 short_writes_echo/s	183 cpu_user_milliseconds	1168 cpu_system_milliseconds	0 minor_page_faults/s	0 major_page_faults/s	144080 yields/s	24 preempts/s
23000 milliseconds	1443 MB/s	0 short_reads/s	0 short_writes_echo/s	170 cpu_user_milliseconds	1191 cpu_system_milliseconds	0 minor_page_faults/s	0 major_page_faults/s	141165 yields/s	69 preempts/s
24000 milliseconds	1447 MB/s	0 short_reads/s	0 short_writes_echo/s	183 cpu_user_milliseconds	1187 cpu_system_milliseconds	0 minor_page_faults/s	0 major_page_faults/s	141380 yields/s	18 preempts/s
25000 milliseconds	1494 MB/s	0 short_reads/s	0 short_writes_echo/s	185 cpu_user_milliseconds	1163 cpu_system_milliseconds	0 minor_page_faults/s	0 major_page_faults/s	145989 yields/s	20 preempts/s
26000 milliseconds	1379 MB/s	0 short_reads/s	0 short_writes_echo/s	151 cpu_user_milliseconds	1241 cpu_system_milliseconds	0 minor_page_faults/s	0 major_page_faults/s	134747 yields/s	22 preempts/s
27000 milliseconds	1488 MB/s	0 short_reads/s	0 short_writes_echo/s	170 cpu_user_milliseconds	1177 cpu_system_milliseconds	0 minor_page_faults/s	0 major_page_faults/s	145368 yields/s	19 preempts/s
28000 milliseconds	1451 MB/s	0 short_reads/s	0 short_writes_echo/s	167 cpu_user_milliseconds	1183 cpu_system_milliseconds	0 minor_page_faults/s	0 major_page_faults/s	141285 yields/s	1050 preempts/s
29000 milliseconds	1409 MB/s	0 short_reads/s	0 short_writes_echo/s	159 cpu_user_milliseconds	1219 cpu_system_milliseconds	0 minor_page_faults/s	0 major_page_faults/s	137690 yields/s	11 preempts/s
30000 milliseconds	1417 MB/s	0 short_reads/s	0 short_writes_echo/s	154 cpu_user_milliseconds	1222 cpu_system_milliseconds	0 minor_page_faults/s	0 major_page_faults/s	138505 yields/s	48 preempts/s
31000 milliseconds	1448 MB/s	0 short_reads/s	0 short_writes_echo/s	158 cpu_user_milliseconds	1211 cpu_system_milliseconds	0 minor_page_faults/s	0 major_page_faults/s	141449 yields/s	4 preempts/s
32000 milliseconds	1453 MB/s	0 short_reads/s	0 short_writes_echo/s	174 cpu_user_milliseconds	1193 cpu_system_milliseconds	0 minor_page_faults/s	0 major_page_faults/s	142013 yields/s	14 preempts/s
33000 milliseconds	1378 MB/s	0 short_reads/s	0 short_writes_echo/s	153 cpu_user_milliseconds	1224 cpu_system_milliseconds	0 minor_page_faults/s	0 major_page_faults/s	134503 yields/s	341 preempts/s
34000 milliseconds	1447 MB/s	0 short_reads/s	0 short_writes_echo/s	197 cpu_user_milliseconds	1162 cpu_system_milliseconds	0 minor_page_faults/s	0 major_page_faults/s	141373 yields/s	49 preempts/s
35000 milliseconds	1449 MB/s	0 short_reads/s	0 short_writes_echo/s	161 cpu_user_milliseconds	1201 cpu_system_milliseconds	0 minor_page_faults/s	0 major_page_faults/s	141612 yields/s	13 preempts/s
36000 milliseconds	1425 MB/s	0 short_reads/s	0 short_writes_echo/s	140 cpu_user_milliseconds	1239 cpu_system_milliseconds	0 minor_page_faults/s	0 major_page_faults/s	139310 yields/s	20 preempts/s
37000 milliseconds	1387 MB/s	0 short_reads/s	0 short_writes_echo/s	163 cpu_user_milliseconds	1227 cpu_system_milliseconds	0 minor_page_faults/s	0 major_page_faults/s	135673 yields/s	6 preempts/s
38000 milliseconds	1420 MB/s	0 short_reads/s	0 short_writes_echo/s	175 cpu_user_milliseconds	1189 cpu_system_milliseconds	0 minor_page_faults/s	0 major_page_faults/s	138880 yields/s	143 preempts/s
39000 milliseconds	1492 MB/s	0 short_reads/s	0 short_writes_echo/s	174 cpu_user_milliseconds	1174 cpu_system_milliseconds	0 minor_page_faults/s	0 major_page_faults/s	145715 yields/s	23 preempts/s
40000 milliseconds	1398 MB/s	0 short_reads/s	0 short_writes_echo/s	164 cpu_user_milliseconds	1202 cpu_system_milliseconds	0 minor_page_faults/s	0 major_page_faults/s	136772 yields/s	76 preempts/s
41000 milliseconds	1475 MB/s	0 short_reads/s	0 short_writes_echo/s	183 cpu_user_milliseconds	1144 cpu_system_milliseconds	0 minor_page_faults/s	0 major_page_faults/s	144094 yields/s	1010 preempts/s
42000 milliseconds	1492 MB/s	0 short_reads/s	0 short_writes_echo/s	172 cpu_user_milliseconds	1179 cpu_system_milliseconds	0 minor_page_faults/s	0 major_page_faults/s	145876 yields/s	14 preempts/s
43000 milliseconds	1438 MB/s	0 short_reads/s	0 short_writes_echo/s	158 cpu_user_milliseconds	1207 cpu_system_milliseconds	0 minor_page_faults/s	0 major_page_faults/s	140724 yields/s	97 preempts/s
44000 milliseconds	1478 MB/s	0 short_reads/s	0 short_writes_echo/s	159 cpu_user_milliseconds	1189 cpu_system_milliseconds	0 minor_page_faults/s	0 major_page_faults/s	144444 yields/s	34 preempts/s
45000 milliseconds	1404 MB/s	0 short_reads/s	0 short_writes_echo/s	158 cpu_user_milliseconds	1225 cpu_system_milliseconds	0 minor_page_faults/s	0 major_page_faults/s	137203 yields/s	11 preempts/s
46000 milliseconds	1467 MB/s	0 short_reads/s	0 short_writes_echo/s	197 cpu_user_milliseconds	1156 cpu_system_milliseconds	0 minor_page_faults/s	0 major_page_faults/s	143370 yields/s	35 preempts/s
47000 milliseconds	1430 MB/s	0 short_reads/s	0 short_writes_echo/s	173 cpu_user_milliseconds	1202 cpu_system_milliseconds	0 minor_page_faults/s	0 major_page_faults/s	139733 yields/s	6 preempts/s
48000 milliseconds	1501 MB/s	0 short_reads/s	0 short_writes_echo/s	170 cpu_user_milliseconds	1162 cpu_system_milliseconds	0 minor_page_faults/s	0 major_page_faults/s	146768 yields/s	110 preempts/s
49000 milliseconds	1411 MB/s	0 short_reads/s	0 short_writes_echo/s	119 cpu_user_milliseconds	1260 cpu_system_milliseconds	0 minor_page_faults/s	0 major_page_faults/s	138009 yields/s	16 preempts/s
50000 milliseconds	1408 MB/s	0 short_reads/s	0 short_writes_echo/s	152 cpu_user_milliseconds	1227 cpu_system_milliseconds	0 minor_page_faults/s	0 major_page_faults/s	137657 yields/s	16 preempts/s
51000 milliseconds	1396 MB/s	0 short_reads/s	0 short_writes_echo/s	182 cpu_user_milliseconds	1182 cpu_system_milliseconds	0 minor_page_faults/s	0 major_page_faults/s	136814 yields/s	19 preempts/s
52000 milliseconds	1444 MB/s	0 short_reads/s	0 short_writes_echo/s	176 cpu_user_milliseconds	1192 cpu_system_milliseconds	0 minor_page_faults/s	0 major_page_faults/s	141182 yields/s	36 preempts/s
53000 milliseconds	1409 MB/s	0 short_reads/s	0 short_writes_echo/s	186 cpu_user_milliseconds	1186 cpu_system_milliseconds	0 minor_page_faults/s	0 major_page_faults/s	137476 yields/s	767 preempts/s
54000 milliseconds	1425 MB/s	0 short_reads/s	0 short_writes_echo/s	143 cpu_user_milliseconds	1240 cpu_system_milliseconds	0 minor_page_faults/s	0 major_page_faults/s	139335 yields/s	3 preempts/s
55000 milliseconds	1394 MB/s	0 short_reads/s	0 short_writes_echo/s	161 cpu_user_milliseconds	1228 cpu_system_milliseconds	0 minor_page_faults/s	0 major_page_faults/s	136267 yields/s	12 preempts/s
56000 milliseconds	1428 MB/s	0 short_reads/s	0 short_writes_echo/s	155 cpu_user_milliseconds	1216 cpu_system_milliseconds	0 minor_page_faults/s	0 major_page_faults/s	139531 yields/s	37 preempts/s
57000 milliseconds	1456 MB/s	0 short_reads/s	0 short_writes_echo/s	162 cpu_user_milliseconds	1202 cpu_system_milliseconds	0 minor_page_faults/s	0 major_page_faults/s	142252 yields/s	21 preempts/s
58000 milliseconds	1434 MB/s	0 short_reads/s	0 short_writes_echo/s	185 cpu_user_milliseconds	1165 cpu_system_milliseconds	0 minor_page_faults/s	0 major_page_faults/s	140068 yields/s	307 preempts/s
59000 milliseconds	1417 MB/s	0 short_reads/s	0 short_writes_echo/s	163 cpu_user_milliseconds	1210 cpu_system_milliseconds	0 minor_page_faults/s	0 major_page_faults/s	138474 yields/s	19 preempts/s
60000 milliseconds	1473 MB/s	0 short_reads/s	0 short_writes_echo/s	187 cpu_user_milliseconds	1165 cpu_system_milliseconds	0 minor_page_faults/s	0 major_page_faults/s	143885 yields/s	16 preempts/s
61000 milliseconds	1457 MB/s	0 short_reads/s	0 short_writes_echo/s	171 cpu_user_milliseconds	1190 cpu_system_milliseconds	0 minor_page_faults/s	0 major_page_faults/s	142405 yields/s	6 preempts/s
62000 milliseconds	1454 MB/s	0 short_reads/s	0 short_writes_echo/s	150 cpu_user_milliseconds	1209 cpu_system_milliseconds	0 minor_page_faults/s	0 major_page_faults/s	142031 yields/s	46 preempts/s
63000 milliseconds	1492 MB/s	0 short_reads/s	0 short_writes_echo/s	186 cpu_user_milliseconds	1156 cpu_system_milliseconds	0 minor_page_faults/s	0 major_page_faults/s	145736 yields/s	268 preempts/s
64000 milliseconds	1486 MB/s	0 short_reads/s	0 short_writes_echo/s	177 cpu_user_milliseconds	1172 cpu_system_milliseconds	0 minor_page_faults/s	0 major_page_faults/s	145107 yields/s	27 preempts/s
65000 milliseconds	1451 MB/s	0 short_reads/s	0 short_writes_echo/s	173 cpu_user_milliseconds	1192 cpu_system_milliseconds	0 minor_page_faults/s	0 major_page_faults/s	141787 yields/s	6 preempts/s
66000 milliseconds	1448 MB/s	0 short_reads/s	0 short_writes_echo/s	172 cpu_user_milliseconds	1200 cpu_system_milliseconds	0 minor_page_faults/s	0 major_page_faults/s	141550 yields/s	7 preempts/s
67000 milliseconds	1406 MB/s	0 short_reads/s	0 short_writes_echo/s	163 cpu_user_milliseconds	1217 cpu_system_milliseconds	0 minor_page_faults/s	0 major_page_faults/s	137441 yields/s	8 preempts/s
68000 milliseconds	1451 MB/s	0 short_reads/s	0 short_writes_echo/s	189 cpu_user_milliseconds	1157 cpu_system_milliseconds	0 minor_page_faults/s	0 major_page_faults/s	141163 yields/s	1113 preempts/s
69000 milliseconds	1489 MB/s	0 short_reads/s	0 short_writes_echo/s	181 cpu_user_milliseconds	1169 cpu_system_milliseconds	0 minor_page_faults/s	0 major_page_faults/s	145441 yields/s	20 preempts/s
70000 milliseconds	1452 MB/s	0 short_reads/s	0 short_writes_echo/s	187 cpu_user_milliseconds	1173 cpu_system_milliseconds	0 minor_page_faults/s	0 major_page_faults/s	141956 yields/s	12 preempts/s
71000 milliseconds	1446 MB/s	0 short_reads/s	0 short_writes_echo/s	186 cpu_user_milliseconds	1183 cpu_system_milliseconds	0 minor_page_faults/s	0 major_page_faults/s	141334 yields/s	8 preempts/s
72000 milliseconds	1437 MB/s	0 short_reads/s	0 short_writes_echo/s	130 cpu_user_milliseconds	1249 cpu_system_milliseconds	0 minor_page_faults/s	0 major_page_faults/s	140482 yields/s	9 preempts/s
73000 milliseconds	1442 MB/s	0 short_reads/s	0 short_writes_echo/s	187 cpu_user_milliseconds	1176 cpu_system_milliseconds	0 minor_page_faults/s	0 major_page_faults/s	141109 yields/s	193 preempts/s
74000 milliseconds	1398 MB/s	0 short_reads/s	0 short_writes_echo/s	177 cpu_user_milliseconds	1188 cpu_system_milliseconds	0 minor_page_faults/s	0 major_page_faults/s	136881 yields/s	13 preempts/s
75000 milliseconds	1457 MB/s	0 short_reads/s	0 short_writes_echo/s	189 cpu_user_milliseconds	1169 cpu_system_milliseconds	0 minor_page_faults/s	0 major_page_faults/s	142323 yields/s	8 preempts/s
76000 milliseconds	1469 MB/s	0 short_reads/s	0 short_writes_echo/s	174 cpu_user_milliseconds	1181 cpu_system_milliseconds	0 minor_page_faults/s	0 major_page_faults/s	143679 yields/s	20 preempts/s
77000 milliseconds	1476 MB/s	0 short_reads/s	0 short_writes_echo/s	188 cpu_user_milliseconds	1164 cpu_system_milliseconds	0 minor_page_faults/s	0 major_page_faults/s	143903 yields/s	517 preempts/s
78000 milliseconds	1369 MB/s	0 short_reads/s	0 short_writes_echo/s	148 cpu_user_milliseconds	1239 cpu_system_milliseconds	0 minor_page_faults/s	0 major_page_faults/s	133927 yields/s	148 preempts/s
79000 milliseconds	1567 MB/s	0 short_reads/s	0 short_writes_echo/s	203 cpu_user_milliseconds	1127 cpu_system_milliseconds	0 minor_page_faults/s	0 major_page_faults/s	153170 yields/s	7 preempts/s
80000 milliseconds	1397 MB/s	0 short_reads/s	0 short_writes_echo/s	142 cpu_user_milliseconds	1234 cpu_system_milliseconds	0 minor_page_faults/s	0 major_page_faults/s	136408 yields/s	194 preempts/s
81000 milliseconds	1471 MB/s	0 short_reads/s	0 short_writes_echo/s	180 cpu_user_milliseconds	1182 cpu_system_milliseconds	0 minor_page_faults/s	0 major_page_faults/s	143761 yields/s	16 preempts/s
82000 milliseconds	1468 MB/s	0 short_reads/s	0 short_writes_echo/s	169 cpu_user_milliseconds	1183 cpu_system_milliseconds	0 minor_page_faults/s	0 major_page_faults/s	143491 yields/s	23 preempts/s
83000 milliseconds	1482 MB/s	0 short_reads/s	0 short_writes_echo/s	175 cpu_user_milliseconds	1171 cpu_system_milliseconds	0 minor_page_faults/s	0 major_page_faults/s	144944 yields/s	111 preempts/s
84000 milliseconds	1433 MB/s	0 short_reads/s	0 short_writes_echo/s	194 cpu_user_milliseconds	1180 cpu_system_milliseconds	0 minor_page_faults/s	0 major_page_faults/s	140020 yields/s	41 preempts/s
85000 milliseconds	1476 MB/s	0 short_reads/s	0 short_writes_echo/s	163 cpu_user_milliseconds	1194 cpu_system_milliseconds	0 minor_page_faults/s	0 major_page_faults/s	144296 yields/s	6 preempts/s
86000 milliseconds	1439 MB/s	0 short_reads/s	0 short_writes_echo/s	169 cpu_user_milliseconds	1201 cpu_system_milliseconds	0 minor_page_faults/s	0 major_page_faults/s	140704 yields/s	5 preempts/s
87000 milliseconds	1459 MB/s	0 short_reads/s	0 short_writes_echo/s	158 cpu_user_milliseconds	1200 cpu_system_milliseconds	0 minor_page_faults/s	0 major_page_faults/s	142518 yields/s	22 preempts/s
88000 milliseconds	1461 MB/s	0 short_reads/s	0 short_writes_echo/s	167 cpu_user_milliseconds	1182 cpu_system_milliseconds	0 minor_page_faults/s	0 major_page_faults/s	142587 yields/s	601 preempts/s
89000 milliseconds	1350 MB/s	0 short_reads/s	0 short_writes_echo/s	165 cpu_user_milliseconds	1240 cpu_system_milliseconds	0 minor_page_faults/s	0 major_page_faults/s	131902 yields/s	19 preempts/s
90000 milliseconds	1395 MB/s	0 short_reads/s	0 short_writes_echo/s	165 cpu_user_milliseconds	1216 cpu_system_milliseconds	0 minor_page_faults/s	0 major_page_faults/s	136428 yields/s	13 preempts/s
91000 milliseconds	1366 MB/s	0 short_reads/s	0 short_writes_echo/s	164 cpu_user_milliseconds	1237 cpu_system_milliseconds	0 minor_page_faults/s	0 major_page_faults/s	133571 yields/s	16 preempts/s
92000 milliseconds	1424 MB/s	0 short_reads/s	0 short_writes_echo/s	172 cpu_user_milliseconds	1198 cpu_system_milliseconds	0 minor_page_faults/s	0 major_page_faults/s	139079 yields/s	100 preempts/s
93000 milliseconds	1414 MB/s	0 short_reads/s	0 short_writes_echo/s	171 cpu_user_milliseconds	1196 cpu_system_milliseconds	0 minor_page_faults/s	0 major_page_faults/s	138130 yields/s	299 preempts/s
94000 milliseconds	1467 MB/s	0 short_reads/s	0 short_writes_echo/s	171 cpu_user_milliseconds	1186 cpu_system_milliseconds	0 minor_page_faults/s	0 major_page_faults/s	143390 yields/s	7 preempts/s
95000 milliseconds	1431 MB/s	0 short_reads/s	0 short_writes_echo/s	173 cpu_user_milliseconds	1205 cpu_system_milliseconds	0 minor_page_faults/s	0 major_page_faults/s	139875 yields/s	8 preempts/s
96000 milliseconds	1454 MB/s	0 short_reads/s	0 short_writes_echo/s	176 cpu_user_milliseconds	1189 cpu_system_milliseconds	0 minor_page_faults/s	0 major_page_faults/s	142103 yields/s	19 preempts/s
97000 milliseconds	1396 MB/s	0 short_reads/s	0 short_writes_echo/s	125 cpu_user_milliseconds	1266 cpu_system_milliseconds	0 minor_page_faults/s	0 major_page_faults/s	136458 yields/s	11 preempts/s
98000 milliseconds	1481 MB/s	0 short_reads/s	0 short_writes_echo/s	171 cpu_user_milliseconds	1169 cpu_system_milliseconds	0 minor_page_faults/s	0 major_page_faults/s	144820 yields/s	291 preempts/s
99000 milliseconds	1474 MB/s	0 short_reads/s	0 short_writes_echo/s	211 cpu_user_milliseconds	1141 cpu_system_milliseconds	0 minor_page_faults/s	0 major_page_faults/s	144031 yields/s	22 preempts/s
100000 milliseconds	1425 MB/s	0 short_reads/s	0 short_writes_echo/s	146 cpu_user_milliseconds	1216 cpu_system_milliseconds	0 minor_page_faults/s	0 major_page_faults/s	139512 yields/s	15 preempts/s
101000 milliseconds	1488 MB/s	0 short_reads/s	0 short_writes_echo/s	175 cpu_user_milliseconds	1176 cpu_system_milliseconds	0 minor_page_faults/s	0 major_page_faults/s	145500 yields/s	4 preempts/s
102000 milliseconds	1470 MB/s	0 short_reads/s	0 short_writes_echo/s	143 cpu_user_milliseconds	1212 cpu_system_milliseconds	0 minor_page_faults/s	0 major_page_faults/s	143642 yields/s	18 preempts/s
103000 milliseconds	1446 MB/s	0 short_reads/s	0 short_writes_echo/s	161 cpu_user_milliseconds	1176 cpu_system_milliseconds	0 minor_page_faults/s	0 major_page_faults/s	140814 yields/s	1466 preempts/s
104000 milliseconds	1435 MB/s	0 short_reads/s	0 short_writes_echo/s	159 cpu_user_milliseconds	1209 cpu_system_milliseconds	0 minor_page_faults/s	0 major_page_faults/s	140265 yields/s	29 preempts/s
105000 milliseconds	1461 MB/s	0 short_reads/s	0 short_writes_echo/s	164 cpu_user_milliseconds	1200 cpu_system_milliseconds	0 minor_page_faults/s	0 major_page_faults/s	142802 yields/s	9 preempts/s
106000 milliseconds	1416 MB/s	0 short_reads/s	0 short_writes_echo/s	153 cpu_user_milliseconds	1229 cpu_system_milliseconds	0 minor_page_faults/s	0 major_page_faults/s	138446 yields/s	11 preempts/s
107000 milliseconds	1399 MB/s	0 short_reads/s	0 short_writes_echo/s	156 cpu_user_milliseconds	1230 cpu_system_milliseconds	0 minor_page_faults/s	0 major_page_faults/s	136767 yields/s	21 preempts/s
108000 milliseconds	1502 MB/s	0 short_reads/s	0 short_writes_echo/s	198 cpu_user_milliseconds	1139 cpu_system_milliseconds	0 minor_page_faults/s	0 major_page_faults/s	146633 yields/s	382 preempts/s
109000 milliseconds	1454 MB/s	0 short_reads/s	0 short_writes_echo/s	164 cpu_user_milliseconds	1199 cpu_system_milliseconds	0 minor_page_faults/s	0 major_page_faults/s	142068 yields/s	22 preempts/s
110000 milliseconds	1438 MB/s	0 short_reads/s	0 short_writes_echo/s	171 cpu_user_milliseconds	1197 cpu_system_milliseconds	0 minor_page_faults/s	0 major_page_faults/s	140611 yields/s	16 preempts/s
111000 milliseconds	1371 MB/s	0 short_reads/s	0 short_writes_echo/s	162 cpu_user_milliseconds	1216 cpu_system_milliseconds	0 minor_page_faults/s	0 major_page_faults/s	134431 yields/s	9 preempts/s
112000 milliseconds	1456 MB/s	0 short_reads/s	0 short_writes_echo/s	187 cpu_user_milliseconds	1183 cpu_system_milliseconds	0 minor_page_faults/s	0 major_page_faults/s	142345 yields/s	8 preempts/s
113000 milliseconds	1426 MB/s	0 short_reads/s	0 short_writes_echo/s	164 cpu_user_milliseconds	1203 cpu_system_milliseconds	0 minor_page_faults/s	0 major_page_faults/s	139716 yields/s	44 preempts/s
114000 milliseconds	1460 MB/s	0 short_reads/s	0 short_writes_echo/s	153 cpu_user_milliseconds	1213 cpu_system_milliseconds	0 minor_page_faults/s	0 major_page_faults/s	142746 yields/s	7 preempts/s
115000 milliseconds	1382 MB/s	0 short_reads/s	0 short_writes_echo/s	193 cpu_user_milliseconds	1209 cpu_system_milliseconds	0 minor_page_faults/s	0 major_page_faults/s	135075 yields/s	7 preempts/s
116000 milliseconds	1448 MB/s	0 short_reads/s	0 short_writes_echo/s	183 cpu_user_milliseconds	1179 cpu_system_milliseconds	0 minor_page_faults/s	0 major_page_faults/s	141540 yields/s	25 preempts/s
117000 milliseconds	1438 MB/s	0 short_reads/s	0 short_writes_echo/s	161 cpu_user_milliseconds	1210 cpu_system_milliseconds	0 minor_page_faults/s	0 major_page_faults/s	140464 yields/s	34 preempts/s
118000 milliseconds	1415 MB/s	0 short_reads/s	0 short_writes_echo/s	141 cpu_user_milliseconds	1228 cpu_system_milliseconds	0 minor_page_faults/s	0 major_page_faults/s	138563 yields/s	187 preempts/s
119000 milliseconds	1539 MB/s	0 short_reads/s	0 short_writes_echo/s	178 cpu_user_milliseconds	1158 cpu_system_milliseconds	0 minor_page_faults/s	0 major_page_faults/s	150346 yields/s	24 preempts/s
120000 milliseconds	1428 MB/s	0 short_reads/s	0 short_writes_echo/s	177 cpu_user_milliseconds	1196 cpu_system_milliseconds	0 minor_page_faults/s	0 major_page_faults/s	139561 yields/s	21 preempts/s
121000 milliseconds	1477 MB/s	0 short_reads/s	0 short_writes_echo/s	193 cpu_user_milliseconds	1160 cpu_system_milliseconds	0 minor_page_faults/s	0 major_page_faults/s	144417 yields/s	20 preempts/s
122000 milliseconds	1490 MB/s	0 short_reads/s	0 short_writes_echo/s	194 cpu_user_milliseconds	1154 cpu_system_milliseconds	0 minor_page_faults/s	0 major_page_faults/s	145549 yields/s	20 preempts/s
123001 milliseconds	1463 MB/s	0 short_reads/s	0 short_writes_echo/s	171 cpu_user_milliseconds	1175 cpu_system_milliseconds	0 minor_page_faults/s	0 major_page_faults/s	142953 yields/s	477 preempts/s
124001 milliseconds	1450 MB/s	0 short_reads/s	0 short_writes_echo/s	193 cpu_user_milliseconds	1171 cpu_system_milliseconds	0 minor_page_faults/s	0 major_page_faults/s	141684 yields/s	5 preempts/s
125001 milliseconds	1413 MB/s	0 short_reads/s	0 short_writes_echo/s	185 cpu_user_milliseconds	1192 cpu_system_milliseconds	0 minor_page_faults/s	0 major_page_faults/s	138068 yields/s	11 preempts/s
126001 milliseconds	1466 MB/s	0 short_reads/s	0 short_writes_echo/s	185 cpu_user_milliseconds	1170 cpu_system_milliseconds	0 minor_page_faults/s	0 major_page_faults/s	143234 yields/s	56 preempts/s
127001 milliseconds	1429 MB/s	0 short_reads/s	0 short_writes_echo/s	166 cpu_user_milliseconds	1210 cpu_system_milliseconds	0 minor_page_faults/s	0 major_page_faults/s	139657 yields/s	26 preempts/s
128001 milliseconds	1482 MB/s	0 short_reads/s	0 short_writes_echo/s	180 cpu_user_milliseconds	1155 cpu_system_milliseconds	0 minor_page_faults/s	0 major_page_faults/s	144568 yields/s	574 preempts/s
129001 milliseconds	1401 MB/s	0 short_reads/s	0 short_writes_echo/s	137 cpu_user_milliseconds	1251 cpu_system_milliseconds	0 minor_page_faults/s	0 major_page_faults/s	136850 yields/s	11 preempts/s
130001 milliseconds	1423 MB/s	0 short_reads/s	0 short_writes_echo/s	158 cpu_user_milliseconds	1210 cpu_system_milliseconds	0 minor_page_faults/s	0 major_page_faults/s	139144 yields/s	24 preempts/s
131001 milliseconds	1497 MB/s	0 short_reads/s	0 short_writes_echo/s	185 cpu_user_milliseconds	1157 cpu_system_milliseconds	0 minor_page_faults/s	0 major_page_faults/s	146406 yields/s	9 preempts/s
132001 milliseconds	1390 MB/s	0 short_reads/s	0 short_writes_echo/s	154 cpu_user_milliseconds	1197 cpu_system_milliseconds	0 minor_page_faults/s	0 major_page_faults/s	135222 yields/s	1418 preempts/s
133001 milliseconds	1479 MB/s	0 short_reads/s	0 short_writes_echo/s	188 cpu_user_milliseconds	1154 cpu_system_milliseconds	0 minor_page_faults/s	0 major_page_faults/s	144576 yields/s	188 preempts/s
134001 milliseconds	1434 MB/s	0 short_reads/s	0 short_writes_echo/s	163 cpu_user_milliseconds	1197 cpu_system_milliseconds	0 minor_page_faults/s	0 major_page_faults/s	140421 yields/s	21 preempts/s
135001 milliseconds	1453 MB/s	0 short_reads/s	0 short_writes_echo/s	164 cpu_user_milliseconds	1201 cpu_system_milliseconds	0 minor_page_faults/s	0 major_page_faults/s	142011 yields/s	32 preempts/s
136001 milliseconds	1492 MB/s	0 short_reads/s	0 short_writes_echo/s	196 cpu_user_milliseconds	1152 cpu_system_milliseconds	0 minor_page_faults/s	0 major_page_faults/s	145807 yields/s	34 preempts/s
137001 milliseconds	1404 MB/s	0 short_reads/s	0 short_writes_echo/s	172 cpu_user_milliseconds	1211 cpu_system_milliseconds	0 minor_page_faults/s	0 major_page_faults/s	137218 yields/s	7 preempts/s
138001 milliseconds	1421 MB/s	0 short_reads/s	0 short_writes_echo/s	160 cpu_user_milliseconds	1206 cpu_system_milliseconds	0 minor_page_faults/s	0 major_page_faults/s	138755 yields/s	345 preempts/s
139001 milliseconds	1444 MB/s	0 short_reads/s	0 short_writes_echo/s	176 cpu_user_milliseconds	1188 cpu_system_milliseconds	0 minor_page_faults/s	0 major_page_faults/s	141089 yields/s	21 preempts/s
140001 milliseconds	1382 MB/s	0 short_reads/s	0 short_writes_echo/s	145 cpu_user_milliseconds	1246 cpu_system_milliseconds	0 minor_page_faults/s	0 major_page_faults/s	135149 yields/s	11 preempts/s
141001 milliseconds	1442 MB/s	0 short_reads/s	0 short_writes_echo/s	187 cpu_user_milliseconds	1180 cpu_system_milliseconds	0 minor_page_faults/s	0 major_page_faults/s	140901 yields/s	31 preempts/s
142001 milliseconds	1482 MB/s	0 short_reads/s	0 short_writes_echo/s	190 cpu_user_milliseconds	1159 cpu_system_milliseconds	0 minor_page_faults/s	0 major_page_faults/s	144860 yields/s	10 preempts/s
143001 milliseconds	1390 MB/s	0 short_reads/s	0 short_writes_echo/s	168 cpu_user_milliseconds	1205 cpu_system_milliseconds	0 minor_page_faults/s	0 major_page_faults/s	135796 yields/s	673 preempts/s
144001 milliseconds	1379 MB/s	0 short_reads/s	0 short_writes_echo/s	167 cpu_user_milliseconds	1221 cpu_system_milliseconds	0 minor_page_faults/s	0 major_page_faults/s	134750 yields/s	28 preempts/s
145001 milliseconds	1410 MB/s	0 short_reads/s	0 short_writes_echo/s	157 cpu_user_milliseconds	1226 cpu_system_milliseconds	0 minor_page_faults/s	0 major_page_faults/s	137865 yields/s	18 preempts/s
146001 milliseconds	1404 MB/s	0 short_reads/s	0 short_writes_echo/s	165 cpu_user_milliseconds	1222 cpu_system_milliseconds	0 minor_page_faults/s	0 major_page_faults/s	137208 yields/s	22 preempts/s
147001 milliseconds	1513 MB/s	0 short_reads/s	0 short_writes_echo/s	197 cpu_user_milliseconds	1147 cpu_system_milliseconds	0 minor_page_faults/s	0 major_page_faults/s	147847 yields/s	9 preempts/s
148001 milliseconds	1429 MB/s	0 short_reads/s	0 short_writes_echo/s	178 cpu_user_milliseconds	1182 cpu_system_milliseconds	0 minor_page_faults/s	0 major_page_faults/s	139446 yields/s	684 preempts/s
149001 milliseconds	1419 MB/s	0 short_reads/s	0 short_writes_echo/s	154 cpu_user_milliseconds	1224 cpu_system_milliseconds	0 minor_page_faults/s	0 major_page_faults/s	138598 yields/s	21 preempts/s
150001 milliseconds	1447 MB/s	0 short_reads/s	0 short_writes_echo/s	140 cpu_user_milliseconds	1226 cpu_system_milliseconds	0 minor_page_faults/s	0 major_page_faults/s	141468 yields/s	27 preempts/s
151001 milliseconds	1429 MB/s	0 short_reads/s	0 short_writes_echo/s	162 cpu_user_milliseconds	1211 cpu_system_milliseconds	0 minor_page_faults/s	0 major_page_faults/s	139592 yields/s	9 preempts/s
152001 milliseconds	1450 MB/s	0 short_reads/s	0 short_writes_echo/s	168 cpu_user_milliseconds	1201 cpu_system_milliseconds	0 minor_page_faults/s	0 major_page_faults/s	141688 yields/s	6 preempts/s
153001 milliseconds	1388 MB/s	0 short_reads/s	0 short_writes_echo/s	158 cpu_user_milliseconds	1216 cpu_system_milliseconds	0 minor_page_faults/s	0 major_page_faults/s	135323 yields/s	667 preempts/s
154001 milliseconds	1423 MB/s	0 short_reads/s	0 short_writes_echo/s	159 cpu_user_milliseconds	1222 cpu_system_milliseconds	0 minor_page_faults/s	0 major_page_faults/s	139012 yields/s	11 preempts/s
155001 milliseconds	1487 MB/s	0 short_reads/s	0 short_writes_echo/s	183 cpu_user_milliseconds	1166 cpu_system_milliseconds	0 minor_page_faults/s	0 major_page_faults/s	145317 yields/s	18 preempts/s
156001 milliseconds	1443 MB/s	0 short_reads/s	0 short_writes_echo/s	167 cpu_user_milliseconds	1200 cpu_system_milliseconds	0 minor_page_faults/s	0 major_page_faults/s	140946 yields/s	46 preempts/s
157001 milliseconds	1427 MB/s	0 short_reads/s	0 short_writes_echo/s	157 cpu_user_milliseconds	1217 cpu_system_milliseconds	0 minor_page_faults/s	0 major_page_faults/s	139510 yields/s	17 preempts/s
158001 milliseconds	1446 MB/s	0 short_reads/s	0 short_writes_echo/s	187 cpu_user_milliseconds	1160 cpu_system_milliseconds	0 minor_page_faults/s	0 major_page_faults/s	141392 yields/s	143 preempts/s
159001 milliseconds	1454 MB/s	0 short_reads/s	0 short_writes_echo/s	191 cpu_user_milliseconds	1174 cpu_system_milliseconds	0 minor_page_faults/s	0 major_page_faults/s	142079 yields/s	30 preempts/s
160001 milliseconds	1433 MB/s	0 short_reads/s	0 short_writes_echo/s	157 cpu_user_milliseconds	1200 cpu_system_milliseconds	0 minor_page_faults/s	0 major_page_faults/s	140312 yields/s	7 preempts/s
161001 milliseconds	1442 MB/s	0 short_reads/s	0 short_writes_echo/s	166 cpu_user_milliseconds	1206 cpu_system_milliseconds	0 minor_page_faults/s	0 major_page_faults/s	140605 yields/s	570 preempts/s
162001 milliseconds	1453 MB/s	0 short_reads/s	0 short_writes_echo/s	175 cpu_user_milliseconds	1180 cpu_system_milliseconds	0 minor_page_faults/s	0 major_page_faults/s	141998 yields/s	28 preempts/s
163001 milliseconds	1428 MB/s	0 short_reads/s	0 short_writes_echo/s	149 cpu_user_milliseconds	1207 cpu_system_milliseconds	0 minor_page_faults/s	0 major_page_faults/s	139259 yields/s	412 preempts/s
164001 milliseconds	1428 MB/s	0 short_reads/s	0 short_writes_echo/s	167 cpu_user_milliseconds	1201 cpu_system_milliseconds	0 minor_page_faults/s	0 major_page_faults/s	139508 yields/s	93 preempts/s
165001 milliseconds	1456 MB/s	0 short_reads/s	0 short_writes_echo/s	176 cpu_user_milliseconds	1184 cpu_system_milliseconds	0 minor_page_faults/s	0 major_page_faults/s	142205 yields/s	20 preempts/s
166001 milliseconds	1507 MB/s	0 short_reads/s	0 short_writes_echo/s	208 cpu_user_milliseconds	1132 cpu_system_milliseconds	0 minor_page_faults/s	0 major_page_faults/s	147237 yields/s	34 preempts/s
167001 milliseconds	1431 MB/s	0 short_reads/s	0 short_writes_echo/s	155 cpu_user_milliseconds	1218 cpu_system_milliseconds	0 minor_page_faults/s	0 major_page_faults/s	139905 yields/s	24 preempts/s
168001 milliseconds	1397 MB/s	0 short_reads/s	0 short_writes_echo/s	158 cpu_user_milliseconds	1208 cpu_system_milliseconds	0 minor_page_faults/s	0 major_page_faults/s	136504 yields/s	427 preempts/s
169001 milliseconds	1482 MB/s	0 short_reads/s	0 short_writes_echo/s	181 cpu_user_milliseconds	1174 cpu_system_milliseconds	0 minor_page_faults/s	0 major_page_faults/s	144792 yields/s	24 preempts/s
170001 milliseconds	1388 MB/s	0 short_reads/s	0 short_writes_echo/s	158 cpu_user_milliseconds	1220 cpu_system_milliseconds	0 minor_page_faults/s	0 major_page_faults/s	135726 yields/s	26 preempts/s
171001 milliseconds	1387 MB/s	0 short_reads/s	0 short_writes_echo/s	172 cpu_user_milliseconds	1201 cpu_system_milliseconds	0 minor_page_faults/s	0 major_page_faults/s	136103 yields/s	29 preempts/s
172001 milliseconds	1428 MB/s	0 short_reads/s	0 short_writes_echo/s	162 cpu_user_milliseconds	1220 cpu_system_milliseconds	0 minor_page_faults/s	0 major_page_faults/s	139532 yields/s	15 preempts/s
173001 milliseconds	1435 MB/s	0 short_reads/s	0 short_writes_echo/s	155 cpu_user_milliseconds	1208 cpu_system_milliseconds	0 minor_page_faults/s	0 major_page_faults/s	140527 yields/s	62 preempts/s
174001 milliseconds	1450 MB/s	0 short_reads/s	0 short_writes_echo/s	180 cpu_user_milliseconds	1178 cpu_system_milliseconds	0 minor_page_faults/s	0 major_page_faults/s	141760 yields/s	18 preempts/s
175001 milliseconds	1411 MB/s	0 short_reads/s	0 short_writes_echo/s	182 cpu_user_milliseconds	1199 cpu_system_milliseconds	0 minor_page_faults/s	0 major_page_faults/s	137898 yields/s	7 preempts/s
176001 milliseconds	1492 MB/s	0 short_reads/s	0 short_writes_echo/s	220 cpu_user_milliseconds	1125 cpu_system_milliseconds	0 minor_page_faults/s	0 major_page_faults/s	145805 yields/s	4 preempts/s
177001 milliseconds	1432 MB/s	0 short_reads/s	0 short_writes_echo/s	167 cpu_user_milliseconds	1196 cpu_system_milliseconds	0 minor_page_faults/s	0 major_page_faults/s	139900 yields/s	21 preempts/s
178001 milliseconds	1472 MB/s	0 short_reads/s	0 short_writes_echo/s	178 cpu_user_milliseconds	1170 cpu_system_milliseconds	0 minor_page_faults/s	0 major_page_faults/s	144125 yields/s	100 preempts/s
179001 milliseconds	1469 MB/s	0 short_reads/s	0 short_writes_echo/s	193 cpu_user_milliseconds	1163 cpu_system_milliseconds	0 minor_page_faults/s	0 major_page_faults/s	143493 yields/s	10 preempts/s
180001 milliseconds	1475 MB/s	0 short_reads/s	0 short_writes_echo/s	176 cpu_user_milliseconds	1180 cpu_system_milliseconds	0 minor_page_faults/s	0 major_page_faults/s	144159 yields/s	20 preempts/s
181001 milliseconds	1451 MB/s	0 short_reads/s	0 short_writes_echo/s	188 cpu_user_milliseconds	1172 cpu_system_milliseconds	0 minor_page_faults/s	0 major_page_faults/s	141676 yields/s	162 preempts/s
182001 milliseconds	1442 MB/s	0 short_reads/s	0 short_writes_echo/s	163 cpu_user_milliseconds	1208 cpu_system_milliseconds	0 minor_page_faults/s	0 major_page_faults/s	140918 yields/s	9 preempts/s
183001 milliseconds	1466 MB/s	0 short_reads/s	0 short_writes_echo/s	197 cpu_user_milliseconds	1153 cpu_system_milliseconds	0 minor_page_faults/s	0 major_page_faults/s	142829 yields/s	938 preempts/s
184001 milliseconds	1418 MB/s	0 short_reads/s	0 short_writes_echo/s	192 cpu_user_milliseconds	1182 cpu_system_milliseconds	0 minor_page_faults/s	0 major_page_faults/s	138410 yields/s	477 preempts/s
185001 milliseconds	1415 MB/s	0 short_reads/s	0 short_writes_echo/s	167 cpu_user_milliseconds	1206 cpu_system_milliseconds	0 minor_page_faults/s	0 major_page_faults/s	138342 yields/s	12 preempts/s
186001 milliseconds	1463 MB/s	0 short_reads/s	0 short_writes_echo/s	181 cpu_user_milliseconds	1175 cpu_system_milliseconds	0 minor_page_faults/s	0 major_page_faults/s	143036 yields/s	13 preempts/s
187001 milliseconds	1416 MB/s	0 short_reads/s	0 short_writes_echo/s	168 cpu_user_milliseconds	1206 cpu_system_milliseconds	0 minor_page_faults/s	0 major_page_faults/s	138344 yields/s	10 preempts/s
188001 milliseconds	1440 MB/s	0 short_reads/s	0 short_writes_echo/s	178 cpu_user_milliseconds	1180 cpu_system_milliseconds	0 minor_page_faults/s	0 major_page_faults/s	140935 yields/s	81 preempts/s
189001 milliseconds	1426 MB/s	0 short_reads/s	0 short_writes_echo/s	138 cpu_user_milliseconds	1238 cpu_system_milliseconds	0 minor_page_faults/s	0 major_page_faults/s	139416 yields/s	20 preempts/s
190001 milliseconds	1452 MB/s	0 short_reads/s	0 short_writes_echo/s	178 cpu_user_milliseconds	1180 cpu_system_milliseconds	0 minor_page_faults/s	0 major_page_faults/s	141854 yields/s	34 preempts/s
191001 milliseconds	1397 MB/s	0 short_reads/s	0 short_writes_echo/s	174 cpu_user_milliseconds	1202 cpu_system_milliseconds	0 minor_page_faults/s	0 major_page_faults/s	136567 yields/s	9 preempts/s
192001 milliseconds	1458 MB/s	0 short_reads/s	0 short_writes_echo/s	158 cpu_user_milliseconds	1204 cpu_system_milliseconds	0 minor_page_faults/s	0 major_page_faults/s	142551 yields/s	18 preempts/s
193001 milliseconds	1392 MB/s	0 short_reads/s	0 short_writes_echo/s	155 cpu_user_milliseconds	1214 cpu_system_milliseconds	0 minor_page_faults/s	0 major_page_faults/s	136037 yields/s	195 preempts/s
194001 milliseconds	1443 MB/s	0 short_reads/s	0 short_writes_echo/s	152 cpu_user_milliseconds	1194 cpu_system_milliseconds	0 minor_page_faults/s	0 major_page_faults/s	141237 yields/s	13 preempts/s
195001 milliseconds	1410 MB/s	0 short_reads/s	0 short_writes_echo/s	185 cpu_user_milliseconds	1198 cpu_system_milliseconds	0 minor_page_faults/s	0 major_page_faults/s	137816 yields/s	23 preempts/s
196001 milliseconds	1400 MB/s	0 short_reads/s	0 short_writes_echo/s	162 cpu_user_milliseconds	1224 cpu_system_milliseconds	0 minor_page_faults/s	0 major_page_faults/s	136855 yields/s	14 preempts/s
197001 milliseconds	1473 MB/s	0 short_reads/s	0 short_writes_echo/s	187 cpu_user_milliseconds	1168 cpu_system_milliseconds	0 minor_page_faults/s	0 major_page_faults/s	143877 yields/s	7 preempts/s
198001 milliseconds	1442 MB/s	0 short_reads/s	0 short_writes_echo/s	190 cpu_user_milliseconds	1161 cpu_system_milliseconds	0 minor_page_faults/s	0 major_page_faults/s	140751 yields/s	302 preempts/s
199001 milliseconds	1461 MB/s	0 short_reads/s	0 short_writes_echo/s	185 cpu_user_milliseconds	1168 cpu_system_milliseconds	0 minor_page_faults/s	0 major_page_faults/s	142778 yields/s	31 preempts/s
200001 milliseconds	1491 MB/s	0 short_reads/s	0 short_writes_echo/s	171 cpu_user_milliseconds	1168 cpu_system_milliseconds	0 minor_page_faults/s	0 major_page_faults/s	145710 yields/s	6 preempts/s
201001 milliseconds	1470 MB/s	0 short_reads/s	0 short_writes_echo/s	170 cpu_user_milliseconds	1186 cpu_system_milliseconds	0 minor_page_faults/s	0 major_page_faults/s	143592 yields/s	24 preempts/s
202001 milliseconds	1457 MB/s	0 short_reads/s	0 short_writes_echo/s	186 cpu_user_milliseconds	1172 cpu_system_milliseconds	0 minor_page_faults/s	0 major_page_faults/s	142370 yields/s	15 preempts/s
203001 milliseconds	1469 MB/s	0 short_reads/s	0 short_writes_echo/s	177 cpu_user_milliseconds	1169 cpu_system_milliseconds	0 minor_page_faults/s	0 major_page_faults/s	143583 yields/s	277 preempts/s
204001 milliseconds	1423 MB/s	0 short_reads/s	0 short_writes_echo/s	169 cpu_user_milliseconds	1206 cpu_system_milliseconds	0 minor_page_faults/s	0 major_page_faults/s	139066 yields/s	23 preempts/s
205001 milliseconds	1372 MB/s	0 short_reads/s	0 short_writes_echo/s	146 cpu_user_milliseconds	1244 cpu_system_milliseconds	0 minor_page_faults/s	0 major_page_faults/s	134009 yields/s	7 preempts/s
206001 milliseconds	1363 MB/s	0 short_reads/s	0 short_writes_echo/s	158 cpu_user_milliseconds	1234 cpu_system_milliseconds	0 minor_page_faults/s	0 major_page_faults/s	133199 yields/s	8 preempts/s
207001 milliseconds	1470 MB/s	0 short_reads/s	0 short_writes_echo/s	193 cpu_user_milliseconds	1162 cpu_system_milliseconds	0 minor_page_faults/s	0 major_page_faults/s	143648 yields/s	22 preempts/s
208001 milliseconds	1463 MB/s	0 short_reads/s	0 short_writes_echo/s	164 cpu_user_milliseconds	1184 cpu_system_milliseconds	0 minor_page_faults/s	0 major_page_faults/s	143214 yields/s	175 preempts/s
209001 milliseconds	1413 MB/s	0 short_reads/s	0 short_writes_echo/s	172 cpu_user_milliseconds	1209 cpu_system_milliseconds	0 minor_page_faults/s	0 major_page_faults/s	137997 yields/s	4 preempts/s
210001 milliseconds	1407 MB/s	0 short_reads/s	0 short_writes_echo/s	175 cpu_user_milliseconds	1209 cpu_system_milliseconds	0 minor_page_faults/s	0 major_page_faults/s	137550 yields/s	16 preempts/s
211001 milliseconds	1420 MB/s	0 short_reads/s	0 short_writes_echo/s	160 cpu_user_milliseconds	1213 cpu_system_milliseconds	0 minor_page_faults/s	0 major_page_faults/s	138747 yields/s	14 preempts/s
212001 milliseconds	1492 MB/s	0 short_reads/s	0 short_writes_echo/s	181 cpu_user_milliseconds	1168 cpu_system_milliseconds	0 minor_page_faults/s	0 major_page_faults/s	145824 yields/s	7 preempts/s
213001 milliseconds	1402 MB/s	0 short_reads/s	0 short_writes_echo/s	160 cpu_user_milliseconds	1208 cpu_system_milliseconds	0 minor_page_faults/s	0 major_page_faults/s	136968 yields/s	126 preempts/s
214001 milliseconds	1392 MB/s	0 short_reads/s	0 short_writes_echo/s	177 cpu_user_milliseconds	1214 cpu_system_milliseconds	0 minor_page_faults/s	0 major_page_faults/s	136051 yields/s	9 preempts/s
215001 milliseconds	1441 MB/s	0 short_reads/s	0 short_writes_echo/s	152 cpu_user_milliseconds	1217 cpu_system_milliseconds	0 minor_page_faults/s	0 major_page_faults/s	140850 yields/s	22 preempts/s
216001 milliseconds	1441 MB/s	0 short_reads/s	0 short_writes_echo/s	184 cpu_user_milliseconds	1180 cpu_system_milliseconds	0 minor_page_faults/s	0 major_page_faults/s	140845 yields/s	16 preempts/s
217001 milliseconds	1452 MB/s	0 short_reads/s	0 short_writes_echo/s	196 cpu_user_milliseconds	1164 cpu_system_milliseconds	0 minor_page_faults/s	0 major_page_faults/s	141907 yields/s	18 preempts/s
218001 milliseconds	1412 MB/s	0 short_reads/s	0 short_writes_echo/s	160 cpu_user_milliseconds	1205 cpu_system_milliseconds	0 minor_page_faults/s	0 major_page_faults/s	138057 yields/s	137 preempts/s
219001 milliseconds	1411 MB/s	0 short_reads/s	0 short_writes_echo/s	145 cpu_user_milliseconds	1229 cpu_system_milliseconds	0 minor_page_faults/s	0 major_page_faults/s	137926 yields/s	21 preempts/s
220001 milliseconds	1414 MB/s	0 short_reads/s	0 short_writes_echo/s	170 cpu_user_milliseconds	1197 cpu_system_milliseconds	0 minor_page_faults/s	0 major_page_faults/s	138440 yields/s	16 preempts/s
221001 milliseconds	1407 MB/s	0 short_reads/s	0 short_writes_echo/s	181 cpu_user_milliseconds	1197 cpu_system_milliseconds	0 minor_page_faults/s	0 major_page_faults/s	137503 yields/s	10 preempts/s
222001 milliseconds	1450 MB/s	0 short_reads/s	0 short_writes_echo/s	172 cpu_user_milliseconds	1197 cpu_system_milliseconds	0 minor_page_faults/s	0 major_page_faults/s	141687 yields/s	14 preempts/s
223001 milliseconds	1481 MB/s	0 short_reads/s	0 short_writes_echo/s	168 cpu_user_milliseconds	1151 cpu_system_milliseconds	0 minor_page_faults/s	0 major_page_faults/s	143842 yields/s	1510 preempts/s
224001 milliseconds	1448 MB/s	0 short_reads/s	0 short_writes_echo/s	172 cpu_user_milliseconds	1195 cpu_system_milliseconds	0 minor_page_faults/s	0 major_page_faults/s	141456 yields/s	9 preempts/s
225001 milliseconds	1400 MB/s	0 short_reads/s	0 short_writes_echo/s	190 cpu_user_milliseconds	1192 cpu_system_milliseconds	0 minor_page_faults/s	0 major_page_faults/s	136865 yields/s	16 preempts/s
226001 milliseconds	1523 MB/s	0 short_reads/s	0 short_writes_echo/s	166 cpu_user_milliseconds	1179 cpu_system_milliseconds	0 minor_page_faults/s	0 major_page_faults/s	148902 yields/s	9 preempts/s
227001 milliseconds	1394 MB/s	0 short_reads/s	0 short_writes_echo/s	149 cpu_user_milliseconds	1232 cpu_system_milliseconds	0 minor_page_faults/s	0 major_page_faults/s	136268 yields/s	13 preempts/s
228001 milliseconds	1381 MB/s	0 short_reads/s	0 short_writes_echo/s	132 cpu_user_milliseconds	1240 cpu_system_milliseconds	0 minor_page_faults/s	0 major_page_faults/s	134751 yields/s	679 preempts/s
229001 milliseconds	1488 MB/s	0 short_reads/s	0 short_writes_echo/s	185 cpu_user_milliseconds	1162 cpu_system_milliseconds	0 minor_page_faults/s	0 major_page_faults/s	145385 yields/s	19 preempts/s
230001 milliseconds	1524 MB/s	0 short_reads/s	0 short_writes_echo/s	215 cpu_user_milliseconds	1120 cpu_system_milliseconds	0 minor_page_faults/s	0 major_page_faults/s	148850 yields/s	47 preempts/s
231001 milliseconds	1385 MB/s	0 short_reads/s	0 short_writes_echo/s	158 cpu_user_milliseconds	1209 cpu_system_milliseconds	0 minor_page_faults/s	0 major_page_faults/s	136278 yields/s	73 preempts/s
232001 milliseconds	1463 MB/s	0 short_reads/s	0 short_writes_echo/s	179 cpu_user_milliseconds	1178 cpu_system_milliseconds	0 minor_page_faults/s	0 major_page_faults/s	142972 yields/s	31 preempts/s
233001 milliseconds	1426 MB/s	0 short_reads/s	0 short_writes_echo/s	182 cpu_user_milliseconds	1179 cpu_system_milliseconds	0 minor_page_faults/s	0 major_page_faults/s	139291 yields/s	383 preempts/s
234001 milliseconds	1470 MB/s	0 short_reads/s	0 short_writes_echo/s	169 cpu_user_milliseconds	1185 cpu_system_milliseconds	0 minor_page_faults/s	0 major_page_faults/s	143662 yields/s	12 preempts/s
235001 milliseconds	1336 MB/s	0 short_reads/s	0 short_writes_echo/s	182 cpu_user_milliseconds	1226 cpu_system_milliseconds	0 minor_page_faults/s	0 major_page_faults/s	130538 yields/s	126 preempts/s
236001 milliseconds	1410 MB/s	0 short_reads/s	0 short_writes_echo/s	153 cpu_user_milliseconds	1234 cpu_system_milliseconds	0 minor_page_faults/s	0 major_page_faults/s	137793 yields/s	6 preempts/s
237001 milliseconds	1442 MB/s	0 short_reads/s	0 short_writes_echo/s	188 cpu_user_milliseconds	1182 cpu_system_milliseconds	0 minor_page_faults/s	0 major_page_faults/s	140943 yields/s	9 preempts/s
238001 milliseconds	1477 MB/s	0 short_reads/s	0 short_writes_echo/s	191 cpu_user_milliseconds	1152 cpu_system_milliseconds	0 minor_page_faults/s	0 major_page_faults/s	143922 yields/s	1041 preempts/s
239001 milliseconds	1474 MB/s	0 short_reads/s	0 short_writes_echo/s	165 cpu_user_milliseconds	1193 cpu_system_milliseconds	0 minor_page_faults/s	0 major_page_faults/s	144057 yields/s	9 preempts/s
240001 milliseconds	1400 MB/s	0 short_reads/s	0 short_writes_echo/s	182 cpu_user_milliseconds	1205 cpu_system_milliseconds	0 minor_page_faults/s	0 major_page_faults/s	136814 yields/s	28 preempts/s
