1000 milliseconds	1628 MB/s	24852 short_reads/s	0 short_writes_echo/s	100 cpu_user_milliseconds	938 cpu_system_milliseconds	172 minor_page_faults/s	0 major_page_faults/s	69217 yields/s	1249 preempts/s
2000 milliseconds	1565 MB/s	23892 short_reads/s	0 short_writes_echo/s	76 cpu_user_milliseconds	938 cpu_system_milliseconds	4 minor_page_faults/s	0 major_page_faults/s	66492 yields/s	1931 preempts/s
3000 milliseconds	1713 MB/s	26148 short_reads/s	0 short_writes_echo/s	98 cpu_user_milliseconds	959 cpu_system_milliseconds	0 minor_page_faults/s	0 major_page_faults/s	71434 yields/s	1806 preempts/s
4000 milliseconds	1604 MB/s	24488 short_reads/s	0 short_writes_echo/s	84 cpu_user_milliseconds	941 cpu_system_milliseconds	0 minor_page_faults/s	0 major_page_faults/s	67166 yields/s	2799 preempts/s
5001 milliseconds	1619 MB/s	24707 short_reads/s	0 short_writes_echo/s	90 cpu_user_milliseconds	936 cpu_system_milliseconds	0 minor_page_faults/s	0 major_page_faults/s	68094 yields/s	1460 preempts/s
6001 milliseconds	1651 MB/s	25202 short_reads/s	0 short_writes_echo/s	107 cpu_user_milliseconds	935 cpu_system_milliseconds	0 minor_page_faults/s	0 major_page_faults/s	70269 yields/s	1438 preempts/s
7001 milliseconds	1642 MB/s	25067 short_reads/s	0 short_writes_echo/s	76 cpu_user_milliseconds	967 cpu_system_milliseconds	0 minor_page_faults/s	0 major_page_faults/s	69148 yields/s	1787 preempts/s
8001 milliseconds	1635 MB/s	24959 short_reads/s	0 short_writes_echo/s	85 cpu_user_milliseconds	948 cpu_system_milliseconds	0 minor_page_faults/s	0 major_page_faults/s	68693 yields/s	1778 preempts/s
9001 milliseconds	1304 MB/s	19905 short_reads/s	0 short_writes_echo/s	65 cpu_user_milliseconds	842 cpu_system_milliseconds	0 minor_page_faults/s	0 major_page_faults/s	50112 yields/s	9084 preempts/s
10001 milliseconds	1394 MB/s	21278 short_reads/s	0 short_writes_echo/s	61 cpu_user_milliseconds	842 cpu_system_milliseconds	0 minor_page_faults/s	0 major_page_faults/s	43929 yields/s	19484 preempts/s
11001 milliseconds	1376 MB/s	21028 short_reads/s	0 short_writes_echo/s	69 cpu_user_milliseconds	831 cpu_system_milliseconds	0 minor_page_faults/s	0 major_page_faults/s	44308 yields/s	18307 preempts/s
12001 milliseconds	1310 MB/s	20006 short_reads/s	0 short_writes_echo/s	52 cpu_user_milliseconds	809 cpu_system_milliseconds	0 minor_page_faults/s	0 major_page_faults/s	41653 yields/s	17934 preempts/s
13001 milliseconds	1365 MB/s	20832 short_reads/s	0 short_writes_echo/s	69 cpu_user_milliseconds	832 cpu_system_milliseconds	0 minor_page_faults/s	0 major_page_faults/s	46663 yields/s	15562 preempts/s
14002 milliseconds	1246 MB/s	19025 short_reads/s	0 short_writes_echo/s	60 cpu_user_milliseconds	771 cpu_system_milliseconds	0 minor_page_faults/s	0 major_page_faults/s	41448 yields/s	15488 preempts/s
15002 milliseconds	1620 MB/s	24729 short_reads/s	0 short_writes_echo/s	99 cpu_user_milliseconds	927 cpu_system_milliseconds	0 minor_page_faults/s	0 major_page_faults/s	67667 yields/s	2223 preempts/s
16002 milliseconds	1463 MB/s	22326 short_reads/s	0 short_writes_echo/s	76 cpu_user_milliseconds	896 cpu_system_milliseconds	0 minor_page_faults/s	0 major_page_faults/s	60410 yields/s	4446 preempts/s
17002 milliseconds	1469 MB/s	22418 short_reads/s	0 short_writes_echo/s	80 cpu_user_milliseconds	892 cpu_system_milliseconds	0 minor_page_faults/s	0 major_page_faults/s	59503 yields/s	5422 preempts/s
18002 milliseconds	1527 MB/s	23303 short_reads/s	0 short_writes_echo/s	69 cpu_user_milliseconds	911 cpu_system_milliseconds	0 minor_page_faults/s	0 major_page_faults/s	59351 yields/s	7408 preempts/s
19002 milliseconds	1609 MB/s	24553 short_reads/s	0 short_writes_echo/s	90 cpu_user_milliseconds	935 cpu_system_milliseconds	0 minor_page_faults/s	0 major_page_faults/s	67261 yields/s	3277 preempts/s
20002 milliseconds	1578 MB/s	24080 short_reads/s	0 short_writes_echo/s	85 cpu_user_milliseconds	938 cpu_system_milliseconds	0 minor_page_faults/s	0 major_page_faults/s	66895 yields/s	2159 preempts/s
21002 milliseconds	1661 MB/s	25357 short_reads/s	0 short_writes_echo/s	98 cpu_user_milliseconds	953 cpu_system_milliseconds	0 minor_page_faults/s	0 major_page_faults/s	69616 yields/s	2029 preempts/s
22002 milliseconds	1396 MB/s	21318 short_reads/s	0 short_writes_echo/s	73 cpu_user_milliseconds	813 cpu_system_milliseconds	0 minor_page_faults/s	0 major_page_faults/s	48271 yields/s	13765 preempts/s
23002 milliseconds	1531 MB/s	23364 short_reads/s	0 short_writes_echo/s	81 cpu_user_milliseconds	898 cpu_system_milliseconds	0 minor_page_faults/s	0 major_page_faults/s	61963 yields/s	5132 preempts/s
24002 milliseconds	1540 MB/s	23502 short_reads/s	0 short_writes_echo/s	85 cpu_user_milliseconds	913 cpu_system_milliseconds	0 minor_page_faults/s	0 major_page_faults/s	62197 yields/s	5348 preempts/s
25002 milliseconds	1587 MB/s	24221 short_reads/s	0 short_writes_echo/s	81 cpu_user_milliseconds	949 cpu_system_milliseconds	0 minor_page_faults/s	0 major_page_faults/s	66581 yields/s	2401 preempts/s
26003 milliseconds	1304 MB/s	19903 short_reads/s	0 short_writes_echo/s	66 cpu_user_milliseconds	792 cpu_system_milliseconds	0 minor_page_faults/s	0 major_page_faults/s	42181 yields/s	16941 preempts/s
27003 milliseconds	1297 MB/s	19810 short_reads/s	0 short_writes_echo/s	59 cpu_user_milliseconds	789 cpu_system_milliseconds	0 minor_page_faults/s	0 major_page_faults/s	43106 yields/s	14802 preempts/s
28003 milliseconds	1286 MB/s	19632 short_reads/s	0 short_writes_echo/s	77 cpu_user_milliseconds	790 cpu_system_milliseconds	0 minor_page_faults/s	0 major_page_faults/s	49133 yields/s	8500 preempts/s
29003 milliseconds	1591 MB/s	24291 short_reads/s	0 short_writes_echo/s	85 cpu_user_milliseconds	926 cpu_system_milliseconds	0 minor_page_faults/s	0 major_page_faults/s	66091 yields/s	2851 preempts/s
30003 milliseconds	1606 MB/s	24510 short_reads/s	0 short_writes_echo/s	86 cpu_user_milliseconds	939 cpu_system_milliseconds	0 minor_page_faults/s	0 major_page_faults/s	67504 yields/s	1984 preempts/s
31003 milliseconds	1683 MB/s	25681 short_reads/s	0 short_writes_echo/s	83 cpu_user_milliseconds	979 cpu_system_milliseconds	0 minor_page_faults/s	0 major_page_faults/s	71117 yields/s	1807 preempts/s
32003 milliseconds	1364 MB/s	20824 short_reads/s	0 short_writes_echo/s	87 cpu_user_milliseconds	816 cpu_system_milliseconds	0 minor_page_faults/s	0 major_page_faults/s	48565 yields/s	12886 preempts/s
33003 milliseconds	1603 MB/s	24466 short_reads/s	0 short_writes_echo/s	96 cpu_user_milliseconds	939 cpu_system_milliseconds	0 minor_page_faults/s	0 major_page_faults/s	68274 yields/s	1487 preempts/s
34003 milliseconds	1625 MB/s	24807 short_reads/s	0 short_writes_echo/s	83 cpu_user_milliseconds	949 cpu_system_milliseconds	0 minor_page_faults/s	0 major_page_faults/s	67534 yields/s	2592 preempts/s
35004 milliseconds	1611 MB/s	24590 short_reads/s	0 short_writes_echo/s	87 cpu_user_milliseconds	956 cpu_system_milliseconds	0 minor_page_faults/s	0 major_page_faults/s	67941 yields/s	2414 preempts/s
36004 milliseconds	1603 MB/s	24465 short_reads/s	0 short_writes_echo/s	82 cpu_user_milliseconds	952 cpu_system_milliseconds	0 minor_page_faults/s	0 major_page_faults/s	67870 yields/s	1950 preempts/s
37004 milliseconds	1762 MB/s	26888 short_reads/s	0 short_writes_echo/s	81 cpu_user_milliseconds	995 cpu_system_milliseconds	0 minor_page_faults/s	0 major_page_faults/s	73162 yields/s	2313 preempts/s
38004 milliseconds	1563 MB/s	23863 short_reads/s	0 short_writes_echo/s	72 cpu_user_milliseconds	941 cpu_system_milliseconds	0 minor_page_faults/s	0 major_page_faults/s	66184 yields/s	1569 preempts/s
39004 milliseconds	1338 MB/s	20420 short_reads/s	0 short_writes_echo/s	64 cpu_user_milliseconds	824 cpu_system_milliseconds	0 minor_page_faults/s	0 major_page_faults/s	41201 yields/s	20323 preempts/s
40004 milliseconds	1314 MB/s	20050 short_reads/s	0 short_writes_echo/s	58 cpu_user_milliseconds	804 cpu_system_milliseconds	0 minor_page_faults/s	0 major_page_faults/s	38176 yields/s	22071 preempts/s
41004 milliseconds	1388 MB/s	21192 short_reads/s	0 short_writes_echo/s	73 cpu_user_milliseconds	832 cpu_system_milliseconds	0 minor_page_faults/s	0 major_page_faults/s	39066 yields/s	24579 preempts/s
42004 milliseconds	1307 MB/s	19945 short_reads/s	0 short_writes_echo/s	65 cpu_user_milliseconds	816 cpu_system_milliseconds	0 minor_page_faults/s	0 major_page_faults/s	47003 yields/s	12188 preempts/s
43004 milliseconds	1343 MB/s	20494 short_reads/s	0 short_writes_echo/s	54 cpu_user_milliseconds	837 cpu_system_milliseconds	0 minor_page_faults/s	0 major_page_faults/s	45116 yields/s	16223 preempts/s
44004 milliseconds	1301 MB/s	19853 short_reads/s	0 short_writes_echo/s	72 cpu_user_milliseconds	806 cpu_system_milliseconds	0 minor_page_faults/s	0 major_page_faults/s	47702 yields/s	11028 preempts/s
45004 milliseconds	1589 MB/s	24258 short_reads/s	0 short_writes_echo/s	95 cpu_user_milliseconds	935 cpu_system_milliseconds	0 minor_page_faults/s	0 major_page_faults/s	68459 yields/s	1447 preempts/s
46005 milliseconds	1660 MB/s	25332 short_reads/s	0 short_writes_echo/s	85 cpu_user_milliseconds	963 cpu_system_milliseconds	0 minor_page_faults/s	0 major_page_faults/s	70746 yields/s	1156 preempts/s
47005 milliseconds	1666 MB/s	25433 short_reads/s	0 short_writes_echo/s	67 cpu_user_milliseconds	979 cpu_system_milliseconds	0 minor_page_faults/s	0 major_page_faults/s	70785 yields/s	1143 preempts/s
48005 milliseconds	1569 MB/s	23951 short_reads/s	0 short_writes_echo/s	79 cpu_user_milliseconds	937 cpu_system_milliseconds	0 minor_page_faults/s	0 major_page_faults/s	66551 yields/s	2144 preempts/s
49005 milliseconds	1565 MB/s	23880 short_reads/s	0 short_writes_echo/s	81 cpu_user_milliseconds	927 cpu_system_milliseconds	0 minor_page_faults/s	0 major_page_faults/s	63822 yields/s	4680 preempts/s
50005 milliseconds	1602 MB/s	24456 short_reads/s	0 short_writes_echo/s	89 cpu_user_milliseconds	936 cpu_system_milliseconds	0 minor_page_faults/s	0 major_page_faults/s	66483 yields/s	3271 preempts/s
51005 milliseconds	1666 MB/s	25431 short_reads/s	0 short_writes_echo/s	85 cpu_user_milliseconds	977 cpu_system_milliseconds	0 minor_page_faults/s	0 major_page_faults/s	70387 yields/s	1980 preempts/s
52005 milliseconds	1656 MB/s	25281 short_reads/s	0 short_writes_echo/s	83 cpu_user_milliseconds	968 cpu_system_milliseconds	0 minor_page_faults/s	0 major_page_faults/s	70141 yields/s	1596 preempts/s
53005 milliseconds	1587 MB/s	24222 short_reads/s	0 short_writes_echo/s	87 cpu_user_milliseconds	935 cpu_system_milliseconds	0 minor_page_faults/s	0 major_page_faults/s	66747 yields/s	2053 preempts/s
54005 milliseconds	1337 MB/s	20422 short_reads/s	0 short_writes_echo/s	71 cpu_user_milliseconds	780 cpu_system_milliseconds	0 minor_page_faults/s	0 major_page_faults/s	43272 yields/s	16597 preempts/s
55005 milliseconds	1629 MB/s	24868 short_reads/s	0 short_writes_echo/s	96 cpu_user_milliseconds	930 cpu_system_milliseconds	0 minor_page_faults/s	0 major_page_faults/s	66552 yields/s	4022 preempts/s
56005 milliseconds	1567 MB/s	23921 short_reads/s	0 short_writes_echo/s	94 cpu_user_milliseconds	923 cpu_system_milliseconds	0 minor_page_faults/s	0 major_page_faults/s	66341 yields/s	2264 preempts/s
57005 milliseconds	1698 MB/s	25921 short_reads/s	0 short_writes_echo/s	80 cpu_user_milliseconds	992 cpu_system_milliseconds	0 minor_page_faults/s	0 major_page_faults/s	72432 yields/s	1282 preempts/s
58005 milliseconds	1546 MB/s	23593 short_reads/s	0 short_writes_echo/s	79 cpu_user_milliseconds	913 cpu_system_milliseconds	0 minor_page_faults/s	0 major_page_faults/s	63008 yields/s	4394 preempts/s
59005 milliseconds	1298 MB/s	19810 short_reads/s	0 short_writes_echo/s	61 cpu_user_milliseconds	787 cpu_system_milliseconds	0 minor_page_faults/s	0 major_page_faults/s	44079 yields/s	14136 preempts/s
60005 milliseconds	1528 MB/s	23323 short_reads/s	0 short_writes_echo/s	93 cpu_user_milliseconds	905 cpu_system_milliseconds	0 minor_page_faults/s	0 major_page_faults/s	62300 yields/s	5198 preempts/s
61006 milliseconds	1603 MB/s	24472 short_reads/s	0 short_writes_echo/s	96 cpu_user_milliseconds	928 cpu_system_milliseconds	0 minor_page_faults/s	0 major_page_faults/s	67358 yields/s	2634 preempts/s
62006 milliseconds	1599 MB/s	24404 short_reads/s	0 short_writes_echo/s	89 cpu_user_milliseconds	946 cpu_system_milliseconds	0 minor_page_faults/s	0 major_page_faults/s	67718 yields/s	2299 preempts/s
63006 milliseconds	1599 MB/s	24413 short_reads/s	0 short_writes_echo/s	75 cpu_user_milliseconds	938 cpu_system_milliseconds	0 minor_page_faults/s	0 major_page_faults/s	66185 yields/s	2427 preempts/s
64006 milliseconds	1617 MB/s	24685 short_reads/s	0 short_writes_echo/s	88 cpu_user_milliseconds	939 cpu_system_milliseconds	0 minor_page_faults/s	0 major_page_faults/s	66868 yields/s	3314 preempts/s
65006 milliseconds	1598 MB/s	24385 short_reads/s	0 short_writes_echo/s	84 cpu_user_milliseconds	948 cpu_system_milliseconds	0 minor_page_faults/s	0 major_page_faults/s	65996 yields/s	3655 preempts/s
66006 milliseconds	1636 MB/s	24978 short_reads/s	0 short_writes_echo/s	72 cpu_user_milliseconds	966 cpu_system_milliseconds	0 minor_page_faults/s	0 major_page_faults/s	68411 yields/s	2164 preempts/s
67006 milliseconds	1651 MB/s	25202 short_reads/s	0 short_writes_echo/s	91 cpu_user_milliseconds	958 cpu_system_milliseconds	0 minor_page_faults/s	0 major_page_faults/s	70392 yields/s	1344 preempts/s
68006 milliseconds	1571 MB/s	23977 short_reads/s	0 short_writes_echo/s	86 cpu_user_milliseconds	926 cpu_system_milliseconds	0 minor_page_faults/s	0 major_page_faults/s	66155 yields/s	2280 preempts/s
69006 milliseconds	1634 MB/s	24935 short_reads/s	0 short_writes_echo/s	90 cpu_user_milliseconds	946 cpu_system_milliseconds	0 minor_page_faults/s	0 major_page_faults/s	69087 yields/s	1435 preempts/s
70006 milliseconds	1448 MB/s	22094 short_reads/s	0 short_writes_echo/s	75 cpu_user_milliseconds	877 cpu_system_milliseconds	0 minor_page_faults/s	0 major_page_faults/s	52356 yields/s	12914 preempts/s
71006 milliseconds	1651 MB/s	25198 short_reads/s	0 short_writes_echo/s	97 cpu_user_milliseconds	951 cpu_system_milliseconds	0 minor_page_faults/s	0 major_page_faults/s	69954 yields/s	1965 preempts/s
72006 milliseconds	1589 MB/s	24258 short_reads/s	0 short_writes_echo/s	87 cpu_user_milliseconds	931 cpu_system_milliseconds	0 minor_page_faults/s	0 major_page_faults/s	66514 yields/s	2755 preempts/s
73006 milliseconds	1600 MB/s	24421 short_reads/s	0 short_writes_echo/s	88 cpu_user_milliseconds	934 cpu_system_milliseconds	0 minor_page_faults/s	0 major_page_faults/s	67693 yields/s	1348 preempts/s
74006 milliseconds	1593 MB/s	24318 short_reads/s	0 short_writes_echo/s	88 cpu_user_milliseconds	938 cpu_system_milliseconds	0 minor_page_faults/s	0 major_page_faults/s	66988 yields/s	2970 preempts/s
75006 milliseconds	1624 MB/s	24780 short_reads/s	0 short_writes_echo/s	80 cpu_user_milliseconds	964 cpu_system_milliseconds	0 minor_page_faults/s	0 major_page_faults/s	68970 yields/s	1393 preempts/s
76006 milliseconds	1684 MB/s	25702 short_reads/s	0 short_writes_echo/s	87 cpu_user_milliseconds	953 cpu_system_milliseconds	0 minor_page_faults/s	0 major_page_faults/s	69601 yields/s	2430 preempts/s
77006 milliseconds	1651 MB/s	25201 short_reads/s	0 short_writes_echo/s	92 cpu_user_milliseconds	958 cpu_system_milliseconds	0 minor_page_faults/s	0 major_page_faults/s	69943 yields/s	1639 preempts/s
78006 milliseconds	1595 MB/s	24348 short_reads/s	0 short_writes_echo/s	91 cpu_user_milliseconds	932 cpu_system_milliseconds	0 minor_page_faults/s	0 major_page_faults/s	66913 yields/s	2359 preempts/s
79006 milliseconds	1703 MB/s	25987 short_reads/s	0 short_writes_echo/s	101 cpu_user_milliseconds	952 cpu_system_milliseconds	0 minor_page_faults/s	0 major_page_faults/s	70244 yields/s	2528 preempts/s
80006 milliseconds	1597 MB/s	24374 short_reads/s	0 short_writes_echo/s	79 cpu_user_milliseconds	960 cpu_system_milliseconds	0 minor_page_faults/s	0 major_page_faults/s	67767 yields/s	2053 preempts/s
81006 milliseconds	1769 MB/s	26994 short_reads/s	0 short_writes_echo/s	92 cpu_user_milliseconds	980 cpu_system_milliseconds	0 minor_page_faults/s	0 major_page_faults/s	71709 yields/s	2542 preempts/s
82006 milliseconds	1701 MB/s	25962 short_reads/s	0 short_writes_echo/s	76 cpu_user_milliseconds	979 cpu_system_milliseconds	0 minor_page_faults/s	0 major_page_faults/s	70738 yields/s	2167 preempts/s
83006 milliseconds	1656 MB/s	25270 short_reads/s	0 short_writes_echo/s	79 cpu_user_milliseconds	957 cpu_system_milliseconds	0 minor_page_faults/s	0 major_page_faults/s	68730 yields/s	2124 preempts/s
84006 milliseconds	1597 MB/s	24382 short_reads/s	0 short_writes_echo/s	87 cpu_user_milliseconds	935 cpu_system_milliseconds	0 minor_page_faults/s	0 major_page_faults/s	66615 yields/s	3268 preempts/s
85006 milliseconds	1624 MB/s	24793 short_reads/s	0 short_writes_echo/s	73 cpu_user_milliseconds	968 cpu_system_milliseconds	0 minor_page_faults/s	0 major_page_faults/s	68468 yields/s	2587 preempts/s
86006 milliseconds	1652 MB/s	25210 short_reads/s	0 short_writes_echo/s	74 cpu_user_milliseconds	967 cpu_system_milliseconds	0 minor_page_faults/s	0 major_page_faults/s	69612 yields/s	2185 preempts/s
87006 milliseconds	1516 MB/s	23133 short_reads/s	0 short_writes_echo/s	66 cpu_user_milliseconds	914 cpu_system_milliseconds	0 minor_page_faults/s	0 major_page_faults/s	59344 yields/s	7441 preempts/s
88006 milliseconds	1544 MB/s	23573 short_reads/s	0 short_writes_echo/s	76 cpu_user_milliseconds	931 cpu_system_milliseconds	0 minor_page_faults/s	0 major_page_faults/s	65224 yields/s	2281 preempts/s
89006 milliseconds	1604 MB/s	24478 short_reads/s	0 short_writes_echo/s	89 cpu_user_milliseconds	951 cpu_system_milliseconds	0 minor_page_faults/s	0 major_page_faults/s	67718 yields/s	2312 preempts/s
90006 milliseconds	1605 MB/s	24498 short_reads/s	0 short_writes_echo/s	73 cpu_user_milliseconds	947 cpu_system_milliseconds	0 minor_page_faults/s	0 major_page_faults/s	66941 yields/s	2592 preempts/s
91006 milliseconds	1680 MB/s	25640 short_reads/s	0 short_writes_echo/s	78 cpu_user_milliseconds	983 cpu_system_milliseconds	0 minor_page_faults/s	0 major_page_faults/s	71180 yields/s	1793 preempts/s
92006 milliseconds	1654 MB/s	25238 short_reads/s	0 short_writes_echo/s	96 cpu_user_milliseconds	951 cpu_system_milliseconds	0 minor_page_faults/s	0 major_page_faults/s	70104 yields/s	1163 preempts/s
93006 milliseconds	1617 MB/s	24684 short_reads/s	0 short_writes_echo/s	84 cpu_user_milliseconds	949 cpu_system_milliseconds	0 minor_page_faults/s	0 major_page_faults/s	67843 yields/s	2048 preempts/s
94006 milliseconds	1623 MB/s	24770 short_reads/s	0 short_writes_echo/s	106 cpu_user_milliseconds	924 cpu_system_milliseconds	0 minor_page_faults/s	0 major_page_faults/s	67764 yields/s	2969 preempts/s
95006 milliseconds	1666 MB/s	25432 short_reads/s	0 short_writes_echo/s	103 cpu_user_milliseconds	938 cpu_system_milliseconds	0 minor_page_faults/s	0 major_page_faults/s	69446 yields/s	1986 preempts/s
96006 milliseconds	1636 MB/s	24971 short_reads/s	0 short_writes_echo/s	92 cpu_user_milliseconds	943 cpu_system_milliseconds	0 minor_page_faults/s	0 major_page_faults/s	68810 yields/s	1691 preempts/s
97006 milliseconds	1614 MB/s	24641 short_reads/s	0 short_writes_echo/s	73 cpu_user_milliseconds	961 cpu_system_milliseconds	0 minor_page_faults/s	0 major_page_faults/s	68375 yields/s	1888 preempts/s
98006 milliseconds	1612 MB/s	24634 short_reads/s	0 short_writes_echo/s	73 cpu_user_milliseconds	950 cpu_system_milliseconds	0 minor_page_faults/s	0 major_page_faults/s	67690 yields/s	1902 preempts/s
99006 milliseconds	1434 MB/s	21893 short_reads/s	0 short_writes_echo/s	68 cpu_user_milliseconds	878 cpu_system_milliseconds	0 minor_page_faults/s	0 major_page_faults/s	53976 yields/s	10603 preempts/s
100007 milliseconds	1235 MB/s	18847 short_reads/s	0 short_writes_echo/s	71 cpu_user_milliseconds	782 cpu_system_milliseconds	0 minor_page_faults/s	0 major_page_faults/s	42656 yields/s	13781 preempts/s
101007 milliseconds	1348 MB/s	20574 short_reads/s	0 short_writes_echo/s	70 cpu_user_milliseconds	827 cpu_system_milliseconds	0 minor_page_faults/s	0 major_page_faults/s	45741 yields/s	15624 preempts/s
102007 milliseconds	1417 MB/s	21625 short_reads/s	0 short_writes_echo/s	71 cpu_user_milliseconds	852 cpu_system_milliseconds	0 minor_page_faults/s	0 major_page_faults/s	46369 yields/s	18694 preempts/s
103007 milliseconds	1357 MB/s	20719 short_reads/s	0 short_writes_echo/s	66 cpu_user_milliseconds	840 cpu_system_milliseconds	0 minor_page_faults/s	0 major_page_faults/s	47614 yields/s	14704 preempts/s
104007 milliseconds	1309 MB/s	19981 short_reads/s	0 short_writes_echo/s	92 cpu_user_milliseconds	781 cpu_system_milliseconds	0 minor_page_faults/s	0 major_page_faults/s	47111 yields/s	12465 preempts/s
105007 milliseconds	1525 MB/s	23273 short_reads/s	0 short_writes_echo/s	95 cpu_user_milliseconds	899 cpu_system_milliseconds	0 minor_page_faults/s	0 major_page_faults/s	64799 yields/s	1505 preempts/s
106007 milliseconds	1656 MB/s	25269 short_reads/s	0 short_writes_echo/s	89 cpu_user_milliseconds	955 cpu_system_milliseconds	0 minor_page_faults/s	0 major_page_faults/s	69091 yields/s	1836 preempts/s
107007 milliseconds	1674 MB/s	25558 short_reads/s	0 short_writes_echo/s	95 cpu_user_milliseconds	964 cpu_system_milliseconds	0 minor_page_faults/s	0 major_page_faults/s	70680 yields/s	1931 preempts/s
108007 milliseconds	1625 MB/s	24796 short_reads/s	0 short_writes_echo/s	73 cpu_user_milliseconds	951 cpu_system_milliseconds	0 minor_page_faults/s	0 major_page_faults/s	67934 yields/s	2448 preempts/s
109007 milliseconds	1342 MB/s	20486 short_reads/s	0 short_writes_echo/s	63 cpu_user_milliseconds	812 cpu_system_milliseconds	0 minor_page_faults/s	0 major_page_faults/s	50912 yields/s	8010 preempts/s
110007 milliseconds	1510 MB/s	23054 short_reads/s	0 short_writes_echo/s	66 cpu_user_milliseconds	910 cpu_system_milliseconds	0 minor_page_faults/s	0 major_page_faults/s	60697 yields/s	5753 preempts/s
111008 milliseconds	1550 MB/s	23662 short_reads/s	0 short_writes_echo/s	82 cpu_user_milliseconds	901 cpu_system_milliseconds	0 minor_page_faults/s	0 major_page_faults/s	61610 yields/s	5955 preempts/s
112008 milliseconds	1359 MB/s	20737 short_reads/s	0 short_writes_echo/s	77 cpu_user_milliseconds	832 cpu_system_milliseconds	0 minor_page_faults/s	0 major_page_faults/s	55815 yields/s	4704 preempts/s
113008 milliseconds	1459 MB/s	22269 short_reads/s	0 short_writes_echo/s	80 cpu_user_milliseconds	883 cpu_system_milliseconds	0 minor_page_faults/s	0 major_page_faults/s	57779 yields/s	7083 preempts/s
114008 milliseconds	1539 MB/s	23495 short_reads/s	0 short_writes_echo/s	74 cpu_user_milliseconds	916 cpu_system_milliseconds	0 minor_page_faults/s	0 major_page_faults/s	61834 yields/s	5731 preempts/s
115008 milliseconds	1498 MB/s	22864 short_reads/s	0 short_writes_echo/s	84 cpu_user_milliseconds	910 cpu_system_milliseconds	0 minor_page_faults/s	0 major_page_faults/s	64166 yields/s	2074 preempts/s
116008 milliseconds	1514 MB/s	23108 short_reads/s	0 short_writes_echo/s	56 cpu_user_milliseconds	933 cpu_system_milliseconds	0 minor_page_faults/s	0 major_page_faults/s	62951 yields/s	3361 preempts/s
117008 milliseconds	1570 MB/s	23965 short_reads/s	0 short_writes_echo/s	73 cpu_user_milliseconds	934 cpu_system_milliseconds	0 minor_page_faults/s	0 major_page_faults/s	65115 yields/s	3756 preempts/s
118008 milliseconds	1520 MB/s	23195 short_reads/s	0 short_writes_echo/s	81 cpu_user_milliseconds	915 cpu_system_milliseconds	0 minor_page_faults/s	0 major_page_faults/s	62559 yields/s	4231 preempts/s
119008 milliseconds	1428 MB/s	21803 short_reads/s	0 short_writes_echo/s	60 cpu_user_milliseconds	890 cpu_system_milliseconds	0 minor_page_faults/s	0 major_page_faults/s	55511 yields/s	7975 preempts/s
120008 milliseconds	1381 MB/s	21073 short_reads/s	0 short_writes_echo/s	65 cpu_user_milliseconds	825 cpu_system_milliseconds	0 minor_page_faults/s	0 major_page_faults/s	44998 yields/s	17749 preempts/s
121008 milliseconds	1594 MB/s	24327 short_reads/s	0 short_writes_echo/s	89 cpu_user_milliseconds	913 cpu_system_milliseconds	0 minor_page_faults/s	0 major_page_faults/s	64721 yields/s	4324 preempts/s
122008 milliseconds	1635 MB/s	24957 short_reads/s	0 short_writes_echo/s	79 cpu_user_milliseconds	962 cpu_system_milliseconds	0 minor_page_faults/s	0 major_page_faults/s	69425 yields/s	1738 preempts/s
123008 milliseconds	1662 MB/s	25370 short_reads/s	0 short_writes_echo/s	93 cpu_user_milliseconds	953 cpu_system_milliseconds	0 minor_page_faults/s	0 major_page_faults/s	68808 yields/s	2734 preempts/s
124008 milliseconds	1346 MB/s	20548 short_reads/s	0 short_writes_echo/s	70 cpu_user_milliseconds	822 cpu_system_milliseconds	0 minor_page_faults/s	0 major_page_faults/s	49595 yields/s	10051 preempts/s
125008 milliseconds	1564 MB/s	23876 short_reads/s	0 short_writes_echo/s	86 cpu_user_milliseconds	919 cpu_system_milliseconds	0 minor_page_faults/s	0 major_page_faults/s	64871 yields/s	3478 preempts/s
126008 milliseconds	1706 MB/s	26033 short_reads/s	0 short_writes_echo/s	91 cpu_user_milliseconds	955 cpu_system_milliseconds	0 minor_page_faults/s	0 major_page_faults/s	70652 yields/s	2267 preempts/s
127008 milliseconds	1682 MB/s	25677 short_reads/s	0 short_writes_echo/s	87 cpu_user_milliseconds	975 cpu_system_milliseconds	0 minor_page_faults/s	0 major_page_faults/s	71386 yields/s	1397 preempts/s
128008 milliseconds	1394 MB/s	21291 short_reads/s	0 short_writes_echo/s	71 cpu_user_milliseconds	864 cpu_system_milliseconds	0 minor_page_faults/s	0 major_page_faults/s	53042 yields/s	9267 preempts/s
129008 milliseconds	1248 MB/s	19048 short_reads/s	0 short_writes_echo/s	54 cpu_user_milliseconds	796 cpu_system_milliseconds	0 minor_page_faults/s	0 major_page_faults/s	40534 yields/s	16421 preempts/s
130008 milliseconds	1240 MB/s	18928 short_reads/s	0 short_writes_echo/s	65 cpu_user_milliseconds	784 cpu_system_milliseconds	0 minor_page_faults/s	0 major_page_faults/s	43499 yields/s	13160 preempts/s
131008 milliseconds	1369 MB/s	20925 short_reads/s	0 short_writes_echo/s	68 cpu_user_milliseconds	839 cpu_system_milliseconds	0 minor_page_faults/s	0 major_page_faults/s	45783 yields/s	16576 preempts/s
132008 milliseconds	1316 MB/s	20090 short_reads/s	0 short_writes_echo/s	85 cpu_user_milliseconds	794 cpu_system_milliseconds	0 minor_page_faults/s	0 major_page_faults/s	44528 yields/s	15719 preempts/s
133008 milliseconds	1284 MB/s	19595 short_reads/s	0 short_writes_echo/s	68 cpu_user_milliseconds	795 cpu_system_milliseconds	0 minor_page_faults/s	0 major_page_faults/s	43869 yields/s	14428 preempts/s
134008 milliseconds	1539 MB/s	23492 short_reads/s	0 short_writes_echo/s	96 cpu_user_milliseconds	881 cpu_system_milliseconds	0 minor_page_faults/s	0 major_page_faults/s	60771 yields/s	6227 preempts/s
135008 milliseconds	1640 MB/s	25027 short_reads/s	0 short_writes_echo/s	101 cpu_user_milliseconds	935 cpu_system_milliseconds	0 minor_page_faults/s	0 major_page_faults/s	69010 yields/s	2094 preempts/s
136008 milliseconds	1692 MB/s	25829 short_reads/s	0 short_writes_echo/s	93 cpu_user_milliseconds	959 cpu_system_milliseconds	0 minor_page_faults/s	0 major_page_faults/s	69695 yields/s	3103 preempts/s
137008 milliseconds	1407 MB/s	21476 short_reads/s	0 short_writes_echo/s	74 cpu_user_milliseconds	837 cpu_system_milliseconds	0 minor_page_faults/s	0 major_page_faults/s	54149 yields/s	7435 preempts/s
138008 milliseconds	1398 MB/s	21366 short_reads/s	0 short_writes_echo/s	63 cpu_user_milliseconds	823 cpu_system_milliseconds	0 minor_page_faults/s	0 major_page_faults/s	45620 yields/s	17423 preempts/s
139008 milliseconds	1623 MB/s	24772 short_reads/s	0 short_writes_echo/s	81 cpu_user_milliseconds	931 cpu_system_milliseconds	0 minor_page_faults/s	0 major_page_faults/s	65974 yields/s	4163 preempts/s
140008 milliseconds	1629 MB/s	24863 short_reads/s	0 short_writes_echo/s	67 cpu_user_milliseconds	960 cpu_system_milliseconds	0 minor_page_faults/s	0 major_page_faults/s	66135 yields/s	4473 preempts/s
141008 milliseconds	1606 MB/s	24510 short_reads/s	0 short_writes_echo/s	90 cpu_user_milliseconds	946 cpu_system_milliseconds	0 minor_page_faults/s	0 major_page_faults/s	68521 yields/s	1642 preempts/s
142008 milliseconds	1642 MB/s	25061 short_reads/s	0 short_writes_echo/s	92 cpu_user_milliseconds	946 cpu_system_milliseconds	0 minor_page_faults/s	0 major_page_faults/s	68912 yields/s	1860 preempts/s
143008 milliseconds	1313 MB/s	20042 short_reads/s	0 short_writes_echo/s	59 cpu_user_milliseconds	813 cpu_system_milliseconds	0 minor_page_faults/s	0 major_page_faults/s	47495 yields/s	11339 preempts/s
144008 milliseconds	1475 MB/s	22511 short_reads/s	0 short_writes_echo/s	88 cpu_user_milliseconds	852 cpu_system_milliseconds	0 minor_page_faults/s	0 major_page_faults/s	57060 yields/s	7748 preempts/s
145008 milliseconds	1606 MB/s	24514 short_reads/s	0 short_writes_echo/s	91 cpu_user_milliseconds	936 cpu_system_milliseconds	0 minor_page_faults/s	0 major_page_faults/s	67511 yields/s	2376 preempts/s
146009 milliseconds	1551 MB/s	23668 short_reads/s	0 short_writes_echo/s	92 cpu_user_milliseconds	921 cpu_system_milliseconds	0 minor_page_faults/s	0 major_page_faults/s	65523 yields/s	2246 preempts/s
147009 milliseconds	1522 MB/s	23231 short_reads/s	0 short_writes_echo/s	80 cpu_user_milliseconds	888 cpu_system_milliseconds	0 minor_page_faults/s	0 major_page_faults/s	58762 yields/s	7881 preempts/s
148009 milliseconds	1605 MB/s	24493 short_reads/s	0 short_writes_echo/s	86 cpu_user_milliseconds	928 cpu_system_milliseconds	0 minor_page_faults/s	0 major_page_faults/s	65992 yields/s	3073 preempts/s
149009 milliseconds	1330 MB/s	20300 short_reads/s	0 short_writes_echo/s	79 cpu_user_milliseconds	818 cpu_system_milliseconds	0 minor_page_faults/s	0 major_page_faults/s	50821 yields/s	8657 preempts/s
150009 milliseconds	1442 MB/s	22008 short_reads/s	0 short_writes_echo/s	82 cpu_user_milliseconds	861 cpu_system_milliseconds	0 minor_page_faults/s	0 major_page_faults/s	55592 yields/s	8252 preempts/s
151009 milliseconds	1547 MB/s	23612 short_reads/s	0 short_writes_echo/s	81 cpu_user_milliseconds	932 cpu_system_milliseconds	0 minor_page_faults/s	0 major_page_faults/s	66008 yields/s	1909 preempts/s
152009 milliseconds	1683 MB/s	25691 short_reads/s	0 short_writes_echo/s	70 cpu_user_milliseconds	977 cpu_system_milliseconds	0 minor_page_faults/s	0 major_page_faults/s	70545 yields/s	1718 preempts/s
153009 milliseconds	1689 MB/s	25775 short_reads/s	0 short_writes_echo/s	74 cpu_user_milliseconds	977 cpu_system_milliseconds	0 minor_page_faults/s	0 major_page_faults/s	70307 yields/s	1871 preempts/s
154009 milliseconds	1548 MB/s	23635 short_reads/s	0 short_writes_echo/s	86 cpu_user_milliseconds	904 cpu_system_milliseconds	0 minor_page_faults/s	0 major_page_faults/s	59626 yields/s	8105 preempts/s
155009 milliseconds	1520 MB/s	23195 short_reads/s	0 short_writes_echo/s	89 cpu_user_milliseconds	903 cpu_system_milliseconds	0 minor_page_faults/s	0 major_page_faults/s	61301 yields/s	5444 preempts/s
156009 milliseconds	1388 MB/s	21193 short_reads/s	0 short_writes_echo/s	80 cpu_user_milliseconds	855 cpu_system_milliseconds	0 minor_page_faults/s	0 major_page_faults/s	55513 yields/s	6226 preempts/s
157009 milliseconds	1512 MB/s	23075 short_reads/s	0 short_writes_echo/s	72 cpu_user_milliseconds	926 cpu_system_milliseconds	0 minor_page_faults/s	0 major_page_faults/s	62479 yields/s	4580 preempts/s
158009 milliseconds	1394 MB/s	21276 short_reads/s	0 short_writes_echo/s	74 cpu_user_milliseconds	857 cpu_system_milliseconds	0 minor_page_faults/s	0 major_page_faults/s	55867 yields/s	5598 preempts/s
159009 milliseconds	1346 MB/s	20551 short_reads/s	0 short_writes_echo/s	56 cpu_user_milliseconds	851 cpu_system_milliseconds	0 minor_page_faults/s	0 major_page_faults/s	52229 yields/s	7663 preempts/s
160009 milliseconds	1384 MB/s	21148 short_reads/s	0 short_writes_echo/s	63 cpu_user_milliseconds	829 cpu_system_milliseconds	0 minor_page_faults/s	0 major_page_faults/s	46325 yields/s	16285 preempts/s
161009 milliseconds	1247 MB/s	19041 short_reads/s	0 short_writes_echo/s	58 cpu_user_milliseconds	798 cpu_system_milliseconds	0 minor_page_faults/s	0 major_page_faults/s	42024 yields/s	15130 preempts/s
162009 milliseconds	1218 MB/s	18597 short_reads/s	0 short_writes_echo/s	47 cpu_user_milliseconds	786 cpu_system_milliseconds	0 minor_page_faults/s	0 major_page_faults/s	42198 yields/s	13499 preempts/s
163009 milliseconds	1318 MB/s	20119 short_reads/s	0 short_writes_echo/s	69 cpu_user_milliseconds	820 cpu_system_milliseconds	0 minor_page_faults/s	0 major_page_faults/s	45445 yields/s	14744 preempts/s
164009 milliseconds	1379 MB/s	21049 short_reads/s	0 short_writes_echo/s	67 cpu_user_milliseconds	822 cpu_system_milliseconds	0 minor_page_faults/s	0 major_page_faults/s	50061 yields/s	11374 preempts/s
165009 milliseconds	1682 MB/s	25673 short_reads/s	0 short_writes_echo/s	107 cpu_user_milliseconds	943 cpu_system_milliseconds	0 minor_page_faults/s	0 major_page_faults/s	70644 yields/s	1641 preempts/s
166009 milliseconds	1683 MB/s	25686 short_reads/s	0 short_writes_echo/s	89 cpu_user_milliseconds	957 cpu_system_milliseconds	0 minor_page_faults/s	0 major_page_faults/s	68803 yields/s	3216 preempts/s
167009 milliseconds	1319 MB/s	20139 short_reads/s	0 short_writes_echo/s	65 cpu_user_milliseconds	816 cpu_system_milliseconds	0 minor_page_faults/s	0 major_page_faults/s	48132 yields/s	11174 preempts/s
168009 milliseconds	1498 MB/s	22866 short_reads/s	0 short_writes_echo/s	95 cpu_user_milliseconds	892 cpu_system_milliseconds	0 minor_page_faults/s	0 major_page_faults/s	63082 yields/s	2892 preempts/s
169009 milliseconds	1570 MB/s	23966 short_reads/s	0 short_writes_echo/s	94 cpu_user_milliseconds	914 cpu_system_milliseconds	0 minor_page_faults/s	0 major_page_faults/s	66397 yields/s	2577 preempts/s
170009 milliseconds	1600 MB/s	24423 short_reads/s	0 short_writes_echo/s	94 cpu_user_milliseconds	922 cpu_system_milliseconds	0 minor_page_faults/s	0 major_page_faults/s	66517 yields/s	2379 preempts/s
171009 milliseconds	1630 MB/s	24878 short_reads/s	0 short_writes_echo/s	84 cpu_user_milliseconds	961 cpu_system_milliseconds	0 minor_page_faults/s	0 major_page_faults/s	69389 yields/s	1717 preempts/s
172009 milliseconds	1317 MB/s	20098 short_reads/s	0 short_writes_echo/s	62 cpu_user_milliseconds	801 cpu_system_milliseconds	0 minor_page_faults/s	0 major_page_faults/s	48254 yields/s	10312 preempts/s
173009 milliseconds	1488 MB/s	22712 short_reads/s	0 short_writes_echo/s	75 cpu_user_milliseconds	895 cpu_system_milliseconds	0 minor_page_faults/s	0 major_page_faults/s	61236 yields/s	4032 preempts/s
174009 milliseconds	1624 MB/s	24795 short_reads/s	0 short_writes_echo/s	85 cpu_user_milliseconds	932 cpu_system_milliseconds	0 minor_page_faults/s	0 major_page_faults/s	67237 yields/s	2903 preempts/s
175009 milliseconds	1671 MB/s	25510 short_reads/s	0 short_writes_echo/s	109 cpu_user_milliseconds	939 cpu_system_milliseconds	0 minor_page_faults/s	0 major_page_faults/s	69494 yields/s	2367 preempts/s
176009 milliseconds	1604 MB/s	24478 short_reads/s	0 short_writes_echo/s	67 cpu_user_milliseconds	965 cpu_system_milliseconds	0 minor_page_faults/s	0 major_page_faults/s	67761 yields/s	2014 preempts/s
177009 milliseconds	1720 MB/s	26253 short_reads/s	0 short_writes_echo/s	90 cpu_user_milliseconds	973 cpu_system_milliseconds	0 minor_page_faults/s	0 major_page_faults/s	71622 yields/s	1896 preempts/s
178009 milliseconds	1613 MB/s	24612 short_reads/s	0 short_writes_echo/s	83 cpu_user_milliseconds	938 cpu_system_milliseconds	0 minor_page_faults/s	0 major_page_faults/s	67906 yields/s	1610 preempts/s
179009 milliseconds	1697 MB/s	25902 short_reads/s	0 short_writes_echo/s	101 cpu_user_milliseconds	943 cpu_system_milliseconds	0 minor_page_faults/s	0 major_page_faults/s	69942 yields/s	3002 preempts/s
180010 milliseconds	1626 MB/s	24818 short_reads/s	0 short_writes_echo/s	82 cpu_user_milliseconds	954 cpu_system_milliseconds	0 minor_page_faults/s	0 major_page_faults/s	68537 yields/s	1464 preempts/s
181010 milliseconds	1609 MB/s	24554 short_reads/s	0 short_writes_echo/s	86 cpu_user_milliseconds	945 cpu_system_milliseconds	0 minor_page_faults/s	0 major_page_faults/s	68489 yields/s	1891 preempts/s
182010 milliseconds	1682 MB/s	25665 short_reads/s	0 short_writes_echo/s	97 cpu_user_milliseconds	943 cpu_system_milliseconds	0 minor_page_faults/s	0 major_page_faults/s	69558 yields/s	2365 preempts/s
183010 milliseconds	1658 MB/s	25309 short_reads/s	0 short_writes_echo/s	100 cpu_user_milliseconds	937 cpu_system_milliseconds	0 minor_page_faults/s	0 major_page_faults/s	68980 yields/s	2172 preempts/s
184010 milliseconds	1625 MB/s	24802 short_reads/s	0 short_writes_echo/s	78 cpu_user_milliseconds	954 cpu_system_milliseconds	0 minor_page_faults/s	0 major_page_faults/s	68126 yields/s	1901 preempts/s
185010 milliseconds	1618 MB/s	24696 short_reads/s	0 short_writes_echo/s	82 cpu_user_milliseconds	957 cpu_system_milliseconds	0 minor_page_faults/s	0 major_page_faults/s	68529 yields/s	2115 preempts/s
186010 milliseconds	1625 MB/s	24801 short_reads/s	0 short_writes_echo/s	96 cpu_user_milliseconds	941 cpu_system_milliseconds	0 minor_page_faults/s	0 major_page_faults/s	68639 yields/s	1508 preempts/s
187010 milliseconds	1690 MB/s	25795 short_reads/s	0 short_writes_echo/s	83 cpu_user_milliseconds	975 cpu_system_milliseconds	0 minor_page_faults/s	0 major_page_faults/s	71941 yields/s	1211 preempts/s
188010 milliseconds	1608 MB/s	24551 short_reads/s	0 short_writes_echo/s	74 cpu_user_milliseconds	957 cpu_system_milliseconds	0 minor_page_faults/s	0 major_page_faults/s	67861 yields/s	1935 preempts/s
189010 milliseconds	1603 MB/s	24460 short_reads/s	0 short_writes_echo/s	78 cpu_user_milliseconds	950 cpu_system_milliseconds	0 minor_page_faults/s	0 major_page_faults/s	66665 yields/s	3693 preempts/s
190010 milliseconds	1283 MB/s	19591 short_reads/s	0 short_writes_echo/s	78 cpu_user_milliseconds	787 cpu_system_milliseconds	0 minor_page_faults/s	0 major_page_faults/s	43033 yields/s	15306 preempts/s
191010 milliseconds	1333 MB/s	20354 short_reads/s	0 short_writes_echo/s	59 cpu_user_milliseconds	814 cpu_system_milliseconds	0 minor_page_faults/s	0 major_page_faults/s	44132 yields/s	16652 preempts/s
192010 milliseconds	1303 MB/s	19888 short_reads/s	0 short_writes_echo/s	56 cpu_user_milliseconds	813 cpu_system_milliseconds	0 minor_page_faults/s	0 major_page_faults/s	42611 yields/s	16893 preempts/s
193010 milliseconds	1314 MB/s	20059 short_reads/s	0 short_writes_echo/s	52 cpu_user_milliseconds	818 cpu_system_milliseconds	0 minor_page_faults/s	0 major_page_faults/s	42023 yields/s	18223 preempts/s
194010 milliseconds	1314 MB/s	20083 short_reads/s	0 short_writes_echo/s	71 cpu_user_milliseconds	785 cpu_system_milliseconds	0 minor_page_faults/s	0 major_page_faults/s	42471 yields/s	16700 preempts/s
195010 milliseconds	1517 MB/s	23149 short_reads/s	0 short_writes_echo/s	72 cpu_user_milliseconds	897 cpu_system_milliseconds	0 minor_page_faults/s	0 major_page_faults/s	52852 yields/s	15604 preempts/s
196010 milliseconds	1566 MB/s	23902 short_reads/s	0 short_writes_echo/s	100 cpu_user_milliseconds	909 cpu_system_milliseconds	0 minor_page_faults/s	0 major_page_faults/s	64710 yields/s	3337 preempts/s
197010 milliseconds	1649 MB/s	25175 short_reads/s	0 short_writes_echo/s	77 cpu_user_milliseconds	967 cpu_system_milliseconds	0 minor_page_faults/s	0 major_page_faults/s	69066 yields/s	2732 preempts/s
198010 milliseconds	1572 MB/s	23999 short_reads/s	0 short_writes_echo/s	94 cpu_user_milliseconds	928 cpu_system_milliseconds	0 minor_page_faults/s	0 major_page_faults/s	65344 yields/s	3495 preempts/s
199010 milliseconds	1317 MB/s	20109 short_reads/s	0 short_writes_echo/s	36 cpu_user_milliseconds	813 cpu_system_milliseconds	0 minor_page_faults/s	0 major_page_faults/s	44644 yields/s	14836 preempts/s
200010 milliseconds	1394 MB/s	21272 short_reads/s	0 short_writes_echo/s	74 cpu_user_milliseconds	825 cpu_system_milliseconds	0 minor_page_faults/s	0 major_page_faults/s	43158 yields/s	19699 preempts/s
201010 milliseconds	1441 MB/s	21998 short_reads/s	0 short_writes_echo/s	69 cpu_user_milliseconds	872 cpu_system_milliseconds	0 minor_page_faults/s	0 major_page_faults/s	58221 yields/s	5558 preempts/s
202010 milliseconds	1468 MB/s	22410 short_reads/s	0 short_writes_echo/s	67 cpu_user_milliseconds	868 cpu_system_milliseconds	0 minor_page_faults/s	0 major_page_faults/s	54663 yields/s	10582 preempts/s
203010 milliseconds	1575 MB/s	24047 short_reads/s	0 short_writes_echo/s	91 cpu_user_milliseconds	929 cpu_system_milliseconds	0 minor_page_faults/s	0 major_page_faults/s	66531 yields/s	2180 preempts/s
204010 milliseconds	1543 MB/s	23545 short_reads/s	0 short_writes_echo/s	73 cpu_user_milliseconds	933 cpu_system_milliseconds	0 minor_page_faults/s	0 major_page_faults/s	63832 yields/s	3473 preempts/s
205010 milliseconds	1387 MB/s	21182 short_reads/s	0 short_writes_echo/s	74 cpu_user_milliseconds	819 cpu_system_milliseconds	0 minor_page_faults/s	0 major_page_faults/s	50878 yields/s	10607 preempts/s
206010 milliseconds	1457 MB/s	22247 short_reads/s	0 short_writes_echo/s	70 cpu_user_milliseconds	876 cpu_system_milliseconds	0 minor_page_faults/s	0 major_page_faults/s	58621 yields/s	5682 preempts/s
207010 milliseconds	1527 MB/s	23313 short_reads/s	0 short_writes_echo/s	64 cpu_user_milliseconds	914 cpu_system_milliseconds	0 minor_page_faults/s	0 major_page_faults/s	60551 yields/s	6270 preempts/s
208010 milliseconds	1485 MB/s	22659 short_reads/s	0 short_writes_echo/s	77 cpu_user_milliseconds	897 cpu_system_milliseconds	0 minor_page_faults/s	0 major_page_faults/s	60983 yields/s	4741 preempts/s
209010 milliseconds	1675 MB/s	25564 short_reads/s	0 short_writes_echo/s	90 cpu_user_milliseconds	950 cpu_system_milliseconds	0 minor_page_faults/s	0 major_page_faults/s	68952 yields/s	3329 preempts/s
210010 milliseconds	1570 MB/s	23960 short_reads/s	0 short_writes_echo/s	97 cpu_user_milliseconds	913 cpu_system_milliseconds	0 minor_page_faults/s	0 major_page_faults/s	63525 yields/s	5084 preempts/s
211010 milliseconds	1636 MB/s	24973 short_reads/s	0 short_writes_echo/s	83 cpu_user_milliseconds	952 cpu_system_milliseconds	0 minor_page_faults/s	0 major_page_faults/s	69361 yields/s	1279 preempts/s
212010 milliseconds	1640 MB/s	25032 short_reads/s	0 short_writes_echo/s	92 cpu_user_milliseconds	948 cpu_system_milliseconds	0 minor_page_faults/s	0 major_page_faults/s	68745 yields/s	2547 preempts/s
213010 milliseconds	1631 MB/s	24889 short_reads/s	0 short_writes_echo/s	81 cpu_user_milliseconds	950 cpu_system_milliseconds	0 minor_page_faults/s	0 major_page_faults/s	67995 yields/s	1783 preempts/s
214010 milliseconds	1606 MB/s	24519 short_reads/s	0 short_writes_echo/s	90 cpu_user_milliseconds	932 cpu_system_milliseconds	0 minor_page_faults/s	0 major_page_faults/s	67297 yields/s	2156 preempts/s
215010 milliseconds	1626 MB/s	24820 short_reads/s	0 short_writes_echo/s	97 cpu_user_milliseconds	942 cpu_system_milliseconds	0 minor_page_faults/s	0 major_page_faults/s	68927 yields/s	1626 preempts/s
216010 milliseconds	1679 MB/s	25628 short_reads/s	0 short_writes_echo/s	93 cpu_user_milliseconds	939 cpu_system_milliseconds	0 minor_page_faults/s	0 major_page_faults/s	68543 yields/s	2853 preempts/s
217010 milliseconds	1733 MB/s	26448 short_reads/s	0 short_writes_echo/s	79 cpu_user_milliseconds	990 cpu_system_milliseconds	0 minor_page_faults/s	0 major_page_faults/s	72540 yields/s	1617 preempts/s
218010 milliseconds	1419 MB/s	21666 short_reads/s	0 short_writes_echo/s	73 cpu_user_milliseconds	853 cpu_system_milliseconds	0 minor_page_faults/s	0 major_page_faults/s	54651 yields/s	8375 preempts/s
219010 milliseconds	1627 MB/s	24826 short_reads/s	0 short_writes_echo/s	76 cpu_user_milliseconds	963 cpu_system_milliseconds	0 minor_page_faults/s	0 major_page_faults/s	68223 yields/s	2634 preempts/s
220010 milliseconds	1576 MB/s	24054 short_reads/s	0 short_writes_echo/s	89 cpu_user_milliseconds	932 cpu_system_milliseconds	0 minor_page_faults/s	0 major_page_faults/s	67528 yields/s	1506 preempts/s
221010 milliseconds	1606 MB/s	24512 short_reads/s	0 short_writes_echo/s	82 cpu_user_milliseconds	958 cpu_system_milliseconds	0 minor_page_faults/s	0 major_page_faults/s	68383 yields/s	2143 preempts/s
222010 milliseconds	1724 MB/s	26310 short_reads/s	0 short_writes_echo/s	89 cpu_user_milliseconds	967 cpu_system_milliseconds	0 minor_page_faults/s	0 major_page_faults/s	70993 yields/s	2363 preempts/s
223010 milliseconds	1592 MB/s	24294 short_reads/s	0 short_writes_echo/s	88 cpu_user_milliseconds	950 cpu_system_milliseconds	0 minor_page_faults/s	0 major_page_faults/s	67349 yields/s	2614 preempts/s
224010 milliseconds	1598 MB/s	24384 short_reads/s	0 short_writes_echo/s	91 cpu_user_milliseconds	936 cpu_system_milliseconds	0 minor_page_faults/s	0 major_page_faults/s	67980 yields/s	1686 preempts/s
225011 milliseconds	1651 MB/s	25192 short_reads/s	0 short_writes_echo/s	90 cpu_user_milliseconds	945 cpu_system_milliseconds	0 minor_page_faults/s	0 major_page_faults/s	68840 yields/s	2009 preempts/s
226011 milliseconds	1714 MB/s	26165 short_reads/s	0 short_writes_echo/s	99 cpu_user_milliseconds	951 cpu_system_milliseconds	0 minor_page_faults/s	0 major_page_faults/s	70877 yields/s	2191 preempts/s
227011 milliseconds	1644 MB/s	25085 short_reads/s	0 short_writes_echo/s	91 cpu_user_milliseconds	945 cpu_system_milliseconds	0 minor_page_faults/s	0 major_page_faults/s	68067 yields/s	2803 preempts/s
228011 milliseconds	1416 MB/s	21610 short_reads/s	0 short_writes_echo/s	84 cpu_user_milliseconds	862 cpu_system_milliseconds	0 minor_page_faults/s	0 major_page_faults/s	55200 yields/s	7639 preempts/s
229011 milliseconds	1466 MB/s	22380 short_reads/s	0 short_writes_echo/s	81 cpu_user_milliseconds	880 cpu_system_milliseconds	0 minor_page_faults/s	0 major_page_faults/s	59152 yields/s	5312 preempts/s
230011 milliseconds	1405 MB/s	21451 short_reads/s	0 short_writes_echo/s	82 cpu_user_milliseconds	852 cpu_system_milliseconds	0 minor_page_faults/s	0 major_page_faults/s	55420 yields/s	6684 preempts/s
231011 milliseconds	1545 MB/s	23582 short_reads/s	0 short_writes_echo/s	76 cpu_user_milliseconds	908 cpu_system_milliseconds	0 minor_page_faults/s	0 major_page_faults/s	63406 yields/s	3757 preempts/s
232011 milliseconds	1518 MB/s	23167 short_reads/s	0 short_writes_echo/s	86 cpu_user_milliseconds	908 cpu_system_milliseconds	0 minor_page_faults/s	0 major_page_faults/s	64065 yields/s	2383 preempts/s
233011 milliseconds	1487 MB/s	22703 short_reads/s	0 short_writes_echo/s	85 cpu_user_milliseconds	901 cpu_system_milliseconds	0 minor_page_faults/s	0 major_page_faults/s	62082 yields/s	3906 preempts/s
234011 milliseconds	1471 MB/s	22453 short_reads/s	0 short_writes_echo/s	91 cpu_user_milliseconds	859 cpu_system_milliseconds	0 minor_page_faults/s	0 major_page_faults/s	57061 yields/s	7765 preempts/s
235011 milliseconds	1531 MB/s	23363 short_reads/s	0 short_writes_echo/s	75 cpu_user_milliseconds	903 cpu_system_milliseconds	0 minor_page_faults/s	0 major_page_faults/s	63030 yields/s	3242 preempts/s
236011 milliseconds	1529 MB/s	23337 short_reads/s	0 short_writes_echo/s	99 cpu_user_milliseconds	894 cpu_system_milliseconds	0 minor_page_faults/s	0 major_page_faults/s	61804 yields/s	5799 preempts/s
237011 milliseconds	1482 MB/s	22617 short_reads/s	0 short_writes_echo/s	93 cpu_user_milliseconds	899 cpu_system_milliseconds	0 minor_page_faults/s	0 major_page_faults/s	63496 yields/s	2276 preempts/s
238011 milliseconds	1399 MB/s	21360 short_reads/s	0 short_writes_echo/s	82 cpu_user_milliseconds	856 cpu_system_milliseconds	0 minor_page_faults/s	0 major_page_faults/s	57762 yields/s	3931 preempts/s
239011 milliseconds	1209 MB/s	18451 short_reads/s	0 short_writes_echo/s	60 cpu_user_milliseconds	734 cpu_system_milliseconds	0 minor_page_faults/s	0 major_page_faults/s	37709 yields/s	17210 preempts/s
240011 milliseconds	1503 MB/s	22949 short_reads/s	0 short_writes_echo/s	64 cpu_user_milliseconds	876 cpu_system_milliseconds	0 minor_page_faults/s	0 major_page_faults/s	53514 yields/s	13069 preempts/s
