1000 milliseconds	2078 MB/s	34749 short_reads/s	0 short_writes_echo/s	90 cpu_user_milliseconds	1121 cpu_system_milliseconds	170 minor_page_faults/s	0 major_page_faults/s	93854 yields/s	4 preempts/s
2000 milliseconds	2084 MB/s	34485 short_reads/s	0 short_writes_echo/s	111 cpu_user_milliseconds	1081 cpu_system_milliseconds	3 minor_page_faults/s	0 major_page_faults/s	93063 yields/s	6 preempts/s
3000 milliseconds	2047 MB/s	32628 short_reads/s	0 short_writes_echo/s	83 cpu_user_milliseconds	1143 cpu_system_milliseconds	0 minor_page_faults/s	0 major_page_faults/s	90472 yields/s	16 preempts/s
4000 milliseconds	2282 MB/s	38417 short_reads/s	0 short_writes_echo/s	133 cpu_user_milliseconds	1044 cpu_system_milliseconds	0 minor_page_faults/s	0 major_page_faults/s	99506 yields/s	105 preempts/s
5000 milliseconds	2392 MB/s	44704 short_reads/s	0 short_writes_echo/s	131 cpu_user_milliseconds	965 cpu_system_milliseconds	0 minor_page_faults/s	0 major_page_faults/s	106493 yields/s	38 preempts/s
6000 milliseconds	2224 MB/s	36056 short_reads/s	0 short_writes_echo/s	126 cpu_user_milliseconds	1102 cpu_system_milliseconds	0 minor_page_faults/s	0 major_page_faults/s	95536 yields/s	3 preempts/s
7000 milliseconds	2085 MB/s	33092 short_reads/s	0 short_writes_echo/s	127 cpu_user_milliseconds	1114 cpu_system_milliseconds	0 minor_page_faults/s	0 major_page_faults/s	91273 yields/s	4 preempts/s
8000 milliseconds	2291 MB/s	39399 short_reads/s	0 short_writes_echo/s	104 cpu_user_milliseconds	1068 cpu_system_milliseconds	0 minor_page_faults/s	0 major_page_faults/s	99604 yields/s	26 preempts/s
9000 milliseconds	2282 MB/s	40858 short_reads/s	0 short_writes_echo/s	109 cpu_user_milliseconds	1025 cpu_system_milliseconds	0 minor_page_faults/s	0 major_page_faults/s	100897 yields/s	55 preempts/s
10000 milliseconds	2066 MB/s	33443 short_reads/s	0 short_writes_echo/s	118 cpu_user_milliseconds	1086 cpu_system_milliseconds	0 minor_page_faults/s	0 major_page_faults/s	91291 yields/s	23 preempts/s
11000 milliseconds	2289 MB/s	39707 short_reads/s	0 short_writes_echo/s	110 cpu_user_milliseconds	1052 cpu_system_milliseconds	0 minor_page_faults/s	0 major_page_faults/s	98755 yields/s	60 preempts/s
12000 milliseconds	2179 MB/s	37895 short_reads/s	0 short_writes_echo/s	120 cpu_user_milliseconds	1033 cpu_system_milliseconds	0 minor_page_faults/s	0 major_page_faults/s	97742 yields/s	14 preempts/s
13000 milliseconds	2176 MB/s	37400 short_reads/s	0 short_writes_echo/s	95 cpu_user_milliseconds	1072 cpu_system_milliseconds	0 minor_page_faults/s	0 major_page_faults/s	96773 yields/s	9 preempts/s
14000 milliseconds	2064 MB/s	32818 short_reads/s	0 short_writes_echo/s	111 cpu_user_milliseconds	1106 cpu_system_milliseconds	0 minor_page_faults/s	0 major_page_faults/s	90927 yields/s	87 preempts/s
15000 milliseconds	2122 MB/s	35447 short_reads/s	0 short_writes_echo/s	98 cpu_user_milliseconds	1094 cpu_system_milliseconds	0 minor_page_faults/s	0 major_page_faults/s	94247 yields/s	24 preempts/s
16000 milliseconds	2389 MB/s	41654 short_reads/s	0 short_writes_echo/s	134 cpu_user_milliseconds	1033 cpu_system_milliseconds	0 minor_page_faults/s	0 major_page_faults/s	102971 yields/s	235 preempts/s
17000 milliseconds	2131 MB/s	36622 short_reads/s	0 short_writes_echo/s	115 cpu_user_milliseconds	1048 cpu_system_milliseconds	0 minor_page_faults/s	0 major_page_faults/s	95705 yields/s	14 preempts/s
18000 milliseconds	2061 MB/s	32889 short_reads/s	0 short_writes_echo/s	110 cpu_user_milliseconds	1096 cpu_system_milliseconds	0 minor_page_faults/s	0 major_page_faults/s	91930 yields/s	18 preempts/s
19000 milliseconds	2142 MB/s	35314 short_reads/s	0 short_writes_echo/s	111 cpu_user_milliseconds	1086 cpu_system_milliseconds	0 minor_page_faults/s	0 major_page_faults/s	93820 yields/s	107 preempts/s
20000 milliseconds	2214 MB/s	37415 short_reads/s	0 short_writes_echo/s	128 cpu_user_milliseconds	1063 cpu_system_milliseconds	0 minor_page_faults/s	0 major_page_faults/s	96915 yields/s	6 preempts/s
21000 milliseconds	2211 MB/s	37354 short_reads/s	0 short_writes_echo/s	125 cpu_user_milliseconds	1064 cpu_system_milliseconds	0 minor_page_faults/s	0 major_page_faults/s	96055 yields/s	4 preempts/s
22000 milliseconds	2189 MB/s	37087 short_reads/s	0 short_writes_echo/s	109 cpu_user_milliseconds	1074 cpu_system_milliseconds	0 minor_page_faults/s	0 major_page_faults/s	96720 yields/s	8 preempts/s
23000 milliseconds	2281 MB/s	39344 short_reads/s	0 short_writes_echo/s	120 cpu_user_milliseconds	1052 cpu_system_milliseconds	0 minor_page_faults/s	0 major_page_faults/s	99882 yields/s	28 preempts/s
24000 milliseconds	2205 MB/s	37725 short_reads/s	0 short_writes_echo/s	121 cpu_user_milliseconds	1044 cpu_system_milliseconds	0 minor_page_faults/s	0 major_page_faults/s	97215 yields/s	44 preempts/s
25000 milliseconds	2354 MB/s	41309 short_reads/s	0 short_writes_echo/s	108 cpu_user_milliseconds	1053 cpu_system_milliseconds	0 minor_page_faults/s	0 major_page_faults/s	102354 yields/s	5 preempts/s
26000 milliseconds	2399 MB/s	39792 short_reads/s	0 short_writes_echo/s	123 cpu_user_milliseconds	1092 cpu_system_milliseconds	0 minor_page_faults/s	0 major_page_faults/s	101253 yields/s	6 preempts/s
27000 milliseconds	2025 MB/s	31778 short_reads/s	0 short_writes_echo/s	123 cpu_user_milliseconds	1108 cpu_system_milliseconds	0 minor_page_faults/s	0 major_page_faults/s	89891 yields/s	21 preempts/s
28000 milliseconds	2161 MB/s	35895 short_reads/s	0 short_writes_echo/s	119 cpu_user_milliseconds	1087 cpu_system_milliseconds	0 minor_page_faults/s	0 major_page_faults/s	94943 yields/s	12 preempts/s
29000 milliseconds	2051 MB/s	33753 short_reads/s	0 short_writes_echo/s	111 cpu_user_milliseconds	1087 cpu_system_milliseconds	0 minor_page_faults/s	0 major_page_faults/s	91615 yields/s	47 preempts/s
30000 milliseconds	2224 MB/s	36289 short_reads/s	0 short_writes_echo/s	124 cpu_user_milliseconds	1099 cpu_system_milliseconds	0 minor_page_faults/s	0 major_page_faults/s	96114 yields/s	11 preempts/s
31000 milliseconds	2282 MB/s	39628 short_reads/s	0 short_writes_echo/s	101 cpu_user_milliseconds	1067 cpu_system_milliseconds	0 minor_page_faults/s	0 major_page_faults/s	99589 yields/s	16 preempts/s
32000 milliseconds	2291 MB/s	38091 short_reads/s	0 short_writes_echo/s	117 cpu_user_milliseconds	1084 cpu_system_milliseconds	0 minor_page_faults/s	0 major_page_faults/s	98568 yields/s	3 preempts/s
33000 milliseconds	2306 MB/s	41744 short_reads/s	0 short_writes_echo/s	103 cpu_user_milliseconds	1021 cpu_system_milliseconds	0 minor_page_faults/s	0 major_page_faults/s	102555 yields/s	28 preempts/s
34000 milliseconds	2086 MB/s	32917 short_reads/s	0 short_writes_echo/s	116 cpu_user_milliseconds	1104 cpu_system_milliseconds	0 minor_page_faults/s	0 major_page_faults/s	91628 yields/s	146 preempts/s
35000 milliseconds	1992 MB/s	31128 short_reads/s	0 short_writes_echo/s	97 cpu_user_milliseconds	1130 cpu_system_milliseconds	0 minor_page_faults/s	0 major_page_faults/s	89058 yields/s	16 preempts/s
36000 milliseconds	2180 MB/s	34914 short_reads/s	0 short_writes_echo/s	127 cpu_user_milliseconds	1088 cpu_system_milliseconds	0 minor_page_faults/s	0 major_page_faults/s	93319 yields/s	19 preempts/s
37000 milliseconds	2219 MB/s	37800 short_reads/s	0 short_writes_echo/s	99 cpu_user_milliseconds	1077 cpu_system_milliseconds	0 minor_page_faults/s	0 major_page_faults/s	97456 yields/s	93 preempts/s
38000 milliseconds	2130 MB/s	34079 short_reads/s	0 short_writes_echo/s	100 cpu_user_milliseconds	1129 cpu_system_milliseconds	0 minor_page_faults/s	0 major_page_faults/s	92218 yields/s	12 preempts/s
39000 milliseconds	2286 MB/s	39529 short_reads/s	0 short_writes_echo/s	127 cpu_user_milliseconds	1038 cpu_system_milliseconds	0 minor_page_faults/s	0 major_page_faults/s	99431 yields/s	366 preempts/s
40000 milliseconds	2339 MB/s	37163 short_reads/s	0 short_writes_echo/s	146 cpu_user_milliseconds	1110 cpu_system_milliseconds	0 minor_page_faults/s	0 major_page_faults/s	97637 yields/s	13 preempts/s
41000 milliseconds	2141 MB/s	36382 short_reads/s	0 short_writes_echo/s	123 cpu_user_milliseconds	1059 cpu_system_milliseconds	0 minor_page_faults/s	0 major_page_faults/s	95310 yields/s	10 preempts/s
42000 milliseconds	2132 MB/s	35918 short_reads/s	0 short_writes_echo/s	127 cpu_user_milliseconds	1053 cpu_system_milliseconds	0 minor_page_faults/s	0 major_page_faults/s	94815 yields/s	10 preempts/s
43000 milliseconds	2355 MB/s	43062 short_reads/s	0 short_writes_echo/s	110 cpu_user_milliseconds	1000 cpu_system_milliseconds	0 minor_page_faults/s	0 major_page_faults/s	103156 yields/s	22 preempts/s
44000 milliseconds	2221 MB/s	38314 short_reads/s	0 short_writes_echo/s	110 cpu_user_milliseconds	1053 cpu_system_milliseconds	0 minor_page_faults/s	0 major_page_faults/s	97774 yields/s	85 preempts/s
45000 milliseconds	2235 MB/s	37259 short_reads/s	0 short_writes_echo/s	121 cpu_user_milliseconds	1083 cpu_system_milliseconds	0 minor_page_faults/s	0 major_page_faults/s	96692 yields/s	6 preempts/s
46000 milliseconds	2126 MB/s	35132 short_reads/s	0 short_writes_echo/s	104 cpu_user_milliseconds	1096 cpu_system_milliseconds	0 minor_page_faults/s	0 major_page_faults/s	93691 yields/s	12 preempts/s
47000 milliseconds	2028 MB/s	31988 short_reads/s	0 short_writes_echo/s	116 cpu_user_milliseconds	1123 cpu_system_milliseconds	0 minor_page_faults/s	0 major_page_faults/s	89531 yields/s	17 preempts/s
48000 milliseconds	2099 MB/s	35249 short_reads/s	0 short_writes_echo/s	118 cpu_user_milliseconds	1080 cpu_system_milliseconds	0 minor_page_faults/s	0 major_page_faults/s	92746 yields/s	2 preempts/s
49000 milliseconds	1940 MB/s	30034 short_reads/s	0 short_writes_echo/s	104 cpu_user_milliseconds	1114 cpu_system_milliseconds	0 minor_page_faults/s	0 major_page_faults/s	87830 yields/s	42 preempts/s
50000 milliseconds	2117 MB/s	34578 short_reads/s	0 short_writes_echo/s	94 cpu_user_milliseconds	1109 cpu_system_milliseconds	0 minor_page_faults/s	0 major_page_faults/s	93835 yields/s	6 preempts/s
51000 milliseconds	2134 MB/s	34238 short_reads/s	0 short_writes_echo/s	119 cpu_user_milliseconds	1081 cpu_system_milliseconds	0 minor_page_faults/s	0 major_page_faults/s	93110 yields/s	8 preempts/s
52000 milliseconds	2213 MB/s	36796 short_reads/s	0 short_writes_echo/s	117 cpu_user_milliseconds	1070 cpu_system_milliseconds	0 minor_page_faults/s	0 major_page_faults/s	97099 yields/s	13 preempts/s
53000 milliseconds	2106 MB/s	34246 short_reads/s	0 short_writes_echo/s	102 cpu_user_milliseconds	1110 cpu_system_milliseconds	0 minor_page_faults/s	0 major_page_faults/s	92776 yields/s	16 preempts/s
54000 milliseconds	2222 MB/s	37589 short_reads/s	0 short_writes_echo/s	124 cpu_user_milliseconds	1057 cpu_system_milliseconds	0 minor_page_faults/s	0 major_page_faults/s	97458 yields/s	67 preempts/s
55000 milliseconds	2297 MB/s	40363 short_reads/s	0 short_writes_echo/s	128 cpu_user_milliseconds	1026 cpu_system_milliseconds	0 minor_page_faults/s	0 major_page_faults/s	100796 yields/s	23 preempts/s
56000 milliseconds	2217 MB/s	38170 short_reads/s	0 short_writes_echo/s	119 cpu_user_milliseconds	1054 cpu_system_milliseconds	0 minor_page_faults/s	0 major_page_faults/s	97786 yields/s	152 preempts/s
57000 milliseconds	2241 MB/s	38268 short_reads/s	0 short_writes_echo/s	110 cpu_user_milliseconds	1067 cpu_system_milliseconds	0 minor_page_faults/s	0 major_page_faults/s	98261 yields/s	12 preempts/s
58000 milliseconds	2311 MB/s	40258 short_reads/s	0 short_writes_echo/s	104 cpu_user_milliseconds	1060 cpu_system_milliseconds	0 minor_page_faults/s	0 major_page_faults/s	100984 yields/s	0 preempts/s
59000 milliseconds	2221 MB/s	38532 short_reads/s	0 short_writes_echo/s	115 cpu_user_milliseconds	1036 cpu_system_milliseconds	0 minor_page_faults/s	0 major_page_faults/s	97691 yields/s	43 preempts/s
60000 milliseconds	2188 MB/s	36430 short_reads/s	0 short_writes_echo/s	110 cpu_user_milliseconds	1084 cpu_system_milliseconds	0 minor_page_faults/s	0 major_page_faults/s	95836 yields/s	9 preempts/s
61001 milliseconds	2061 MB/s	32542 short_reads/s	0 short_writes_echo/s	95 cpu_user_milliseconds	1117 cpu_system_milliseconds	0 minor_page_faults/s	0 major_page_faults/s	92004 yields/s	9 preempts/s
62001 milliseconds	2097 MB/s	34459 short_reads/s	0 short_writes_echo/s	122 cpu_user_milliseconds	1088 cpu_system_milliseconds	0 minor_page_faults/s	0 major_page_faults/s	92902 yields/s	2 preempts/s
63001 milliseconds	2076 MB/s	32411 short_reads/s	0 short_writes_echo/s	103 cpu_user_milliseconds	1152 cpu_system_milliseconds	0 minor_page_faults/s	0 major_page_faults/s	90749 yields/s	4 preempts/s
64001 milliseconds	2106 MB/s	34293 short_reads/s	0 short_writes_echo/s	106 cpu_user_milliseconds	1094 cpu_system_milliseconds	0 minor_page_faults/s	0 major_page_faults/s	92774 yields/s	54 preempts/s
65001 milliseconds	2286 MB/s	37218 short_reads/s	0 short_writes_echo/s	115 cpu_user_milliseconds	1104 cpu_system_milliseconds	0 minor_page_faults/s	0 major_page_faults/s	97202 yields/s	25 preempts/s
66001 milliseconds	1902 MB/s	29037 short_reads/s	0 short_writes_echo/s	80 cpu_user_milliseconds	1144 cpu_system_milliseconds	0 minor_page_faults/s	0 major_page_faults/s	86851 yields/s	6 preempts/s
67001 milliseconds	2164 MB/s	34733 short_reads/s	0 short_writes_echo/s	118 cpu_user_milliseconds	1115 cpu_system_milliseconds	0 minor_page_faults/s	0 major_page_faults/s	93567 yields/s	17 preempts/s
68001 milliseconds	2023 MB/s	32743 short_reads/s	0 short_writes_echo/s	121 cpu_user_milliseconds	1086 cpu_system_milliseconds	0 minor_page_faults/s	0 major_page_faults/s	90878 yields/s	23 preempts/s
69001 milliseconds	2092 MB/s	32729 short_reads/s	0 short_writes_echo/s	124 cpu_user_milliseconds	1110 cpu_system_milliseconds	0 minor_page_faults/s	0 major_page_faults/s	91091 yields/s	73 preempts/s
70001 milliseconds	2048 MB/s	31440 short_reads/s	0 short_writes_echo/s	102 cpu_user_milliseconds	1139 cpu_system_milliseconds	0 minor_page_faults/s	0 major_page_faults/s	89859 yields/s	29 preempts/s
71001 milliseconds	1969 MB/s	30967 short_reads/s	0 short_writes_echo/s	103 cpu_user_milliseconds	1121 cpu_system_milliseconds	0 minor_page_faults/s	0 major_page_faults/s	87789 yields/s	46 preempts/s
72001 milliseconds	2189 MB/s	36401 short_reads/s	0 short_writes_echo/s	97 cpu_user_milliseconds	1090 cpu_system_milliseconds	0 minor_page_faults/s	0 major_page_faults/s	96187 yields/s	55 preempts/s
73001 milliseconds	2396 MB/s	44833 short_reads/s	0 short_writes_echo/s	127 cpu_user_milliseconds	967 cpu_system_milliseconds	0 minor_page_faults/s	0 major_page_faults/s	106549 yields/s	2 preempts/s
74001 milliseconds	2292 MB/s	41052 short_reads/s	0 short_writes_echo/s	130 cpu_user_milliseconds	999 cpu_system_milliseconds	0 minor_page_faults/s	0 major_page_faults/s	100780 yields/s	97 preempts/s
75001 milliseconds	2348 MB/s	42812 short_reads/s	0 short_writes_echo/s	128 cpu_user_milliseconds	992 cpu_system_milliseconds	0 minor_page_faults/s	0 major_page_faults/s	103853 yields/s	9 preempts/s
76001 milliseconds	2123 MB/s	36030 short_reads/s	0 short_writes_echo/s	105 cpu_user_milliseconds	1063 cpu_system_milliseconds	0 minor_page_faults/s	0 major_page_faults/s	95190 yields/s	17 preempts/s
77001 milliseconds	2185 MB/s	37698 short_reads/s	0 short_writes_echo/s	100 cpu_user_milliseconds	1069 cpu_system_milliseconds	0 minor_page_faults/s	0 major_page_faults/s	97177 yields/s	9 preempts/s
78001 milliseconds	2167 MB/s	35806 short_reads/s	0 short_writes_echo/s	111 cpu_user_milliseconds	1100 cpu_system_milliseconds	0 minor_page_faults/s	0 major_page_faults/s	95038 yields/s	8 preempts/s
79001 milliseconds	2178 MB/s	35739 short_reads/s	0 short_writes_echo/s	104 cpu_user_milliseconds	1095 cpu_system_milliseconds	0 minor_page_faults/s	0 major_page_faults/s	94534 yields/s	101 preempts/s
80001 milliseconds	2189 MB/s	36618 short_reads/s	0 short_writes_echo/s	119 cpu_user_milliseconds	1076 cpu_system_milliseconds	0 minor_page_faults/s	0 major_page_faults/s	95675 yields/s	24 preempts/s
81001 milliseconds	2072 MB/s	33102 short_reads/s	0 short_writes_echo/s	100 cpu_user_milliseconds	1123 cpu_system_milliseconds	0 minor_page_faults/s	0 major_page_faults/s	91259 yields/s	31 preempts/s
82001 milliseconds	2116 MB/s	35276 short_reads/s	0 short_writes_echo/s	118 cpu_user_milliseconds	1074 cpu_system_milliseconds	0 minor_page_faults/s	0 major_page_faults/s	94061 yields/s	15 preempts/s
83001 milliseconds	2042 MB/s	32363 short_reads/s	0 short_writes_echo/s	121 cpu_user_milliseconds	1095 cpu_system_milliseconds	0 minor_page_faults/s	0 major_page_faults/s	90987 yields/s	12 preempts/s
84001 milliseconds	2290 MB/s	41003 short_reads/s	0 short_writes_echo/s	115 cpu_user_milliseconds	1014 cpu_system_milliseconds	0 minor_page_faults/s	0 major_page_faults/s	101044 yields/s	147 preempts/s
85001 milliseconds	2118 MB/s	33627 short_reads/s	0 short_writes_echo/s	118 cpu_user_milliseconds	1120 cpu_system_milliseconds	0 minor_page_faults/s	0 major_page_faults/s	92400 yields/s	15 preempts/s
86001 milliseconds	2193 MB/s	35394 short_reads/s	0 short_writes_echo/s	112 cpu_user_milliseconds	1118 cpu_system_milliseconds	0 minor_page_faults/s	0 major_page_faults/s	94703 yields/s	27 preempts/s
87001 milliseconds	2075 MB/s	32581 short_reads/s	0 short_writes_echo/s	103 cpu_user_milliseconds	1128 cpu_system_milliseconds	0 minor_page_faults/s	0 major_page_faults/s	90900 yields/s	57 preempts/s
88001 milliseconds	2311 MB/s	40090 short_reads/s	0 short_writes_echo/s	101 cpu_user_milliseconds	1068 cpu_system_milliseconds	0 minor_page_faults/s	0 major_page_faults/s	100453 yields/s	27 preempts/s
89001 milliseconds	2011 MB/s	32351 short_reads/s	0 short_writes_echo/s	115 cpu_user_milliseconds	1098 cpu_system_milliseconds	0 minor_page_faults/s	0 major_page_faults/s	89404 yields/s	118 preempts/s
90001 milliseconds	2003 MB/s	32246 short_reads/s	0 short_writes_echo/s	92 cpu_user_milliseconds	1127 cpu_system_milliseconds	0 minor_page_faults/s	0 major_page_faults/s	89876 yields/s	83 preempts/s
91001 milliseconds	2392 MB/s	42958 short_reads/s	0 short_writes_echo/s	116 cpu_user_milliseconds	1016 cpu_system_milliseconds	0 minor_page_faults/s	0 major_page_faults/s	104685 yields/s	10 preempts/s
92001 milliseconds	2121 MB/s	35483 short_reads/s	0 short_writes_echo/s	114 cpu_user_milliseconds	1067 cpu_system_milliseconds	0 minor_page_faults/s	0 major_page_faults/s	94108 yields/s	44 preempts/s
93001 milliseconds	2316 MB/s	39670 short_reads/s	0 short_writes_echo/s	108 cpu_user_milliseconds	1059 cpu_system_milliseconds	0 minor_page_faults/s	0 major_page_faults/s	100689 yields/s	220 preempts/s
94001 milliseconds	2080 MB/s	33643 short_reads/s	0 short_writes_echo/s	117 cpu_user_milliseconds	1087 cpu_system_milliseconds	0 minor_page_faults/s	0 major_page_faults/s	92258 yields/s	88 preempts/s
95001 milliseconds	2018 MB/s	31569 short_reads/s	0 short_writes_echo/s	89 cpu_user_milliseconds	1130 cpu_system_milliseconds	0 minor_page_faults/s	0 major_page_faults/s	90378 yields/s	10 preempts/s
96001 milliseconds	2096 MB/s	34433 short_reads/s	0 short_writes_echo/s	116 cpu_user_milliseconds	1077 cpu_system_milliseconds	0 minor_page_faults/s	0 major_page_faults/s	93376 yields/s	51 preempts/s
97001 milliseconds	2006 MB/s	32046 short_reads/s	0 short_writes_echo/s	87 cpu_user_milliseconds	1085 cpu_system_milliseconds	0 minor_page_faults/s	0 major_page_faults/s	86313 yields/s	814 preempts/s
98002 milliseconds	1640 MB/s	25038 short_reads/s	0 short_writes_echo/s	86 cpu_user_milliseconds	955 cpu_system_milliseconds	0 minor_page_faults/s	0 major_page_faults/s	62088 yields/s	12326 preempts/s
99002 milliseconds	1255 MB/s	19161 short_reads/s	0 short_writes_echo/s	44 cpu_user_milliseconds	803 cpu_system_milliseconds	0 minor_page_faults/s	0 major_page_faults/s	38029 yields/s	18941 preempts/s
100002 milliseconds	1693 MB/s	25833 short_reads/s	0 short_writes_echo/s	97 cpu_user_milliseconds	993 cpu_system_milliseconds	0 minor_page_faults/s	0 major_page_faults/s	66307 yields/s	10836 preempts/s
101002 milliseconds	1651 MB/s	25193 short_reads/s	0 short_writes_echo/s	81 cpu_user_milliseconds	1018 cpu_system_milliseconds	0 minor_page_faults/s	0 major_page_faults/s	69277 yields/s	6226 preempts/s
102002 milliseconds	1884 MB/s	28758 short_reads/s	0 short_writes_echo/s	99 cpu_user_milliseconds	1099 cpu_system_milliseconds	0 minor_page_faults/s	0 major_page_faults/s	85574 yields/s	593 preempts/s
103002 milliseconds	1938 MB/s	29585 short_reads/s	0 short_writes_echo/s	107 cpu_user_milliseconds	1130 cpu_system_milliseconds	0 minor_page_faults/s	0 major_page_faults/s	88553 yields/s	46 preempts/s
104002 milliseconds	2115 MB/s	33829 short_reads/s	0 short_writes_echo/s	100 cpu_user_milliseconds	1063 cpu_system_milliseconds	0 minor_page_faults/s	0 major_page_faults/s	82686 yields/s	3197 preempts/s
105002 milliseconds	1991 MB/s	30394 short_reads/s	0 short_writes_echo/s	106 cpu_user_milliseconds	1133 cpu_system_milliseconds	0 minor_page_faults/s	0 major_page_faults/s	90532 yields/s	159 preempts/s
106002 milliseconds	1837 MB/s	28032 short_reads/s	0 short_writes_echo/s	76 cpu_user_milliseconds	1143 cpu_system_milliseconds	0 minor_page_faults/s	0 major_page_faults/s	83897 yields/s	135 preempts/s
107002 milliseconds	1924 MB/s	29368 short_reads/s	0 short_writes_echo/s	113 cpu_user_milliseconds	1124 cpu_system_milliseconds	0 minor_page_faults/s	0 major_page_faults/s	87642 yields/s	440 preempts/s
108002 milliseconds	2095 MB/s	36372 short_reads/s	0 short_writes_echo/s	105 cpu_user_milliseconds	1022 cpu_system_milliseconds	0 minor_page_faults/s	0 major_page_faults/s	92109 yields/s	1683 preempts/s
109002 milliseconds	2202 MB/s	36713 short_reads/s	0 short_writes_echo/s	108 cpu_user_milliseconds	1086 cpu_system_milliseconds	0 minor_page_faults/s	0 major_page_faults/s	95430 yields/s	259 preempts/s
110002 milliseconds	2354 MB/s	41172 short_reads/s	0 short_writes_echo/s	119 cpu_user_milliseconds	1042 cpu_system_milliseconds	0 minor_page_faults/s	0 major_page_faults/s	101976 yields/s	17 preempts/s
111002 milliseconds	2145 MB/s	36420 short_reads/s	0 short_writes_echo/s	112 cpu_user_milliseconds	1074 cpu_system_milliseconds	0 minor_page_faults/s	0 major_page_faults/s	95136 yields/s	5 preempts/s
112002 milliseconds	2104 MB/s	34951 short_reads/s	0 short_writes_echo/s	129 cpu_user_milliseconds	1070 cpu_system_milliseconds	0 minor_page_faults/s	0 major_page_faults/s	93294 yields/s	1 preempts/s
113002 milliseconds	2250 MB/s	38713 short_reads/s	0 short_writes_echo/s	142 cpu_user_milliseconds	1026 cpu_system_milliseconds	0 minor_page_faults/s	0 major_page_faults/s	98658 yields/s	17 preempts/s
114002 milliseconds	2232 MB/s	38671 short_reads/s	0 short_writes_echo/s	118 cpu_user_milliseconds	1042 cpu_system_milliseconds	0 minor_page_faults/s	0 major_page_faults/s	97985 yields/s	78 preempts/s
115002 milliseconds	2099 MB/s	35294 short_reads/s	0 short_writes_echo/s	109 cpu_user_milliseconds	1080 cpu_system_milliseconds	0 minor_page_faults/s	0 major_page_faults/s	93566 yields/s	108 preempts/s
116002 milliseconds	2079 MB/s	33153 short_reads/s	0 short_writes_echo/s	99 cpu_user_milliseconds	1123 cpu_system_milliseconds	0 minor_page_faults/s	0 major_page_faults/s	91583 yields/s	12 preempts/s
117002 milliseconds	2322 MB/s	40450 short_reads/s	0 short_writes_echo/s	118 cpu_user_milliseconds	1044 cpu_system_milliseconds	0 minor_page_faults/s	0 major_page_faults/s	101213 yields/s	10 preempts/s
118002 milliseconds	2151 MB/s	35573 short_reads/s	0 short_writes_echo/s	109 cpu_user_milliseconds	1102 cpu_system_milliseconds	0 minor_page_faults/s	0 major_page_faults/s	94638 yields/s	6 preempts/s
119002 milliseconds	2099 MB/s	34664 short_reads/s	0 short_writes_echo/s	118 cpu_user_milliseconds	1076 cpu_system_milliseconds	0 minor_page_faults/s	0 major_page_faults/s	91978 yields/s	141 preempts/s
120002 milliseconds	2331 MB/s	40811 short_reads/s	0 short_writes_echo/s	119 cpu_user_milliseconds	1032 cpu_system_milliseconds	0 minor_page_faults/s	0 major_page_faults/s	101700 yields/s	12 preempts/s
121002 milliseconds	2258 MB/s	39593 short_reads/s	0 short_writes_echo/s	132 cpu_user_milliseconds	1030 cpu_system_milliseconds	0 minor_page_faults/s	0 major_page_faults/s	99494 yields/s	11 preempts/s
122002 milliseconds	2312 MB/s	39801 short_reads/s	0 short_writes_echo/s	116 cpu_user_milliseconds	1060 cpu_system_milliseconds	0 minor_page_faults/s	0 major_page_faults/s	100361 yields/s	13 preempts/s
123002 milliseconds	2166 MB/s	36587 short_reads/s	0 short_writes_echo/s	99 cpu_user_milliseconds	1092 cpu_system_milliseconds	0 minor_page_faults/s	0 major_page_faults/s	95685 yields/s	2 preempts/s
124002 milliseconds	2234 MB/s	37917 short_reads/s	0 short_writes_echo/s	117 cpu_user_milliseconds	1059 cpu_system_milliseconds	0 minor_page_faults/s	0 major_page_faults/s	97950 yields/s	49 preempts/s
125002 milliseconds	2073 MB/s	33755 short_reads/s	0 short_writes_echo/s	104 cpu_user_milliseconds	1106 cpu_system_milliseconds	0 minor_page_faults/s	0 major_page_faults/s	92051 yields/s	4 preempts/s
126002 milliseconds	2336 MB/s	41075 short_reads/s	0 short_writes_echo/s	109 cpu_user_milliseconds	1039 cpu_system_milliseconds	0 minor_page_faults/s	0 major_page_faults/s	102136 yields/s	15 preempts/s
127002 milliseconds	2140 MB/s	36045 short_reads/s	0 short_writes_echo/s	94 cpu_user_milliseconds	1087 cpu_system_milliseconds	0 minor_page_faults/s	0 major_page_faults/s	95216 yields/s	19 preempts/s
128002 milliseconds	2233 MB/s	38131 short_reads/s	0 short_writes_echo/s	112 cpu_user_milliseconds	1054 cpu_system_milliseconds	0 minor_page_faults/s	0 major_page_faults/s	98100 yields/s	242 preempts/s
129002 milliseconds	1974 MB/s	31121 short_reads/s	0 short_writes_echo/s	93 cpu_user_milliseconds	1133 cpu_system_milliseconds	0 minor_page_faults/s	0 major_page_faults/s	88329 yields/s	57 preempts/s
130003 milliseconds	1936 MB/s	30740 short_reads/s	0 short_writes_echo/s	118 cpu_user_milliseconds	1103 cpu_system_milliseconds	0 minor_page_faults/s	0 major_page_faults/s	87899 yields/s	2 preempts/s
131003 milliseconds	2179 MB/s	35297 short_reads/s	0 short_writes_echo/s	120 cpu_user_milliseconds	1098 cpu_system_milliseconds	0 minor_page_faults/s	0 major_page_faults/s	93905 yields/s	10 preempts/s
132003 milliseconds	2201 MB/s	37311 short_reads/s	0 short_writes_echo/s	107 cpu_user_milliseconds	1074 cpu_system_milliseconds	0 minor_page_faults/s	0 major_page_faults/s	97245 yields/s	4 preempts/s
133003 milliseconds	2082 MB/s	34119 short_reads/s	0 short_writes_echo/s	95 cpu_user_milliseconds	1070 cpu_system_milliseconds	0 minor_page_faults/s	0 major_page_faults/s	93214 yields/s	170 preempts/s
134003 milliseconds	2029 MB/s	30995 short_reads/s	0 short_writes_echo/s	108 cpu_user_milliseconds	1138 cpu_system_milliseconds	0 minor_page_faults/s	0 major_page_faults/s	89265 yields/s	43 preempts/s
135003 milliseconds	2211 MB/s	35490 short_reads/s	0 short_writes_echo/s	118 cpu_user_milliseconds	1117 cpu_system_milliseconds	0 minor_page_faults/s	0 major_page_faults/s	94929 yields/s	19 preempts/s
136003 milliseconds	2238 MB/s	39863 short_reads/s	0 short_writes_echo/s	108 cpu_user_milliseconds	1016 cpu_system_milliseconds	0 minor_page_faults/s	0 major_page_faults/s	100434 yields/s	6 preempts/s
137003 milliseconds	2099 MB/s	33701 short_reads/s	0 short_writes_echo/s	107 cpu_user_milliseconds	1121 cpu_system_milliseconds	0 minor_page_faults/s	0 major_page_faults/s	92008 yields/s	8 preempts/s
138003 milliseconds	2252 MB/s	39549 short_reads/s	0 short_writes_echo/s	109 cpu_user_milliseconds	1035 cpu_system_milliseconds	0 minor_page_faults/s	0 major_page_faults/s	100095 yields/s	18 preempts/s
139003 milliseconds	2348 MB/s	41226 short_reads/s	0 short_writes_echo/s	127 cpu_user_milliseconds	1016 cpu_system_milliseconds	0 minor_page_faults/s	0 major_page_faults/s	101890 yields/s	119 preempts/s
140003 milliseconds	2001 MB/s	32253 short_reads/s	0 short_writes_echo/s	109 cpu_user_milliseconds	1107 cpu_system_milliseconds	0 minor_page_faults/s	0 major_page_faults/s	89575 yields/s	4 preempts/s
141003 milliseconds	2263 MB/s	39369 short_reads/s	0 short_writes_echo/s	125 cpu_user_milliseconds	1038 cpu_system_milliseconds	0 minor_page_faults/s	0 major_page_faults/s	100104 yields/s	4 preempts/s
142003 milliseconds	1961 MB/s	30635 short_reads/s	0 short_writes_echo/s	115 cpu_user_milliseconds	1116 cpu_system_milliseconds	0 minor_page_faults/s	0 major_page_faults/s	87586 yields/s	3 preempts/s
143003 milliseconds	2200 MB/s	37771 short_reads/s	0 short_writes_echo/s	136 cpu_user_milliseconds	1035 cpu_system_milliseconds	0 minor_page_faults/s	0 major_page_faults/s	97507 yields/s	14 preempts/s
144003 milliseconds	2179 MB/s	35667 short_reads/s	0 short_writes_echo/s	103 cpu_user_milliseconds	1093 cpu_system_milliseconds	0 minor_page_faults/s	0 major_page_faults/s	94666 yields/s	96 preempts/s
145003 milliseconds	2191 MB/s	36254 short_reads/s	0 short_writes_echo/s	115 cpu_user_milliseconds	1098 cpu_system_milliseconds	0 minor_page_faults/s	0 major_page_faults/s	95929 yields/s	4 preempts/s
146003 milliseconds	2362 MB/s	41705 short_reads/s	0 short_writes_echo/s	130 cpu_user_milliseconds	1021 cpu_system_milliseconds	0 minor_page_faults/s	0 major_page_faults/s	102808 yields/s	35 preempts/s
147003 milliseconds	2120 MB/s	34918 short_reads/s	0 short_writes_echo/s	109 cpu_user_milliseconds	1096 cpu_system_milliseconds	0 minor_page_faults/s	0 major_page_faults/s	93526 yields/s	29 preempts/s
148003 milliseconds	2226 MB/s	38409 short_reads/s	0 short_writes_echo/s	115 cpu_user_milliseconds	1045 cpu_system_milliseconds	0 minor_page_faults/s	0 major_page_faults/s	98313 yields/s	69 preempts/s
149003 milliseconds	2148 MB/s	35864 short_reads/s	0 short_writes_echo/s	98 cpu_user_milliseconds	1082 cpu_system_milliseconds	0 minor_page_faults/s	0 major_page_faults/s	94557 yields/s	194 preempts/s
150003 milliseconds	2293 MB/s	40345 short_reads/s	0 short_writes_echo/s	128 cpu_user_milliseconds	1018 cpu_system_milliseconds	0 minor_page_faults/s	0 major_page_faults/s	101299 yields/s	64 preempts/s
151003 milliseconds	2389 MB/s	42512 short_reads/s	0 short_writes_echo/s	129 cpu_user_milliseconds	1013 cpu_system_milliseconds	0 minor_page_faults/s	0 major_page_faults/s	103904 yields/s	20 preempts/s
152003 milliseconds	2383 MB/s	38929 short_reads/s	0 short_writes_echo/s	118 cpu_user_milliseconds	1107 cpu_system_milliseconds	0 minor_page_faults/s	0 major_page_faults/s	99973 yields/s	11 preempts/s
153003 milliseconds	2326 MB/s	41371 short_reads/s	0 short_writes_echo/s	128 cpu_user_milliseconds	1021 cpu_system_milliseconds	0 minor_page_faults/s	0 major_page_faults/s	102065 yields/s	3 preempts/s
154003 milliseconds	2143 MB/s	34830 short_reads/s	0 short_writes_echo/s	94 cpu_user_milliseconds	1117 cpu_system_milliseconds	0 minor_page_faults/s	0 major_page_faults/s	92629 yields/s	373 preempts/s
155003 milliseconds	2342 MB/s	40444 short_reads/s	0 short_writes_echo/s	117 cpu_user_milliseconds	1059 cpu_system_milliseconds	0 minor_page_faults/s	0 major_page_faults/s	101226 yields/s	21 preempts/s
156003 milliseconds	2259 MB/s	38655 short_reads/s	0 short_writes_echo/s	105 cpu_user_milliseconds	1069 cpu_system_milliseconds	0 minor_page_faults/s	0 major_page_faults/s	98695 yields/s	41 preempts/s
157003 milliseconds	2150 MB/s	36116 short_reads/s	0 short_writes_echo/s	114 cpu_user_milliseconds	1055 cpu_system_milliseconds	0 minor_page_faults/s	0 major_page_faults/s	93416 yields/s	39 preempts/s
158003 milliseconds	2227 MB/s	36858 short_reads/s	0 short_writes_echo/s	113 cpu_user_milliseconds	1078 cpu_system_milliseconds	0 minor_page_faults/s	0 major_page_faults/s	97416 yields/s	9 preempts/s
159003 milliseconds	1946 MB/s	30736 short_reads/s	0 short_writes_echo/s	97 cpu_user_milliseconds	1118 cpu_system_milliseconds	0 minor_page_faults/s	0 major_page_faults/s	87050 yields/s	230 preempts/s
160003 milliseconds	2057 MB/s	32484 short_reads/s	0 short_writes_echo/s	122 cpu_user_milliseconds	1122 cpu_system_milliseconds	0 minor_page_faults/s	0 major_page_faults/s	90579 yields/s	4 preempts/s
161003 milliseconds	2088 MB/s	34368 short_reads/s	0 short_writes_echo/s	128 cpu_user_milliseconds	1067 cpu_system_milliseconds	0 minor_page_faults/s	0 major_page_faults/s	93171 yields/s	12 preempts/s
162003 milliseconds	2219 MB/s	37794 short_reads/s	0 short_writes_echo/s	127 cpu_user_milliseconds	1054 cpu_system_milliseconds	0 minor_page_faults/s	0 major_page_faults/s	97388 yields/s	24 preempts/s
163003 milliseconds	2252 MB/s	38096 short_reads/s	0 short_writes_echo/s	108 cpu_user_milliseconds	1079 cpu_system_milliseconds	0 minor_page_faults/s	0 major_page_faults/s	98358 yields/s	23 preempts/s
164003 milliseconds	2363 MB/s	41658 short_reads/s	0 short_writes_echo/s	115 cpu_user_milliseconds	1032 cpu_system_milliseconds	0 minor_page_faults/s	0 major_page_faults/s	101957 yields/s	105 preempts/s
165003 milliseconds	2119 MB/s	35812 short_reads/s	0 short_writes_echo/s	91 cpu_user_milliseconds	1092 cpu_system_milliseconds	0 minor_page_faults/s	0 major_page_faults/s	94399 yields/s	2 preempts/s
166003 milliseconds	2147 MB/s	34546 short_reads/s	0 short_writes_echo/s	89 cpu_user_milliseconds	1133 cpu_system_milliseconds	0 minor_page_faults/s	0 major_page_faults/s	93448 yields/s	20 preempts/s
167003 milliseconds	2370 MB/s	44157 short_reads/s	0 short_writes_echo/s	103 cpu_user_milliseconds	990 cpu_system_milliseconds	0 minor_page_faults/s	0 major_page_faults/s	105403 yields/s	16 preempts/s
168003 milliseconds	2284 MB/s	39681 short_reads/s	0 short_writes_echo/s	117 cpu_user_milliseconds	1036 cpu_system_milliseconds	0 minor_page_faults/s	0 major_page_faults/s	99022 yields/s	13 preempts/s
169003 milliseconds	2276 MB/s	40717 short_reads/s	0 short_writes_echo/s	113 cpu_user_milliseconds	1011 cpu_system_milliseconds	0 minor_page_faults/s	0 major_page_faults/s	100984 yields/s	174 preempts/s
170003 milliseconds	2360 MB/s	40892 short_reads/s	0 short_writes_echo/s	135 cpu_user_milliseconds	1037 cpu_system_milliseconds	0 minor_page_faults/s	0 major_page_faults/s	101767 yields/s	32 preempts/s
171003 milliseconds	2335 MB/s	41351 short_reads/s	0 short_writes_echo/s	121 cpu_user_milliseconds	1020 cpu_system_milliseconds	0 minor_page_faults/s	0 major_page_faults/s	102520 yields/s	37 preempts/s
172003 milliseconds	2372 MB/s	44651 short_reads/s	0 short_writes_echo/s	129 cpu_user_milliseconds	961 cpu_system_milliseconds	0 minor_page_faults/s	0 major_page_faults/s	106265 yields/s	6 preempts/s
173003 milliseconds	2066 MB/s	33432 short_reads/s	0 short_writes_echo/s	103 cpu_user_milliseconds	1105 cpu_system_milliseconds	0 minor_page_faults/s	0 major_page_faults/s	91749 yields/s	8 preempts/s
174003 milliseconds	2039 MB/s	33610 short_reads/s	0 short_writes_echo/s	122 cpu_user_milliseconds	1072 cpu_system_milliseconds	0 minor_page_faults/s	0 major_page_faults/s	91280 yields/s	209 preempts/s
175003 milliseconds	2208 MB/s	37422 short_reads/s	0 short_writes_echo/s	109 cpu_user_milliseconds	1072 cpu_system_milliseconds	0 minor_page_faults/s	0 major_page_faults/s	97473 yields/s	28 preempts/s
176003 milliseconds	2234 MB/s	38859 short_reads/s	0 short_writes_echo/s	142 cpu_user_milliseconds	1021 cpu_system_milliseconds	0 minor_page_faults/s	0 major_page_faults/s	98583 yields/s	35 preempts/s
177003 milliseconds	2155 MB/s	36855 short_reads/s	0 short_writes_echo/s	137 cpu_user_milliseconds	1032 cpu_system_milliseconds	0 minor_page_faults/s	0 major_page_faults/s	96136 yields/s	25 preempts/s
178003 milliseconds	1906 MB/s	29186 short_reads/s	0 short_writes_echo/s	110 cpu_user_milliseconds	1139 cpu_system_milliseconds	0 minor_page_faults/s	0 major_page_faults/s	85514 yields/s	7 preempts/s
179003 milliseconds	2140 MB/s	35793 short_reads/s	0 short_writes_echo/s	96 cpu_user_milliseconds	1086 cpu_system_milliseconds	0 minor_page_faults/s	0 major_page_faults/s	94642 yields/s	39 preempts/s
180003 milliseconds	2236 MB/s	38047 short_reads/s	0 short_writes_echo/s	124 cpu_user_milliseconds	1045 cpu_system_milliseconds	0 minor_page_faults/s	0 major_page_faults/s	97834 yields/s	8 preempts/s
181003 milliseconds	2380 MB/s	41568 short_reads/s	0 short_writes_echo/s	148 cpu_user_milliseconds	1022 cpu_system_milliseconds	0 minor_page_faults/s	0 major_page_faults/s	102724 yields/s	1 preempts/s
182003 milliseconds	2398 MB/s	41101 short_reads/s	0 short_writes_echo/s	125 cpu_user_milliseconds	1057 cpu_system_milliseconds	0 minor_page_faults/s	0 major_page_faults/s	102523 yields/s	27 preempts/s
183003 milliseconds	2290 MB/s	41241 short_reads/s	0 short_writes_echo/s	96 cpu_user_milliseconds	1034 cpu_system_milliseconds	0 minor_page_faults/s	0 major_page_faults/s	102170 yields/s	3 preempts/s
184003 milliseconds	2134 MB/s	36196 short_reads/s	0 short_writes_echo/s	108 cpu_user_milliseconds	1070 cpu_system_milliseconds	0 minor_page_faults/s	0 major_page_faults/s	94431 yields/s	36 preempts/s
185004 milliseconds	2196 MB/s	37283 short_reads/s	0 short_writes_echo/s	116 cpu_user_milliseconds	1052 cpu_system_milliseconds	0 minor_page_faults/s	0 major_page_faults/s	96926 yields/s	17 preempts/s
186004 milliseconds	2168 MB/s	35805 short_reads/s	0 short_writes_echo/s	103 cpu_user_milliseconds	1103 cpu_system_milliseconds	0 minor_page_faults/s	0 major_page_faults/s	94557 yields/s	6 preempts/s
187004 milliseconds	2265 MB/s	40340 short_reads/s	0 short_writes_echo/s	124 cpu_user_milliseconds	1012 cpu_system_milliseconds	0 minor_page_faults/s	0 major_page_faults/s	101334 yields/s	5 preempts/s
188004 milliseconds	2307 MB/s	38878 short_reads/s	0 short_writes_echo/s	116 cpu_user_milliseconds	1069 cpu_system_milliseconds	0 minor_page_faults/s	0 major_page_faults/s	99733 yields/s	20 preempts/s
189004 milliseconds	2134 MB/s	35020 short_reads/s	0 short_writes_echo/s	111 cpu_user_milliseconds	1082 cpu_system_milliseconds	0 minor_page_faults/s	0 major_page_faults/s	93890 yields/s	47 preempts/s
190004 milliseconds	2099 MB/s	34359 short_reads/s	0 short_writes_echo/s	107 cpu_user_milliseconds	1105 cpu_system_milliseconds	0 minor_page_faults/s	0 major_page_faults/s	92711 yields/s	9 preempts/s
191004 milliseconds	2216 MB/s	37066 short_reads/s	0 short_writes_echo/s	116 cpu_user_milliseconds	1073 cpu_system_milliseconds	0 minor_page_faults/s	0 major_page_faults/s	95165 yields/s	124 preempts/s
192004 milliseconds	2216 MB/s	37607 short_reads/s	0 short_writes_echo/s	112 cpu_user_milliseconds	1064 cpu_system_milliseconds	0 minor_page_faults/s	0 major_page_faults/s	97469 yields/s	9 preempts/s
193004 milliseconds	2273 MB/s	38748 short_reads/s	0 short_writes_echo/s	120 cpu_user_milliseconds	1061 cpu_system_milliseconds	0 minor_page_faults/s	0 major_page_faults/s	98692 yields/s	15 preempts/s
194004 milliseconds	2107 MB/s	34903 short_reads/s	0 short_writes_echo/s	116 cpu_user_milliseconds	1085 cpu_system_milliseconds	0 minor_page_faults/s	0 major_page_faults/s	93269 yields/s	100 preempts/s
195004 milliseconds	2288 MB/s	39343 short_reads/s	0 short_writes_echo/s	117 cpu_user_milliseconds	1048 cpu_system_milliseconds	0 minor_page_faults/s	0 major_page_faults/s	100191 yields/s	8 preempts/s
196004 milliseconds	2244 MB/s	37150 short_reads/s	0 short_writes_echo/s	122 cpu_user_milliseconds	1090 cpu_system_milliseconds	0 minor_page_faults/s	0 major_page_faults/s	96460 yields/s	11 preempts/s
197004 milliseconds	2035 MB/s	33228 short_reads/s	0 short_writes_echo/s	102 cpu_user_milliseconds	1102 cpu_system_milliseconds	0 minor_page_faults/s	0 major_page_faults/s	90923 yields/s	15 preempts/s
198004 milliseconds	2051 MB/s	32461 short_reads/s	0 short_writes_echo/s	101 cpu_user_milliseconds	1128 cpu_system_milliseconds	0 minor_page_faults/s	0 major_page_faults/s	90558 yields/s	5 preempts/s
199004 milliseconds	2140 MB/s	36436 short_reads/s	0 short_writes_echo/s	108 cpu_user_milliseconds	1060 cpu_system_milliseconds	0 minor_page_faults/s	0 major_page_faults/s	96050 yields/s	105 preempts/s
200004 milliseconds	2073 MB/s	33699 short_reads/s	0 short_writes_echo/s	117 cpu_user_milliseconds	1092 cpu_system_milliseconds	0 minor_page_faults/s	0 major_page_faults/s	91792 yields/s	6 preempts/s
201004 milliseconds	2372 MB/s	41381 short_reads/s	0 short_writes_echo/s	111 cpu_user_milliseconds	1047 cpu_system_milliseconds	0 minor_page_faults/s	0 major_page_faults/s	103370 yields/s	0 preempts/s
202004 milliseconds	2099 MB/s	35702 short_reads/s	0 short_writes_echo/s	111 cpu_user_milliseconds	1070 cpu_system_milliseconds	0 minor_page_faults/s	0 major_page_faults/s	93804 yields/s	1 preempts/s
203004 milliseconds	2271 MB/s	39158 short_reads/s	0 short_writes_echo/s	115 cpu_user_milliseconds	1058 cpu_system_milliseconds	0 minor_page_faults/s	0 major_page_faults/s	99777 yields/s	20 preempts/s
204004 milliseconds	2154 MB/s	35050 short_reads/s	0 short_writes_echo/s	109 cpu_user_milliseconds	1105 cpu_system_milliseconds	0 minor_page_faults/s	0 major_page_faults/s	93650 yields/s	120 preempts/s
205004 milliseconds	2097 MB/s	33818 short_reads/s	0 short_writes_echo/s	117 cpu_user_milliseconds	1110 cpu_system_milliseconds	0 minor_page_faults/s	0 major_page_faults/s	92382 yields/s	7 preempts/s
206004 milliseconds	2473 MB/s	43932 short_reads/s	0 short_writes_echo/s	126 cpu_user_milliseconds	1027 cpu_system_milliseconds	0 minor_page_faults/s	0 major_page_faults/s	106130 yields/s	8 preempts/s
207004 milliseconds	2268 MB/s	37642 short_reads/s	0 short_writes_echo/s	119 cpu_user_milliseconds	1091 cpu_system_milliseconds	0 minor_page_faults/s	0 major_page_faults/s	97563 yields/s	16 preempts/s
208004 milliseconds	2281 MB/s	40273 short_reads/s	0 short_writes_echo/s	119 cpu_user_milliseconds	1035 cpu_system_milliseconds	0 minor_page_faults/s	0 major_page_faults/s	100405 yields/s	5 preempts/s
209004 milliseconds	2163 MB/s	35324 short_reads/s	0 short_writes_echo/s	129 cpu_user_milliseconds	1085 cpu_system_milliseconds	0 minor_page_faults/s	0 major_page_faults/s	93930 yields/s	70 preempts/s
210004 milliseconds	2228 MB/s	37198 short_reads/s	0 short_writes_echo/s	126 cpu_user_milliseconds	1075 cpu_system_milliseconds	0 minor_page_faults/s	0 major_page_faults/s	96871 yields/s	8 preempts/s
211004 milliseconds	2026 MB/s	31965 short_reads/s	0 short_writes_echo/s	115 cpu_user_milliseconds	1123 cpu_system_milliseconds	0 minor_page_faults/s	0 major_page_faults/s	89652 yields/s	16 preempts/s
212004 milliseconds	2212 MB/s	37427 short_reads/s	0 short_writes_echo/s	105 cpu_user_milliseconds	1080 cpu_system_milliseconds	0 minor_page_faults/s	0 major_page_faults/s	97010 yields/s	39 preempts/s
213004 milliseconds	2265 MB/s	38053 short_reads/s	0 short_writes_echo/s	125 cpu_user_milliseconds	1070 cpu_system_milliseconds	0 minor_page_faults/s	0 major_page_faults/s	98534 yields/s	7 preempts/s
214004 milliseconds	2058 MB/s	33091 short_reads/s	0 short_writes_echo/s	115 cpu_user_milliseconds	1106 cpu_system_milliseconds	0 minor_page_faults/s	0 major_page_faults/s	90690 yields/s	40 preempts/s
215004 milliseconds	2140 MB/s	35465 short_reads/s	0 short_writes_echo/s	94 cpu_user_milliseconds	1109 cpu_system_milliseconds	0 minor_page_faults/s	0 major_page_faults/s	93949 yields/s	13 preempts/s
216004 milliseconds	2047 MB/s	32496 short_reads/s	0 short_writes_echo/s	115 cpu_user_milliseconds	1100 cpu_system_milliseconds	0 minor_page_faults/s	0 major_page_faults/s	91007 yields/s	24 preempts/s
217004 milliseconds	2084 MB/s	34904 short_reads/s	0 short_writes_echo/s	113 cpu_user_milliseconds	1077 cpu_system_milliseconds	0 minor_page_faults/s	0 major_page_faults/s	93674 yields/s	5 preempts/s
218004 milliseconds	2210 MB/s	37290 short_reads/s	0 short_writes_echo/s	120 cpu_user_milliseconds	1058 cpu_system_milliseconds	0 minor_page_faults/s	0 major_page_faults/s	97344 yields/s	7 preempts/s
219004 milliseconds	2169 MB/s	36611 short_reads/s	0 short_writes_echo/s	104 cpu_user_milliseconds	1065 cpu_system_milliseconds	0 minor_page_faults/s	0 major_page_faults/s	96206 yields/s	165 preempts/s
220004 milliseconds	2343 MB/s	40308 short_reads/s	0 short_writes_echo/s	119 cpu_user_milliseconds	1056 cpu_system_milliseconds	0 minor_page_faults/s	0 major_page_faults/s	101118 yields/s	11 preempts/s
221004 milliseconds	2399 MB/s	43583 short_reads/s	0 short_writes_echo/s	128 cpu_user_milliseconds	995 cpu_system_milliseconds	0 minor_page_faults/s	0 major_page_faults/s	105046 yields/s	12 preempts/s
222004 milliseconds	2076 MB/s	33193 short_reads/s	0 short_writes_echo/s	116 cpu_user_milliseconds	1099 cpu_system_milliseconds	0 minor_page_faults/s	0 major_page_faults/s	92055 yields/s	8 preempts/s
223004 milliseconds	2119 MB/s	35906 short_reads/s	0 short_writes_echo/s	113 cpu_user_milliseconds	1058 cpu_system_milliseconds	0 minor_page_faults/s	0 major_page_faults/s	95402 yields/s	3 preempts/s
224004 milliseconds	2359 MB/s	44139 short_reads/s	0 short_writes_echo/s	114 cpu_user_milliseconds	976 cpu_system_milliseconds	0 minor_page_faults/s	0 major_page_faults/s	104921 yields/s	31 preempts/s
225004 milliseconds	2090 MB/s	34208 short_reads/s	0 short_writes_echo/s	118 cpu_user_milliseconds	1094 cpu_system_milliseconds	0 minor_page_faults/s	0 major_page_faults/s	92263 yields/s	22 preempts/s
226004 milliseconds	2224 MB/s	36690 short_reads/s	0 short_writes_echo/s	117 cpu_user_milliseconds	1091 cpu_system_milliseconds	0 minor_page_faults/s	0 major_page_faults/s	96199 yields/s	35 preempts/s
227004 milliseconds	2153 MB/s	36333 short_reads/s	0 short_writes_echo/s	119 cpu_user_milliseconds	1067 cpu_system_milliseconds	0 minor_page_faults/s	0 major_page_faults/s	95283 yields/s	21 preempts/s
228004 milliseconds	2185 MB/s	37359 short_reads/s	0 short_writes_echo/s	136 cpu_user_milliseconds	1035 cpu_system_milliseconds	0 minor_page_faults/s	0 major_page_faults/s	95664 yields/s	142 preempts/s
229004 milliseconds	2111 MB/s	34218 short_reads/s	0 short_writes_echo/s	90 cpu_user_milliseconds	1100 cpu_system_milliseconds	0 minor_page_faults/s	0 major_page_faults/s	92437 yields/s	316 preempts/s
230004 milliseconds	2230 MB/s	39547 short_reads/s	0 short_writes_echo/s	123 cpu_user_milliseconds	1014 cpu_system_milliseconds	0 minor_page_faults/s	0 major_page_faults/s	99780 yields/s	25 preempts/s
231004 milliseconds	2124 MB/s	35515 short_reads/s	0 short_writes_echo/s	94 cpu_user_milliseconds	1095 cpu_system_milliseconds	0 minor_page_faults/s	0 major_page_faults/s	94664 yields/s	30 preempts/s
232004 milliseconds	2405 MB/s	41604 short_reads/s	0 short_writes_echo/s	120 cpu_user_milliseconds	1052 cpu_system_milliseconds	0 minor_page_faults/s	0 major_page_faults/s	102708 yields/s	6 preempts/s
233004 milliseconds	2280 MB/s	40590 short_reads/s	0 short_writes_echo/s	114 cpu_user_milliseconds	1029 cpu_system_milliseconds	0 minor_page_faults/s	0 major_page_faults/s	100740 yields/s	4 preempts/s
234004 milliseconds	2005 MB/s	32134 short_reads/s	0 short_writes_echo/s	106 cpu_user_milliseconds	1096 cpu_system_milliseconds	0 minor_page_faults/s	0 major_page_faults/s	90432 yields/s	63 preempts/s
235004 milliseconds	2039 MB/s	33194 short_reads/s	0 short_writes_echo/s	112 cpu_user_milliseconds	1094 cpu_system_milliseconds	0 minor_page_faults/s	0 major_page_faults/s	91441 yields/s	12 preempts/s
236004 milliseconds	2028 MB/s	32064 short_reads/s	0 short_writes_echo/s	101 cpu_user_milliseconds	1129 cpu_system_milliseconds	0 minor_page_faults/s	0 major_page_faults/s	90379 yields/s	4 preempts/s
237005 milliseconds	2477 MB/s	43031 short_reads/s	0 short_writes_echo/s	141 cpu_user_milliseconds	1033 cpu_system_milliseconds	0 minor_page_faults/s	0 major_page_faults/s	105697 yields/s	16 preempts/s
238005 milliseconds	2274 MB/s	39353 short_reads/s	0 short_writes_echo/s	121 cpu_user_milliseconds	1040 cpu_system_milliseconds	0 minor_page_faults/s	0 major_page_faults/s	99272 yields/s	25 preempts/s
239005 milliseconds	2262 MB/s	38983 short_reads/s	0 short_writes_echo/s	132 cpu_user_milliseconds	1030 cpu_system_milliseconds	0 minor_page_faults/s	0 major_page_faults/s	98022 yields/s	135 preempts/s
240005 milliseconds	2233 MB/s	39473 short_reads/s	0 short_writes_echo/s	121 cpu_user_milliseconds	1019 cpu_system_milliseconds	0 minor_page_faults/s	0 major_page_faults/s	100290 yields/s	5 preempts/s
