1000 milliseconds	2096 MB/s	37270 short_reads/s	0 short_writes_echo/s	116 cpu_user_milliseconds	970 cpu_system_milliseconds	171 minor_page_faults/s	0 major_page_faults/s	97056 yields/s	3 preempts/s
2000 milliseconds	2123 MB/s	33764 short_reads/s	0 short_writes_echo/s	120 cpu_user_milliseconds	1095 cpu_system_milliseconds	3 minor_page_faults/s	0 major_page_faults/s	94715 yields/s	106 preempts/s
3000 milliseconds	2183 MB/s	36197 short_reads/s	0 short_writes_echo/s	110 cpu_user_milliseconds	1061 cpu_system_milliseconds	0 minor_page_faults/s	0 major_page_faults/s	97452 yields/s	23 preempts/s
4000 milliseconds	2160 MB/s	33109 short_reads/s	0 short_writes_echo/s	122 cpu_user_milliseconds	1146 cpu_system_milliseconds	0 minor_page_faults/s	0 major_page_faults/s	94721 yields/s	4 preempts/s
5000 milliseconds	2168 MB/s	33556 short_reads/s	0 short_writes_echo/s	116 cpu_user_milliseconds	1146 cpu_system_milliseconds	0 minor_page_faults/s	0 major_page_faults/s	95132 yields/s	11 preempts/s
6000 milliseconds	2294 MB/s	36620 short_reads/s	0 short_writes_echo/s	148 cpu_user_milliseconds	1081 cpu_system_milliseconds	0 minor_page_faults/s	0 major_page_faults/s	100083 yields/s	1 preempts/s
7000 milliseconds	2168 MB/s	37764 short_reads/s	0 short_writes_echo/s	111 cpu_user_milliseconds	999 cpu_system_milliseconds	0 minor_page_faults/s	0 major_page_faults/s	98345 yields/s	112 preempts/s
8000 milliseconds	2061 MB/s	31926 short_reads/s	0 short_writes_echo/s	116 cpu_user_milliseconds	1130 cpu_system_milliseconds	0 minor_page_faults/s	0 major_page_faults/s	91671 yields/s	36 preempts/s
9000 milliseconds	2045 MB/s	32691 short_reads/s	0 short_writes_echo/s	99 cpu_user_milliseconds	1108 cpu_system_milliseconds	0 minor_page_faults/s	0 major_page_faults/s	91962 yields/s	28 preempts/s
10000 milliseconds	2009 MB/s	30840 short_reads/s	0 short_writes_echo/s	100 cpu_user_milliseconds	1147 cpu_system_milliseconds	0 minor_page_faults/s	0 major_page_faults/s	90190 yields/s	10 preempts/s
11000 milliseconds	2129 MB/s	35202 short_reads/s	0 short_writes_echo/s	99 cpu_user_milliseconds	1060 cpu_system_milliseconds	0 minor_page_faults/s	0 major_page_faults/s	95842 yields/s	32 preempts/s
12000 milliseconds	2205 MB/s	38148 short_reads/s	0 short_writes_echo/s	106 cpu_user_milliseconds	1008 cpu_system_milliseconds	0 minor_page_faults/s	0 major_page_faults/s	98626 yields/s	492 preempts/s
13000 milliseconds	2311 MB/s	35274 short_reads/s	0 short_writes_echo/s	109 cpu_user_milliseconds	1160 cpu_system_milliseconds	0 minor_page_faults/s	0 major_page_faults/s	99794 yields/s	15 preempts/s
14000 milliseconds	2227 MB/s	38122 short_reads/s	0 short_writes_echo/s	98 cpu_user_milliseconds	1023 cpu_system_milliseconds	0 minor_page_faults/s	0 major_page_faults/s	100575 yields/s	14 preempts/s
15000 milliseconds	2180 MB/s	35468 short_reads/s	0 short_writes_echo/s	102 cpu_user_milliseconds	1091 cpu_system_milliseconds	0 minor_page_faults/s	0 major_page_faults/s	97382 yields/s	11 preempts/s
16000 milliseconds	2293 MB/s	35964 short_reads/s	0 short_writes_echo/s	146 cpu_user_milliseconds	1097 cpu_system_milliseconds	0 minor_page_faults/s	0 major_page_faults/s	99822 yields/s	12 preempts/s
17000 milliseconds	2307 MB/s	39484 short_reads/s	0 short_writes_echo/s	146 cpu_user_milliseconds	987 cpu_system_milliseconds	0 minor_page_faults/s	0 major_page_faults/s	102055 yields/s	43 preempts/s
18000 milliseconds	2312 MB/s	36326 short_reads/s	0 short_writes_echo/s	127 cpu_user_milliseconds	1116 cpu_system_milliseconds	0 minor_page_faults/s	0 major_page_faults/s	100146 yields/s	11 preempts/s
19000 milliseconds	2157 MB/s	37147 short_reads/s	0 short_writes_echo/s	119 cpu_user_milliseconds	1007 cpu_system_milliseconds	0 minor_page_faults/s	0 major_page_faults/s	97972 yields/s	4 preempts/s
20000 milliseconds	2002 MB/s	32005 short_reads/s	0 short_writes_echo/s	120 cpu_user_milliseconds	1077 cpu_system_milliseconds	0 minor_page_faults/s	0 major_page_faults/s	90872 yields/s	27 preempts/s
21000 milliseconds	2226 MB/s	36346 short_reads/s	0 short_writes_echo/s	96 cpu_user_milliseconds	1096 cpu_system_milliseconds	0 minor_page_faults/s	0 major_page_faults/s	98259 yields/s	24 preempts/s
22000 milliseconds	2089 MB/s	33822 short_reads/s	0 short_writes_echo/s	118 cpu_user_milliseconds	1072 cpu_system_milliseconds	0 minor_page_faults/s	0 major_page_faults/s	92738 yields/s	798 preempts/s
23000 milliseconds	2204 MB/s	35846 short_reads/s	0 short_writes_echo/s	109 cpu_user_milliseconds	1094 cpu_system_milliseconds	0 minor_page_faults/s	0 major_page_faults/s	98020 yields/s	6 preempts/s
24000 milliseconds	2260 MB/s	34528 short_reads/s	0 short_writes_echo/s	116 cpu_user_milliseconds	1168 cpu_system_milliseconds	0 minor_page_faults/s	0 major_page_faults/s	97808 yields/s	9 preempts/s
25000 milliseconds	2222 MB/s	33909 short_reads/s	0 short_writes_echo/s	127 cpu_user_milliseconds	1152 cpu_system_milliseconds	0 minor_page_faults/s	0 major_page_faults/s	96997 yields/s	4 preempts/s
26000 milliseconds	2109 MB/s	32188 short_reads/s	0 short_writes_echo/s	102 cpu_user_milliseconds	1167 cpu_system_milliseconds	0 minor_page_faults/s	0 major_page_faults/s	93177 yields/s	6 preempts/s
27000 milliseconds	2148 MB/s	33478 short_reads/s	0 short_writes_echo/s	118 cpu_user_milliseconds	1123 cpu_system_milliseconds	0 minor_page_faults/s	0 major_page_faults/s	94278 yields/s	82 preempts/s
28000 milliseconds	2209 MB/s	33709 short_reads/s	0 short_writes_echo/s	117 cpu_user_milliseconds	1164 cpu_system_milliseconds	0 minor_page_faults/s	0 major_page_faults/s	96265 yields/s	12 preempts/s
29000 milliseconds	2095 MB/s	32483 short_reads/s	0 short_writes_echo/s	126 cpu_user_milliseconds	1110 cpu_system_milliseconds	0 minor_page_faults/s	0 major_page_faults/s	92485 yields/s	15 preempts/s
30000 milliseconds	2096 MB/s	34258 short_reads/s	0 short_writes_echo/s	102 cpu_user_milliseconds	1083 cpu_system_milliseconds	0 minor_page_faults/s	0 major_page_faults/s	94483 yields/s	6 preempts/s
31000 milliseconds	2211 MB/s	33738 short_reads/s	0 short_writes_echo/s	108 cpu_user_milliseconds	1156 cpu_system_milliseconds	0 minor_page_faults/s	0 major_page_faults/s	96552 yields/s	9 preempts/s
32000 milliseconds	1973 MB/s	30111 short_reads/s	0 short_writes_echo/s	94 cpu_user_milliseconds	1151 cpu_system_milliseconds	0 minor_page_faults/s	0 major_page_faults/s	88673 yields/s	63 preempts/s
33000 milliseconds	1944 MB/s	29675 short_reads/s	0 short_writes_echo/s	111 cpu_user_milliseconds	1147 cpu_system_milliseconds	0 minor_page_faults/s	0 major_page_faults/s	88015 yields/s	2 preempts/s
34000 milliseconds	2054 MB/s	31352 short_reads/s	0 short_writes_echo/s	96 cpu_user_milliseconds	1161 cpu_system_milliseconds	0 minor_page_faults/s	0 major_page_faults/s	91546 yields/s	9 preempts/s
35000 milliseconds	1987 MB/s	30330 short_reads/s	0 short_writes_echo/s	114 cpu_user_milliseconds	1140 cpu_system_milliseconds	0 minor_page_faults/s	0 major_page_faults/s	89474 yields/s	7 preempts/s
36000 milliseconds	2307 MB/s	35579 short_reads/s	0 short_writes_echo/s	144 cpu_user_milliseconds	1129 cpu_system_milliseconds	0 minor_page_faults/s	0 major_page_faults/s	99129 yields/s	5 preempts/s
37000 milliseconds	2093 MB/s	33900 short_reads/s	0 short_writes_echo/s	106 cpu_user_milliseconds	1071 cpu_system_milliseconds	0 minor_page_faults/s	0 major_page_faults/s	94049 yields/s	75 preempts/s
38000 milliseconds	2229 MB/s	35356 short_reads/s	0 short_writes_echo/s	131 cpu_user_milliseconds	1107 cpu_system_milliseconds	0 minor_page_faults/s	0 major_page_faults/s	98064 yields/s	2 preempts/s
39000 milliseconds	2171 MB/s	39268 short_reads/s	0 short_writes_echo/s	105 cpu_user_milliseconds	953 cpu_system_milliseconds	0 minor_page_faults/s	0 major_page_faults/s	100156 yields/s	38 preempts/s
40000 milliseconds	2143 MB/s	35158 short_reads/s	0 short_writes_echo/s	126 cpu_user_milliseconds	1062 cpu_system_milliseconds	0 minor_page_faults/s	0 major_page_faults/s	94429 yields/s	7 preempts/s
41000 milliseconds	1959 MB/s	30175 short_reads/s	0 short_writes_echo/s	112 cpu_user_milliseconds	1112 cpu_system_milliseconds	0 minor_page_faults/s	0 major_page_faults/s	88423 yields/s	28 preempts/s
42000 milliseconds	2006 MB/s	31318 short_reads/s	0 short_writes_echo/s	101 cpu_user_milliseconds	1118 cpu_system_milliseconds	0 minor_page_faults/s	0 major_page_faults/s	90367 yields/s	40 preempts/s
43000 milliseconds	1992 MB/s	30397 short_reads/s	0 short_writes_echo/s	99 cpu_user_milliseconds	1162 cpu_system_milliseconds	0 minor_page_faults/s	0 major_page_faults/s	89510 yields/s	6 preempts/s
44000 milliseconds	2051 MB/s	32684 short_reads/s	0 short_writes_echo/s	123 cpu_user_milliseconds	1090 cpu_system_milliseconds	0 minor_page_faults/s	0 major_page_faults/s	92340 yields/s	8 preempts/s
45000 milliseconds	2026 MB/s	31089 short_reads/s	0 short_writes_echo/s	105 cpu_user_milliseconds	1144 cpu_system_milliseconds	0 minor_page_faults/s	0 major_page_faults/s	90416 yields/s	42 preempts/s
46000 milliseconds	2192 MB/s	36616 short_reads/s	0 short_writes_echo/s	126 cpu_user_milliseconds	1038 cpu_system_milliseconds	0 minor_page_faults/s	0 major_page_faults/s	98130 yields/s	6 preempts/s
47000 milliseconds	2215 MB/s	34943 short_reads/s	0 short_writes_echo/s	100 cpu_user_milliseconds	1133 cpu_system_milliseconds	0 minor_page_faults/s	0 major_page_faults/s	96896 yields/s	109 preempts/s
48000 milliseconds	2173 MB/s	36474 short_reads/s	0 short_writes_echo/s	126 cpu_user_milliseconds	1034 cpu_system_milliseconds	0 minor_page_faults/s	0 major_page_faults/s	97592 yields/s	18 preempts/s
49000 milliseconds	2132 MB/s	40664 short_reads/s	0 short_writes_echo/s	120 cpu_user_milliseconds	859 cpu_system_milliseconds	0 minor_page_faults/s	0 major_page_faults/s	100748 yields/s	7 preempts/s
50000 milliseconds	2112 MB/s	37537 short_reads/s	0 short_writes_echo/s	100 cpu_user_milliseconds	988 cpu_system_milliseconds	0 minor_page_faults/s	0 major_page_faults/s	97244 yields/s	3 preempts/s
51000 milliseconds	2263 MB/s	34532 short_reads/s	0 short_writes_echo/s	103 cpu_user_milliseconds	1180 cpu_system_milliseconds	0 minor_page_faults/s	0 major_page_faults/s	98196 yields/s	4 preempts/s
52000 milliseconds	2168 MB/s	34186 short_reads/s	0 short_writes_echo/s	118 cpu_user_milliseconds	1100 cpu_system_milliseconds	0 minor_page_faults/s	0 major_page_faults/s	95189 yields/s	74 preempts/s
53000 milliseconds	2151 MB/s	36716 short_reads/s	0 short_writes_echo/s	110 cpu_user_milliseconds	1028 cpu_system_milliseconds	0 minor_page_faults/s	0 major_page_faults/s	97537 yields/s	8 preempts/s
54000 milliseconds	2281 MB/s	35909 short_reads/s	0 short_writes_echo/s	116 cpu_user_milliseconds	1124 cpu_system_milliseconds	0 minor_page_faults/s	0 major_page_faults/s	99534 yields/s	11 preempts/s
55000 milliseconds	2059 MB/s	33782 short_reads/s	0 short_writes_echo/s	119 cpu_user_milliseconds	1036 cpu_system_milliseconds	0 minor_page_faults/s	0 major_page_faults/s	93126 yields/s	243 preempts/s
56000 milliseconds	2102 MB/s	32131 short_reads/s	0 short_writes_echo/s	112 cpu_user_milliseconds	1156 cpu_system_milliseconds	0 minor_page_faults/s	0 major_page_faults/s	92669 yields/s	29 preempts/s
57001 milliseconds	2190 MB/s	33548 short_reads/s	0 short_writes_echo/s	134 cpu_user_milliseconds	1124 cpu_system_milliseconds	0 minor_page_faults/s	0 major_page_faults/s	95878 yields/s	60 preempts/s
58001 milliseconds	2121 MB/s	32659 short_reads/s	0 short_writes_echo/s	101 cpu_user_milliseconds	1156 cpu_system_milliseconds	0 minor_page_faults/s	0 major_page_faults/s	93563 yields/s	3 preempts/s
59001 milliseconds	2200 MB/s	36728 short_reads/s	0 short_writes_echo/s	127 cpu_user_milliseconds	1039 cpu_system_milliseconds	0 minor_page_faults/s	0 major_page_faults/s	98867 yields/s	7 preempts/s
60001 milliseconds	2141 MB/s	33135 short_reads/s	0 short_writes_echo/s	101 cpu_user_milliseconds	1149 cpu_system_milliseconds	0 minor_page_faults/s	0 major_page_faults/s	94199 yields/s	14 preempts/s
61001 milliseconds	2233 MB/s	34336 short_reads/s	0 short_writes_echo/s	119 cpu_user_milliseconds	1140 cpu_system_milliseconds	0 minor_page_faults/s	0 major_page_faults/s	96971 yields/s	40 preempts/s
62001 milliseconds	2241 MB/s	34203 short_reads/s	0 short_writes_echo/s	120 cpu_user_milliseconds	1157 cpu_system_milliseconds	0 minor_page_faults/s	0 major_page_faults/s	97157 yields/s	48 preempts/s
63001 milliseconds	2121 MB/s	34788 short_reads/s	0 short_writes_echo/s	127 cpu_user_milliseconds	1051 cpu_system_milliseconds	0 minor_page_faults/s	0 major_page_faults/s	94569 yields/s	24 preempts/s
64001 milliseconds	2206 MB/s	35929 short_reads/s	0 short_writes_echo/s	107 cpu_user_milliseconds	1083 cpu_system_milliseconds	0 minor_page_faults/s	0 major_page_faults/s	98098 yields/s	26 preempts/s
65001 milliseconds	2067 MB/s	34310 short_reads/s	0 short_writes_echo/s	121 cpu_user_milliseconds	1041 cpu_system_milliseconds	0 minor_page_faults/s	0 major_page_faults/s	93780 yields/s	39 preempts/s
66001 milliseconds	2155 MB/s	35493 short_reads/s	0 short_writes_echo/s	86 cpu_user_milliseconds	1097 cpu_system_milliseconds	0 minor_page_faults/s	0 major_page_faults/s	96905 yields/s	17 preempts/s
67001 milliseconds	2116 MB/s	33954 short_reads/s	0 short_writes_echo/s	120 cpu_user_milliseconds	1084 cpu_system_milliseconds	0 minor_page_faults/s	0 major_page_faults/s	94005 yields/s	221 preempts/s
68001 milliseconds	2141 MB/s	34007 short_reads/s	0 short_writes_echo/s	116 cpu_user_milliseconds	1114 cpu_system_milliseconds	0 minor_page_faults/s	0 major_page_faults/s	95172 yields/s	4 preempts/s
69001 milliseconds	2156 MB/s	36027 short_reads/s	0 short_writes_echo/s	109 cpu_user_milliseconds	1048 cpu_system_milliseconds	0 minor_page_faults/s	0 major_page_faults/s	97063 yields/s	16 preempts/s
70001 milliseconds	2216 MB/s	34427 short_reads/s	0 short_writes_echo/s	118 cpu_user_milliseconds	1144 cpu_system_milliseconds	0 minor_page_faults/s	0 major_page_faults/s	96593 yields/s	8 preempts/s
71001 milliseconds	2091 MB/s	34632 short_reads/s	0 short_writes_echo/s	104 cpu_user_milliseconds	1052 cpu_system_milliseconds	0 minor_page_faults/s	0 major_page_faults/s	94883 yields/s	16 preempts/s
72001 milliseconds	2136 MB/s	33393 short_reads/s	0 short_writes_echo/s	99 cpu_user_milliseconds	1134 cpu_system_milliseconds	0 minor_page_faults/s	0 major_page_faults/s	94276 yields/s	37 preempts/s
73001 milliseconds	2258 MB/s	35974 short_reads/s	0 short_writes_echo/s	127 cpu_user_milliseconds	1104 cpu_system_milliseconds	0 minor_page_faults/s	0 major_page_faults/s	98765 yields/s	1 preempts/s
74001 milliseconds	2095 MB/s	31973 short_reads/s	0 short_writes_echo/s	86 cpu_user_milliseconds	1173 cpu_system_milliseconds	0 minor_page_faults/s	0 major_page_faults/s	92843 yields/s	24 preempts/s
75001 milliseconds	2205 MB/s	34103 short_reads/s	0 short_writes_echo/s	105 cpu_user_milliseconds	1160 cpu_system_milliseconds	0 minor_page_faults/s	0 major_page_faults/s	96148 yields/s	4 preempts/s
76001 milliseconds	2110 MB/s	32332 short_reads/s	0 short_writes_echo/s	110 cpu_user_milliseconds	1158 cpu_system_milliseconds	0 minor_page_faults/s	0 major_page_faults/s	93217 yields/s	10 preempts/s
77001 milliseconds	2118 MB/s	33599 short_reads/s	0 short_writes_echo/s	114 cpu_user_milliseconds	1102 cpu_system_milliseconds	0 minor_page_faults/s	0 major_page_faults/s	93376 yields/s	359 preempts/s
78001 milliseconds	2132 MB/s	34695 short_reads/s	0 short_writes_echo/s	104 cpu_user_milliseconds	1086 cpu_system_milliseconds	0 minor_page_faults/s	0 major_page_faults/s	95355 yields/s	22 preempts/s
79001 milliseconds	2011 MB/s	30845 short_reads/s	0 short_writes_echo/s	94 cpu_user_milliseconds	1159 cpu_system_milliseconds	0 minor_page_faults/s	0 major_page_faults/s	89960 yields/s	6 preempts/s
80001 milliseconds	2113 MB/s	37048 short_reads/s	0 short_writes_echo/s	107 cpu_user_milliseconds	993 cpu_system_milliseconds	0 minor_page_faults/s	0 major_page_faults/s	96811 yields/s	2 preempts/s
81001 milliseconds	2223 MB/s	35332 short_reads/s	0 short_writes_echo/s	113 cpu_user_milliseconds	1111 cpu_system_milliseconds	0 minor_page_faults/s	0 major_page_faults/s	97582 yields/s	6 preempts/s
82001 milliseconds	2024 MB/s	31983 short_reads/s	0 short_writes_echo/s	104 cpu_user_milliseconds	1115 cpu_system_milliseconds	0 minor_page_faults/s	0 major_page_faults/s	89520 yields/s	304 preempts/s
83001 milliseconds	2077 MB/s	32883 short_reads/s	0 short_writes_echo/s	111 cpu_user_milliseconds	1104 cpu_system_milliseconds	0 minor_page_faults/s	0 major_page_faults/s	92800 yields/s	16 preempts/s
84001 milliseconds	2183 MB/s	35550 short_reads/s	0 short_writes_echo/s	113 cpu_user_milliseconds	1081 cpu_system_milliseconds	0 minor_page_faults/s	0 major_page_faults/s	96831 yields/s	9 preempts/s
85001 milliseconds	2266 MB/s	36259 short_reads/s	0 short_writes_echo/s	119 cpu_user_milliseconds	1100 cpu_system_milliseconds	0 minor_page_faults/s	0 major_page_faults/s	99160 yields/s	23 preempts/s
86001 milliseconds	2061 MB/s	32331 short_reads/s	0 short_writes_echo/s	96 cpu_user_milliseconds	1127 cpu_system_milliseconds	0 minor_page_faults/s	0 major_page_faults/s	92206 yields/s	25 preempts/s
87001 milliseconds	2127 MB/s	33125 short_reads/s	0 short_writes_echo/s	119 cpu_user_milliseconds	1120 cpu_system_milliseconds	0 minor_page_faults/s	0 major_page_faults/s	93965 yields/s	56 preempts/s
88001 milliseconds	2478 MB/s	38426 short_reads/s	0 short_writes_echo/s	135 cpu_user_milliseconds	1148 cpu_system_milliseconds	0 minor_page_faults/s	0 major_page_faults/s	105372 yields/s	15 preempts/s
89001 milliseconds	2212 MB/s	35533 short_reads/s	0 short_writes_echo/s	118 cpu_user_milliseconds	1104 cpu_system_milliseconds	0 minor_page_faults/s	0 major_page_faults/s	97442 yields/s	8 preempts/s
90001 milliseconds	2220 MB/s	38602 short_reads/s	0 short_writes_echo/s	116 cpu_user_milliseconds	999 cpu_system_milliseconds	0 minor_page_faults/s	0 major_page_faults/s	100547 yields/s	4 preempts/s
91001 milliseconds	2110 MB/s	34304 short_reads/s	0 short_writes_echo/s	123 cpu_user_milliseconds	1075 cpu_system_milliseconds	0 minor_page_faults/s	0 major_page_faults/s	94866 yields/s	11 preempts/s
92001 milliseconds	2176 MB/s	33569 short_reads/s	0 short_writes_echo/s	119 cpu_user_milliseconds	1124 cpu_system_milliseconds	0 minor_page_faults/s	0 major_page_faults/s	95365 yields/s	42 preempts/s
93001 milliseconds	2267 MB/s	35063 short_reads/s	0 short_writes_echo/s	123 cpu_user_milliseconds	1143 cpu_system_milliseconds	0 minor_page_faults/s	0 major_page_faults/s	97990 yields/s	29 preempts/s
94001 milliseconds	2137 MB/s	32612 short_reads/s	0 short_writes_echo/s	115 cpu_user_milliseconds	1152 cpu_system_milliseconds	0 minor_page_faults/s	0 major_page_faults/s	94147 yields/s	26 preempts/s
95001 milliseconds	2198 MB/s	33814 short_reads/s	0 short_writes_echo/s	117 cpu_user_milliseconds	1150 cpu_system_milliseconds	0 minor_page_faults/s	0 major_page_faults/s	96097 yields/s	14 preempts/s
96001 milliseconds	2069 MB/s	32656 short_reads/s	0 short_writes_echo/s	126 cpu_user_milliseconds	1106 cpu_system_milliseconds	0 minor_page_faults/s	0 major_page_faults/s	92762 yields/s	5 preempts/s
97001 milliseconds	2085 MB/s	32165 short_reads/s	0 short_writes_echo/s	109 cpu_user_milliseconds	1135 cpu_system_milliseconds	0 minor_page_faults/s	0 major_page_faults/s	92221 yields/s	28 preempts/s
98001 milliseconds	2124 MB/s	32616 short_reads/s	0 short_writes_echo/s	127 cpu_user_milliseconds	1136 cpu_system_milliseconds	0 minor_page_faults/s	0 major_page_faults/s	93885 yields/s	10 preempts/s
99001 milliseconds	2269 MB/s	36764 short_reads/s	0 short_writes_echo/s	110 cpu_user_milliseconds	1098 cpu_system_milliseconds	0 minor_page_faults/s	0 major_page_faults/s	99656 yields/s	11 preempts/s
100001 milliseconds	2139 MB/s	33879 short_reads/s	0 short_writes_echo/s	130 cpu_user_milliseconds	1094 cpu_system_milliseconds	0 minor_page_faults/s	0 major_page_faults/s	94466 yields/s	34 preempts/s
101001 milliseconds	2166 MB/s	34866 short_reads/s	0 short_writes_echo/s	123 cpu_user_milliseconds	1086 cpu_system_milliseconds	0 minor_page_faults/s	0 major_page_faults/s	96196 yields/s	17 preempts/s
102001 milliseconds	2127 MB/s	33099 short_reads/s	0 short_writes_echo/s	124 cpu_user_milliseconds	1117 cpu_system_milliseconds	0 minor_page_faults/s	0 major_page_faults/s	93203 yields/s	483 preempts/s
103001 milliseconds	2148 MB/s	33447 short_reads/s	0 short_writes_echo/s	120 cpu_user_milliseconds	1136 cpu_system_milliseconds	0 minor_page_faults/s	0 major_page_faults/s	94688 yields/s	0 preempts/s
104001 milliseconds	2087 MB/s	32032 short_reads/s	0 short_writes_echo/s	122 cpu_user_milliseconds	1132 cpu_system_milliseconds	0 minor_page_faults/s	0 major_page_faults/s	92594 yields/s	26 preempts/s
105001 milliseconds	2173 MB/s	33815 short_reads/s	0 short_writes_echo/s	96 cpu_user_milliseconds	1147 cpu_system_milliseconds	0 minor_page_faults/s	0 major_page_faults/s	95421 yields/s	16 preempts/s
106001 milliseconds	2033 MB/s	35621 short_reads/s	0 short_writes_echo/s	117 cpu_user_milliseconds	980 cpu_system_milliseconds	0 minor_page_faults/s	0 major_page_faults/s	94907 yields/s	9 preempts/s
107001 milliseconds	2279 MB/s	37520 short_reads/s	0 short_writes_echo/s	134 cpu_user_milliseconds	1047 cpu_system_milliseconds	0 minor_page_faults/s	0 major_page_faults/s	100315 yields/s	38 preempts/s
108001 milliseconds	2548 MB/s	38881 short_reads/s	0 short_writes_echo/s	140 cpu_user_milliseconds	1170 cpu_system_milliseconds	0 minor_page_faults/s	0 major_page_faults/s	107244 yields/s	21 preempts/s
109001 milliseconds	2259 MB/s	38492 short_reads/s	0 short_writes_echo/s	118 cpu_user_milliseconds	1027 cpu_system_milliseconds	0 minor_page_faults/s	0 major_page_faults/s	101309 yields/s	8 preempts/s
110001 milliseconds	2072 MB/s	31909 short_reads/s	0 short_writes_echo/s	97 cpu_user_milliseconds	1153 cpu_system_milliseconds	0 minor_page_faults/s	0 major_page_faults/s	92071 yields/s	23 preempts/s
111001 milliseconds	2159 MB/s	40941 short_reads/s	0 short_writes_echo/s	99 cpu_user_milliseconds	893 cpu_system_milliseconds	0 minor_page_faults/s	0 major_page_faults/s	101744 yields/s	7 preempts/s
112001 milliseconds	2159 MB/s	34090 short_reads/s	0 short_writes_echo/s	128 cpu_user_milliseconds	1103 cpu_system_milliseconds	0 minor_page_faults/s	0 major_page_faults/s	94582 yields/s	62 preempts/s
113001 milliseconds	2053 MB/s	31340 short_reads/s	0 short_writes_echo/s	106 cpu_user_milliseconds	1160 cpu_system_milliseconds	0 minor_page_faults/s	0 major_page_faults/s	91531 yields/s	16 preempts/s
114001 milliseconds	2303 MB/s	35146 short_reads/s	0 short_writes_echo/s	137 cpu_user_milliseconds	1148 cpu_system_milliseconds	0 minor_page_faults/s	0 major_page_faults/s	99422 yields/s	9 preempts/s
115001 milliseconds	1948 MB/s	30441 short_reads/s	0 short_writes_echo/s	99 cpu_user_milliseconds	1119 cpu_system_milliseconds	0 minor_page_faults/s	0 major_page_faults/s	88953 yields/s	6 preempts/s
116001 milliseconds	2193 MB/s	33681 short_reads/s	0 short_writes_echo/s	97 cpu_user_milliseconds	1167 cpu_system_milliseconds	0 minor_page_faults/s	0 major_page_faults/s	96142 yields/s	7 preempts/s
117001 milliseconds	2130 MB/s	34518 short_reads/s	0 short_writes_echo/s	118 cpu_user_milliseconds	1081 cpu_system_milliseconds	0 minor_page_faults/s	0 major_page_faults/s	95112 yields/s	59 preempts/s
118001 milliseconds	2240 MB/s	35716 short_reads/s	0 short_writes_echo/s	119 cpu_user_milliseconds	1110 cpu_system_milliseconds	0 minor_page_faults/s	0 major_page_faults/s	98403 yields/s	3 preempts/s
119001 milliseconds	1984 MB/s	31505 short_reads/s	0 short_writes_echo/s	104 cpu_user_milliseconds	1100 cpu_system_milliseconds	0 minor_page_faults/s	0 major_page_faults/s	90160 yields/s	3 preempts/s
120001 milliseconds	2229 MB/s	37924 short_reads/s	0 short_writes_echo/s	126 cpu_user_milliseconds	1024 cpu_system_milliseconds	0 minor_page_faults/s	0 major_page_faults/s	99833 yields/s	5 preempts/s
121001 milliseconds	2072 MB/s	31624 short_reads/s	0 short_writes_echo/s	120 cpu_user_milliseconds	1143 cpu_system_milliseconds	0 minor_page_faults/s	0 major_page_faults/s	91695 yields/s	27 preempts/s
122001 milliseconds	2084 MB/s	32015 short_reads/s	0 short_writes_echo/s	116 cpu_user_milliseconds	1125 cpu_system_milliseconds	0 minor_page_faults/s	0 major_page_faults/s	92365 yields/s	82 preempts/s
123001 milliseconds	2176 MB/s	33527 short_reads/s	0 short_writes_echo/s	114 cpu_user_milliseconds	1143 cpu_system_milliseconds	0 minor_page_faults/s	0 major_page_faults/s	94457 yields/s	37 preempts/s
124001 milliseconds	2319 MB/s	36611 short_reads/s	0 short_writes_echo/s	126 cpu_user_milliseconds	1120 cpu_system_milliseconds	0 minor_page_faults/s	0 major_page_faults/s	101041 yields/s	6 preempts/s
125001 milliseconds	2006 MB/s	30618 short_reads/s	0 short_writes_echo/s	104 cpu_user_milliseconds	1158 cpu_system_milliseconds	0 minor_page_faults/s	0 major_page_faults/s	89805 yields/s	16 preempts/s
126001 milliseconds	2230 MB/s	34038 short_reads/s	0 short_writes_echo/s	132 cpu_user_milliseconds	1150 cpu_system_milliseconds	0 minor_page_faults/s	0 major_page_faults/s	96987 yields/s	5 preempts/s
127001 milliseconds	2091 MB/s	32422 short_reads/s	0 short_writes_echo/s	110 cpu_user_milliseconds	1139 cpu_system_milliseconds	0 minor_page_faults/s	0 major_page_faults/s	92667 yields/s	44 preempts/s
128001 milliseconds	2236 MB/s	38514 short_reads/s	0 short_writes_echo/s	125 cpu_user_milliseconds	1005 cpu_system_milliseconds	0 minor_page_faults/s	0 major_page_faults/s	100774 yields/s	1 preempts/s
129001 milliseconds	2145 MB/s	32740 short_reads/s	0 short_writes_echo/s	132 cpu_user_milliseconds	1141 cpu_system_milliseconds	0 minor_page_faults/s	0 major_page_faults/s	94314 yields/s	14 preempts/s
130002 milliseconds	2059 MB/s	31419 short_reads/s	0 short_writes_echo/s	103 cpu_user_milliseconds	1160 cpu_system_milliseconds	0 minor_page_faults/s	0 major_page_faults/s	91802 yields/s	6 preempts/s
131002 milliseconds	2203 MB/s	35819 short_reads/s	0 short_writes_echo/s	110 cpu_user_milliseconds	1096 cpu_system_milliseconds	0 minor_page_faults/s	0 major_page_faults/s	98095 yields/s	10 preempts/s
132002 milliseconds	2123 MB/s	34196 short_reads/s	0 short_writes_echo/s	118 cpu_user_milliseconds	1079 cpu_system_milliseconds	0 minor_page_faults/s	0 major_page_faults/s	94380 yields/s	52 preempts/s
133002 milliseconds	2075 MB/s	33733 short_reads/s	0 short_writes_echo/s	101 cpu_user_milliseconds	1083 cpu_system_milliseconds	0 minor_page_faults/s	0 major_page_faults/s	93302 yields/s	6 preempts/s
134002 milliseconds	2120 MB/s	35804 short_reads/s	0 short_writes_echo/s	104 cpu_user_milliseconds	1041 cpu_system_milliseconds	0 minor_page_faults/s	0 major_page_faults/s	95885 yields/s	6 preempts/s
135002 milliseconds	2334 MB/s	36477 short_reads/s	0 short_writes_echo/s	120 cpu_user_milliseconds	1126 cpu_system_milliseconds	0 minor_page_faults/s	0 major_page_faults/s	101001 yields/s	8 preempts/s
136002 milliseconds	2364 MB/s	36435 short_reads/s	0 short_writes_echo/s	115 cpu_user_milliseconds	1158 cpu_system_milliseconds	0 minor_page_faults/s	0 major_page_faults/s	101363 yields/s	16 preempts/s
137002 milliseconds	2224 MB/s	35804 short_reads/s	0 short_writes_echo/s	114 cpu_user_milliseconds	1092 cpu_system_milliseconds	0 minor_page_faults/s	0 major_page_faults/s	97602 yields/s	92 preempts/s
138002 milliseconds	2119 MB/s	32759 short_reads/s	0 short_writes_echo/s	117 cpu_user_milliseconds	1134 cpu_system_milliseconds	0 minor_page_faults/s	0 major_page_faults/s	93909 yields/s	6 preempts/s
139002 milliseconds	2100 MB/s	35012 short_reads/s	0 short_writes_echo/s	111 cpu_user_milliseconds	1043 cpu_system_milliseconds	0 minor_page_faults/s	0 major_page_faults/s	95152 yields/s	9 preempts/s
140002 milliseconds	2045 MB/s	33966 short_reads/s	0 short_writes_echo/s	83 cpu_user_milliseconds	1070 cpu_system_milliseconds	0 minor_page_faults/s	0 major_page_faults/s	93499 yields/s	13 preempts/s
141002 milliseconds	2237 MB/s	34134 short_reads/s	0 short_writes_echo/s	118 cpu_user_milliseconds	1160 cpu_system_milliseconds	0 minor_page_faults/s	0 major_page_faults/s	97368 yields/s	8 preempts/s
142002 milliseconds	2197 MB/s	33535 short_reads/s	0 short_writes_echo/s	118 cpu_user_milliseconds	1149 cpu_system_milliseconds	0 minor_page_faults/s	0 major_page_faults/s	95890 yields/s	39 preempts/s
143002 milliseconds	2360 MB/s	37553 short_reads/s	0 short_writes_echo/s	130 cpu_user_milliseconds	1106 cpu_system_milliseconds	0 minor_page_faults/s	0 major_page_faults/s	102310 yields/s	21 preempts/s
144002 milliseconds	2067 MB/s	35118 short_reads/s	0 short_writes_echo/s	97 cpu_user_milliseconds	1035 cpu_system_milliseconds	0 minor_page_faults/s	0 major_page_faults/s	94774 yields/s	22 preempts/s
145002 milliseconds	1989 MB/s	31240 short_reads/s	0 short_writes_echo/s	102 cpu_user_milliseconds	1123 cpu_system_milliseconds	0 minor_page_faults/s	0 major_page_faults/s	90002 yields/s	13 preempts/s
146002 milliseconds	2398 MB/s	37818 short_reads/s	0 short_writes_echo/s	109 cpu_user_milliseconds	1146 cpu_system_milliseconds	0 minor_page_faults/s	0 major_page_faults/s	103007 yields/s	5 preempts/s
147002 milliseconds	2169 MB/s	35501 short_reads/s	0 short_writes_echo/s	99 cpu_user_milliseconds	1082 cpu_system_milliseconds	0 minor_page_faults/s	0 major_page_faults/s	94555 yields/s	1356 preempts/s
148002 milliseconds	2065 MB/s	35182 short_reads/s	0 short_writes_echo/s	125 cpu_user_milliseconds	1001 cpu_system_milliseconds	0 minor_page_faults/s	0 major_page_faults/s	93994 yields/s	12 preempts/s
149002 milliseconds	2340 MB/s	39422 short_reads/s	0 short_writes_echo/s	146 cpu_user_milliseconds	1017 cpu_system_milliseconds	0 minor_page_faults/s	0 major_page_faults/s	103517 yields/s	13 preempts/s
150002 milliseconds	2147 MB/s	33528 short_reads/s	0 short_writes_echo/s	124 cpu_user_milliseconds	1125 cpu_system_milliseconds	0 minor_page_faults/s	0 major_page_faults/s	94726 yields/s	14 preempts/s
151002 milliseconds	2173 MB/s	33898 short_reads/s	0 short_writes_echo/s	107 cpu_user_milliseconds	1130 cpu_system_milliseconds	0 minor_page_faults/s	0 major_page_faults/s	95697 yields/s	11 preempts/s
152002 milliseconds	2263 MB/s	36706 short_reads/s	0 short_writes_echo/s	97 cpu_user_milliseconds	1095 cpu_system_milliseconds	0 minor_page_faults/s	0 major_page_faults/s	98637 yields/s	546 preempts/s
153002 milliseconds	2234 MB/s	34109 short_reads/s	0 short_writes_echo/s	125 cpu_user_milliseconds	1153 cpu_system_milliseconds	0 minor_page_faults/s	0 major_page_faults/s	96995 yields/s	9 preempts/s
154002 milliseconds	2098 MB/s	32563 short_reads/s	0 short_writes_echo/s	123 cpu_user_milliseconds	1106 cpu_system_milliseconds	0 minor_page_faults/s	0 major_page_faults/s	93188 yields/s	77 preempts/s
155002 milliseconds	2127 MB/s	38517 short_reads/s	0 short_writes_echo/s	113 cpu_user_milliseconds	949 cpu_system_milliseconds	0 minor_page_faults/s	0 major_page_faults/s	98901 yields/s	3 preempts/s
156002 milliseconds	2171 MB/s	39034 short_reads/s	0 short_writes_echo/s	108 cpu_user_milliseconds	966 cpu_system_milliseconds	0 minor_page_faults/s	0 major_page_faults/s	99666 yields/s	0 preempts/s
157002 milliseconds	2154 MB/s	33534 short_reads/s	0 short_writes_echo/s	100 cpu_user_milliseconds	1140 cpu_system_milliseconds	0 minor_page_faults/s	0 major_page_faults/s	94022 yields/s	40 preempts/s
158002 milliseconds	2172 MB/s	34685 short_reads/s	0 short_writes_echo/s	119 cpu_user_milliseconds	1104 cpu_system_milliseconds	0 minor_page_faults/s	0 major_page_faults/s	96393 yields/s	15 preempts/s
159002 milliseconds	2156 MB/s	35427 short_reads/s	0 short_writes_echo/s	126 cpu_user_milliseconds	1059 cpu_system_milliseconds	0 minor_page_faults/s	0 major_page_faults/s	96887 yields/s	7 preempts/s
160002 milliseconds	2174 MB/s	38201 short_reads/s	0 short_writes_echo/s	112 cpu_user_milliseconds	990 cpu_system_milliseconds	0 minor_page_faults/s	0 major_page_faults/s	98503 yields/s	11 preempts/s
161002 milliseconds	2053 MB/s	34873 short_reads/s	0 short_writes_echo/s	128 cpu_user_milliseconds	1015 cpu_system_milliseconds	0 minor_page_faults/s	0 major_page_faults/s	94297 yields/s	9 preempts/s
162002 milliseconds	2234 MB/s	34678 short_reads/s	0 short_writes_echo/s	119 cpu_user_milliseconds	1127 cpu_system_milliseconds	0 minor_page_faults/s	0 major_page_faults/s	97102 yields/s	61 preempts/s
163002 milliseconds	2139 MB/s	33984 short_reads/s	0 short_writes_echo/s	103 cpu_user_milliseconds	1107 cpu_system_milliseconds	0 minor_page_faults/s	0 major_page_faults/s	95219 yields/s	3 preempts/s
164002 milliseconds	2188 MB/s	36995 short_reads/s	0 short_writes_echo/s	112 cpu_user_milliseconds	1041 cpu_system_milliseconds	0 minor_page_faults/s	0 major_page_faults/s	98066 yields/s	20 preempts/s
165002 milliseconds	2251 MB/s	35218 short_reads/s	0 short_writes_echo/s	127 cpu_user_milliseconds	1126 cpu_system_milliseconds	0 minor_page_faults/s	0 major_page_faults/s	98000 yields/s	9 preempts/s
166002 milliseconds	2274 MB/s	36997 short_reads/s	0 short_writes_echo/s	101 cpu_user_milliseconds	1089 cpu_system_milliseconds	0 minor_page_faults/s	0 major_page_faults/s	100567 yields/s	1 preempts/s
167002 milliseconds	2205 MB/s	37506 short_reads/s	0 short_writes_echo/s	107 cpu_user_milliseconds	1028 cpu_system_milliseconds	0 minor_page_faults/s	0 major_page_faults/s	99245 yields/s	42 preempts/s
168002 milliseconds	2130 MB/s	34451 short_reads/s	0 short_writes_echo/s	111 cpu_user_milliseconds	1082 cpu_system_milliseconds	0 minor_page_faults/s	0 major_page_faults/s	95428 yields/s	6 preempts/s
169002 milliseconds	2036 MB/s	32671 short_reads/s	0 short_writes_echo/s	93 cpu_user_milliseconds	1107 cpu_system_milliseconds	0 minor_page_faults/s	0 major_page_faults/s	92247 yields/s	7 preempts/s
170002 milliseconds	1975 MB/s	30142 short_reads/s	0 short_writes_echo/s	103 cpu_user_milliseconds	1150 cpu_system_milliseconds	0 minor_page_faults/s	0 major_page_faults/s	89050 yields/s	2 preempts/s
171002 milliseconds	2263 MB/s	38018 short_reads/s	0 short_writes_echo/s	123 cpu_user_milliseconds	1034 cpu_system_milliseconds	0 minor_page_faults/s	0 major_page_faults/s	100499 yields/s	30 preempts/s
172002 milliseconds	2114 MB/s	32281 short_reads/s	0 short_writes_echo/s	111 cpu_user_milliseconds	1152 cpu_system_milliseconds	0 minor_page_faults/s	0 major_page_faults/s	92946 yields/s	44 preempts/s
173002 milliseconds	2288 MB/s	37293 short_reads/s	0 short_writes_echo/s	118 cpu_user_milliseconds	1088 cpu_system_milliseconds	0 minor_page_faults/s	0 major_page_faults/s	100209 yields/s	4 preempts/s
174002 milliseconds	2129 MB/s	34444 short_reads/s	0 short_writes_echo/s	101 cpu_user_milliseconds	1099 cpu_system_milliseconds	0 minor_page_faults/s	0 major_page_faults/s	95208 yields/s	5 preempts/s
175002 milliseconds	2107 MB/s	32165 short_reads/s	0 short_writes_echo/s	128 cpu_user_milliseconds	1127 cpu_system_milliseconds	0 minor_page_faults/s	0 major_page_faults/s	93274 yields/s	16 preempts/s
176002 milliseconds	2148 MB/s	33991 short_reads/s	0 short_writes_echo/s	102 cpu_user_milliseconds	1129 cpu_system_milliseconds	0 minor_page_faults/s	0 major_page_faults/s	95547 yields/s	1 preempts/s
177002 milliseconds	2189 MB/s	35768 short_reads/s	0 short_writes_echo/s	108 cpu_user_milliseconds	1082 cpu_system_milliseconds	0 minor_page_faults/s	0 major_page_faults/s	97205 yields/s	63 preempts/s
178002 milliseconds	2205 MB/s	35372 short_reads/s	0 short_writes_echo/s	120 cpu_user_milliseconds	1086 cpu_system_milliseconds	0 minor_page_faults/s	0 major_page_faults/s	97271 yields/s	13 preempts/s
179002 milliseconds	1905 MB/s	29118 short_reads/s	0 short_writes_echo/s	97 cpu_user_milliseconds	1144 cpu_system_milliseconds	0 minor_page_faults/s	0 major_page_faults/s	86934 yields/s	13 preempts/s
180002 milliseconds	2156 MB/s	35000 short_reads/s	0 short_writes_echo/s	118 cpu_user_milliseconds	1068 cpu_system_milliseconds	0 minor_page_faults/s	0 major_page_faults/s	96292 yields/s	17 preempts/s
181002 milliseconds	2415 MB/s	39127 short_reads/s	0 short_writes_echo/s	138 cpu_user_milliseconds	1078 cpu_system_milliseconds	0 minor_page_faults/s	0 major_page_faults/s	104868 yields/s	4 preempts/s
182002 milliseconds	2292 MB/s	35812 short_reads/s	0 short_writes_echo/s	116 cpu_user_milliseconds	1142 cpu_system_milliseconds	0 minor_page_faults/s	0 major_page_faults/s	99062 yields/s	57 preempts/s
183002 milliseconds	2181 MB/s	34991 short_reads/s	0 short_writes_echo/s	130 cpu_user_milliseconds	1082 cpu_system_milliseconds	0 minor_page_faults/s	0 major_page_faults/s	96025 yields/s	16 preempts/s
184002 milliseconds	2157 MB/s	32919 short_reads/s	0 short_writes_echo/s	130 cpu_user_milliseconds	1134 cpu_system_milliseconds	0 minor_page_faults/s	0 major_page_faults/s	94540 yields/s	81 preempts/s
185002 milliseconds	2090 MB/s	33351 short_reads/s	0 short_writes_echo/s	118 cpu_user_milliseconds	1095 cpu_system_milliseconds	0 minor_page_faults/s	0 major_page_faults/s	93723 yields/s	2 preempts/s
186002 milliseconds	2234 MB/s	34262 short_reads/s	0 short_writes_echo/s	141 cpu_user_milliseconds	1139 cpu_system_milliseconds	0 minor_page_faults/s	0 major_page_faults/s	97270 yields/s	10 preempts/s
187002 milliseconds	2087 MB/s	32149 short_reads/s	0 short_writes_echo/s	95 cpu_user_milliseconds	1159 cpu_system_milliseconds	0 minor_page_faults/s	0 major_page_faults/s	92197 yields/s	49 preempts/s
188002 milliseconds	2039 MB/s	34237 short_reads/s	0 short_writes_echo/s	100 cpu_user_milliseconds	1043 cpu_system_milliseconds	0 minor_page_faults/s	0 major_page_faults/s	93714 yields/s	6 preempts/s
189002 milliseconds	2146 MB/s	37760 short_reads/s	0 short_writes_echo/s	98 cpu_user_milliseconds	997 cpu_system_milliseconds	0 minor_page_faults/s	0 major_page_faults/s	98256 yields/s	0 preempts/s
190002 milliseconds	2243 MB/s	38937 short_reads/s	0 short_writes_echo/s	136 cpu_user_milliseconds	974 cpu_system_milliseconds	0 minor_page_faults/s	0 major_page_faults/s	101077 yields/s	20 preempts/s
191002 milliseconds	1978 MB/s	31507 short_reads/s	0 short_writes_echo/s	106 cpu_user_milliseconds	1089 cpu_system_milliseconds	0 minor_page_faults/s	0 major_page_faults/s	90062 yields/s	3 preempts/s
192002 milliseconds	2297 MB/s	36108 short_reads/s	0 short_writes_echo/s	123 cpu_user_milliseconds	1126 cpu_system_milliseconds	0 minor_page_faults/s	0 major_page_faults/s	99629 yields/s	66 preempts/s
193002 milliseconds	2168 MB/s	33374 short_reads/s	0 short_writes_echo/s	116 cpu_user_milliseconds	1149 cpu_system_milliseconds	0 minor_page_faults/s	0 major_page_faults/s	95024 yields/s	19 preempts/s
194002 milliseconds	2130 MB/s	34999 short_reads/s	0 short_writes_echo/s	127 cpu_user_milliseconds	1058 cpu_system_milliseconds	0 minor_page_faults/s	0 major_page_faults/s	95896 yields/s	11 preempts/s
195002 milliseconds	2055 MB/s	31894 short_reads/s	0 short_writes_echo/s	102 cpu_user_milliseconds	1143 cpu_system_milliseconds	0 minor_page_faults/s	0 major_page_faults/s	91665 yields/s	7 preempts/s
196002 milliseconds	1946 MB/s	30610 short_reads/s	0 short_writes_echo/s	94 cpu_user_milliseconds	1131 cpu_system_milliseconds	0 minor_page_faults/s	0 major_page_faults/s	88783 yields/s	5 preempts/s
197003 milliseconds	2139 MB/s	34452 short_reads/s	0 short_writes_echo/s	119 cpu_user_milliseconds	1077 cpu_system_milliseconds	0 minor_page_faults/s	0 major_page_faults/s	95066 yields/s	48 preempts/s
198003 milliseconds	2214 MB/s	36784 short_reads/s	0 short_writes_echo/s	112 cpu_user_milliseconds	1065 cpu_system_milliseconds	0 minor_page_faults/s	0 major_page_faults/s	98752 yields/s	8 preempts/s
199003 milliseconds	2232 MB/s	36752 short_reads/s	0 short_writes_echo/s	125 cpu_user_milliseconds	1065 cpu_system_milliseconds	0 minor_page_faults/s	0 major_page_faults/s	98504 yields/s	6 preempts/s
200003 milliseconds	2050 MB/s	31933 short_reads/s	0 short_writes_echo/s	123 cpu_user_milliseconds	1115 cpu_system_milliseconds	0 minor_page_faults/s	0 major_page_faults/s	91824 yields/s	4 preempts/s
201003 milliseconds	2102 MB/s	33792 short_reads/s	0 short_writes_echo/s	108 cpu_user_milliseconds	1096 cpu_system_milliseconds	0 minor_page_faults/s	0 major_page_faults/s	94093 yields/s	5 preempts/s
202003 milliseconds	2297 MB/s	35054 short_reads/s	0 short_writes_echo/s	118 cpu_user_milliseconds	1159 cpu_system_milliseconds	0 minor_page_faults/s	0 major_page_faults/s	98854 yields/s	170 preempts/s
203003 milliseconds	2211 MB/s	34262 short_reads/s	0 short_writes_echo/s	115 cpu_user_milliseconds	1141 cpu_system_milliseconds	0 minor_page_faults/s	0 major_page_faults/s	96475 yields/s	13 preempts/s
204003 milliseconds	2133 MB/s	32551 short_reads/s	0 short_writes_echo/s	130 cpu_user_milliseconds	1145 cpu_system_milliseconds	0 minor_page_faults/s	0 major_page_faults/s	94149 yields/s	8 preempts/s
205003 milliseconds	2214 MB/s	37251 short_reads/s	0 short_writes_echo/s	137 cpu_user_milliseconds	1019 cpu_system_milliseconds	0 minor_page_faults/s	0 major_page_faults/s	99136 yields/s	3 preempts/s
206003 milliseconds	2153 MB/s	33884 short_reads/s	0 short_writes_echo/s	94 cpu_user_milliseconds	1137 cpu_system_milliseconds	0 minor_page_faults/s	0 major_page_faults/s	95231 yields/s	6 preempts/s
207003 milliseconds	2198 MB/s	33543 short_reads/s	0 short_writes_echo/s	93 cpu_user_milliseconds	1185 cpu_system_milliseconds	0 minor_page_faults/s	0 major_page_faults/s	95866 yields/s	48 preempts/s
208003 milliseconds	2315 MB/s	39886 short_reads/s	0 short_writes_echo/s	106 cpu_user_milliseconds	1027 cpu_system_milliseconds	0 minor_page_faults/s	0 major_page_faults/s	103357 yields/s	5 preempts/s
209003 milliseconds	2172 MB/s	33914 short_reads/s	0 short_writes_echo/s	103 cpu_user_milliseconds	1143 cpu_system_milliseconds	0 minor_page_faults/s	0 major_page_faults/s	95120 yields/s	3 preempts/s
210003 milliseconds	2075 MB/s	34873 short_reads/s	0 short_writes_echo/s	115 cpu_user_milliseconds	1040 cpu_system_milliseconds	0 minor_page_faults/s	0 major_page_faults/s	94570 yields/s	5 preempts/s
211003 milliseconds	2295 MB/s	39001 short_reads/s	0 short_writes_echo/s	122 cpu_user_milliseconds	1030 cpu_system_milliseconds	0 minor_page_faults/s	0 major_page_faults/s	101961 yields/s	12 preempts/s
212003 milliseconds	2040 MB/s	33677 short_reads/s	0 short_writes_echo/s	100 cpu_user_milliseconds	1064 cpu_system_milliseconds	0 minor_page_faults/s	0 major_page_faults/s	92823 yields/s	52 preempts/s
213003 milliseconds	2094 MB/s	33659 short_reads/s	0 short_writes_echo/s	102 cpu_user_milliseconds	1095 cpu_system_milliseconds	0 minor_page_faults/s	0 major_page_faults/s	93865 yields/s	2 preempts/s
214003 milliseconds	1961 MB/s	30704 short_reads/s	0 short_writes_echo/s	100 cpu_user_milliseconds	1126 cpu_system_milliseconds	0 minor_page_faults/s	0 major_page_faults/s	88795 yields/s	14 preempts/s
215003 milliseconds	2069 MB/s	36785 short_reads/s	0 short_writes_echo/s	96 cpu_user_milliseconds	987 cpu_system_milliseconds	0 minor_page_faults/s	0 major_page_faults/s	96725 yields/s	26 preempts/s
216003 milliseconds	2088 MB/s	33595 short_reads/s	0 short_writes_echo/s	100 cpu_user_milliseconds	1097 cpu_system_milliseconds	0 minor_page_faults/s	0 major_page_faults/s	93876 yields/s	10 preempts/s
217003 milliseconds	2291 MB/s	35270 short_reads/s	0 short_writes_echo/s	119 cpu_user_milliseconds	1152 cpu_system_milliseconds	0 minor_page_faults/s	0 major_page_faults/s	99008 yields/s	57 preempts/s
218003 milliseconds	2173 MB/s	34829 short_reads/s	0 short_writes_echo/s	100 cpu_user_milliseconds	1112 cpu_system_milliseconds	0 minor_page_faults/s	0 major_page_faults/s	96476 yields/s	14 preempts/s
219003 milliseconds	2113 MB/s	32673 short_reads/s	0 short_writes_echo/s	134 cpu_user_milliseconds	1110 cpu_system_milliseconds	0 minor_page_faults/s	0 major_page_faults/s	93451 yields/s	8 preempts/s
220003 milliseconds	2176 MB/s	37281 short_reads/s	0 short_writes_echo/s	142 cpu_user_milliseconds	995 cpu_system_milliseconds	0 minor_page_faults/s	0 major_page_faults/s	97672 yields/s	8 preempts/s
221003 milliseconds	2043 MB/s	31174 short_reads/s	0 short_writes_echo/s	108 cpu_user_milliseconds	1146 cpu_system_milliseconds	0 minor_page_faults/s	0 major_page_faults/s	91200 yields/s	14 preempts/s
222003 milliseconds	2034 MB/s	31874 short_reads/s	0 short_writes_echo/s	103 cpu_user_milliseconds	1117 cpu_system_milliseconds	0 minor_page_faults/s	0 major_page_faults/s	91091 yields/s	36 preempts/s
223003 milliseconds	2356 MB/s	36153 short_reads/s	0 short_writes_echo/s	130 cpu_user_milliseconds	1144 cpu_system_milliseconds	0 minor_page_faults/s	0 major_page_faults/s	101152 yields/s	41 preempts/s
224003 milliseconds	2066 MB/s	31557 short_reads/s	0 short_writes_echo/s	115 cpu_user_milliseconds	1142 cpu_system_milliseconds	0 minor_page_faults/s	0 major_page_faults/s	91710 yields/s	7 preempts/s
225003 milliseconds	2311 MB/s	35288 short_reads/s	0 short_writes_echo/s	111 cpu_user_milliseconds	1169 cpu_system_milliseconds	0 minor_page_faults/s	0 major_page_faults/s	99725 yields/s	10 preempts/s
226003 milliseconds	2102 MB/s	33617 short_reads/s	0 short_writes_echo/s	123 cpu_user_milliseconds	1089 cpu_system_milliseconds	0 minor_page_faults/s	0 major_page_faults/s	94007 yields/s	6 preempts/s
227003 milliseconds	2136 MB/s	35354 short_reads/s	0 short_writes_echo/s	100 cpu_user_milliseconds	1070 cpu_system_milliseconds	0 minor_page_faults/s	0 major_page_faults/s	95675 yields/s	56 preempts/s
228003 milliseconds	2141 MB/s	36466 short_reads/s	0 short_writes_echo/s	93 cpu_user_milliseconds	1044 cpu_system_milliseconds	0 minor_page_faults/s	0 major_page_faults/s	97363 yields/s	5 preempts/s
229003 milliseconds	2055 MB/s	31425 short_reads/s	0 short_writes_echo/s	128 cpu_user_milliseconds	1123 cpu_system_milliseconds	0 minor_page_faults/s	0 major_page_faults/s	91215 yields/s	22 preempts/s
230003 milliseconds	2060 MB/s	34961 short_reads/s	0 short_writes_echo/s	110 cpu_user_milliseconds	1022 cpu_system_milliseconds	0 minor_page_faults/s	0 major_page_faults/s	94239 yields/s	5 preempts/s
231003 milliseconds	2241 MB/s	35776 short_reads/s	0 short_writes_echo/s	115 cpu_user_milliseconds	1114 cpu_system_milliseconds	0 minor_page_faults/s	0 major_page_faults/s	98095 yields/s	69 preempts/s
232003 milliseconds	2204 MB/s	33640 short_reads/s	0 short_writes_echo/s	131 cpu_user_milliseconds	1140 cpu_system_milliseconds	0 minor_page_faults/s	0 major_page_faults/s	95899 yields/s	65 preempts/s
233003 milliseconds	2160 MB/s	37175 short_reads/s	0 short_writes_echo/s	111 cpu_user_milliseconds	1013 cpu_system_milliseconds	0 minor_page_faults/s	0 major_page_faults/s	98149 yields/s	7 preempts/s
234003 milliseconds	2170 MB/s	36020 short_reads/s	0 short_writes_echo/s	106 cpu_user_milliseconds	1066 cpu_system_milliseconds	0 minor_page_faults/s	0 major_page_faults/s	96963 yields/s	4 preempts/s
235003 milliseconds	2243 MB/s	35015 short_reads/s	0 short_writes_echo/s	133 cpu_user_milliseconds	1124 cpu_system_milliseconds	0 minor_page_faults/s	0 major_page_faults/s	97885 yields/s	22 preempts/s
236003 milliseconds	2271 MB/s	35161 short_reads/s	0 short_writes_echo/s	133 cpu_user_milliseconds	1137 cpu_system_milliseconds	0 minor_page_faults/s	0 major_page_faults/s	98740 yields/s	11 preempts/s
237003 milliseconds	2015 MB/s	31167 short_reads/s	0 short_writes_echo/s	108 cpu_user_milliseconds	1136 cpu_system_milliseconds	0 minor_page_faults/s	0 major_page_faults/s	89584 yields/s	116 preempts/s
238003 milliseconds	2118 MB/s	32319 short_reads/s	0 short_writes_echo/s	107 cpu_user_milliseconds	1162 cpu_system_milliseconds	0 minor_page_faults/s	0 major_page_faults/s	93598 yields/s	4 preempts/s
239003 milliseconds	2133 MB/s	35779 short_reads/s	0 short_writes_echo/s	101 cpu_user_milliseconds	1057 cpu_system_milliseconds	0 minor_page_faults/s	0 major_page_faults/s	96210 yields/s	7 preempts/s
240003 milliseconds	2034 MB/s	32442 short_reads/s	0 short_writes_echo/s	117 cpu_user_milliseconds	1093 cpu_system_milliseconds	0 minor_page_faults/s	0 major_page_faults/s	92301 yields/s	5 preempts/s
