1000 milliseconds	2765 MB/s	43790 short_reads/s	0 short_writes_echo/s	166 cpu_user_milliseconds	1060 cpu_system_milliseconds	175 minor_page_faults/s	0 major_page_faults/s	114449 yields/s	2 preempts/s
2000 milliseconds	2708 MB/s	42451 short_reads/s	0 short_writes_echo/s	131 cpu_user_milliseconds	1108 cpu_system_milliseconds	3 minor_page_faults/s	0 major_page_faults/s	115401 yields/s	84 preempts/s
3000 milliseconds	2664 MB/s	41271 short_reads/s	0 short_writes_echo/s	144 cpu_user_milliseconds	1116 cpu_system_milliseconds	0 minor_page_faults/s	0 major_page_faults/s	116749 yields/s	15 preempts/s
4000 milliseconds	2673 MB/s	41438 short_reads/s	0 short_writes_echo/s	155 cpu_user_milliseconds	1118 cpu_system_milliseconds	0 minor_page_faults/s	0 major_page_faults/s	118282 yields/s	26 preempts/s
5000 milliseconds	2675 MB/s	41410 short_reads/s	0 short_writes_echo/s	131 cpu_user_milliseconds	1151 cpu_system_milliseconds	0 minor_page_faults/s	0 major_page_faults/s	119190 yields/s	3 preempts/s
6000 milliseconds	2655 MB/s	40905 short_reads/s	0 short_writes_echo/s	150 cpu_user_milliseconds	1143 cpu_system_milliseconds	0 minor_page_faults/s	0 major_page_faults/s	118648 yields/s	12 preempts/s
7000 milliseconds	2645 MB/s	40743 short_reads/s	0 short_writes_echo/s	128 cpu_user_milliseconds	1162 cpu_system_milliseconds	0 minor_page_faults/s	0 major_page_faults/s	119068 yields/s	145 preempts/s
8000 milliseconds	2741 MB/s	43297 short_reads/s	0 short_writes_echo/s	134 cpu_user_milliseconds	1083 cpu_system_milliseconds	0 minor_page_faults/s	0 major_page_faults/s	113933 yields/s	10 preempts/s
9000 milliseconds	2666 MB/s	41204 short_reads/s	0 short_writes_echo/s	149 cpu_user_milliseconds	1126 cpu_system_milliseconds	0 minor_page_faults/s	0 major_page_faults/s	118334 yields/s	25 preempts/s
10000 milliseconds	2682 MB/s	41565 short_reads/s	0 short_writes_echo/s	147 cpu_user_milliseconds	1124 cpu_system_milliseconds	0 minor_page_faults/s	0 major_page_faults/s	118916 yields/s	31 preempts/s
11000 milliseconds	2745 MB/s	43043 short_reads/s	0 short_writes_echo/s	131 cpu_user_milliseconds	1102 cpu_system_milliseconds	0 minor_page_faults/s	0 major_page_faults/s	116642 yields/s	22 preempts/s
12000 milliseconds	2621 MB/s	40658 short_reads/s	0 short_writes_echo/s	120 cpu_user_milliseconds	1133 cpu_system_milliseconds	0 minor_page_faults/s	0 major_page_faults/s	116211 yields/s	108 preempts/s
13000 milliseconds	2726 MB/s	42767 short_reads/s	0 short_writes_echo/s	129 cpu_user_milliseconds	1125 cpu_system_milliseconds	0 minor_page_faults/s	0 major_page_faults/s	115682 yields/s	8 preempts/s
14000 milliseconds	2703 MB/s	42221 short_reads/s	0 short_writes_echo/s	165 cpu_user_milliseconds	1089 cpu_system_milliseconds	0 minor_page_faults/s	0 major_page_faults/s	118589 yields/s	10 preempts/s
15000 milliseconds	2621 MB/s	40412 short_reads/s	0 short_writes_echo/s	116 cpu_user_milliseconds	1173 cpu_system_milliseconds	0 minor_page_faults/s	0 major_page_faults/s	117826 yields/s	41 preempts/s
16000 milliseconds	2715 MB/s	42429 short_reads/s	0 short_writes_echo/s	166 cpu_user_milliseconds	1093 cpu_system_milliseconds	0 minor_page_faults/s	0 major_page_faults/s	116282 yields/s	8 preempts/s
17000 milliseconds	2644 MB/s	40826 short_reads/s	0 short_writes_echo/s	121 cpu_user_milliseconds	1163 cpu_system_milliseconds	0 minor_page_faults/s	0 major_page_faults/s	117796 yields/s	90 preempts/s
18000 milliseconds	2699 MB/s	42134 short_reads/s	0 short_writes_echo/s	136 cpu_user_milliseconds	1121 cpu_system_milliseconds	0 minor_page_faults/s	0 major_page_faults/s	117284 yields/s	6 preempts/s
19000 milliseconds	2655 MB/s	40888 short_reads/s	0 short_writes_echo/s	135 cpu_user_milliseconds	1157 cpu_system_milliseconds	0 minor_page_faults/s	0 major_page_faults/s	119525 yields/s	2 preempts/s
20000 milliseconds	2674 MB/s	41554 short_reads/s	0 short_writes_echo/s	117 cpu_user_milliseconds	1152 cpu_system_milliseconds	0 minor_page_faults/s	0 major_page_faults/s	117112 yields/s	41 preempts/s
21000 milliseconds	2753 MB/s	43583 short_reads/s	0 short_writes_echo/s	144 cpu_user_milliseconds	1086 cpu_system_milliseconds	0 minor_page_faults/s	0 major_page_faults/s	115216 yields/s	3 preempts/s
22000 milliseconds	2653 MB/s	41055 short_reads/s	0 short_writes_echo/s	147 cpu_user_milliseconds	1120 cpu_system_milliseconds	0 minor_page_faults/s	0 major_page_faults/s	117199 yields/s	96 preempts/s
23000 milliseconds	2757 MB/s	43506 short_reads/s	0 short_writes_echo/s	157 cpu_user_milliseconds	1060 cpu_system_milliseconds	0 minor_page_faults/s	0 major_page_faults/s	112949 yields/s	4 preempts/s
24000 milliseconds	2762 MB/s	43741 short_reads/s	0 short_writes_echo/s	150 cpu_user_milliseconds	1078 cpu_system_milliseconds	0 minor_page_faults/s	0 major_page_faults/s	114603 yields/s	4 preempts/s
25000 milliseconds	2695 MB/s	42808 short_reads/s	0 short_writes_echo/s	155 cpu_user_milliseconds	1053 cpu_system_milliseconds	0 minor_page_faults/s	0 major_page_faults/s	109017 yields/s	9 preempts/s
26000 milliseconds	2724 MB/s	42722 short_reads/s	0 short_writes_echo/s	119 cpu_user_milliseconds	1132 cpu_system_milliseconds	0 minor_page_faults/s	0 major_page_faults/s	115285 yields/s	13 preempts/s
27000 milliseconds	2667 MB/s	41389 short_reads/s	0 short_writes_echo/s	130 cpu_user_milliseconds	1121 cpu_system_milliseconds	0 minor_page_faults/s	0 major_page_faults/s	118040 yields/s	113 preempts/s
28000 milliseconds	2782 MB/s	44594 short_reads/s	0 short_writes_echo/s	129 cpu_user_milliseconds	1080 cpu_system_milliseconds	0 minor_page_faults/s	0 major_page_faults/s	112539 yields/s	18 preempts/s
29000 milliseconds	2732 MB/s	42942 short_reads/s	0 short_writes_echo/s	142 cpu_user_milliseconds	1097 cpu_system_milliseconds	0 minor_page_faults/s	0 major_page_faults/s	114868 yields/s	19 preempts/s
30000 milliseconds	2668 MB/s	41200 short_reads/s	0 short_writes_echo/s	134 cpu_user_milliseconds	1150 cpu_system_milliseconds	0 minor_page_faults/s	0 major_page_faults/s	118364 yields/s	16 preempts/s
31000 milliseconds	2650 MB/s	40766 short_reads/s	0 short_writes_echo/s	136 cpu_user_milliseconds	1169 cpu_system_milliseconds	0 minor_page_faults/s	0 major_page_faults/s	119681 yields/s	5 preempts/s
32000 milliseconds	2737 MB/s	43428 short_reads/s	0 short_writes_echo/s	145 cpu_user_milliseconds	1052 cpu_system_milliseconds	0 minor_page_faults/s	0 major_page_faults/s	111495 yields/s	243 preempts/s
33000 milliseconds	2659 MB/s	41008 short_reads/s	0 short_writes_echo/s	136 cpu_user_milliseconds	1161 cpu_system_milliseconds	0 minor_page_faults/s	0 major_page_faults/s	118824 yields/s	4 preempts/s
34000 milliseconds	2703 MB/s	42162 short_reads/s	0 short_writes_echo/s	147 cpu_user_milliseconds	1113 cpu_system_milliseconds	0 minor_page_faults/s	0 major_page_faults/s	116115 yields/s	6 preempts/s
35000 milliseconds	2752 MB/s	43379 short_reads/s	0 short_writes_echo/s	152 cpu_user_milliseconds	1080 cpu_system_milliseconds	0 minor_page_faults/s	0 major_page_faults/s	114514 yields/s	7 preempts/s
36000 milliseconds	2709 MB/s	42508 short_reads/s	0 short_writes_echo/s	139 cpu_user_milliseconds	1106 cpu_system_milliseconds	0 minor_page_faults/s	0 major_page_faults/s	116263 yields/s	22 preempts/s
37000 milliseconds	2722 MB/s	42776 short_reads/s	0 short_writes_echo/s	129 cpu_user_milliseconds	1096 cpu_system_milliseconds	0 minor_page_faults/s	0 major_page_faults/s	113439 yields/s	94 preempts/s
38000 milliseconds	2753 MB/s	43530 short_reads/s	0 short_writes_echo/s	165 cpu_user_milliseconds	1056 cpu_system_milliseconds	0 minor_page_faults/s	0 major_page_faults/s	113960 yields/s	21 preempts/s
39000 milliseconds	2718 MB/s	42742 short_reads/s	0 short_writes_echo/s	124 cpu_user_milliseconds	1107 cpu_system_milliseconds	0 minor_page_faults/s	0 major_page_faults/s	115683 yields/s	10 preempts/s
40000 milliseconds	2654 MB/s	41190 short_reads/s	0 short_writes_echo/s	140 cpu_user_milliseconds	1125 cpu_system_milliseconds	0 minor_page_faults/s	0 major_page_faults/s	117279 yields/s	8 preempts/s
41000 milliseconds	2713 MB/s	42185 short_reads/s	0 short_writes_echo/s	158 cpu_user_milliseconds	1105 cpu_system_milliseconds	0 minor_page_faults/s	0 major_page_faults/s	116986 yields/s	5 preempts/s
42000 milliseconds	2687 MB/s	42239 short_reads/s	0 short_writes_echo/s	139 cpu_user_milliseconds	1096 cpu_system_milliseconds	0 minor_page_faults/s	0 major_page_faults/s	113261 yields/s	144 preempts/s
43000 milliseconds	2683 MB/s	41576 short_reads/s	0 short_writes_echo/s	130 cpu_user_milliseconds	1141 cpu_system_milliseconds	0 minor_page_faults/s	0 major_page_faults/s	118268 yields/s	16 preempts/s
44000 milliseconds	2715 MB/s	42441 short_reads/s	0 short_writes_echo/s	128 cpu_user_milliseconds	1118 cpu_system_milliseconds	0 minor_page_faults/s	0 major_page_faults/s	117168 yields/s	8 preempts/s
45000 milliseconds	2747 MB/s	43385 short_reads/s	0 short_writes_echo/s	154 cpu_user_milliseconds	1066 cpu_system_milliseconds	0 minor_page_faults/s	0 major_page_faults/s	112628 yields/s	16 preempts/s
46000 milliseconds	2679 MB/s	41770 short_reads/s	0 short_writes_echo/s	114 cpu_user_milliseconds	1122 cpu_system_milliseconds	0 minor_page_faults/s	0 major_page_faults/s	116907 yields/s	19 preempts/s
47000 milliseconds	2747 MB/s	43302 short_reads/s	0 short_writes_echo/s	130 cpu_user_milliseconds	1083 cpu_system_milliseconds	0 minor_page_faults/s	0 major_page_faults/s	112823 yields/s	73 preempts/s
48000 milliseconds	2628 MB/s	40572 short_reads/s	0 short_writes_echo/s	148 cpu_user_milliseconds	1126 cpu_system_milliseconds	0 minor_page_faults/s	0 major_page_faults/s	118525 yields/s	5 preempts/s
49000 milliseconds	2685 MB/s	41613 short_reads/s	0 short_writes_echo/s	167 cpu_user_milliseconds	1112 cpu_system_milliseconds	0 minor_page_faults/s	0 major_page_faults/s	118654 yields/s	9 preempts/s
50000 milliseconds	2733 MB/s	42984 short_reads/s	0 short_writes_echo/s	157 cpu_user_milliseconds	1085 cpu_system_milliseconds	0 minor_page_faults/s	0 major_page_faults/s	116346 yields/s	6 preempts/s
51000 milliseconds	2666 MB/s	41288 short_reads/s	0 short_writes_echo/s	126 cpu_user_milliseconds	1136 cpu_system_milliseconds	0 minor_page_faults/s	0 major_page_faults/s	117971 yields/s	17 preempts/s
52000 milliseconds	2703 MB/s	42469 short_reads/s	0 short_writes_echo/s	139 cpu_user_milliseconds	1106 cpu_system_milliseconds	0 minor_page_faults/s	0 major_page_faults/s	114327 yields/s	92 preempts/s
53000 milliseconds	2769 MB/s	43945 short_reads/s	0 short_writes_echo/s	133 cpu_user_milliseconds	1090 cpu_system_milliseconds	0 minor_page_faults/s	0 major_page_faults/s	113414 yields/s	6 preempts/s
54000 milliseconds	2768 MB/s	43622 short_reads/s	0 short_writes_echo/s	149 cpu_user_milliseconds	1069 cpu_system_milliseconds	0 minor_page_faults/s	0 major_page_faults/s	112078 yields/s	19 preempts/s
55000 milliseconds	2699 MB/s	41964 short_reads/s	0 short_writes_echo/s	142 cpu_user_milliseconds	1125 cpu_system_milliseconds	0 minor_page_faults/s	0 major_page_faults/s	117316 yields/s	16 preempts/s
56000 milliseconds	2679 MB/s	41674 short_reads/s	0 short_writes_echo/s	125 cpu_user_milliseconds	1135 cpu_system_milliseconds	0 minor_page_faults/s	0 major_page_faults/s	116700 yields/s	12 preempts/s
57000 milliseconds	2684 MB/s	41727 short_reads/s	0 short_writes_echo/s	141 cpu_user_milliseconds	1121 cpu_system_milliseconds	0 minor_page_faults/s	0 major_page_faults/s	116292 yields/s	104 preempts/s
58000 milliseconds	2691 MB/s	41851 short_reads/s	0 short_writes_echo/s	121 cpu_user_milliseconds	1136 cpu_system_milliseconds	0 minor_page_faults/s	0 major_page_faults/s	116345 yields/s	29 preempts/s
59000 milliseconds	2703 MB/s	42082 short_reads/s	0 short_writes_echo/s	131 cpu_user_milliseconds	1130 cpu_system_milliseconds	0 minor_page_faults/s	0 major_page_faults/s	116618 yields/s	5 preempts/s
60000 milliseconds	2700 MB/s	42217 short_reads/s	0 short_writes_echo/s	138 cpu_user_milliseconds	1111 cpu_system_milliseconds	0 minor_page_faults/s	0 major_page_faults/s	116212 yields/s	24 preempts/s
61000 milliseconds	2680 MB/s	41438 short_reads/s	0 short_writes_echo/s	126 cpu_user_milliseconds	1133 cpu_system_milliseconds	0 minor_page_faults/s	0 major_page_faults/s	119700 yields/s	14 preempts/s
62000 milliseconds	2657 MB/s	41317 short_reads/s	0 short_writes_echo/s	142 cpu_user_milliseconds	1121 cpu_system_milliseconds	0 minor_page_faults/s	0 major_page_faults/s	117561 yields/s	69 preempts/s
63000 milliseconds	2651 MB/s	40791 short_reads/s	0 short_writes_echo/s	133 cpu_user_milliseconds	1161 cpu_system_milliseconds	0 minor_page_faults/s	0 major_page_faults/s	119810 yields/s	5 preempts/s
64000 milliseconds	2656 MB/s	40823 short_reads/s	0 short_writes_echo/s	144 cpu_user_milliseconds	1149 cpu_system_milliseconds	0 minor_page_faults/s	0 major_page_faults/s	120245 yields/s	9 preempts/s
65000 milliseconds	2711 MB/s	42510 short_reads/s	0 short_writes_echo/s	139 cpu_user_milliseconds	1104 cpu_system_milliseconds	0 minor_page_faults/s	0 major_page_faults/s	114742 yields/s	21 preempts/s
66000 milliseconds	2743 MB/s	43181 short_reads/s	0 short_writes_echo/s	138 cpu_user_milliseconds	1099 cpu_system_milliseconds	0 minor_page_faults/s	0 major_page_faults/s	114241 yields/s	5 preempts/s
67000 milliseconds	2704 MB/s	42363 short_reads/s	0 short_writes_echo/s	146 cpu_user_milliseconds	1099 cpu_system_milliseconds	0 minor_page_faults/s	0 major_page_faults/s	114735 yields/s	86 preempts/s
68000 milliseconds	2693 MB/s	41906 short_reads/s	0 short_writes_echo/s	134 cpu_user_milliseconds	1130 cpu_system_milliseconds	0 minor_page_faults/s	0 major_page_faults/s	116700 yields/s	17 preempts/s
69000 milliseconds	2651 MB/s	40723 short_reads/s	0 short_writes_echo/s	145 cpu_user_milliseconds	1159 cpu_system_milliseconds	0 minor_page_faults/s	0 major_page_faults/s	119656 yields/s	18 preempts/s
70000 milliseconds	2701 MB/s	42129 short_reads/s	0 short_writes_echo/s	138 cpu_user_milliseconds	1117 cpu_system_milliseconds	0 minor_page_faults/s	0 major_page_faults/s	117262 yields/s	7 preempts/s
71000 milliseconds	2739 MB/s	43270 short_reads/s	0 short_writes_echo/s	138 cpu_user_milliseconds	1097 cpu_system_milliseconds	0 minor_page_faults/s	0 major_page_faults/s	115135 yields/s	18 preempts/s
72000 milliseconds	2685 MB/s	41976 short_reads/s	0 short_writes_echo/s	137 cpu_user_milliseconds	1101 cpu_system_milliseconds	0 minor_page_faults/s	0 major_page_faults/s	113307 yields/s	85 preempts/s
73000 milliseconds	2751 MB/s	43454 short_reads/s	0 short_writes_echo/s	122 cpu_user_milliseconds	1112 cpu_system_milliseconds	0 minor_page_faults/s	0 major_page_faults/s	113702 yields/s	16 preempts/s
74000 milliseconds	2733 MB/s	42975 short_reads/s	0 short_writes_echo/s	144 cpu_user_milliseconds	1085 cpu_system_milliseconds	0 minor_page_faults/s	0 major_page_faults/s	113004 yields/s	18 preempts/s
75000 milliseconds	2705 MB/s	42223 short_reads/s	0 short_writes_echo/s	138 cpu_user_milliseconds	1105 cpu_system_milliseconds	0 minor_page_faults/s	0 major_page_faults/s	115384 yields/s	48 preempts/s
76000 milliseconds	2664 MB/s	41302 short_reads/s	0 short_writes_echo/s	148 cpu_user_milliseconds	1121 cpu_system_milliseconds	0 minor_page_faults/s	0 major_page_faults/s	118444 yields/s	14 preempts/s
77000 milliseconds	2653 MB/s	41245 short_reads/s	0 short_writes_echo/s	142 cpu_user_milliseconds	1125 cpu_system_milliseconds	0 minor_page_faults/s	0 major_page_faults/s	117051 yields/s	63 preempts/s
78000 milliseconds	2707 MB/s	42354 short_reads/s	0 short_writes_echo/s	124 cpu_user_milliseconds	1138 cpu_system_milliseconds	0 minor_page_faults/s	0 major_page_faults/s	116535 yields/s	3 preempts/s
79000 milliseconds	2673 MB/s	41431 short_reads/s	0 short_writes_echo/s	145 cpu_user_milliseconds	1133 cpu_system_milliseconds	0 minor_page_faults/s	0 major_page_faults/s	118048 yields/s	22 preempts/s
80000 milliseconds	2725 MB/s	42639 short_reads/s	0 short_writes_echo/s	139 cpu_user_milliseconds	1098 cpu_system_milliseconds	0 minor_page_faults/s	0 major_page_faults/s	114760 yields/s	29 preempts/s
81000 milliseconds	2734 MB/s	42988 short_reads/s	0 short_writes_echo/s	157 cpu_user_milliseconds	1094 cpu_system_milliseconds	0 minor_page_faults/s	0 major_page_faults/s	115257 yields/s	14 preempts/s
82001 milliseconds	2653 MB/s	41147 short_reads/s	0 short_writes_echo/s	128 cpu_user_milliseconds	1145 cpu_system_milliseconds	0 minor_page_faults/s	0 major_page_faults/s	116914 yields/s	120 preempts/s
83001 milliseconds	2720 MB/s	42737 short_reads/s	0 short_writes_echo/s	125 cpu_user_milliseconds	1107 cpu_system_milliseconds	0 minor_page_faults/s	0 major_page_faults/s	115338 yields/s	16 preempts/s
84001 milliseconds	2688 MB/s	41832 short_reads/s	0 short_writes_echo/s	152 cpu_user_milliseconds	1109 cpu_system_milliseconds	0 minor_page_faults/s	0 major_page_faults/s	117712 yields/s	35 preempts/s
85001 milliseconds	2599 MB/s	40370 short_reads/s	0 short_writes_echo/s	129 cpu_user_milliseconds	1134 cpu_system_milliseconds	0 minor_page_faults/s	0 major_page_faults/s	114300 yields/s	22 preempts/s
86001 milliseconds	2753 MB/s	43436 short_reads/s	0 short_writes_echo/s	125 cpu_user_milliseconds	1099 cpu_system_milliseconds	0 minor_page_faults/s	0 major_page_faults/s	113485 yields/s	11 preempts/s
87001 milliseconds	2668 MB/s	41820 short_reads/s	0 short_writes_echo/s	163 cpu_user_milliseconds	1074 cpu_system_milliseconds	0 minor_page_faults/s	0 major_page_faults/s	114374 yields/s	113 preempts/s
88001 milliseconds	2714 MB/s	42545 short_reads/s	0 short_writes_echo/s	147 cpu_user_milliseconds	1086 cpu_system_milliseconds	0 minor_page_faults/s	0 major_page_faults/s	114781 yields/s	48 preempts/s
89001 milliseconds	2712 MB/s	42501 short_reads/s	0 short_writes_echo/s	132 cpu_user_milliseconds	1107 cpu_system_milliseconds	0 minor_page_faults/s	0 major_page_faults/s	115606 yields/s	20 preempts/s
90001 milliseconds	2652 MB/s	40899 short_reads/s	0 short_writes_echo/s	138 cpu_user_milliseconds	1150 cpu_system_milliseconds	0 minor_page_faults/s	0 major_page_faults/s	119072 yields/s	16 preempts/s
91001 milliseconds	2761 MB/s	43902 short_reads/s	0 short_writes_echo/s	136 cpu_user_milliseconds	1094 cpu_system_milliseconds	0 minor_page_faults/s	0 major_page_faults/s	114027 yields/s	5 preempts/s
92001 milliseconds	2683 MB/s	41854 short_reads/s	0 short_writes_echo/s	140 cpu_user_milliseconds	1114 cpu_system_milliseconds	0 minor_page_faults/s	0 major_page_faults/s	116714 yields/s	206 preempts/s
93001 milliseconds	2689 MB/s	41955 short_reads/s	0 short_writes_echo/s	135 cpu_user_milliseconds	1106 cpu_system_milliseconds	0 minor_page_faults/s	0 major_page_faults/s	116263 yields/s	7 preempts/s
94001 milliseconds	2754 MB/s	43516 short_reads/s	0 short_writes_echo/s	137 cpu_user_milliseconds	1095 cpu_system_milliseconds	0 minor_page_faults/s	0 major_page_faults/s	113671 yields/s	15 preempts/s
95001 milliseconds	2688 MB/s	41748 short_reads/s	0 short_writes_echo/s	135 cpu_user_milliseconds	1124 cpu_system_milliseconds	0 minor_page_faults/s	0 major_page_faults/s	118774 yields/s	9 preempts/s
96001 milliseconds	2701 MB/s	42141 short_reads/s	0 short_writes_echo/s	149 cpu_user_milliseconds	1118 cpu_system_milliseconds	0 minor_page_faults/s	0 major_page_faults/s	116822 yields/s	2 preempts/s
97001 milliseconds	2708 MB/s	42710 short_reads/s	0 short_writes_echo/s	134 cpu_user_milliseconds	1108 cpu_system_milliseconds	0 minor_page_faults/s	0 major_page_faults/s	115174 yields/s	110 preempts/s
98001 milliseconds	2712 MB/s	42325 short_reads/s	0 short_writes_echo/s	130 cpu_user_milliseconds	1127 cpu_system_milliseconds	0 minor_page_faults/s	0 major_page_faults/s	117201 yields/s	7 preempts/s
99001 milliseconds	2649 MB/s	40673 short_reads/s	0 short_writes_echo/s	135 cpu_user_milliseconds	1151 cpu_system_milliseconds	0 minor_page_faults/s	0 major_page_faults/s	120168 yields/s	25 preempts/s
100001 milliseconds	2650 MB/s	40891 short_reads/s	0 short_writes_echo/s	150 cpu_user_milliseconds	1107 cpu_system_milliseconds	0 minor_page_faults/s	0 major_page_faults/s	120845 yields/s	9 preempts/s
101001 milliseconds	2742 MB/s	43253 short_reads/s	0 short_writes_echo/s	166 cpu_user_milliseconds	1071 cpu_system_milliseconds	0 minor_page_faults/s	0 major_page_faults/s	113727 yields/s	38 preempts/s
102001 milliseconds	2701 MB/s	42503 short_reads/s	0 short_writes_echo/s	148 cpu_user_milliseconds	1093 cpu_system_milliseconds	0 minor_page_faults/s	0 major_page_faults/s	114128 yields/s	88 preempts/s
103001 milliseconds	2716 MB/s	42523 short_reads/s	0 short_writes_echo/s	147 cpu_user_milliseconds	1100 cpu_system_milliseconds	0 minor_page_faults/s	0 major_page_faults/s	115282 yields/s	11 preempts/s
104001 milliseconds	2741 MB/s	43465 short_reads/s	0 short_writes_echo/s	161 cpu_user_milliseconds	1074 cpu_system_milliseconds	0 minor_page_faults/s	0 major_page_faults/s	114276 yields/s	34 preempts/s
105001 milliseconds	2713 MB/s	42513 short_reads/s	0 short_writes_echo/s	133 cpu_user_milliseconds	1134 cpu_system_milliseconds	0 minor_page_faults/s	0 major_page_faults/s	116735 yields/s	2 preempts/s
106001 milliseconds	2740 MB/s	43083 short_reads/s	0 short_writes_echo/s	136 cpu_user_milliseconds	1103 cpu_system_milliseconds	0 minor_page_faults/s	0 major_page_faults/s	113951 yields/s	11 preempts/s
107001 milliseconds	2727 MB/s	43401 short_reads/s	0 short_writes_echo/s	129 cpu_user_milliseconds	1084 cpu_system_milliseconds	0 minor_page_faults/s	0 major_page_faults/s	112044 yields/s	86 preempts/s
108001 milliseconds	2697 MB/s	41955 short_reads/s	0 short_writes_echo/s	134 cpu_user_milliseconds	1129 cpu_system_milliseconds	0 minor_page_faults/s	0 major_page_faults/s	118429 yields/s	9 preempts/s
109001 milliseconds	2661 MB/s	41471 short_reads/s	0 short_writes_echo/s	151 cpu_user_milliseconds	1113 cpu_system_milliseconds	0 minor_page_faults/s	0 major_page_faults/s	114802 yields/s	45 preempts/s
110001 milliseconds	2682 MB/s	41592 short_reads/s	0 short_writes_echo/s	139 cpu_user_milliseconds	1137 cpu_system_milliseconds	0 minor_page_faults/s	0 major_page_faults/s	117946 yields/s	5 preempts/s
111001 milliseconds	2648 MB/s	40588 short_reads/s	0 short_writes_echo/s	143 cpu_user_milliseconds	1169 cpu_system_milliseconds	0 minor_page_faults/s	0 major_page_faults/s	120317 yields/s	5 preempts/s
112001 milliseconds	2731 MB/s	43226 short_reads/s	0 short_writes_echo/s	159 cpu_user_milliseconds	1082 cpu_system_milliseconds	0 minor_page_faults/s	0 major_page_faults/s	114743 yields/s	107 preempts/s
113001 milliseconds	2682 MB/s	41670 short_reads/s	0 short_writes_echo/s	137 cpu_user_milliseconds	1121 cpu_system_milliseconds	0 minor_page_faults/s	0 major_page_faults/s	117768 yields/s	12 preempts/s
114001 milliseconds	2667 MB/s	41371 short_reads/s	0 short_writes_echo/s	113 cpu_user_milliseconds	1139 cpu_system_milliseconds	0 minor_page_faults/s	0 major_page_faults/s	118212 yields/s	7 preempts/s
115001 milliseconds	2740 MB/s	43016 short_reads/s	0 short_writes_echo/s	157 cpu_user_milliseconds	1085 cpu_system_milliseconds	0 minor_page_faults/s	0 major_page_faults/s	116099 yields/s	13 preempts/s
116001 milliseconds	2716 MB/s	42451 short_reads/s	0 short_writes_echo/s	137 cpu_user_milliseconds	1118 cpu_system_milliseconds	0 minor_page_faults/s	0 major_page_faults/s	115542 yields/s	19 preempts/s
117001 milliseconds	2691 MB/s	41923 short_reads/s	0 short_writes_echo/s	145 cpu_user_milliseconds	1109 cpu_system_milliseconds	0 minor_page_faults/s	0 major_page_faults/s	116170 yields/s	108 preempts/s
118001 milliseconds	2693 MB/s	41800 short_reads/s	0 short_writes_echo/s	141 cpu_user_milliseconds	1124 cpu_system_milliseconds	0 minor_page_faults/s	0 major_page_faults/s	117280 yields/s	9 preempts/s
119001 milliseconds	2707 MB/s	42201 short_reads/s	0 short_writes_echo/s	138 cpu_user_milliseconds	1124 cpu_system_milliseconds	0 minor_page_faults/s	0 major_page_faults/s	116832 yields/s	3 preempts/s
120001 milliseconds	2711 MB/s	42362 short_reads/s	0 short_writes_echo/s	133 cpu_user_milliseconds	1126 cpu_system_milliseconds	0 minor_page_faults/s	0 major_page_faults/s	117220 yields/s	11 preempts/s
121001 milliseconds	2806 MB/s	45263 short_reads/s	0 short_writes_echo/s	170 cpu_user_milliseconds	1033 cpu_system_milliseconds	0 minor_page_faults/s	0 major_page_faults/s	112375 yields/s	14 preempts/s
122001 milliseconds	2689 MB/s	42099 short_reads/s	0 short_writes_echo/s	122 cpu_user_milliseconds	1118 cpu_system_milliseconds	0 minor_page_faults/s	0 major_page_faults/s	114984 yields/s	39 preempts/s
123001 milliseconds	2712 MB/s	42560 short_reads/s	0 short_writes_echo/s	129 cpu_user_milliseconds	1130 cpu_system_milliseconds	0 minor_page_faults/s	0 major_page_faults/s	117377 yields/s	14 preempts/s
124001 milliseconds	2742 MB/s	43400 short_reads/s	0 short_writes_echo/s	143 cpu_user_milliseconds	1081 cpu_system_milliseconds	0 minor_page_faults/s	0 major_page_faults/s	113126 yields/s	46 preempts/s
125001 milliseconds	2706 MB/s	42368 short_reads/s	0 short_writes_echo/s	140 cpu_user_milliseconds	1100 cpu_system_milliseconds	0 minor_page_faults/s	0 major_page_faults/s	115780 yields/s	17 preempts/s
126001 milliseconds	2709 MB/s	42628 short_reads/s	0 short_writes_echo/s	148 cpu_user_milliseconds	1094 cpu_system_milliseconds	0 minor_page_faults/s	0 major_page_faults/s	115674 yields/s	27 preempts/s
127001 milliseconds	2722 MB/s	42801 short_reads/s	0 short_writes_echo/s	140 cpu_user_milliseconds	1095 cpu_system_milliseconds	0 minor_page_faults/s	0 major_page_faults/s	114108 yields/s	71 preempts/s
128001 milliseconds	2752 MB/s	43504 short_reads/s	0 short_writes_echo/s	138 cpu_user_milliseconds	1081 cpu_system_milliseconds	0 minor_page_faults/s	0 major_page_faults/s	114217 yields/s	30 preempts/s
129001 milliseconds	2676 MB/s	41620 short_reads/s	0 short_writes_echo/s	140 cpu_user_milliseconds	1131 cpu_system_milliseconds	0 minor_page_faults/s	0 major_page_faults/s	117533 yields/s	61 preempts/s
130001 milliseconds	2715 MB/s	42558 short_reads/s	0 short_writes_echo/s	136 cpu_user_milliseconds	1110 cpu_system_milliseconds	0 minor_page_faults/s	0 major_page_faults/s	115937 yields/s	22 preempts/s
131001 milliseconds	2704 MB/s	42299 short_reads/s	0 short_writes_echo/s	139 cpu_user_milliseconds	1098 cpu_system_milliseconds	0 minor_page_faults/s	0 major_page_faults/s	114916 yields/s	19 preempts/s
132001 milliseconds	2660 MB/s	41246 short_reads/s	0 short_writes_echo/s	111 cpu_user_milliseconds	1152 cpu_system_milliseconds	0 minor_page_faults/s	0 major_page_faults/s	117161 yields/s	90 preempts/s
133001 milliseconds	2704 MB/s	42266 short_reads/s	0 short_writes_echo/s	153 cpu_user_milliseconds	1109 cpu_system_milliseconds	0 minor_page_faults/s	0 major_page_faults/s	116266 yields/s	13 preempts/s
134001 milliseconds	2664 MB/s	41280 short_reads/s	0 short_writes_echo/s	141 cpu_user_milliseconds	1140 cpu_system_milliseconds	0 minor_page_faults/s	0 major_page_faults/s	118691 yields/s	4 preempts/s
135001 milliseconds	2663 MB/s	41591 short_reads/s	0 short_writes_echo/s	150 cpu_user_milliseconds	1098 cpu_system_milliseconds	0 minor_page_faults/s	0 major_page_faults/s	114922 yields/s	40 preempts/s
136001 milliseconds	2743 MB/s	43161 short_reads/s	0 short_writes_echo/s	147 cpu_user_milliseconds	1082 cpu_system_milliseconds	0 minor_page_faults/s	0 major_page_faults/s	114440 yields/s	17 preempts/s
137001 milliseconds	2711 MB/s	42757 short_reads/s	0 short_writes_echo/s	156 cpu_user_milliseconds	1078 cpu_system_milliseconds	0 minor_page_faults/s	0 major_page_faults/s	113420 yields/s	105 preempts/s
138001 milliseconds	2709 MB/s	42576 short_reads/s	0 short_writes_echo/s	135 cpu_user_milliseconds	1120 cpu_system_milliseconds	0 minor_page_faults/s	0 major_page_faults/s	116121 yields/s	9 preempts/s
139001 milliseconds	2726 MB/s	42786 short_reads/s	0 short_writes_echo/s	148 cpu_user_milliseconds	1087 cpu_system_milliseconds	0 minor_page_faults/s	0 major_page_faults/s	115633 yields/s	13 preempts/s
140001 milliseconds	2660 MB/s	40926 short_reads/s	0 short_writes_echo/s	140 cpu_user_milliseconds	1162 cpu_system_milliseconds	0 minor_page_faults/s	0 major_page_faults/s	119485 yields/s	3 preempts/s
141001 milliseconds	2665 MB/s	41272 short_reads/s	0 short_writes_echo/s	143 cpu_user_milliseconds	1129 cpu_system_milliseconds	0 minor_page_faults/s	0 major_page_faults/s	117368 yields/s	37 preempts/s
142001 milliseconds	2661 MB/s	41423 short_reads/s	0 short_writes_echo/s	127 cpu_user_milliseconds	1138 cpu_system_milliseconds	0 minor_page_faults/s	0 major_page_faults/s	115668 yields/s	88 preempts/s
143002 milliseconds	2687 MB/s	41732 short_reads/s	0 short_writes_echo/s	149 cpu_user_milliseconds	1126 cpu_system_milliseconds	0 minor_page_faults/s	0 major_page_faults/s	117522 yields/s	9 preempts/s
144002 milliseconds	2679 MB/s	41688 short_reads/s	0 short_writes_echo/s	131 cpu_user_milliseconds	1144 cpu_system_milliseconds	0 minor_page_faults/s	0 major_page_faults/s	118318 yields/s	22 preempts/s
145002 milliseconds	2602 MB/s	40459 short_reads/s	0 short_writes_echo/s	178 cpu_user_milliseconds	1091 cpu_system_milliseconds	0 minor_page_faults/s	0 major_page_faults/s	114353 yields/s	9 preempts/s
146002 milliseconds	2651 MB/s	40723 short_reads/s	0 short_writes_echo/s	156 cpu_user_milliseconds	1145 cpu_system_milliseconds	0 minor_page_faults/s	0 major_page_faults/s	120133 yields/s	6 preempts/s
147002 milliseconds	2646 MB/s	40918 short_reads/s	0 short_writes_echo/s	128 cpu_user_milliseconds	1149 cpu_system_milliseconds	0 minor_page_faults/s	0 major_page_faults/s	116682 yields/s	74 preempts/s
148002 milliseconds	2727 MB/s	42645 short_reads/s	0 short_writes_echo/s	147 cpu_user_milliseconds	1105 cpu_system_milliseconds	0 minor_page_faults/s	0 major_page_faults/s	115720 yields/s	6 preempts/s
149002 milliseconds	2683 MB/s	41634 short_reads/s	0 short_writes_echo/s	140 cpu_user_milliseconds	1119 cpu_system_milliseconds	0 minor_page_faults/s	0 major_page_faults/s	117630 yields/s	15 preempts/s
150002 milliseconds	2647 MB/s	40660 short_reads/s	0 short_writes_echo/s	161 cpu_user_milliseconds	1141 cpu_system_milliseconds	0 minor_page_faults/s	0 major_page_faults/s	119282 yields/s	3 preempts/s
151002 milliseconds	2714 MB/s	42438 short_reads/s	0 short_writes_echo/s	142 cpu_user_milliseconds	1110 cpu_system_milliseconds	0 minor_page_faults/s	0 major_page_faults/s	118414 yields/s	3 preempts/s
152002 milliseconds	2736 MB/s	43472 short_reads/s	0 short_writes_echo/s	117 cpu_user_milliseconds	1105 cpu_system_milliseconds	0 minor_page_faults/s	0 major_page_faults/s	113889 yields/s	84 preempts/s
153002 milliseconds	2683 MB/s	41760 short_reads/s	0 short_writes_echo/s	155 cpu_user_milliseconds	1108 cpu_system_milliseconds	0 minor_page_faults/s	0 major_page_faults/s	116852 yields/s	25 preempts/s
154002 milliseconds	2693 MB/s	41912 short_reads/s	0 short_writes_echo/s	163 cpu_user_milliseconds	1112 cpu_system_milliseconds	0 minor_page_faults/s	0 major_page_faults/s	116630 yields/s	4 preempts/s
155002 milliseconds	2643 MB/s	40515 short_reads/s	0 short_writes_echo/s	160 cpu_user_milliseconds	1156 cpu_system_milliseconds	0 minor_page_faults/s	0 major_page_faults/s	120538 yields/s	14 preempts/s
156002 milliseconds	2651 MB/s	40684 short_reads/s	0 short_writes_echo/s	166 cpu_user_milliseconds	1139 cpu_system_milliseconds	0 minor_page_faults/s	0 major_page_faults/s	120784 yields/s	9 preempts/s
157002 milliseconds	2709 MB/s	42538 short_reads/s	0 short_writes_echo/s	138 cpu_user_milliseconds	1098 cpu_system_milliseconds	0 minor_page_faults/s	0 major_page_faults/s	113215 yields/s	120 preempts/s
158002 milliseconds	2729 MB/s	42899 short_reads/s	0 short_writes_echo/s	121 cpu_user_milliseconds	1103 cpu_system_milliseconds	0 minor_page_faults/s	0 major_page_faults/s	114677 yields/s	5 preempts/s
159002 milliseconds	2673 MB/s	41475 short_reads/s	0 short_writes_echo/s	154 cpu_user_milliseconds	1122 cpu_system_milliseconds	0 minor_page_faults/s	0 major_page_faults/s	117372 yields/s	22 preempts/s
160002 milliseconds	2760 MB/s	43786 short_reads/s	0 short_writes_echo/s	151 cpu_user_milliseconds	1076 cpu_system_milliseconds	0 minor_page_faults/s	0 major_page_faults/s	113286 yields/s	9 preempts/s
161002 milliseconds	2668 MB/s	41521 short_reads/s	0 short_writes_echo/s	104 cpu_user_milliseconds	1139 cpu_system_milliseconds	0 minor_page_faults/s	0 major_page_faults/s	119556 yields/s	5 preempts/s
162002 milliseconds	2726 MB/s	42804 short_reads/s	0 short_writes_echo/s	126 cpu_user_milliseconds	1097 cpu_system_milliseconds	0 minor_page_faults/s	0 major_page_faults/s	113799 yields/s	329 preempts/s
163002 milliseconds	2761 MB/s	43530 short_reads/s	0 short_writes_echo/s	153 cpu_user_milliseconds	1072 cpu_system_milliseconds	0 minor_page_faults/s	0 major_page_faults/s	113089 yields/s	9 preempts/s
164002 milliseconds	2718 MB/s	42581 short_reads/s	0 short_writes_echo/s	137 cpu_user_milliseconds	1115 cpu_system_milliseconds	0 minor_page_faults/s	0 major_page_faults/s	117572 yields/s	4 preempts/s
165002 milliseconds	2668 MB/s	41209 short_reads/s	0 short_writes_echo/s	127 cpu_user_milliseconds	1158 cpu_system_milliseconds	0 minor_page_faults/s	0 major_page_faults/s	119802 yields/s	12 preempts/s
166002 milliseconds	2748 MB/s	43437 short_reads/s	0 short_writes_echo/s	154 cpu_user_milliseconds	1076 cpu_system_milliseconds	0 minor_page_faults/s	0 major_page_faults/s	115445 yields/s	21 preempts/s
167002 milliseconds	2634 MB/s	40548 short_reads/s	0 short_writes_echo/s	147 cpu_user_milliseconds	1148 cpu_system_milliseconds	0 minor_page_faults/s	0 major_page_faults/s	117921 yields/s	107 preempts/s
168002 milliseconds	2709 MB/s	42301 short_reads/s	0 short_writes_echo/s	157 cpu_user_milliseconds	1083 cpu_system_milliseconds	0 minor_page_faults/s	0 major_page_faults/s	115660 yields/s	9 preempts/s
169002 milliseconds	2644 MB/s	41078 short_reads/s	0 short_writes_echo/s	149 cpu_user_milliseconds	1122 cpu_system_milliseconds	0 minor_page_faults/s	0 major_page_faults/s	117864 yields/s	27 preempts/s
170002 milliseconds	2785 MB/s	44544 short_reads/s	0 short_writes_echo/s	118 cpu_user_milliseconds	1090 cpu_system_milliseconds	0 minor_page_faults/s	0 major_page_faults/s	112741 yields/s	6 preempts/s
171002 milliseconds	2658 MB/s	40897 short_reads/s	0 short_writes_echo/s	133 cpu_user_milliseconds	1166 cpu_system_milliseconds	0 minor_page_faults/s	0 major_page_faults/s	119215 yields/s	6 preempts/s
172002 milliseconds	2699 MB/s	42197 short_reads/s	0 short_writes_echo/s	132 cpu_user_milliseconds	1111 cpu_system_milliseconds	0 minor_page_faults/s	0 major_page_faults/s	114682 yields/s	62 preempts/s
173002 milliseconds	2688 MB/s	41932 short_reads/s	0 short_writes_echo/s	142 cpu_user_milliseconds	1104 cpu_system_milliseconds	0 minor_page_faults/s	0 major_page_faults/s	116077 yields/s	24 preempts/s
174002 milliseconds	2687 MB/s	41725 short_reads/s	0 short_writes_echo/s	126 cpu_user_milliseconds	1154 cpu_system_milliseconds	0 minor_page_faults/s	0 major_page_faults/s	117597 yields/s	7 preempts/s
175002 milliseconds	2745 MB/s	43385 short_reads/s	0 short_writes_echo/s	131 cpu_user_milliseconds	1088 cpu_system_milliseconds	0 minor_page_faults/s	0 major_page_faults/s	113390 yields/s	15 preempts/s
176002 milliseconds	2718 MB/s	42423 short_reads/s	0 short_writes_echo/s	150 cpu_user_milliseconds	1085 cpu_system_milliseconds	0 minor_page_faults/s	0 major_page_faults/s	116557 yields/s	15 preempts/s
177002 milliseconds	2669 MB/s	41517 short_reads/s	0 short_writes_echo/s	167 cpu_user_milliseconds	1114 cpu_system_milliseconds	0 minor_page_faults/s	0 major_page_faults/s	117840 yields/s	72 preempts/s
178002 milliseconds	2699 MB/s	42127 short_reads/s	0 short_writes_echo/s	140 cpu_user_milliseconds	1115 cpu_system_milliseconds	0 minor_page_faults/s	0 major_page_faults/s	117421 yields/s	12 preempts/s
179002 milliseconds	2717 MB/s	42508 short_reads/s	0 short_writes_echo/s	150 cpu_user_milliseconds	1108 cpu_system_milliseconds	0 minor_page_faults/s	0 major_page_faults/s	117265 yields/s	9 preempts/s
180002 milliseconds	2647 MB/s	40773 short_reads/s	0 short_writes_echo/s	129 cpu_user_milliseconds	1162 cpu_system_milliseconds	0 minor_page_faults/s	0 major_page_faults/s	119429 yields/s	6 preempts/s
181002 milliseconds	2659 MB/s	41170 short_reads/s	0 short_writes_echo/s	148 cpu_user_milliseconds	1135 cpu_system_milliseconds	0 minor_page_faults/s	0 major_page_faults/s	118163 yields/s	13 preempts/s
182002 milliseconds	2693 MB/s	41969 short_reads/s	0 short_writes_echo/s	141 cpu_user_milliseconds	1102 cpu_system_milliseconds	0 minor_page_faults/s	0 major_page_faults/s	117200 yields/s	92 preempts/s
183002 milliseconds	2709 MB/s	42583 short_reads/s	0 short_writes_echo/s	144 cpu_user_milliseconds	1090 cpu_system_milliseconds	0 minor_page_faults/s	0 major_page_faults/s	115791 yields/s	33 preempts/s
184002 milliseconds	2658 MB/s	41061 short_reads/s	0 short_writes_echo/s	125 cpu_user_milliseconds	1159 cpu_system_milliseconds	0 minor_page_faults/s	0 major_page_faults/s	118669 yields/s	21 preempts/s
185002 milliseconds	2695 MB/s	42005 short_reads/s	0 short_writes_echo/s	145 cpu_user_milliseconds	1120 cpu_system_milliseconds	0 minor_page_faults/s	0 major_page_faults/s	117107 yields/s	30 preempts/s
186002 milliseconds	2759 MB/s	43555 short_reads/s	0 short_writes_echo/s	131 cpu_user_milliseconds	1104 cpu_system_milliseconds	0 minor_page_faults/s	0 major_page_faults/s	114587 yields/s	0 preempts/s
187002 milliseconds	2715 MB/s	42530 short_reads/s	0 short_writes_echo/s	155 cpu_user_milliseconds	1084 cpu_system_milliseconds	0 minor_page_faults/s	0 major_page_faults/s	113185 yields/s	194 preempts/s
188002 milliseconds	2759 MB/s	43426 short_reads/s	0 short_writes_echo/s	159 cpu_user_milliseconds	1064 cpu_system_milliseconds	0 minor_page_faults/s	0 major_page_faults/s	114942 yields/s	4 preempts/s
189002 milliseconds	2755 MB/s	43620 short_reads/s	0 short_writes_echo/s	154 cpu_user_milliseconds	1083 cpu_system_milliseconds	0 minor_page_faults/s	0 major_page_faults/s	114296 yields/s	27 preempts/s
190002 milliseconds	2726 MB/s	42804 short_reads/s	0 short_writes_echo/s	145 cpu_user_milliseconds	1087 cpu_system_milliseconds	0 minor_page_faults/s	0 major_page_faults/s	116544 yields/s	4 preempts/s
191002 milliseconds	2667 MB/s	41342 short_reads/s	0 short_writes_echo/s	133 cpu_user_milliseconds	1139 cpu_system_milliseconds	0 minor_page_faults/s	0 major_page_faults/s	118705 yields/s	23 preempts/s
192002 milliseconds	2657 MB/s	41249 short_reads/s	0 short_writes_echo/s	119 cpu_user_milliseconds	1142 cpu_system_milliseconds	0 minor_page_faults/s	0 major_page_faults/s	117556 yields/s	118 preempts/s
193002 milliseconds	2672 MB/s	41379 short_reads/s	0 short_writes_echo/s	142 cpu_user_milliseconds	1136 cpu_system_milliseconds	0 minor_page_faults/s	0 major_page_faults/s	118359 yields/s	23 preempts/s
194002 milliseconds	2676 MB/s	41530 short_reads/s	0 short_writes_echo/s	128 cpu_user_milliseconds	1160 cpu_system_milliseconds	0 minor_page_faults/s	0 major_page_faults/s	117911 yields/s	4 preempts/s
195002 milliseconds	2731 MB/s	43171 short_reads/s	0 short_writes_echo/s	140 cpu_user_milliseconds	1074 cpu_system_milliseconds	0 minor_page_faults/s	0 major_page_faults/s	112757 yields/s	30 preempts/s
196002 milliseconds	2691 MB/s	42099 short_reads/s	0 short_writes_echo/s	148 cpu_user_milliseconds	1111 cpu_system_milliseconds	0 minor_page_faults/s	0 major_page_faults/s	117722 yields/s	19 preempts/s
197002 milliseconds	2671 MB/s	41852 short_reads/s	0 short_writes_echo/s	162 cpu_user_milliseconds	1084 cpu_system_milliseconds	0 minor_page_faults/s	0 major_page_faults/s	114448 yields/s	82 preempts/s
198002 milliseconds	2724 MB/s	42851 short_reads/s	0 short_writes_echo/s	146 cpu_user_milliseconds	1103 cpu_system_milliseconds	0 minor_page_faults/s	0 major_page_faults/s	115983 yields/s	6 preempts/s
199002 milliseconds	2656 MB/s	41120 short_reads/s	0 short_writes_echo/s	124 cpu_user_milliseconds	1138 cpu_system_milliseconds	0 minor_page_faults/s	0 major_page_faults/s	119489 yields/s	13 preempts/s
200002 milliseconds	2672 MB/s	41434 short_reads/s	0 short_writes_echo/s	147 cpu_user_milliseconds	1119 cpu_system_milliseconds	0 minor_page_faults/s	0 major_page_faults/s	119869 yields/s	10 preempts/s
201002 milliseconds	2658 MB/s	41033 short_reads/s	0 short_writes_echo/s	142 cpu_user_milliseconds	1140 cpu_system_milliseconds	0 minor_page_faults/s	0 major_page_faults/s	119059 yields/s	16 preempts/s
202002 milliseconds	2625 MB/s	40446 short_reads/s	0 short_writes_echo/s	138 cpu_user_milliseconds	1146 cpu_system_milliseconds	0 minor_page_faults/s	0 major_page_faults/s	118530 yields/s	82 preempts/s
203002 milliseconds	2678 MB/s	41781 short_reads/s	0 short_writes_echo/s	114 cpu_user_milliseconds	1134 cpu_system_milliseconds	0 minor_page_faults/s	0 major_page_faults/s	118581 yields/s	27 preempts/s
204002 milliseconds	2724 MB/s	42781 short_reads/s	0 short_writes_echo/s	180 cpu_user_milliseconds	1067 cpu_system_milliseconds	0 minor_page_faults/s	0 major_page_faults/s	114371 yields/s	6 preempts/s
205002 milliseconds	2629 MB/s	41220 short_reads/s	0 short_writes_echo/s	126 cpu_user_milliseconds	1105 cpu_system_milliseconds	0 minor_page_faults/s	0 major_page_faults/s	112416 yields/s	56 preempts/s
206002 milliseconds	2659 MB/s	41040 short_reads/s	0 short_writes_echo/s	147 cpu_user_milliseconds	1148 cpu_system_milliseconds	0 minor_page_faults/s	0 major_page_faults/s	119057 yields/s	13 preempts/s
207002 milliseconds	2634 MB/s	40497 short_reads/s	0 short_writes_echo/s	143 cpu_user_milliseconds	1157 cpu_system_milliseconds	0 minor_page_faults/s	0 major_page_faults/s	119015 yields/s	86 preempts/s
208003 milliseconds	2770 MB/s	43824 short_reads/s	0 short_writes_echo/s	139 cpu_user_milliseconds	1066 cpu_system_milliseconds	0 minor_page_faults/s	0 major_page_faults/s	111979 yields/s	6 preempts/s
209003 milliseconds	2721 MB/s	42766 short_reads/s	0 short_writes_echo/s	124 cpu_user_milliseconds	1108 cpu_system_milliseconds	0 minor_page_faults/s	0 major_page_faults/s	115852 yields/s	36 preempts/s
210003 milliseconds	2739 MB/s	43094 short_reads/s	0 short_writes_echo/s	143 cpu_user_milliseconds	1086 cpu_system_milliseconds	0 minor_page_faults/s	0 major_page_faults/s	115204 yields/s	5 preempts/s
211003 milliseconds	2663 MB/s	41146 short_reads/s	0 short_writes_echo/s	150 cpu_user_milliseconds	1135 cpu_system_milliseconds	0 minor_page_faults/s	0 major_page_faults/s	118879 yields/s	9 preempts/s
212003 milliseconds	2663 MB/s	41266 short_reads/s	0 short_writes_echo/s	146 cpu_user_milliseconds	1122 cpu_system_milliseconds	0 minor_page_faults/s	0 major_page_faults/s	118130 yields/s	59 preempts/s
213003 milliseconds	2728 MB/s	43127 short_reads/s	0 short_writes_echo/s	127 cpu_user_milliseconds	1090 cpu_system_milliseconds	0 minor_page_faults/s	0 major_page_faults/s	113305 yields/s	8 preempts/s
214003 milliseconds	2663 MB/s	41072 short_reads/s	0 short_writes_echo/s	122 cpu_user_milliseconds	1171 cpu_system_milliseconds	0 minor_page_faults/s	0 major_page_faults/s	119240 yields/s	6 preempts/s
215003 milliseconds	2697 MB/s	41906 short_reads/s	0 short_writes_echo/s	133 cpu_user_milliseconds	1126 cpu_system_milliseconds	0 minor_page_faults/s	0 major_page_faults/s	118324 yields/s	14 preempts/s
216003 milliseconds	2682 MB/s	41673 short_reads/s	0 short_writes_echo/s	140 cpu_user_milliseconds	1127 cpu_system_milliseconds	0 minor_page_faults/s	0 major_page_faults/s	117833 yields/s	16 preempts/s
217003 milliseconds	2695 MB/s	42266 short_reads/s	0 short_writes_echo/s	129 cpu_user_milliseconds	1090 cpu_system_milliseconds	0 minor_page_faults/s	0 major_page_faults/s	114286 yields/s	498 preempts/s
218003 milliseconds	2733 MB/s	43011 short_reads/s	0 short_writes_echo/s	135 cpu_user_milliseconds	1114 cpu_system_milliseconds	0 minor_page_faults/s	0 major_page_faults/s	115832 yields/s	11 preempts/s
219003 milliseconds	2709 MB/s	42303 short_reads/s	0 short_writes_echo/s	140 cpu_user_milliseconds	1115 cpu_system_milliseconds	0 minor_page_faults/s	0 major_page_faults/s	115468 yields/s	6 preempts/s
220003 milliseconds	2704 MB/s	42264 short_reads/s	0 short_writes_echo/s	137 cpu_user_milliseconds	1118 cpu_system_milliseconds	0 minor_page_faults/s	0 major_page_faults/s	116906 yields/s	10 preempts/s
221003 milliseconds	2743 MB/s	43331 short_reads/s	0 short_writes_echo/s	129 cpu_user_milliseconds	1114 cpu_system_milliseconds	0 minor_page_faults/s	0 major_page_faults/s	116493 yields/s	7 preempts/s
222003 milliseconds	2712 MB/s	42611 short_reads/s	0 short_writes_echo/s	154 cpu_user_milliseconds	1081 cpu_system_milliseconds	0 minor_page_faults/s	0 major_page_faults/s	113766 yields/s	76 preempts/s
223003 milliseconds	2758 MB/s	43585 short_reads/s	0 short_writes_echo/s	145 cpu_user_milliseconds	1082 cpu_system_milliseconds	0 minor_page_faults/s	0 major_page_faults/s	113558 yields/s	29 preempts/s
224003 milliseconds	2727 MB/s	42777 short_reads/s	0 short_writes_echo/s	142 cpu_user_milliseconds	1102 cpu_system_milliseconds	0 minor_page_faults/s	0 major_page_faults/s	115679 yields/s	7 preempts/s
225003 milliseconds	2756 MB/s	43420 short_reads/s	0 short_writes_echo/s	134 cpu_user_milliseconds	1075 cpu_system_milliseconds	0 minor_page_faults/s	0 major_page_faults/s	112393 yields/s	28 preempts/s
226003 milliseconds	2785 MB/s	44386 short_reads/s	0 short_writes_echo/s	155 cpu_user_milliseconds	1055 cpu_system_milliseconds	0 minor_page_faults/s	0 major_page_faults/s	112949 yields/s	21 preempts/s
227003 milliseconds	2654 MB/s	41099 short_reads/s	0 short_writes_echo/s	136 cpu_user_milliseconds	1139 cpu_system_milliseconds	0 minor_page_faults/s	0 major_page_faults/s	117085 yields/s	48 preempts/s
228003 milliseconds	2663 MB/s	41157 short_reads/s	0 short_writes_echo/s	156 cpu_user_milliseconds	1117 cpu_system_milliseconds	0 minor_page_faults/s	0 major_page_faults/s	118293 yields/s	30 preempts/s
229003 milliseconds	2696 MB/s	42364 short_reads/s	0 short_writes_echo/s	123 cpu_user_milliseconds	1112 cpu_system_milliseconds	0 minor_page_faults/s	0 major_page_faults/s	111769 yields/s	40 preempts/s
230003 milliseconds	2641 MB/s	40649 short_reads/s	0 short_writes_echo/s	132 cpu_user_milliseconds	1147 cpu_system_milliseconds	0 minor_page_faults/s	0 major_page_faults/s	119142 yields/s	23 preempts/s
231003 milliseconds	2701 MB/s	42249 short_reads/s	0 short_writes_echo/s	139 cpu_user_milliseconds	1124 cpu_system_milliseconds	0 minor_page_faults/s	0 major_page_faults/s	116442 yields/s	6 preempts/s
232003 milliseconds	2711 MB/s	42573 short_reads/s	0 short_writes_echo/s	120 cpu_user_milliseconds	1115 cpu_system_milliseconds	0 minor_page_faults/s	0 major_page_faults/s	113452 yields/s	87 preempts/s
233003 milliseconds	2755 MB/s	43596 short_reads/s	0 short_writes_echo/s	157 cpu_user_milliseconds	1057 cpu_system_milliseconds	0 minor_page_faults/s	0 major_page_faults/s	112847 yields/s	4 preempts/s
234003 milliseconds	2717 MB/s	42500 short_reads/s	0 short_writes_echo/s	142 cpu_user_milliseconds	1117 cpu_system_milliseconds	0 minor_page_faults/s	0 major_page_faults/s	115538 yields/s	7 preempts/s
235003 milliseconds	2787 MB/s	44335 short_reads/s	0 short_writes_echo/s	153 cpu_user_milliseconds	1059 cpu_system_milliseconds	0 minor_page_faults/s	0 major_page_faults/s	112428 yields/s	5 preempts/s
236003 milliseconds	2676 MB/s	41462 short_reads/s	0 short_writes_echo/s	169 cpu_user_milliseconds	1109 cpu_system_milliseconds	0 minor_page_faults/s	0 major_page_faults/s	118157 yields/s	23 preempts/s
237003 milliseconds	2678 MB/s	41732 short_reads/s	0 short_writes_echo/s	135 cpu_user_milliseconds	1119 cpu_system_milliseconds	0 minor_page_faults/s	0 major_page_faults/s	116587 yields/s	95 preempts/s
238003 milliseconds	2674 MB/s	41495 short_reads/s	0 short_writes_echo/s	120 cpu_user_milliseconds	1130 cpu_system_milliseconds	0 minor_page_faults/s	0 major_page_faults/s	118225 yields/s	14 preempts/s
239003 milliseconds	2691 MB/s	42213 short_reads/s	0 short_writes_echo/s	134 cpu_user_milliseconds	1122 cpu_system_milliseconds	0 minor_page_faults/s	0 major_page_faults/s	116946 yields/s	21 preempts/s
240003 milliseconds	2747 MB/s	43229 short_reads/s	0 short_writes_echo/s	131 cpu_user_milliseconds	1095 cpu_system_milliseconds	0 minor_page_faults/s	0 major_page_faults/s	115266 yields/s	12 preempts/s
