1000 milliseconds	2685 MB/s	40982 short_reads/s	0 short_writes_echo/s	148 cpu_user_milliseconds	1189 cpu_system_milliseconds	169 minor_page_faults/s	0 major_page_faults/s	102814 yields/s	12 preempts/s
2000 milliseconds	2743 MB/s	41864 short_reads/s	0 short_writes_echo/s	158 cpu_user_milliseconds	1179 cpu_system_milliseconds	4 minor_page_faults/s	0 major_page_faults/s	104061 yields/s	5 preempts/s
3000 milliseconds	2639 MB/s	40268 short_reads/s	0 short_writes_echo/s	127 cpu_user_milliseconds	1188 cpu_system_milliseconds	0 minor_page_faults/s	0 major_page_faults/s	102472 yields/s	13 preempts/s
4000 milliseconds	2515 MB/s	39998 short_reads/s	0 short_writes_echo/s	126 cpu_user_milliseconds	1065 cpu_system_milliseconds	0 minor_page_faults/s	0 major_page_faults/s	98992 yields/s	2 preempts/s
5000 milliseconds	2224 MB/s	33949 short_reads/s	0 short_writes_echo/s	122 cpu_user_milliseconds	1158 cpu_system_milliseconds	0 minor_page_faults/s	0 major_page_faults/s	93137 yields/s	50 preempts/s
6000 milliseconds	2376 MB/s	37155 short_reads/s	0 short_writes_echo/s	120 cpu_user_milliseconds	1112 cpu_system_milliseconds	0 minor_page_faults/s	0 major_page_faults/s	96380 yields/s	6 preempts/s
7000 milliseconds	2429 MB/s	37335 short_reads/s	0 short_writes_echo/s	101 cpu_user_milliseconds	1162 cpu_system_milliseconds	0 minor_page_faults/s	0 major_page_faults/s	98605 yields/s	10 preempts/s
8000 milliseconds	2697 MB/s	41491 short_reads/s	0 short_writes_echo/s	167 cpu_user_milliseconds	1139 cpu_system_milliseconds	0 minor_page_faults/s	0 major_page_faults/s	103172 yields/s	35 preempts/s
9000 milliseconds	2433 MB/s	37190 short_reads/s	0 short_writes_echo/s	127 cpu_user_milliseconds	1179 cpu_system_milliseconds	0 minor_page_faults/s	0 major_page_faults/s	97636 yields/s	5 preempts/s
10000 milliseconds	2282 MB/s	35283 short_reads/s	0 short_writes_echo/s	115 cpu_user_milliseconds	1116 cpu_system_milliseconds	0 minor_page_faults/s	0 major_page_faults/s	93756 yields/s	236 preempts/s
11000 milliseconds	2163 MB/s	33011 short_reads/s	0 short_writes_echo/s	122 cpu_user_milliseconds	1159 cpu_system_milliseconds	0 minor_page_faults/s	0 major_page_faults/s	92038 yields/s	6 preempts/s
12000 milliseconds	2694 MB/s	41544 short_reads/s	0 short_writes_echo/s	122 cpu_user_milliseconds	1167 cpu_system_milliseconds	0 minor_page_faults/s	0 major_page_faults/s	103267 yields/s	1 preempts/s
13000 milliseconds	2764 MB/s	42668 short_reads/s	0 short_writes_echo/s	135 cpu_user_milliseconds	1165 cpu_system_milliseconds	0 minor_page_faults/s	0 major_page_faults/s	103426 yields/s	5 preempts/s
14000 milliseconds	2352 MB/s	35895 short_reads/s	0 short_writes_echo/s	96 cpu_user_milliseconds	1198 cpu_system_milliseconds	0 minor_page_faults/s	0 major_page_faults/s	96288 yields/s	3 preempts/s
15000 milliseconds	2358 MB/s	36205 short_reads/s	0 short_writes_echo/s	120 cpu_user_milliseconds	1148 cpu_system_milliseconds	0 minor_page_faults/s	0 major_page_faults/s	95914 yields/s	83 preempts/s
16000 milliseconds	2764 MB/s	42250 short_reads/s	0 short_writes_echo/s	175 cpu_user_milliseconds	1162 cpu_system_milliseconds	0 minor_page_faults/s	0 major_page_faults/s	103963 yields/s	21 preempts/s
17000 milliseconds	2457 MB/s	37497 short_reads/s	0 short_writes_echo/s	120 cpu_user_milliseconds	1178 cpu_system_milliseconds	0 minor_page_faults/s	0 major_page_faults/s	98502 yields/s	12 preempts/s
18000 milliseconds	2266 MB/s	34589 short_reads/s	0 short_writes_echo/s	132 cpu_user_milliseconds	1145 cpu_system_milliseconds	0 minor_page_faults/s	0 major_page_faults/s	94959 yields/s	7 preempts/s
19000 milliseconds	2659 MB/s	40576 short_reads/s	0 short_writes_echo/s	128 cpu_user_milliseconds	1198 cpu_system_milliseconds	0 minor_page_faults/s	0 major_page_faults/s	102743 yields/s	6 preempts/s
20000 milliseconds	2507 MB/s	38272 short_reads/s	0 short_writes_echo/s	119 cpu_user_milliseconds	1191 cpu_system_milliseconds	0 minor_page_faults/s	0 major_page_faults/s	98695 yields/s	120 preempts/s
21000 milliseconds	2420 MB/s	37207 short_reads/s	0 short_writes_echo/s	133 cpu_user_milliseconds	1151 cpu_system_milliseconds	0 minor_page_faults/s	0 major_page_faults/s	97248 yields/s	4 preempts/s
22000 milliseconds	2281 MB/s	34815 short_reads/s	0 short_writes_echo/s	112 cpu_user_milliseconds	1169 cpu_system_milliseconds	0 minor_page_faults/s	0 major_page_faults/s	95080 yields/s	14 preempts/s
23000 milliseconds	2294 MB/s	35007 short_reads/s	0 short_writes_echo/s	118 cpu_user_milliseconds	1177 cpu_system_milliseconds	0 minor_page_faults/s	0 major_page_faults/s	93782 yields/s	12 preempts/s
24000 milliseconds	2508 MB/s	38274 short_reads/s	0 short_writes_echo/s	116 cpu_user_milliseconds	1188 cpu_system_milliseconds	0 minor_page_faults/s	0 major_page_faults/s	99807 yields/s	4 preempts/s
25000 milliseconds	2592 MB/s	39891 short_reads/s	0 short_writes_echo/s	141 cpu_user_milliseconds	1159 cpu_system_milliseconds	0 minor_page_faults/s	0 major_page_faults/s	100603 yields/s	90 preempts/s
26000 milliseconds	2627 MB/s	40098 short_reads/s	0 short_writes_echo/s	126 cpu_user_milliseconds	1200 cpu_system_milliseconds	0 minor_page_faults/s	0 major_page_faults/s	101345 yields/s	22 preempts/s
27000 milliseconds	2048 MB/s	31890 short_reads/s	0 short_writes_echo/s	120 cpu_user_milliseconds	1093 cpu_system_milliseconds	0 minor_page_faults/s	0 major_page_faults/s	89439 yields/s	3 preempts/s
28000 milliseconds	2565 MB/s	40149 short_reads/s	0 short_writes_echo/s	131 cpu_user_milliseconds	1111 cpu_system_milliseconds	0 minor_page_faults/s	0 major_page_faults/s	99601 yields/s	24 preempts/s
29000 milliseconds	2193 MB/s	33466 short_reads/s	0 short_writes_echo/s	124 cpu_user_milliseconds	1160 cpu_system_milliseconds	0 minor_page_faults/s	0 major_page_faults/s	92382 yields/s	13 preempts/s
30000 milliseconds	2202 MB/s	33601 short_reads/s	0 short_writes_echo/s	124 cpu_user_milliseconds	1129 cpu_system_milliseconds	0 minor_page_faults/s	0 major_page_faults/s	93964 yields/s	44 preempts/s
31000 milliseconds	2335 MB/s	36199 short_reads/s	0 short_writes_echo/s	110 cpu_user_milliseconds	1136 cpu_system_milliseconds	0 minor_page_faults/s	0 major_page_faults/s	95678 yields/s	8 preempts/s
32000 milliseconds	2796 MB/s	43272 short_reads/s	0 short_writes_echo/s	156 cpu_user_milliseconds	1142 cpu_system_milliseconds	0 minor_page_faults/s	0 major_page_faults/s	105002 yields/s	3 preempts/s
33000 milliseconds	2338 MB/s	35689 short_reads/s	0 short_writes_echo/s	126 cpu_user_milliseconds	1154 cpu_system_milliseconds	0 minor_page_faults/s	0 major_page_faults/s	96444 yields/s	14 preempts/s
34000 milliseconds	2585 MB/s	39445 short_reads/s	0 short_writes_echo/s	142 cpu_user_milliseconds	1175 cpu_system_milliseconds	0 minor_page_faults/s	0 major_page_faults/s	100981 yields/s	10 preempts/s
35000 milliseconds	2151 MB/s	32832 short_reads/s	0 short_writes_echo/s	124 cpu_user_milliseconds	1139 cpu_system_milliseconds	0 minor_page_faults/s	0 major_page_faults/s	91706 yields/s	63 preempts/s
36000 milliseconds	2599 MB/s	39664 short_reads/s	0 short_writes_echo/s	118 cpu_user_milliseconds	1198 cpu_system_milliseconds	0 minor_page_faults/s	0 major_page_faults/s	101468 yields/s	3 preempts/s
37000 milliseconds	2693 MB/s	41102 short_reads/s	0 short_writes_echo/s	141 cpu_user_milliseconds	1190 cpu_system_milliseconds	0 minor_page_faults/s	0 major_page_faults/s	103273 yields/s	1 preempts/s
38000 milliseconds	2655 MB/s	40515 short_reads/s	0 short_writes_echo/s	130 cpu_user_milliseconds	1201 cpu_system_milliseconds	0 minor_page_faults/s	0 major_page_faults/s	101952 yields/s	3 preempts/s
39000 milliseconds	2186 MB/s	33377 short_reads/s	0 short_writes_echo/s	132 cpu_user_milliseconds	1141 cpu_system_milliseconds	0 minor_page_faults/s	0 major_page_faults/s	92463 yields/s	10 preempts/s
40000 milliseconds	2487 MB/s	38320 short_reads/s	0 short_writes_echo/s	144 cpu_user_milliseconds	1133 cpu_system_milliseconds	0 minor_page_faults/s	0 major_page_faults/s	98787 yields/s	37 preempts/s
41000 milliseconds	2705 MB/s	41706 short_reads/s	0 short_writes_echo/s	135 cpu_user_milliseconds	1172 cpu_system_milliseconds	0 minor_page_faults/s	0 major_page_faults/s	102788 yields/s	17 preempts/s
42000 milliseconds	2236 MB/s	34120 short_reads/s	0 short_writes_echo/s	109 cpu_user_milliseconds	1154 cpu_system_milliseconds	0 minor_page_faults/s	0 major_page_faults/s	94713 yields/s	6 preempts/s
43000 milliseconds	2580 MB/s	42021 short_reads/s	0 short_writes_echo/s	131 cpu_user_milliseconds	983 cpu_system_milliseconds	0 minor_page_faults/s	0 major_page_faults/s	99993 yields/s	6 preempts/s
44000 milliseconds	2654 MB/s	42673 short_reads/s	0 short_writes_echo/s	121 cpu_user_milliseconds	1034 cpu_system_milliseconds	0 minor_page_faults/s	0 major_page_faults/s	101333 yields/s	32 preempts/s
45000 milliseconds	2654 MB/s	40613 short_reads/s	0 short_writes_echo/s	137 cpu_user_milliseconds	1168 cpu_system_milliseconds	0 minor_page_faults/s	0 major_page_faults/s	102164 yields/s	65 preempts/s
46000 milliseconds	2217 MB/s	33835 short_reads/s	0 short_writes_echo/s	123 cpu_user_milliseconds	1162 cpu_system_milliseconds	0 minor_page_faults/s	0 major_page_faults/s	92965 yields/s	6 preempts/s
47000 milliseconds	2125 MB/s	32436 short_reads/s	0 short_writes_echo/s	129 cpu_user_milliseconds	1141 cpu_system_milliseconds	0 minor_page_faults/s	0 major_page_faults/s	90360 yields/s	11 preempts/s
48000 milliseconds	2651 MB/s	40819 short_reads/s	0 short_writes_echo/s	180 cpu_user_milliseconds	1117 cpu_system_milliseconds	0 minor_page_faults/s	0 major_page_faults/s	102078 yields/s	25 preempts/s
49000 milliseconds	2773 MB/s	42941 short_reads/s	0 short_writes_echo/s	148 cpu_user_milliseconds	1142 cpu_system_milliseconds	0 minor_page_faults/s	0 major_page_faults/s	105461 yields/s	2 preempts/s
50000 milliseconds	2644 MB/s	41109 short_reads/s	0 short_writes_echo/s	134 cpu_user_milliseconds	1134 cpu_system_milliseconds	0 minor_page_faults/s	0 major_page_faults/s	101113 yields/s	40 preempts/s
51000 milliseconds	2514 MB/s	38375 short_reads/s	0 short_writes_echo/s	128 cpu_user_milliseconds	1190 cpu_system_milliseconds	0 minor_page_faults/s	0 major_page_faults/s	99140 yields/s	4 preempts/s
52000 milliseconds	2139 MB/s	32641 short_reads/s	0 short_writes_echo/s	120 cpu_user_milliseconds	1143 cpu_system_milliseconds	0 minor_page_faults/s	0 major_page_faults/s	92099 yields/s	16 preempts/s
53000 milliseconds	2472 MB/s	37723 short_reads/s	0 short_writes_echo/s	112 cpu_user_milliseconds	1194 cpu_system_milliseconds	0 minor_page_faults/s	0 major_page_faults/s	98386 yields/s	19 preempts/s
54000 milliseconds	2358 MB/s	35981 short_reads/s	0 short_writes_echo/s	120 cpu_user_milliseconds	1176 cpu_system_milliseconds	0 minor_page_faults/s	0 major_page_faults/s	96222 yields/s	7 preempts/s
55000 milliseconds	2223 MB/s	33921 short_reads/s	0 short_writes_echo/s	155 cpu_user_milliseconds	1124 cpu_system_milliseconds	0 minor_page_faults/s	0 major_page_faults/s	93091 yields/s	62 preempts/s
56000 milliseconds	2618 MB/s	39959 short_reads/s	0 short_writes_echo/s	127 cpu_user_milliseconds	1204 cpu_system_milliseconds	0 minor_page_faults/s	0 major_page_faults/s	101251 yields/s	7 preempts/s
57000 milliseconds	2283 MB/s	34847 short_reads/s	0 short_writes_echo/s	126 cpu_user_milliseconds	1162 cpu_system_milliseconds	0 minor_page_faults/s	0 major_page_faults/s	94604 yields/s	16 preempts/s
58001 milliseconds	2664 MB/s	40657 short_reads/s	0 short_writes_echo/s	117 cpu_user_milliseconds	1215 cpu_system_milliseconds	0 minor_page_faults/s	0 major_page_faults/s	102474 yields/s	5 preempts/s
59001 milliseconds	2752 MB/s	41995 short_reads/s	0 short_writes_echo/s	146 cpu_user_milliseconds	1195 cpu_system_milliseconds	0 minor_page_faults/s	0 major_page_faults/s	104292 yields/s	10 preempts/s
60001 milliseconds	2131 MB/s	32530 short_reads/s	0 short_writes_echo/s	99 cpu_user_milliseconds	1151 cpu_system_milliseconds	0 minor_page_faults/s	0 major_page_faults/s	91947 yields/s	57 preempts/s
61001 milliseconds	2750 MB/s	43828 short_reads/s	0 short_writes_echo/s	146 cpu_user_milliseconds	1050 cpu_system_milliseconds	0 minor_page_faults/s	0 major_page_faults/s	103452 yields/s	0 preempts/s
62001 milliseconds	2443 MB/s	37279 short_reads/s	0 short_writes_echo/s	141 cpu_user_milliseconds	1154 cpu_system_milliseconds	0 minor_page_faults/s	0 major_page_faults/s	98231 yields/s	28 preempts/s
63001 milliseconds	2632 MB/s	40164 short_reads/s	0 short_writes_echo/s	153 cpu_user_milliseconds	1165 cpu_system_milliseconds	0 minor_page_faults/s	0 major_page_faults/s	102184 yields/s	19 preempts/s
64001 milliseconds	2462 MB/s	37575 short_reads/s	0 short_writes_echo/s	131 cpu_user_milliseconds	1171 cpu_system_milliseconds	0 minor_page_faults/s	0 major_page_faults/s	98557 yields/s	41 preempts/s
65001 milliseconds	2121 MB/s	32367 short_reads/s	0 short_writes_echo/s	107 cpu_user_milliseconds	1152 cpu_system_milliseconds	0 minor_page_faults/s	0 major_page_faults/s	91674 yields/s	54 preempts/s
66001 milliseconds	2532 MB/s	38644 short_reads/s	0 short_writes_echo/s	118 cpu_user_milliseconds	1191 cpu_system_milliseconds	0 minor_page_faults/s	0 major_page_faults/s	100162 yields/s	13 preempts/s
67001 milliseconds	2876 MB/s	43888 short_reads/s	0 short_writes_echo/s	124 cpu_user_milliseconds	1228 cpu_system_milliseconds	0 minor_page_faults/s	0 major_page_faults/s	106767 yields/s	7 preempts/s
68001 milliseconds	2768 MB/s	42245 short_reads/s	0 short_writes_echo/s	142 cpu_user_milliseconds	1199 cpu_system_milliseconds	0 minor_page_faults/s	0 major_page_faults/s	104803 yields/s	21 preempts/s
69001 milliseconds	2317 MB/s	35369 short_reads/s	0 short_writes_echo/s	118 cpu_user_milliseconds	1170 cpu_system_milliseconds	0 minor_page_faults/s	0 major_page_faults/s	95645 yields/s	4 preempts/s
70001 milliseconds	2510 MB/s	38722 short_reads/s	0 short_writes_echo/s	138 cpu_user_milliseconds	1136 cpu_system_milliseconds	0 minor_page_faults/s	0 major_page_faults/s	99315 yields/s	38 preempts/s
71001 milliseconds	2481 MB/s	37858 short_reads/s	0 short_writes_echo/s	118 cpu_user_milliseconds	1184 cpu_system_milliseconds	0 minor_page_faults/s	0 major_page_faults/s	98510 yields/s	19 preempts/s
72001 milliseconds	2286 MB/s	35268 short_reads/s	0 short_writes_echo/s	106 cpu_user_milliseconds	1127 cpu_system_milliseconds	0 minor_page_faults/s	0 major_page_faults/s	95705 yields/s	1 preempts/s
73001 milliseconds	2383 MB/s	36371 short_reads/s	0 short_writes_echo/s	125 cpu_user_milliseconds	1164 cpu_system_milliseconds	0 minor_page_faults/s	0 major_page_faults/s	96624 yields/s	3 preempts/s
74001 milliseconds	2292 MB/s	34984 short_reads/s	0 short_writes_echo/s	116 cpu_user_milliseconds	1154 cpu_system_milliseconds	0 minor_page_faults/s	0 major_page_faults/s	96025 yields/s	7 preempts/s
75001 milliseconds	2230 MB/s	34040 short_reads/s	0 short_writes_echo/s	137 cpu_user_milliseconds	1151 cpu_system_milliseconds	0 minor_page_faults/s	0 major_page_faults/s	93028 yields/s	28 preempts/s
76001 milliseconds	2305 MB/s	35177 short_reads/s	0 short_writes_echo/s	115 cpu_user_milliseconds	1165 cpu_system_milliseconds	0 minor_page_faults/s	0 major_page_faults/s	95264 yields/s	2 preempts/s
77001 milliseconds	2632 MB/s	40839 short_reads/s	0 short_writes_echo/s	147 cpu_user_milliseconds	1130 cpu_system_milliseconds	0 minor_page_faults/s	0 major_page_faults/s	101563 yields/s	3 preempts/s
78001 milliseconds	2498 MB/s	39535 short_reads/s	0 short_writes_echo/s	115 cpu_user_milliseconds	1091 cpu_system_milliseconds	0 minor_page_faults/s	0 major_page_faults/s	98398 yields/s	5 preempts/s
79001 milliseconds	2641 MB/s	42416 short_reads/s	0 short_writes_echo/s	134 cpu_user_milliseconds	1027 cpu_system_milliseconds	0 minor_page_faults/s	0 major_page_faults/s	101383 yields/s	9 preempts/s
80001 milliseconds	2567 MB/s	39178 short_reads/s	0 short_writes_echo/s	141 cpu_user_milliseconds	1174 cpu_system_milliseconds	0 minor_page_faults/s	0 major_page_faults/s	100279 yields/s	67 preempts/s
81001 milliseconds	2553 MB/s	38965 short_reads/s	0 short_writes_echo/s	115 cpu_user_milliseconds	1193 cpu_system_milliseconds	0 minor_page_faults/s	0 major_page_faults/s	100257 yields/s	15 preempts/s
82001 milliseconds	2239 MB/s	34171 short_reads/s	0 short_writes_echo/s	102 cpu_user_milliseconds	1190 cpu_system_milliseconds	0 minor_page_faults/s	0 major_page_faults/s	93519 yields/s	8 preempts/s
83001 milliseconds	2275 MB/s	34716 short_reads/s	0 short_writes_echo/s	112 cpu_user_milliseconds	1183 cpu_system_milliseconds	0 minor_page_faults/s	0 major_page_faults/s	93037 yields/s	16 preempts/s
84001 milliseconds	2471 MB/s	37727 short_reads/s	0 short_writes_echo/s	125 cpu_user_milliseconds	1187 cpu_system_milliseconds	0 minor_page_faults/s	0 major_page_faults/s	98243 yields/s	7 preempts/s
85001 milliseconds	2380 MB/s	36321 short_reads/s	0 short_writes_echo/s	110 cpu_user_milliseconds	1174 cpu_system_milliseconds	0 minor_page_faults/s	0 major_page_faults/s	96997 yields/s	85 preempts/s
86001 milliseconds	2570 MB/s	39676 short_reads/s	0 short_writes_echo/s	142 cpu_user_milliseconds	1141 cpu_system_milliseconds	0 minor_page_faults/s	0 major_page_faults/s	100524 yields/s	4 preempts/s
87001 milliseconds	2228 MB/s	33997 short_reads/s	0 short_writes_echo/s	137 cpu_user_milliseconds	1152 cpu_system_milliseconds	0 minor_page_faults/s	0 major_page_faults/s	93068 yields/s	4 preempts/s
88001 milliseconds	2442 MB/s	39253 short_reads/s	0 short_writes_echo/s	115 cpu_user_milliseconds	1049 cpu_system_milliseconds	0 minor_page_faults/s	0 major_page_faults/s	97072 yields/s	17 preempts/s
89001 milliseconds	2483 MB/s	38273 short_reads/s	0 short_writes_echo/s	109 cpu_user_milliseconds	1161 cpu_system_milliseconds	0 minor_page_faults/s	0 major_page_faults/s	99313 yields/s	4 preempts/s
90001 milliseconds	1933 MB/s	29502 short_reads/s	0 short_writes_echo/s	110 cpu_user_milliseconds	1119 cpu_system_milliseconds	0 minor_page_faults/s	0 major_page_faults/s	88321 yields/s	32 preempts/s
91001 milliseconds	2390 MB/s	36772 short_reads/s	0 short_writes_echo/s	113 cpu_user_milliseconds	1151 cpu_system_milliseconds	0 minor_page_faults/s	0 major_page_faults/s	97343 yields/s	0 preempts/s
92001 milliseconds	2256 MB/s	34430 short_reads/s	0 short_writes_echo/s	118 cpu_user_milliseconds	1165 cpu_system_milliseconds	0 minor_page_faults/s	0 major_page_faults/s	93817 yields/s	32 preempts/s
93001 milliseconds	2414 MB/s	37373 short_reads/s	0 short_writes_echo/s	120 cpu_user_milliseconds	1144 cpu_system_milliseconds	0 minor_page_faults/s	0 major_page_faults/s	96887 yields/s	1 preempts/s
94001 milliseconds	2290 MB/s	36015 short_reads/s	0 short_writes_echo/s	113 cpu_user_milliseconds	1088 cpu_system_milliseconds	0 minor_page_faults/s	0 major_page_faults/s	94366 yields/s	5 preempts/s
95001 milliseconds	2136 MB/s	32592 short_reads/s	0 short_writes_echo/s	105 cpu_user_milliseconds	1159 cpu_system_milliseconds	0 minor_page_faults/s	0 major_page_faults/s	91392 yields/s	55 preempts/s
96001 milliseconds	2352 MB/s	36292 short_reads/s	0 short_writes_echo/s	120 cpu_user_milliseconds	1142 cpu_system_milliseconds	0 minor_page_faults/s	0 major_page_faults/s	95703 yields/s	7 preempts/s
97001 milliseconds	1889 MB/s	28837 short_reads/s	0 short_writes_echo/s	111 cpu_user_milliseconds	1146 cpu_system_milliseconds	0 minor_page_faults/s	0 major_page_faults/s	86496 yields/s	2 preempts/s
98001 milliseconds	2763 MB/s	42171 short_reads/s	0 short_writes_echo/s	141 cpu_user_milliseconds	1196 cpu_system_milliseconds	0 minor_page_faults/s	0 major_page_faults/s	104757 yields/s	4 preempts/s
99001 milliseconds	2273 MB/s	34698 short_reads/s	0 short_writes_echo/s	113 cpu_user_milliseconds	1177 cpu_system_milliseconds	0 minor_page_faults/s	0 major_page_faults/s	94316 yields/s	6 preempts/s
100001 milliseconds	2648 MB/s	41446 short_reads/s	0 short_writes_echo/s	128 cpu_user_milliseconds	1111 cpu_system_milliseconds	0 minor_page_faults/s	0 major_page_faults/s	101315 yields/s	50 preempts/s
101001 milliseconds	2832 MB/s	44586 short_reads/s	0 short_writes_echo/s	140 cpu_user_milliseconds	1099 cpu_system_milliseconds	0 minor_page_faults/s	0 major_page_faults/s	105473 yields/s	18 preempts/s
102001 milliseconds	2506 MB/s	38857 short_reads/s	0 short_writes_echo/s	127 cpu_user_milliseconds	1144 cpu_system_milliseconds	0 minor_page_faults/s	0 major_page_faults/s	98619 yields/s	1 preempts/s
103001 milliseconds	2510 MB/s	38313 short_reads/s	0 short_writes_echo/s	108 cpu_user_milliseconds	1193 cpu_system_milliseconds	0 minor_page_faults/s	0 major_page_faults/s	100211 yields/s	6 preempts/s
104001 milliseconds	2630 MB/s	40147 short_reads/s	0 short_writes_echo/s	141 cpu_user_milliseconds	1180 cpu_system_milliseconds	0 minor_page_faults/s	0 major_page_faults/s	102150 yields/s	8 preempts/s
105001 milliseconds	2365 MB/s	36088 short_reads/s	0 short_writes_echo/s	126 cpu_user_milliseconds	1166 cpu_system_milliseconds	0 minor_page_faults/s	0 major_page_faults/s	96181 yields/s	40 preempts/s
106001 milliseconds	2324 MB/s	35467 short_reads/s	0 short_writes_echo/s	127 cpu_user_milliseconds	1171 cpu_system_milliseconds	0 minor_page_faults/s	0 major_page_faults/s	95391 yields/s	4 preempts/s
107001 milliseconds	2733 MB/s	41715 short_reads/s	0 short_writes_echo/s	133 cpu_user_milliseconds	1200 cpu_system_milliseconds	0 minor_page_faults/s	0 major_page_faults/s	103242 yields/s	6 preempts/s
108001 milliseconds	2132 MB/s	32846 short_reads/s	0 short_writes_echo/s	112 cpu_user_milliseconds	1133 cpu_system_milliseconds	0 minor_page_faults/s	0 major_page_faults/s	91434 yields/s	11 preempts/s
109001 milliseconds	2390 MB/s	36471 short_reads/s	0 short_writes_echo/s	124 cpu_user_milliseconds	1170 cpu_system_milliseconds	0 minor_page_faults/s	0 major_page_faults/s	97095 yields/s	12 preempts/s
110001 milliseconds	2543 MB/s	38812 short_reads/s	0 short_writes_echo/s	143 cpu_user_milliseconds	1168 cpu_system_milliseconds	0 minor_page_faults/s	0 major_page_faults/s	99553 yields/s	43 preempts/s
111001 milliseconds	2201 MB/s	33587 short_reads/s	0 short_writes_echo/s	118 cpu_user_milliseconds	1150 cpu_system_milliseconds	0 minor_page_faults/s	0 major_page_faults/s	93540 yields/s	7 preempts/s
112001 milliseconds	2690 MB/s	41057 short_reads/s	0 short_writes_echo/s	132 cpu_user_milliseconds	1197 cpu_system_milliseconds	0 minor_page_faults/s	0 major_page_faults/s	102984 yields/s	26 preempts/s
113001 milliseconds	2591 MB/s	39544 short_reads/s	0 short_writes_echo/s	139 cpu_user_milliseconds	1180 cpu_system_milliseconds	0 minor_page_faults/s	0 major_page_faults/s	101030 yields/s	13 preempts/s
114001 milliseconds	2485 MB/s	37933 short_reads/s	0 short_writes_echo/s	165 cpu_user_milliseconds	1142 cpu_system_milliseconds	0 minor_page_faults/s	0 major_page_faults/s	98584 yields/s	23 preempts/s
115001 milliseconds	2575 MB/s	39297 short_reads/s	0 short_writes_echo/s	118 cpu_user_milliseconds	1181 cpu_system_milliseconds	0 minor_page_faults/s	0 major_page_faults/s	101381 yields/s	115 preempts/s
116001 milliseconds	2745 MB/s	41991 short_reads/s	0 short_writes_echo/s	137 cpu_user_milliseconds	1195 cpu_system_milliseconds	0 minor_page_faults/s	0 major_page_faults/s	104163 yields/s	46 preempts/s
117001 milliseconds	2674 MB/s	41109 short_reads/s	0 short_writes_echo/s	132 cpu_user_milliseconds	1167 cpu_system_milliseconds	0 minor_page_faults/s	0 major_page_faults/s	102743 yields/s	7 preempts/s
118001 milliseconds	2592 MB/s	39552 short_reads/s	0 short_writes_echo/s	105 cpu_user_milliseconds	1201 cpu_system_milliseconds	0 minor_page_faults/s	0 major_page_faults/s	101858 yields/s	14 preempts/s
119001 milliseconds	2052 MB/s	31322 short_reads/s	0 short_writes_echo/s	116 cpu_user_milliseconds	1145 cpu_system_milliseconds	0 minor_page_faults/s	0 major_page_faults/s	89855 yields/s	6 preempts/s
120001 milliseconds	2313 MB/s	35622 short_reads/s	0 short_writes_echo/s	106 cpu_user_milliseconds	1146 cpu_system_milliseconds	0 minor_page_faults/s	0 major_page_faults/s	95391 yields/s	41 preempts/s
121001 milliseconds	2821 MB/s	43177 short_reads/s	0 short_writes_echo/s	124 cpu_user_milliseconds	1213 cpu_system_milliseconds	0 minor_page_faults/s	0 major_page_faults/s	105929 yields/s	9 preempts/s
122001 milliseconds	2736 MB/s	41757 short_reads/s	0 short_writes_echo/s	135 cpu_user_milliseconds	1200 cpu_system_milliseconds	0 minor_page_faults/s	0 major_page_faults/s	104347 yields/s	12 preempts/s
123001 milliseconds	2232 MB/s	34066 short_reads/s	0 short_writes_echo/s	117 cpu_user_milliseconds	1158 cpu_system_milliseconds	0 minor_page_faults/s	0 major_page_faults/s	94144 yields/s	5 preempts/s
124001 milliseconds	2613 MB/s	39973 short_reads/s	0 short_writes_echo/s	143 cpu_user_milliseconds	1173 cpu_system_milliseconds	0 minor_page_faults/s	0 major_page_faults/s	101663 yields/s	4 preempts/s
125002 milliseconds	2404 MB/s	36684 short_reads/s	0 short_writes_echo/s	132 cpu_user_milliseconds	1167 cpu_system_milliseconds	0 minor_page_faults/s	0 major_page_faults/s	96964 yields/s	31 preempts/s
126002 milliseconds	2518 MB/s	38743 short_reads/s	0 short_writes_echo/s	155 cpu_user_milliseconds	1134 cpu_system_milliseconds	0 minor_page_faults/s	0 major_page_faults/s	99425 yields/s	5 preempts/s
127002 milliseconds	2180 MB/s	33265 short_reads/s	0 short_writes_echo/s	105 cpu_user_milliseconds	1171 cpu_system_milliseconds	0 minor_page_faults/s	0 major_page_faults/s	92560 yields/s	13 preempts/s
128002 milliseconds	2504 MB/s	39854 short_reads/s	0 short_writes_echo/s	104 cpu_user_milliseconds	1080 cpu_system_milliseconds	0 minor_page_faults/s	0 major_page_faults/s	98520 yields/s	24 preempts/s
129002 milliseconds	2685 MB/s	41363 short_reads/s	0 short_writes_echo/s	168 cpu_user_milliseconds	1137 cpu_system_milliseconds	0 minor_page_faults/s	0 major_page_faults/s	102164 yields/s	24 preempts/s
130002 milliseconds	2439 MB/s	37225 short_reads/s	0 short_writes_echo/s	126 cpu_user_milliseconds	1175 cpu_system_milliseconds	0 minor_page_faults/s	0 major_page_faults/s	97589 yields/s	59 preempts/s
131002 milliseconds	2247 MB/s	34297 short_reads/s	0 short_writes_echo/s	107 cpu_user_milliseconds	1171 cpu_system_milliseconds	0 minor_page_faults/s	0 major_page_faults/s	94388 yields/s	3 preempts/s
132002 milliseconds	2504 MB/s	38222 short_reads/s	0 short_writes_echo/s	124 cpu_user_milliseconds	1192 cpu_system_milliseconds	0 minor_page_faults/s	0 major_page_faults/s	98956 yields/s	13 preempts/s
133002 milliseconds	2393 MB/s	36523 short_reads/s	0 short_writes_echo/s	152 cpu_user_milliseconds	1145 cpu_system_milliseconds	0 minor_page_faults/s	0 major_page_faults/s	95799 yields/s	8 preempts/s
134002 milliseconds	2666 MB/s	41522 short_reads/s	0 short_writes_echo/s	147 cpu_user_milliseconds	1116 cpu_system_milliseconds	0 minor_page_faults/s	0 major_page_faults/s	102353 yields/s	7 preempts/s
135002 milliseconds	2347 MB/s	35817 short_reads/s	0 short_writes_echo/s	126 cpu_user_milliseconds	1151 cpu_system_milliseconds	0 minor_page_faults/s	0 major_page_faults/s	96590 yields/s	52 preempts/s
136002 milliseconds	2642 MB/s	41777 short_reads/s	0 short_writes_echo/s	143 cpu_user_milliseconds	1070 cpu_system_milliseconds	0 minor_page_faults/s	0 major_page_faults/s	101078 yields/s	11 preempts/s
137002 milliseconds	2370 MB/s	36169 short_reads/s	0 short_writes_echo/s	129 cpu_user_milliseconds	1175 cpu_system_milliseconds	0 minor_page_faults/s	0 major_page_faults/s	96101 yields/s	38 preempts/s
138002 milliseconds	2320 MB/s	36260 short_reads/s	0 short_writes_echo/s	113 cpu_user_milliseconds	1116 cpu_system_milliseconds	0 minor_page_faults/s	0 major_page_faults/s	95102 yields/s	7 preempts/s
139002 milliseconds	2677 MB/s	40862 short_reads/s	0 short_writes_echo/s	139 cpu_user_milliseconds	1192 cpu_system_milliseconds	0 minor_page_faults/s	0 major_page_faults/s	102753 yields/s	9 preempts/s
140002 milliseconds	2059 MB/s	31501 short_reads/s	0 short_writes_echo/s	104 cpu_user_milliseconds	1127 cpu_system_milliseconds	0 minor_page_faults/s	0 major_page_faults/s	90816 yields/s	67 preempts/s
141002 milliseconds	2621 MB/s	41299 short_reads/s	0 short_writes_echo/s	135 cpu_user_milliseconds	1091 cpu_system_milliseconds	0 minor_page_faults/s	0 major_page_faults/s	101281 yields/s	12 preempts/s
142002 milliseconds	2554 MB/s	39444 short_reads/s	0 short_writes_echo/s	122 cpu_user_milliseconds	1151 cpu_system_milliseconds	0 minor_page_faults/s	0 major_page_faults/s	100885 yields/s	6 preempts/s
143002 milliseconds	2253 MB/s	35484 short_reads/s	0 short_writes_echo/s	117 cpu_user_milliseconds	1098 cpu_system_milliseconds	0 minor_page_faults/s	0 major_page_faults/s	92323 yields/s	6 preempts/s
144002 milliseconds	2269 MB/s	34624 short_reads/s	0 short_writes_echo/s	108 cpu_user_milliseconds	1181 cpu_system_milliseconds	0 minor_page_faults/s	0 major_page_faults/s	94203 yields/s	12 preempts/s
145002 milliseconds	2279 MB/s	34789 short_reads/s	0 short_writes_echo/s	139 cpu_user_milliseconds	1150 cpu_system_milliseconds	0 minor_page_faults/s	0 major_page_faults/s	93976 yields/s	59 preempts/s
146002 milliseconds	2510 MB/s	38311 short_reads/s	0 short_writes_echo/s	127 cpu_user_milliseconds	1187 cpu_system_milliseconds	0 minor_page_faults/s	0 major_page_faults/s	99087 yields/s	8 preempts/s
147002 milliseconds	2764 MB/s	42188 short_reads/s	0 short_writes_echo/s	139 cpu_user_milliseconds	1204 cpu_system_milliseconds	0 minor_page_faults/s	0 major_page_faults/s	104651 yields/s	5 preempts/s
148002 milliseconds	2305 MB/s	35183 short_reads/s	0 short_writes_echo/s	119 cpu_user_milliseconds	1165 cpu_system_milliseconds	0 minor_page_faults/s	0 major_page_faults/s	95113 yields/s	32 preempts/s
149002 milliseconds	2900 MB/s	44251 short_reads/s	0 short_writes_echo/s	149 cpu_user_milliseconds	1208 cpu_system_milliseconds	0 minor_page_faults/s	0 major_page_faults/s	107274 yields/s	16 preempts/s
150002 milliseconds	2559 MB/s	39053 short_reads/s	0 short_writes_echo/s	137 cpu_user_milliseconds	1185 cpu_system_milliseconds	0 minor_page_faults/s	0 major_page_faults/s	100218 yields/s	66 preempts/s
151002 milliseconds	2368 MB/s	36177 short_reads/s	0 short_writes_echo/s	127 cpu_user_milliseconds	1173 cpu_system_milliseconds	0 minor_page_faults/s	0 major_page_faults/s	96125 yields/s	5 preempts/s
152002 milliseconds	2486 MB/s	39915 short_reads/s	0 short_writes_echo/s	119 cpu_user_milliseconds	1049 cpu_system_milliseconds	0 minor_page_faults/s	0 major_page_faults/s	97071 yields/s	463 preempts/s
153002 milliseconds	2470 MB/s	37700 short_reads/s	0 short_writes_echo/s	127 cpu_user_milliseconds	1189 cpu_system_milliseconds	0 minor_page_faults/s	0 major_page_faults/s	98305 yields/s	13 preempts/s
154002 milliseconds	2737 MB/s	41773 short_reads/s	0 short_writes_echo/s	129 cpu_user_milliseconds	1211 cpu_system_milliseconds	0 minor_page_faults/s	0 major_page_faults/s	103973 yields/s	7 preempts/s
155002 milliseconds	2552 MB/s	38948 short_reads/s	0 short_writes_echo/s	150 cpu_user_milliseconds	1151 cpu_system_milliseconds	0 minor_page_faults/s	0 major_page_faults/s	100434 yields/s	62 preempts/s
156002 milliseconds	2407 MB/s	36770 short_reads/s	0 short_writes_echo/s	105 cpu_user_milliseconds	1188 cpu_system_milliseconds	0 minor_page_faults/s	0 major_page_faults/s	97085 yields/s	25 preempts/s
157002 milliseconds	2874 MB/s	43980 short_reads/s	0 short_writes_echo/s	135 cpu_user_milliseconds	1210 cpu_system_milliseconds	0 minor_page_faults/s	0 major_page_faults/s	106532 yields/s	2 preempts/s
158002 milliseconds	2546 MB/s	38854 short_reads/s	0 short_writes_echo/s	139 cpu_user_milliseconds	1182 cpu_system_milliseconds	0 minor_page_faults/s	0 major_page_faults/s	99892 yields/s	25 preempts/s
159002 milliseconds	2492 MB/s	38027 short_reads/s	0 short_writes_echo/s	135 cpu_user_milliseconds	1182 cpu_system_milliseconds	0 minor_page_faults/s	0 major_page_faults/s	98556 yields/s	8 preempts/s
160002 milliseconds	2147 MB/s	33153 short_reads/s	0 short_writes_echo/s	104 cpu_user_milliseconds	1133 cpu_system_milliseconds	0 minor_page_faults/s	0 major_page_faults/s	91128 yields/s	102 preempts/s
161002 milliseconds	2146 MB/s	32747 short_reads/s	0 short_writes_echo/s	125 cpu_user_milliseconds	1147 cpu_system_milliseconds	0 minor_page_faults/s	0 major_page_faults/s	91933 yields/s	8 preempts/s
162002 milliseconds	2356 MB/s	37059 short_reads/s	0 short_writes_echo/s	109 cpu_user_milliseconds	1100 cpu_system_milliseconds	0 minor_page_faults/s	0 major_page_faults/s	96120 yields/s	4 preempts/s
163002 milliseconds	2720 MB/s	41509 short_reads/s	0 short_writes_echo/s	124 cpu_user_milliseconds	1207 cpu_system_milliseconds	0 minor_page_faults/s	0 major_page_faults/s	104094 yields/s	28 preempts/s
164002 milliseconds	2262 MB/s	34525 short_reads/s	0 short_writes_echo/s	123 cpu_user_milliseconds	1163 cpu_system_milliseconds	0 minor_page_faults/s	0 major_page_faults/s	93916 yields/s	11 preempts/s
165002 milliseconds	2338 MB/s	35689 short_reads/s	0 short_writes_echo/s	124 cpu_user_milliseconds	1162 cpu_system_milliseconds	0 minor_page_faults/s	0 major_page_faults/s	95725 yields/s	50 preempts/s
166002 milliseconds	2185 MB/s	33352 short_reads/s	0 short_writes_echo/s	120 cpu_user_milliseconds	1159 cpu_system_milliseconds	0 minor_page_faults/s	0 major_page_faults/s	92094 yields/s	10 preempts/s
167002 milliseconds	2489 MB/s	37989 short_reads/s	0 short_writes_echo/s	146 cpu_user_milliseconds	1166 cpu_system_milliseconds	0 minor_page_faults/s	0 major_page_faults/s	98840 yields/s	15 preempts/s
168002 milliseconds	2295 MB/s	35032 short_reads/s	0 short_writes_echo/s	144 cpu_user_milliseconds	1139 cpu_system_milliseconds	0 minor_page_faults/s	0 major_page_faults/s	95053 yields/s	15 preempts/s
169002 milliseconds	2548 MB/s	38893 short_reads/s	0 short_writes_echo/s	137 cpu_user_milliseconds	1179 cpu_system_milliseconds	0 minor_page_faults/s	0 major_page_faults/s	100376 yields/s	15 preempts/s
170002 milliseconds	2263 MB/s	34537 short_reads/s	0 short_writes_echo/s	127 cpu_user_milliseconds	1150 cpu_system_milliseconds	0 minor_page_faults/s	0 major_page_faults/s	94413 yields/s	38 preempts/s
171002 milliseconds	2297 MB/s	35052 short_reads/s	0 short_writes_echo/s	126 cpu_user_milliseconds	1154 cpu_system_milliseconds	0 minor_page_faults/s	0 major_page_faults/s	95389 yields/s	3 preempts/s
172002 milliseconds	2054 MB/s	31352 short_reads/s	0 short_writes_echo/s	107 cpu_user_milliseconds	1145 cpu_system_milliseconds	0 minor_page_faults/s	0 major_page_faults/s	90413 yields/s	4 preempts/s
173002 milliseconds	2032 MB/s	31019 short_reads/s	0 short_writes_echo/s	120 cpu_user_milliseconds	1145 cpu_system_milliseconds	0 minor_page_faults/s	0 major_page_faults/s	89119 yields/s	26 preempts/s
174002 milliseconds	2129 MB/s	32490 short_reads/s	0 short_writes_echo/s	125 cpu_user_milliseconds	1147 cpu_system_milliseconds	0 minor_page_faults/s	0 major_page_faults/s	91340 yields/s	10 preempts/s
175002 milliseconds	2573 MB/s	39271 short_reads/s	0 short_writes_echo/s	114 cpu_user_milliseconds	1202 cpu_system_milliseconds	0 minor_page_faults/s	0 major_page_faults/s	100401 yields/s	36 preempts/s
176002 milliseconds	2771 MB/s	42288 short_reads/s	0 short_writes_echo/s	127 cpu_user_milliseconds	1215 cpu_system_milliseconds	0 minor_page_faults/s	0 major_page_faults/s	104657 yields/s	5 preempts/s
177002 milliseconds	2186 MB/s	33690 short_reads/s	0 short_writes_echo/s	109 cpu_user_milliseconds	1148 cpu_system_milliseconds	0 minor_page_faults/s	0 major_page_faults/s	92412 yields/s	1 preempts/s
178003 milliseconds	2357 MB/s	35975 short_reads/s	0 short_writes_echo/s	123 cpu_user_milliseconds	1178 cpu_system_milliseconds	0 minor_page_faults/s	0 major_page_faults/s	96016 yields/s	4 preempts/s
179003 milliseconds	2509 MB/s	38294 short_reads/s	0 short_writes_echo/s	124 cpu_user_milliseconds	1194 cpu_system_milliseconds	0 minor_page_faults/s	0 major_page_faults/s	99137 yields/s	2 preempts/s
180003 milliseconds	2120 MB/s	32601 short_reads/s	0 short_writes_echo/s	102 cpu_user_milliseconds	1132 cpu_system_milliseconds	0 minor_page_faults/s	0 major_page_faults/s	90595 yields/s	61 preempts/s
181003 milliseconds	2325 MB/s	35481 short_reads/s	0 short_writes_echo/s	131 cpu_user_milliseconds	1159 cpu_system_milliseconds	0 minor_page_faults/s	0 major_page_faults/s	95436 yields/s	18 preempts/s
182003 milliseconds	2664 MB/s	40658 short_reads/s	0 short_writes_echo/s	129 cpu_user_milliseconds	1207 cpu_system_milliseconds	0 minor_page_faults/s	0 major_page_faults/s	102058 yields/s	10 preempts/s
183003 milliseconds	2462 MB/s	38683 short_reads/s	0 short_writes_echo/s	126 cpu_user_milliseconds	1088 cpu_system_milliseconds	0 minor_page_faults/s	0 major_page_faults/s	98226 yields/s	8 preempts/s
184003 milliseconds	2639 MB/s	40269 short_reads/s	0 short_writes_echo/s	134 cpu_user_milliseconds	1180 cpu_system_milliseconds	0 minor_page_faults/s	0 major_page_faults/s	102374 yields/s	37 preempts/s
185003 milliseconds	2537 MB/s	39278 short_reads/s	0 short_writes_echo/s	138 cpu_user_milliseconds	1130 cpu_system_milliseconds	0 minor_page_faults/s	0 major_page_faults/s	99378 yields/s	40 preempts/s
186003 milliseconds	2175 MB/s	33192 short_reads/s	0 short_writes_echo/s	94 cpu_user_milliseconds	1184 cpu_system_milliseconds	0 minor_page_faults/s	0 major_page_faults/s	92460 yields/s	7 preempts/s
187003 milliseconds	2491 MB/s	39252 short_reads/s	0 short_writes_echo/s	113 cpu_user_milliseconds	1101 cpu_system_milliseconds	0 minor_page_faults/s	0 major_page_faults/s	98578 yields/s	40 preempts/s
188003 milliseconds	2181 MB/s	34653 short_reads/s	0 short_writes_echo/s	79 cpu_user_milliseconds	1088 cpu_system_milliseconds	0 minor_page_faults/s	0 major_page_faults/s	92449 yields/s	7 preempts/s
189003 milliseconds	2619 MB/s	40252 short_reads/s	0 short_writes_echo/s	131 cpu_user_milliseconds	1171 cpu_system_milliseconds	0 minor_page_faults/s	0 major_page_faults/s	101443 yields/s	3 preempts/s
190003 milliseconds	2348 MB/s	35841 short_reads/s	0 short_writes_echo/s	134 cpu_user_milliseconds	1160 cpu_system_milliseconds	0 minor_page_faults/s	0 major_page_faults/s	95763 yields/s	72 preempts/s
191003 milliseconds	2391 MB/s	36710 short_reads/s	0 short_writes_echo/s	116 cpu_user_milliseconds	1170 cpu_system_milliseconds	0 minor_page_faults/s	0 major_page_faults/s	96355 yields/s	7 preempts/s
192003 milliseconds	2763 MB/s	42265 short_reads/s	0 short_writes_echo/s	145 cpu_user_milliseconds	1188 cpu_system_milliseconds	0 minor_page_faults/s	0 major_page_faults/s	103829 yields/s	20 preempts/s
193003 milliseconds	2511 MB/s	41508 short_reads/s	0 short_writes_echo/s	115 cpu_user_milliseconds	940 cpu_system_milliseconds	0 minor_page_faults/s	0 major_page_faults/s	96904 yields/s	9 preempts/s
194003 milliseconds	2198 MB/s	33549 short_reads/s	0 short_writes_echo/s	92 cpu_user_milliseconds	1185 cpu_system_milliseconds	0 minor_page_faults/s	0 major_page_faults/s	92732 yields/s	8 preempts/s
195003 milliseconds	2310 MB/s	35455 short_reads/s	0 short_writes_echo/s	122 cpu_user_milliseconds	1148 cpu_system_milliseconds	0 minor_page_faults/s	0 major_page_faults/s	94679 yields/s	49 preempts/s
196003 milliseconds	2466 MB/s	37801 short_reads/s	0 short_writes_echo/s	117 cpu_user_milliseconds	1165 cpu_system_milliseconds	0 minor_page_faults/s	0 major_page_faults/s	99005 yields/s	9 preempts/s
197003 milliseconds	2732 MB/s	42813 short_reads/s	0 short_writes_echo/s	129 cpu_user_milliseconds	1130 cpu_system_milliseconds	0 minor_page_faults/s	0 major_page_faults/s	103304 yields/s	7 preempts/s
198003 milliseconds	2898 MB/s	44227 short_reads/s	0 short_writes_echo/s	154 cpu_user_milliseconds	1204 cpu_system_milliseconds	0 minor_page_faults/s	0 major_page_faults/s	107440 yields/s	7 preempts/s
199003 milliseconds	2271 MB/s	34661 short_reads/s	0 short_writes_echo/s	104 cpu_user_milliseconds	1172 cpu_system_milliseconds	0 minor_page_faults/s	0 major_page_faults/s	95016 yields/s	10 preempts/s
200003 milliseconds	2421 MB/s	37514 short_reads/s	0 short_writes_echo/s	134 cpu_user_milliseconds	1111 cpu_system_milliseconds	0 minor_page_faults/s	0 major_page_faults/s	97179 yields/s	76 preempts/s
201003 milliseconds	2644 MB/s	41540 short_reads/s	0 short_writes_echo/s	115 cpu_user_milliseconds	1114 cpu_system_milliseconds	0 minor_page_faults/s	0 major_page_faults/s	102246 yields/s	8 preempts/s
202003 milliseconds	2215 MB/s	33807 short_reads/s	0 short_writes_echo/s	101 cpu_user_milliseconds	1163 cpu_system_milliseconds	0 minor_page_faults/s	0 major_page_faults/s	94511 yields/s	16 preempts/s
203003 milliseconds	2391 MB/s	36494 short_reads/s	0 short_writes_echo/s	136 cpu_user_milliseconds	1171 cpu_system_milliseconds	0 minor_page_faults/s	0 major_page_faults/s	95392 yields/s	23 preempts/s
204003 milliseconds	2452 MB/s	38133 short_reads/s	0 short_writes_echo/s	116 cpu_user_milliseconds	1137 cpu_system_milliseconds	0 minor_page_faults/s	0 major_page_faults/s	97758 yields/s	8 preempts/s
205003 milliseconds	2423 MB/s	37481 short_reads/s	0 short_writes_echo/s	111 cpu_user_milliseconds	1146 cpu_system_milliseconds	0 minor_page_faults/s	0 major_page_faults/s	97080 yields/s	32 preempts/s
206003 milliseconds	2606 MB/s	39767 short_reads/s	0 short_writes_echo/s	120 cpu_user_milliseconds	1203 cpu_system_milliseconds	0 minor_page_faults/s	0 major_page_faults/s	101454 yields/s	15 preempts/s
207003 milliseconds	2454 MB/s	38886 short_reads/s	0 short_writes_echo/s	134 cpu_user_milliseconds	1062 cpu_system_milliseconds	0 minor_page_faults/s	0 major_page_faults/s	97415 yields/s	10 preempts/s
208003 milliseconds	2726 MB/s	41602 short_reads/s	0 short_writes_echo/s	131 cpu_user_milliseconds	1211 cpu_system_milliseconds	0 minor_page_faults/s	0 major_page_faults/s	103410 yields/s	3 preempts/s
209003 milliseconds	2165 MB/s	33040 short_reads/s	0 short_writes_echo/s	120 cpu_user_milliseconds	1151 cpu_system_milliseconds	0 minor_page_faults/s	0 major_page_faults/s	92347 yields/s	3 preempts/s
210003 milliseconds	2439 MB/s	38301 short_reads/s	0 short_writes_echo/s	105 cpu_user_milliseconds	1116 cpu_system_milliseconds	0 minor_page_faults/s	0 major_page_faults/s	97269 yields/s	47 preempts/s
211003 milliseconds	2527 MB/s	38563 short_reads/s	0 short_writes_echo/s	154 cpu_user_milliseconds	1166 cpu_system_milliseconds	0 minor_page_faults/s	0 major_page_faults/s	99267 yields/s	24 preempts/s
212003 milliseconds	2552 MB/s	38950 short_reads/s	0 short_writes_echo/s	120 cpu_user_milliseconds	1195 cpu_system_milliseconds	0 minor_page_faults/s	0 major_page_faults/s	100279 yields/s	17 preempts/s
213003 milliseconds	2621 MB/s	40390 short_reads/s	0 short_writes_echo/s	122 cpu_user_milliseconds	1173 cpu_system_milliseconds	0 minor_page_faults/s	0 major_page_faults/s	101389 yields/s	17 preempts/s
214003 milliseconds	2410 MB/s	36781 short_reads/s	0 short_writes_echo/s	138 cpu_user_milliseconds	1155 cpu_system_milliseconds	0 minor_page_faults/s	0 major_page_faults/s	97523 yields/s	19 preempts/s
215003 milliseconds	2596 MB/s	41455 short_reads/s	0 short_writes_echo/s	134 cpu_user_milliseconds	1037 cpu_system_milliseconds	0 minor_page_faults/s	0 major_page_faults/s	100288 yields/s	72 preempts/s
216003 milliseconds	2586 MB/s	40369 short_reads/s	0 short_writes_echo/s	154 cpu_user_milliseconds	1099 cpu_system_milliseconds	0 minor_page_faults/s	0 major_page_faults/s	100456 yields/s	4 preempts/s
217003 milliseconds	2616 MB/s	42078 short_reads/s	0 short_writes_echo/s	115 cpu_user_milliseconds	1037 cpu_system_milliseconds	0 minor_page_faults/s	0 major_page_faults/s	100491 yields/s	51 preempts/s
218003 milliseconds	2346 MB/s	35801 short_reads/s	0 short_writes_echo/s	142 cpu_user_milliseconds	1135 cpu_system_milliseconds	0 minor_page_faults/s	0 major_page_faults/s	96876 yields/s	11 preempts/s
219003 milliseconds	2685 MB/s	41253 short_reads/s	0 short_writes_echo/s	138 cpu_user_milliseconds	1173 cpu_system_milliseconds	0 minor_page_faults/s	0 major_page_faults/s	102655 yields/s	20 preempts/s
220003 milliseconds	2169 MB/s	33105 short_reads/s	0 short_writes_echo/s	133 cpu_user_milliseconds	1132 cpu_system_milliseconds	0 minor_page_faults/s	0 major_page_faults/s	91936 yields/s	38 preempts/s
221003 milliseconds	2820 MB/s	43032 short_reads/s	0 short_writes_echo/s	154 cpu_user_milliseconds	1190 cpu_system_milliseconds	0 minor_page_faults/s	0 major_page_faults/s	106195 yields/s	15 preempts/s
222003 milliseconds	2909 MB/s	44401 short_reads/s	0 short_writes_echo/s	148 cpu_user_milliseconds	1208 cpu_system_milliseconds	0 minor_page_faults/s	0 major_page_faults/s	107378 yields/s	19 preempts/s
223003 milliseconds	2816 MB/s	43131 short_reads/s	0 short_writes_echo/s	175 cpu_user_milliseconds	1161 cpu_system_milliseconds	0 minor_page_faults/s	0 major_page_faults/s	105840 yields/s	2 preempts/s
224003 milliseconds	2556 MB/s	39734 short_reads/s	0 short_writes_echo/s	123 cpu_user_milliseconds	1133 cpu_system_milliseconds	0 minor_page_faults/s	0 major_page_faults/s	99672 yields/s	11 preempts/s
225003 milliseconds	2405 MB/s	36706 short_reads/s	0 short_writes_echo/s	137 cpu_user_milliseconds	1163 cpu_system_milliseconds	0 minor_page_faults/s	0 major_page_faults/s	97312 yields/s	34 preempts/s
226003 milliseconds	2191 MB/s	33440 short_reads/s	0 short_writes_echo/s	95 cpu_user_milliseconds	1170 cpu_system_milliseconds	0 minor_page_faults/s	0 major_page_faults/s	92633 yields/s	6 preempts/s
227003 milliseconds	2296 MB/s	35044 short_reads/s	0 short_writes_echo/s	102 cpu_user_milliseconds	1181 cpu_system_milliseconds	0 minor_page_faults/s	0 major_page_faults/s	95460 yields/s	4 preempts/s
228003 milliseconds	2441 MB/s	37247 short_reads/s	0 short_writes_echo/s	135 cpu_user_milliseconds	1177 cpu_system_milliseconds	0 minor_page_faults/s	0 major_page_faults/s	97452 yields/s	4 preempts/s
229003 milliseconds	2318 MB/s	35374 short_reads/s	0 short_writes_echo/s	108 cpu_user_milliseconds	1151 cpu_system_milliseconds	0 minor_page_faults/s	0 major_page_faults/s	97100 yields/s	3 preempts/s
230003 milliseconds	2657 MB/s	41301 short_reads/s	0 short_writes_echo/s	140 cpu_user_milliseconds	1133 cpu_system_milliseconds	0 minor_page_faults/s	0 major_page_faults/s	102067 yields/s	41 preempts/s
231003 milliseconds	2227 MB/s	33984 short_reads/s	0 short_writes_echo/s	107 cpu_user_milliseconds	1178 cpu_system_milliseconds	0 minor_page_faults/s	0 major_page_faults/s	93165 yields/s	24 preempts/s
232003 milliseconds	2753 MB/s	42015 short_reads/s	0 short_writes_echo/s	139 cpu_user_milliseconds	1198 cpu_system_milliseconds	0 minor_page_faults/s	0 major_page_faults/s	104427 yields/s	9 preempts/s
233003 milliseconds	2629 MB/s	40124 short_reads/s	0 short_writes_echo/s	128 cpu_user_milliseconds	1204 cpu_system_milliseconds	0 minor_page_faults/s	0 major_page_faults/s	101501 yields/s	4 preempts/s
234003 milliseconds	2836 MB/s	43278 short_reads/s	0 short_writes_echo/s	149 cpu_user_milliseconds	1204 cpu_system_milliseconds	0 minor_page_faults/s	0 major_page_faults/s	106221 yields/s	3 preempts/s
235003 milliseconds	2506 MB/s	38249 short_reads/s	0 short_writes_echo/s	130 cpu_user_milliseconds	1178 cpu_system_milliseconds	0 minor_page_faults/s	0 major_page_faults/s	98945 yields/s	76 preempts/s
236004 milliseconds	2613 MB/s	39880 short_reads/s	0 short_writes_echo/s	128 cpu_user_milliseconds	1192 cpu_system_milliseconds	0 minor_page_faults/s	0 major_page_faults/s	101179 yields/s	40 preempts/s
237004 milliseconds	2227 MB/s	33981 short_reads/s	0 short_writes_echo/s	132 cpu_user_milliseconds	1154 cpu_system_milliseconds	0 minor_page_faults/s	0 major_page_faults/s	93383 yields/s	4 preempts/s
238004 milliseconds	2232 MB/s	34071 short_reads/s	0 short_writes_echo/s	114 cpu_user_milliseconds	1163 cpu_system_milliseconds	0 minor_page_faults/s	0 major_page_faults/s	93881 yields/s	5 preempts/s
239004 milliseconds	2084 MB/s	31808 short_reads/s	0 short_writes_echo/s	122 cpu_user_milliseconds	1138 cpu_system_milliseconds	0 minor_page_faults/s	0 major_page_faults/s	91251 yields/s	3 preempts/s
240004 milliseconds	2405 MB/s	36698 short_reads/s	0 short_writes_echo/s	138 cpu_user_milliseconds	1151 cpu_system_milliseconds	0 minor_page_faults/s	0 major_page_faults/s	97527 yields/s	45 preempts/s
