1000 milliseconds	2670 MB/s	41830 short_reads/s	0 short_writes_echo/s	136 cpu_user_milliseconds	1143 cpu_system_milliseconds	176 minor_page_faults/s	0 major_page_faults/s	119746 yields/s	13 preempts/s
2000 milliseconds	2803 MB/s	47218 short_reads/s	0 short_writes_echo/s	155 cpu_user_milliseconds	1099 cpu_system_milliseconds	2 minor_page_faults/s	0 major_page_faults/s	116631 yields/s	5 preempts/s
3000 milliseconds	2751 MB/s	45003 short_reads/s	0 short_writes_echo/s	165 cpu_user_milliseconds	1116 cpu_system_milliseconds	0 minor_page_faults/s	0 major_page_faults/s	119606 yields/s	3 preempts/s
4000 milliseconds	2682 MB/s	42609 short_reads/s	0 short_writes_echo/s	141 cpu_user_milliseconds	1144 cpu_system_milliseconds	0 minor_page_faults/s	0 major_page_faults/s	119789 yields/s	122 preempts/s
5000 milliseconds	2730 MB/s	44198 short_reads/s	0 short_writes_echo/s	145 cpu_user_milliseconds	1123 cpu_system_milliseconds	0 minor_page_faults/s	0 major_page_faults/s	117342 yields/s	5 preempts/s
6000 milliseconds	2671 MB/s	41931 short_reads/s	0 short_writes_echo/s	141 cpu_user_milliseconds	1157 cpu_system_milliseconds	0 minor_page_faults/s	0 major_page_faults/s	120096 yields/s	5 preempts/s
7000 milliseconds	2710 MB/s	43431 short_reads/s	0 short_writes_echo/s	148 cpu_user_milliseconds	1146 cpu_system_milliseconds	0 minor_page_faults/s	0 major_page_faults/s	119891 yields/s	3 preempts/s
8000 milliseconds	2761 MB/s	45639 short_reads/s	0 short_writes_echo/s	142 cpu_user_milliseconds	1144 cpu_system_milliseconds	0 minor_page_faults/s	0 major_page_faults/s	119798 yields/s	8 preempts/s
9000 milliseconds	2695 MB/s	43425 short_reads/s	0 short_writes_echo/s	150 cpu_user_milliseconds	1109 cpu_system_milliseconds	0 minor_page_faults/s	0 major_page_faults/s	116954 yields/s	93 preempts/s
10000 milliseconds	2747 MB/s	45285 short_reads/s	0 short_writes_echo/s	153 cpu_user_milliseconds	1124 cpu_system_milliseconds	0 minor_page_faults/s	0 major_page_faults/s	118951 yields/s	30 preempts/s
11000 milliseconds	2676 MB/s	42318 short_reads/s	0 short_writes_echo/s	147 cpu_user_milliseconds	1146 cpu_system_milliseconds	0 minor_page_faults/s	0 major_page_faults/s	119603 yields/s	7 preempts/s
12000 milliseconds	2730 MB/s	43773 short_reads/s	0 short_writes_echo/s	130 cpu_user_milliseconds	1139 cpu_system_milliseconds	0 minor_page_faults/s	0 major_page_faults/s	119511 yields/s	8 preempts/s
13000 milliseconds	2818 MB/s	47461 short_reads/s	0 short_writes_echo/s	144 cpu_user_milliseconds	1086 cpu_system_milliseconds	0 minor_page_faults/s	0 major_page_faults/s	114436 yields/s	5 preempts/s
14000 milliseconds	2762 MB/s	45859 short_reads/s	0 short_writes_echo/s	141 cpu_user_milliseconds	1104 cpu_system_milliseconds	0 minor_page_faults/s	0 major_page_faults/s	115750 yields/s	179 preempts/s
15000 milliseconds	2760 MB/s	45071 short_reads/s	0 short_writes_echo/s	139 cpu_user_milliseconds	1105 cpu_system_milliseconds	0 minor_page_faults/s	0 major_page_faults/s	116185 yields/s	15 preempts/s
16000 milliseconds	2767 MB/s	45343 short_reads/s	0 short_writes_echo/s	135 cpu_user_milliseconds	1138 cpu_system_milliseconds	0 minor_page_faults/s	0 major_page_faults/s	119106 yields/s	13 preempts/s
17000 milliseconds	2682 MB/s	42762 short_reads/s	0 short_writes_echo/s	142 cpu_user_milliseconds	1116 cpu_system_milliseconds	0 minor_page_faults/s	0 major_page_faults/s	118338 yields/s	21 preempts/s
18000 milliseconds	2661 MB/s	41479 short_reads/s	0 short_writes_echo/s	122 cpu_user_milliseconds	1179 cpu_system_milliseconds	0 minor_page_faults/s	0 major_page_faults/s	120586 yields/s	5 preempts/s
19000 milliseconds	2701 MB/s	43439 short_reads/s	0 short_writes_echo/s	133 cpu_user_milliseconds	1143 cpu_system_milliseconds	0 minor_page_faults/s	0 major_page_faults/s	118642 yields/s	79 preempts/s
20000 milliseconds	2674 MB/s	42921 short_reads/s	0 short_writes_echo/s	155 cpu_user_milliseconds	1117 cpu_system_milliseconds	0 minor_page_faults/s	0 major_page_faults/s	117473 yields/s	23 preempts/s
21000 milliseconds	2689 MB/s	42873 short_reads/s	0 short_writes_echo/s	146 cpu_user_milliseconds	1140 cpu_system_milliseconds	0 minor_page_faults/s	0 major_page_faults/s	119438 yields/s	28 preempts/s
22000 milliseconds	2786 MB/s	46412 short_reads/s	0 short_writes_echo/s	163 cpu_user_milliseconds	1091 cpu_system_milliseconds	0 minor_page_faults/s	0 major_page_faults/s	117374 yields/s	2 preempts/s
23000 milliseconds	2730 MB/s	44247 short_reads/s	0 short_writes_echo/s	138 cpu_user_milliseconds	1129 cpu_system_milliseconds	0 minor_page_faults/s	0 major_page_faults/s	118905 yields/s	6 preempts/s
24000 milliseconds	2648 MB/s	41423 short_reads/s	0 short_writes_echo/s	145 cpu_user_milliseconds	1154 cpu_system_milliseconds	0 minor_page_faults/s	0 major_page_faults/s	119692 yields/s	143 preempts/s
25000 milliseconds	2816 MB/s	48032 short_reads/s	0 short_writes_echo/s	138 cpu_user_milliseconds	1116 cpu_system_milliseconds	0 minor_page_faults/s	0 major_page_faults/s	117940 yields/s	22 preempts/s
26000 milliseconds	2719 MB/s	43820 short_reads/s	0 short_writes_echo/s	159 cpu_user_milliseconds	1123 cpu_system_milliseconds	0 minor_page_faults/s	0 major_page_faults/s	119593 yields/s	9 preempts/s
27000 milliseconds	2648 MB/s	40970 short_reads/s	0 short_writes_echo/s	140 cpu_user_milliseconds	1165 cpu_system_milliseconds	0 minor_page_faults/s	0 major_page_faults/s	120756 yields/s	6 preempts/s
28000 milliseconds	2764 MB/s	45853 short_reads/s	0 short_writes_echo/s	132 cpu_user_milliseconds	1113 cpu_system_milliseconds	0 minor_page_faults/s	0 major_page_faults/s	116908 yields/s	19 preempts/s
29000 milliseconds	2717 MB/s	44143 short_reads/s	0 short_writes_echo/s	147 cpu_user_milliseconds	1117 cpu_system_milliseconds	0 minor_page_faults/s	0 major_page_faults/s	116310 yields/s	98 preempts/s
30000 milliseconds	2765 MB/s	45473 short_reads/s	0 short_writes_echo/s	152 cpu_user_milliseconds	1101 cpu_system_milliseconds	0 minor_page_faults/s	0 major_page_faults/s	117727 yields/s	9 preempts/s
31000 milliseconds	2727 MB/s	44508 short_reads/s	0 short_writes_echo/s	148 cpu_user_milliseconds	1108 cpu_system_milliseconds	0 minor_page_faults/s	0 major_page_faults/s	118186 yields/s	30 preempts/s
32000 milliseconds	2763 MB/s	45195 short_reads/s	0 short_writes_echo/s	163 cpu_user_milliseconds	1088 cpu_system_milliseconds	0 minor_page_faults/s	0 major_page_faults/s	116901 yields/s	13 preempts/s
33000 milliseconds	2689 MB/s	42630 short_reads/s	0 short_writes_echo/s	151 cpu_user_milliseconds	1140 cpu_system_milliseconds	0 minor_page_faults/s	0 major_page_faults/s	120171 yields/s	5 preempts/s
34000 milliseconds	2645 MB/s	41182 short_reads/s	0 short_writes_echo/s	170 cpu_user_milliseconds	1121 cpu_system_milliseconds	0 minor_page_faults/s	0 major_page_faults/s	120271 yields/s	92 preempts/s
35000 milliseconds	2765 MB/s	45785 short_reads/s	0 short_writes_echo/s	142 cpu_user_milliseconds	1132 cpu_system_milliseconds	0 minor_page_faults/s	0 major_page_faults/s	118748 yields/s	15 preempts/s
36000 milliseconds	2749 MB/s	44873 short_reads/s	0 short_writes_echo/s	138 cpu_user_milliseconds	1117 cpu_system_milliseconds	0 minor_page_faults/s	0 major_page_faults/s	117350 yields/s	19 preempts/s
37000 milliseconds	2737 MB/s	45040 short_reads/s	0 short_writes_echo/s	160 cpu_user_milliseconds	1107 cpu_system_milliseconds	0 minor_page_faults/s	0 major_page_faults/s	117977 yields/s	47 preempts/s
38000 milliseconds	2740 MB/s	44645 short_reads/s	0 short_writes_echo/s	167 cpu_user_milliseconds	1100 cpu_system_milliseconds	0 minor_page_faults/s	0 major_page_faults/s	118566 yields/s	7 preempts/s
39000 milliseconds	2758 MB/s	45754 short_reads/s	0 short_writes_echo/s	140 cpu_user_milliseconds	1122 cpu_system_milliseconds	0 minor_page_faults/s	0 major_page_faults/s	117014 yields/s	60 preempts/s
40000 milliseconds	2707 MB/s	43379 short_reads/s	0 short_writes_echo/s	142 cpu_user_milliseconds	1127 cpu_system_milliseconds	0 minor_page_faults/s	0 major_page_faults/s	117147 yields/s	7 preempts/s
41000 milliseconds	2780 MB/s	46029 short_reads/s	0 short_writes_echo/s	126 cpu_user_milliseconds	1132 cpu_system_milliseconds	0 minor_page_faults/s	0 major_page_faults/s	117576 yields/s	9 preempts/s
42000 milliseconds	2728 MB/s	44303 short_reads/s	0 short_writes_echo/s	132 cpu_user_milliseconds	1138 cpu_system_milliseconds	0 minor_page_faults/s	0 major_page_faults/s	117887 yields/s	8 preempts/s
43000 milliseconds	2702 MB/s	42936 short_reads/s	0 short_writes_echo/s	142 cpu_user_milliseconds	1145 cpu_system_milliseconds	0 minor_page_faults/s	0 major_page_faults/s	120043 yields/s	4 preempts/s
44000 milliseconds	2627 MB/s	40980 short_reads/s	0 short_writes_echo/s	137 cpu_user_milliseconds	1152 cpu_system_milliseconds	0 minor_page_faults/s	0 major_page_faults/s	118813 yields/s	540 preempts/s
45000 milliseconds	2708 MB/s	43511 short_reads/s	0 short_writes_echo/s	151 cpu_user_milliseconds	1106 cpu_system_milliseconds	0 minor_page_faults/s	0 major_page_faults/s	118253 yields/s	27 preempts/s
46000 milliseconds	2714 MB/s	44223 short_reads/s	0 short_writes_echo/s	151 cpu_user_milliseconds	1130 cpu_system_milliseconds	0 minor_page_faults/s	0 major_page_faults/s	118160 yields/s	27 preempts/s
47000 milliseconds	2728 MB/s	44335 short_reads/s	0 short_writes_echo/s	155 cpu_user_milliseconds	1115 cpu_system_milliseconds	0 minor_page_faults/s	0 major_page_faults/s	117777 yields/s	22 preempts/s
48000 milliseconds	2708 MB/s	43089 short_reads/s	0 short_writes_echo/s	116 cpu_user_milliseconds	1154 cpu_system_milliseconds	0 minor_page_faults/s	0 major_page_faults/s	120663 yields/s	17 preempts/s
49000 milliseconds	2757 MB/s	46113 short_reads/s	0 short_writes_echo/s	167 cpu_user_milliseconds	1084 cpu_system_milliseconds	0 minor_page_faults/s	0 major_page_faults/s	115277 yields/s	62 preempts/s
50000 milliseconds	2716 MB/s	43720 short_reads/s	0 short_writes_echo/s	130 cpu_user_milliseconds	1153 cpu_system_milliseconds	0 minor_page_faults/s	0 major_page_faults/s	119799 yields/s	4 preempts/s
51000 milliseconds	2765 MB/s	45491 short_reads/s	0 short_writes_echo/s	155 cpu_user_milliseconds	1108 cpu_system_milliseconds	0 minor_page_faults/s	0 major_page_faults/s	117539 yields/s	10 preempts/s
52000 milliseconds	2724 MB/s	44082 short_reads/s	0 short_writes_echo/s	128 cpu_user_milliseconds	1124 cpu_system_milliseconds	0 minor_page_faults/s	0 major_page_faults/s	118420 yields/s	14 preempts/s
53000 milliseconds	2724 MB/s	44293 short_reads/s	0 short_writes_echo/s	155 cpu_user_milliseconds	1102 cpu_system_milliseconds	0 minor_page_faults/s	0 major_page_faults/s	117331 yields/s	25 preempts/s
54000 milliseconds	2735 MB/s	45033 short_reads/s	0 short_writes_echo/s	130 cpu_user_milliseconds	1137 cpu_system_milliseconds	0 minor_page_faults/s	0 major_page_faults/s	117577 yields/s	89 preempts/s
55000 milliseconds	2817 MB/s	47358 short_reads/s	0 short_writes_echo/s	141 cpu_user_milliseconds	1094 cpu_system_milliseconds	0 minor_page_faults/s	0 major_page_faults/s	116289 yields/s	7 preempts/s
56000 milliseconds	2783 MB/s	46320 short_reads/s	0 short_writes_echo/s	145 cpu_user_milliseconds	1116 cpu_system_milliseconds	0 minor_page_faults/s	0 major_page_faults/s	117246 yields/s	5 preempts/s
57000 milliseconds	2595 MB/s	41151 short_reads/s	0 short_writes_echo/s	128 cpu_user_milliseconds	1145 cpu_system_milliseconds	0 minor_page_faults/s	0 major_page_faults/s	114194 yields/s	43 preempts/s
58000 milliseconds	2695 MB/s	42871 short_reads/s	0 short_writes_echo/s	150 cpu_user_milliseconds	1115 cpu_system_milliseconds	0 minor_page_faults/s	0 major_page_faults/s	118837 yields/s	47 preempts/s
59000 milliseconds	2651 MB/s	41933 short_reads/s	0 short_writes_echo/s	155 cpu_user_milliseconds	1125 cpu_system_milliseconds	0 minor_page_faults/s	0 major_page_faults/s	118171 yields/s	57 preempts/s
60000 milliseconds	2737 MB/s	44620 short_reads/s	0 short_writes_echo/s	146 cpu_user_milliseconds	1117 cpu_system_milliseconds	0 minor_page_faults/s	0 major_page_faults/s	117436 yields/s	22 preempts/s
61000 milliseconds	2782 MB/s	46336 short_reads/s	0 short_writes_echo/s	155 cpu_user_milliseconds	1096 cpu_system_milliseconds	0 minor_page_faults/s	0 major_page_faults/s	116134 yields/s	36 preempts/s
62000 milliseconds	2702 MB/s	43165 short_reads/s	0 short_writes_echo/s	153 cpu_user_milliseconds	1132 cpu_system_milliseconds	0 minor_page_faults/s	0 major_page_faults/s	119983 yields/s	20 preempts/s
63000 milliseconds	2688 MB/s	43194 short_reads/s	0 short_writes_echo/s	127 cpu_user_milliseconds	1128 cpu_system_milliseconds	0 minor_page_faults/s	0 major_page_faults/s	118710 yields/s	9 preempts/s
64000 milliseconds	2676 MB/s	43001 short_reads/s	0 short_writes_echo/s	144 cpu_user_milliseconds	1115 cpu_system_milliseconds	0 minor_page_faults/s	0 major_page_faults/s	117076 yields/s	119 preempts/s
65000 milliseconds	2774 MB/s	45887 short_reads/s	0 short_writes_echo/s	155 cpu_user_milliseconds	1111 cpu_system_milliseconds	0 minor_page_faults/s	0 major_page_faults/s	118163 yields/s	34 preempts/s
66000 milliseconds	2672 MB/s	42174 short_reads/s	0 short_writes_echo/s	139 cpu_user_milliseconds	1147 cpu_system_milliseconds	0 minor_page_faults/s	0 major_page_faults/s	119645 yields/s	6 preempts/s
67000 milliseconds	2702 MB/s	43278 short_reads/s	0 short_writes_echo/s	128 cpu_user_milliseconds	1156 cpu_system_milliseconds	0 minor_page_faults/s	0 major_page_faults/s	118402 yields/s	2 preempts/s
68000 milliseconds	2666 MB/s	41577 short_reads/s	0 short_writes_echo/s	144 cpu_user_milliseconds	1155 cpu_system_milliseconds	0 minor_page_faults/s	0 major_page_faults/s	119529 yields/s	20 preempts/s
69000 milliseconds	2617 MB/s	40576 short_reads/s	0 short_writes_echo/s	139 cpu_user_milliseconds	1142 cpu_system_milliseconds	0 minor_page_faults/s	0 major_page_faults/s	119364 yields/s	166 preempts/s
70001 milliseconds	2724 MB/s	44326 short_reads/s	0 short_writes_echo/s	161 cpu_user_milliseconds	1128 cpu_system_milliseconds	0 minor_page_faults/s	0 major_page_faults/s	119196 yields/s	9 preempts/s
71001 milliseconds	2700 MB/s	42989 short_reads/s	0 short_writes_echo/s	149 cpu_user_milliseconds	1125 cpu_system_milliseconds	0 minor_page_faults/s	0 major_page_faults/s	119380 yields/s	13 preempts/s
72001 milliseconds	2788 MB/s	46266 short_reads/s	0 short_writes_echo/s	148 cpu_user_milliseconds	1097 cpu_system_milliseconds	0 minor_page_faults/s	0 major_page_faults/s	116099 yields/s	4 preempts/s
73001 milliseconds	2737 MB/s	44817 short_reads/s	0 short_writes_echo/s	151 cpu_user_milliseconds	1114 cpu_system_milliseconds	0 minor_page_faults/s	0 major_page_faults/s	117480 yields/s	36 preempts/s
74001 milliseconds	2651 MB/s	42100 short_reads/s	0 short_writes_echo/s	139 cpu_user_milliseconds	1129 cpu_system_milliseconds	0 minor_page_faults/s	0 major_page_faults/s	116679 yields/s	144 preempts/s
75001 milliseconds	2693 MB/s	43195 short_reads/s	0 short_writes_echo/s	140 cpu_user_milliseconds	1140 cpu_system_milliseconds	0 minor_page_faults/s	0 major_page_faults/s	118929 yields/s	20 preempts/s
76001 milliseconds	2715 MB/s	43748 short_reads/s	0 short_writes_echo/s	157 cpu_user_milliseconds	1129 cpu_system_milliseconds	0 minor_page_faults/s	0 major_page_faults/s	119627 yields/s	4 preempts/s
77001 milliseconds	2681 MB/s	42360 short_reads/s	0 short_writes_echo/s	132 cpu_user_milliseconds	1164 cpu_system_milliseconds	0 minor_page_faults/s	0 major_page_faults/s	120306 yields/s	7 preempts/s
78001 milliseconds	2842 MB/s	48789 short_reads/s	0 short_writes_echo/s	170 cpu_user_milliseconds	1075 cpu_system_milliseconds	0 minor_page_faults/s	0 major_page_faults/s	116538 yields/s	3 preempts/s
79001 milliseconds	2665 MB/s	42167 short_reads/s	0 short_writes_echo/s	152 cpu_user_milliseconds	1146 cpu_system_milliseconds	0 minor_page_faults/s	0 major_page_faults/s	119718 yields/s	101 preempts/s
80001 milliseconds	2693 MB/s	43602 short_reads/s	0 short_writes_echo/s	148 cpu_user_milliseconds	1128 cpu_system_milliseconds	0 minor_page_faults/s	0 major_page_faults/s	116551 yields/s	31 preempts/s
81001 milliseconds	2771 MB/s	46361 short_reads/s	0 short_writes_echo/s	151 cpu_user_milliseconds	1113 cpu_system_milliseconds	0 minor_page_faults/s	0 major_page_faults/s	118138 yields/s	10 preempts/s
82001 milliseconds	2726 MB/s	44016 short_reads/s	0 short_writes_echo/s	148 cpu_user_milliseconds	1128 cpu_system_milliseconds	0 minor_page_faults/s	0 major_page_faults/s	120272 yields/s	17 preempts/s
83001 milliseconds	2852 MB/s	48696 short_reads/s	0 short_writes_echo/s	143 cpu_user_milliseconds	1103 cpu_system_milliseconds	0 minor_page_faults/s	0 major_page_faults/s	115807 yields/s	10 preempts/s
84001 milliseconds	2655 MB/s	41596 short_reads/s	0 short_writes_echo/s	151 cpu_user_milliseconds	1136 cpu_system_milliseconds	0 minor_page_faults/s	0 major_page_faults/s	119937 yields/s	178 preempts/s
85001 milliseconds	2696 MB/s	43326 short_reads/s	0 short_writes_echo/s	168 cpu_user_milliseconds	1124 cpu_system_milliseconds	0 minor_page_faults/s	0 major_page_faults/s	119195 yields/s	36 preempts/s
86001 milliseconds	2681 MB/s	42365 short_reads/s	0 short_writes_echo/s	167 cpu_user_milliseconds	1125 cpu_system_milliseconds	0 minor_page_faults/s	0 major_page_faults/s	120665 yields/s	17 preempts/s
87001 milliseconds	2703 MB/s	43506 short_reads/s	0 short_writes_echo/s	126 cpu_user_milliseconds	1142 cpu_system_milliseconds	0 minor_page_faults/s	0 major_page_faults/s	118212 yields/s	11 preempts/s
88001 milliseconds	2719 MB/s	43664 short_reads/s	0 short_writes_echo/s	152 cpu_user_milliseconds	1130 cpu_system_milliseconds	0 minor_page_faults/s	0 major_page_faults/s	118754 yields/s	8 preempts/s
89001 milliseconds	2789 MB/s	46858 short_reads/s	0 short_writes_echo/s	145 cpu_user_milliseconds	1104 cpu_system_milliseconds	0 minor_page_faults/s	0 major_page_faults/s	115353 yields/s	96 preempts/s
90001 milliseconds	2742 MB/s	44854 short_reads/s	0 short_writes_echo/s	161 cpu_user_milliseconds	1119 cpu_system_milliseconds	0 minor_page_faults/s	0 major_page_faults/s	118756 yields/s	2 preempts/s
91001 milliseconds	2790 MB/s	46784 short_reads/s	0 short_writes_echo/s	137 cpu_user_milliseconds	1141 cpu_system_milliseconds	0 minor_page_faults/s	0 major_page_faults/s	118438 yields/s	13 preempts/s
92001 milliseconds	2714 MB/s	43825 short_reads/s	0 short_writes_echo/s	127 cpu_user_milliseconds	1163 cpu_system_milliseconds	0 minor_page_faults/s	0 major_page_faults/s	119752 yields/s	7 preempts/s
93001 milliseconds	2706 MB/s	43295 short_reads/s	0 short_writes_echo/s	145 cpu_user_milliseconds	1129 cpu_system_milliseconds	0 minor_page_faults/s	0 major_page_faults/s	118321 yields/s	19 preempts/s
94001 milliseconds	2740 MB/s	45159 short_reads/s	0 short_writes_echo/s	160 cpu_user_milliseconds	1104 cpu_system_milliseconds	0 minor_page_faults/s	0 major_page_faults/s	116998 yields/s	78 preempts/s
95001 milliseconds	2670 MB/s	42028 short_reads/s	0 short_writes_echo/s	127 cpu_user_milliseconds	1146 cpu_system_milliseconds	0 minor_page_faults/s	0 major_page_faults/s	120228 yields/s	5 preempts/s
96001 milliseconds	2792 MB/s	47108 short_reads/s	0 short_writes_echo/s	134 cpu_user_milliseconds	1113 cpu_system_milliseconds	0 minor_page_faults/s	0 major_page_faults/s	117562 yields/s	12 preempts/s
97001 milliseconds	2842 MB/s	49056 short_reads/s	0 short_writes_echo/s	151 cpu_user_milliseconds	1080 cpu_system_milliseconds	0 minor_page_faults/s	0 major_page_faults/s	115254 yields/s	14 preempts/s
98001 milliseconds	2772 MB/s	45892 short_reads/s	0 short_writes_echo/s	175 cpu_user_milliseconds	1086 cpu_system_milliseconds	0 minor_page_faults/s	0 major_page_faults/s	117156 yields/s	7 preempts/s
99001 milliseconds	2746 MB/s	45340 short_reads/s	0 short_writes_echo/s	141 cpu_user_milliseconds	1119 cpu_system_milliseconds	0 minor_page_faults/s	0 major_page_faults/s	117117 yields/s	114 preempts/s
100001 milliseconds	2744 MB/s	45111 short_reads/s	0 short_writes_echo/s	129 cpu_user_milliseconds	1159 cpu_system_milliseconds	0 minor_page_faults/s	0 major_page_faults/s	118834 yields/s	8 preempts/s
101001 milliseconds	2676 MB/s	42112 short_reads/s	0 short_writes_echo/s	144 cpu_user_milliseconds	1142 cpu_system_milliseconds	0 minor_page_faults/s	0 major_page_faults/s	120328 yields/s	9 preempts/s
102001 milliseconds	2765 MB/s	45393 short_reads/s	0 short_writes_echo/s	111 cpu_user_milliseconds	1152 cpu_system_milliseconds	0 minor_page_faults/s	0 major_page_faults/s	117251 yields/s	2 preempts/s
103001 milliseconds	2682 MB/s	42374 short_reads/s	0 short_writes_echo/s	150 cpu_user_milliseconds	1150 cpu_system_milliseconds	0 minor_page_faults/s	0 major_page_faults/s	120147 yields/s	19 preempts/s
104001 milliseconds	2745 MB/s	45611 short_reads/s	0 short_writes_echo/s	142 cpu_user_milliseconds	1131 cpu_system_milliseconds	0 minor_page_faults/s	0 major_page_faults/s	117065 yields/s	590 preempts/s
105001 milliseconds	2714 MB/s	44091 short_reads/s	0 short_writes_echo/s	117 cpu_user_milliseconds	1147 cpu_system_milliseconds	0 minor_page_faults/s	0 major_page_faults/s	116787 yields/s	71 preempts/s
106001 milliseconds	2706 MB/s	43263 short_reads/s	0 short_writes_echo/s	140 cpu_user_milliseconds	1134 cpu_system_milliseconds	0 minor_page_faults/s	0 major_page_faults/s	118356 yields/s	10 preempts/s
107001 milliseconds	2777 MB/s	46709 short_reads/s	0 short_writes_echo/s	161 cpu_user_milliseconds	1106 cpu_system_milliseconds	0 minor_page_faults/s	0 major_page_faults/s	116334 yields/s	20 preempts/s
108001 milliseconds	2718 MB/s	43865 short_reads/s	0 short_writes_echo/s	139 cpu_user_milliseconds	1130 cpu_system_milliseconds	0 minor_page_faults/s	0 major_page_faults/s	119113 yields/s	12 preempts/s
109001 milliseconds	2641 MB/s	41601 short_reads/s	0 short_writes_echo/s	129 cpu_user_milliseconds	1142 cpu_system_milliseconds	0 minor_page_faults/s	0 major_page_faults/s	117280 yields/s	871 preempts/s
110001 milliseconds	2846 MB/s	48820 short_reads/s	0 short_writes_echo/s	128 cpu_user_milliseconds	1119 cpu_system_milliseconds	0 minor_page_faults/s	0 major_page_faults/s	116310 yields/s	13 preempts/s
111001 milliseconds	2783 MB/s	45951 short_reads/s	0 short_writes_echo/s	164 cpu_user_milliseconds	1112 cpu_system_milliseconds	0 minor_page_faults/s	0 major_page_faults/s	118828 yields/s	4 preempts/s
112001 milliseconds	2713 MB/s	43450 short_reads/s	0 short_writes_echo/s	142 cpu_user_milliseconds	1119 cpu_system_milliseconds	0 minor_page_faults/s	0 major_page_faults/s	119641 yields/s	21 preempts/s
113001 milliseconds	2762 MB/s	45891 short_reads/s	0 short_writes_echo/s	137 cpu_user_milliseconds	1105 cpu_system_milliseconds	0 minor_page_faults/s	0 major_page_faults/s	117055 yields/s	27 preempts/s
114001 milliseconds	2702 MB/s	43442 short_reads/s	0 short_writes_echo/s	148 cpu_user_milliseconds	1109 cpu_system_milliseconds	0 minor_page_faults/s	0 major_page_faults/s	116893 yields/s	71 preempts/s
115001 milliseconds	2709 MB/s	43168 short_reads/s	0 short_writes_echo/s	158 cpu_user_milliseconds	1117 cpu_system_milliseconds	0 minor_page_faults/s	0 major_page_faults/s	118929 yields/s	4 preempts/s
116001 milliseconds	2733 MB/s	44527 short_reads/s	0 short_writes_echo/s	134 cpu_user_milliseconds	1142 cpu_system_milliseconds	0 minor_page_faults/s	0 major_page_faults/s	118528 yields/s	6 preempts/s
117001 milliseconds	2702 MB/s	45126 short_reads/s	0 short_writes_echo/s	151 cpu_user_milliseconds	1105 cpu_system_milliseconds	0 minor_page_faults/s	0 major_page_faults/s	113585 yields/s	13 preempts/s
118001 milliseconds	2772 MB/s	46142 short_reads/s	0 short_writes_echo/s	144 cpu_user_milliseconds	1123 cpu_system_milliseconds	0 minor_page_faults/s	0 major_page_faults/s	119399 yields/s	13 preempts/s
119001 milliseconds	2736 MB/s	45007 short_reads/s	0 short_writes_echo/s	137 cpu_user_milliseconds	1115 cpu_system_milliseconds	0 minor_page_faults/s	0 major_page_faults/s	117282 yields/s	91 preempts/s
120001 milliseconds	2799 MB/s	46902 short_reads/s	0 short_writes_echo/s	140 cpu_user_milliseconds	1121 cpu_system_milliseconds	0 minor_page_faults/s	0 major_page_faults/s	117306 yields/s	29 preempts/s
121001 milliseconds	2764 MB/s	45452 short_reads/s	0 short_writes_echo/s	139 cpu_user_milliseconds	1125 cpu_system_milliseconds	0 minor_page_faults/s	0 major_page_faults/s	118858 yields/s	24 preempts/s
122001 milliseconds	2739 MB/s	44628 short_reads/s	0 short_writes_echo/s	161 cpu_user_milliseconds	1110 cpu_system_milliseconds	0 minor_page_faults/s	0 major_page_faults/s	117731 yields/s	10 preempts/s
123001 milliseconds	2761 MB/s	45325 short_reads/s	0 short_writes_echo/s	154 cpu_user_milliseconds	1124 cpu_system_milliseconds	0 minor_page_faults/s	0 major_page_faults/s	118766 yields/s	3 preempts/s
124001 milliseconds	2644 MB/s	41269 short_reads/s	0 short_writes_echo/s	154 cpu_user_milliseconds	1131 cpu_system_milliseconds	0 minor_page_faults/s	0 major_page_faults/s	119108 yields/s	81 preempts/s
125001 milliseconds	2704 MB/s	43335 short_reads/s	0 short_writes_echo/s	129 cpu_user_milliseconds	1144 cpu_system_milliseconds	0 minor_page_faults/s	0 major_page_faults/s	118406 yields/s	26 preempts/s
126001 milliseconds	2787 MB/s	46281 short_reads/s	0 short_writes_echo/s	135 cpu_user_milliseconds	1102 cpu_system_milliseconds	0 minor_page_faults/s	0 major_page_faults/s	115313 yields/s	8 preempts/s
127001 milliseconds	2740 MB/s	44804 short_reads/s	0 short_writes_echo/s	154 cpu_user_milliseconds	1129 cpu_system_milliseconds	0 minor_page_faults/s	0 major_page_faults/s	119800 yields/s	2 preempts/s
128001 milliseconds	2827 MB/s	48151 short_reads/s	0 short_writes_echo/s	177 cpu_user_milliseconds	1082 cpu_system_milliseconds	0 minor_page_faults/s	0 major_page_faults/s	118157 yields/s	3 preempts/s
129001 milliseconds	2782 MB/s	46602 short_reads/s	0 short_writes_echo/s	129 cpu_user_milliseconds	1133 cpu_system_milliseconds	0 minor_page_faults/s	0 major_page_faults/s	117202 yields/s	54 preempts/s
130001 milliseconds	2706 MB/s	43234 short_reads/s	0 short_writes_echo/s	148 cpu_user_milliseconds	1122 cpu_system_milliseconds	0 minor_page_faults/s	0 major_page_faults/s	119039 yields/s	21 preempts/s
131001 milliseconds	2736 MB/s	44771 short_reads/s	0 short_writes_echo/s	155 cpu_user_milliseconds	1100 cpu_system_milliseconds	0 minor_page_faults/s	0 major_page_faults/s	118920 yields/s	17 preempts/s
132001 milliseconds	2743 MB/s	44829 short_reads/s	0 short_writes_echo/s	136 cpu_user_milliseconds	1119 cpu_system_milliseconds	0 minor_page_faults/s	0 major_page_faults/s	117734 yields/s	82 preempts/s
133001 milliseconds	2705 MB/s	43391 short_reads/s	0 short_writes_echo/s	132 cpu_user_milliseconds	1151 cpu_system_milliseconds	0 minor_page_faults/s	0 major_page_faults/s	119579 yields/s	6 preempts/s
134001 milliseconds	2692 MB/s	42968 short_reads/s	0 short_writes_echo/s	158 cpu_user_milliseconds	1109 cpu_system_milliseconds	0 minor_page_faults/s	0 major_page_faults/s	117785 yields/s	88 preempts/s
135001 milliseconds	2643 MB/s	40990 short_reads/s	0 short_writes_echo/s	136 cpu_user_milliseconds	1159 cpu_system_milliseconds	0 minor_page_faults/s	0 major_page_faults/s	119750 yields/s	19 preempts/s
136001 milliseconds	2724 MB/s	44056 short_reads/s	0 short_writes_echo/s	176 cpu_user_milliseconds	1102 cpu_system_milliseconds	0 minor_page_faults/s	0 major_page_faults/s	118209 yields/s	18 preempts/s
137001 milliseconds	2679 MB/s	42296 short_reads/s	0 short_writes_echo/s	132 cpu_user_milliseconds	1160 cpu_system_milliseconds	0 minor_page_faults/s	0 major_page_faults/s	120141 yields/s	3 preempts/s
138001 milliseconds	2737 MB/s	44454 short_reads/s	0 short_writes_echo/s	169 cpu_user_milliseconds	1120 cpu_system_milliseconds	0 minor_page_faults/s	0 major_page_faults/s	119552 yields/s	1 preempts/s
139001 milliseconds	2639 MB/s	40985 short_reads/s	0 short_writes_echo/s	128 cpu_user_milliseconds	1160 cpu_system_milliseconds	0 minor_page_faults/s	0 major_page_faults/s	119956 yields/s	54 preempts/s
140001 milliseconds	2724 MB/s	44435 short_reads/s	0 short_writes_echo/s	141 cpu_user_milliseconds	1132 cpu_system_milliseconds	0 minor_page_faults/s	0 major_page_faults/s	118762 yields/s	11 preempts/s
141001 milliseconds	2781 MB/s	46385 short_reads/s	0 short_writes_echo/s	155 cpu_user_milliseconds	1118 cpu_system_milliseconds	0 minor_page_faults/s	0 major_page_faults/s	117590 yields/s	6 preempts/s
142001 milliseconds	2806 MB/s	47134 short_reads/s	0 short_writes_echo/s	168 cpu_user_milliseconds	1097 cpu_system_milliseconds	0 minor_page_faults/s	0 major_page_faults/s	117030 yields/s	7 preempts/s
143001 milliseconds	2705 MB/s	43443 short_reads/s	0 short_writes_echo/s	134 cpu_user_milliseconds	1150 cpu_system_milliseconds	0 minor_page_faults/s	0 major_page_faults/s	119419 yields/s	7 preempts/s
144001 milliseconds	2717 MB/s	44365 short_reads/s	0 short_writes_echo/s	148 cpu_user_milliseconds	1106 cpu_system_milliseconds	0 minor_page_faults/s	0 major_page_faults/s	116119 yields/s	80 preempts/s
145001 milliseconds	2717 MB/s	43946 short_reads/s	0 short_writes_echo/s	137 cpu_user_milliseconds	1156 cpu_system_milliseconds	0 minor_page_faults/s	0 major_page_faults/s	119898 yields/s	6 preempts/s
146001 milliseconds	2780 MB/s	46186 short_reads/s	0 short_writes_echo/s	145 cpu_user_milliseconds	1104 cpu_system_milliseconds	0 minor_page_faults/s	0 major_page_faults/s	116698 yields/s	8 preempts/s
147001 milliseconds	2716 MB/s	43700 short_reads/s	0 short_writes_echo/s	156 cpu_user_milliseconds	1139 cpu_system_milliseconds	0 minor_page_faults/s	0 major_page_faults/s	119491 yields/s	3 preempts/s
148001 milliseconds	2743 MB/s	44588 short_reads/s	0 short_writes_echo/s	160 cpu_user_milliseconds	1118 cpu_system_milliseconds	0 minor_page_faults/s	0 major_page_faults/s	118183 yields/s	7 preempts/s
149001 milliseconds	2637 MB/s	41527 short_reads/s	0 short_writes_echo/s	150 cpu_user_milliseconds	1142 cpu_system_milliseconds	0 minor_page_faults/s	0 major_page_faults/s	118593 yields/s	47 preempts/s
150001 milliseconds	2687 MB/s	42520 short_reads/s	0 short_writes_echo/s	146 cpu_user_milliseconds	1146 cpu_system_milliseconds	0 minor_page_faults/s	0 major_page_faults/s	119462 yields/s	3 preempts/s
151001 milliseconds	2681 MB/s	42508 short_reads/s	0 short_writes_echo/s	148 cpu_user_milliseconds	1139 cpu_system_milliseconds	0 minor_page_faults/s	0 major_page_faults/s	119542 yields/s	18 preempts/s
152001 milliseconds	2650 MB/s	41176 short_reads/s	0 short_writes_echo/s	144 cpu_user_milliseconds	1149 cpu_system_milliseconds	0 minor_page_faults/s	0 major_page_faults/s	120352 yields/s	2 preempts/s
153001 milliseconds	2803 MB/s	47249 short_reads/s	0 short_writes_echo/s	145 cpu_user_milliseconds	1105 cpu_system_milliseconds	0 minor_page_faults/s	0 major_page_faults/s	116481 yields/s	5 preempts/s
154001 milliseconds	2690 MB/s	42954 short_reads/s	0 short_writes_echo/s	158 cpu_user_milliseconds	1100 cpu_system_milliseconds	0 minor_page_faults/s	0 major_page_faults/s	117236 yields/s	84 preempts/s
155002 milliseconds	2790 MB/s	46522 short_reads/s	0 short_writes_echo/s	134 cpu_user_milliseconds	1110 cpu_system_milliseconds	0 minor_page_faults/s	0 major_page_faults/s	116642 yields/s	18 preempts/s
156002 milliseconds	2827 MB/s	48281 short_reads/s	0 short_writes_echo/s	146 cpu_user_milliseconds	1086 cpu_system_milliseconds	0 minor_page_faults/s	0 major_page_faults/s	115186 yields/s	9 preempts/s
157002 milliseconds	2724 MB/s	44508 short_reads/s	0 short_writes_echo/s	145 cpu_user_milliseconds	1122 cpu_system_milliseconds	0 minor_page_faults/s	0 major_page_faults/s	118887 yields/s	43 preempts/s
158002 milliseconds	2704 MB/s	42974 short_reads/s	0 short_writes_echo/s	140 cpu_user_milliseconds	1140 cpu_system_milliseconds	0 minor_page_faults/s	0 major_page_faults/s	119415 yields/s	7 preempts/s
159002 milliseconds	2701 MB/s	43376 short_reads/s	0 short_writes_echo/s	154 cpu_user_milliseconds	1120 cpu_system_milliseconds	0 minor_page_faults/s	0 major_page_faults/s	118038 yields/s	86 preempts/s
160002 milliseconds	2761 MB/s	45275 short_reads/s	0 short_writes_echo/s	141 cpu_user_milliseconds	1131 cpu_system_milliseconds	0 minor_page_faults/s	0 major_page_faults/s	119054 yields/s	4 preempts/s
161002 milliseconds	2698 MB/s	43326 short_reads/s	0 short_writes_echo/s	145 cpu_user_milliseconds	1139 cpu_system_milliseconds	0 minor_page_faults/s	0 major_page_faults/s	118885 yields/s	4 preempts/s
162002 milliseconds	2700 MB/s	43036 short_reads/s	0 short_writes_echo/s	154 cpu_user_milliseconds	1128 cpu_system_milliseconds	0 minor_page_faults/s	0 major_page_faults/s	118888 yields/s	2 preempts/s
163002 milliseconds	2727 MB/s	43988 short_reads/s	0 short_writes_echo/s	142 cpu_user_milliseconds	1122 cpu_system_milliseconds	0 minor_page_faults/s	0 major_page_faults/s	118854 yields/s	8 preempts/s
164002 milliseconds	2745 MB/s	45532 short_reads/s	0 short_writes_echo/s	155 cpu_user_milliseconds	1119 cpu_system_milliseconds	0 minor_page_faults/s	0 major_page_faults/s	116897 yields/s	136 preempts/s
165002 milliseconds	2797 MB/s	46814 short_reads/s	0 short_writes_echo/s	158 cpu_user_milliseconds	1082 cpu_system_milliseconds	0 minor_page_faults/s	0 major_page_faults/s	116509 yields/s	12 preempts/s
166002 milliseconds	2679 MB/s	42898 short_reads/s	0 short_writes_echo/s	114 cpu_user_milliseconds	1155 cpu_system_milliseconds	0 minor_page_faults/s	0 major_page_faults/s	117293 yields/s	25 preempts/s
167002 milliseconds	2678 MB/s	42685 short_reads/s	0 short_writes_echo/s	170 cpu_user_milliseconds	1099 cpu_system_milliseconds	0 minor_page_faults/s	0 major_page_faults/s	118799 yields/s	44 preempts/s
168002 milliseconds	2722 MB/s	43982 short_reads/s	0 short_writes_echo/s	134 cpu_user_milliseconds	1128 cpu_system_milliseconds	0 minor_page_faults/s	0 major_page_faults/s	118327 yields/s	19 preempts/s
169002 milliseconds	2767 MB/s	46167 short_reads/s	0 short_writes_echo/s	170 cpu_user_milliseconds	1085 cpu_system_milliseconds	0 minor_page_faults/s	0 major_page_faults/s	116781 yields/s	94 preempts/s
170002 milliseconds	2695 MB/s	42958 short_reads/s	0 short_writes_echo/s	124 cpu_user_milliseconds	1145 cpu_system_milliseconds	0 minor_page_faults/s	0 major_page_faults/s	118614 yields/s	48 preempts/s
171002 milliseconds	2669 MB/s	41953 short_reads/s	0 short_writes_echo/s	118 cpu_user_milliseconds	1184 cpu_system_milliseconds	0 minor_page_faults/s	0 major_page_faults/s	120014 yields/s	29 preempts/s
172002 milliseconds	2814 MB/s	47396 short_reads/s	0 short_writes_echo/s	133 cpu_user_milliseconds	1130 cpu_system_milliseconds	0 minor_page_faults/s	0 major_page_faults/s	118626 yields/s	21 preempts/s
173002 milliseconds	2679 MB/s	42333 short_reads/s	0 short_writes_echo/s	139 cpu_user_milliseconds	1165 cpu_system_milliseconds	0 minor_page_faults/s	0 major_page_faults/s	119844 yields/s	4 preempts/s
174002 milliseconds	2707 MB/s	44053 short_reads/s	0 short_writes_echo/s	137 cpu_user_milliseconds	1120 cpu_system_milliseconds	0 minor_page_faults/s	0 major_page_faults/s	117826 yields/s	112 preempts/s
175002 milliseconds	2702 MB/s	43245 short_reads/s	0 short_writes_echo/s	131 cpu_user_milliseconds	1152 cpu_system_milliseconds	0 minor_page_faults/s	0 major_page_faults/s	119795 yields/s	5 preempts/s
176002 milliseconds	2775 MB/s	45601 short_reads/s	0 short_writes_echo/s	133 cpu_user_milliseconds	1118 cpu_system_milliseconds	0 minor_page_faults/s	0 major_page_faults/s	117901 yields/s	12 preempts/s
177002 milliseconds	2731 MB/s	45885 short_reads/s	0 short_writes_echo/s	140 cpu_user_milliseconds	1104 cpu_system_milliseconds	0 minor_page_faults/s	0 major_page_faults/s	113339 yields/s	27 preempts/s
178002 milliseconds	2727 MB/s	44071 short_reads/s	0 short_writes_echo/s	156 cpu_user_milliseconds	1116 cpu_system_milliseconds	0 minor_page_faults/s	0 major_page_faults/s	119596 yields/s	6 preempts/s
179002 milliseconds	2694 MB/s	43277 short_reads/s	0 short_writes_echo/s	142 cpu_user_milliseconds	1139 cpu_system_milliseconds	0 minor_page_faults/s	0 major_page_faults/s	118418 yields/s	148 preempts/s
180002 milliseconds	2752 MB/s	44866 short_reads/s	0 short_writes_echo/s	160 cpu_user_milliseconds	1119 cpu_system_milliseconds	0 minor_page_faults/s	0 major_page_faults/s	118010 yields/s	3 preempts/s
181002 milliseconds	2723 MB/s	44052 short_reads/s	0 short_writes_echo/s	165 cpu_user_milliseconds	1096 cpu_system_milliseconds	0 minor_page_faults/s	0 major_page_faults/s	116805 yields/s	28 preempts/s
182002 milliseconds	2687 MB/s	42930 short_reads/s	0 short_writes_echo/s	133 cpu_user_milliseconds	1158 cpu_system_milliseconds	0 minor_page_faults/s	0 major_page_faults/s	118992 yields/s	14 preempts/s
183002 milliseconds	2654 MB/s	41521 short_reads/s	0 short_writes_echo/s	146 cpu_user_milliseconds	1140 cpu_system_milliseconds	0 minor_page_faults/s	0 major_page_faults/s	120492 yields/s	19 preempts/s
184002 milliseconds	2677 MB/s	42457 short_reads/s	0 short_writes_echo/s	126 cpu_user_milliseconds	1155 cpu_system_milliseconds	0 minor_page_faults/s	0 major_page_faults/s	117867 yields/s	59 preempts/s
185002 milliseconds	2761 MB/s	45375 short_reads/s	0 short_writes_echo/s	131 cpu_user_milliseconds	1130 cpu_system_milliseconds	0 minor_page_faults/s	0 major_page_faults/s	117870 yields/s	5 preempts/s
186002 milliseconds	2650 MB/s	40904 short_reads/s	0 short_writes_echo/s	124 cpu_user_milliseconds	1185 cpu_system_milliseconds	0 minor_page_faults/s	0 major_page_faults/s	121606 yields/s	3 preempts/s
187002 milliseconds	2676 MB/s	42209 short_reads/s	0 short_writes_echo/s	145 cpu_user_milliseconds	1145 cpu_system_milliseconds	0 minor_page_faults/s	0 major_page_faults/s	119623 yields/s	9 preempts/s
188002 milliseconds	2733 MB/s	44393 short_reads/s	0 short_writes_echo/s	130 cpu_user_milliseconds	1144 cpu_system_milliseconds	0 minor_page_faults/s	0 major_page_faults/s	119387 yields/s	10 preempts/s
189002 milliseconds	2716 MB/s	44353 short_reads/s	0 short_writes_echo/s	135 cpu_user_milliseconds	1123 cpu_system_milliseconds	0 minor_page_faults/s	0 major_page_faults/s	115712 yields/s	83 preempts/s
190002 milliseconds	2808 MB/s	47531 short_reads/s	0 short_writes_echo/s	160 cpu_user_milliseconds	1089 cpu_system_milliseconds	0 minor_page_faults/s	0 major_page_faults/s	116148 yields/s	37 preempts/s
191002 milliseconds	2710 MB/s	43421 short_reads/s	0 short_writes_echo/s	151 cpu_user_milliseconds	1133 cpu_system_milliseconds	0 minor_page_faults/s	0 major_page_faults/s	119727 yields/s	13 preempts/s
192002 milliseconds	2657 MB/s	41521 short_reads/s	0 short_writes_echo/s	137 cpu_user_milliseconds	1165 cpu_system_milliseconds	0 minor_page_faults/s	0 major_page_faults/s	120356 yields/s	20 preempts/s
193002 milliseconds	2697 MB/s	42895 short_reads/s	0 short_writes_echo/s	143 cpu_user_milliseconds	1141 cpu_system_milliseconds	0 minor_page_faults/s	0 major_page_faults/s	119655 yields/s	12 preempts/s
194002 milliseconds	2698 MB/s	43406 short_reads/s	0 short_writes_echo/s	142 cpu_user_milliseconds	1124 cpu_system_milliseconds	0 minor_page_faults/s	0 major_page_faults/s	117244 yields/s	75 preempts/s
195002 milliseconds	2726 MB/s	44340 short_reads/s	0 short_writes_echo/s	136 cpu_user_milliseconds	1127 cpu_system_milliseconds	0 minor_page_faults/s	0 major_page_faults/s	116869 yields/s	16 preempts/s
196002 milliseconds	2731 MB/s	44315 short_reads/s	0 short_writes_echo/s	155 cpu_user_milliseconds	1125 cpu_system_milliseconds	0 minor_page_faults/s	0 major_page_faults/s	118536 yields/s	8 preempts/s
197002 milliseconds	2754 MB/s	45164 short_reads/s	0 short_writes_echo/s	130 cpu_user_milliseconds	1132 cpu_system_milliseconds	0 minor_page_faults/s	0 major_page_faults/s	120013 yields/s	2 preempts/s
198002 milliseconds	2742 MB/s	45287 short_reads/s	0 short_writes_echo/s	145 cpu_user_milliseconds	1131 cpu_system_milliseconds	0 minor_page_faults/s	0 major_page_faults/s	118028 yields/s	2 preempts/s
199002 milliseconds	2682 MB/s	42820 short_reads/s	0 short_writes_echo/s	132 cpu_user_milliseconds	1138 cpu_system_milliseconds	0 minor_page_faults/s	0 major_page_faults/s	117232 yields/s	97 preempts/s
200002 milliseconds	2648 MB/s	41714 short_reads/s	0 short_writes_echo/s	149 cpu_user_milliseconds	1148 cpu_system_milliseconds	0 minor_page_faults/s	0 major_page_faults/s	118962 yields/s	9 preempts/s
201002 milliseconds	2710 MB/s	43394 short_reads/s	0 short_writes_echo/s	142 cpu_user_milliseconds	1151 cpu_system_milliseconds	0 minor_page_faults/s	0 major_page_faults/s	120414 yields/s	3 preempts/s
202002 milliseconds	2652 MB/s	41440 short_reads/s	0 short_writes_echo/s	154 cpu_user_milliseconds	1140 cpu_system_milliseconds	0 minor_page_faults/s	0 major_page_faults/s	119739 yields/s	7 preempts/s
203002 milliseconds	2758 MB/s	45520 short_reads/s	0 short_writes_echo/s	153 cpu_user_milliseconds	1107 cpu_system_milliseconds	0 minor_page_faults/s	0 major_page_faults/s	116797 yields/s	60 preempts/s
204002 milliseconds	2652 MB/s	42094 short_reads/s	0 short_writes_echo/s	127 cpu_user_milliseconds	1151 cpu_system_milliseconds	0 minor_page_faults/s	0 major_page_faults/s	118262 yields/s	123 preempts/s
205002 milliseconds	2762 MB/s	45122 short_reads/s	0 short_writes_echo/s	163 cpu_user_milliseconds	1111 cpu_system_milliseconds	0 minor_page_faults/s	0 major_page_faults/s	118991 yields/s	3 preempts/s
206002 milliseconds	2708 MB/s	43755 short_reads/s	0 short_writes_echo/s	129 cpu_user_milliseconds	1136 cpu_system_milliseconds	0 minor_page_faults/s	0 major_page_faults/s	118381 yields/s	54 preempts/s
207002 milliseconds	2764 MB/s	45849 short_reads/s	0 short_writes_echo/s	154 cpu_user_milliseconds	1113 cpu_system_milliseconds	0 minor_page_faults/s	0 major_page_faults/s	118473 yields/s	9 preempts/s
208002 milliseconds	2649 MB/s	41180 short_reads/s	0 short_writes_echo/s	162 cpu_user_milliseconds	1141 cpu_system_milliseconds	0 minor_page_faults/s	0 major_page_faults/s	120414 yields/s	7 preempts/s
209002 milliseconds	2647 MB/s	41615 short_reads/s	0 short_writes_echo/s	132 cpu_user_milliseconds	1158 cpu_system_milliseconds	0 minor_page_faults/s	0 major_page_faults/s	119077 yields/s	94 preempts/s
210002 milliseconds	2640 MB/s	41167 short_reads/s	0 short_writes_echo/s	119 cpu_user_milliseconds	1169 cpu_system_milliseconds	0 minor_page_faults/s	0 major_page_faults/s	119191 yields/s	54 preempts/s
211002 milliseconds	2810 MB/s	47040 short_reads/s	0 short_writes_echo/s	142 cpu_user_milliseconds	1093 cpu_system_milliseconds	0 minor_page_faults/s	0 major_page_faults/s	116156 yields/s	3 preempts/s
212002 milliseconds	2649 MB/s	41212 short_reads/s	0 short_writes_echo/s	155 cpu_user_milliseconds	1147 cpu_system_milliseconds	0 minor_page_faults/s	0 major_page_faults/s	119904 yields/s	8 preempts/s
213002 milliseconds	2779 MB/s	45896 short_reads/s	0 short_writes_echo/s	144 cpu_user_milliseconds	1107 cpu_system_milliseconds	0 minor_page_faults/s	0 major_page_faults/s	116196 yields/s	4 preempts/s
214002 milliseconds	2702 MB/s	43346 short_reads/s	0 short_writes_echo/s	134 cpu_user_milliseconds	1119 cpu_system_milliseconds	0 minor_page_faults/s	0 major_page_faults/s	118830 yields/s	106 preempts/s
215002 milliseconds	2802 MB/s	46984 short_reads/s	0 short_writes_echo/s	163 cpu_user_milliseconds	1103 cpu_system_milliseconds	0 minor_page_faults/s	0 major_page_faults/s	117954 yields/s	8 preempts/s
216002 milliseconds	2743 MB/s	44491 short_reads/s	0 short_writes_echo/s	144 cpu_user_milliseconds	1119 cpu_system_milliseconds	0 minor_page_faults/s	0 major_page_faults/s	119331 yields/s	12 preempts/s
217002 milliseconds	2792 MB/s	46555 short_reads/s	0 short_writes_echo/s	156 cpu_user_milliseconds	1094 cpu_system_milliseconds	0 minor_page_faults/s	0 major_page_faults/s	116576 yields/s	16 preempts/s
218002 milliseconds	2733 MB/s	44025 short_reads/s	0 short_writes_echo/s	163 cpu_user_milliseconds	1109 cpu_system_milliseconds	0 minor_page_faults/s	0 major_page_faults/s	120197 yields/s	3 preempts/s
219002 milliseconds	2734 MB/s	44645 short_reads/s	0 short_writes_echo/s	158 cpu_user_milliseconds	1100 cpu_system_milliseconds	0 minor_page_faults/s	0 major_page_faults/s	116348 yields/s	210 preempts/s
220002 milliseconds	2724 MB/s	44019 short_reads/s	0 short_writes_echo/s	133 cpu_user_milliseconds	1130 cpu_system_milliseconds	0 minor_page_faults/s	0 major_page_faults/s	117779 yields/s	19 preempts/s
221002 milliseconds	2719 MB/s	43909 short_reads/s	0 short_writes_echo/s	140 cpu_user_milliseconds	1148 cpu_system_milliseconds	0 minor_page_faults/s	0 major_page_faults/s	119034 yields/s	9 preempts/s
222002 milliseconds	2656 MB/s	41435 short_reads/s	0 short_writes_echo/s	139 cpu_user_milliseconds	1149 cpu_system_milliseconds	0 minor_page_faults/s	0 major_page_faults/s	119913 yields/s	22 preempts/s
223002 milliseconds	2746 MB/s	44756 short_reads/s	0 short_writes_echo/s	136 cpu_user_milliseconds	1146 cpu_system_milliseconds	0 minor_page_faults/s	0 major_page_faults/s	119784 yields/s	17 preempts/s
224002 milliseconds	2691 MB/s	43416 short_reads/s	0 short_writes_echo/s	162 cpu_user_milliseconds	1120 cpu_system_milliseconds	0 minor_page_faults/s	0 major_page_faults/s	117651 yields/s	93 preempts/s
225002 milliseconds	2641 MB/s	40698 short_reads/s	0 short_writes_echo/s	154 cpu_user_milliseconds	1139 cpu_system_milliseconds	0 minor_page_faults/s	0 major_page_faults/s	121393 yields/s	3 preempts/s
226002 milliseconds	2655 MB/s	42086 short_reads/s	0 short_writes_echo/s	150 cpu_user_milliseconds	1126 cpu_system_milliseconds	0 minor_page_faults/s	0 major_page_faults/s	117640 yields/s	21 preempts/s
227002 milliseconds	2759 MB/s	45221 short_reads/s	0 short_writes_echo/s	169 cpu_user_milliseconds	1094 cpu_system_milliseconds	0 minor_page_faults/s	0 major_page_faults/s	118583 yields/s	4 preempts/s
228002 milliseconds	2744 MB/s	44876 short_reads/s	0 short_writes_echo/s	155 cpu_user_milliseconds	1099 cpu_system_milliseconds	0 minor_page_faults/s	0 major_page_faults/s	117247 yields/s	22 preempts/s
229002 milliseconds	2666 MB/s	42636 short_reads/s	0 short_writes_echo/s	151 cpu_user_milliseconds	1124 cpu_system_milliseconds	0 minor_page_faults/s	0 major_page_faults/s	118192 yields/s	126 preempts/s
230002 milliseconds	2702 MB/s	43092 short_reads/s	0 short_writes_echo/s	141 cpu_user_milliseconds	1131 cpu_system_milliseconds	0 minor_page_faults/s	0 major_page_faults/s	119739 yields/s	7 preempts/s
231002 milliseconds	2738 MB/s	44796 short_reads/s	0 short_writes_echo/s	157 cpu_user_milliseconds	1139 cpu_system_milliseconds	0 minor_page_faults/s	0 major_page_faults/s	119429 yields/s	3 preempts/s
232002 milliseconds	2810 MB/s	47074 short_reads/s	0 short_writes_echo/s	142 cpu_user_milliseconds	1095 cpu_system_milliseconds	0 minor_page_faults/s	0 major_page_faults/s	116420 yields/s	4 preempts/s
233002 milliseconds	2759 MB/s	45295 short_reads/s	0 short_writes_echo/s	166 cpu_user_milliseconds	1094 cpu_system_milliseconds	0 minor_page_faults/s	0 major_page_faults/s	118040 yields/s	2 preempts/s
234002 milliseconds	2710 MB/s	43568 short_reads/s	0 short_writes_echo/s	156 cpu_user_milliseconds	1119 cpu_system_milliseconds	0 minor_page_faults/s	0 major_page_faults/s	119150 yields/s	231 preempts/s
235002 milliseconds	2688 MB/s	42384 short_reads/s	0 short_writes_echo/s	131 cpu_user_milliseconds	1163 cpu_system_milliseconds	0 minor_page_faults/s	0 major_page_faults/s	119819 yields/s	2 preempts/s
236002 milliseconds	2681 MB/s	42389 short_reads/s	0 short_writes_echo/s	150 cpu_user_milliseconds	1147 cpu_system_milliseconds	0 minor_page_faults/s	0 major_page_faults/s	119468 yields/s	10 preempts/s
237002 milliseconds	2659 MB/s	43490 short_reads/s	0 short_writes_echo/s	159 cpu_user_milliseconds	1096 cpu_system_milliseconds	0 minor_page_faults/s	0 major_page_faults/s	114968 yields/s	12 preempts/s
238002 milliseconds	2674 MB/s	42072 short_reads/s	0 short_writes_echo/s	135 cpu_user_milliseconds	1156 cpu_system_milliseconds	0 minor_page_faults/s	0 major_page_faults/s	120399 yields/s	17 preempts/s
239003 milliseconds	2650 MB/s	41790 short_reads/s	0 short_writes_echo/s	131 cpu_user_milliseconds	1154 cpu_system_milliseconds	0 minor_page_faults/s	0 major_page_faults/s	118789 yields/s	107 preempts/s
240003 milliseconds	2714 MB/s	43635 short_reads/s	0 short_writes_echo/s	124 cpu_user_milliseconds	1136 cpu_system_milliseconds	0 minor_page_faults/s	0 major_page_faults/s	118827 yields/s	30 preempts/s
