1000 milliseconds	2694 MB/s	42593 short_reads/s	0 short_writes_echo/s	139 cpu_user_milliseconds	1110 cpu_system_milliseconds	176 minor_page_faults/s	0 major_page_faults/s	116204 yields/s	5 preempts/s
2000 milliseconds	2704 MB/s	42844 short_reads/s	0 short_writes_echo/s	131 cpu_user_milliseconds	1124 cpu_system_milliseconds	2 minor_page_faults/s	0 major_page_faults/s	116184 yields/s	13 preempts/s
3000 milliseconds	2639 MB/s	41150 short_reads/s	0 short_writes_echo/s	135 cpu_user_milliseconds	1137 cpu_system_milliseconds	0 minor_page_faults/s	0 major_page_faults/s	119496 yields/s	79 preempts/s
4000 milliseconds	2715 MB/s	43265 short_reads/s	0 short_writes_echo/s	112 cpu_user_milliseconds	1132 cpu_system_milliseconds	0 minor_page_faults/s	0 major_page_faults/s	115378 yields/s	16 preempts/s
5000 milliseconds	2678 MB/s	42493 short_reads/s	0 short_writes_echo/s	131 cpu_user_milliseconds	1146 cpu_system_milliseconds	0 minor_page_faults/s	0 major_page_faults/s	118265 yields/s	27 preempts/s
6000 milliseconds	2697 MB/s	42925 short_reads/s	0 short_writes_echo/s	140 cpu_user_milliseconds	1122 cpu_system_milliseconds	0 minor_page_faults/s	0 major_page_faults/s	118771 yields/s	3 preempts/s
7000 milliseconds	2664 MB/s	41404 short_reads/s	0 short_writes_echo/s	148 cpu_user_milliseconds	1126 cpu_system_milliseconds	0 minor_page_faults/s	0 major_page_faults/s	119109 yields/s	14 preempts/s
8000 milliseconds	2666 MB/s	43060 short_reads/s	0 short_writes_echo/s	125 cpu_user_milliseconds	1127 cpu_system_milliseconds	0 minor_page_faults/s	0 major_page_faults/s	117634 yields/s	98 preempts/s
9000 milliseconds	2704 MB/s	44345 short_reads/s	0 short_writes_echo/s	128 cpu_user_milliseconds	1126 cpu_system_milliseconds	0 minor_page_faults/s	0 major_page_faults/s	117212 yields/s	33 preempts/s
10000 milliseconds	2692 MB/s	43067 short_reads/s	0 short_writes_echo/s	137 cpu_user_milliseconds	1105 cpu_system_milliseconds	0 minor_page_faults/s	0 major_page_faults/s	116863 yields/s	5 preempts/s
11000 milliseconds	2664 MB/s	42713 short_reads/s	0 short_writes_echo/s	132 cpu_user_milliseconds	1110 cpu_system_milliseconds	0 minor_page_faults/s	0 major_page_faults/s	113979 yields/s	42 preempts/s
12000 milliseconds	2727 MB/s	43788 short_reads/s	0 short_writes_echo/s	125 cpu_user_milliseconds	1120 cpu_system_milliseconds	0 minor_page_faults/s	0 major_page_faults/s	117317 yields/s	3 preempts/s
13000 milliseconds	2721 MB/s	44238 short_reads/s	0 short_writes_echo/s	157 cpu_user_milliseconds	1069 cpu_system_milliseconds	0 minor_page_faults/s	0 major_page_faults/s	113785 yields/s	72 preempts/s
14000 milliseconds	2639 MB/s	40634 short_reads/s	0 short_writes_echo/s	128 cpu_user_milliseconds	1164 cpu_system_milliseconds	0 minor_page_faults/s	0 major_page_faults/s	119435 yields/s	13 preempts/s
15000 milliseconds	2758 MB/s	45974 short_reads/s	0 short_writes_echo/s	151 cpu_user_milliseconds	1059 cpu_system_milliseconds	0 minor_page_faults/s	0 major_page_faults/s	112900 yields/s	4 preempts/s
16000 milliseconds	2703 MB/s	43749 short_reads/s	0 short_writes_echo/s	137 cpu_user_milliseconds	1117 cpu_system_milliseconds	0 minor_page_faults/s	0 major_page_faults/s	116682 yields/s	6 preempts/s
17000 milliseconds	2639 MB/s	40525 short_reads/s	0 short_writes_echo/s	133 cpu_user_milliseconds	1183 cpu_system_milliseconds	0 minor_page_faults/s	0 major_page_faults/s	120493 yields/s	4 preempts/s
18000 milliseconds	2712 MB/s	43961 short_reads/s	0 short_writes_echo/s	139 cpu_user_milliseconds	1095 cpu_system_milliseconds	0 minor_page_faults/s	0 major_page_faults/s	114826 yields/s	92 preempts/s
19000 milliseconds	2709 MB/s	43126 short_reads/s	0 short_writes_echo/s	145 cpu_user_milliseconds	1111 cpu_system_milliseconds	0 minor_page_faults/s	0 major_page_faults/s	115609 yields/s	6 preempts/s
20000 milliseconds	2765 MB/s	46429 short_reads/s	0 short_writes_echo/s	141 cpu_user_milliseconds	1077 cpu_system_milliseconds	0 minor_page_faults/s	0 major_page_faults/s	113876 yields/s	9 preempts/s
21000 milliseconds	2563 MB/s	39550 short_reads/s	0 short_writes_echo/s	151 cpu_user_milliseconds	1147 cpu_system_milliseconds	0 minor_page_faults/s	0 major_page_faults/s	116089 yields/s	6 preempts/s
22000 milliseconds	2636 MB/s	41368 short_reads/s	0 short_writes_echo/s	128 cpu_user_milliseconds	1135 cpu_system_milliseconds	0 minor_page_faults/s	0 major_page_faults/s	116371 yields/s	395 preempts/s
23000 milliseconds	2676 MB/s	43485 short_reads/s	0 short_writes_echo/s	146 cpu_user_milliseconds	1087 cpu_system_milliseconds	0 minor_page_faults/s	0 major_page_faults/s	113071 yields/s	111 preempts/s
24000 milliseconds	2699 MB/s	42936 short_reads/s	0 short_writes_echo/s	149 cpu_user_milliseconds	1109 cpu_system_milliseconds	0 minor_page_faults/s	0 major_page_faults/s	118283 yields/s	16 preempts/s
25000 milliseconds	2777 MB/s	47163 short_reads/s	0 short_writes_echo/s	170 cpu_user_milliseconds	1045 cpu_system_milliseconds	0 minor_page_faults/s	0 major_page_faults/s	113787 yields/s	17 preempts/s
26000 milliseconds	2752 MB/s	46168 short_reads/s	0 short_writes_echo/s	141 cpu_user_milliseconds	1091 cpu_system_milliseconds	0 minor_page_faults/s	0 major_page_faults/s	117140 yields/s	19 preempts/s
27000 milliseconds	2643 MB/s	40607 short_reads/s	0 short_writes_echo/s	154 cpu_user_milliseconds	1153 cpu_system_milliseconds	0 minor_page_faults/s	0 major_page_faults/s	120452 yields/s	4 preempts/s
28000 milliseconds	2670 MB/s	41740 short_reads/s	0 short_writes_echo/s	144 cpu_user_milliseconds	1119 cpu_system_milliseconds	0 minor_page_faults/s	0 major_page_faults/s	116031 yields/s	96 preempts/s
29000 milliseconds	2730 MB/s	44019 short_reads/s	0 short_writes_echo/s	131 cpu_user_milliseconds	1101 cpu_system_milliseconds	0 minor_page_faults/s	0 major_page_faults/s	116419 yields/s	2 preempts/s
30000 milliseconds	2683 MB/s	42232 short_reads/s	0 short_writes_echo/s	147 cpu_user_milliseconds	1110 cpu_system_milliseconds	0 minor_page_faults/s	0 major_page_faults/s	116771 yields/s	24 preempts/s
31000 milliseconds	2698 MB/s	42530 short_reads/s	0 short_writes_echo/s	115 cpu_user_milliseconds	1131 cpu_system_milliseconds	0 minor_page_faults/s	0 major_page_faults/s	118358 yields/s	21 preempts/s
32000 milliseconds	2730 MB/s	44571 short_reads/s	0 short_writes_echo/s	143 cpu_user_milliseconds	1105 cpu_system_milliseconds	0 minor_page_faults/s	0 major_page_faults/s	116599 yields/s	5 preempts/s
33000 milliseconds	2688 MB/s	42787 short_reads/s	0 short_writes_echo/s	127 cpu_user_milliseconds	1133 cpu_system_milliseconds	0 minor_page_faults/s	0 major_page_faults/s	117570 yields/s	71 preempts/s
34000 milliseconds	2654 MB/s	41314 short_reads/s	0 short_writes_echo/s	154 cpu_user_milliseconds	1114 cpu_system_milliseconds	0 minor_page_faults/s	0 major_page_faults/s	117770 yields/s	17 preempts/s
35000 milliseconds	2717 MB/s	43187 short_reads/s	0 short_writes_echo/s	140 cpu_user_milliseconds	1096 cpu_system_milliseconds	0 minor_page_faults/s	0 major_page_faults/s	115825 yields/s	26 preempts/s
36000 milliseconds	2722 MB/s	44048 short_reads/s	0 short_writes_echo/s	163 cpu_user_milliseconds	1083 cpu_system_milliseconds	0 minor_page_faults/s	0 major_page_faults/s	115547 yields/s	10 preempts/s
37000 milliseconds	2674 MB/s	42068 short_reads/s	0 short_writes_echo/s	148 cpu_user_milliseconds	1119 cpu_system_milliseconds	0 minor_page_faults/s	0 major_page_faults/s	119288 yields/s	10 preempts/s
38000 milliseconds	2632 MB/s	40739 short_reads/s	0 short_writes_echo/s	108 cpu_user_milliseconds	1176 cpu_system_milliseconds	0 minor_page_faults/s	0 major_page_faults/s	117777 yields/s	76 preempts/s
39000 milliseconds	2680 MB/s	42863 short_reads/s	0 short_writes_echo/s	149 cpu_user_milliseconds	1115 cpu_system_milliseconds	0 minor_page_faults/s	0 major_page_faults/s	116876 yields/s	38 preempts/s
40000 milliseconds	2750 MB/s	45161 short_reads/s	0 short_writes_echo/s	179 cpu_user_milliseconds	1045 cpu_system_milliseconds	0 minor_page_faults/s	0 major_page_faults/s	114753 yields/s	16 preempts/s
41000 milliseconds	2694 MB/s	42933 short_reads/s	0 short_writes_echo/s	111 cpu_user_milliseconds	1140 cpu_system_milliseconds	0 minor_page_faults/s	0 major_page_faults/s	116880 yields/s	8 preempts/s
42000 milliseconds	2739 MB/s	45024 short_reads/s	0 short_writes_echo/s	152 cpu_user_milliseconds	1095 cpu_system_milliseconds	0 minor_page_faults/s	0 major_page_faults/s	117158 yields/s	3 preempts/s
43000 milliseconds	2656 MB/s	41764 short_reads/s	0 short_writes_echo/s	138 cpu_user_milliseconds	1112 cpu_system_milliseconds	0 minor_page_faults/s	0 major_page_faults/s	115177 yields/s	217 preempts/s
44000 milliseconds	2689 MB/s	43919 short_reads/s	0 short_writes_echo/s	124 cpu_user_milliseconds	1100 cpu_system_milliseconds	0 minor_page_faults/s	0 major_page_faults/s	113754 yields/s	19 preempts/s
45000 milliseconds	2699 MB/s	42778 short_reads/s	0 short_writes_echo/s	135 cpu_user_milliseconds	1128 cpu_system_milliseconds	0 minor_page_faults/s	0 major_page_faults/s	119150 yields/s	2 preempts/s
46000 milliseconds	2690 MB/s	42440 short_reads/s	0 short_writes_echo/s	125 cpu_user_milliseconds	1139 cpu_system_milliseconds	0 minor_page_faults/s	0 major_page_faults/s	118246 yields/s	6 preempts/s
47000 milliseconds	2655 MB/s	41408 short_reads/s	0 short_writes_echo/s	158 cpu_user_milliseconds	1126 cpu_system_milliseconds	0 minor_page_faults/s	0 major_page_faults/s	119094 yields/s	12 preempts/s
48000 milliseconds	2639 MB/s	41588 short_reads/s	0 short_writes_echo/s	148 cpu_user_milliseconds	1133 cpu_system_milliseconds	0 minor_page_faults/s	0 major_page_faults/s	117629 yields/s	64 preempts/s
49000 milliseconds	2628 MB/s	40494 short_reads/s	0 short_writes_echo/s	133 cpu_user_milliseconds	1148 cpu_system_milliseconds	0 minor_page_faults/s	0 major_page_faults/s	119904 yields/s	6 preempts/s
50000 milliseconds	2706 MB/s	42683 short_reads/s	0 short_writes_echo/s	164 cpu_user_milliseconds	1086 cpu_system_milliseconds	0 minor_page_faults/s	0 major_page_faults/s	115458 yields/s	12 preempts/s
51000 milliseconds	2712 MB/s	43016 short_reads/s	0 short_writes_echo/s	135 cpu_user_milliseconds	1108 cpu_system_milliseconds	0 minor_page_faults/s	0 major_page_faults/s	115277 yields/s	18 preempts/s
52000 milliseconds	2712 MB/s	43354 short_reads/s	0 short_writes_echo/s	144 cpu_user_milliseconds	1083 cpu_system_milliseconds	0 minor_page_faults/s	0 major_page_faults/s	114260 yields/s	5 preempts/s
53000 milliseconds	2634 MB/s	40987 short_reads/s	0 short_writes_echo/s	126 cpu_user_milliseconds	1167 cpu_system_milliseconds	0 minor_page_faults/s	0 major_page_faults/s	119057 yields/s	87 preempts/s
54000 milliseconds	2702 MB/s	43545 short_reads/s	0 short_writes_echo/s	175 cpu_user_milliseconds	1099 cpu_system_milliseconds	0 minor_page_faults/s	0 major_page_faults/s	119676 yields/s	5 preempts/s
55000 milliseconds	2714 MB/s	43890 short_reads/s	0 short_writes_echo/s	153 cpu_user_milliseconds	1086 cpu_system_milliseconds	0 minor_page_faults/s	0 major_page_faults/s	114986 yields/s	16 preempts/s
56000 milliseconds	2684 MB/s	43036 short_reads/s	0 short_writes_echo/s	157 cpu_user_milliseconds	1126 cpu_system_milliseconds	0 minor_page_faults/s	0 major_page_faults/s	118568 yields/s	6 preempts/s
57000 milliseconds	2715 MB/s	43936 short_reads/s	0 short_writes_echo/s	141 cpu_user_milliseconds	1114 cpu_system_milliseconds	0 minor_page_faults/s	0 major_page_faults/s	118062 yields/s	15 preempts/s
58000 milliseconds	2696 MB/s	44057 short_reads/s	0 short_writes_echo/s	153 cpu_user_milliseconds	1101 cpu_system_milliseconds	0 minor_page_faults/s	0 major_page_faults/s	116006 yields/s	67 preempts/s
59000 milliseconds	2701 MB/s	42737 short_reads/s	0 short_writes_echo/s	153 cpu_user_milliseconds	1085 cpu_system_milliseconds	0 minor_page_faults/s	0 major_page_faults/s	114759 yields/s	29 preempts/s
60000 milliseconds	2678 MB/s	42112 short_reads/s	0 short_writes_echo/s	148 cpu_user_milliseconds	1110 cpu_system_milliseconds	0 minor_page_faults/s	0 major_page_faults/s	116915 yields/s	22 preempts/s
61000 milliseconds	2678 MB/s	42100 short_reads/s	0 short_writes_echo/s	106 cpu_user_milliseconds	1144 cpu_system_milliseconds	0 minor_page_faults/s	0 major_page_faults/s	117904 yields/s	17 preempts/s
62000 milliseconds	2720 MB/s	44275 short_reads/s	0 short_writes_echo/s	152 cpu_user_milliseconds	1095 cpu_system_milliseconds	0 minor_page_faults/s	0 major_page_faults/s	116919 yields/s	12 preempts/s
63000 milliseconds	2661 MB/s	41741 short_reads/s	0 short_writes_echo/s	145 cpu_user_milliseconds	1125 cpu_system_milliseconds	0 minor_page_faults/s	0 major_page_faults/s	118424 yields/s	88 preempts/s
64000 milliseconds	2695 MB/s	42839 short_reads/s	0 short_writes_echo/s	154 cpu_user_milliseconds	1097 cpu_system_milliseconds	0 minor_page_faults/s	0 major_page_faults/s	116948 yields/s	4 preempts/s
65000 milliseconds	2687 MB/s	42563 short_reads/s	0 short_writes_echo/s	134 cpu_user_milliseconds	1126 cpu_system_milliseconds	0 minor_page_faults/s	0 major_page_faults/s	117186 yields/s	7 preempts/s
66000 milliseconds	2739 MB/s	45097 short_reads/s	0 short_writes_echo/s	155 cpu_user_milliseconds	1076 cpu_system_milliseconds	0 minor_page_faults/s	0 major_page_faults/s	114794 yields/s	20 preempts/s
67000 milliseconds	2692 MB/s	42697 short_reads/s	0 short_writes_echo/s	145 cpu_user_milliseconds	1106 cpu_system_milliseconds	0 minor_page_faults/s	0 major_page_faults/s	115244 yields/s	24 preempts/s
68000 milliseconds	2692 MB/s	43478 short_reads/s	0 short_writes_echo/s	153 cpu_user_milliseconds	1097 cpu_system_milliseconds	0 minor_page_faults/s	0 major_page_faults/s	116563 yields/s	87 preempts/s
69000 milliseconds	2656 MB/s	41524 short_reads/s	0 short_writes_echo/s	126 cpu_user_milliseconds	1152 cpu_system_milliseconds	0 minor_page_faults/s	0 major_page_faults/s	118835 yields/s	10 preempts/s
70000 milliseconds	2708 MB/s	43236 short_reads/s	0 short_writes_echo/s	169 cpu_user_milliseconds	1051 cpu_system_milliseconds	0 minor_page_faults/s	0 major_page_faults/s	112197 yields/s	23 preempts/s
71000 milliseconds	2656 MB/s	41579 short_reads/s	0 short_writes_echo/s	136 cpu_user_milliseconds	1135 cpu_system_milliseconds	0 minor_page_faults/s	0 major_page_faults/s	117291 yields/s	15 preempts/s
72000 milliseconds	2662 MB/s	41260 short_reads/s	0 short_writes_echo/s	130 cpu_user_milliseconds	1138 cpu_system_milliseconds	0 minor_page_faults/s	0 major_page_faults/s	118426 yields/s	12 preempts/s
73000 milliseconds	2630 MB/s	40780 short_reads/s	0 short_writes_echo/s	126 cpu_user_milliseconds	1150 cpu_system_milliseconds	0 minor_page_faults/s	0 major_page_faults/s	117787 yields/s	117 preempts/s
74000 milliseconds	2733 MB/s	43833 short_reads/s	0 short_writes_echo/s	127 cpu_user_milliseconds	1110 cpu_system_milliseconds	0 minor_page_faults/s	0 major_page_faults/s	113902 yields/s	4 preempts/s
75000 milliseconds	2674 MB/s	41825 short_reads/s	0 short_writes_echo/s	147 cpu_user_milliseconds	1133 cpu_system_milliseconds	0 minor_page_faults/s	0 major_page_faults/s	117841 yields/s	5 preempts/s
76000 milliseconds	2734 MB/s	45009 short_reads/s	0 short_writes_echo/s	139 cpu_user_milliseconds	1108 cpu_system_milliseconds	0 minor_page_faults/s	0 major_page_faults/s	116787 yields/s	18 preempts/s
77000 milliseconds	2727 MB/s	43519 short_reads/s	0 short_writes_echo/s	152 cpu_user_milliseconds	1094 cpu_system_milliseconds	0 minor_page_faults/s	0 major_page_faults/s	115299 yields/s	3 preempts/s
78000 milliseconds	2677 MB/s	42871 short_reads/s	0 short_writes_echo/s	145 cpu_user_milliseconds	1127 cpu_system_milliseconds	0 minor_page_faults/s	0 major_page_faults/s	117536 yields/s	74 preempts/s
79000 milliseconds	2676 MB/s	41675 short_reads/s	0 short_writes_echo/s	128 cpu_user_milliseconds	1141 cpu_system_milliseconds	0 minor_page_faults/s	0 major_page_faults/s	116719 yields/s	11 preempts/s
80000 milliseconds	2720 MB/s	43219 short_reads/s	0 short_writes_echo/s	137 cpu_user_milliseconds	1092 cpu_system_milliseconds	0 minor_page_faults/s	0 major_page_faults/s	114667 yields/s	11 preempts/s
81000 milliseconds	2614 MB/s	41624 short_reads/s	0 short_writes_echo/s	136 cpu_user_milliseconds	1103 cpu_system_milliseconds	0 minor_page_faults/s	0 major_page_faults/s	113837 yields/s	12 preempts/s
82000 milliseconds	2686 MB/s	42510 short_reads/s	0 short_writes_echo/s	138 cpu_user_milliseconds	1106 cpu_system_milliseconds	0 minor_page_faults/s	0 major_page_faults/s	115857 yields/s	3 preempts/s
83000 milliseconds	2689 MB/s	42953 short_reads/s	0 short_writes_echo/s	137 cpu_user_milliseconds	1095 cpu_system_milliseconds	0 minor_page_faults/s	0 major_page_faults/s	113918 yields/s	270 preempts/s
84000 milliseconds	2713 MB/s	42992 short_reads/s	0 short_writes_echo/s	137 cpu_user_milliseconds	1101 cpu_system_milliseconds	0 minor_page_faults/s	0 major_page_faults/s	115772 yields/s	6 preempts/s
85000 milliseconds	2650 MB/s	41024 short_reads/s	0 short_writes_echo/s	155 cpu_user_milliseconds	1144 cpu_system_milliseconds	0 minor_page_faults/s	0 major_page_faults/s	119405 yields/s	14 preempts/s
86000 milliseconds	2650 MB/s	41160 short_reads/s	0 short_writes_echo/s	137 cpu_user_milliseconds	1171 cpu_system_milliseconds	0 minor_page_faults/s	0 major_page_faults/s	120422 yields/s	10 preempts/s
87001 milliseconds	2743 MB/s	43671 short_reads/s	0 short_writes_echo/s	156 cpu_user_milliseconds	1066 cpu_system_milliseconds	0 minor_page_faults/s	0 major_page_faults/s	113410 yields/s	3 preempts/s
88001 milliseconds	2697 MB/s	42762 short_reads/s	0 short_writes_echo/s	126 cpu_user_milliseconds	1104 cpu_system_milliseconds	0 minor_page_faults/s	0 major_page_faults/s	115228 yields/s	102 preempts/s
89001 milliseconds	2716 MB/s	43893 short_reads/s	0 short_writes_echo/s	132 cpu_user_milliseconds	1114 cpu_system_milliseconds	0 minor_page_faults/s	0 major_page_faults/s	116562 yields/s	20 preempts/s
90001 milliseconds	2747 MB/s	44478 short_reads/s	0 short_writes_echo/s	134 cpu_user_milliseconds	1084 cpu_system_milliseconds	0 minor_page_faults/s	0 major_page_faults/s	113595 yields/s	21 preempts/s
91001 milliseconds	2698 MB/s	42280 short_reads/s	0 short_writes_echo/s	137 cpu_user_milliseconds	1114 cpu_system_milliseconds	0 minor_page_faults/s	0 major_page_faults/s	115304 yields/s	56 preempts/s
92001 milliseconds	2688 MB/s	41963 short_reads/s	0 short_writes_echo/s	143 cpu_user_milliseconds	1121 cpu_system_milliseconds	0 minor_page_faults/s	0 major_page_faults/s	118991 yields/s	10 preempts/s
93001 milliseconds	2647 MB/s	41113 short_reads/s	0 short_writes_echo/s	152 cpu_user_milliseconds	1123 cpu_system_milliseconds	0 minor_page_faults/s	0 major_page_faults/s	118436 yields/s	67 preempts/s
94001 milliseconds	2761 MB/s	45854 short_reads/s	0 short_writes_echo/s	147 cpu_user_milliseconds	1074 cpu_system_milliseconds	0 minor_page_faults/s	0 major_page_faults/s	115370 yields/s	3 preempts/s
95001 milliseconds	2715 MB/s	43267 short_reads/s	0 short_writes_echo/s	141 cpu_user_milliseconds	1101 cpu_system_milliseconds	0 minor_page_faults/s	0 major_page_faults/s	116287 yields/s	6 preempts/s
96001 milliseconds	2653 MB/s	41202 short_reads/s	0 short_writes_echo/s	127 cpu_user_milliseconds	1144 cpu_system_milliseconds	0 minor_page_faults/s	0 major_page_faults/s	118122 yields/s	22 preempts/s
97001 milliseconds	2660 MB/s	41438 short_reads/s	0 short_writes_echo/s	121 cpu_user_milliseconds	1167 cpu_system_milliseconds	0 minor_page_faults/s	0 major_page_faults/s	118291 yields/s	16 preempts/s
98001 milliseconds	2703 MB/s	44122 short_reads/s	0 short_writes_echo/s	157 cpu_user_milliseconds	1084 cpu_system_milliseconds	0 minor_page_faults/s	0 major_page_faults/s	114453 yields/s	110 preempts/s
99001 milliseconds	2656 MB/s	40927 short_reads/s	0 short_writes_echo/s	133 cpu_user_milliseconds	1167 cpu_system_milliseconds	0 minor_page_faults/s	0 major_page_faults/s	119067 yields/s	9 preempts/s
100001 milliseconds	2697 MB/s	43054 short_reads/s	0 short_writes_echo/s	155 cpu_user_milliseconds	1096 cpu_system_milliseconds	0 minor_page_faults/s	0 major_page_faults/s	117847 yields/s	5 preempts/s
101001 milliseconds	2694 MB/s	43176 short_reads/s	0 short_writes_echo/s	140 cpu_user_milliseconds	1124 cpu_system_milliseconds	0 minor_page_faults/s	0 major_page_faults/s	116860 yields/s	16 preempts/s
102001 milliseconds	2641 MB/s	40653 short_reads/s	0 short_writes_echo/s	131 cpu_user_milliseconds	1170 cpu_system_milliseconds	0 minor_page_faults/s	0 major_page_faults/s	119713 yields/s	16 preempts/s
103001 milliseconds	2666 MB/s	42307 short_reads/s	0 short_writes_echo/s	120 cpu_user_milliseconds	1127 cpu_system_milliseconds	0 minor_page_faults/s	0 major_page_faults/s	115551 yields/s	59 preempts/s
104001 milliseconds	2742 MB/s	46054 short_reads/s	0 short_writes_echo/s	117 cpu_user_milliseconds	1138 cpu_system_milliseconds	0 minor_page_faults/s	0 major_page_faults/s	117214 yields/s	4 preempts/s
105001 milliseconds	2652 MB/s	41566 short_reads/s	0 short_writes_echo/s	141 cpu_user_milliseconds	1139 cpu_system_milliseconds	0 minor_page_faults/s	0 major_page_faults/s	117817 yields/s	5 preempts/s
106001 milliseconds	2772 MB/s	46117 short_reads/s	0 short_writes_echo/s	150 cpu_user_milliseconds	1068 cpu_system_milliseconds	0 minor_page_faults/s	0 major_page_faults/s	113364 yields/s	3 preempts/s
107001 milliseconds	2742 MB/s	44116 short_reads/s	0 short_writes_echo/s	137 cpu_user_milliseconds	1079 cpu_system_milliseconds	0 minor_page_faults/s	0 major_page_faults/s	112527 yields/s	12 preempts/s
108001 milliseconds	2617 MB/s	40107 short_reads/s	0 short_writes_echo/s	144 cpu_user_milliseconds	1162 cpu_system_milliseconds	0 minor_page_faults/s	0 major_page_faults/s	118946 yields/s	276 preempts/s
109001 milliseconds	2667 MB/s	41615 short_reads/s	0 short_writes_echo/s	157 cpu_user_milliseconds	1133 cpu_system_milliseconds	0 minor_page_faults/s	0 major_page_faults/s	118490 yields/s	10 preempts/s
110001 milliseconds	2668 MB/s	41556 short_reads/s	0 short_writes_echo/s	129 cpu_user_milliseconds	1156 cpu_system_milliseconds	0 minor_page_faults/s	0 major_page_faults/s	118482 yields/s	4 preempts/s
111001 milliseconds	2696 MB/s	43640 short_reads/s	0 short_writes_echo/s	139 cpu_user_milliseconds	1108 cpu_system_milliseconds	0 minor_page_faults/s	0 major_page_faults/s	116424 yields/s	58 preempts/s
112001 milliseconds	2736 MB/s	43822 short_reads/s	0 short_writes_echo/s	133 cpu_user_milliseconds	1101 cpu_system_milliseconds	0 minor_page_faults/s	0 major_page_faults/s	113746 yields/s	5 preempts/s
113001 milliseconds	2699 MB/s	42604 short_reads/s	0 short_writes_echo/s	114 cpu_user_milliseconds	1130 cpu_system_milliseconds	0 minor_page_faults/s	0 major_page_faults/s	114138 yields/s	103 preempts/s
114001 milliseconds	2697 MB/s	42724 short_reads/s	0 short_writes_echo/s	142 cpu_user_milliseconds	1108 cpu_system_milliseconds	0 minor_page_faults/s	0 major_page_faults/s	116229 yields/s	31 preempts/s
115001 milliseconds	2765 MB/s	46530 short_reads/s	0 short_writes_echo/s	149 cpu_user_milliseconds	1080 cpu_system_milliseconds	0 minor_page_faults/s	0 major_page_faults/s	114941 yields/s	8 preempts/s
116001 milliseconds	2710 MB/s	43660 short_reads/s	0 short_writes_echo/s	149 cpu_user_milliseconds	1096 cpu_system_milliseconds	0 minor_page_faults/s	0 major_page_faults/s	115571 yields/s	7 preempts/s
117001 milliseconds	2678 MB/s	42336 short_reads/s	0 short_writes_echo/s	151 cpu_user_milliseconds	1117 cpu_system_milliseconds	0 minor_page_faults/s	0 major_page_faults/s	118644 yields/s	24 preempts/s
118001 milliseconds	2710 MB/s	43878 short_reads/s	0 short_writes_echo/s	155 cpu_user_milliseconds	1088 cpu_system_milliseconds	0 minor_page_faults/s	0 major_page_faults/s	115828 yields/s	238 preempts/s
119001 milliseconds	2720 MB/s	44330 short_reads/s	0 short_writes_echo/s	143 cpu_user_milliseconds	1108 cpu_system_milliseconds	0 minor_page_faults/s	0 major_page_faults/s	116279 yields/s	11 preempts/s
120001 milliseconds	2692 MB/s	42500 short_reads/s	0 short_writes_echo/s	146 cpu_user_milliseconds	1108 cpu_system_milliseconds	0 minor_page_faults/s	0 major_page_faults/s	115158 yields/s	4 preempts/s
121001 milliseconds	2649 MB/s	41238 short_reads/s	0 short_writes_echo/s	130 cpu_user_milliseconds	1143 cpu_system_milliseconds	0 minor_page_faults/s	0 major_page_faults/s	116956 yields/s	14 preempts/s
122001 milliseconds	2726 MB/s	43558 short_reads/s	0 short_writes_echo/s	157 cpu_user_milliseconds	1074 cpu_system_milliseconds	0 minor_page_faults/s	0 major_page_faults/s	113184 yields/s	10 preempts/s
123001 milliseconds	2638 MB/s	41931 short_reads/s	0 short_writes_echo/s	140 cpu_user_milliseconds	1128 cpu_system_milliseconds	0 minor_page_faults/s	0 major_page_faults/s	116702 yields/s	963 preempts/s
124001 milliseconds	2728 MB/s	44743 short_reads/s	0 short_writes_echo/s	160 cpu_user_milliseconds	1079 cpu_system_milliseconds	0 minor_page_faults/s	0 major_page_faults/s	116798 yields/s	9 preempts/s
125001 milliseconds	2671 MB/s	41647 short_reads/s	0 short_writes_echo/s	130 cpu_user_milliseconds	1144 cpu_system_milliseconds	0 minor_page_faults/s	0 major_page_faults/s	118582 yields/s	7 preempts/s
126001 milliseconds	2687 MB/s	42001 short_reads/s	0 short_writes_echo/s	123 cpu_user_milliseconds	1139 cpu_system_milliseconds	0 minor_page_faults/s	0 major_page_faults/s	117015 yields/s	2 preempts/s
127001 milliseconds	2735 MB/s	45153 short_reads/s	0 short_writes_echo/s	152 cpu_user_milliseconds	1083 cpu_system_milliseconds	0 minor_page_faults/s	0 major_page_faults/s	117279 yields/s	21 preempts/s
128001 milliseconds	2696 MB/s	43906 short_reads/s	0 short_writes_echo/s	118 cpu_user_milliseconds	1136 cpu_system_milliseconds	0 minor_page_faults/s	0 major_page_faults/s	116580 yields/s	65 preempts/s
129001 milliseconds	2702 MB/s	42761 short_reads/s	0 short_writes_echo/s	139 cpu_user_milliseconds	1106 cpu_system_milliseconds	0 minor_page_faults/s	0 major_page_faults/s	116138 yields/s	33 preempts/s
130001 milliseconds	2669 MB/s	41931 short_reads/s	0 short_writes_echo/s	137 cpu_user_milliseconds	1138 cpu_system_milliseconds	0 minor_page_faults/s	0 major_page_faults/s	118393 yields/s	17 preempts/s
131001 milliseconds	2627 MB/s	40647 short_reads/s	0 short_writes_echo/s	151 cpu_user_milliseconds	1138 cpu_system_milliseconds	0 minor_page_faults/s	0 major_page_faults/s	118551 yields/s	3 preempts/s
132001 milliseconds	2686 MB/s	42040 short_reads/s	0 short_writes_echo/s	135 cpu_user_milliseconds	1139 cpu_system_milliseconds	0 minor_page_faults/s	0 major_page_faults/s	117116 yields/s	13 preempts/s
133001 milliseconds	2693 MB/s	43530 short_reads/s	0 short_writes_echo/s	155 cpu_user_milliseconds	1086 cpu_system_milliseconds	0 minor_page_faults/s	0 major_page_faults/s	114519 yields/s	71 preempts/s
134001 milliseconds	2664 MB/s	41749 short_reads/s	0 short_writes_echo/s	143 cpu_user_milliseconds	1145 cpu_system_milliseconds	0 minor_page_faults/s	0 major_page_faults/s	118768 yields/s	2 preempts/s
135001 milliseconds	2662 MB/s	41143 short_reads/s	0 short_writes_echo/s	137 cpu_user_milliseconds	1154 cpu_system_milliseconds	0 minor_page_faults/s	0 major_page_faults/s	119354 yields/s	2 preempts/s
136001 milliseconds	2724 MB/s	42824 short_reads/s	0 short_writes_echo/s	138 cpu_user_milliseconds	1102 cpu_system_milliseconds	0 minor_page_faults/s	0 major_page_faults/s	115597 yields/s	1 preempts/s
137001 milliseconds	2682 MB/s	42114 short_reads/s	0 short_writes_echo/s	140 cpu_user_milliseconds	1108 cpu_system_milliseconds	0 minor_page_faults/s	0 major_page_faults/s	116230 yields/s	3 preempts/s
138001 milliseconds	2670 MB/s	41827 short_reads/s	0 short_writes_echo/s	151 cpu_user_milliseconds	1096 cpu_system_milliseconds	0 minor_page_faults/s	0 major_page_faults/s	113974 yields/s	99 preempts/s
139001 milliseconds	2706 MB/s	42951 short_reads/s	0 short_writes_echo/s	155 cpu_user_milliseconds	1078 cpu_system_milliseconds	0 minor_page_faults/s	0 major_page_faults/s	114465 yields/s	12 preempts/s
140001 milliseconds	2681 MB/s	42307 short_reads/s	0 short_writes_echo/s	133 cpu_user_milliseconds	1116 cpu_system_milliseconds	0 minor_page_faults/s	0 major_page_faults/s	116330 yields/s	76 preempts/s
141001 milliseconds	2587 MB/s	40544 short_reads/s	0 short_writes_echo/s	129 cpu_user_milliseconds	1141 cpu_system_milliseconds	0 minor_page_faults/s	0 major_page_faults/s	114282 yields/s	14 preempts/s
142001 milliseconds	2707 MB/s	43020 short_reads/s	0 short_writes_echo/s	126 cpu_user_milliseconds	1130 cpu_system_milliseconds	0 minor_page_faults/s	0 major_page_faults/s	115743 yields/s	3 preempts/s
143001 milliseconds	2697 MB/s	43437 short_reads/s	0 short_writes_echo/s	138 cpu_user_milliseconds	1100 cpu_system_milliseconds	0 minor_page_faults/s	0 major_page_faults/s	114535 yields/s	117 preempts/s
144001 milliseconds	2657 MB/s	41213 short_reads/s	0 short_writes_echo/s	127 cpu_user_milliseconds	1159 cpu_system_milliseconds	0 minor_page_faults/s	0 major_page_faults/s	120644 yields/s	13 preempts/s
145001 milliseconds	2690 MB/s	43303 short_reads/s	0 short_writes_echo/s	129 cpu_user_milliseconds	1126 cpu_system_milliseconds	0 minor_page_faults/s	0 major_page_faults/s	118066 yields/s	15 preempts/s
146001 milliseconds	2743 MB/s	44688 short_reads/s	0 short_writes_echo/s	120 cpu_user_milliseconds	1103 cpu_system_milliseconds	0 minor_page_faults/s	0 major_page_faults/s	114327 yields/s	5 preempts/s
147001 milliseconds	2684 MB/s	42878 short_reads/s	0 short_writes_echo/s	141 cpu_user_milliseconds	1133 cpu_system_milliseconds	0 minor_page_faults/s	0 major_page_faults/s	118344 yields/s	16 preempts/s
148001 milliseconds	2646 MB/s	41474 short_reads/s	0 short_writes_echo/s	123 cpu_user_milliseconds	1145 cpu_system_milliseconds	0 minor_page_faults/s	0 major_page_faults/s	116924 yields/s	55 preempts/s
149001 milliseconds	2687 MB/s	43248 short_reads/s	0 short_writes_echo/s	150 cpu_user_milliseconds	1112 cpu_system_milliseconds	0 minor_page_faults/s	0 major_page_faults/s	117446 yields/s	26 preempts/s
150001 milliseconds	2711 MB/s	43685 short_reads/s	0 short_writes_echo/s	146 cpu_user_milliseconds	1109 cpu_system_milliseconds	0 minor_page_faults/s	0 major_page_faults/s	117087 yields/s	19 preempts/s
151001 milliseconds	2675 MB/s	42491 short_reads/s	0 short_writes_echo/s	158 cpu_user_milliseconds	1105 cpu_system_milliseconds	0 minor_page_faults/s	0 major_page_faults/s	116660 yields/s	26 preempts/s
152002 milliseconds	2663 MB/s	42345 short_reads/s	0 short_writes_echo/s	139 cpu_user_milliseconds	1117 cpu_system_milliseconds	0 minor_page_faults/s	0 major_page_faults/s	116553 yields/s	15 preempts/s
153002 milliseconds	2714 MB/s	43356 short_reads/s	0 short_writes_echo/s	123 cpu_user_milliseconds	1109 cpu_system_milliseconds	0 minor_page_faults/s	0 major_page_faults/s	113231 yields/s	76 preempts/s
154002 milliseconds	2667 MB/s	41379 short_reads/s	0 short_writes_echo/s	166 cpu_user_milliseconds	1122 cpu_system_milliseconds	0 minor_page_faults/s	0 major_page_faults/s	118249 yields/s	8 preempts/s
155002 milliseconds	2672 MB/s	41534 short_reads/s	0 short_writes_echo/s	146 cpu_user_milliseconds	1135 cpu_system_milliseconds	0 minor_page_faults/s	0 major_page_faults/s	120188 yields/s	6 preempts/s
156002 milliseconds	2697 MB/s	42530 short_reads/s	0 short_writes_echo/s	144 cpu_user_milliseconds	1093 cpu_system_milliseconds	0 minor_page_faults/s	0 major_page_faults/s	115603 yields/s	9 preempts/s
157002 milliseconds	2662 MB/s	41368 short_reads/s	0 short_writes_echo/s	127 cpu_user_milliseconds	1159 cpu_system_milliseconds	0 minor_page_faults/s	0 major_page_faults/s	120342 yields/s	27 preempts/s
158002 milliseconds	2652 MB/s	41544 short_reads/s	0 short_writes_echo/s	141 cpu_user_milliseconds	1114 cpu_system_milliseconds	0 minor_page_faults/s	0 major_page_faults/s	114869 yields/s	104 preempts/s
159002 milliseconds	2680 MB/s	42117 short_reads/s	0 short_writes_echo/s	133 cpu_user_milliseconds	1126 cpu_system_milliseconds	0 minor_page_faults/s	0 major_page_faults/s	117418 yields/s	5 preempts/s
160002 milliseconds	2677 MB/s	41681 short_reads/s	0 short_writes_echo/s	147 cpu_user_milliseconds	1134 cpu_system_milliseconds	0 minor_page_faults/s	0 major_page_faults/s	118214 yields/s	17 preempts/s
161002 milliseconds	2660 MB/s	41205 short_reads/s	0 short_writes_echo/s	132 cpu_user_milliseconds	1165 cpu_system_milliseconds	0 minor_page_faults/s	0 major_page_faults/s	119253 yields/s	5 preempts/s
162002 milliseconds	2686 MB/s	41968 short_reads/s	0 short_writes_echo/s	141 cpu_user_milliseconds	1136 cpu_system_milliseconds	0 minor_page_faults/s	0 major_page_faults/s	118296 yields/s	8 preempts/s
163002 milliseconds	2718 MB/s	43617 short_reads/s	0 short_writes_echo/s	144 cpu_user_milliseconds	1084 cpu_system_milliseconds	0 minor_page_faults/s	0 major_page_faults/s	113242 yields/s	59 preempts/s
164002 milliseconds	2710 MB/s	43455 short_reads/s	0 short_writes_echo/s	123 cpu_user_milliseconds	1126 cpu_system_milliseconds	0 minor_page_faults/s	0 major_page_faults/s	115954 yields/s	22 preempts/s
165002 milliseconds	2705 MB/s	43897 short_reads/s	0 short_writes_echo/s	159 cpu_user_milliseconds	1085 cpu_system_milliseconds	0 minor_page_faults/s	0 major_page_faults/s	115146 yields/s	21 preempts/s
166002 milliseconds	2660 MB/s	41398 short_reads/s	0 short_writes_echo/s	130 cpu_user_milliseconds	1154 cpu_system_milliseconds	0 minor_page_faults/s	0 major_page_faults/s	117920 yields/s	10 preempts/s
167002 milliseconds	2698 MB/s	43278 short_reads/s	0 short_writes_echo/s	155 cpu_user_milliseconds	1114 cpu_system_milliseconds	0 minor_page_faults/s	0 major_page_faults/s	118260 yields/s	23 preempts/s
168002 milliseconds	2640 MB/s	41248 short_reads/s	0 short_writes_echo/s	155 cpu_user_milliseconds	1107 cpu_system_milliseconds	0 minor_page_faults/s	0 major_page_faults/s	117458 yields/s	87 preempts/s
169002 milliseconds	2718 MB/s	44471 short_reads/s	0 short_writes_echo/s	150 cpu_user_milliseconds	1093 cpu_system_milliseconds	0 minor_page_faults/s	0 major_page_faults/s	118012 yields/s	9 preempts/s
170002 milliseconds	2711 MB/s	43172 short_reads/s	0 short_writes_echo/s	151 cpu_user_milliseconds	1101 cpu_system_milliseconds	0 minor_page_faults/s	0 major_page_faults/s	115613 yields/s	11 preempts/s
171002 milliseconds	2655 MB/s	40947 short_reads/s	0 short_writes_echo/s	117 cpu_user_milliseconds	1182 cpu_system_milliseconds	0 minor_page_faults/s	0 major_page_faults/s	119283 yields/s	21 preempts/s
172002 milliseconds	2698 MB/s	43536 short_reads/s	0 short_writes_echo/s	156 cpu_user_milliseconds	1101 cpu_system_milliseconds	0 minor_page_faults/s	0 major_page_faults/s	117068 yields/s	26 preempts/s
173002 milliseconds	2661 MB/s	42070 short_reads/s	0 short_writes_echo/s	150 cpu_user_milliseconds	1114 cpu_system_milliseconds	0 minor_page_faults/s	0 major_page_faults/s	117850 yields/s	81 preempts/s
174002 milliseconds	2704 MB/s	43393 short_reads/s	0 short_writes_echo/s	147 cpu_user_milliseconds	1124 cpu_system_milliseconds	0 minor_page_faults/s	0 major_page_faults/s	118688 yields/s	4 preempts/s
175002 milliseconds	2676 MB/s	42085 short_reads/s	0 short_writes_echo/s	134 cpu_user_milliseconds	1144 cpu_system_milliseconds	0 minor_page_faults/s	0 major_page_faults/s	118774 yields/s	25 preempts/s
176002 milliseconds	2673 MB/s	41857 short_reads/s	0 short_writes_echo/s	146 cpu_user_milliseconds	1121 cpu_system_milliseconds	0 minor_page_faults/s	0 major_page_faults/s	117123 yields/s	15 preempts/s
177002 milliseconds	2697 MB/s	42457 short_reads/s	0 short_writes_echo/s	144 cpu_user_milliseconds	1119 cpu_system_milliseconds	0 minor_page_faults/s	0 major_page_faults/s	116396 yields/s	3 preempts/s
178002 milliseconds	2650 MB/s	41221 short_reads/s	0 short_writes_echo/s	129 cpu_user_milliseconds	1132 cpu_system_milliseconds	0 minor_page_faults/s	0 major_page_faults/s	116594 yields/s	198 preempts/s
179002 milliseconds	2643 MB/s	40726 short_reads/s	0 short_writes_echo/s	128 cpu_user_milliseconds	1165 cpu_system_milliseconds	0 minor_page_faults/s	0 major_page_faults/s	120494 yields/s	19 preempts/s
180002 milliseconds	2668 MB/s	41611 short_reads/s	0 short_writes_echo/s	153 cpu_user_milliseconds	1119 cpu_system_milliseconds	0 minor_page_faults/s	0 major_page_faults/s	118736 yields/s	55 preempts/s
181002 milliseconds	2641 MB/s	40778 short_reads/s	0 short_writes_echo/s	128 cpu_user_milliseconds	1156 cpu_system_milliseconds	0 minor_page_faults/s	0 major_page_faults/s	118315 yields/s	24 preempts/s
182002 milliseconds	2680 MB/s	42143 short_reads/s	0 short_writes_echo/s	143 cpu_user_milliseconds	1108 cpu_system_milliseconds	0 minor_page_faults/s	0 major_page_faults/s	118750 yields/s	13 preempts/s
183002 milliseconds	2632 MB/s	41106 short_reads/s	0 short_writes_echo/s	165 cpu_user_milliseconds	1118 cpu_system_milliseconds	0 minor_page_faults/s	0 major_page_faults/s	117522 yields/s	77 preempts/s
184002 milliseconds	2706 MB/s	42947 short_reads/s	0 short_writes_echo/s	130 cpu_user_milliseconds	1105 cpu_system_milliseconds	0 minor_page_faults/s	0 major_page_faults/s	114482 yields/s	51 preempts/s
185002 milliseconds	2630 MB/s	40346 short_reads/s	0 short_writes_echo/s	131 cpu_user_milliseconds	1169 cpu_system_milliseconds	0 minor_page_faults/s	0 major_page_faults/s	119840 yields/s	14 preempts/s
186002 milliseconds	2709 MB/s	42854 short_reads/s	0 short_writes_echo/s	162 cpu_user_milliseconds	1101 cpu_system_milliseconds	0 minor_page_faults/s	0 major_page_faults/s	116525 yields/s	2 preempts/s
187002 milliseconds	2754 MB/s	44175 short_reads/s	0 short_writes_echo/s	130 cpu_user_milliseconds	1085 cpu_system_milliseconds	0 minor_page_faults/s	0 major_page_faults/s	113061 yields/s	2 preempts/s
188002 milliseconds	2619 MB/s	40245 short_reads/s	0 short_writes_echo/s	127 cpu_user_milliseconds	1161 cpu_system_milliseconds	0 minor_page_faults/s	0 major_page_faults/s	119953 yields/s	237 preempts/s
189002 milliseconds	2702 MB/s	42735 short_reads/s	0 short_writes_echo/s	152 cpu_user_milliseconds	1094 cpu_system_milliseconds	0 minor_page_faults/s	0 major_page_faults/s	115854 yields/s	15 preempts/s
190002 milliseconds	2651 MB/s	41226 short_reads/s	0 short_writes_echo/s	139 cpu_user_milliseconds	1139 cpu_system_milliseconds	0 minor_page_faults/s	0 major_page_faults/s	120564 yields/s	5 preempts/s
191002 milliseconds	2706 MB/s	43305 short_reads/s	0 short_writes_echo/s	146 cpu_user_milliseconds	1069 cpu_system_milliseconds	0 minor_page_faults/s	0 major_page_faults/s	112149 yields/s	33 preempts/s
192002 milliseconds	2662 MB/s	41395 short_reads/s	0 short_writes_echo/s	111 cpu_user_milliseconds	1179 cpu_system_milliseconds	0 minor_page_faults/s	0 major_page_faults/s	118761 yields/s	12 preempts/s
193002 milliseconds	2618 MB/s	40595 short_reads/s	0 short_writes_echo/s	118 cpu_user_milliseconds	1144 cpu_system_milliseconds	0 minor_page_faults/s	0 major_page_faults/s	118569 yields/s	81 preempts/s
194002 milliseconds	2706 MB/s	42960 short_reads/s	0 short_writes_echo/s	143 cpu_user_milliseconds	1086 cpu_system_milliseconds	0 minor_page_faults/s	0 major_page_faults/s	114864 yields/s	19 preempts/s
195002 milliseconds	2667 MB/s	41686 short_reads/s	0 short_writes_echo/s	168 cpu_user_milliseconds	1113 cpu_system_milliseconds	0 minor_page_faults/s	0 major_page_faults/s	118153 yields/s	6 preempts/s
196002 milliseconds	2725 MB/s	44213 short_reads/s	0 short_writes_echo/s	151 cpu_user_milliseconds	1096 cpu_system_milliseconds	0 minor_page_faults/s	0 major_page_faults/s	116564 yields/s	10 preempts/s
197002 milliseconds	2752 MB/s	45852 short_reads/s	0 short_writes_echo/s	134 cpu_user_milliseconds	1101 cpu_system_milliseconds	0 minor_page_faults/s	0 major_page_faults/s	115847 yields/s	18 preempts/s
198002 milliseconds	2664 MB/s	41617 short_reads/s	0 short_writes_echo/s	136 cpu_user_milliseconds	1120 cpu_system_milliseconds	0 minor_page_faults/s	0 major_page_faults/s	115157 yields/s	92 preempts/s
199002 milliseconds	2697 MB/s	43190 short_reads/s	0 short_writes_echo/s	106 cpu_user_milliseconds	1128 cpu_system_milliseconds	0 minor_page_faults/s	0 major_page_faults/s	116901 yields/s	7 preempts/s
200002 milliseconds	2747 MB/s	45451 short_reads/s	0 short_writes_echo/s	146 cpu_user_milliseconds	1085 cpu_system_milliseconds	0 minor_page_faults/s	0 major_page_faults/s	115085 yields/s	6 preempts/s
201002 milliseconds	2633 MB/s	43069 short_reads/s	0 short_writes_echo/s	135 cpu_user_milliseconds	1096 cpu_system_milliseconds	0 minor_page_faults/s	0 major_page_faults/s	112722 yields/s	8 preempts/s
202002 milliseconds	2682 MB/s	42162 short_reads/s	0 short_writes_echo/s	127 cpu_user_milliseconds	1139 cpu_system_milliseconds	0 minor_page_faults/s	0 major_page_faults/s	117676 yields/s	8 preempts/s
203002 milliseconds	2710 MB/s	44229 short_reads/s	0 short_writes_echo/s	140 cpu_user_milliseconds	1089 cpu_system_milliseconds	0 minor_page_faults/s	0 major_page_faults/s	113878 yields/s	100 preempts/s
204002 milliseconds	2708 MB/s	43636 short_reads/s	0 short_writes_echo/s	136 cpu_user_milliseconds	1119 cpu_system_milliseconds	0 minor_page_faults/s	0 major_page_faults/s	117116 yields/s	3 preempts/s
205002 milliseconds	2690 MB/s	42452 short_reads/s	0 short_writes_echo/s	144 cpu_user_milliseconds	1120 cpu_system_milliseconds	0 minor_page_faults/s	0 major_page_faults/s	116991 yields/s	12 preempts/s
206002 milliseconds	2688 MB/s	42315 short_reads/s	0 short_writes_echo/s	151 cpu_user_milliseconds	1106 cpu_system_milliseconds	0 minor_page_faults/s	0 major_page_faults/s	117136 yields/s	5 preempts/s
207002 milliseconds	2695 MB/s	42241 short_reads/s	0 short_writes_echo/s	156 cpu_user_milliseconds	1108 cpu_system_milliseconds	0 minor_page_faults/s	0 major_page_faults/s	116467 yields/s	4 preempts/s
208002 milliseconds	2726 MB/s	44091 short_reads/s	0 short_writes_echo/s	140 cpu_user_milliseconds	1079 cpu_system_milliseconds	0 minor_page_faults/s	0 major_page_faults/s	113077 yields/s	45 preempts/s
209002 milliseconds	2687 MB/s	42123 short_reads/s	0 short_writes_echo/s	164 cpu_user_milliseconds	1106 cpu_system_milliseconds	0 minor_page_faults/s	0 major_page_faults/s	116740 yields/s	10 preempts/s
210002 milliseconds	2696 MB/s	42861 short_reads/s	0 short_writes_echo/s	142 cpu_user_milliseconds	1107 cpu_system_milliseconds	0 minor_page_faults/s	0 major_page_faults/s	116923 yields/s	25 preempts/s
211002 milliseconds	2745 MB/s	44969 short_reads/s	0 short_writes_echo/s	145 cpu_user_milliseconds	1087 cpu_system_milliseconds	0 minor_page_faults/s	0 major_page_faults/s	115146 yields/s	16 preempts/s
212002 milliseconds	2655 MB/s	41441 short_reads/s	0 short_writes_echo/s	126 cpu_user_milliseconds	1166 cpu_system_milliseconds	0 minor_page_faults/s	0 major_page_faults/s	118625 yields/s	3 preempts/s
213002 milliseconds	2674 MB/s	42252 short_reads/s	0 short_writes_echo/s	140 cpu_user_milliseconds	1117 cpu_system_milliseconds	0 minor_page_faults/s	0 major_page_faults/s	115679 yields/s	185 preempts/s
214002 milliseconds	2755 MB/s	44801 short_reads/s	0 short_writes_echo/s	137 cpu_user_milliseconds	1075 cpu_system_milliseconds	0 minor_page_faults/s	0 major_page_faults/s	113730 yields/s	6 preempts/s
215002 milliseconds	2693 MB/s	42627 short_reads/s	0 short_writes_echo/s	138 cpu_user_milliseconds	1126 cpu_system_milliseconds	0 minor_page_faults/s	0 major_page_faults/s	116676 yields/s	9 preempts/s
216002 milliseconds	2646 MB/s	41058 short_reads/s	0 short_writes_echo/s	153 cpu_user_milliseconds	1137 cpu_system_milliseconds	0 minor_page_faults/s	0 major_page_faults/s	118739 yields/s	8 preempts/s
217002 milliseconds	2753 MB/s	45548 short_reads/s	0 short_writes_echo/s	156 cpu_user_milliseconds	1079 cpu_system_milliseconds	0 minor_page_faults/s	0 major_page_faults/s	115191 yields/s	1 preempts/s
218002 milliseconds	2681 MB/s	42494 short_reads/s	0 short_writes_echo/s	130 cpu_user_milliseconds	1119 cpu_system_milliseconds	0 minor_page_faults/s	0 major_page_faults/s	114478 yields/s	67 preempts/s
219002 milliseconds	2731 MB/s	43899 short_reads/s	0 short_writes_echo/s	144 cpu_user_milliseconds	1098 cpu_system_milliseconds	0 minor_page_faults/s	0 major_page_faults/s	114648 yields/s	20 preempts/s
220002 milliseconds	2642 MB/s	40893 short_reads/s	0 short_writes_echo/s	129 cpu_user_milliseconds	1144 cpu_system_milliseconds	0 minor_page_faults/s	0 major_page_faults/s	119129 yields/s	31 preempts/s
221002 milliseconds	2667 MB/s	41452 short_reads/s	0 short_writes_echo/s	138 cpu_user_milliseconds	1148 cpu_system_milliseconds	0 minor_page_faults/s	0 major_page_faults/s	119626 yields/s	12 preempts/s
222002 milliseconds	2650 MB/s	41062 short_reads/s	0 short_writes_echo/s	140 cpu_user_milliseconds	1137 cpu_system_milliseconds	0 minor_page_faults/s	0 major_page_faults/s	120754 yields/s	14 preempts/s
223002 milliseconds	2721 MB/s	44063 short_reads/s	0 short_writes_echo/s	141 cpu_user_milliseconds	1091 cpu_system_milliseconds	0 minor_page_faults/s	0 major_page_faults/s	114244 yields/s	127 preempts/s
224002 milliseconds	2697 MB/s	43347 short_reads/s	0 short_writes_echo/s	166 cpu_user_milliseconds	1100 cpu_system_milliseconds	0 minor_page_faults/s	0 major_page_faults/s	116754 yields/s	11 preempts/s
225002 milliseconds	2708 MB/s	43737 short_reads/s	0 short_writes_echo/s	137 cpu_user_milliseconds	1095 cpu_system_milliseconds	0 minor_page_faults/s	0 major_page_faults/s	113462 yields/s	31 preempts/s
226002 milliseconds	2693 MB/s	42895 short_reads/s	0 short_writes_echo/s	143 cpu_user_milliseconds	1124 cpu_system_milliseconds	0 minor_page_faults/s	0 major_page_faults/s	118668 yields/s	22 preempts/s
227002 milliseconds	2692 MB/s	42521 short_reads/s	0 short_writes_echo/s	136 cpu_user_milliseconds	1138 cpu_system_milliseconds	0 minor_page_faults/s	0 major_page_faults/s	119661 yields/s	2 preempts/s
228002 milliseconds	2653 MB/s	41977 short_reads/s	0 short_writes_echo/s	142 cpu_user_milliseconds	1122 cpu_system_milliseconds	0 minor_page_faults/s	0 major_page_faults/s	117312 yields/s	103 preempts/s
229002 milliseconds	2697 MB/s	43295 short_reads/s	0 short_writes_echo/s	143 cpu_user_milliseconds	1124 cpu_system_milliseconds	0 minor_page_faults/s	0 major_page_faults/s	117084 yields/s	20 preempts/s
230002 milliseconds	2686 MB/s	42153 short_reads/s	0 short_writes_echo/s	142 cpu_user_milliseconds	1128 cpu_system_milliseconds	0 minor_page_faults/s	0 major_page_faults/s	117120 yields/s	2 preempts/s
231002 milliseconds	2670 MB/s	41789 short_reads/s	0 short_writes_echo/s	142 cpu_user_milliseconds	1121 cpu_system_milliseconds	0 minor_page_faults/s	0 major_page_faults/s	116889 yields/s	10 preempts/s
232002 milliseconds	2664 MB/s	41485 short_reads/s	0 short_writes_echo/s	117 cpu_user_milliseconds	1155 cpu_system_milliseconds	0 minor_page_faults/s	0 major_page_faults/s	118076 yields/s	14 preempts/s
233002 milliseconds	2663 MB/s	41546 short_reads/s	0 short_writes_echo/s	121 cpu_user_milliseconds	1142 cpu_system_milliseconds	0 minor_page_faults/s	0 major_page_faults/s	116928 yields/s	100 preempts/s
234002 milliseconds	2701 MB/s	43200 short_reads/s	0 short_writes_echo/s	166 cpu_user_milliseconds	1097 cpu_system_milliseconds	0 minor_page_faults/s	0 major_page_faults/s	117640 yields/s	4 preempts/s
235002 milliseconds	2771 MB/s	46079 short_reads/s	0 short_writes_echo/s	159 cpu_user_milliseconds	1052 cpu_system_milliseconds	0 minor_page_faults/s	0 major_page_faults/s	113289 yields/s	24 preempts/s
236002 milliseconds	2744 MB/s	45078 short_reads/s	0 short_writes_echo/s	164 cpu_user_milliseconds	1075 cpu_system_milliseconds	0 minor_page_faults/s	0 major_page_faults/s	115807 yields/s	5 preempts/s
237002 milliseconds	2691 MB/s	42020 short_reads/s	0 short_writes_echo/s	107 cpu_user_milliseconds	1137 cpu_system_milliseconds	0 minor_page_faults/s	0 major_page_faults/s	117461 yields/s	8 preempts/s
238003 milliseconds	2704 MB/s	43604 short_reads/s	0 short_writes_echo/s	153 cpu_user_milliseconds	1098 cpu_system_milliseconds	0 minor_page_faults/s	0 major_page_faults/s	116869 yields/s	51 preempts/s
239003 milliseconds	2713 MB/s	43545 short_reads/s	0 short_writes_echo/s	157 cpu_user_milliseconds	1093 cpu_system_milliseconds	0 minor_page_faults/s	0 major_page_faults/s	115296 yields/s	18 preempts/s
240003 milliseconds	2727 MB/s	43674 short_reads/s	0 short_writes_echo/s	132 cpu_user_milliseconds	1107 cpu_system_milliseconds	0 minor_page_faults/s	0 major_page_faults/s	115601 yields/s	12 preempts/s
