1000 milliseconds	3689 MB/s	2234 short_reads/s	0 short_writes_echo/s	53 cpu_user_milliseconds	924 cpu_system_milliseconds	206 minor_page_faults/s	0 major_page_faults/s	1439 yields/s	8 preempts/s
2000 milliseconds	3519 MB/s	11870 short_reads/s	0 short_writes_echo/s	69 cpu_user_milliseconds	911 cpu_system_milliseconds	2 minor_page_faults/s	0 major_page_faults/s	1269 yields/s	71 preempts/s
3000 milliseconds	3857 MB/s	4035 short_reads/s	0 short_writes_echo/s	42 cpu_user_milliseconds	933 cpu_system_milliseconds	0 minor_page_faults/s	0 major_page_faults/s	1634 yields/s	2 preempts/s
4000 milliseconds	3627 MB/s	7631 short_reads/s	0 short_writes_echo/s	55 cpu_user_milliseconds	917 cpu_system_milliseconds	0 minor_page_faults/s	0 major_page_faults/s	1990 yields/s	17 preempts/s
5000 milliseconds	3991 MB/s	631 short_reads/s	0 short_writes_echo/s	50 cpu_user_milliseconds	924 cpu_system_milliseconds	0 minor_page_faults/s	0 major_page_faults/s	1523 yields/s	2 preempts/s
6000 milliseconds	3951 MB/s	2085 short_reads/s	0 short_writes_echo/s	60 cpu_user_milliseconds	924 cpu_system_milliseconds	0 minor_page_faults/s	0 major_page_faults/s	1041 yields/s	5 preempts/s
7000 milliseconds	3843 MB/s	3992 short_reads/s	0 short_writes_echo/s	64 cpu_user_milliseconds	902 cpu_system_milliseconds	0 minor_page_faults/s	0 major_page_faults/s	2225 yields/s	34 preempts/s
8000 milliseconds	3914 MB/s	3879 short_reads/s	0 short_writes_echo/s	48 cpu_user_milliseconds	930 cpu_system_milliseconds	0 minor_page_faults/s	0 major_page_faults/s	1347 yields/s	30 preempts/s
9000 milliseconds	3845 MB/s	5016 short_reads/s	0 short_writes_echo/s	56 cpu_user_milliseconds	928 cpu_system_milliseconds	0 minor_page_faults/s	0 major_page_faults/s	971 yields/s	17 preempts/s
10000 milliseconds	3892 MB/s	3902 short_reads/s	0 short_writes_echo/s	50 cpu_user_milliseconds	923 cpu_system_milliseconds	0 minor_page_faults/s	0 major_page_faults/s	1653 yields/s	1 preempts/s
11000 milliseconds	3938 MB/s	1861 short_reads/s	0 short_writes_echo/s	61 cpu_user_milliseconds	911 cpu_system_milliseconds	0 minor_page_faults/s	0 major_page_faults/s	1704 yields/s	3 preempts/s
12000 milliseconds	3805 MB/s	7472 short_reads/s	0 short_writes_echo/s	70 cpu_user_milliseconds	920 cpu_system_milliseconds	0 minor_page_faults/s	0 major_page_faults/s	540 yields/s	28 preempts/s
13000 milliseconds	3859 MB/s	4874 short_reads/s	0 short_writes_echo/s	46 cpu_user_milliseconds	934 cpu_system_milliseconds	0 minor_page_faults/s	0 major_page_faults/s	1276 yields/s	9 preempts/s
14000 milliseconds	3837 MB/s	2387 short_reads/s	0 short_writes_echo/s	40 cpu_user_milliseconds	929 cpu_system_milliseconds	0 minor_page_faults/s	0 major_page_faults/s	2148 yields/s	21 preempts/s
15000 milliseconds	4009 MB/s	937 short_reads/s	0 short_writes_echo/s	56 cpu_user_milliseconds	924 cpu_system_milliseconds	0 minor_page_faults/s	0 major_page_faults/s	1200 yields/s	1 preempts/s
16000 milliseconds	3945 MB/s	1300 short_reads/s	0 short_writes_echo/s	50 cpu_user_milliseconds	920 cpu_system_milliseconds	0 minor_page_faults/s	0 major_page_faults/s	1826 yields/s	6 preempts/s
17000 milliseconds	3823 MB/s	1727 short_reads/s	0 short_writes_echo/s	47 cpu_user_milliseconds	908 cpu_system_milliseconds	0 minor_page_faults/s	0 major_page_faults/s	2860 yields/s	1 preempts/s
18000 milliseconds	3894 MB/s	3532 short_reads/s	0 short_writes_echo/s	47 cpu_user_milliseconds	918 cpu_system_milliseconds	0 minor_page_faults/s	0 major_page_faults/s	2173 yields/s	19 preempts/s
19000 milliseconds	3857 MB/s	3938 short_reads/s	0 short_writes_echo/s	53 cpu_user_milliseconds	924 cpu_system_milliseconds	0 minor_page_faults/s	0 major_page_faults/s	1797 yields/s	8 preempts/s
20000 milliseconds	3819 MB/s	4957 short_reads/s	0 short_writes_echo/s	48 cpu_user_milliseconds	940 cpu_system_milliseconds	0 minor_page_faults/s	0 major_page_faults/s	1024 yields/s	4 preempts/s
21000 milliseconds	3960 MB/s	1263 short_reads/s	0 short_writes_echo/s	59 cpu_user_milliseconds	916 cpu_system_milliseconds	0 minor_page_faults/s	0 major_page_faults/s	1631 yields/s	3 preempts/s
22000 milliseconds	3881 MB/s	2945 short_reads/s	0 short_writes_echo/s	48 cpu_user_milliseconds	937 cpu_system_milliseconds	0 minor_page_faults/s	0 major_page_faults/s	1390 yields/s	6 preempts/s
23000 milliseconds	3882 MB/s	3553 short_reads/s	0 short_writes_echo/s	66 cpu_user_milliseconds	918 cpu_system_milliseconds	0 minor_page_faults/s	0 major_page_faults/s	945 yields/s	2 preempts/s
24000 milliseconds	3719 MB/s	11810 short_reads/s	0 short_writes_echo/s	66 cpu_user_milliseconds	915 cpu_system_milliseconds	0 minor_page_faults/s	0 major_page_faults/s	1434 yields/s	8 preempts/s
25000 milliseconds	3845 MB/s	6895 short_reads/s	0 short_writes_echo/s	52 cpu_user_milliseconds	936 cpu_system_milliseconds	0 minor_page_faults/s	0 major_page_faults/s	779 yields/s	8 preempts/s
26000 milliseconds	3914 MB/s	3133 short_reads/s	0 short_writes_echo/s	40 cpu_user_milliseconds	937 cpu_system_milliseconds	0 minor_page_faults/s	0 major_page_faults/s	1526 yields/s	26 preempts/s
27000 milliseconds	3395 MB/s	9167 short_reads/s	0 short_writes_echo/s	57 cpu_user_milliseconds	853 cpu_system_milliseconds	0 minor_page_faults/s	0 major_page_faults/s	2411 yields/s	86 preempts/s
28000 milliseconds	3889 MB/s	2453 short_reads/s	0 short_writes_echo/s	52 cpu_user_milliseconds	920 cpu_system_milliseconds	0 minor_page_faults/s	0 major_page_faults/s	1787 yields/s	4 preempts/s
29000 milliseconds	3876 MB/s	2864 short_reads/s	0 short_writes_echo/s	52 cpu_user_milliseconds	930 cpu_system_milliseconds	0 minor_page_faults/s	0 major_page_faults/s	1390 yields/s	6 preempts/s
30000 milliseconds	3965 MB/s	2218 short_reads/s	0 short_writes_echo/s	63 cpu_user_milliseconds	916 cpu_system_milliseconds	0 minor_page_faults/s	0 major_page_faults/s	1240 yields/s	1 preempts/s
31000 milliseconds	3874 MB/s	4382 short_reads/s	0 short_writes_echo/s	54 cpu_user_milliseconds	932 cpu_system_milliseconds	0 minor_page_faults/s	0 major_page_faults/s	783 yields/s	16 preempts/s
32000 milliseconds	3905 MB/s	2070 short_reads/s	0 short_writes_echo/s	54 cpu_user_milliseconds	919 cpu_system_milliseconds	0 minor_page_faults/s	0 major_page_faults/s	1861 yields/s	4 preempts/s
33000 milliseconds	3946 MB/s	2482 short_reads/s	0 short_writes_echo/s	58 cpu_user_milliseconds	925 cpu_system_milliseconds	0 minor_page_faults/s	0 major_page_faults/s	1074 yields/s	3 preempts/s
34000 milliseconds	3850 MB/s	2098 short_reads/s	0 short_writes_echo/s	46 cpu_user_milliseconds	932 cpu_system_milliseconds	0 minor_page_faults/s	0 major_page_faults/s	1010 yields/s	5 preempts/s
35000 milliseconds	3844 MB/s	8212 short_reads/s	0 short_writes_echo/s	76 cpu_user_milliseconds	899 cpu_system_milliseconds	0 minor_page_faults/s	0 major_page_faults/s	1589 yields/s	2 preempts/s
36000 milliseconds	3705 MB/s	8849 short_reads/s	0 short_writes_echo/s	50 cpu_user_milliseconds	926 cpu_system_milliseconds	0 minor_page_faults/s	0 major_page_faults/s	1546 yields/s	28 preempts/s
37000 milliseconds	3914 MB/s	1776 short_reads/s	0 short_writes_echo/s	57 cpu_user_milliseconds	925 cpu_system_milliseconds	0 minor_page_faults/s	0 major_page_faults/s	1290 yields/s	3 preempts/s
38000 milliseconds	3939 MB/s	1021 short_reads/s	0 short_writes_echo/s	54 cpu_user_milliseconds	935 cpu_system_milliseconds	0 minor_page_faults/s	0 major_page_faults/s	593 yields/s	5 preempts/s
39000 milliseconds	3895 MB/s	2736 short_reads/s	0 short_writes_echo/s	54 cpu_user_milliseconds	918 cpu_system_milliseconds	0 minor_page_faults/s	0 major_page_faults/s	2324 yields/s	3 preempts/s
40000 milliseconds	3987 MB/s	812 short_reads/s	0 short_writes_echo/s	56 cpu_user_milliseconds	918 cpu_system_milliseconds	0 minor_page_faults/s	0 major_page_faults/s	1669 yields/s	1 preempts/s
41000 milliseconds	3985 MB/s	730 short_reads/s	0 short_writes_echo/s	44 cpu_user_milliseconds	937 cpu_system_milliseconds	0 minor_page_faults/s	0 major_page_faults/s	1172 yields/s	3 preempts/s
42000 milliseconds	3836 MB/s	5255 short_reads/s	0 short_writes_echo/s	64 cpu_user_milliseconds	911 cpu_system_milliseconds	0 minor_page_faults/s	0 major_page_faults/s	1629 yields/s	14 preempts/s
43000 milliseconds	3910 MB/s	3448 short_reads/s	0 short_writes_echo/s	51 cpu_user_milliseconds	918 cpu_system_milliseconds	0 minor_page_faults/s	0 major_page_faults/s	1654 yields/s	25 preempts/s
44000 milliseconds	3801 MB/s	2534 short_reads/s	0 short_writes_echo/s	43 cpu_user_milliseconds	931 cpu_system_milliseconds	0 minor_page_faults/s	0 major_page_faults/s	1658 yields/s	10 preempts/s
45000 milliseconds	3918 MB/s	3733 short_reads/s	0 short_writes_echo/s	75 cpu_user_milliseconds	908 cpu_system_milliseconds	0 minor_page_faults/s	0 major_page_faults/s	1081 yields/s	12 preempts/s
46000 milliseconds	3888 MB/s	3775 short_reads/s	0 short_writes_echo/s	51 cpu_user_milliseconds	935 cpu_system_milliseconds	0 minor_page_faults/s	0 major_page_faults/s	867 yields/s	1 preempts/s
47000 milliseconds	3800 MB/s	5097 short_reads/s	0 short_writes_echo/s	61 cpu_user_milliseconds	906 cpu_system_milliseconds	0 minor_page_faults/s	0 major_page_faults/s	3249 yields/s	16 preempts/s
48000 milliseconds	3924 MB/s	4162 short_reads/s	0 short_writes_echo/s	57 cpu_user_milliseconds	926 cpu_system_milliseconds	0 minor_page_faults/s	0 major_page_faults/s	1155 yields/s	3 preempts/s
49000 milliseconds	3834 MB/s	3564 short_reads/s	0 short_writes_echo/s	57 cpu_user_milliseconds	917 cpu_system_milliseconds	0 minor_page_faults/s	0 major_page_faults/s	2278 yields/s	5 preempts/s
50000 milliseconds	3971 MB/s	1709 short_reads/s	0 short_writes_echo/s	48 cpu_user_milliseconds	946 cpu_system_milliseconds	0 minor_page_faults/s	0 major_page_faults/s	331 yields/s	0 preempts/s
51000 milliseconds	3938 MB/s	2429 short_reads/s	0 short_writes_echo/s	47 cpu_user_milliseconds	939 cpu_system_milliseconds	0 minor_page_faults/s	0 major_page_faults/s	909 yields/s	2 preempts/s
52000 milliseconds	3840 MB/s	2506 short_reads/s	0 short_writes_echo/s	56 cpu_user_milliseconds	908 cpu_system_milliseconds	0 minor_page_faults/s	0 major_page_faults/s	2372 yields/s	7 preempts/s
53000 milliseconds	3921 MB/s	2397 short_reads/s	0 short_writes_echo/s	65 cpu_user_milliseconds	901 cpu_system_milliseconds	0 minor_page_faults/s	0 major_page_faults/s	2252 yields/s	2 preempts/s
54000 milliseconds	3766 MB/s	8136 short_reads/s	0 short_writes_echo/s	71 cpu_user_milliseconds	923 cpu_system_milliseconds	0 minor_page_faults/s	0 major_page_faults/s	377 yields/s	3 preempts/s
55000 milliseconds	3830 MB/s	6527 short_reads/s	0 short_writes_echo/s	44 cpu_user_milliseconds	930 cpu_system_milliseconds	0 minor_page_faults/s	0 major_page_faults/s	1381 yields/s	46 preempts/s
56000 milliseconds	3954 MB/s	2908 short_reads/s	0 short_writes_echo/s	50 cpu_user_milliseconds	932 cpu_system_milliseconds	0 minor_page_faults/s	0 major_page_faults/s	1391 yields/s	2 preempts/s
57000 milliseconds	3919 MB/s	2826 short_reads/s	0 short_writes_echo/s	61 cpu_user_milliseconds	915 cpu_system_milliseconds	0 minor_page_faults/s	0 major_page_faults/s	2120 yields/s	3 preempts/s
58000 milliseconds	3876 MB/s	3228 short_reads/s	0 short_writes_echo/s	51 cpu_user_milliseconds	920 cpu_system_milliseconds	0 minor_page_faults/s	0 major_page_faults/s	1778 yields/s	23 preempts/s
59000 milliseconds	3839 MB/s	5605 short_reads/s	0 short_writes_echo/s	52 cpu_user_milliseconds	919 cpu_system_milliseconds	0 minor_page_faults/s	0 major_page_faults/s	2405 yields/s	12 preempts/s
60000 milliseconds	3963 MB/s	1057 short_reads/s	0 short_writes_echo/s	60 cpu_user_milliseconds	912 cpu_system_milliseconds	0 minor_page_faults/s	0 major_page_faults/s	1764 yields/s	0 preempts/s
61000 milliseconds	3977 MB/s	831 short_reads/s	0 short_writes_echo/s	56 cpu_user_milliseconds	917 cpu_system_milliseconds	0 minor_page_faults/s	0 major_page_faults/s	1746 yields/s	2 preempts/s
62000 milliseconds	3379 MB/s	6876 short_reads/s	0 short_writes_echo/s	56 cpu_user_milliseconds	831 cpu_system_milliseconds	0 minor_page_faults/s	0 major_page_faults/s	3603 yields/s	11 preempts/s
63000 milliseconds	3885 MB/s	2830 short_reads/s	0 short_writes_echo/s	61 cpu_user_milliseconds	918 cpu_system_milliseconds	0 minor_page_faults/s	0 major_page_faults/s	1421 yields/s	2 preempts/s
64000 milliseconds	3773 MB/s	6386 short_reads/s	0 short_writes_echo/s	56 cpu_user_milliseconds	925 cpu_system_milliseconds	0 minor_page_faults/s	0 major_page_faults/s	1397 yields/s	5 preempts/s
65001 milliseconds	3909 MB/s	2749 short_reads/s	0 short_writes_echo/s	40 cpu_user_milliseconds	940 cpu_system_milliseconds	0 minor_page_faults/s	0 major_page_faults/s	1125 yields/s	25 preempts/s
66001 milliseconds	3927 MB/s	3668 short_reads/s	0 short_writes_echo/s	59 cpu_user_milliseconds	918 cpu_system_milliseconds	0 minor_page_faults/s	0 major_page_faults/s	1301 yields/s	37 preempts/s
67001 milliseconds	3834 MB/s	4463 short_reads/s	0 short_writes_echo/s	60 cpu_user_milliseconds	925 cpu_system_milliseconds	0 minor_page_faults/s	0 major_page_faults/s	871 yields/s	4 preempts/s
68001 milliseconds	3927 MB/s	2153 short_reads/s	0 short_writes_echo/s	63 cpu_user_milliseconds	919 cpu_system_milliseconds	0 minor_page_faults/s	0 major_page_faults/s	1146 yields/s	8 preempts/s
69001 milliseconds	3817 MB/s	5035 short_reads/s	0 short_writes_echo/s	64 cpu_user_milliseconds	903 cpu_system_milliseconds	0 minor_page_faults/s	0 major_page_faults/s	2329 yields/s	3 preempts/s
70001 milliseconds	3909 MB/s	3766 short_reads/s	0 short_writes_echo/s	69 cpu_user_milliseconds	914 cpu_system_milliseconds	0 minor_page_faults/s	0 major_page_faults/s	1059 yields/s	2 preempts/s
71001 milliseconds	3938 MB/s	2097 short_reads/s	0 short_writes_echo/s	61 cpu_user_milliseconds	918 cpu_system_milliseconds	0 minor_page_faults/s	0 major_page_faults/s	1296 yields/s	1 preempts/s
72001 milliseconds	3878 MB/s	3940 short_reads/s	0 short_writes_echo/s	61 cpu_user_milliseconds	903 cpu_system_milliseconds	0 minor_page_faults/s	0 major_page_faults/s	2697 yields/s	24 preempts/s
73001 milliseconds	3927 MB/s	1554 short_reads/s	0 short_writes_echo/s	72 cpu_user_milliseconds	904 cpu_system_milliseconds	0 minor_page_faults/s	0 major_page_faults/s	1530 yields/s	4 preempts/s
74001 milliseconds	3802 MB/s	10687 short_reads/s	0 short_writes_echo/s	58 cpu_user_milliseconds	929 cpu_system_milliseconds	0 minor_page_faults/s	0 major_page_faults/s	1618 yields/s	26 preempts/s
75001 milliseconds	3980 MB/s	860 short_reads/s	0 short_writes_echo/s	46 cpu_user_milliseconds	930 cpu_system_milliseconds	0 minor_page_faults/s	0 major_page_faults/s	1390 yields/s	0 preempts/s
76001 milliseconds	3949 MB/s	1926 short_reads/s	0 short_writes_echo/s	44 cpu_user_milliseconds	926 cpu_system_milliseconds	0 minor_page_faults/s	0 major_page_faults/s	1925 yields/s	2 preempts/s
77001 milliseconds	3799 MB/s	8625 short_reads/s	0 short_writes_echo/s	59 cpu_user_milliseconds	913 cpu_system_milliseconds	0 minor_page_faults/s	0 major_page_faults/s	2210 yields/s	24 preempts/s
78001 milliseconds	3900 MB/s	3021 short_reads/s	0 short_writes_echo/s	60 cpu_user_milliseconds	923 cpu_system_milliseconds	0 minor_page_faults/s	0 major_page_faults/s	1056 yields/s	3 preempts/s
79001 milliseconds	3880 MB/s	1740 short_reads/s	0 short_writes_echo/s	75 cpu_user_milliseconds	901 cpu_system_milliseconds	0 minor_page_faults/s	0 major_page_faults/s	1432 yields/s	1 preempts/s
80001 milliseconds	3766 MB/s	7726 short_reads/s	0 short_writes_echo/s	60 cpu_user_milliseconds	909 cpu_system_milliseconds	0 minor_page_faults/s	0 major_page_faults/s	2322 yields/s	24 preempts/s
81001 milliseconds	3951 MB/s	2182 short_reads/s	0 short_writes_echo/s	61 cpu_user_milliseconds	915 cpu_system_milliseconds	0 minor_page_faults/s	0 major_page_faults/s	1592 yields/s	0 preempts/s
82001 milliseconds	3883 MB/s	2836 short_reads/s	0 short_writes_echo/s	45 cpu_user_milliseconds	921 cpu_system_milliseconds	0 minor_page_faults/s	0 major_page_faults/s	2584 yields/s	5 preempts/s
83001 milliseconds	3940 MB/s	1257 short_reads/s	0 short_writes_echo/s	54 cpu_user_milliseconds	914 cpu_system_milliseconds	0 minor_page_faults/s	0 major_page_faults/s	2105 yields/s	0 preempts/s
84001 milliseconds	3868 MB/s	4123 short_reads/s	0 short_writes_echo/s	49 cpu_user_milliseconds	937 cpu_system_milliseconds	0 minor_page_faults/s	0 major_page_faults/s	1505 yields/s	4 preempts/s
85001 milliseconds	3989 MB/s	944 short_reads/s	0 short_writes_echo/s	54 cpu_user_milliseconds	927 cpu_system_milliseconds	0 minor_page_faults/s	0 major_page_faults/s	1269 yields/s	4 preempts/s
86001 milliseconds	3880 MB/s	2782 short_reads/s	0 short_writes_echo/s	44 cpu_user_milliseconds	938 cpu_system_milliseconds	0 minor_page_faults/s	0 major_page_faults/s	996 yields/s	22 preempts/s
87001 milliseconds	3891 MB/s	1441 short_reads/s	0 short_writes_echo/s	64 cpu_user_milliseconds	922 cpu_system_milliseconds	0 minor_page_faults/s	0 major_page_faults/s	929 yields/s	3 preempts/s
88001 milliseconds	3898 MB/s	3701 short_reads/s	0 short_writes_echo/s	61 cpu_user_milliseconds	909 cpu_system_milliseconds	0 minor_page_faults/s	0 major_page_faults/s	2018 yields/s	2 preempts/s
89001 milliseconds	3852 MB/s	4954 short_reads/s	0 short_writes_echo/s	57 cpu_user_milliseconds	916 cpu_system_milliseconds	0 minor_page_faults/s	0 major_page_faults/s	1906 yields/s	3 preempts/s
90001 milliseconds	3902 MB/s	1862 short_reads/s	0 short_writes_echo/s	52 cpu_user_milliseconds	909 cpu_system_milliseconds	0 minor_page_faults/s	0 major_page_faults/s	2322 yields/s	27 preempts/s
91001 milliseconds	3974 MB/s	858 short_reads/s	0 short_writes_echo/s	42 cpu_user_milliseconds	929 cpu_system_milliseconds	0 minor_page_faults/s	0 major_page_faults/s	1779 yields/s	2 preempts/s
92001 milliseconds	3808 MB/s	7588 short_reads/s	0 short_writes_echo/s	59 cpu_user_milliseconds	921 cpu_system_milliseconds	0 minor_page_faults/s	0 major_page_faults/s	1179 yields/s	28 preempts/s
93001 milliseconds	3886 MB/s	2116 short_reads/s	0 short_writes_echo/s	50 cpu_user_milliseconds	933 cpu_system_milliseconds	0 minor_page_faults/s	0 major_page_faults/s	929 yields/s	12 preempts/s
94001 milliseconds	3872 MB/s	2214 short_reads/s	0 short_writes_echo/s	51 cpu_user_milliseconds	914 cpu_system_milliseconds	0 minor_page_faults/s	0 major_page_faults/s	2320 yields/s	43 preempts/s
95001 milliseconds	3979 MB/s	833 short_reads/s	0 short_writes_echo/s	69 cpu_user_milliseconds	893 cpu_system_milliseconds	0 minor_page_faults/s	0 major_page_faults/s	2377 yields/s	0 preempts/s
96001 milliseconds	3914 MB/s	2458 short_reads/s	0 short_writes_echo/s	67 cpu_user_milliseconds	903 cpu_system_milliseconds	0 minor_page_faults/s	0 major_page_faults/s	1688 yields/s	8 preempts/s
97001 milliseconds	3911 MB/s	2328 short_reads/s	0 short_writes_echo/s	55 cpu_user_milliseconds	923 cpu_system_milliseconds	0 minor_page_faults/s	0 major_page_faults/s	1637 yields/s	8 preempts/s
98001 milliseconds	3903 MB/s	1732 short_reads/s	0 short_writes_echo/s	59 cpu_user_milliseconds	898 cpu_system_milliseconds	0 minor_page_faults/s	0 major_page_faults/s	2548 yields/s	21 preempts/s
99001 milliseconds	3845 MB/s	5078 short_reads/s	0 short_writes_echo/s	54 cpu_user_milliseconds	920 cpu_system_milliseconds	0 minor_page_faults/s	0 major_page_faults/s	2416 yields/s	3 preempts/s
100001 milliseconds	3471 MB/s	5464 short_reads/s	0 short_writes_echo/s	61 cpu_user_milliseconds	847 cpu_system_milliseconds	0 minor_page_faults/s	0 major_page_faults/s	2094 yields/s	72 preempts/s
101001 milliseconds	3922 MB/s	2109 short_reads/s	0 short_writes_echo/s	60 cpu_user_milliseconds	900 cpu_system_milliseconds	0 minor_page_faults/s	0 major_page_faults/s	2358 yields/s	26 preempts/s
102001 milliseconds	3838 MB/s	7653 short_reads/s	0 short_writes_echo/s	72 cpu_user_milliseconds	907 cpu_system_milliseconds	0 minor_page_faults/s	0 major_page_faults/s	1603 yields/s	4 preempts/s
103001 milliseconds	3897 MB/s	3758 short_reads/s	0 short_writes_echo/s	51 cpu_user_milliseconds	927 cpu_system_milliseconds	0 minor_page_faults/s	0 major_page_faults/s	1448 yields/s	25 preempts/s
104001 milliseconds	3825 MB/s	5699 short_reads/s	0 short_writes_echo/s	67 cpu_user_milliseconds	899 cpu_system_milliseconds	0 minor_page_faults/s	0 major_page_faults/s	2363 yields/s	6 preempts/s
105001 milliseconds	3879 MB/s	5920 short_reads/s	0 short_writes_echo/s	64 cpu_user_milliseconds	925 cpu_system_milliseconds	0 minor_page_faults/s	0 major_page_faults/s	650 yields/s	11 preempts/s
106001 milliseconds	3924 MB/s	2295 short_reads/s	0 short_writes_echo/s	62 cpu_user_milliseconds	897 cpu_system_milliseconds	0 minor_page_faults/s	0 major_page_faults/s	2599 yields/s	5 preempts/s
107001 milliseconds	3852 MB/s	3200 short_reads/s	0 short_writes_echo/s	61 cpu_user_milliseconds	903 cpu_system_milliseconds	0 minor_page_faults/s	0 major_page_faults/s	2287 yields/s	3 preempts/s
108001 milliseconds	3950 MB/s	1163 short_reads/s	0 short_writes_echo/s	50 cpu_user_milliseconds	933 cpu_system_milliseconds	0 minor_page_faults/s	0 major_page_faults/s	1028 yields/s	3 preempts/s
109001 milliseconds	3885 MB/s	3782 short_reads/s	0 short_writes_echo/s	49 cpu_user_milliseconds	926 cpu_system_milliseconds	0 minor_page_faults/s	0 major_page_faults/s	2250 yields/s	3 preempts/s
110001 milliseconds	3977 MB/s	743 short_reads/s	0 short_writes_echo/s	56 cpu_user_milliseconds	906 cpu_system_milliseconds	0 minor_page_faults/s	0 major_page_faults/s	2429 yields/s	0 preempts/s
111001 milliseconds	3967 MB/s	1403 short_reads/s	0 short_writes_echo/s	47 cpu_user_milliseconds	928 cpu_system_milliseconds	0 minor_page_faults/s	0 major_page_faults/s	1695 yields/s	1 preempts/s
112001 milliseconds	3836 MB/s	5727 short_reads/s	0 short_writes_echo/s	71 cpu_user_milliseconds	912 cpu_system_milliseconds	0 minor_page_faults/s	0 major_page_faults/s	952 yields/s	27 preempts/s
113001 milliseconds	3956 MB/s	1434 short_reads/s	0 short_writes_echo/s	60 cpu_user_milliseconds	916 cpu_system_milliseconds	0 minor_page_faults/s	0 major_page_faults/s	1587 yields/s	5 preempts/s
114001 milliseconds	3884 MB/s	3082 short_reads/s	0 short_writes_echo/s	66 cpu_user_milliseconds	900 cpu_system_milliseconds	0 minor_page_faults/s	0 major_page_faults/s	2703 yields/s	7 preempts/s
115001 milliseconds	3924 MB/s	2488 short_reads/s	0 short_writes_echo/s	62 cpu_user_milliseconds	902 cpu_system_milliseconds	0 minor_page_faults/s	0 major_page_faults/s	2249 yields/s	6 preempts/s
116001 milliseconds	3959 MB/s	941 short_reads/s	0 short_writes_echo/s	58 cpu_user_milliseconds	907 cpu_system_milliseconds	0 minor_page_faults/s	0 major_page_faults/s	2285 yields/s	2 preempts/s
117001 milliseconds	3852 MB/s	3913 short_reads/s	0 short_writes_echo/s	49 cpu_user_milliseconds	905 cpu_system_milliseconds	0 minor_page_faults/s	0 major_page_faults/s	3441 yields/s	1 preempts/s
118001 milliseconds	3954 MB/s	1174 short_reads/s	0 short_writes_echo/s	45 cpu_user_milliseconds	935 cpu_system_milliseconds	0 minor_page_faults/s	0 major_page_faults/s	1313 yields/s	0 preempts/s
119001 milliseconds	3895 MB/s	2808 short_reads/s	0 short_writes_echo/s	57 cpu_user_milliseconds	912 cpu_system_milliseconds	0 minor_page_faults/s	0 major_page_faults/s	2492 yields/s	0 preempts/s
120001 milliseconds	3937 MB/s	1417 short_reads/s	0 short_writes_echo/s	49 cpu_user_milliseconds	937 cpu_system_milliseconds	0 minor_page_faults/s	0 major_page_faults/s	796 yields/s	1 preempts/s
121001 milliseconds	3794 MB/s	5021 short_reads/s	0 short_writes_echo/s	59 cpu_user_milliseconds	913 cpu_system_milliseconds	0 minor_page_faults/s	0 major_page_faults/s	2033 yields/s	1 preempts/s
122001 milliseconds	3835 MB/s	6144 short_reads/s	0 short_writes_echo/s	62 cpu_user_milliseconds	929 cpu_system_milliseconds	0 minor_page_faults/s	0 major_page_faults/s	598 yields/s	12 preempts/s
123001 milliseconds	3849 MB/s	3630 short_reads/s	0 short_writes_echo/s	57 cpu_user_milliseconds	916 cpu_system_milliseconds	0 minor_page_faults/s	0 major_page_faults/s	1542 yields/s	8 preempts/s
124001 milliseconds	3825 MB/s	2425 short_reads/s	0 short_writes_echo/s	53 cpu_user_milliseconds	929 cpu_system_milliseconds	0 minor_page_faults/s	0 major_page_faults/s	1458 yields/s	3 preempts/s
125001 milliseconds	3837 MB/s	2447 short_reads/s	0 short_writes_echo/s	59 cpu_user_milliseconds	923 cpu_system_milliseconds	0 minor_page_faults/s	0 major_page_faults/s	1139 yields/s	2 preempts/s
126001 milliseconds	3975 MB/s	1209 short_reads/s	0 short_writes_echo/s	55 cpu_user_milliseconds	929 cpu_system_milliseconds	0 minor_page_faults/s	0 major_page_faults/s	986 yields/s	7 preempts/s
127001 milliseconds	3875 MB/s	1274 short_reads/s	0 short_writes_echo/s	40 cpu_user_milliseconds	940 cpu_system_milliseconds	0 minor_page_faults/s	0 major_page_faults/s	968 yields/s	4 preempts/s
128001 milliseconds	3912 MB/s	3411 short_reads/s	0 short_writes_echo/s	56 cpu_user_milliseconds	928 cpu_system_milliseconds	0 minor_page_faults/s	0 major_page_faults/s	1035 yields/s	6 preempts/s
129001 milliseconds	3746 MB/s	10339 short_reads/s	0 short_writes_echo/s	46 cpu_user_milliseconds	933 cpu_system_milliseconds	0 minor_page_faults/s	0 major_page_faults/s	1711 yields/s	31 preempts/s
130001 milliseconds	3916 MB/s	3310 short_reads/s	0 short_writes_echo/s	51 cpu_user_milliseconds	927 cpu_system_milliseconds	0 minor_page_faults/s	0 major_page_faults/s	1269 yields/s	31 preempts/s
131001 milliseconds	3946 MB/s	1253 short_reads/s	0 short_writes_echo/s	59 cpu_user_milliseconds	897 cpu_system_milliseconds	0 minor_page_faults/s	0 major_page_faults/s	2809 yields/s	0 preempts/s
132001 milliseconds	3876 MB/s	1996 short_reads/s	0 short_writes_echo/s	64 cpu_user_milliseconds	898 cpu_system_milliseconds	0 minor_page_faults/s	0 major_page_faults/s	2445 yields/s	3 preempts/s
133001 milliseconds	3874 MB/s	11104 short_reads/s	0 short_writes_echo/s	73 cpu_user_milliseconds	919 cpu_system_milliseconds	0 minor_page_faults/s	0 major_page_faults/s	604 yields/s	27 preempts/s
134001 milliseconds	3799 MB/s	9673 short_reads/s	0 short_writes_echo/s	66 cpu_user_milliseconds	916 cpu_system_milliseconds	0 minor_page_faults/s	0 major_page_faults/s	1943 yields/s	37 preempts/s
135001 milliseconds	3926 MB/s	2452 short_reads/s	0 short_writes_echo/s	54 cpu_user_milliseconds	925 cpu_system_milliseconds	0 minor_page_faults/s	0 major_page_faults/s	1346 yields/s	3 preempts/s
136002 milliseconds	3941 MB/s	2234 short_reads/s	0 short_writes_echo/s	59 cpu_user_milliseconds	913 cpu_system_milliseconds	0 minor_page_faults/s	0 major_page_faults/s	1746 yields/s	1 preempts/s
137002 milliseconds	3817 MB/s	4947 short_reads/s	0 short_writes_echo/s	54 cpu_user_milliseconds	914 cpu_system_milliseconds	0 minor_page_faults/s	0 major_page_faults/s	2502 yields/s	3 preempts/s
138002 milliseconds	3501 MB/s	5126 short_reads/s	0 short_writes_echo/s	54 cpu_user_milliseconds	851 cpu_system_milliseconds	0 minor_page_faults/s	0 major_page_faults/s	3202 yields/s	116 preempts/s
139002 milliseconds	3782 MB/s	6861 short_reads/s	0 short_writes_echo/s	67 cpu_user_milliseconds	910 cpu_system_milliseconds	0 minor_page_faults/s	0 major_page_faults/s	1533 yields/s	42 preempts/s
140002 milliseconds	3872 MB/s	7400 short_reads/s	0 short_writes_echo/s	60 cpu_user_milliseconds	919 cpu_system_milliseconds	0 minor_page_faults/s	0 major_page_faults/s	1315 yields/s	16 preempts/s
141002 milliseconds	3952 MB/s	2188 short_reads/s	0 short_writes_echo/s	57 cpu_user_milliseconds	926 cpu_system_milliseconds	0 minor_page_faults/s	0 major_page_faults/s	990 yields/s	4 preempts/s
142002 milliseconds	3922 MB/s	1302 short_reads/s	0 short_writes_echo/s	54 cpu_user_milliseconds	930 cpu_system_milliseconds	0 minor_page_faults/s	0 major_page_faults/s	990 yields/s	2 preempts/s
143002 milliseconds	3929 MB/s	2741 short_reads/s	0 short_writes_echo/s	55 cpu_user_milliseconds	917 cpu_system_milliseconds	0 minor_page_faults/s	0 major_page_faults/s	1833 yields/s	3 preempts/s
144002 milliseconds	3876 MB/s	3358 short_reads/s	0 short_writes_echo/s	55 cpu_user_milliseconds	931 cpu_system_milliseconds	0 minor_page_faults/s	0 major_page_faults/s	1486 yields/s	4 preempts/s
145002 milliseconds	3967 MB/s	967 short_reads/s	0 short_writes_echo/s	55 cpu_user_milliseconds	928 cpu_system_milliseconds	0 minor_page_faults/s	0 major_page_faults/s	960 yields/s	0 preempts/s
146002 milliseconds	3903 MB/s	3607 short_reads/s	0 short_writes_echo/s	56 cpu_user_milliseconds	920 cpu_system_milliseconds	0 minor_page_faults/s	0 major_page_faults/s	1380 yields/s	23 preempts/s
147002 milliseconds	3792 MB/s	8628 short_reads/s	0 short_writes_echo/s	70 cpu_user_milliseconds	910 cpu_system_milliseconds	0 minor_page_faults/s	0 major_page_faults/s	1376 yields/s	16 preempts/s
148002 milliseconds	3913 MB/s	5185 short_reads/s	0 short_writes_echo/s	51 cpu_user_milliseconds	938 cpu_system_milliseconds	0 minor_page_faults/s	0 major_page_faults/s	745 yields/s	3 preempts/s
149002 milliseconds	3853 MB/s	4170 short_reads/s	0 short_writes_echo/s	65 cpu_user_milliseconds	910 cpu_system_milliseconds	0 minor_page_faults/s	0 major_page_faults/s	1470 yields/s	3 preempts/s
150002 milliseconds	3985 MB/s	1187 short_reads/s	0 short_writes_echo/s	47 cpu_user_milliseconds	933 cpu_system_milliseconds	0 minor_page_faults/s	0 major_page_faults/s	1348 yields/s	2 preempts/s
151002 milliseconds	3949 MB/s	1852 short_reads/s	0 short_writes_echo/s	56 cpu_user_milliseconds	917 cpu_system_milliseconds	0 minor_page_faults/s	0 major_page_faults/s	1729 yields/s	5 preempts/s
152002 milliseconds	3848 MB/s	5164 short_reads/s	0 short_writes_echo/s	61 cpu_user_milliseconds	925 cpu_system_milliseconds	0 minor_page_faults/s	0 major_page_faults/s	850 yields/s	28 preempts/s
153002 milliseconds	3855 MB/s	5103 short_reads/s	0 short_writes_echo/s	63 cpu_user_milliseconds	910 cpu_system_milliseconds	0 minor_page_faults/s	0 major_page_faults/s	1720 yields/s	22 preempts/s
154002 milliseconds	3768 MB/s	8688 short_reads/s	0 short_writes_echo/s	67 cpu_user_milliseconds	914 cpu_system_milliseconds	0 minor_page_faults/s	0 major_page_faults/s	1076 yields/s	12 preempts/s
155002 milliseconds	3911 MB/s	3553 short_reads/s	0 short_writes_echo/s	53 cpu_user_milliseconds	926 cpu_system_milliseconds	0 minor_page_faults/s	0 major_page_faults/s	1391 yields/s	15 preempts/s
156002 milliseconds	3879 MB/s	5722 short_reads/s	0 short_writes_echo/s	63 cpu_user_milliseconds	927 cpu_system_milliseconds	0 minor_page_faults/s	0 major_page_faults/s	700 yields/s	13 preempts/s
157002 milliseconds	3909 MB/s	3834 short_reads/s	0 short_writes_echo/s	42 cpu_user_milliseconds	944 cpu_system_milliseconds	0 minor_page_faults/s	0 major_page_faults/s	1354 yields/s	0 preempts/s
158002 milliseconds	3934 MB/s	1327 short_reads/s	0 short_writes_echo/s	51 cpu_user_milliseconds	925 cpu_system_milliseconds	0 minor_page_faults/s	0 major_page_faults/s	1538 yields/s	3 preempts/s
159002 milliseconds	3806 MB/s	6599 short_reads/s	0 short_writes_echo/s	61 cpu_user_milliseconds	925 cpu_system_milliseconds	0 minor_page_faults/s	0 major_page_faults/s	1444 yields/s	1 preempts/s
160002 milliseconds	3913 MB/s	1192 short_reads/s	0 short_writes_echo/s	49 cpu_user_milliseconds	900 cpu_system_milliseconds	0 minor_page_faults/s	0 major_page_faults/s	3085 yields/s	25 preempts/s
161002 milliseconds	3971 MB/s	1364 short_reads/s	0 short_writes_echo/s	59 cpu_user_milliseconds	925 cpu_system_milliseconds	0 minor_page_faults/s	0 major_page_faults/s	978 yields/s	0 preempts/s
162002 milliseconds	3885 MB/s	3266 short_reads/s	0 short_writes_echo/s	55 cpu_user_milliseconds	929 cpu_system_milliseconds	0 minor_page_faults/s	0 major_page_faults/s	1105 yields/s	2 preempts/s
163002 milliseconds	3944 MB/s	1839 short_reads/s	0 short_writes_echo/s	54 cpu_user_milliseconds	919 cpu_system_milliseconds	0 minor_page_faults/s	0 major_page_faults/s	1893 yields/s	4 preempts/s
164002 milliseconds	3852 MB/s	3657 short_reads/s	0 short_writes_echo/s	55 cpu_user_milliseconds	920 cpu_system_milliseconds	0 minor_page_faults/s	0 major_page_faults/s	1590 yields/s	5 preempts/s
165002 milliseconds	3929 MB/s	4207 short_reads/s	0 short_writes_echo/s	56 cpu_user_milliseconds	931 cpu_system_milliseconds	0 minor_page_faults/s	0 major_page_faults/s	802 yields/s	11 preempts/s
166002 milliseconds	3848 MB/s	7839 short_reads/s	0 short_writes_echo/s	58 cpu_user_milliseconds	922 cpu_system_milliseconds	0 minor_page_faults/s	0 major_page_faults/s	1356 yields/s	9 preempts/s
167002 milliseconds	3880 MB/s	5229 short_reads/s	0 short_writes_echo/s	63 cpu_user_milliseconds	920 cpu_system_milliseconds	0 minor_page_faults/s	0 major_page_faults/s	920 yields/s	7 preempts/s
168002 milliseconds	3876 MB/s	4654 short_reads/s	0 short_writes_echo/s	64 cpu_user_milliseconds	925 cpu_system_milliseconds	0 minor_page_faults/s	0 major_page_faults/s	759 yields/s	8 preempts/s
169002 milliseconds	3849 MB/s	3184 short_reads/s	0 short_writes_echo/s	63 cpu_user_milliseconds	906 cpu_system_milliseconds	0 minor_page_faults/s	0 major_page_faults/s	1879 yields/s	4 preempts/s
170002 milliseconds	3986 MB/s	828 short_reads/s	0 short_writes_echo/s	61 cpu_user_milliseconds	901 cpu_system_milliseconds	0 minor_page_faults/s	0 major_page_faults/s	2444 yields/s	0 preempts/s
171002 milliseconds	3928 MB/s	1942 short_reads/s	0 short_writes_echo/s	63 cpu_user_milliseconds	912 cpu_system_milliseconds	0 minor_page_faults/s	0 major_page_faults/s	1381 yields/s	4 preempts/s
172002 milliseconds	3615 MB/s	12424 short_reads/s	0 short_writes_echo/s	63 cpu_user_milliseconds	912 cpu_system_milliseconds	0 minor_page_faults/s	0 major_page_faults/s	1894 yields/s	42 preempts/s
173002 milliseconds	3928 MB/s	2449 short_reads/s	0 short_writes_echo/s	50 cpu_user_milliseconds	926 cpu_system_milliseconds	0 minor_page_faults/s	0 major_page_faults/s	1511 yields/s	8 preempts/s
174002 milliseconds	3855 MB/s	3422 short_reads/s	0 short_writes_echo/s	56 cpu_user_milliseconds	919 cpu_system_milliseconds	0 minor_page_faults/s	0 major_page_faults/s	1853 yields/s	5 preempts/s
175002 milliseconds	3907 MB/s	1166 short_reads/s	0 short_writes_echo/s	59 cpu_user_milliseconds	909 cpu_system_milliseconds	0 minor_page_faults/s	0 major_page_faults/s	2012 yields/s	0 preempts/s
176002 milliseconds	3620 MB/s	5880 short_reads/s	0 short_writes_echo/s	60 cpu_user_milliseconds	874 cpu_system_milliseconds	0 minor_page_faults/s	0 major_page_faults/s	2011 yields/s	64 preempts/s
177002 milliseconds	3775 MB/s	5422 short_reads/s	0 short_writes_echo/s	58 cpu_user_milliseconds	909 cpu_system_milliseconds	0 minor_page_faults/s	0 major_page_faults/s	2766 yields/s	22 preempts/s
178002 milliseconds	3867 MB/s	4051 short_reads/s	0 short_writes_echo/s	70 cpu_user_milliseconds	915 cpu_system_milliseconds	0 minor_page_faults/s	0 major_page_faults/s	994 yields/s	6 preempts/s
179002 milliseconds	3823 MB/s	6975 short_reads/s	0 short_writes_echo/s	55 cpu_user_milliseconds	909 cpu_system_milliseconds	0 minor_page_faults/s	0 major_page_faults/s	2803 yields/s	26 preempts/s
180002 milliseconds	3978 MB/s	960 short_reads/s	0 short_writes_echo/s	46 cpu_user_milliseconds	939 cpu_system_milliseconds	0 minor_page_faults/s	0 major_page_faults/s	972 yields/s	2 preempts/s
181002 milliseconds	3963 MB/s	847 short_reads/s	0 short_writes_echo/s	64 cpu_user_milliseconds	918 cpu_system_milliseconds	0 minor_page_faults/s	0 major_page_faults/s	1017 yields/s	2 preempts/s
182002 milliseconds	3825 MB/s	5674 short_reads/s	0 short_writes_echo/s	58 cpu_user_milliseconds	912 cpu_system_milliseconds	0 minor_page_faults/s	0 major_page_faults/s	2500 yields/s	3 preempts/s
183002 milliseconds	3934 MB/s	1194 short_reads/s	0 short_writes_echo/s	47 cpu_user_milliseconds	924 cpu_system_milliseconds	0 minor_page_faults/s	0 major_page_faults/s	1790 yields/s	3 preempts/s
184002 milliseconds	3837 MB/s	2741 short_reads/s	0 short_writes_echo/s	64 cpu_user_milliseconds	894 cpu_system_milliseconds	0 minor_page_faults/s	0 major_page_faults/s	2759 yields/s	8 preempts/s
185002 milliseconds	3942 MB/s	2176 short_reads/s	0 short_writes_echo/s	52 cpu_user_milliseconds	905 cpu_system_milliseconds	0 minor_page_faults/s	0 major_page_faults/s	2728 yields/s	0 preempts/s
186002 milliseconds	3949 MB/s	1461 short_reads/s	0 short_writes_echo/s	57 cpu_user_milliseconds	924 cpu_system_milliseconds	0 minor_page_faults/s	0 major_page_faults/s	1033 yields/s	2 preempts/s
187002 milliseconds	3880 MB/s	2111 short_reads/s	0 short_writes_echo/s	53 cpu_user_milliseconds	918 cpu_system_milliseconds	0 minor_page_faults/s	0 major_page_faults/s	1948 yields/s	3 preempts/s
188002 milliseconds	3923 MB/s	1959 short_reads/s	0 short_writes_echo/s	65 cpu_user_milliseconds	920 cpu_system_milliseconds	0 minor_page_faults/s	0 major_page_faults/s	891 yields/s	33 preempts/s
189002 milliseconds	3767 MB/s	7832 short_reads/s	0 short_writes_echo/s	69 cpu_user_milliseconds	920 cpu_system_milliseconds	0 minor_page_faults/s	0 major_page_faults/s	935 yields/s	25 preempts/s
190002 milliseconds	3911 MB/s	3529 short_reads/s	0 short_writes_echo/s	52 cpu_user_milliseconds	916 cpu_system_milliseconds	0 minor_page_faults/s	0 major_page_faults/s	2049 yields/s	2 preempts/s
191002 milliseconds	3988 MB/s	639 short_reads/s	0 short_writes_echo/s	49 cpu_user_milliseconds	927 cpu_system_milliseconds	0 minor_page_faults/s	0 major_page_faults/s	1457 yields/s	2 preempts/s
192002 milliseconds	3886 MB/s	1901 short_reads/s	0 short_writes_echo/s	51 cpu_user_milliseconds	919 cpu_system_milliseconds	0 minor_page_faults/s	0 major_page_faults/s	2001 yields/s	0 preempts/s
193002 milliseconds	3876 MB/s	6378 short_reads/s	0 short_writes_echo/s	57 cpu_user_milliseconds	919 cpu_system_milliseconds	0 minor_page_faults/s	0 major_page_faults/s	1467 yields/s	8 preempts/s
194002 milliseconds	3855 MB/s	5212 short_reads/s	0 short_writes_echo/s	66 cpu_user_milliseconds	922 cpu_system_milliseconds	0 minor_page_faults/s	0 major_page_faults/s	1077 yields/s	6 preempts/s
195002 milliseconds	3973 MB/s	1243 short_reads/s	0 short_writes_echo/s	58 cpu_user_milliseconds	931 cpu_system_milliseconds	0 minor_page_faults/s	0 major_page_faults/s	741 yields/s	1 preempts/s
196002 milliseconds	3860 MB/s	4575 short_reads/s	0 short_writes_echo/s	61 cpu_user_milliseconds	908 cpu_system_milliseconds	0 minor_page_faults/s	0 major_page_faults/s	1757 yields/s	29 preempts/s
197002 milliseconds	3890 MB/s	2479 short_reads/s	0 short_writes_echo/s	53 cpu_user_milliseconds	936 cpu_system_milliseconds	0 minor_page_faults/s	0 major_page_faults/s	833 yields/s	4 preempts/s
198002 milliseconds	3905 MB/s	1019 short_reads/s	0 short_writes_echo/s	56 cpu_user_milliseconds	901 cpu_system_milliseconds	0 minor_page_faults/s	0 major_page_faults/s	2685 yields/s	1 preempts/s
199002 milliseconds	3866 MB/s	2926 short_reads/s	0 short_writes_echo/s	56 cpu_user_milliseconds	921 cpu_system_milliseconds	0 minor_page_faults/s	0 major_page_faults/s	1464 yields/s	6 preempts/s
200002 milliseconds	3934 MB/s	1862 short_reads/s	0 short_writes_echo/s	55 cpu_user_milliseconds	906 cpu_system_milliseconds	0 minor_page_faults/s	0 major_page_faults/s	2383 yields/s	18 preempts/s
201002 milliseconds	3932 MB/s	1795 short_reads/s	0 short_writes_echo/s	58 cpu_user_milliseconds	913 cpu_system_milliseconds	0 minor_page_faults/s	0 major_page_faults/s	1831 yields/s	5 preempts/s
202002 milliseconds	3862 MB/s	3570 short_reads/s	0 short_writes_echo/s	48 cpu_user_milliseconds	930 cpu_system_milliseconds	0 minor_page_faults/s	0 major_page_faults/s	1509 yields/s	0 preempts/s
203002 milliseconds	3959 MB/s	1530 short_reads/s	0 short_writes_echo/s	50 cpu_user_milliseconds	930 cpu_system_milliseconds	0 minor_page_faults/s	0 major_page_faults/s	1353 yields/s	1 preempts/s
204002 milliseconds	3904 MB/s	2444 short_reads/s	0 short_writes_echo/s	55 cpu_user_milliseconds	916 cpu_system_milliseconds	0 minor_page_faults/s	0 major_page_faults/s	2403 yields/s	0 preempts/s
205002 milliseconds	3974 MB/s	1001 short_reads/s	0 short_writes_echo/s	46 cpu_user_milliseconds	941 cpu_system_milliseconds	0 minor_page_faults/s	0 major_page_faults/s	797 yields/s	1 preempts/s
206002 milliseconds	3990 MB/s	685 short_reads/s	0 short_writes_echo/s	60 cpu_user_milliseconds	909 cpu_system_milliseconds	0 minor_page_faults/s	0 major_page_faults/s	1942 yields/s	2 preempts/s
207002 milliseconds	3867 MB/s	4139 short_reads/s	0 short_writes_echo/s	55 cpu_user_milliseconds	916 cpu_system_milliseconds	0 minor_page_faults/s	0 major_page_faults/s	1965 yields/s	20 preempts/s
208002 milliseconds	3910 MB/s	2322 short_reads/s	0 short_writes_echo/s	50 cpu_user_milliseconds	931 cpu_system_milliseconds	0 minor_page_faults/s	0 major_page_faults/s	1222 yields/s	4 preempts/s
209002 milliseconds	3852 MB/s	2792 short_reads/s	0 short_writes_echo/s	58 cpu_user_milliseconds	919 cpu_system_milliseconds	0 minor_page_faults/s	0 major_page_faults/s	1350 yields/s	3 preempts/s
210002 milliseconds	3901 MB/s	1081 short_reads/s	0 short_writes_echo/s	49 cpu_user_milliseconds	922 cpu_system_milliseconds	0 minor_page_faults/s	0 major_page_faults/s	1712 yields/s	0 preempts/s
211002 milliseconds	3975 MB/s	688 short_reads/s	0 short_writes_echo/s	43 cpu_user_milliseconds	922 cpu_system_milliseconds	0 minor_page_faults/s	0 major_page_faults/s	2269 yields/s	7 preempts/s
212003 milliseconds	3809 MB/s	2902 short_reads/s	0 short_writes_echo/s	53 cpu_user_milliseconds	907 cpu_system_milliseconds	0 minor_page_faults/s	0 major_page_faults/s	2981 yields/s	6 preempts/s
213003 milliseconds	3916 MB/s	2281 short_reads/s	0 short_writes_echo/s	56 cpu_user_milliseconds	906 cpu_system_milliseconds	0 minor_page_faults/s	0 major_page_faults/s	2433 yields/s	2 preempts/s
214003 milliseconds	3855 MB/s	1990 short_reads/s	0 short_writes_echo/s	55 cpu_user_milliseconds	927 cpu_system_milliseconds	0 minor_page_faults/s	0 major_page_faults/s	925 yields/s	6 preempts/s
215003 milliseconds	3912 MB/s	3216 short_reads/s	0 short_writes_echo/s	58 cpu_user_milliseconds	925 cpu_system_milliseconds	0 minor_page_faults/s	0 major_page_faults/s	972 yields/s	0 preempts/s
216003 milliseconds	3992 MB/s	496 short_reads/s	0 short_writes_echo/s	58 cpu_user_milliseconds	933 cpu_system_milliseconds	0 minor_page_faults/s	0 major_page_faults/s	468 yields/s	2 preempts/s
217003 milliseconds	3839 MB/s	4327 short_reads/s	0 short_writes_echo/s	50 cpu_user_milliseconds	921 cpu_system_milliseconds	0 minor_page_faults/s	0 major_page_faults/s	1970 yields/s	4 preempts/s
218003 milliseconds	3955 MB/s	1287 short_reads/s	0 short_writes_echo/s	56 cpu_user_milliseconds	910 cpu_system_milliseconds	0 minor_page_faults/s	0 major_page_faults/s	2161 yields/s	7 preempts/s
219003 milliseconds	3664 MB/s	9427 short_reads/s	0 short_writes_echo/s	73 cpu_user_milliseconds	899 cpu_system_milliseconds	0 minor_page_faults/s	0 major_page_faults/s	1755 yields/s	9 preempts/s
220003 milliseconds	3923 MB/s	2676 short_reads/s	0 short_writes_echo/s	49 cpu_user_milliseconds	933 cpu_system_milliseconds	0 minor_page_faults/s	0 major_page_faults/s	1298 yields/s	4 preempts/s
221003 milliseconds	3996 MB/s	893 short_reads/s	0 short_writes_echo/s	59 cpu_user_milliseconds	925 cpu_system_milliseconds	0 minor_page_faults/s	0 major_page_faults/s	991 yields/s	1 preempts/s
222003 milliseconds	3872 MB/s	5011 short_reads/s	0 short_writes_echo/s	53 cpu_user_milliseconds	925 cpu_system_milliseconds	0 minor_page_faults/s	0 major_page_faults/s	1542 yields/s	6 preempts/s
223003 milliseconds	3939 MB/s	2166 short_reads/s	0 short_writes_echo/s	50 cpu_user_milliseconds	935 cpu_system_milliseconds	0 minor_page_faults/s	0 major_page_faults/s	1074 yields/s	1 preempts/s
224003 milliseconds	3848 MB/s	5562 short_reads/s	0 short_writes_echo/s	47 cpu_user_milliseconds	935 cpu_system_milliseconds	0 minor_page_faults/s	0 major_page_faults/s	1596 yields/s	8 preempts/s
225003 milliseconds	3953 MB/s	1147 short_reads/s	0 short_writes_echo/s	40 cpu_user_milliseconds	941 cpu_system_milliseconds	0 minor_page_faults/s	0 major_page_faults/s	1242 yields/s	7 preempts/s
226003 milliseconds	3990 MB/s	711 short_reads/s	0 short_writes_echo/s	57 cpu_user_milliseconds	924 cpu_system_milliseconds	0 minor_page_faults/s	0 major_page_faults/s	1052 yields/s	3 preempts/s
227003 milliseconds	3895 MB/s	3025 short_reads/s	0 short_writes_echo/s	59 cpu_user_milliseconds	924 cpu_system_milliseconds	0 minor_page_faults/s	0 major_page_faults/s	1360 yields/s	3 preempts/s
228003 milliseconds	3958 MB/s	1026 short_reads/s	0 short_writes_echo/s	53 cpu_user_milliseconds	918 cpu_system_milliseconds	0 minor_page_faults/s	0 major_page_faults/s	1952 yields/s	0 preempts/s
229003 milliseconds	3905 MB/s	2188 short_reads/s	0 short_writes_echo/s	53 cpu_user_milliseconds	931 cpu_system_milliseconds	0 minor_page_faults/s	0 major_page_faults/s	1180 yields/s	4 preempts/s
230003 milliseconds	3941 MB/s	1659 short_reads/s	0 short_writes_echo/s	62 cpu_user_milliseconds	899 cpu_system_milliseconds	0 minor_page_faults/s	0 major_page_faults/s	2460 yields/s	1 preempts/s
231003 milliseconds	3901 MB/s	4227 short_reads/s	0 short_writes_echo/s	53 cpu_user_milliseconds	919 cpu_system_milliseconds	0 minor_page_faults/s	0 major_page_faults/s	1637 yields/s	28 preempts/s
232003 milliseconds	3860 MB/s	3753 short_reads/s	0 short_writes_echo/s	62 cpu_user_milliseconds	907 cpu_system_milliseconds	0 minor_page_faults/s	0 major_page_faults/s	2445 yields/s	8 preempts/s
233003 milliseconds	3892 MB/s	5198 short_reads/s	0 short_writes_echo/s	59 cpu_user_milliseconds	928 cpu_system_milliseconds	0 minor_page_faults/s	0 major_page_faults/s	878 yields/s	30 preempts/s
234003 milliseconds	3896 MB/s	3806 short_reads/s	0 short_writes_echo/s	50 cpu_user_milliseconds	928 cpu_system_milliseconds	0 minor_page_faults/s	0 major_page_faults/s	2198 yields/s	5 preempts/s
235003 milliseconds	3922 MB/s	1913 short_reads/s	0 short_writes_echo/s	64 cpu_user_milliseconds	912 cpu_system_milliseconds	0 minor_page_faults/s	0 major_page_faults/s	1587 yields/s	6 preempts/s
236003 milliseconds	3867 MB/s	4120 short_reads/s	0 short_writes_echo/s	51 cpu_user_milliseconds	920 cpu_system_milliseconds	0 minor_page_faults/s	0 major_page_faults/s	1750 yields/s	35 preempts/s
237003 milliseconds	3885 MB/s	3157 short_reads/s	0 short_writes_echo/s	63 cpu_user_milliseconds	897 cpu_system_milliseconds	0 minor_page_faults/s	0 major_page_faults/s	3136 yields/s	0 preempts/s
238003 milliseconds	3885 MB/s	3331 short_reads/s	0 short_writes_echo/s	52 cpu_user_milliseconds	925 cpu_system_milliseconds	0 minor_page_faults/s	0 major_page_faults/s	1501 yields/s	2 preempts/s
239003 milliseconds	3868 MB/s	4205 short_reads/s	0 short_writes_echo/s	66 cpu_user_milliseconds	917 cpu_system_milliseconds	0 minor_page_faults/s	0 major_page_faults/s	1787 yields/s	4 preempts/s
240003 milliseconds	3970 MB/s	880 short_reads/s	0 short_writes_echo/s	54 cpu_user_milliseconds	926 cpu_system_milliseconds	0 minor_page_faults/s	0 major_page_faults/s	1178 yields/s	0 preempts/s
