1000 milliseconds	640 MB/s	0 short_reads/s	0 short_writes_echo/s	249 cpu_user_milliseconds	719 cpu_system_milliseconds	178 minor_page_faults/s	0 major_page_faults/s	9607 yields/s	5 preempts/s
2000 milliseconds	736 MB/s	0 short_reads/s	0 short_writes_echo/s	262 cpu_user_milliseconds	729 cpu_system_milliseconds	3 minor_page_faults/s	0 major_page_faults/s	1561 yields/s	3 preempts/s
3000 milliseconds	683 MB/s	0 short_reads/s	0 short_writes_echo/s	260 cpu_user_milliseconds	698 cpu_system_milliseconds	0 minor_page_faults/s	0 major_page_faults/s	13184 yields/s	19 preempts/s
4000 milliseconds	665 MB/s	0 short_reads/s	0 short_writes_echo/s	238 cpu_user_milliseconds	688 cpu_system_milliseconds	0 minor_page_faults/s	0 major_page_faults/s	4534 yields/s	0 preempts/s
5000 milliseconds	714 MB/s	0 short_reads/s	0 short_writes_echo/s	234 cpu_user_milliseconds	743 cpu_system_milliseconds	0 minor_page_faults/s	0 major_page_faults/s	6740 yields/s	1 preempts/s
6000 milliseconds	699 MB/s	0 short_reads/s	0 short_writes_echo/s	241 cpu_user_milliseconds	736 cpu_system_milliseconds	0 minor_page_faults/s	0 major_page_faults/s	6559 yields/s	11 preempts/s
7000 milliseconds	727 MB/s	0 short_reads/s	0 short_writes_echo/s	250 cpu_user_milliseconds	736 cpu_system_milliseconds	0 minor_page_faults/s	0 major_page_faults/s	3678 yields/s	24 preempts/s
8000 milliseconds	682 MB/s	0 short_reads/s	0 short_writes_echo/s	227 cpu_user_milliseconds	737 cpu_system_milliseconds	0 minor_page_faults/s	0 major_page_faults/s	12512 yields/s	2 preempts/s
9000 milliseconds	697 MB/s	0 short_reads/s	0 short_writes_echo/s	246 cpu_user_milliseconds	724 cpu_system_milliseconds	0 minor_page_faults/s	0 major_page_faults/s	7859 yields/s	2 preempts/s
10000 milliseconds	722 MB/s	0 short_reads/s	0 short_writes_echo/s	244 cpu_user_milliseconds	740 cpu_system_milliseconds	0 minor_page_faults/s	0 major_page_faults/s	4351 yields/s	1 preempts/s
11000 milliseconds	685 MB/s	0 short_reads/s	0 short_writes_echo/s	247 cpu_user_milliseconds	719 cpu_system_milliseconds	0 minor_page_faults/s	0 major_page_faults/s	10153 yields/s	4 preempts/s
12000 milliseconds	731 MB/s	0 short_reads/s	0 short_writes_echo/s	250 cpu_user_milliseconds	741 cpu_system_milliseconds	0 minor_page_faults/s	0 major_page_faults/s	1935 yields/s	2 preempts/s
13000 milliseconds	700 MB/s	0 short_reads/s	0 short_writes_echo/s	247 cpu_user_milliseconds	722 cpu_system_milliseconds	0 minor_page_faults/s	0 major_page_faults/s	9217 yields/s	1 preempts/s
14000 milliseconds	721 MB/s	0 short_reads/s	0 short_writes_echo/s	225 cpu_user_milliseconds	766 cpu_system_milliseconds	0 minor_page_faults/s	0 major_page_faults/s	2198 yields/s	0 preempts/s
15000 milliseconds	725 MB/s	0 short_reads/s	0 short_writes_echo/s	264 cpu_user_milliseconds	723 cpu_system_milliseconds	0 minor_page_faults/s	0 major_page_faults/s	2630 yields/s	3 preempts/s
16000 milliseconds	729 MB/s	0 short_reads/s	0 short_writes_echo/s	274 cpu_user_milliseconds	715 cpu_system_milliseconds	0 minor_page_faults/s	0 major_page_faults/s	2479 yields/s	6 preempts/s
17000 milliseconds	679 MB/s	0 short_reads/s	0 short_writes_echo/s	242 cpu_user_milliseconds	717 cpu_system_milliseconds	0 minor_page_faults/s	0 major_page_faults/s	12283 yields/s	15 preempts/s
18000 milliseconds	719 MB/s	0 short_reads/s	0 short_writes_echo/s	285 cpu_user_milliseconds	702 cpu_system_milliseconds	0 minor_page_faults/s	0 major_page_faults/s	3459 yields/s	1 preempts/s
19000 milliseconds	700 MB/s	0 short_reads/s	0 short_writes_echo/s	266 cpu_user_milliseconds	714 cpu_system_milliseconds	0 minor_page_faults/s	0 major_page_faults/s	6656 yields/s	1 preempts/s
20000 milliseconds	711 MB/s	0 short_reads/s	0 short_writes_echo/s	261 cpu_user_milliseconds	716 cpu_system_milliseconds	0 minor_page_faults/s	0 major_page_faults/s	6825 yields/s	1 preempts/s
21000 milliseconds	707 MB/s	0 short_reads/s	0 short_writes_echo/s	248 cpu_user_milliseconds	736 cpu_system_milliseconds	0 minor_page_faults/s	0 major_page_faults/s	4255 yields/s	36 preempts/s
22000 milliseconds	711 MB/s	0 short_reads/s	0 short_writes_echo/s	236 cpu_user_milliseconds	754 cpu_system_milliseconds	0 minor_page_faults/s	0 major_page_faults/s	1962 yields/s	47 preempts/s
23000 milliseconds	738 MB/s	0 short_reads/s	0 short_writes_echo/s	274 cpu_user_milliseconds	717 cpu_system_milliseconds	0 minor_page_faults/s	0 major_page_faults/s	2120 yields/s	1 preempts/s
24000 milliseconds	707 MB/s	0 short_reads/s	0 short_writes_echo/s	260 cpu_user_milliseconds	726 cpu_system_milliseconds	0 minor_page_faults/s	0 major_page_faults/s	3670 yields/s	2 preempts/s
25000 milliseconds	707 MB/s	0 short_reads/s	0 short_writes_echo/s	243 cpu_user_milliseconds	729 cpu_system_milliseconds	0 minor_page_faults/s	0 major_page_faults/s	9433 yields/s	2 preempts/s
26000 milliseconds	695 MB/s	0 short_reads/s	0 short_writes_echo/s	255 cpu_user_milliseconds	718 cpu_system_milliseconds	0 minor_page_faults/s	0 major_page_faults/s	8382 yields/s	3 preempts/s
27000 milliseconds	726 MB/s	0 short_reads/s	0 short_writes_echo/s	243 cpu_user_milliseconds	743 cpu_system_milliseconds	0 minor_page_faults/s	0 major_page_faults/s	4146 yields/s	0 preempts/s
28000 milliseconds	730 MB/s	0 short_reads/s	0 short_writes_echo/s	265 cpu_user_milliseconds	724 cpu_system_milliseconds	0 minor_page_faults/s	0 major_page_faults/s	2998 yields/s	0 preempts/s
29000 milliseconds	715 MB/s	0 short_reads/s	0 short_writes_echo/s	246 cpu_user_milliseconds	733 cpu_system_milliseconds	0 minor_page_faults/s	0 major_page_faults/s	5208 yields/s	1 preempts/s
30000 milliseconds	719 MB/s	0 short_reads/s	0 short_writes_echo/s	242 cpu_user_milliseconds	753 cpu_system_milliseconds	0 minor_page_faults/s	0 major_page_faults/s	667 yields/s	1 preempts/s
31000 milliseconds	713 MB/s	0 short_reads/s	0 short_writes_echo/s	243 cpu_user_milliseconds	745 cpu_system_milliseconds	0 minor_page_faults/s	0 major_page_faults/s	2928 yields/s	0 preempts/s
32000 milliseconds	739 MB/s	0 short_reads/s	0 short_writes_echo/s	227 cpu_user_milliseconds	766 cpu_system_milliseconds	0 minor_page_faults/s	0 major_page_faults/s	1748 yields/s	0 preempts/s
33000 milliseconds	736 MB/s	0 short_reads/s	0 short_writes_echo/s	239 cpu_user_milliseconds	751 cpu_system_milliseconds	0 minor_page_faults/s	0 major_page_faults/s	2370 yields/s	1 preempts/s
34000 milliseconds	722 MB/s	0 short_reads/s	0 short_writes_echo/s	249 cpu_user_milliseconds	734 cpu_system_milliseconds	0 minor_page_faults/s	0 major_page_faults/s	4977 yields/s	0 preempts/s
35000 milliseconds	708 MB/s	0 short_reads/s	0 short_writes_echo/s	262 cpu_user_milliseconds	714 cpu_system_milliseconds	0 minor_page_faults/s	0 major_page_faults/s	7288 yields/s	0 preempts/s
36000 milliseconds	712 MB/s	0 short_reads/s	0 short_writes_echo/s	241 cpu_user_milliseconds	738 cpu_system_milliseconds	0 minor_page_faults/s	0 major_page_faults/s	5972 yields/s	23 preempts/s
37000 milliseconds	715 MB/s	0 short_reads/s	0 short_writes_echo/s	240 cpu_user_milliseconds	740 cpu_system_milliseconds	0 minor_page_faults/s	0 major_page_faults/s	6126 yields/s	1 preempts/s
38000 milliseconds	677 MB/s	0 short_reads/s	0 short_writes_echo/s	245 cpu_user_milliseconds	688 cpu_system_milliseconds	0 minor_page_faults/s	0 major_page_faults/s	5997 yields/s	5 preempts/s
39000 milliseconds	692 MB/s	0 short_reads/s	0 short_writes_echo/s	265 cpu_user_milliseconds	704 cpu_system_milliseconds	0 minor_page_faults/s	0 major_page_faults/s	9662 yields/s	0 preempts/s
40000 milliseconds	700 MB/s	0 short_reads/s	0 short_writes_echo/s	262 cpu_user_milliseconds	710 cpu_system_milliseconds	0 minor_page_faults/s	0 major_page_faults/s	9529 yields/s	1 preempts/s
41000 milliseconds	699 MB/s	0 short_reads/s	0 short_writes_echo/s	248 cpu_user_milliseconds	725 cpu_system_milliseconds	0 minor_page_faults/s	0 major_page_faults/s	7525 yields/s	4 preempts/s
42000 milliseconds	706 MB/s	0 short_reads/s	0 short_writes_echo/s	252 cpu_user_milliseconds	735 cpu_system_milliseconds	0 minor_page_faults/s	0 major_page_faults/s	2516 yields/s	24 preempts/s
43000 milliseconds	730 MB/s	0 short_reads/s	0 short_writes_echo/s	271 cpu_user_milliseconds	720 cpu_system_milliseconds	0 minor_page_faults/s	0 major_page_faults/s	511 yields/s	1 preempts/s
44000 milliseconds	711 MB/s	0 short_reads/s	0 short_writes_echo/s	250 cpu_user_milliseconds	737 cpu_system_milliseconds	0 minor_page_faults/s	0 major_page_faults/s	3449 yields/s	2 preempts/s
45000 milliseconds	733 MB/s	0 short_reads/s	0 short_writes_echo/s	254 cpu_user_milliseconds	740 cpu_system_milliseconds	0 minor_page_faults/s	0 major_page_faults/s	536 yields/s	0 preempts/s
46000 milliseconds	728 MB/s	0 short_reads/s	0 short_writes_echo/s	264 cpu_user_milliseconds	727 cpu_system_milliseconds	0 minor_page_faults/s	0 major_page_faults/s	2125 yields/s	3 preempts/s
47000 milliseconds	729 MB/s	0 short_reads/s	0 short_writes_echo/s	259 cpu_user_milliseconds	727 cpu_system_milliseconds	0 minor_page_faults/s	0 major_page_faults/s	3746 yields/s	0 preempts/s
48000 milliseconds	734 MB/s	0 short_reads/s	0 short_writes_echo/s	252 cpu_user_milliseconds	740 cpu_system_milliseconds	0 minor_page_faults/s	0 major_page_faults/s	654 yields/s	6 preempts/s
49000 milliseconds	696 MB/s	0 short_reads/s	0 short_writes_echo/s	245 cpu_user_milliseconds	734 cpu_system_milliseconds	0 minor_page_faults/s	0 major_page_faults/s	7085 yields/s	2 preempts/s
50000 milliseconds	728 MB/s	0 short_reads/s	0 short_writes_echo/s	242 cpu_user_milliseconds	753 cpu_system_milliseconds	0 minor_page_faults/s	0 major_page_faults/s	978 yields/s	3 preempts/s
51000 milliseconds	711 MB/s	0 short_reads/s	0 short_writes_echo/s	232 cpu_user_milliseconds	746 cpu_system_milliseconds	0 minor_page_faults/s	0 major_page_faults/s	7305 yields/s	1 preempts/s
52000 milliseconds	717 MB/s	0 short_reads/s	0 short_writes_echo/s	257 cpu_user_milliseconds	721 cpu_system_milliseconds	0 minor_page_faults/s	0 major_page_faults/s	7372 yields/s	13 preempts/s
53000 milliseconds	717 MB/s	0 short_reads/s	0 short_writes_echo/s	238 cpu_user_milliseconds	742 cpu_system_milliseconds	0 minor_page_faults/s	0 major_page_faults/s	6350 yields/s	0 preempts/s
54000 milliseconds	688 MB/s	0 short_reads/s	0 short_writes_echo/s	249 cpu_user_milliseconds	717 cpu_system_milliseconds	0 minor_page_faults/s	0 major_page_faults/s	11213 yields/s	2 preempts/s
55000 milliseconds	699 MB/s	0 short_reads/s	0 short_writes_echo/s	220 cpu_user_milliseconds	748 cpu_system_milliseconds	0 minor_page_faults/s	0 major_page_faults/s	10748 yields/s	1 preempts/s
56000 milliseconds	699 MB/s	0 short_reads/s	0 short_writes_echo/s	250 cpu_user_milliseconds	719 cpu_system_milliseconds	0 minor_page_faults/s	0 major_page_faults/s	10265 yields/s	0 preempts/s
57000 milliseconds	709 MB/s	0 short_reads/s	0 short_writes_echo/s	239 cpu_user_milliseconds	737 cpu_system_milliseconds	0 minor_page_faults/s	0 major_page_faults/s	6844 yields/s	21 preempts/s
58000 milliseconds	683 MB/s	0 short_reads/s	0 short_writes_echo/s	237 cpu_user_milliseconds	723 cpu_system_milliseconds	0 minor_page_faults/s	0 major_page_faults/s	13483 yields/s	0 preempts/s
59000 milliseconds	706 MB/s	0 short_reads/s	0 short_writes_echo/s	236 cpu_user_milliseconds	738 cpu_system_milliseconds	0 minor_page_faults/s	0 major_page_faults/s	7971 yields/s	22 preempts/s
60000 milliseconds	713 MB/s	0 short_reads/s	0 short_writes_echo/s	236 cpu_user_milliseconds	746 cpu_system_milliseconds	0 minor_page_faults/s	0 major_page_faults/s	5487 yields/s	30 preempts/s
61000 milliseconds	677 MB/s	0 short_reads/s	0 short_writes_echo/s	234 cpu_user_milliseconds	731 cpu_system_milliseconds	0 minor_page_faults/s	0 major_page_faults/s	10433 yields/s	10 preempts/s
62000 milliseconds	709 MB/s	0 short_reads/s	0 short_writes_echo/s	228 cpu_user_milliseconds	743 cpu_system_milliseconds	0 minor_page_faults/s	0 major_page_faults/s	8726 yields/s	3 preempts/s
63000 milliseconds	733 MB/s	0 short_reads/s	0 short_writes_echo/s	248 cpu_user_milliseconds	747 cpu_system_milliseconds	0 minor_page_faults/s	0 major_page_faults/s	550 yields/s	1 preempts/s
64000 milliseconds	721 MB/s	0 short_reads/s	0 short_writes_echo/s	260 cpu_user_milliseconds	733 cpu_system_milliseconds	0 minor_page_faults/s	0 major_page_faults/s	1526 yields/s	1 preempts/s
65000 milliseconds	734 MB/s	0 short_reads/s	0 short_writes_echo/s	224 cpu_user_milliseconds	768 cpu_system_milliseconds	0 minor_page_faults/s	0 major_page_faults/s	1534 yields/s	4 preempts/s
66000 milliseconds	679 MB/s	0 short_reads/s	0 short_writes_echo/s	238 cpu_user_milliseconds	724 cpu_system_milliseconds	0 minor_page_faults/s	0 major_page_faults/s	11821 yields/s	19 preempts/s
67000 milliseconds	723 MB/s	0 short_reads/s	0 short_writes_echo/s	236 cpu_user_milliseconds	745 cpu_system_milliseconds	0 minor_page_faults/s	0 major_page_faults/s	6110 yields/s	0 preempts/s
68000 milliseconds	724 MB/s	0 short_reads/s	0 short_writes_echo/s	282 cpu_user_milliseconds	697 cpu_system_milliseconds	0 minor_page_faults/s	0 major_page_faults/s	6035 yields/s	21 preempts/s
69000 milliseconds	678 MB/s	0 short_reads/s	0 short_writes_echo/s	257 cpu_user_milliseconds	706 cpu_system_milliseconds	0 minor_page_faults/s	0 major_page_faults/s	11937 yields/s	43 preempts/s
70000 milliseconds	730 MB/s	0 short_reads/s	0 short_writes_echo/s	246 cpu_user_milliseconds	742 cpu_system_milliseconds	0 minor_page_faults/s	0 major_page_faults/s	2388 yields/s	2 preempts/s
71000 milliseconds	729 MB/s	0 short_reads/s	0 short_writes_echo/s	259 cpu_user_milliseconds	726 cpu_system_milliseconds	0 minor_page_faults/s	0 major_page_faults/s	3596 yields/s	0 preempts/s
72000 milliseconds	732 MB/s	0 short_reads/s	0 short_writes_echo/s	248 cpu_user_milliseconds	741 cpu_system_milliseconds	0 minor_page_faults/s	0 major_page_faults/s	3180 yields/s	0 preempts/s
73000 milliseconds	715 MB/s	0 short_reads/s	0 short_writes_echo/s	269 cpu_user_milliseconds	715 cpu_system_milliseconds	0 minor_page_faults/s	0 major_page_faults/s	4389 yields/s	2 preempts/s
74000 milliseconds	711 MB/s	0 short_reads/s	0 short_writes_echo/s	214 cpu_user_milliseconds	765 cpu_system_milliseconds	0 minor_page_faults/s	0 major_page_faults/s	5977 yields/s	2 preempts/s
75000 milliseconds	702 MB/s	0 short_reads/s	0 short_writes_echo/s	249 cpu_user_milliseconds	718 cpu_system_milliseconds	0 minor_page_faults/s	0 major_page_faults/s	11133 yields/s	1 preempts/s
76000 milliseconds	720 MB/s	0 short_reads/s	0 short_writes_echo/s	247 cpu_user_milliseconds	740 cpu_system_milliseconds	0 minor_page_faults/s	0 major_page_faults/s	3383 yields/s	24 preempts/s
77000 milliseconds	704 MB/s	0 short_reads/s	0 short_writes_echo/s	231 cpu_user_milliseconds	749 cpu_system_milliseconds	0 minor_page_faults/s	0 major_page_faults/s	6097 yields/s	2 preempts/s
78000 milliseconds	729 MB/s	0 short_reads/s	0 short_writes_echo/s	236 cpu_user_milliseconds	756 cpu_system_milliseconds	0 minor_page_faults/s	0 major_page_faults/s	2053 yields/s	1 preempts/s
79000 milliseconds	721 MB/s	0 short_reads/s	0 short_writes_echo/s	260 cpu_user_milliseconds	728 cpu_system_milliseconds	0 minor_page_faults/s	0 major_page_faults/s	3467 yields/s	5 preempts/s
80000 milliseconds	717 MB/s	0 short_reads/s	0 short_writes_echo/s	239 cpu_user_milliseconds	747 cpu_system_milliseconds	0 minor_page_faults/s	0 major_page_faults/s	3425 yields/s	1 preempts/s
81000 milliseconds	720 MB/s	0 short_reads/s	0 short_writes_echo/s	251 cpu_user_milliseconds	738 cpu_system_milliseconds	0 minor_page_faults/s	0 major_page_faults/s	3006 yields/s	4 preempts/s
82000 milliseconds	714 MB/s	0 short_reads/s	0 short_writes_echo/s	260 cpu_user_milliseconds	717 cpu_system_milliseconds	0 minor_page_faults/s	0 major_page_faults/s	7407 yields/s	3 preempts/s
83000 milliseconds	717 MB/s	0 short_reads/s	0 short_writes_echo/s	260 cpu_user_milliseconds	716 cpu_system_milliseconds	0 minor_page_faults/s	0 major_page_faults/s	7350 yields/s	18 preempts/s
84000 milliseconds	688 MB/s	0 short_reads/s	0 short_writes_echo/s	234 cpu_user_milliseconds	729 cpu_system_milliseconds	0 minor_page_faults/s	0 major_page_faults/s	12206 yields/s	0 preempts/s
85000 milliseconds	727 MB/s	0 short_reads/s	0 short_writes_echo/s	224 cpu_user_milliseconds	766 cpu_system_milliseconds	0 minor_page_faults/s	0 major_page_faults/s	1729 yields/s	37 preempts/s
86000 milliseconds	726 MB/s	0 short_reads/s	0 short_writes_echo/s	234 cpu_user_milliseconds	752 cpu_system_milliseconds	0 minor_page_faults/s	0 major_page_faults/s	4004 yields/s	2 preempts/s
87000 milliseconds	708 MB/s	0 short_reads/s	0 short_writes_echo/s	266 cpu_user_milliseconds	705 cpu_system_milliseconds	0 minor_page_faults/s	0 major_page_faults/s	9288 yields/s	19 preempts/s
88000 milliseconds	640 MB/s	0 short_reads/s	0 short_writes_echo/s	203 cpu_user_milliseconds	699 cpu_system_milliseconds	0 minor_page_faults/s	0 major_page_faults/s	8928 yields/s	7 preempts/s
89000 milliseconds	687 MB/s	0 short_reads/s	0 short_writes_echo/s	238 cpu_user_milliseconds	726 cpu_system_milliseconds	0 minor_page_faults/s	0 major_page_faults/s	11313 yields/s	28 preempts/s
90000 milliseconds	708 MB/s	0 short_reads/s	0 short_writes_echo/s	214 cpu_user_milliseconds	761 cpu_system_milliseconds	0 minor_page_faults/s	0 major_page_faults/s	8322 yields/s	0 preempts/s
91000 milliseconds	696 MB/s	0 short_reads/s	0 short_writes_echo/s	239 cpu_user_milliseconds	724 cpu_system_milliseconds	0 minor_page_faults/s	0 major_page_faults/s	11480 yields/s	0 preempts/s
92000 milliseconds	714 MB/s	0 short_reads/s	0 short_writes_echo/s	249 cpu_user_milliseconds	736 cpu_system_milliseconds	0 minor_page_faults/s	0 major_page_faults/s	3722 yields/s	0 preempts/s
93000 milliseconds	711 MB/s	0 short_reads/s	0 short_writes_echo/s	238 cpu_user_milliseconds	744 cpu_system_milliseconds	0 minor_page_faults/s	0 major_page_faults/s	5692 yields/s	0 preempts/s
94000 milliseconds	714 MB/s	0 short_reads/s	0 short_writes_echo/s	240 cpu_user_milliseconds	748 cpu_system_milliseconds	0 minor_page_faults/s	0 major_page_faults/s	3205 yields/s	7 preempts/s
95000 milliseconds	719 MB/s	0 short_reads/s	0 short_writes_echo/s	240 cpu_user_milliseconds	747 cpu_system_milliseconds	0 minor_page_faults/s	0 major_page_faults/s	3620 yields/s	1 preempts/s
96000 milliseconds	698 MB/s	0 short_reads/s	0 short_writes_echo/s	247 cpu_user_milliseconds	727 cpu_system_milliseconds	0 minor_page_faults/s	0 major_page_faults/s	7713 yields/s	0 preempts/s
97000 milliseconds	718 MB/s	0 short_reads/s	0 short_writes_echo/s	254 cpu_user_milliseconds	736 cpu_system_milliseconds	0 minor_page_faults/s	0 major_page_faults/s	1467 yields/s	4 preempts/s
98000 milliseconds	731 MB/s	0 short_reads/s	0 short_writes_echo/s	235 cpu_user_milliseconds	757 cpu_system_milliseconds	0 minor_page_faults/s	0 major_page_faults/s	1728 yields/s	1 preempts/s
99000 milliseconds	672 MB/s	0 short_reads/s	0 short_writes_echo/s	227 cpu_user_milliseconds	731 cpu_system_milliseconds	0 minor_page_faults/s	0 major_page_faults/s	13897 yields/s	0 preempts/s
100000 milliseconds	728 MB/s	0 short_reads/s	0 short_writes_echo/s	220 cpu_user_milliseconds	766 cpu_system_milliseconds	0 minor_page_faults/s	0 major_page_faults/s	3801 yields/s	1 preempts/s
101000 milliseconds	709 MB/s	0 short_reads/s	0 short_writes_echo/s	260 cpu_user_milliseconds	718 cpu_system_milliseconds	0 minor_page_faults/s	0 major_page_faults/s	5858 yields/s	33 preempts/s
102000 milliseconds	711 MB/s	0 short_reads/s	0 short_writes_echo/s	234 cpu_user_milliseconds	742 cpu_system_milliseconds	0 minor_page_faults/s	0 major_page_faults/s	6828 yields/s	22 preempts/s
103000 milliseconds	727 MB/s	0 short_reads/s	0 short_writes_echo/s	249 cpu_user_milliseconds	742 cpu_system_milliseconds	0 minor_page_faults/s	0 major_page_faults/s	1442 yields/s	3 preempts/s
104000 milliseconds	708 MB/s	0 short_reads/s	0 short_writes_echo/s	261 cpu_user_milliseconds	712 cpu_system_milliseconds	0 minor_page_faults/s	0 major_page_faults/s	8601 yields/s	0 preempts/s
105000 milliseconds	736 MB/s	0 short_reads/s	0 short_writes_echo/s	236 cpu_user_milliseconds	754 cpu_system_milliseconds	0 minor_page_faults/s	0 major_page_faults/s	2143 yields/s	0 preempts/s
106000 milliseconds	725 MB/s	0 short_reads/s	0 short_writes_echo/s	249 cpu_user_milliseconds	737 cpu_system_milliseconds	0 minor_page_faults/s	0 major_page_faults/s	3645 yields/s	0 preempts/s
107000 milliseconds	698 MB/s	0 short_reads/s	0 short_writes_echo/s	215 cpu_user_milliseconds	756 cpu_system_milliseconds	0 minor_page_faults/s	0 major_page_faults/s	9366 yields/s	1 preempts/s
108000 milliseconds	714 MB/s	0 short_reads/s	0 short_writes_echo/s	246 cpu_user_milliseconds	739 cpu_system_milliseconds	0 minor_page_faults/s	0 major_page_faults/s	4237 yields/s	0 preempts/s
109000 milliseconds	703 MB/s	0 short_reads/s	0 short_writes_echo/s	243 cpu_user_milliseconds	726 cpu_system_milliseconds	0 minor_page_faults/s	0 major_page_faults/s	9178 yields/s	1 preempts/s
110000 milliseconds	741 MB/s	0 short_reads/s	0 short_writes_echo/s	265 cpu_user_milliseconds	729 cpu_system_milliseconds	0 minor_page_faults/s	0 major_page_faults/s	1564 yields/s	5 preempts/s
111000 milliseconds	720 MB/s	0 short_reads/s	0 short_writes_echo/s	244 cpu_user_milliseconds	741 cpu_system_milliseconds	0 minor_page_faults/s	0 major_page_faults/s	3724 yields/s	0 preempts/s
112000 milliseconds	738 MB/s	0 short_reads/s	0 short_writes_echo/s	256 cpu_user_milliseconds	735 cpu_system_milliseconds	0 minor_page_faults/s	0 major_page_faults/s	1818 yields/s	1 preempts/s
113000 milliseconds	718 MB/s	0 short_reads/s	0 short_writes_echo/s	240 cpu_user_milliseconds	747 cpu_system_milliseconds	0 minor_page_faults/s	0 major_page_faults/s	2625 yields/s	33 preempts/s
114000 milliseconds	705 MB/s	0 short_reads/s	0 short_writes_echo/s	246 cpu_user_milliseconds	735 cpu_system_milliseconds	0 minor_page_faults/s	0 major_page_faults/s	5673 yields/s	0 preempts/s
115000 milliseconds	742 MB/s	0 short_reads/s	0 short_writes_echo/s	229 cpu_user_milliseconds	763 cpu_system_milliseconds	0 minor_page_faults/s	0 major_page_faults/s	1292 yields/s	0 preempts/s
116000 milliseconds	712 MB/s	0 short_reads/s	0 short_writes_echo/s	254 cpu_user_milliseconds	738 cpu_system_milliseconds	0 minor_page_faults/s	0 major_page_faults/s	1110 yields/s	5 preempts/s
117000 milliseconds	715 MB/s	0 short_reads/s	0 short_writes_echo/s	222 cpu_user_milliseconds	760 cpu_system_milliseconds	0 minor_page_faults/s	0 major_page_faults/s	4624 yields/s	14 preempts/s
118000 milliseconds	734 MB/s	0 short_reads/s	0 short_writes_echo/s	238 cpu_user_milliseconds	749 cpu_system_milliseconds	0 minor_page_faults/s	0 major_page_faults/s	3179 yields/s	23 preempts/s
119000 milliseconds	703 MB/s	0 short_reads/s	0 short_writes_echo/s	239 cpu_user_milliseconds	734 cpu_system_milliseconds	0 minor_page_faults/s	0 major_page_faults/s	8873 yields/s	0 preempts/s
120000 milliseconds	710 MB/s	0 short_reads/s	0 short_writes_echo/s	220 cpu_user_milliseconds	759 cpu_system_milliseconds	0 minor_page_faults/s	0 major_page_faults/s	6248 yields/s	1 preempts/s
121000 milliseconds	725 MB/s	0 short_reads/s	0 short_writes_echo/s	226 cpu_user_milliseconds	759 cpu_system_milliseconds	0 minor_page_faults/s	0 major_page_faults/s	3436 yields/s	1 preempts/s
122000 milliseconds	709 MB/s	0 short_reads/s	0 short_writes_echo/s	251 cpu_user_milliseconds	732 cpu_system_milliseconds	0 minor_page_faults/s	0 major_page_faults/s	5458 yields/s	0 preempts/s
123000 milliseconds	736 MB/s	0 short_reads/s	0 short_writes_echo/s	253 cpu_user_milliseconds	737 cpu_system_milliseconds	0 minor_page_faults/s	0 major_page_faults/s	2304 yields/s	0 preempts/s
124000 milliseconds	712 MB/s	0 short_reads/s	0 short_writes_echo/s	277 cpu_user_milliseconds	700 cpu_system_milliseconds	0 minor_page_faults/s	0 major_page_faults/s	6483 yields/s	0 preempts/s
125000 milliseconds	716 MB/s	0 short_reads/s	0 short_writes_echo/s	242 cpu_user_milliseconds	751 cpu_system_milliseconds	0 minor_page_faults/s	0 major_page_faults/s	1324 yields/s	0 preempts/s
126000 milliseconds	708 MB/s	0 short_reads/s	0 short_writes_echo/s	243 cpu_user_milliseconds	734 cpu_system_milliseconds	0 minor_page_faults/s	0 major_page_faults/s	7629 yields/s	3 preempts/s
127000 milliseconds	737 MB/s	0 short_reads/s	0 short_writes_echo/s	275 cpu_user_milliseconds	717 cpu_system_milliseconds	0 minor_page_faults/s	0 major_page_faults/s	1685 yields/s	0 preempts/s
128000 milliseconds	731 MB/s	0 short_reads/s	0 short_writes_echo/s	244 cpu_user_milliseconds	751 cpu_system_milliseconds	0 minor_page_faults/s	0 major_page_faults/s	735 yields/s	0 preempts/s
129000 milliseconds	707 MB/s	0 short_reads/s	0 short_writes_echo/s	234 cpu_user_milliseconds	757 cpu_system_milliseconds	0 minor_page_faults/s	0 major_page_faults/s	1741 yields/s	2 preempts/s
130000 milliseconds	731 MB/s	0 short_reads/s	0 short_writes_echo/s	284 cpu_user_milliseconds	705 cpu_system_milliseconds	0 minor_page_faults/s	0 major_page_faults/s	2950 yields/s	0 preempts/s
131000 milliseconds	642 MB/s	0 short_reads/s	0 short_writes_echo/s	260 cpu_user_milliseconds	668 cpu_system_milliseconds	0 minor_page_faults/s	0 major_page_faults/s	5021 yields/s	3 preempts/s
132000 milliseconds	736 MB/s	0 short_reads/s	0 short_writes_echo/s	259 cpu_user_milliseconds	728 cpu_system_milliseconds	0 minor_page_faults/s	0 major_page_faults/s	3264 yields/s	2 preempts/s
133000 milliseconds	729 MB/s	0 short_reads/s	0 short_writes_echo/s	243 cpu_user_milliseconds	742 cpu_system_milliseconds	0 minor_page_faults/s	0 major_page_faults/s	3040 yields/s	38 preempts/s
134000 milliseconds	712 MB/s	0 short_reads/s	0 short_writes_echo/s	239 cpu_user_milliseconds	746 cpu_system_milliseconds	0 minor_page_faults/s	0 major_page_faults/s	4441 yields/s	2 preempts/s
135000 milliseconds	729 MB/s	0 short_reads/s	0 short_writes_echo/s	235 cpu_user_milliseconds	752 cpu_system_milliseconds	0 minor_page_faults/s	0 major_page_faults/s	4265 yields/s	0 preempts/s
136000 milliseconds	720 MB/s	0 short_reads/s	0 short_writes_echo/s	243 cpu_user_milliseconds	744 cpu_system_milliseconds	0 minor_page_faults/s	0 major_page_faults/s	2854 yields/s	1 preempts/s
137000 milliseconds	717 MB/s	0 short_reads/s	0 short_writes_echo/s	218 cpu_user_milliseconds	762 cpu_system_milliseconds	0 minor_page_faults/s	0 major_page_faults/s	5752 yields/s	0 preempts/s
138000 milliseconds	699 MB/s	0 short_reads/s	0 short_writes_echo/s	236 cpu_user_milliseconds	733 cpu_system_milliseconds	0 minor_page_faults/s	0 major_page_faults/s	10134 yields/s	24 preempts/s
139000 milliseconds	715 MB/s	0 short_reads/s	0 short_writes_echo/s	254 cpu_user_milliseconds	734 cpu_system_milliseconds	0 minor_page_faults/s	0 major_page_faults/s	1715 yields/s	0 preempts/s
140000 milliseconds	735 MB/s	0 short_reads/s	0 short_writes_echo/s	245 cpu_user_milliseconds	748 cpu_system_milliseconds	0 minor_page_faults/s	0 major_page_faults/s	1300 yields/s	4 preempts/s
141000 milliseconds	711 MB/s	0 short_reads/s	0 short_writes_echo/s	271 cpu_user_milliseconds	710 cpu_system_milliseconds	0 minor_page_faults/s	0 major_page_faults/s	4516 yields/s	50 preempts/s
142000 milliseconds	701 MB/s	0 short_reads/s	0 short_writes_echo/s	212 cpu_user_milliseconds	771 cpu_system_milliseconds	0 minor_page_faults/s	0 major_page_faults/s	5300 yields/s	5 preempts/s
143000 milliseconds	692 MB/s	0 short_reads/s	0 short_writes_echo/s	243 cpu_user_milliseconds	728 cpu_system_milliseconds	0 minor_page_faults/s	0 major_page_faults/s	9729 yields/s	1 preempts/s
144000 milliseconds	714 MB/s	0 short_reads/s	0 short_writes_echo/s	237 cpu_user_milliseconds	752 cpu_system_milliseconds	0 minor_page_faults/s	0 major_page_faults/s	3475 yields/s	6 preempts/s
145000 milliseconds	709 MB/s	0 short_reads/s	0 short_writes_echo/s	222 cpu_user_milliseconds	767 cpu_system_milliseconds	0 minor_page_faults/s	0 major_page_faults/s	2791 yields/s	2 preempts/s
146000 milliseconds	708 MB/s	0 short_reads/s	0 short_writes_echo/s	260 cpu_user_milliseconds	721 cpu_system_milliseconds	0 minor_page_faults/s	0 major_page_faults/s	6170 yields/s	6 preempts/s
147000 milliseconds	725 MB/s	0 short_reads/s	0 short_writes_echo/s	254 cpu_user_milliseconds	728 cpu_system_milliseconds	0 minor_page_faults/s	0 major_page_faults/s	4758 yields/s	22 preempts/s
148000 milliseconds	700 MB/s	0 short_reads/s	0 short_writes_echo/s	216 cpu_user_milliseconds	752 cpu_system_milliseconds	0 minor_page_faults/s	0 major_page_faults/s	11132 yields/s	4 preempts/s
149000 milliseconds	706 MB/s	0 short_reads/s	0 short_writes_echo/s	243 cpu_user_milliseconds	729 cpu_system_milliseconds	0 minor_page_faults/s	0 major_page_faults/s	7801 yields/s	33 preempts/s
150000 milliseconds	710 MB/s	0 short_reads/s	0 short_writes_echo/s	240 cpu_user_milliseconds	733 cpu_system_milliseconds	0 minor_page_faults/s	0 major_page_faults/s	7715 yields/s	21 preempts/s
151000 milliseconds	692 MB/s	0 short_reads/s	0 short_writes_echo/s	235 cpu_user_milliseconds	731 cpu_system_milliseconds	0 minor_page_faults/s	0 major_page_faults/s	9406 yields/s	2 preempts/s
152000 milliseconds	724 MB/s	0 short_reads/s	0 short_writes_echo/s	246 cpu_user_milliseconds	738 cpu_system_milliseconds	0 minor_page_faults/s	0 major_page_faults/s	4761 yields/s	4 preempts/s
153000 milliseconds	731 MB/s	0 short_reads/s	0 short_writes_echo/s	258 cpu_user_milliseconds	731 cpu_system_milliseconds	0 minor_page_faults/s	0 major_page_faults/s	2248 yields/s	2 preempts/s
154000 milliseconds	719 MB/s	0 short_reads/s	0 short_writes_echo/s	238 cpu_user_milliseconds	755 cpu_system_milliseconds	0 minor_page_faults/s	0 major_page_faults/s	1130 yields/s	6 preempts/s
155000 milliseconds	734 MB/s	0 short_reads/s	0 short_writes_echo/s	267 cpu_user_milliseconds	728 cpu_system_milliseconds	0 minor_page_faults/s	0 major_page_faults/s	666 yields/s	4 preempts/s
156000 milliseconds	709 MB/s	0 short_reads/s	0 short_writes_echo/s	244 cpu_user_milliseconds	737 cpu_system_milliseconds	0 minor_page_faults/s	0 major_page_faults/s	5571 yields/s	4 preempts/s
157000 milliseconds	712 MB/s	0 short_reads/s	0 short_writes_echo/s	233 cpu_user_milliseconds	741 cpu_system_milliseconds	0 minor_page_faults/s	0 major_page_faults/s	6606 yields/s	0 preempts/s
158000 milliseconds	714 MB/s	0 short_reads/s	0 short_writes_echo/s	262 cpu_user_milliseconds	720 cpu_system_milliseconds	0 minor_page_faults/s	0 major_page_faults/s	5418 yields/s	0 preempts/s
159000 milliseconds	706 MB/s	0 short_reads/s	0 short_writes_echo/s	230 cpu_user_milliseconds	760 cpu_system_milliseconds	0 minor_page_faults/s	0 major_page_faults/s	2861 yields/s	1 preempts/s
160000 milliseconds	711 MB/s	0 short_reads/s	0 short_writes_echo/s	227 cpu_user_milliseconds	766 cpu_system_milliseconds	0 minor_page_faults/s	0 major_page_faults/s	1204 yields/s	4 preempts/s
161000 milliseconds	716 MB/s	0 short_reads/s	0 short_writes_echo/s	219 cpu_user_milliseconds	764 cpu_system_milliseconds	0 minor_page_faults/s	0 major_page_faults/s	4072 yields/s	2 preempts/s
162000 milliseconds	721 MB/s	0 short_reads/s	0 short_writes_echo/s	249 cpu_user_milliseconds	732 cpu_system_milliseconds	0 minor_page_faults/s	0 major_page_faults/s	5936 yields/s	1 preempts/s
163000 milliseconds	737 MB/s	0 short_reads/s	0 short_writes_echo/s	243 cpu_user_milliseconds	745 cpu_system_milliseconds	0 minor_page_faults/s	0 major_page_faults/s	1933 yields/s	1 preempts/s
164000 milliseconds	724 MB/s	0 short_reads/s	0 short_writes_echo/s	237 cpu_user_milliseconds	754 cpu_system_milliseconds	0 minor_page_faults/s	0 major_page_faults/s	2278 yields/s	0 preempts/s
165000 milliseconds	711 MB/s	0 short_reads/s	0 short_writes_echo/s	242 cpu_user_milliseconds	745 cpu_system_milliseconds	0 minor_page_faults/s	0 major_page_faults/s	3644 yields/s	1 preempts/s
166000 milliseconds	722 MB/s	0 short_reads/s	0 short_writes_echo/s	249 cpu_user_milliseconds	738 cpu_system_milliseconds	0 minor_page_faults/s	0 major_page_faults/s	3976 yields/s	3 preempts/s
167000 milliseconds	738 MB/s	0 short_reads/s	0 short_writes_echo/s	264 cpu_user_milliseconds	730 cpu_system_milliseconds	0 minor_page_faults/s	0 major_page_faults/s	1324 yields/s	0 preempts/s
168000 milliseconds	740 MB/s	0 short_reads/s	0 short_writes_echo/s	221 cpu_user_milliseconds	771 cpu_system_milliseconds	0 minor_page_faults/s	0 major_page_faults/s	1153 yields/s	0 preempts/s
169000 milliseconds	717 MB/s	0 short_reads/s	0 short_writes_echo/s	253 cpu_user_milliseconds	738 cpu_system_milliseconds	0 minor_page_faults/s	0 major_page_faults/s	1955 yields/s	4 preempts/s
170000 milliseconds	690 MB/s	0 short_reads/s	0 short_writes_echo/s	241 cpu_user_milliseconds	715 cpu_system_milliseconds	0 minor_page_faults/s	0 major_page_faults/s	15405 yields/s	7 preempts/s
171000 milliseconds	692 MB/s	0 short_reads/s	0 short_writes_echo/s	237 cpu_user_milliseconds	728 cpu_system_milliseconds	0 minor_page_faults/s	0 major_page_faults/s	12646 yields/s	2 preempts/s
172000 milliseconds	707 MB/s	0 short_reads/s	0 short_writes_echo/s	230 cpu_user_milliseconds	739 cpu_system_milliseconds	0 minor_page_faults/s	0 major_page_faults/s	10414 yields/s	20 preempts/s
173000 milliseconds	690 MB/s	0 short_reads/s	0 short_writes_echo/s	246 cpu_user_milliseconds	712 cpu_system_milliseconds	0 minor_page_faults/s	0 major_page_faults/s	14715 yields/s	0 preempts/s
174000 milliseconds	704 MB/s	0 short_reads/s	0 short_writes_echo/s	259 cpu_user_milliseconds	716 cpu_system_milliseconds	0 minor_page_faults/s	0 major_page_faults/s	7913 yields/s	0 preempts/s
175000 milliseconds	716 MB/s	0 short_reads/s	0 short_writes_echo/s	243 cpu_user_milliseconds	752 cpu_system_milliseconds	0 minor_page_faults/s	0 major_page_faults/s	680 yields/s	2 preempts/s
176000 milliseconds	698 MB/s	0 short_reads/s	0 short_writes_echo/s	242 cpu_user_milliseconds	729 cpu_system_milliseconds	0 minor_page_faults/s	0 major_page_faults/s	8857 yields/s	2 preempts/s
177000 milliseconds	712 MB/s	0 short_reads/s	0 short_writes_echo/s	239 cpu_user_milliseconds	737 cpu_system_milliseconds	0 minor_page_faults/s	0 major_page_faults/s	6754 yields/s	0 preempts/s
178000 milliseconds	740 MB/s	0 short_reads/s	0 short_writes_echo/s	269 cpu_user_milliseconds	724 cpu_system_milliseconds	0 minor_page_faults/s	0 major_page_faults/s	1158 yields/s	1 preempts/s
179000 milliseconds	712 MB/s	0 short_reads/s	0 short_writes_echo/s	257 cpu_user_milliseconds	722 cpu_system_milliseconds	0 minor_page_faults/s	0 major_page_faults/s	6622 yields/s	0 preempts/s
180000 milliseconds	625 MB/s	0 short_reads/s	0 short_writes_echo/s	214 cpu_user_milliseconds	677 cpu_system_milliseconds	0 minor_page_faults/s	0 major_page_faults/s	8921 yields/s	60 preempts/s
181000 milliseconds	721 MB/s	0 short_reads/s	0 short_writes_echo/s	264 cpu_user_milliseconds	718 cpu_system_milliseconds	0 minor_page_faults/s	0 major_page_faults/s	4434 yields/s	3 preempts/s
182000 milliseconds	712 MB/s	0 short_reads/s	0 short_writes_echo/s	216 cpu_user_milliseconds	776 cpu_system_milliseconds	0 minor_page_faults/s	0 major_page_faults/s	2282 yields/s	4 preempts/s
183000 milliseconds	734 MB/s	0 short_reads/s	0 short_writes_echo/s	225 cpu_user_milliseconds	770 cpu_system_milliseconds	0 minor_page_faults/s	0 major_page_faults/s	1261 yields/s	3 preempts/s
184000 milliseconds	696 MB/s	0 short_reads/s	0 short_writes_echo/s	248 cpu_user_milliseconds	723 cpu_system_milliseconds	0 minor_page_faults/s	0 major_page_faults/s	8717 yields/s	30 preempts/s
185000 milliseconds	727 MB/s	0 short_reads/s	0 short_writes_echo/s	258 cpu_user_milliseconds	729 cpu_system_milliseconds	0 minor_page_faults/s	0 major_page_faults/s	3538 yields/s	1 preempts/s
186000 milliseconds	685 MB/s	0 short_reads/s	0 short_writes_echo/s	246 cpu_user_milliseconds	727 cpu_system_milliseconds	0 minor_page_faults/s	0 major_page_faults/s	7244 yields/s	23 preempts/s
187000 milliseconds	735 MB/s	0 short_reads/s	0 short_writes_echo/s	234 cpu_user_milliseconds	754 cpu_system_milliseconds	0 minor_page_faults/s	0 major_page_faults/s	2419 yields/s	0 preempts/s
188000 milliseconds	722 MB/s	0 short_reads/s	0 short_writes_echo/s	235 cpu_user_milliseconds	757 cpu_system_milliseconds	0 minor_page_faults/s	0 major_page_faults/s	2173 yields/s	0 preempts/s
189000 milliseconds	692 MB/s	0 short_reads/s	0 short_writes_echo/s	232 cpu_user_milliseconds	742 cpu_system_milliseconds	0 minor_page_faults/s	0 major_page_faults/s	8274 yields/s	3 preempts/s
190000 milliseconds	737 MB/s	0 short_reads/s	0 short_writes_echo/s	237 cpu_user_milliseconds	760 cpu_system_milliseconds	0 minor_page_faults/s	0 major_page_faults/s	419 yields/s	5 preempts/s
191000 milliseconds	713 MB/s	0 short_reads/s	0 short_writes_echo/s	258 cpu_user_milliseconds	718 cpu_system_milliseconds	0 minor_page_faults/s	0 major_page_faults/s	6434 yields/s	0 preempts/s
192000 milliseconds	709 MB/s	0 short_reads/s	0 short_writes_echo/s	250 cpu_user_milliseconds	726 cpu_system_milliseconds	0 minor_page_faults/s	0 major_page_faults/s	6638 yields/s	0 preempts/s
193000 milliseconds	731 MB/s	0 short_reads/s	0 short_writes_echo/s	275 cpu_user_milliseconds	718 cpu_system_milliseconds	0 minor_page_faults/s	0 major_page_faults/s	1068 yields/s	6 preempts/s
194000 milliseconds	702 MB/s	0 short_reads/s	0 short_writes_echo/s	229 cpu_user_milliseconds	739 cpu_system_milliseconds	0 minor_page_faults/s	0 major_page_faults/s	8478 yields/s	0 preempts/s
195000 milliseconds	707 MB/s	0 short_reads/s	0 short_writes_echo/s	240 cpu_user_milliseconds	738 cpu_system_milliseconds	0 minor_page_faults/s	0 major_page_faults/s	6777 yields/s	0 preempts/s
196000 milliseconds	702 MB/s	0 short_reads/s	0 short_writes_echo/s	236 cpu_user_milliseconds	747 cpu_system_milliseconds	0 minor_page_faults/s	0 major_page_faults/s	4707 yields/s	1 preempts/s
197000 milliseconds	721 MB/s	0 short_reads/s	0 short_writes_echo/s	228 cpu_user_milliseconds	760 cpu_system_milliseconds	0 minor_page_faults/s	0 major_page_faults/s	2582 yields/s	2 preempts/s
198000 milliseconds	725 MB/s	0 short_reads/s	0 short_writes_echo/s	226 cpu_user_milliseconds	761 cpu_system_milliseconds	0 minor_page_faults/s	0 major_page_faults/s	2541 yields/s	3 preempts/s
199000 milliseconds	713 MB/s	0 short_reads/s	0 short_writes_echo/s	244 cpu_user_milliseconds	737 cpu_system_milliseconds	0 minor_page_faults/s	0 major_page_faults/s	5389 yields/s	0 preempts/s
200000 milliseconds	728 MB/s	0 short_reads/s	0 short_writes_echo/s	252 cpu_user_milliseconds	743 cpu_system_milliseconds	0 minor_page_faults/s	0 major_page_faults/s	820 yields/s	2 preempts/s
201000 milliseconds	717 MB/s	0 short_reads/s	0 short_writes_echo/s	258 cpu_user_milliseconds	731 cpu_system_milliseconds	0 minor_page_faults/s	0 major_page_faults/s	2779 yields/s	3 preempts/s
202000 milliseconds	697 MB/s	0 short_reads/s	0 short_writes_echo/s	254 cpu_user_milliseconds	720 cpu_system_milliseconds	0 minor_page_faults/s	0 major_page_faults/s	7758 yields/s	2 preempts/s
203000 milliseconds	723 MB/s	0 short_reads/s	0 short_writes_echo/s	243 cpu_user_milliseconds	750 cpu_system_milliseconds	0 minor_page_faults/s	0 major_page_faults/s	1750 yields/s	3 preempts/s
204000 milliseconds	710 MB/s	0 short_reads/s	0 short_writes_echo/s	255 cpu_user_milliseconds	721 cpu_system_milliseconds	0 minor_page_faults/s	0 major_page_faults/s	7726 yields/s	0 preempts/s
205000 milliseconds	703 MB/s	0 short_reads/s	0 short_writes_echo/s	230 cpu_user_milliseconds	750 cpu_system_milliseconds	0 minor_page_faults/s	0 major_page_faults/s	5938 yields/s	4 preempts/s
206000 milliseconds	688 MB/s	0 short_reads/s	0 short_writes_echo/s	251 cpu_user_milliseconds	724 cpu_system_milliseconds	0 minor_page_faults/s	0 major_page_faults/s	7313 yields/s	5 preempts/s
207000 milliseconds	720 MB/s	0 short_reads/s	0 short_writes_echo/s	255 cpu_user_milliseconds	733 cpu_system_milliseconds	0 minor_page_faults/s	0 major_page_faults/s	2803 yields/s	1 preempts/s
208000 milliseconds	740 MB/s	0 short_reads/s	0 short_writes_echo/s	260 cpu_user_milliseconds	734 cpu_system_milliseconds	0 minor_page_faults/s	0 major_page_faults/s	924 yields/s	7 preempts/s
209000 milliseconds	698 MB/s	0 short_reads/s	0 short_writes_echo/s	255 cpu_user_milliseconds	723 cpu_system_milliseconds	0 minor_page_faults/s	0 major_page_faults/s	6439 yields/s	25 preempts/s
210000 milliseconds	683 MB/s	0 short_reads/s	0 short_writes_echo/s	241 cpu_user_milliseconds	728 cpu_system_milliseconds	0 minor_page_faults/s	0 major_page_faults/s	10345 yields/s	2 preempts/s
211000 milliseconds	713 MB/s	0 short_reads/s	0 short_writes_echo/s	248 cpu_user_milliseconds	739 cpu_system_milliseconds	0 minor_page_faults/s	0 major_page_faults/s	3613 yields/s	1 preempts/s
212000 milliseconds	729 MB/s	0 short_reads/s	0 short_writes_echo/s	262 cpu_user_milliseconds	724 cpu_system_milliseconds	0 minor_page_faults/s	0 major_page_faults/s	3796 yields/s	9 preempts/s
213000 milliseconds	730 MB/s	0 short_reads/s	0 short_writes_echo/s	234 cpu_user_milliseconds	753 cpu_system_milliseconds	0 minor_page_faults/s	0 major_page_faults/s	3335 yields/s	20 preempts/s
214000 milliseconds	689 MB/s	0 short_reads/s	0 short_writes_echo/s	247 cpu_user_milliseconds	713 cpu_system_milliseconds	0 minor_page_faults/s	0 major_page_faults/s	12456 yields/s	22 preempts/s
215000 milliseconds	730 MB/s	0 short_reads/s	0 short_writes_echo/s	238 cpu_user_milliseconds	760 cpu_system_milliseconds	0 minor_page_faults/s	0 major_page_faults/s	362 yields/s	0 preempts/s
216000 milliseconds	707 MB/s	0 short_reads/s	0 short_writes_echo/s	242 cpu_user_milliseconds	744 cpu_system_milliseconds	0 minor_page_faults/s	0 major_page_faults/s	4274 yields/s	1 preempts/s
217000 milliseconds	727 MB/s	0 short_reads/s	0 short_writes_echo/s	246 cpu_user_milliseconds	736 cpu_system_milliseconds	0 minor_page_faults/s	0 major_page_faults/s	5280 yields/s	1 preempts/s
218000 milliseconds	718 MB/s	0 short_reads/s	0 short_writes_echo/s	250 cpu_user_milliseconds	729 cpu_system_milliseconds	0 minor_page_faults/s	0 major_page_faults/s	6294 yields/s	21 preempts/s
219000 milliseconds	656 MB/s	0 short_reads/s	0 short_writes_echo/s	224 cpu_user_milliseconds	712 cpu_system_milliseconds	0 minor_page_faults/s	0 major_page_faults/s	6832 yields/s	10 preempts/s
220000 milliseconds	715 MB/s	0 short_reads/s	0 short_writes_echo/s	267 cpu_user_milliseconds	713 cpu_system_milliseconds	0 minor_page_faults/s	0 major_page_faults/s	6796 yields/s	0 preempts/s
221000 milliseconds	688 MB/s	0 short_reads/s	0 short_writes_echo/s	235 cpu_user_milliseconds	732 cpu_system_milliseconds	0 minor_page_faults/s	0 major_page_faults/s	9518 yields/s	24 preempts/s
222000 milliseconds	709 MB/s	0 short_reads/s	0 short_writes_echo/s	269 cpu_user_milliseconds	704 cpu_system_milliseconds	0 minor_page_faults/s	0 major_page_faults/s	8026 yields/s	0 preempts/s
223000 milliseconds	674 MB/s	0 short_reads/s	0 short_writes_echo/s	247 cpu_user_milliseconds	713 cpu_system_milliseconds	0 minor_page_faults/s	0 major_page_faults/s	12773 yields/s	0 preempts/s
224000 milliseconds	697 MB/s	0 short_reads/s	0 short_writes_echo/s	254 cpu_user_milliseconds	716 cpu_system_milliseconds	0 minor_page_faults/s	0 major_page_faults/s	9365 yields/s	0 preempts/s
225000 milliseconds	736 MB/s	0 short_reads/s	0 short_writes_echo/s	254 cpu_user_milliseconds	737 cpu_system_milliseconds	0 minor_page_faults/s	0 major_page_faults/s	1686 yields/s	1 preempts/s
226000 milliseconds	705 MB/s	0 short_reads/s	0 short_writes_echo/s	250 cpu_user_milliseconds	735 cpu_system_milliseconds	0 minor_page_faults/s	0 major_page_faults/s	4650 yields/s	10 preempts/s
227000 milliseconds	715 MB/s	0 short_reads/s	0 short_writes_echo/s	238 cpu_user_milliseconds	743 cpu_system_milliseconds	0 minor_page_faults/s	0 major_page_faults/s	6161 yields/s	0 preempts/s
228000 milliseconds	665 MB/s	0 short_reads/s	0 short_writes_echo/s	245 cpu_user_milliseconds	705 cpu_system_milliseconds	0 minor_page_faults/s	0 major_page_faults/s	16337 yields/s	26 preempts/s
229000 milliseconds	715 MB/s	0 short_reads/s	0 short_writes_echo/s	247 cpu_user_milliseconds	739 cpu_system_milliseconds	0 minor_page_faults/s	0 major_page_faults/s	3922 yields/s	5 preempts/s
230000 milliseconds	671 MB/s	0 short_reads/s	0 short_writes_echo/s	273 cpu_user_milliseconds	696 cpu_system_milliseconds	0 minor_page_faults/s	0 major_page_faults/s	8802 yields/s	21 preempts/s
231000 milliseconds	718 MB/s	0 short_reads/s	0 short_writes_echo/s	247 cpu_user_milliseconds	732 cpu_system_milliseconds	0 minor_page_faults/s	0 major_page_faults/s	6057 yields/s	34 preempts/s
232000 milliseconds	715 MB/s	0 short_reads/s	0 short_writes_echo/s	243 cpu_user_milliseconds	737 cpu_system_milliseconds	0 minor_page_faults/s	0 major_page_faults/s	5954 yields/s	4 preempts/s
233000 milliseconds	720 MB/s	0 short_reads/s	0 short_writes_echo/s	249 cpu_user_milliseconds	744 cpu_system_milliseconds	0 minor_page_faults/s	0 major_page_faults/s	1444 yields/s	3 preempts/s
234000 milliseconds	713 MB/s	0 short_reads/s	0 short_writes_echo/s	248 cpu_user_milliseconds	733 cpu_system_milliseconds	0 minor_page_faults/s	0 major_page_faults/s	6117 yields/s	1 preempts/s
235000 milliseconds	738 MB/s	0 short_reads/s	0 short_writes_echo/s	261 cpu_user_milliseconds	728 cpu_system_milliseconds	0 minor_page_faults/s	0 major_page_faults/s	3211 yields/s	0 preempts/s
236000 milliseconds	713 MB/s	0 short_reads/s	0 short_writes_echo/s	252 cpu_user_milliseconds	729 cpu_system_milliseconds	0 minor_page_faults/s	0 major_page_faults/s	4816 yields/s	24 preempts/s
237000 milliseconds	730 MB/s	0 short_reads/s	0 short_writes_echo/s	240 cpu_user_milliseconds	747 cpu_system_milliseconds	0 minor_page_faults/s	0 major_page_faults/s	3855 yields/s	2 preempts/s
238000 milliseconds	723 MB/s	0 short_reads/s	0 short_writes_echo/s	239 cpu_user_milliseconds	751 cpu_system_milliseconds	0 minor_page_faults/s	0 major_page_faults/s	2631 yields/s	36 preempts/s
239000 milliseconds	694 MB/s	0 short_reads/s	0 short_writes_echo/s	243 cpu_user_milliseconds	733 cpu_system_milliseconds	0 minor_page_faults/s	0 major_page_faults/s	7471 yields/s	37 preempts/s
240000 milliseconds	732 MB/s	0 short_reads/s	0 short_writes_echo/s	233 cpu_user_milliseconds	758 cpu_system_milliseconds	0 minor_page_faults/s	0 major_page_faults/s	2580 yields/s	14 preempts/s
