1000 milliseconds	3464 MB/s	363 short_reads/s	0 short_writes_echo/s	69 cpu_user_milliseconds	926 cpu_system_milliseconds	195 minor_page_faults/s	0 major_page_faults/s	874 yields/s	8 preempts/s
2000 milliseconds	3297 MB/s	1618 short_reads/s	0 short_writes_echo/s	73 cpu_user_milliseconds	905 cpu_system_milliseconds	2 minor_page_faults/s	0 major_page_faults/s	3099 yields/s	22 preempts/s
3000 milliseconds	3498 MB/s	401 short_reads/s	0 short_writes_echo/s	70 cpu_user_milliseconds	918 cpu_system_milliseconds	0 minor_page_faults/s	0 major_page_faults/s	1156 yields/s	2 preempts/s
4000 milliseconds	3503 MB/s	255 short_reads/s	0 short_writes_echo/s	66 cpu_user_milliseconds	929 cpu_system_milliseconds	0 minor_page_faults/s	0 major_page_faults/s	537 yields/s	2 preempts/s
5000 milliseconds	3411 MB/s	543 short_reads/s	0 short_writes_echo/s	85 cpu_user_milliseconds	906 cpu_system_milliseconds	0 minor_page_faults/s	0 major_page_faults/s	1250 yields/s	27 preempts/s
6000 milliseconds	3403 MB/s	656 short_reads/s	0 short_writes_echo/s	86 cpu_user_milliseconds	896 cpu_system_milliseconds	0 minor_page_faults/s	0 major_page_faults/s	1935 yields/s	24 preempts/s
7000 milliseconds	3395 MB/s	458 short_reads/s	0 short_writes_echo/s	77 cpu_user_milliseconds	907 cpu_system_milliseconds	0 minor_page_faults/s	0 major_page_faults/s	1845 yields/s	0 preempts/s
8000 milliseconds	3464 MB/s	196 short_reads/s	0 short_writes_echo/s	77 cpu_user_milliseconds	916 cpu_system_milliseconds	0 minor_page_faults/s	0 major_page_faults/s	606 yields/s	3 preempts/s
9000 milliseconds	3444 MB/s	348 short_reads/s	0 short_writes_echo/s	84 cpu_user_milliseconds	896 cpu_system_milliseconds	0 minor_page_faults/s	0 major_page_faults/s	1751 yields/s	0 preempts/s
10000 milliseconds	3361 MB/s	800 short_reads/s	0 short_writes_echo/s	90 cpu_user_milliseconds	902 cpu_system_milliseconds	0 minor_page_faults/s	0 major_page_faults/s	2056 yields/s	4 preempts/s
11000 milliseconds	3417 MB/s	312 short_reads/s	0 short_writes_echo/s	82 cpu_user_milliseconds	909 cpu_system_milliseconds	0 minor_page_faults/s	0 major_page_faults/s	908 yields/s	21 preempts/s
12000 milliseconds	3407 MB/s	1284 short_reads/s	0 short_writes_echo/s	79 cpu_user_milliseconds	909 cpu_system_milliseconds	0 minor_page_faults/s	0 major_page_faults/s	1485 yields/s	40 preempts/s
13000 milliseconds	3455 MB/s	457 short_reads/s	0 short_writes_echo/s	80 cpu_user_milliseconds	913 cpu_system_milliseconds	0 minor_page_faults/s	0 major_page_faults/s	835 yields/s	30 preempts/s
14000 milliseconds	3416 MB/s	686 short_reads/s	0 short_writes_echo/s	66 cpu_user_milliseconds	909 cpu_system_milliseconds	0 minor_page_faults/s	0 major_page_faults/s	2205 yields/s	34 preempts/s
15000 milliseconds	3404 MB/s	756 short_reads/s	0 short_writes_echo/s	82 cpu_user_milliseconds	907 cpu_system_milliseconds	0 minor_page_faults/s	0 major_page_faults/s	1334 yields/s	43 preempts/s
16000 milliseconds	3466 MB/s	225 short_reads/s	0 short_writes_echo/s	88 cpu_user_milliseconds	908 cpu_system_milliseconds	0 minor_page_faults/s	0 major_page_faults/s	681 yields/s	0 preempts/s
17000 milliseconds	3362 MB/s	791 short_reads/s	0 short_writes_echo/s	96 cpu_user_milliseconds	890 cpu_system_milliseconds	0 minor_page_faults/s	0 major_page_faults/s	1792 yields/s	24 preempts/s
18000 milliseconds	3480 MB/s	1177 short_reads/s	0 short_writes_echo/s	65 cpu_user_milliseconds	929 cpu_system_milliseconds	0 minor_page_faults/s	0 major_page_faults/s	1072 yields/s	1 preempts/s
19000 milliseconds	3460 MB/s	542 short_reads/s	0 short_writes_echo/s	87 cpu_user_milliseconds	903 cpu_system_milliseconds	0 minor_page_faults/s	0 major_page_faults/s	1223 yields/s	19 preempts/s
20000 milliseconds	3346 MB/s	1909 short_reads/s	0 short_writes_echo/s	83 cpu_user_milliseconds	903 cpu_system_milliseconds	0 minor_page_faults/s	0 major_page_faults/s	2573 yields/s	1 preempts/s
21000 milliseconds	3506 MB/s	554 short_reads/s	0 short_writes_echo/s	79 cpu_user_milliseconds	914 cpu_system_milliseconds	0 minor_page_faults/s	0 major_page_faults/s	1311 yields/s	1 preempts/s
22000 milliseconds	3427 MB/s	403 short_reads/s	0 short_writes_echo/s	69 cpu_user_milliseconds	920 cpu_system_milliseconds	0 minor_page_faults/s	0 major_page_faults/s	1952 yields/s	0 preempts/s
23000 milliseconds	3414 MB/s	515 short_reads/s	0 short_writes_echo/s	85 cpu_user_milliseconds	895 cpu_system_milliseconds	0 minor_page_faults/s	0 major_page_faults/s	1535 yields/s	76 preempts/s
24000 milliseconds	3457 MB/s	531 short_reads/s	0 short_writes_echo/s	79 cpu_user_milliseconds	913 cpu_system_milliseconds	0 minor_page_faults/s	0 major_page_faults/s	1026 yields/s	23 preempts/s
25000 milliseconds	3361 MB/s	786 short_reads/s	0 short_writes_echo/s	77 cpu_user_milliseconds	907 cpu_system_milliseconds	0 minor_page_faults/s	0 major_page_faults/s	2217 yields/s	23 preempts/s
26000 milliseconds	3478 MB/s	431 short_reads/s	0 short_writes_echo/s	86 cpu_user_milliseconds	907 cpu_system_milliseconds	0 minor_page_faults/s	0 major_page_faults/s	764 yields/s	2 preempts/s
27000 milliseconds	3384 MB/s	466 short_reads/s	0 short_writes_echo/s	85 cpu_user_milliseconds	902 cpu_system_milliseconds	0 minor_page_faults/s	0 major_page_faults/s	2044 yields/s	0 preempts/s
28000 milliseconds	3496 MB/s	380 short_reads/s	0 short_writes_echo/s	77 cpu_user_milliseconds	916 cpu_system_milliseconds	0 minor_page_faults/s	0 major_page_faults/s	945 yields/s	1 preempts/s
29000 milliseconds	3486 MB/s	884 short_reads/s	0 short_writes_echo/s	83 cpu_user_milliseconds	911 cpu_system_milliseconds	0 minor_page_faults/s	0 major_page_faults/s	974 yields/s	3 preempts/s
30000 milliseconds	3426 MB/s	411 short_reads/s	0 short_writes_echo/s	71 cpu_user_milliseconds	911 cpu_system_milliseconds	0 minor_page_faults/s	0 major_page_faults/s	2609 yields/s	1 preempts/s
31000 milliseconds	3446 MB/s	441 short_reads/s	0 short_writes_echo/s	93 cpu_user_milliseconds	896 cpu_system_milliseconds	0 minor_page_faults/s	0 major_page_faults/s	1436 yields/s	0 preempts/s
32000 milliseconds	3419 MB/s	385 short_reads/s	0 short_writes_echo/s	94 cpu_user_milliseconds	891 cpu_system_milliseconds	0 minor_page_faults/s	0 major_page_faults/s	2630 yields/s	0 preempts/s
33000 milliseconds	3509 MB/s	202 short_reads/s	0 short_writes_echo/s	85 cpu_user_milliseconds	907 cpu_system_milliseconds	0 minor_page_faults/s	0 major_page_faults/s	547 yields/s	1 preempts/s
34000 milliseconds	3495 MB/s	432 short_reads/s	0 short_writes_echo/s	93 cpu_user_milliseconds	901 cpu_system_milliseconds	0 minor_page_faults/s	0 major_page_faults/s	1020 yields/s	0 preempts/s
35000 milliseconds	3437 MB/s	479 short_reads/s	0 short_writes_echo/s	86 cpu_user_milliseconds	906 cpu_system_milliseconds	0 minor_page_faults/s	0 major_page_faults/s	1615 yields/s	1 preempts/s
36000 milliseconds	3438 MB/s	888 short_reads/s	0 short_writes_echo/s	87 cpu_user_milliseconds	903 cpu_system_milliseconds	0 minor_page_faults/s	0 major_page_faults/s	1239 yields/s	10 preempts/s
37000 milliseconds	3409 MB/s	1260 short_reads/s	0 short_writes_echo/s	80 cpu_user_milliseconds	900 cpu_system_milliseconds	0 minor_page_faults/s	0 major_page_faults/s	1845 yields/s	1 preempts/s
38000 milliseconds	3491 MB/s	312 short_reads/s	0 short_writes_echo/s	78 cpu_user_milliseconds	915 cpu_system_milliseconds	0 minor_page_faults/s	0 major_page_faults/s	645 yields/s	0 preempts/s
39000 milliseconds	3362 MB/s	940 short_reads/s	0 short_writes_echo/s	101 cpu_user_milliseconds	885 cpu_system_milliseconds	0 minor_page_faults/s	0 major_page_faults/s	1976 yields/s	1 preempts/s
40000 milliseconds	3359 MB/s	2175 short_reads/s	0 short_writes_echo/s	95 cpu_user_milliseconds	896 cpu_system_milliseconds	0 minor_page_faults/s	0 major_page_faults/s	1524 yields/s	14 preempts/s
41000 milliseconds	3451 MB/s	1174 short_reads/s	0 short_writes_echo/s	94 cpu_user_milliseconds	897 cpu_system_milliseconds	0 minor_page_faults/s	0 major_page_faults/s	1332 yields/s	2 preempts/s
42000 milliseconds	3399 MB/s	556 short_reads/s	0 short_writes_echo/s	89 cpu_user_milliseconds	894 cpu_system_milliseconds	0 minor_page_faults/s	0 major_page_faults/s	2703 yields/s	2 preempts/s
43000 milliseconds	3478 MB/s	428 short_reads/s	0 short_writes_echo/s	69 cpu_user_milliseconds	918 cpu_system_milliseconds	0 minor_page_faults/s	0 major_page_faults/s	1099 yields/s	3 preempts/s
44000 milliseconds	3433 MB/s	491 short_reads/s	0 short_writes_echo/s	78 cpu_user_milliseconds	916 cpu_system_milliseconds	0 minor_page_faults/s	0 major_page_faults/s	753 yields/s	6 preempts/s
45000 milliseconds	2963 MB/s	4189 short_reads/s	0 short_writes_echo/s	83 cpu_user_milliseconds	847 cpu_system_milliseconds	0 minor_page_faults/s	0 major_page_faults/s	3944 yields/s	10 preempts/s
46000 milliseconds	3347 MB/s	1596 short_reads/s	0 short_writes_echo/s	78 cpu_user_milliseconds	902 cpu_system_milliseconds	0 minor_page_faults/s	0 major_page_faults/s	2328 yields/s	26 preempts/s
47000 milliseconds	3292 MB/s	833 short_reads/s	0 short_writes_echo/s	84 cpu_user_milliseconds	897 cpu_system_milliseconds	0 minor_page_faults/s	0 major_page_faults/s	2671 yields/s	2 preempts/s
48000 milliseconds	3503 MB/s	439 short_reads/s	0 short_writes_echo/s	83 cpu_user_milliseconds	912 cpu_system_milliseconds	0 minor_page_faults/s	0 major_page_faults/s	827 yields/s	0 preempts/s
49000 milliseconds	3511 MB/s	175 short_reads/s	0 short_writes_echo/s	71 cpu_user_milliseconds	924 cpu_system_milliseconds	0 minor_page_faults/s	0 major_page_faults/s	365 yields/s	1 preempts/s
50000 milliseconds	3419 MB/s	731 short_reads/s	0 short_writes_echo/s	99 cpu_user_milliseconds	893 cpu_system_milliseconds	0 minor_page_faults/s	0 major_page_faults/s	1301 yields/s	2 preempts/s
51000 milliseconds	3477 MB/s	297 short_reads/s	0 short_writes_echo/s	89 cpu_user_milliseconds	903 cpu_system_milliseconds	0 minor_page_faults/s	0 major_page_faults/s	1045 yields/s	1 preempts/s
52000 milliseconds	3353 MB/s	382 short_reads/s	0 short_writes_echo/s	88 cpu_user_milliseconds	869 cpu_system_milliseconds	0 minor_page_faults/s	0 major_page_faults/s	4211 yields/s	1 preempts/s
53000 milliseconds	3529 MB/s	166 short_reads/s	0 short_writes_echo/s	68 cpu_user_milliseconds	926 cpu_system_milliseconds	0 minor_page_faults/s	0 major_page_faults/s	465 yields/s	1 preempts/s
54000 milliseconds	3440 MB/s	511 short_reads/s	0 short_writes_echo/s	76 cpu_user_milliseconds	915 cpu_system_milliseconds	0 minor_page_faults/s	0 major_page_faults/s	1139 yields/s	26 preempts/s
55000 milliseconds	3413 MB/s	908 short_reads/s	0 short_writes_echo/s	74 cpu_user_milliseconds	911 cpu_system_milliseconds	0 minor_page_faults/s	0 major_page_faults/s	2811 yields/s	0 preempts/s
56000 milliseconds	3448 MB/s	238 short_reads/s	0 short_writes_echo/s	68 cpu_user_milliseconds	924 cpu_system_milliseconds	0 minor_page_faults/s	0 major_page_faults/s	1052 yields/s	26 preempts/s
57000 milliseconds	3422 MB/s	362 short_reads/s	0 short_writes_echo/s	80 cpu_user_milliseconds	901 cpu_system_milliseconds	0 minor_page_faults/s	0 major_page_faults/s	2743 yields/s	6 preempts/s
58000 milliseconds	3525 MB/s	466 short_reads/s	0 short_writes_echo/s	75 cpu_user_milliseconds	917 cpu_system_milliseconds	0 minor_page_faults/s	0 major_page_faults/s	1009 yields/s	1 preempts/s
59000 milliseconds	3446 MB/s	558 short_reads/s	0 short_writes_echo/s	71 cpu_user_milliseconds	916 cpu_system_milliseconds	0 minor_page_faults/s	0 major_page_faults/s	1048 yields/s	26 preempts/s
60000 milliseconds	3368 MB/s	1061 short_reads/s	0 short_writes_echo/s	80 cpu_user_milliseconds	908 cpu_system_milliseconds	0 minor_page_faults/s	0 major_page_faults/s	2537 yields/s	4 preempts/s
61000 milliseconds	3432 MB/s	378 short_reads/s	0 short_writes_echo/s	90 cpu_user_milliseconds	902 cpu_system_milliseconds	0 minor_page_faults/s	0 major_page_faults/s	951 yields/s	41 preempts/s
62000 milliseconds	3395 MB/s	282 short_reads/s	0 short_writes_echo/s	91 cpu_user_milliseconds	903 cpu_system_milliseconds	0 minor_page_faults/s	0 major_page_faults/s	1123 yields/s	4 preempts/s
63000 milliseconds	3413 MB/s	981 short_reads/s	0 short_writes_echo/s	74 cpu_user_milliseconds	909 cpu_system_milliseconds	0 minor_page_faults/s	0 major_page_faults/s	1615 yields/s	2 preempts/s
64000 milliseconds	3445 MB/s	558 short_reads/s	0 short_writes_echo/s	80 cpu_user_milliseconds	901 cpu_system_milliseconds	0 minor_page_faults/s	0 major_page_faults/s	1774 yields/s	3 preempts/s
65000 milliseconds	3387 MB/s	832 short_reads/s	0 short_writes_echo/s	84 cpu_user_milliseconds	889 cpu_system_milliseconds	0 minor_page_faults/s	0 major_page_faults/s	2782 yields/s	23 preempts/s
66000 milliseconds	3247 MB/s	2634 short_reads/s	0 short_writes_echo/s	73 cpu_user_milliseconds	912 cpu_system_milliseconds	0 minor_page_faults/s	0 major_page_faults/s	2650 yields/s	33 preempts/s
67000 milliseconds	3358 MB/s	768 short_reads/s	0 short_writes_echo/s	87 cpu_user_milliseconds	892 cpu_system_milliseconds	0 minor_page_faults/s	0 major_page_faults/s	3820 yields/s	7 preempts/s
68000 milliseconds	3493 MB/s	206 short_reads/s	0 short_writes_echo/s	83 cpu_user_milliseconds	915 cpu_system_milliseconds	0 minor_page_faults/s	0 major_page_faults/s	417 yields/s	3 preempts/s
69000 milliseconds	3445 MB/s	489 short_reads/s	0 short_writes_echo/s	81 cpu_user_milliseconds	908 cpu_system_milliseconds	0 minor_page_faults/s	0 major_page_faults/s	1517 yields/s	36 preempts/s
70000 milliseconds	3409 MB/s	319 short_reads/s	0 short_writes_echo/s	74 cpu_user_milliseconds	909 cpu_system_milliseconds	0 minor_page_faults/s	0 major_page_faults/s	1856 yields/s	19 preempts/s
71000 milliseconds	3471 MB/s	259 short_reads/s	0 short_writes_echo/s	76 cpu_user_milliseconds	907 cpu_system_milliseconds	0 minor_page_faults/s	0 major_page_faults/s	1566 yields/s	6 preempts/s
72000 milliseconds	3381 MB/s	161 short_reads/s	0 short_writes_echo/s	97 cpu_user_milliseconds	873 cpu_system_milliseconds	0 minor_page_faults/s	0 major_page_faults/s	2764 yields/s	3 preempts/s
73000 milliseconds	3441 MB/s	239 short_reads/s	0 short_writes_echo/s	80 cpu_user_milliseconds	916 cpu_system_milliseconds	0 minor_page_faults/s	0 major_page_faults/s	578 yields/s	3 preempts/s
74000 milliseconds	3448 MB/s	927 short_reads/s	0 short_writes_echo/s	96 cpu_user_milliseconds	896 cpu_system_milliseconds	0 minor_page_faults/s	0 major_page_faults/s	1271 yields/s	11 preempts/s
75000 milliseconds	3393 MB/s	383 short_reads/s	0 short_writes_echo/s	85 cpu_user_milliseconds	902 cpu_system_milliseconds	0 minor_page_faults/s	0 major_page_faults/s	1389 yields/s	55 preempts/s
76000 milliseconds	3439 MB/s	208 short_reads/s	0 short_writes_echo/s	71 cpu_user_milliseconds	922 cpu_system_milliseconds	0 minor_page_faults/s	0 major_page_faults/s	790 yields/s	6 preempts/s
77000 milliseconds	3362 MB/s	1210 short_reads/s	0 short_writes_echo/s	89 cpu_user_milliseconds	902 cpu_system_milliseconds	0 minor_page_faults/s	0 major_page_faults/s	1616 yields/s	23 preempts/s
78000 milliseconds	3399 MB/s	1337 short_reads/s	0 short_writes_echo/s	79 cpu_user_milliseconds	912 cpu_system_milliseconds	0 minor_page_faults/s	0 major_page_faults/s	1325 yields/s	25 preempts/s
79000 milliseconds	3440 MB/s	255 short_reads/s	0 short_writes_echo/s	91 cpu_user_milliseconds	897 cpu_system_milliseconds	0 minor_page_faults/s	0 major_page_faults/s	1103 yields/s	2 preempts/s
80000 milliseconds	3343 MB/s	1936 short_reads/s	0 short_writes_echo/s	92 cpu_user_milliseconds	900 cpu_system_milliseconds	0 minor_page_faults/s	0 major_page_faults/s	1498 yields/s	7 preempts/s
81000 milliseconds	3460 MB/s	273 short_reads/s	0 short_writes_echo/s	83 cpu_user_milliseconds	909 cpu_system_milliseconds	0 minor_page_faults/s	0 major_page_faults/s	871 yields/s	31 preempts/s
82000 milliseconds	3372 MB/s	457 short_reads/s	0 short_writes_echo/s	84 cpu_user_milliseconds	905 cpu_system_milliseconds	0 minor_page_faults/s	0 major_page_faults/s	2124 yields/s	4 preempts/s
83000 milliseconds	3521 MB/s	269 short_reads/s	0 short_writes_echo/s	105 cpu_user_milliseconds	884 cpu_system_milliseconds	0 minor_page_faults/s	0 major_page_faults/s	1108 yields/s	1 preempts/s
84000 milliseconds	3202 MB/s	1721 short_reads/s	0 short_writes_echo/s	64 cpu_user_milliseconds	898 cpu_system_milliseconds	0 minor_page_faults/s	0 major_page_faults/s	2721 yields/s	29 preempts/s
85000 milliseconds	3422 MB/s	480 short_reads/s	0 short_writes_echo/s	79 cpu_user_milliseconds	901 cpu_system_milliseconds	0 minor_page_faults/s	0 major_page_faults/s	2888 yields/s	6 preempts/s
86000 milliseconds	3504 MB/s	200 short_reads/s	0 short_writes_echo/s	86 cpu_user_milliseconds	900 cpu_system_milliseconds	0 minor_page_faults/s	0 major_page_faults/s	1124 yields/s	1 preempts/s
87000 milliseconds	3409 MB/s	525 short_reads/s	0 short_writes_echo/s	80 cpu_user_milliseconds	897 cpu_system_milliseconds	0 minor_page_faults/s	0 major_page_faults/s	3583 yields/s	0 preempts/s
88000 milliseconds	3500 MB/s	332 short_reads/s	0 short_writes_echo/s	74 cpu_user_milliseconds	914 cpu_system_milliseconds	0 minor_page_faults/s	0 major_page_faults/s	1435 yields/s	0 preempts/s
89000 milliseconds	3497 MB/s	288 short_reads/s	0 short_writes_echo/s	78 cpu_user_milliseconds	916 cpu_system_milliseconds	0 minor_page_faults/s	0 major_page_faults/s	537 yields/s	0 preempts/s
90000 milliseconds	3420 MB/s	1288 short_reads/s	0 short_writes_echo/s	80 cpu_user_milliseconds	912 cpu_system_milliseconds	0 minor_page_faults/s	0 major_page_faults/s	1581 yields/s	2 preempts/s
91000 milliseconds	3484 MB/s	443 short_reads/s	0 short_writes_echo/s	88 cpu_user_milliseconds	899 cpu_system_milliseconds	0 minor_page_faults/s	0 major_page_faults/s	1764 yields/s	1 preempts/s
92000 milliseconds	3450 MB/s	440 short_reads/s	0 short_writes_echo/s	77 cpu_user_milliseconds	918 cpu_system_milliseconds	0 minor_page_faults/s	0 major_page_faults/s	840 yields/s	0 preempts/s
93000 milliseconds	3506 MB/s	389 short_reads/s	0 short_writes_echo/s	75 cpu_user_milliseconds	919 cpu_system_milliseconds	0 minor_page_faults/s	0 major_page_faults/s	854 yields/s	1 preempts/s
94000 milliseconds	3471 MB/s	443 short_reads/s	0 short_writes_echo/s	79 cpu_user_milliseconds	914 cpu_system_milliseconds	0 minor_page_faults/s	0 major_page_faults/s	958 yields/s	0 preempts/s
95000 milliseconds	3424 MB/s	463 short_reads/s	0 short_writes_echo/s	90 cpu_user_milliseconds	885 cpu_system_milliseconds	0 minor_page_faults/s	0 major_page_faults/s	2554 yields/s	1 preempts/s
96000 milliseconds	3415 MB/s	607 short_reads/s	0 short_writes_echo/s	79 cpu_user_milliseconds	907 cpu_system_milliseconds	0 minor_page_faults/s	0 major_page_faults/s	1495 yields/s	7 preempts/s
97000 milliseconds	3321 MB/s	1828 short_reads/s	0 short_writes_echo/s	104 cpu_user_milliseconds	880 cpu_system_milliseconds	0 minor_page_faults/s	0 major_page_faults/s	1618 yields/s	4 preempts/s
98000 milliseconds	3461 MB/s	164 short_reads/s	0 short_writes_echo/s	95 cpu_user_milliseconds	894 cpu_system_milliseconds	0 minor_page_faults/s	0 major_page_faults/s	797 yields/s	22 preempts/s
99000 milliseconds	3465 MB/s	259 short_reads/s	0 short_writes_echo/s	84 cpu_user_milliseconds	903 cpu_system_milliseconds	0 minor_page_faults/s	0 major_page_faults/s	1174 yields/s	10 preempts/s
100000 milliseconds	3365 MB/s	1214 short_reads/s	0 short_writes_echo/s	86 cpu_user_milliseconds	903 cpu_system_milliseconds	0 minor_page_faults/s	0 major_page_faults/s	2112 yields/s	23 preempts/s
101000 milliseconds	3447 MB/s	279 short_reads/s	0 short_writes_echo/s	97 cpu_user_milliseconds	891 cpu_system_milliseconds	0 minor_page_faults/s	0 major_page_faults/s	1029 yields/s	29 preempts/s
102000 milliseconds	3411 MB/s	423 short_reads/s	0 short_writes_echo/s	75 cpu_user_milliseconds	913 cpu_system_milliseconds	0 minor_page_faults/s	0 major_page_faults/s	2334 yields/s	2 preempts/s
103000 milliseconds	3373 MB/s	1034 short_reads/s	0 short_writes_echo/s	82 cpu_user_milliseconds	903 cpu_system_milliseconds	0 minor_page_faults/s	0 major_page_faults/s	2433 yields/s	8 preempts/s
104000 milliseconds	3511 MB/s	220 short_reads/s	0 short_writes_echo/s	81 cpu_user_milliseconds	913 cpu_system_milliseconds	0 minor_page_faults/s	0 major_page_faults/s	422 yields/s	5 preempts/s
105000 milliseconds	3317 MB/s	2465 short_reads/s	0 short_writes_echo/s	97 cpu_user_milliseconds	892 cpu_system_milliseconds	0 minor_page_faults/s	0 major_page_faults/s	1672 yields/s	5 preempts/s
106000 milliseconds	3488 MB/s	504 short_reads/s	0 short_writes_echo/s	72 cpu_user_milliseconds	921 cpu_system_milliseconds	0 minor_page_faults/s	0 major_page_faults/s	1065 yields/s	0 preempts/s
107000 milliseconds	3385 MB/s	783 short_reads/s	0 short_writes_echo/s	75 cpu_user_milliseconds	910 cpu_system_milliseconds	0 minor_page_faults/s	0 major_page_faults/s	2563 yields/s	17 preempts/s
108000 milliseconds	3291 MB/s	1552 short_reads/s	0 short_writes_echo/s	99 cpu_user_milliseconds	872 cpu_system_milliseconds	0 minor_page_faults/s	0 major_page_faults/s	3682 yields/s	6 preempts/s
109000 milliseconds	3456 MB/s	422 short_reads/s	0 short_writes_echo/s	101 cpu_user_milliseconds	892 cpu_system_milliseconds	0 minor_page_faults/s	0 major_page_faults/s	682 yields/s	1 preempts/s
110000 milliseconds	3349 MB/s	858 short_reads/s	0 short_writes_echo/s	95 cpu_user_milliseconds	898 cpu_system_milliseconds	0 minor_page_faults/s	0 major_page_faults/s	1205 yields/s	1 preempts/s
111000 milliseconds	3413 MB/s	1259 short_reads/s	0 short_writes_echo/s	84 cpu_user_milliseconds	906 cpu_system_milliseconds	0 minor_page_faults/s	0 major_page_faults/s	1269 yields/s	0 preempts/s
112000 milliseconds	3387 MB/s	576 short_reads/s	0 short_writes_echo/s	84 cpu_user_milliseconds	906 cpu_system_milliseconds	0 minor_page_faults/s	0 major_page_faults/s	1801 yields/s	0 preempts/s
113000 milliseconds	3522 MB/s	326 short_reads/s	0 short_writes_echo/s	79 cpu_user_milliseconds	915 cpu_system_milliseconds	0 minor_page_faults/s	0 major_page_faults/s	744 yields/s	0 preempts/s
114000 milliseconds	3493 MB/s	422 short_reads/s	0 short_writes_echo/s	87 cpu_user_milliseconds	907 cpu_system_milliseconds	0 minor_page_faults/s	0 major_page_faults/s	874 yields/s	1 preempts/s
115000 milliseconds	3437 MB/s	466 short_reads/s	0 short_writes_echo/s	80 cpu_user_milliseconds	907 cpu_system_milliseconds	0 minor_page_faults/s	0 major_page_faults/s	2746 yields/s	0 preempts/s
116000 milliseconds	3485 MB/s	343 short_reads/s	0 short_writes_echo/s	98 cpu_user_milliseconds	892 cpu_system_milliseconds	0 minor_page_faults/s	0 major_page_faults/s	1318 yields/s	2 preempts/s
117001 milliseconds	3412 MB/s	966 short_reads/s	0 short_writes_echo/s	77 cpu_user_milliseconds	909 cpu_system_milliseconds	0 minor_page_faults/s	0 major_page_faults/s	2155 yields/s	4 preempts/s
118001 milliseconds	3475 MB/s	388 short_reads/s	0 short_writes_echo/s	85 cpu_user_milliseconds	910 cpu_system_milliseconds	0 minor_page_faults/s	0 major_page_faults/s	425 yields/s	9 preempts/s
119001 milliseconds	3466 MB/s	383 short_reads/s	0 short_writes_echo/s	84 cpu_user_milliseconds	909 cpu_system_milliseconds	0 minor_page_faults/s	0 major_page_faults/s	891 yields/s	20 preempts/s
120001 milliseconds	3416 MB/s	419 short_reads/s	0 short_writes_echo/s	74 cpu_user_milliseconds	914 cpu_system_milliseconds	0 minor_page_faults/s	0 major_page_faults/s	2067 yields/s	5 preempts/s
121001 milliseconds	3357 MB/s	2156 short_reads/s	0 short_writes_echo/s	82 cpu_user_milliseconds	911 cpu_system_milliseconds	0 minor_page_faults/s	0 major_page_faults/s	1544 yields/s	9 preempts/s
122001 milliseconds	3385 MB/s	751 short_reads/s	0 short_writes_echo/s	75 cpu_user_milliseconds	913 cpu_system_milliseconds	0 minor_page_faults/s	0 major_page_faults/s	1967 yields/s	32 preempts/s
123001 milliseconds	3066 MB/s	2671 short_reads/s	0 short_writes_echo/s	83 cpu_user_milliseconds	838 cpu_system_milliseconds	0 minor_page_faults/s	0 major_page_faults/s	2923 yields/s	104 preempts/s
124001 milliseconds	3464 MB/s	928 short_reads/s	0 short_writes_echo/s	94 cpu_user_milliseconds	901 cpu_system_milliseconds	0 minor_page_faults/s	0 major_page_faults/s	831 yields/s	1 preempts/s
125001 milliseconds	3405 MB/s	1280 short_reads/s	0 short_writes_echo/s	76 cpu_user_milliseconds	917 cpu_system_milliseconds	0 minor_page_faults/s	0 major_page_faults/s	1520 yields/s	8 preempts/s
126001 milliseconds	3471 MB/s	383 short_reads/s	0 short_writes_echo/s	89 cpu_user_milliseconds	898 cpu_system_milliseconds	0 minor_page_faults/s	0 major_page_faults/s	1607 yields/s	3 preempts/s
127001 milliseconds	3379 MB/s	1086 short_reads/s	0 short_writes_echo/s	93 cpu_user_milliseconds	897 cpu_system_milliseconds	0 minor_page_faults/s	0 major_page_faults/s	1244 yields/s	1 preempts/s
128001 milliseconds	3430 MB/s	364 short_reads/s	0 short_writes_echo/s	82 cpu_user_milliseconds	913 cpu_system_milliseconds	0 minor_page_faults/s	0 major_page_faults/s	772 yields/s	0 preempts/s
129001 milliseconds	3504 MB/s	445 short_reads/s	0 short_writes_echo/s	93 cpu_user_milliseconds	900 cpu_system_milliseconds	0 minor_page_faults/s	0 major_page_faults/s	930 yields/s	1 preempts/s
130001 milliseconds	3428 MB/s	604 short_reads/s	0 short_writes_echo/s	84 cpu_user_milliseconds	906 cpu_system_milliseconds	0 minor_page_faults/s	0 major_page_faults/s	1509 yields/s	2 preempts/s
131001 milliseconds	3473 MB/s	465 short_reads/s	0 short_writes_echo/s	100 cpu_user_milliseconds	887 cpu_system_milliseconds	0 minor_page_faults/s	0 major_page_faults/s	1714 yields/s	3 preempts/s
132001 milliseconds	3433 MB/s	556 short_reads/s	0 short_writes_echo/s	87 cpu_user_milliseconds	905 cpu_system_milliseconds	0 minor_page_faults/s	0 major_page_faults/s	1568 yields/s	0 preempts/s
133001 milliseconds	3469 MB/s	328 short_reads/s	0 short_writes_echo/s	82 cpu_user_milliseconds	913 cpu_system_milliseconds	0 minor_page_faults/s	0 major_page_faults/s	670 yields/s	6 preempts/s
134001 milliseconds	3425 MB/s	462 short_reads/s	0 short_writes_echo/s	74 cpu_user_milliseconds	897 cpu_system_milliseconds	0 minor_page_faults/s	0 major_page_faults/s	2450 yields/s	6 preempts/s
135001 milliseconds	3348 MB/s	1206 short_reads/s	0 short_writes_echo/s	83 cpu_user_milliseconds	903 cpu_system_milliseconds	0 minor_page_faults/s	0 major_page_faults/s	2126 yields/s	4 preempts/s
136001 milliseconds	3450 MB/s	360 short_reads/s	0 short_writes_echo/s	76 cpu_user_milliseconds	903 cpu_system_milliseconds	0 minor_page_faults/s	0 major_page_faults/s	1881 yields/s	2 preempts/s
137001 milliseconds	3410 MB/s	1410 short_reads/s	0 short_writes_echo/s	81 cpu_user_milliseconds	911 cpu_system_milliseconds	0 minor_page_faults/s	0 major_page_faults/s	1492 yields/s	5 preempts/s
138001 milliseconds	3435 MB/s	615 short_reads/s	0 short_writes_echo/s	91 cpu_user_milliseconds	888 cpu_system_milliseconds	0 minor_page_faults/s	0 major_page_faults/s	1939 yields/s	0 preempts/s
139001 milliseconds	3378 MB/s	1313 short_reads/s	0 short_writes_echo/s	81 cpu_user_milliseconds	896 cpu_system_milliseconds	0 minor_page_faults/s	0 major_page_faults/s	2565 yields/s	64 preempts/s
140001 milliseconds	3399 MB/s	1487 short_reads/s	0 short_writes_echo/s	85 cpu_user_milliseconds	904 cpu_system_milliseconds	0 minor_page_faults/s	0 major_page_faults/s	2550 yields/s	1 preempts/s
141001 milliseconds	3460 MB/s	204 short_reads/s	0 short_writes_echo/s	77 cpu_user_milliseconds	910 cpu_system_milliseconds	0 minor_page_faults/s	0 major_page_faults/s	1033 yields/s	2 preempts/s
142001 milliseconds	3405 MB/s	297 short_reads/s	0 short_writes_echo/s	75 cpu_user_milliseconds	907 cpu_system_milliseconds	0 minor_page_faults/s	0 major_page_faults/s	1627 yields/s	3 preempts/s
143001 milliseconds	3417 MB/s	984 short_reads/s	0 short_writes_echo/s	80 cpu_user_milliseconds	908 cpu_system_milliseconds	0 minor_page_faults/s	0 major_page_faults/s	1373 yields/s	36 preempts/s
144001 milliseconds	3403 MB/s	1118 short_reads/s	0 short_writes_echo/s	83 cpu_user_milliseconds	912 cpu_system_milliseconds	0 minor_page_faults/s	0 major_page_faults/s	814 yields/s	6 preempts/s
145001 milliseconds	3417 MB/s	623 short_reads/s	0 short_writes_echo/s	86 cpu_user_milliseconds	909 cpu_system_milliseconds	0 minor_page_faults/s	0 major_page_faults/s	981 yields/s	4 preempts/s
146001 milliseconds	3450 MB/s	936 short_reads/s	0 short_writes_echo/s	85 cpu_user_milliseconds	909 cpu_system_milliseconds	0 minor_page_faults/s	0 major_page_faults/s	1033 yields/s	6 preempts/s
147001 milliseconds	3334 MB/s	1411 short_reads/s	0 short_writes_echo/s	82 cpu_user_milliseconds	900 cpu_system_milliseconds	0 minor_page_faults/s	0 major_page_faults/s	3101 yields/s	32 preempts/s
148001 milliseconds	3488 MB/s	300 short_reads/s	0 short_writes_echo/s	102 cpu_user_milliseconds	888 cpu_system_milliseconds	0 minor_page_faults/s	0 major_page_faults/s	889 yields/s	4 preempts/s
149001 milliseconds	3480 MB/s	358 short_reads/s	0 short_writes_echo/s	89 cpu_user_milliseconds	904 cpu_system_milliseconds	0 minor_page_faults/s	0 major_page_faults/s	723 yields/s	0 preempts/s
150001 milliseconds	3425 MB/s	512 short_reads/s	0 short_writes_echo/s	78 cpu_user_milliseconds	908 cpu_system_milliseconds	0 minor_page_faults/s	0 major_page_faults/s	2411 yields/s	1 preempts/s
151001 milliseconds	3493 MB/s	480 short_reads/s	0 short_writes_echo/s	76 cpu_user_milliseconds	917 cpu_system_milliseconds	0 minor_page_faults/s	0 major_page_faults/s	1218 yields/s	8 preempts/s
152001 milliseconds	3400 MB/s	627 short_reads/s	0 short_writes_echo/s	67 cpu_user_milliseconds	919 cpu_system_milliseconds	0 minor_page_faults/s	0 major_page_faults/s	2525 yields/s	1 preempts/s
153001 milliseconds	3480 MB/s	589 short_reads/s	0 short_writes_echo/s	84 cpu_user_milliseconds	907 cpu_system_milliseconds	0 minor_page_faults/s	0 major_page_faults/s	1085 yields/s	3 preempts/s
154001 milliseconds	3539 MB/s	268 short_reads/s	0 short_writes_echo/s	77 cpu_user_milliseconds	905 cpu_system_milliseconds	0 minor_page_faults/s	0 major_page_faults/s	1827 yields/s	0 preempts/s
155001 milliseconds	3395 MB/s	987 short_reads/s	0 short_writes_echo/s	95 cpu_user_milliseconds	891 cpu_system_milliseconds	0 minor_page_faults/s	0 major_page_faults/s	2030 yields/s	0 preempts/s
156001 milliseconds	3483 MB/s	245 short_reads/s	0 short_writes_echo/s	78 cpu_user_milliseconds	916 cpu_system_milliseconds	0 minor_page_faults/s	0 major_page_faults/s	705 yields/s	3 preempts/s
157001 milliseconds	3403 MB/s	514 short_reads/s	0 short_writes_echo/s	79 cpu_user_milliseconds	910 cpu_system_milliseconds	0 minor_page_faults/s	0 major_page_faults/s	1464 yields/s	27 preempts/s
158001 milliseconds	3451 MB/s	305 short_reads/s	0 short_writes_echo/s	100 cpu_user_milliseconds	882 cpu_system_milliseconds	0 minor_page_faults/s	0 major_page_faults/s	1281 yields/s	27 preempts/s
159001 milliseconds	3434 MB/s	314 short_reads/s	0 short_writes_echo/s	85 cpu_user_milliseconds	906 cpu_system_milliseconds	0 minor_page_faults/s	0 major_page_faults/s	947 yields/s	29 preempts/s
160001 milliseconds	3393 MB/s	587 short_reads/s	0 short_writes_echo/s	84 cpu_user_milliseconds	903 cpu_system_milliseconds	0 minor_page_faults/s	0 major_page_faults/s	2298 yields/s	16 preempts/s
161001 milliseconds	3423 MB/s	656 short_reads/s	0 short_writes_echo/s	86 cpu_user_milliseconds	905 cpu_system_milliseconds	0 minor_page_faults/s	0 major_page_faults/s	1949 yields/s	3 preempts/s
162001 milliseconds	3359 MB/s	683 short_reads/s	0 short_writes_echo/s	105 cpu_user_milliseconds	876 cpu_system_milliseconds	0 minor_page_faults/s	0 major_page_faults/s	3256 yields/s	2 preempts/s
163001 milliseconds	3471 MB/s	535 short_reads/s	0 short_writes_echo/s	79 cpu_user_milliseconds	913 cpu_system_milliseconds	0 minor_page_faults/s	0 major_page_faults/s	1122 yields/s	4 preempts/s
164001 milliseconds	3496 MB/s	339 short_reads/s	0 short_writes_echo/s	79 cpu_user_milliseconds	910 cpu_system_milliseconds	0 minor_page_faults/s	0 major_page_faults/s	948 yields/s	3 preempts/s
165001 milliseconds	3343 MB/s	1829 short_reads/s	0 short_writes_echo/s	92 cpu_user_milliseconds	890 cpu_system_milliseconds	0 minor_page_faults/s	0 major_page_faults/s	3448 yields/s	23 preempts/s
166001 milliseconds	3497 MB/s	451 short_reads/s	0 short_writes_echo/s	78 cpu_user_milliseconds	915 cpu_system_milliseconds	0 minor_page_faults/s	0 major_page_faults/s	1155 yields/s	5 preempts/s
167001 milliseconds	3120 MB/s	2695 short_reads/s	0 short_writes_echo/s	88 cpu_user_milliseconds	836 cpu_system_milliseconds	0 minor_page_faults/s	0 major_page_faults/s	3102 yields/s	76 preempts/s
168001 milliseconds	3417 MB/s	1209 short_reads/s	0 short_writes_echo/s	82 cpu_user_milliseconds	910 cpu_system_milliseconds	0 minor_page_faults/s	0 major_page_faults/s	916 yields/s	2 preempts/s
169001 milliseconds	3501 MB/s	539 short_reads/s	0 short_writes_echo/s	94 cpu_user_milliseconds	900 cpu_system_milliseconds	0 minor_page_faults/s	0 major_page_faults/s	445 yields/s	2 preempts/s
170001 milliseconds	3454 MB/s	289 short_reads/s	0 short_writes_echo/s	91 cpu_user_milliseconds	893 cpu_system_milliseconds	0 minor_page_faults/s	0 major_page_faults/s	1468 yields/s	2 preempts/s
171001 milliseconds	3369 MB/s	809 short_reads/s	0 short_writes_echo/s	80 cpu_user_milliseconds	897 cpu_system_milliseconds	0 minor_page_faults/s	0 major_page_faults/s	2161 yields/s	24 preempts/s
172001 milliseconds	3438 MB/s	895 short_reads/s	0 short_writes_echo/s	88 cpu_user_milliseconds	904 cpu_system_milliseconds	0 minor_page_faults/s	0 major_page_faults/s	972 yields/s	2 preempts/s
173001 milliseconds	3508 MB/s	473 short_reads/s	0 short_writes_echo/s	95 cpu_user_milliseconds	898 cpu_system_milliseconds	0 minor_page_faults/s	0 major_page_faults/s	861 yields/s	6 preempts/s
174001 milliseconds	3474 MB/s	427 short_reads/s	0 short_writes_echo/s	79 cpu_user_milliseconds	912 cpu_system_milliseconds	0 minor_page_faults/s	0 major_page_faults/s	967 yields/s	10 preempts/s
175001 milliseconds	3404 MB/s	450 short_reads/s	0 short_writes_echo/s	67 cpu_user_milliseconds	915 cpu_system_milliseconds	0 minor_page_faults/s	0 major_page_faults/s	2200 yields/s	3 preempts/s
176001 milliseconds	3461 MB/s	597 short_reads/s	0 short_writes_echo/s	72 cpu_user_milliseconds	917 cpu_system_milliseconds	0 minor_page_faults/s	0 major_page_faults/s	1349 yields/s	2 preempts/s
177001 milliseconds	3419 MB/s	1491 short_reads/s	0 short_writes_echo/s	82 cpu_user_milliseconds	910 cpu_system_milliseconds	0 minor_page_faults/s	0 major_page_faults/s	1172 yields/s	5 preempts/s
178001 milliseconds	3470 MB/s	427 short_reads/s	0 short_writes_echo/s	73 cpu_user_milliseconds	923 cpu_system_milliseconds	0 minor_page_faults/s	0 major_page_faults/s	612 yields/s	7 preempts/s
179001 milliseconds	3451 MB/s	261 short_reads/s	0 short_writes_echo/s	76 cpu_user_milliseconds	894 cpu_system_milliseconds	0 minor_page_faults/s	0 major_page_faults/s	2438 yields/s	16 preempts/s
180001 milliseconds	3402 MB/s	1246 short_reads/s	0 short_writes_echo/s	84 cpu_user_milliseconds	904 cpu_system_milliseconds	0 minor_page_faults/s	0 major_page_faults/s	2061 yields/s	1 preempts/s
181001 milliseconds	3450 MB/s	601 short_reads/s	0 short_writes_echo/s	79 cpu_user_milliseconds	905 cpu_system_milliseconds	0 minor_page_faults/s	0 major_page_faults/s	1657 yields/s	5 preempts/s
182001 milliseconds	3419 MB/s	619 short_reads/s	0 short_writes_echo/s	75 cpu_user_milliseconds	913 cpu_system_milliseconds	0 minor_page_faults/s	0 major_page_faults/s	1769 yields/s	3 preempts/s
183001 milliseconds	3478 MB/s	264 short_reads/s	0 short_writes_echo/s	83 cpu_user_milliseconds	910 cpu_system_milliseconds	0 minor_page_faults/s	0 major_page_faults/s	644 yields/s	1 preempts/s
184001 milliseconds	3520 MB/s	404 short_reads/s	0 short_writes_echo/s	87 cpu_user_milliseconds	906 cpu_system_milliseconds	0 minor_page_faults/s	0 major_page_faults/s	1042 yields/s	0 preempts/s
185001 milliseconds	3440 MB/s	567 short_reads/s	0 short_writes_echo/s	100 cpu_user_milliseconds	891 cpu_system_milliseconds	0 minor_page_faults/s	0 major_page_faults/s	1329 yields/s	1 preempts/s
186001 milliseconds	3463 MB/s	370 short_reads/s	0 short_writes_echo/s	93 cpu_user_milliseconds	890 cpu_system_milliseconds	0 minor_page_faults/s	0 major_page_faults/s	1526 yields/s	0 preempts/s
187001 milliseconds	3415 MB/s	600 short_reads/s	0 short_writes_echo/s	76 cpu_user_milliseconds	907 cpu_system_milliseconds	0 minor_page_faults/s	0 major_page_faults/s	2991 yields/s	0 preempts/s
188001 milliseconds	3516 MB/s	373 short_reads/s	0 short_writes_echo/s	108 cpu_user_milliseconds	886 cpu_system_milliseconds	0 minor_page_faults/s	0 major_page_faults/s	844 yields/s	0 preempts/s
189001 milliseconds	3482 MB/s	326 short_reads/s	0 short_writes_echo/s	81 cpu_user_milliseconds	913 cpu_system_milliseconds	0 minor_page_faults/s	0 major_page_faults/s	701 yields/s	4 preempts/s
190001 milliseconds	3398 MB/s	837 short_reads/s	0 short_writes_echo/s	81 cpu_user_milliseconds	905 cpu_system_milliseconds	0 minor_page_faults/s	0 major_page_faults/s	3047 yields/s	3 preempts/s
191001 milliseconds	3475 MB/s	409 short_reads/s	0 short_writes_echo/s	91 cpu_user_milliseconds	902 cpu_system_milliseconds	0 minor_page_faults/s	0 major_page_faults/s	1198 yields/s	3 preempts/s
192001 milliseconds	3434 MB/s	467 short_reads/s	0 short_writes_echo/s	73 cpu_user_milliseconds	915 cpu_system_milliseconds	0 minor_page_faults/s	0 major_page_faults/s	2317 yields/s	2 preempts/s
193001 milliseconds	3438 MB/s	231 short_reads/s	0 short_writes_echo/s	88 cpu_user_milliseconds	907 cpu_system_milliseconds	0 minor_page_faults/s	0 major_page_faults/s	381 yields/s	7 preempts/s
194001 milliseconds	3420 MB/s	816 short_reads/s	0 short_writes_echo/s	104 cpu_user_milliseconds	880 cpu_system_milliseconds	0 minor_page_faults/s	0 major_page_faults/s	1930 yields/s	4 preempts/s
195001 milliseconds	3331 MB/s	2977 short_reads/s	0 short_writes_echo/s	85 cpu_user_milliseconds	893 cpu_system_milliseconds	0 minor_page_faults/s	0 major_page_faults/s	2447 yields/s	66 preempts/s
196001 milliseconds	3427 MB/s	387 short_reads/s	0 short_writes_echo/s	80 cpu_user_milliseconds	905 cpu_system_milliseconds	0 minor_page_faults/s	0 major_page_faults/s	1731 yields/s	3 preempts/s
197001 milliseconds	3362 MB/s	467 short_reads/s	0 short_writes_echo/s	77 cpu_user_milliseconds	905 cpu_system_milliseconds	0 minor_page_faults/s	0 major_page_faults/s	4227 yields/s	5 preempts/s
198001 milliseconds	3477 MB/s	372 short_reads/s	0 short_writes_echo/s	76 cpu_user_milliseconds	918 cpu_system_milliseconds	0 minor_page_faults/s	0 major_page_faults/s	779 yields/s	0 preempts/s
199001 milliseconds	3487 MB/s	264 short_reads/s	0 short_writes_echo/s	77 cpu_user_milliseconds	913 cpu_system_milliseconds	0 minor_page_faults/s	0 major_page_faults/s	1130 yields/s	0 preempts/s
200001 milliseconds	3467 MB/s	481 short_reads/s	0 short_writes_echo/s	86 cpu_user_milliseconds	905 cpu_system_milliseconds	0 minor_page_faults/s	0 major_page_faults/s	1141 yields/s	2 preempts/s
201001 milliseconds	3505 MB/s	267 short_reads/s	0 short_writes_echo/s	83 cpu_user_milliseconds	911 cpu_system_milliseconds	0 minor_page_faults/s	0 major_page_faults/s	614 yields/s	1 preempts/s
202001 milliseconds	3412 MB/s	409 short_reads/s	0 short_writes_echo/s	103 cpu_user_milliseconds	872 cpu_system_milliseconds	0 minor_page_faults/s	0 major_page_faults/s	3043 yields/s	4 preempts/s
203001 milliseconds	3508 MB/s	404 short_reads/s	0 short_writes_echo/s	78 cpu_user_milliseconds	914 cpu_system_milliseconds	0 minor_page_faults/s	0 major_page_faults/s	820 yields/s	2 preempts/s
204001 milliseconds	3510 MB/s	321 short_reads/s	0 short_writes_echo/s	102 cpu_user_milliseconds	893 cpu_system_milliseconds	0 minor_page_faults/s	0 major_page_faults/s	552 yields/s	0 preempts/s
205001 milliseconds	3360 MB/s	1095 short_reads/s	0 short_writes_echo/s	80 cpu_user_milliseconds	905 cpu_system_milliseconds	0 minor_page_faults/s	0 major_page_faults/s	2595 yields/s	27 preempts/s
206001 milliseconds	3483 MB/s	512 short_reads/s	0 short_writes_echo/s	83 cpu_user_milliseconds	910 cpu_system_milliseconds	0 minor_page_faults/s	0 major_page_faults/s	694 yields/s	3 preempts/s
207001 milliseconds	3401 MB/s	346 short_reads/s	0 short_writes_echo/s	74 cpu_user_milliseconds	911 cpu_system_milliseconds	0 minor_page_faults/s	0 major_page_faults/s	2102 yields/s	2 preempts/s
208001 milliseconds	3333 MB/s	1173 short_reads/s	0 short_writes_echo/s	82 cpu_user_milliseconds	897 cpu_system_milliseconds	0 minor_page_faults/s	0 major_page_faults/s	3475 yields/s	10 preempts/s
209001 milliseconds	3194 MB/s	1598 short_reads/s	0 short_writes_echo/s	74 cpu_user_milliseconds	867 cpu_system_milliseconds	0 minor_page_faults/s	0 major_page_faults/s	1449 yields/s	80 preempts/s
210001 milliseconds	3399 MB/s	456 short_reads/s	0 short_writes_echo/s	73 cpu_user_milliseconds	918 cpu_system_milliseconds	0 minor_page_faults/s	0 major_page_faults/s	1232 yields/s	23 preempts/s
211001 milliseconds	3436 MB/s	1163 short_reads/s	0 short_writes_echo/s	81 cpu_user_milliseconds	904 cpu_system_milliseconds	0 minor_page_faults/s	0 major_page_faults/s	2100 yields/s	5 preempts/s
212001 milliseconds	3381 MB/s	755 short_reads/s	0 short_writes_echo/s	90 cpu_user_milliseconds	894 cpu_system_milliseconds	0 minor_page_faults/s	0 major_page_faults/s	3145 yields/s	3 preempts/s
213001 milliseconds	3509 MB/s	183 short_reads/s	0 short_writes_echo/s	87 cpu_user_milliseconds	908 cpu_system_milliseconds	0 minor_page_faults/s	0 major_page_faults/s	357 yields/s	2 preempts/s
214001 milliseconds	3499 MB/s	508 short_reads/s	0 short_writes_echo/s	66 cpu_user_milliseconds	927 cpu_system_milliseconds	0 minor_page_faults/s	0 major_page_faults/s	1164 yields/s	0 preempts/s
215001 milliseconds	3432 MB/s	516 short_reads/s	0 short_writes_echo/s	104 cpu_user_milliseconds	887 cpu_system_milliseconds	0 minor_page_faults/s	0 major_page_faults/s	1645 yields/s	0 preempts/s
216001 milliseconds	3458 MB/s	329 short_reads/s	0 short_writes_echo/s	82 cpu_user_milliseconds	894 cpu_system_milliseconds	0 minor_page_faults/s	0 major_page_faults/s	2226 yields/s	0 preempts/s
217001 milliseconds	3318 MB/s	1685 short_reads/s	0 short_writes_echo/s	87 cpu_user_milliseconds	903 cpu_system_milliseconds	0 minor_page_faults/s	0 major_page_faults/s	2209 yields/s	3 preempts/s
218001 milliseconds	3482 MB/s	491 short_reads/s	0 short_writes_echo/s	90 cpu_user_milliseconds	903 cpu_system_milliseconds	0 minor_page_faults/s	0 major_page_faults/s	998 yields/s	1 preempts/s
219001 milliseconds	3501 MB/s	558 short_reads/s	0 short_writes_echo/s	88 cpu_user_milliseconds	905 cpu_system_milliseconds	0 minor_page_faults/s	0 major_page_faults/s	742 yields/s	3 preempts/s
220001 milliseconds	3444 MB/s	605 short_reads/s	0 short_writes_echo/s	79 cpu_user_milliseconds	912 cpu_system_milliseconds	0 minor_page_faults/s	0 major_page_faults/s	1681 yields/s	0 preempts/s
221001 milliseconds	3501 MB/s	419 short_reads/s	0 short_writes_echo/s	93 cpu_user_milliseconds	901 cpu_system_milliseconds	0 minor_page_faults/s	0 major_page_faults/s	963 yields/s	1 preempts/s
222001 milliseconds	3395 MB/s	395 short_reads/s	0 short_writes_echo/s	73 cpu_user_milliseconds	920 cpu_system_milliseconds	0 minor_page_faults/s	0 major_page_faults/s	893 yields/s	1 preempts/s
223001 milliseconds	3459 MB/s	638 short_reads/s	0 short_writes_echo/s	82 cpu_user_milliseconds	905 cpu_system_milliseconds	0 minor_page_faults/s	0 major_page_faults/s	1207 yields/s	1 preempts/s
224001 milliseconds	3516 MB/s	438 short_reads/s	0 short_writes_echo/s	75 cpu_user_milliseconds	918 cpu_system_milliseconds	0 minor_page_faults/s	0 major_page_faults/s	1032 yields/s	2 preempts/s
225001 milliseconds	3341 MB/s	1074 short_reads/s	0 short_writes_echo/s	78 cpu_user_milliseconds	905 cpu_system_milliseconds	0 minor_page_faults/s	0 major_page_faults/s	2834 yields/s	31 preempts/s
226001 milliseconds	3439 MB/s	650 short_reads/s	0 short_writes_echo/s	98 cpu_user_milliseconds	891 cpu_system_milliseconds	0 minor_page_faults/s	0 major_page_faults/s	1432 yields/s	2 preempts/s
227001 milliseconds	3402 MB/s	352 short_reads/s	0 short_writes_echo/s	66 cpu_user_milliseconds	917 cpu_system_milliseconds	0 minor_page_faults/s	0 major_page_faults/s	2243 yields/s	13 preempts/s
228001 milliseconds	3503 MB/s	586 short_reads/s	0 short_writes_echo/s	96 cpu_user_milliseconds	897 cpu_system_milliseconds	0 minor_page_faults/s	0 major_page_faults/s	779 yields/s	17 preempts/s
229001 milliseconds	3474 MB/s	203 short_reads/s	0 short_writes_echo/s	93 cpu_user_milliseconds	870 cpu_system_milliseconds	0 minor_page_faults/s	0 major_page_faults/s	2833 yields/s	2 preempts/s
230001 milliseconds	3421 MB/s	428 short_reads/s	0 short_writes_echo/s	80 cpu_user_milliseconds	899 cpu_system_milliseconds	0 minor_page_faults/s	0 major_page_faults/s	2547 yields/s	0 preempts/s
231002 milliseconds	3491 MB/s	335 short_reads/s	0 short_writes_echo/s	71 cpu_user_milliseconds	914 cpu_system_milliseconds	0 minor_page_faults/s	0 major_page_faults/s	1437 yields/s	1 preempts/s
232002 milliseconds	3403 MB/s	610 short_reads/s	0 short_writes_echo/s	86 cpu_user_milliseconds	892 cpu_system_milliseconds	0 minor_page_faults/s	0 major_page_faults/s	3399 yields/s	6 preempts/s
233002 milliseconds	3508 MB/s	267 short_reads/s	0 short_writes_echo/s	82 cpu_user_milliseconds	913 cpu_system_milliseconds	0 minor_page_faults/s	0 major_page_faults/s	471 yields/s	6 preempts/s
234002 milliseconds	3458 MB/s	524 short_reads/s	0 short_writes_echo/s	74 cpu_user_milliseconds	914 cpu_system_milliseconds	0 minor_page_faults/s	0 major_page_faults/s	1206 yields/s	2 preempts/s
235002 milliseconds	3402 MB/s	476 short_reads/s	0 short_writes_echo/s	94 cpu_user_milliseconds	896 cpu_system_milliseconds	0 minor_page_faults/s	0 major_page_faults/s	1485 yields/s	0 preempts/s
236002 milliseconds	3513 MB/s	443 short_reads/s	0 short_writes_echo/s	92 cpu_user_milliseconds	900 cpu_system_milliseconds	0 minor_page_faults/s	0 major_page_faults/s	1013 yields/s	1 preempts/s
237002 milliseconds	3349 MB/s	260 short_reads/s	0 short_writes_echo/s	101 cpu_user_milliseconds	872 cpu_system_milliseconds	0 minor_page_faults/s	0 major_page_faults/s	2076 yields/s	5 preempts/s
238002 milliseconds	3430 MB/s	1140 short_reads/s	0 short_writes_echo/s	100 cpu_user_milliseconds	890 cpu_system_milliseconds	0 minor_page_faults/s	0 major_page_faults/s	1538 yields/s	3 preempts/s
239002 milliseconds	3503 MB/s	369 short_reads/s	0 short_writes_echo/s	88 cpu_user_milliseconds	906 cpu_system_milliseconds	0 minor_page_faults/s	0 major_page_faults/s	690 yields/s	0 preempts/s
240002 milliseconds	3443 MB/s	450 short_reads/s	0 short_writes_echo/s	85 cpu_user_milliseconds	904 cpu_system_milliseconds	0 minor_page_faults/s	0 major_page_faults/s	1798 yields/s	0 preempts/s
