1000 milliseconds	3610 MB/s	7591 short_reads/s	0 short_writes_echo/s	49 cpu_user_milliseconds	934 cpu_system_milliseconds	212 minor_page_faults/s	0 major_page_faults/s	1349 yields/s	16 preempts/s
2000 milliseconds	3744 MB/s	4473 short_reads/s	0 short_writes_echo/s	55 cpu_user_milliseconds	926 cpu_system_milliseconds	2 minor_page_faults/s	0 major_page_faults/s	1333 yields/s	60 preempts/s
3000 milliseconds	3948 MB/s	3069 short_reads/s	0 short_writes_echo/s	48 cpu_user_milliseconds	944 cpu_system_milliseconds	0 minor_page_faults/s	0 major_page_faults/s	468 yields/s	32 preempts/s
4000 milliseconds	3991 MB/s	2693 short_reads/s	0 short_writes_echo/s	51 cpu_user_milliseconds	946 cpu_system_milliseconds	0 minor_page_faults/s	0 major_page_faults/s	260 yields/s	5 preempts/s
5000 milliseconds	4030 MB/s	1690 short_reads/s	0 short_writes_echo/s	54 cpu_user_milliseconds	941 cpu_system_milliseconds	0 minor_page_faults/s	0 major_page_faults/s	223 yields/s	25 preempts/s
6000 milliseconds	3565 MB/s	4115 short_reads/s	0 short_writes_echo/s	50 cpu_user_milliseconds	871 cpu_system_milliseconds	0 minor_page_faults/s	0 major_page_faults/s	2312 yields/s	22 preempts/s
7000 milliseconds	4050 MB/s	812 short_reads/s	0 short_writes_echo/s	45 cpu_user_milliseconds	946 cpu_system_milliseconds	0 minor_page_faults/s	0 major_page_faults/s	520 yields/s	3 preempts/s
8000 milliseconds	3978 MB/s	960 short_reads/s	0 short_writes_echo/s	53 cpu_user_milliseconds	936 cpu_system_milliseconds	0 minor_page_faults/s	0 major_page_faults/s	468 yields/s	68 preempts/s
9000 milliseconds	4089 MB/s	410 short_reads/s	0 short_writes_echo/s	57 cpu_user_milliseconds	940 cpu_system_milliseconds	0 minor_page_faults/s	0 major_page_faults/s	217 yields/s	6 preempts/s
10000 milliseconds	4091 MB/s	451 short_reads/s	0 short_writes_echo/s	51 cpu_user_milliseconds	944 cpu_system_milliseconds	0 minor_page_faults/s	0 major_page_faults/s	246 yields/s	2 preempts/s
11000 milliseconds	3992 MB/s	2331 short_reads/s	0 short_writes_echo/s	57 cpu_user_milliseconds	930 cpu_system_milliseconds	0 minor_page_faults/s	0 major_page_faults/s	1242 yields/s	0 preempts/s
12000 milliseconds	4061 MB/s	647 short_reads/s	0 short_writes_echo/s	47 cpu_user_milliseconds	948 cpu_system_milliseconds	0 minor_page_faults/s	0 major_page_faults/s	308 yields/s	3 preempts/s
13000 milliseconds	3989 MB/s	1990 short_reads/s	0 short_writes_echo/s	51 cpu_user_milliseconds	938 cpu_system_milliseconds	0 minor_page_faults/s	0 major_page_faults/s	634 yields/s	7 preempts/s
14000 milliseconds	4009 MB/s	2392 short_reads/s	0 short_writes_echo/s	54 cpu_user_milliseconds	943 cpu_system_milliseconds	0 minor_page_faults/s	0 major_page_faults/s	249 yields/s	4 preempts/s
15000 milliseconds	3950 MB/s	3655 short_reads/s	0 short_writes_echo/s	58 cpu_user_milliseconds	938 cpu_system_milliseconds	0 minor_page_faults/s	0 major_page_faults/s	207 yields/s	3 preempts/s
16000 milliseconds	3959 MB/s	2582 short_reads/s	0 short_writes_echo/s	36 cpu_user_milliseconds	956 cpu_system_milliseconds	0 minor_page_faults/s	0 major_page_faults/s	569 yields/s	10 preempts/s
17000 milliseconds	3979 MB/s	1178 short_reads/s	0 short_writes_echo/s	48 cpu_user_milliseconds	945 cpu_system_milliseconds	0 minor_page_faults/s	0 major_page_faults/s	469 yields/s	7 preempts/s
18000 milliseconds	3979 MB/s	2674 short_reads/s	0 short_writes_echo/s	48 cpu_user_milliseconds	944 cpu_system_milliseconds	0 minor_page_faults/s	0 major_page_faults/s	746 yields/s	4 preempts/s
19000 milliseconds	4083 MB/s	411 short_reads/s	0 short_writes_echo/s	45 cpu_user_milliseconds	947 cpu_system_milliseconds	0 minor_page_faults/s	0 major_page_faults/s	446 yields/s	3 preempts/s
20000 milliseconds	4066 MB/s	541 short_reads/s	0 short_writes_echo/s	41 cpu_user_milliseconds	952 cpu_system_milliseconds	0 minor_page_faults/s	0 major_page_faults/s	235 yields/s	1 preempts/s
21000 milliseconds	3976 MB/s	3854 short_reads/s	0 short_writes_echo/s	44 cpu_user_milliseconds	945 cpu_system_milliseconds	0 minor_page_faults/s	0 major_page_faults/s	1074 yields/s	3 preempts/s
22000 milliseconds	3959 MB/s	2257 short_reads/s	0 short_writes_echo/s	46 cpu_user_milliseconds	946 cpu_system_milliseconds	0 minor_page_faults/s	0 major_page_faults/s	432 yields/s	10 preempts/s
23000 milliseconds	3956 MB/s	2271 short_reads/s	0 short_writes_echo/s	50 cpu_user_milliseconds	932 cpu_system_milliseconds	0 minor_page_faults/s	0 major_page_faults/s	1152 yields/s	3 preempts/s
24000 milliseconds	4028 MB/s	1237 short_reads/s	0 short_writes_echo/s	51 cpu_user_milliseconds	943 cpu_system_milliseconds	0 minor_page_faults/s	0 major_page_faults/s	285 yields/s	27 preempts/s
25000 milliseconds	3997 MB/s	3288 short_reads/s	0 short_writes_echo/s	47 cpu_user_milliseconds	948 cpu_system_milliseconds	0 minor_page_faults/s	0 major_page_faults/s	126 yields/s	26 preempts/s
26000 milliseconds	3989 MB/s	2293 short_reads/s	0 short_writes_echo/s	47 cpu_user_milliseconds	942 cpu_system_milliseconds	0 minor_page_faults/s	0 major_page_faults/s	1131 yields/s	7 preempts/s
27000 milliseconds	4042 MB/s	884 short_reads/s	0 short_writes_echo/s	62 cpu_user_milliseconds	933 cpu_system_milliseconds	0 minor_page_faults/s	0 major_page_faults/s	388 yields/s	4 preempts/s
28000 milliseconds	3992 MB/s	2283 short_reads/s	0 short_writes_echo/s	45 cpu_user_milliseconds	944 cpu_system_milliseconds	0 minor_page_faults/s	0 major_page_faults/s	984 yields/s	15 preempts/s
29000 milliseconds	3975 MB/s	5538 short_reads/s	0 short_writes_echo/s	49 cpu_user_milliseconds	945 cpu_system_milliseconds	0 minor_page_faults/s	0 major_page_faults/s	435 yields/s	2 preempts/s
30000 milliseconds	4052 MB/s	834 short_reads/s	0 short_writes_echo/s	49 cpu_user_milliseconds	944 cpu_system_milliseconds	0 minor_page_faults/s	0 major_page_faults/s	381 yields/s	21 preempts/s
31000 milliseconds	3955 MB/s	2001 short_reads/s	0 short_writes_echo/s	38 cpu_user_milliseconds	954 cpu_system_milliseconds	0 minor_page_faults/s	0 major_page_faults/s	731 yields/s	16 preempts/s
32000 milliseconds	3941 MB/s	5091 short_reads/s	0 short_writes_echo/s	53 cpu_user_milliseconds	943 cpu_system_milliseconds	0 minor_page_faults/s	0 major_page_faults/s	320 yields/s	6 preempts/s
33000 milliseconds	3983 MB/s	3757 short_reads/s	0 short_writes_echo/s	59 cpu_user_milliseconds	935 cpu_system_milliseconds	0 minor_page_faults/s	0 major_page_faults/s	162 yields/s	10 preempts/s
34000 milliseconds	4038 MB/s	1344 short_reads/s	0 short_writes_echo/s	55 cpu_user_milliseconds	940 cpu_system_milliseconds	0 minor_page_faults/s	0 major_page_faults/s	237 yields/s	37 preempts/s
35000 milliseconds	4051 MB/s	696 short_reads/s	0 short_writes_echo/s	51 cpu_user_milliseconds	942 cpu_system_milliseconds	0 minor_page_faults/s	0 major_page_faults/s	483 yields/s	15 preempts/s
36000 milliseconds	4012 MB/s	1474 short_reads/s	0 short_writes_echo/s	60 cpu_user_milliseconds	931 cpu_system_milliseconds	0 minor_page_faults/s	0 major_page_faults/s	763 yields/s	2 preempts/s
37000 milliseconds	4035 MB/s	1427 short_reads/s	0 short_writes_echo/s	50 cpu_user_milliseconds	945 cpu_system_milliseconds	0 minor_page_faults/s	0 major_page_faults/s	296 yields/s	5 preempts/s
38000 milliseconds	3991 MB/s	3271 short_reads/s	0 short_writes_echo/s	42 cpu_user_milliseconds	954 cpu_system_milliseconds	0 minor_page_faults/s	0 major_page_faults/s	239 yields/s	6 preempts/s
39000 milliseconds	4037 MB/s	656 short_reads/s	0 short_writes_echo/s	61 cpu_user_milliseconds	936 cpu_system_milliseconds	0 minor_page_faults/s	0 major_page_faults/s	247 yields/s	5 preempts/s
40000 milliseconds	4036 MB/s	1178 short_reads/s	0 short_writes_echo/s	54 cpu_user_milliseconds	941 cpu_system_milliseconds	0 minor_page_faults/s	0 major_page_faults/s	185 yields/s	0 preempts/s
41000 milliseconds	3935 MB/s	5433 short_reads/s	0 short_writes_echo/s	53 cpu_user_milliseconds	937 cpu_system_milliseconds	0 minor_page_faults/s	0 major_page_faults/s	1095 yields/s	0 preempts/s
42000 milliseconds	4065 MB/s	804 short_reads/s	0 short_writes_echo/s	51 cpu_user_milliseconds	941 cpu_system_milliseconds	0 minor_page_faults/s	0 major_page_faults/s	514 yields/s	0 preempts/s
43000 milliseconds	3852 MB/s	3691 short_reads/s	0 short_writes_echo/s	51 cpu_user_milliseconds	933 cpu_system_milliseconds	0 minor_page_faults/s	0 major_page_faults/s	1805 yields/s	4 preempts/s
44000 milliseconds	4073 MB/s	456 short_reads/s	0 short_writes_echo/s	51 cpu_user_milliseconds	945 cpu_system_milliseconds	0 minor_page_faults/s	0 major_page_faults/s	283 yields/s	3 preempts/s
45000 milliseconds	4077 MB/s	538 short_reads/s	0 short_writes_echo/s	50 cpu_user_milliseconds	944 cpu_system_milliseconds	0 minor_page_faults/s	0 major_page_faults/s	335 yields/s	0 preempts/s
46000 milliseconds	3964 MB/s	1292 short_reads/s	0 short_writes_echo/s	53 cpu_user_milliseconds	939 cpu_system_milliseconds	0 minor_page_faults/s	0 major_page_faults/s	630 yields/s	2 preempts/s
47000 milliseconds	4056 MB/s	710 short_reads/s	0 short_writes_echo/s	59 cpu_user_milliseconds	934 cpu_system_milliseconds	0 minor_page_faults/s	0 major_page_faults/s	444 yields/s	0 preempts/s
48000 milliseconds	3966 MB/s	3386 short_reads/s	0 short_writes_echo/s	43 cpu_user_milliseconds	947 cpu_system_milliseconds	0 minor_page_faults/s	0 major_page_faults/s	1063 yields/s	4 preempts/s
49000 milliseconds	4078 MB/s	443 short_reads/s	0 short_writes_echo/s	43 cpu_user_milliseconds	953 cpu_system_milliseconds	0 minor_page_faults/s	0 major_page_faults/s	207 yields/s	3 preempts/s
50000 milliseconds	4056 MB/s	458 short_reads/s	0 short_writes_echo/s	42 cpu_user_milliseconds	949 cpu_system_milliseconds	0 minor_page_faults/s	0 major_page_faults/s	475 yields/s	0 preempts/s
51000 milliseconds	3909 MB/s	3325 short_reads/s	0 short_writes_echo/s	49 cpu_user_milliseconds	944 cpu_system_milliseconds	0 minor_page_faults/s	0 major_page_faults/s	504 yields/s	1 preempts/s
52000 milliseconds	4010 MB/s	3187 short_reads/s	0 short_writes_echo/s	47 cpu_user_milliseconds	949 cpu_system_milliseconds	0 minor_page_faults/s	0 major_page_faults/s	288 yields/s	4 preempts/s
53000 milliseconds	3988 MB/s	3240 short_reads/s	0 short_writes_echo/s	44 cpu_user_milliseconds	950 cpu_system_milliseconds	0 minor_page_faults/s	0 major_page_faults/s	418 yields/s	12 preempts/s
54000 milliseconds	4079 MB/s	375 short_reads/s	0 short_writes_echo/s	54 cpu_user_milliseconds	943 cpu_system_milliseconds	0 minor_page_faults/s	0 major_page_faults/s	244 yields/s	6 preempts/s
55000 milliseconds	3600 MB/s	4054 short_reads/s	0 short_writes_echo/s	58 cpu_user_milliseconds	865 cpu_system_milliseconds	0 minor_page_faults/s	0 major_page_faults/s	2216 yields/s	59 preempts/s
56000 milliseconds	4007 MB/s	1577 short_reads/s	0 short_writes_echo/s	48 cpu_user_milliseconds	943 cpu_system_milliseconds	0 minor_page_faults/s	0 major_page_faults/s	719 yields/s	4 preempts/s
57000 milliseconds	4018 MB/s	3173 short_reads/s	0 short_writes_echo/s	56 cpu_user_milliseconds	937 cpu_system_milliseconds	0 minor_page_faults/s	0 major_page_faults/s	435 yields/s	23 preempts/s
58000 milliseconds	3975 MB/s	2143 short_reads/s	0 short_writes_echo/s	51 cpu_user_milliseconds	938 cpu_system_milliseconds	0 minor_page_faults/s	0 major_page_faults/s	1014 yields/s	7 preempts/s
59000 milliseconds	4022 MB/s	1115 short_reads/s	0 short_writes_echo/s	54 cpu_user_milliseconds	937 cpu_system_milliseconds	0 minor_page_faults/s	0 major_page_faults/s	255 yields/s	2 preempts/s
60000 milliseconds	4065 MB/s	578 short_reads/s	0 short_writes_echo/s	46 cpu_user_milliseconds	948 cpu_system_milliseconds	0 minor_page_faults/s	0 major_page_faults/s	269 yields/s	2 preempts/s
61000 milliseconds	3969 MB/s	3497 short_reads/s	0 short_writes_echo/s	50 cpu_user_milliseconds	940 cpu_system_milliseconds	0 minor_page_faults/s	0 major_page_faults/s	1059 yields/s	6 preempts/s
62000 milliseconds	4022 MB/s	1845 short_reads/s	0 short_writes_echo/s	42 cpu_user_milliseconds	952 cpu_system_milliseconds	0 minor_page_faults/s	0 major_page_faults/s	177 yields/s	25 preempts/s
63001 milliseconds	3966 MB/s	2367 short_reads/s	0 short_writes_echo/s	43 cpu_user_milliseconds	947 cpu_system_milliseconds	0 minor_page_faults/s	0 major_page_faults/s	937 yields/s	39 preempts/s
64001 milliseconds	3968 MB/s	3068 short_reads/s	0 short_writes_echo/s	43 cpu_user_milliseconds	949 cpu_system_milliseconds	0 minor_page_faults/s	0 major_page_faults/s	464 yields/s	21 preempts/s
65001 milliseconds	4081 MB/s	465 short_reads/s	0 short_writes_echo/s	57 cpu_user_milliseconds	939 cpu_system_milliseconds	0 minor_page_faults/s	0 major_page_faults/s	290 yields/s	4 preempts/s
66001 milliseconds	3998 MB/s	2156 short_reads/s	0 short_writes_echo/s	48 cpu_user_milliseconds	941 cpu_system_milliseconds	0 minor_page_faults/s	0 major_page_faults/s	1117 yields/s	5 preempts/s
67001 milliseconds	4012 MB/s	2213 short_reads/s	0 short_writes_echo/s	46 cpu_user_milliseconds	950 cpu_system_milliseconds	0 minor_page_faults/s	0 major_page_faults/s	302 yields/s	4 preempts/s
68001 milliseconds	3999 MB/s	1800 short_reads/s	0 short_writes_echo/s	58 cpu_user_milliseconds	936 cpu_system_milliseconds	0 minor_page_faults/s	0 major_page_faults/s	662 yields/s	3 preempts/s
69001 milliseconds	4078 MB/s	674 short_reads/s	0 short_writes_echo/s	52 cpu_user_milliseconds	944 cpu_system_milliseconds	0 minor_page_faults/s	0 major_page_faults/s	290 yields/s	4 preempts/s
70001 milliseconds	3968 MB/s	3695 short_reads/s	0 short_writes_echo/s	49 cpu_user_milliseconds	943 cpu_system_milliseconds	0 minor_page_faults/s	0 major_page_faults/s	418 yields/s	21 preempts/s
71001 milliseconds	3973 MB/s	1386 short_reads/s	0 short_writes_echo/s	53 cpu_user_milliseconds	936 cpu_system_milliseconds	0 minor_page_faults/s	0 major_page_faults/s	677 yields/s	0 preempts/s
72001 milliseconds	4040 MB/s	628 short_reads/s	0 short_writes_echo/s	43 cpu_user_milliseconds	949 cpu_system_milliseconds	0 minor_page_faults/s	0 major_page_faults/s	362 yields/s	3 preempts/s
73001 milliseconds	3955 MB/s	3036 short_reads/s	0 short_writes_echo/s	44 cpu_user_milliseconds	949 cpu_system_milliseconds	0 minor_page_faults/s	0 major_page_faults/s	172 yields/s	29 preempts/s
74001 milliseconds	4083 MB/s	609 short_reads/s	0 short_writes_echo/s	49 cpu_user_milliseconds	947 cpu_system_milliseconds	0 minor_page_faults/s	0 major_page_faults/s	215 yields/s	2 preempts/s
75001 milliseconds	4071 MB/s	441 short_reads/s	0 short_writes_echo/s	55 cpu_user_milliseconds	940 cpu_system_milliseconds	0 minor_page_faults/s	0 major_page_faults/s	278 yields/s	3 preempts/s
76001 milliseconds	3886 MB/s	1750 short_reads/s	0 short_writes_echo/s	42 cpu_user_milliseconds	940 cpu_system_milliseconds	0 minor_page_faults/s	0 major_page_faults/s	1337 yields/s	35 preempts/s
77001 milliseconds	4064 MB/s	1004 short_reads/s	0 short_writes_echo/s	62 cpu_user_milliseconds	932 cpu_system_milliseconds	0 minor_page_faults/s	0 major_page_faults/s	440 yields/s	2 preempts/s
78001 milliseconds	3977 MB/s	2916 short_reads/s	0 short_writes_echo/s	55 cpu_user_milliseconds	934 cpu_system_milliseconds	0 minor_page_faults/s	0 major_page_faults/s	926 yields/s	27 preempts/s
79001 milliseconds	4060 MB/s	858 short_reads/s	0 short_writes_echo/s	43 cpu_user_milliseconds	950 cpu_system_milliseconds	0 minor_page_faults/s	0 major_page_faults/s	320 yields/s	35 preempts/s
80001 milliseconds	4036 MB/s	1226 short_reads/s	0 short_writes_echo/s	51 cpu_user_milliseconds	943 cpu_system_milliseconds	0 minor_page_faults/s	0 major_page_faults/s	212 yields/s	2 preempts/s
81001 milliseconds	4008 MB/s	2217 short_reads/s	0 short_writes_echo/s	50 cpu_user_milliseconds	936 cpu_system_milliseconds	0 minor_page_faults/s	0 major_page_faults/s	1231 yields/s	3 preempts/s
82001 milliseconds	3992 MB/s	2485 short_reads/s	0 short_writes_echo/s	39 cpu_user_milliseconds	955 cpu_system_milliseconds	0 minor_page_faults/s	0 major_page_faults/s	290 yields/s	6 preempts/s
83001 milliseconds	3985 MB/s	1816 short_reads/s	0 short_writes_echo/s	48 cpu_user_milliseconds	937 cpu_system_milliseconds	0 minor_page_faults/s	0 major_page_faults/s	929 yields/s	5 preempts/s
84001 milliseconds	4074 MB/s	660 short_reads/s	0 short_writes_echo/s	52 cpu_user_milliseconds	945 cpu_system_milliseconds	0 minor_page_faults/s	0 major_page_faults/s	301 yields/s	1 preempts/s
85001 milliseconds	4023 MB/s	1535 short_reads/s	0 short_writes_echo/s	43 cpu_user_milliseconds	952 cpu_system_milliseconds	0 minor_page_faults/s	0 major_page_faults/s	377 yields/s	4 preempts/s
86001 milliseconds	3941 MB/s	3571 short_reads/s	0 short_writes_echo/s	44 cpu_user_milliseconds	952 cpu_system_milliseconds	0 minor_page_faults/s	0 major_page_faults/s	388 yields/s	4 preempts/s
87001 milliseconds	4051 MB/s	719 short_reads/s	0 short_writes_echo/s	45 cpu_user_milliseconds	945 cpu_system_milliseconds	0 minor_page_faults/s	0 major_page_faults/s	488 yields/s	0 preempts/s
88001 milliseconds	3958 MB/s	4592 short_reads/s	0 short_writes_echo/s	71 cpu_user_milliseconds	926 cpu_system_milliseconds	0 minor_page_faults/s	0 major_page_faults/s	162 yields/s	17 preempts/s
89001 milliseconds	4065 MB/s	786 short_reads/s	0 short_writes_echo/s	38 cpu_user_milliseconds	958 cpu_system_milliseconds	0 minor_page_faults/s	0 major_page_faults/s	171 yields/s	4 preempts/s
90001 milliseconds	4054 MB/s	1783 short_reads/s	0 short_writes_echo/s	52 cpu_user_milliseconds	941 cpu_system_milliseconds	0 minor_page_faults/s	0 major_page_faults/s	445 yields/s	24 preempts/s
91001 milliseconds	3988 MB/s	2350 short_reads/s	0 short_writes_echo/s	54 cpu_user_milliseconds	934 cpu_system_milliseconds	0 minor_page_faults/s	0 major_page_faults/s	1196 yields/s	2 preempts/s
92001 milliseconds	4054 MB/s	808 short_reads/s	0 short_writes_echo/s	45 cpu_user_milliseconds	949 cpu_system_milliseconds	0 minor_page_faults/s	0 major_page_faults/s	455 yields/s	7 preempts/s
93001 milliseconds	3933 MB/s	2272 short_reads/s	0 short_writes_echo/s	39 cpu_user_milliseconds	945 cpu_system_milliseconds	0 minor_page_faults/s	0 major_page_faults/s	1539 yields/s	2 preempts/s
94001 milliseconds	4080 MB/s	551 short_reads/s	0 short_writes_echo/s	56 cpu_user_milliseconds	940 cpu_system_milliseconds	0 minor_page_faults/s	0 major_page_faults/s	290 yields/s	0 preempts/s
95001 milliseconds	4047 MB/s	1450 short_reads/s	0 short_writes_echo/s	65 cpu_user_milliseconds	928 cpu_system_milliseconds	0 minor_page_faults/s	0 major_page_faults/s	457 yields/s	4 preempts/s
96001 milliseconds	3569 MB/s	3786 short_reads/s	0 short_writes_echo/s	55 cpu_user_milliseconds	862 cpu_system_milliseconds	0 minor_page_faults/s	0 major_page_faults/s	2216 yields/s	132 preempts/s
97001 milliseconds	4060 MB/s	1430 short_reads/s	0 short_writes_echo/s	55 cpu_user_milliseconds	939 cpu_system_milliseconds	0 minor_page_faults/s	0 major_page_faults/s	620 yields/s	2 preempts/s
98001 milliseconds	3970 MB/s	1422 short_reads/s	0 short_writes_echo/s	40 cpu_user_milliseconds	945 cpu_system_milliseconds	0 minor_page_faults/s	0 major_page_faults/s	1087 yields/s	22 preempts/s
99001 milliseconds	4063 MB/s	439 short_reads/s	0 short_writes_echo/s	49 cpu_user_milliseconds	945 cpu_system_milliseconds	0 minor_page_faults/s	0 major_page_faults/s	325 yields/s	8 preempts/s
100001 milliseconds	3922 MB/s	5343 short_reads/s	0 short_writes_echo/s	51 cpu_user_milliseconds	946 cpu_system_milliseconds	0 minor_page_faults/s	0 major_page_faults/s	258 yields/s	8 preempts/s
101001 milliseconds	3812 MB/s	7003 short_reads/s	0 short_writes_echo/s	60 cpu_user_milliseconds	919 cpu_system_milliseconds	0 minor_page_faults/s	0 major_page_faults/s	1833 yields/s	58 preempts/s
102001 milliseconds	4031 MB/s	646 short_reads/s	0 short_writes_echo/s	56 cpu_user_milliseconds	938 cpu_system_milliseconds	0 minor_page_faults/s	0 major_page_faults/s	352 yields/s	2 preempts/s
103001 milliseconds	4007 MB/s	2856 short_reads/s	0 short_writes_echo/s	44 cpu_user_milliseconds	947 cpu_system_milliseconds	0 minor_page_faults/s	0 major_page_faults/s	871 yields/s	7 preempts/s
104001 milliseconds	4075 MB/s	502 short_reads/s	0 short_writes_echo/s	49 cpu_user_milliseconds	944 cpu_system_milliseconds	0 minor_page_faults/s	0 major_page_faults/s	529 yields/s	2 preempts/s
105001 milliseconds	4106 MB/s	433 short_reads/s	0 short_writes_echo/s	57 cpu_user_milliseconds	939 cpu_system_milliseconds	0 minor_page_faults/s	0 major_page_faults/s	283 yields/s	0 preempts/s
106001 milliseconds	4005 MB/s	999 short_reads/s	0 short_writes_echo/s	40 cpu_user_milliseconds	952 cpu_system_milliseconds	0 minor_page_faults/s	0 major_page_faults/s	518 yields/s	2 preempts/s
107001 milliseconds	3993 MB/s	1219 short_reads/s	0 short_writes_echo/s	55 cpu_user_milliseconds	933 cpu_system_milliseconds	0 minor_page_faults/s	0 major_page_faults/s	524 yields/s	8 preempts/s
108001 milliseconds	3973 MB/s	1900 short_reads/s	0 short_writes_echo/s	56 cpu_user_milliseconds	929 cpu_system_milliseconds	0 minor_page_faults/s	0 major_page_faults/s	1026 yields/s	36 preempts/s
109001 milliseconds	4038 MB/s	845 short_reads/s	0 short_writes_echo/s	58 cpu_user_milliseconds	936 cpu_system_milliseconds	0 minor_page_faults/s	0 major_page_faults/s	288 yields/s	29 preempts/s
110001 milliseconds	3988 MB/s	3395 short_reads/s	0 short_writes_echo/s	50 cpu_user_milliseconds	946 cpu_system_milliseconds	0 minor_page_faults/s	0 major_page_faults/s	114 yields/s	4 preempts/s
111001 milliseconds	3952 MB/s	3133 short_reads/s	0 short_writes_echo/s	42 cpu_user_milliseconds	943 cpu_system_milliseconds	0 minor_page_faults/s	0 major_page_faults/s	849 yields/s	65 preempts/s
112001 milliseconds	4033 MB/s	955 short_reads/s	0 short_writes_echo/s	49 cpu_user_milliseconds	942 cpu_system_milliseconds	0 minor_page_faults/s	0 major_page_faults/s	499 yields/s	2 preempts/s
113001 milliseconds	3985 MB/s	3097 short_reads/s	0 short_writes_echo/s	41 cpu_user_milliseconds	951 cpu_system_milliseconds	0 minor_page_faults/s	0 major_page_faults/s	666 yields/s	9 preempts/s
114001 milliseconds	4013 MB/s	2593 short_reads/s	0 short_writes_echo/s	50 cpu_user_milliseconds	942 cpu_system_milliseconds	0 minor_page_faults/s	0 major_page_faults/s	372 yields/s	26 preempts/s
115001 milliseconds	4064 MB/s	513 short_reads/s	0 short_writes_echo/s	55 cpu_user_milliseconds	938 cpu_system_milliseconds	0 minor_page_faults/s	0 major_page_faults/s	276 yields/s	2 preempts/s
116001 milliseconds	3955 MB/s	2938 short_reads/s	0 short_writes_echo/s	45 cpu_user_milliseconds	946 cpu_system_milliseconds	0 minor_page_faults/s	0 major_page_faults/s	915 yields/s	11 preempts/s
117001 milliseconds	4020 MB/s	1597 short_reads/s	0 short_writes_echo/s	48 cpu_user_milliseconds	944 cpu_system_milliseconds	0 minor_page_faults/s	0 major_page_faults/s	455 yields/s	38 preempts/s
118001 milliseconds	3848 MB/s	4488 short_reads/s	0 short_writes_echo/s	44 cpu_user_milliseconds	947 cpu_system_milliseconds	0 minor_page_faults/s	0 major_page_faults/s	1431 yields/s	8 preempts/s
119001 milliseconds	3994 MB/s	2658 short_reads/s	0 short_writes_echo/s	43 cpu_user_milliseconds	950 cpu_system_milliseconds	0 minor_page_faults/s	0 major_page_faults/s	367 yields/s	17 preempts/s
120001 milliseconds	4057 MB/s	1899 short_reads/s	0 short_writes_echo/s	33 cpu_user_milliseconds	958 cpu_system_milliseconds	0 minor_page_faults/s	0 major_page_faults/s	466 yields/s	43 preempts/s
121001 milliseconds	3979 MB/s	2420 short_reads/s	0 short_writes_echo/s	57 cpu_user_milliseconds	927 cpu_system_milliseconds	0 minor_page_faults/s	0 major_page_faults/s	1447 yields/s	6 preempts/s
122001 milliseconds	4013 MB/s	2329 short_reads/s	0 short_writes_echo/s	39 cpu_user_milliseconds	954 cpu_system_milliseconds	0 minor_page_faults/s	0 major_page_faults/s	345 yields/s	24 preempts/s
123001 milliseconds	3954 MB/s	2464 short_reads/s	0 short_writes_echo/s	53 cpu_user_milliseconds	934 cpu_system_milliseconds	0 minor_page_faults/s	0 major_page_faults/s	1187 yields/s	25 preempts/s
124001 milliseconds	4022 MB/s	2902 short_reads/s	0 short_writes_echo/s	38 cpu_user_milliseconds	959 cpu_system_milliseconds	0 minor_page_faults/s	0 major_page_faults/s	255 yields/s	3 preempts/s
125001 milliseconds	3971 MB/s	4611 short_reads/s	0 short_writes_echo/s	64 cpu_user_milliseconds	932 cpu_system_milliseconds	0 minor_page_faults/s	0 major_page_faults/s	198 yields/s	3 preempts/s
126001 milliseconds	3963 MB/s	3785 short_reads/s	0 short_writes_echo/s	52 cpu_user_milliseconds	934 cpu_system_milliseconds	0 minor_page_faults/s	0 major_page_faults/s	1323 yields/s	22 preempts/s
127001 milliseconds	3557 MB/s	3350 short_reads/s	0 short_writes_echo/s	54 cpu_user_milliseconds	867 cpu_system_milliseconds	0 minor_page_faults/s	0 major_page_faults/s	2031 yields/s	75 preempts/s
128001 milliseconds	4002 MB/s	1622 short_reads/s	0 short_writes_echo/s	57 cpu_user_milliseconds	936 cpu_system_milliseconds	0 minor_page_faults/s	0 major_page_faults/s	651 yields/s	2 preempts/s
129001 milliseconds	4028 MB/s	2507 short_reads/s	0 short_writes_echo/s	43 cpu_user_milliseconds	953 cpu_system_milliseconds	0 minor_page_faults/s	0 major_page_faults/s	234 yields/s	5 preempts/s
130002 milliseconds	4103 MB/s	528 short_reads/s	0 short_writes_echo/s	42 cpu_user_milliseconds	953 cpu_system_milliseconds	0 minor_page_faults/s	0 major_page_faults/s	211 yields/s	1 preempts/s
131002 milliseconds	3933 MB/s	3450 short_reads/s	0 short_writes_echo/s	54 cpu_user_milliseconds	936 cpu_system_milliseconds	0 minor_page_faults/s	0 major_page_faults/s	791 yields/s	29 preempts/s
132002 milliseconds	4012 MB/s	1639 short_reads/s	0 short_writes_echo/s	56 cpu_user_milliseconds	936 cpu_system_milliseconds	0 minor_page_faults/s	0 major_page_faults/s	463 yields/s	26 preempts/s
133002 milliseconds	3974 MB/s	1896 short_reads/s	0 short_writes_echo/s	58 cpu_user_milliseconds	932 cpu_system_milliseconds	0 minor_page_faults/s	0 major_page_faults/s	640 yields/s	31 preempts/s
134002 milliseconds	4035 MB/s	1314 short_reads/s	0 short_writes_echo/s	47 cpu_user_milliseconds	947 cpu_system_milliseconds	0 minor_page_faults/s	0 major_page_faults/s	206 yields/s	32 preempts/s
135002 milliseconds	4082 MB/s	916 short_reads/s	0 short_writes_echo/s	51 cpu_user_milliseconds	944 cpu_system_milliseconds	0 minor_page_faults/s	0 major_page_faults/s	371 yields/s	8 preempts/s
136002 milliseconds	3993 MB/s	3374 short_reads/s	0 short_writes_echo/s	59 cpu_user_milliseconds	935 cpu_system_milliseconds	0 minor_page_faults/s	0 major_page_faults/s	616 yields/s	4 preempts/s
137002 milliseconds	4044 MB/s	792 short_reads/s	0 short_writes_echo/s	51 cpu_user_milliseconds	941 cpu_system_milliseconds	0 minor_page_faults/s	0 major_page_faults/s	393 yields/s	6 preempts/s
138002 milliseconds	3968 MB/s	4661 short_reads/s	0 short_writes_echo/s	54 cpu_user_milliseconds	944 cpu_system_milliseconds	0 minor_page_faults/s	0 major_page_faults/s	192 yields/s	4 preempts/s
139002 milliseconds	4047 MB/s	1567 short_reads/s	0 short_writes_echo/s	55 cpu_user_milliseconds	939 cpu_system_milliseconds	0 minor_page_faults/s	0 major_page_faults/s	437 yields/s	7 preempts/s
140002 milliseconds	4078 MB/s	651 short_reads/s	0 short_writes_echo/s	47 cpu_user_milliseconds	947 cpu_system_milliseconds	0 minor_page_faults/s	0 major_page_faults/s	182 yields/s	5 preempts/s
141002 milliseconds	4010 MB/s	2248 short_reads/s	0 short_writes_echo/s	51 cpu_user_milliseconds	938 cpu_system_milliseconds	0 minor_page_faults/s	0 major_page_faults/s	1122 yields/s	0 preempts/s
142002 milliseconds	4019 MB/s	2146 short_reads/s	0 short_writes_echo/s	61 cpu_user_milliseconds	932 cpu_system_milliseconds	0 minor_page_faults/s	0 major_page_faults/s	334 yields/s	9 preempts/s
143002 milliseconds	3941 MB/s	2687 short_reads/s	0 short_writes_echo/s	54 cpu_user_milliseconds	936 cpu_system_milliseconds	0 minor_page_faults/s	0 major_page_faults/s	960 yields/s	15 preempts/s
144002 milliseconds	4056 MB/s	1097 short_reads/s	0 short_writes_echo/s	41 cpu_user_milliseconds	953 cpu_system_milliseconds	0 minor_page_faults/s	0 major_page_faults/s	257 yields/s	10 preempts/s
145002 milliseconds	4043 MB/s	1313 short_reads/s	0 short_writes_echo/s	50 cpu_user_milliseconds	944 cpu_system_milliseconds	0 minor_page_faults/s	0 major_page_faults/s	208 yields/s	1 preempts/s
146002 milliseconds	3997 MB/s	988 short_reads/s	0 short_writes_echo/s	49 cpu_user_milliseconds	945 cpu_system_milliseconds	0 minor_page_faults/s	0 major_page_faults/s	377 yields/s	2 preempts/s
147002 milliseconds	4040 MB/s	867 short_reads/s	0 short_writes_echo/s	44 cpu_user_milliseconds	949 cpu_system_milliseconds	0 minor_page_faults/s	0 major_page_faults/s	399 yields/s	5 preempts/s
148002 milliseconds	3957 MB/s	2875 short_reads/s	0 short_writes_echo/s	51 cpu_user_milliseconds	940 cpu_system_milliseconds	0 minor_page_faults/s	0 major_page_faults/s	741 yields/s	13 preempts/s
149002 milliseconds	3902 MB/s	3914 short_reads/s	0 short_writes_echo/s	51 cpu_user_milliseconds	937 cpu_system_milliseconds	0 minor_page_faults/s	0 major_page_faults/s	1354 yields/s	16 preempts/s
150002 milliseconds	4089 MB/s	311 short_reads/s	0 short_writes_echo/s	55 cpu_user_milliseconds	942 cpu_system_milliseconds	0 minor_page_faults/s	0 major_page_faults/s	224 yields/s	4 preempts/s
151002 milliseconds	3942 MB/s	3011 short_reads/s	0 short_writes_echo/s	39 cpu_user_milliseconds	951 cpu_system_milliseconds	0 minor_page_faults/s	0 major_page_faults/s	927 yields/s	14 preempts/s
152002 milliseconds	3990 MB/s	2961 short_reads/s	0 short_writes_echo/s	48 cpu_user_milliseconds	946 cpu_system_milliseconds	0 minor_page_faults/s	0 major_page_faults/s	404 yields/s	6 preempts/s
153002 milliseconds	4007 MB/s	1591 short_reads/s	0 short_writes_echo/s	56 cpu_user_milliseconds	937 cpu_system_milliseconds	0 minor_page_faults/s	0 major_page_faults/s	587 yields/s	13 preempts/s
154002 milliseconds	3874 MB/s	4502 short_reads/s	0 short_writes_echo/s	45 cpu_user_milliseconds	947 cpu_system_milliseconds	0 minor_page_faults/s	0 major_page_faults/s	857 yields/s	11 preempts/s
155002 milliseconds	4049 MB/s	775 short_reads/s	0 short_writes_echo/s	53 cpu_user_milliseconds	943 cpu_system_milliseconds	0 minor_page_faults/s	0 major_page_faults/s	230 yields/s	7 preempts/s
156002 milliseconds	3960 MB/s	1346 short_reads/s	0 short_writes_echo/s	48 cpu_user_milliseconds	943 cpu_system_milliseconds	0 minor_page_faults/s	0 major_page_faults/s	817 yields/s	3 preempts/s
157002 milliseconds	4058 MB/s	852 short_reads/s	0 short_writes_echo/s	57 cpu_user_milliseconds	935 cpu_system_milliseconds	0 minor_page_faults/s	0 major_page_faults/s	450 yields/s	2 preempts/s
158002 milliseconds	3733 MB/s	2787 short_reads/s	0 short_writes_echo/s	47 cpu_user_milliseconds	889 cpu_system_milliseconds	0 minor_page_faults/s	0 major_page_faults/s	1223 yields/s	26 preempts/s
159002 milliseconds	3897 MB/s	4666 short_reads/s	0 short_writes_echo/s	49 cpu_user_milliseconds	942 cpu_system_milliseconds	0 minor_page_faults/s	0 major_page_faults/s	1043 yields/s	7 preempts/s
160002 milliseconds	4036 MB/s	646 short_reads/s	0 short_writes_echo/s	59 cpu_user_milliseconds	935 cpu_system_milliseconds	0 minor_page_faults/s	0 major_page_faults/s	330 yields/s	2 preempts/s
161002 milliseconds	4007 MB/s	1911 short_reads/s	0 short_writes_echo/s	47 cpu_user_milliseconds	940 cpu_system_milliseconds	0 minor_page_faults/s	0 major_page_faults/s	1123 yields/s	4 preempts/s
162002 milliseconds	4030 MB/s	723 short_reads/s	0 short_writes_echo/s	34 cpu_user_milliseconds	959 cpu_system_milliseconds	0 minor_page_faults/s	0 major_page_faults/s	454 yields/s	3 preempts/s
163002 milliseconds	3977 MB/s	3228 short_reads/s	0 short_writes_echo/s	49 cpu_user_milliseconds	946 cpu_system_milliseconds	0 minor_page_faults/s	0 major_page_faults/s	300 yields/s	9 preempts/s
164002 milliseconds	4082 MB/s	472 short_reads/s	0 short_writes_echo/s	37 cpu_user_milliseconds	958 cpu_system_milliseconds	0 minor_page_faults/s	0 major_page_faults/s	266 yields/s	4 preempts/s
165002 milliseconds	4047 MB/s	1173 short_reads/s	0 short_writes_echo/s	51 cpu_user_milliseconds	944 cpu_system_milliseconds	0 minor_page_faults/s	0 major_page_faults/s	281 yields/s	4 preempts/s
166002 milliseconds	3976 MB/s	2117 short_reads/s	0 short_writes_echo/s	48 cpu_user_milliseconds	945 cpu_system_milliseconds	0 minor_page_faults/s	0 major_page_faults/s	597 yields/s	3 preempts/s
167002 milliseconds	3991 MB/s	2412 short_reads/s	0 short_writes_echo/s	49 cpu_user_milliseconds	943 cpu_system_milliseconds	0 minor_page_faults/s	0 major_page_faults/s	463 yields/s	16 preempts/s
168002 milliseconds	3983 MB/s	1107 short_reads/s	0 short_writes_echo/s	50 cpu_user_milliseconds	942 cpu_system_milliseconds	0 minor_page_faults/s	0 major_page_faults/s	427 yields/s	8 preempts/s
169002 milliseconds	4080 MB/s	679 short_reads/s	0 short_writes_echo/s	39 cpu_user_milliseconds	958 cpu_system_milliseconds	0 minor_page_faults/s	0 major_page_faults/s	211 yields/s	3 preempts/s
170002 milliseconds	4090 MB/s	415 short_reads/s	0 short_writes_echo/s	52 cpu_user_milliseconds	944 cpu_system_milliseconds	0 minor_page_faults/s	0 major_page_faults/s	198 yields/s	2 preempts/s
171002 milliseconds	3971 MB/s	1988 short_reads/s	0 short_writes_echo/s	63 cpu_user_milliseconds	929 cpu_system_milliseconds	0 minor_page_faults/s	0 major_page_faults/s	563 yields/s	5 preempts/s
172002 milliseconds	4043 MB/s	1106 short_reads/s	0 short_writes_echo/s	52 cpu_user_milliseconds	940 cpu_system_milliseconds	0 minor_page_faults/s	0 major_page_faults/s	421 yields/s	7 preempts/s
173002 milliseconds	3947 MB/s	2023 short_reads/s	0 short_writes_echo/s	55 cpu_user_milliseconds	925 cpu_system_milliseconds	0 minor_page_faults/s	0 major_page_faults/s	1026 yields/s	72 preempts/s
174002 milliseconds	4081 MB/s	893 short_reads/s	0 short_writes_echo/s	55 cpu_user_milliseconds	940 cpu_system_milliseconds	0 minor_page_faults/s	0 major_page_faults/s	184 yields/s	10 preempts/s
175002 milliseconds	4082 MB/s	404 short_reads/s	0 short_writes_echo/s	48 cpu_user_milliseconds	946 cpu_system_milliseconds	0 minor_page_faults/s	0 major_page_faults/s	247 yields/s	3 preempts/s
176002 milliseconds	3906 MB/s	5248 short_reads/s	0 short_writes_echo/s	51 cpu_user_milliseconds	943 cpu_system_milliseconds	0 minor_page_faults/s	0 major_page_faults/s	339 yields/s	7 preempts/s
177002 milliseconds	3993 MB/s	2322 short_reads/s	0 short_writes_echo/s	41 cpu_user_milliseconds	948 cpu_system_milliseconds	0 minor_page_faults/s	0 major_page_faults/s	645 yields/s	27 preempts/s
178002 milliseconds	3846 MB/s	3505 short_reads/s	0 short_writes_echo/s	57 cpu_user_milliseconds	925 cpu_system_milliseconds	0 minor_page_faults/s	0 major_page_faults/s	1598 yields/s	4 preempts/s
179002 milliseconds	4088 MB/s	392 short_reads/s	0 short_writes_echo/s	49 cpu_user_milliseconds	945 cpu_system_milliseconds	0 minor_page_faults/s	0 major_page_faults/s	361 yields/s	3 preempts/s
180002 milliseconds	4044 MB/s	1568 short_reads/s	0 short_writes_echo/s	47 cpu_user_milliseconds	947 cpu_system_milliseconds	0 minor_page_faults/s	0 major_page_faults/s	252 yields/s	3 preempts/s
181002 milliseconds	3943 MB/s	3409 short_reads/s	0 short_writes_echo/s	48 cpu_user_milliseconds	944 cpu_system_milliseconds	0 minor_page_faults/s	0 major_page_faults/s	525 yields/s	2 preempts/s
182002 milliseconds	4020 MB/s	2247 short_reads/s	0 short_writes_echo/s	56 cpu_user_milliseconds	938 cpu_system_milliseconds	0 minor_page_faults/s	0 major_page_faults/s	346 yields/s	2 preempts/s
183002 milliseconds	3843 MB/s	3795 short_reads/s	0 short_writes_echo/s	45 cpu_user_milliseconds	943 cpu_system_milliseconds	0 minor_page_faults/s	0 major_page_faults/s	1066 yields/s	28 preempts/s
184002 milliseconds	3980 MB/s	1948 short_reads/s	0 short_writes_echo/s	47 cpu_user_milliseconds	940 cpu_system_milliseconds	0 minor_page_faults/s	0 major_page_faults/s	591 yields/s	55 preempts/s
185003 milliseconds	4001 MB/s	3112 short_reads/s	0 short_writes_echo/s	44 cpu_user_milliseconds	953 cpu_system_milliseconds	0 minor_page_faults/s	0 major_page_faults/s	196 yields/s	4 preempts/s
186003 milliseconds	3965 MB/s	3573 short_reads/s	0 short_writes_echo/s	51 cpu_user_milliseconds	939 cpu_system_milliseconds	0 minor_page_faults/s	0 major_page_faults/s	920 yields/s	2 preempts/s
187003 milliseconds	4047 MB/s	976 short_reads/s	0 short_writes_echo/s	51 cpu_user_milliseconds	945 cpu_system_milliseconds	0 minor_page_faults/s	0 major_page_faults/s	409 yields/s	3 preempts/s
188003 milliseconds	3460 MB/s	5627 short_reads/s	0 short_writes_echo/s	44 cpu_user_milliseconds	863 cpu_system_milliseconds	0 minor_page_faults/s	0 major_page_faults/s	1349 yields/s	226 preempts/s
189003 milliseconds	4046 MB/s	577 short_reads/s	0 short_writes_echo/s	43 cpu_user_milliseconds	952 cpu_system_milliseconds	0 minor_page_faults/s	0 major_page_faults/s	317 yields/s	1 preempts/s
190003 milliseconds	4062 MB/s	1206 short_reads/s	0 short_writes_echo/s	39 cpu_user_milliseconds	958 cpu_system_milliseconds	0 minor_page_faults/s	0 major_page_faults/s	208 yields/s	3 preempts/s
191003 milliseconds	4015 MB/s	2133 short_reads/s	0 short_writes_echo/s	56 cpu_user_milliseconds	932 cpu_system_milliseconds	0 minor_page_faults/s	0 major_page_faults/s	1240 yields/s	0 preempts/s
192003 milliseconds	4024 MB/s	1584 short_reads/s	0 short_writes_echo/s	49 cpu_user_milliseconds	943 cpu_system_milliseconds	0 minor_page_faults/s	0 major_page_faults/s	589 yields/s	1 preempts/s
193003 milliseconds	3959 MB/s	3566 short_reads/s	0 short_writes_echo/s	67 cpu_user_milliseconds	921 cpu_system_milliseconds	0 minor_page_faults/s	0 major_page_faults/s	1031 yields/s	29 preempts/s
194003 milliseconds	4105 MB/s	449 short_reads/s	0 short_writes_echo/s	48 cpu_user_milliseconds	946 cpu_system_milliseconds	0 minor_page_faults/s	0 major_page_faults/s	208 yields/s	11 preempts/s
195003 milliseconds	4096 MB/s	341 short_reads/s	0 short_writes_echo/s	51 cpu_user_milliseconds	944 cpu_system_milliseconds	0 minor_page_faults/s	0 major_page_faults/s	206 yields/s	0 preempts/s
196003 milliseconds	3937 MB/s	4633 short_reads/s	0 short_writes_echo/s	55 cpu_user_milliseconds	931 cpu_system_milliseconds	0 minor_page_faults/s	0 major_page_faults/s	1176 yields/s	48 preempts/s
197003 milliseconds	3998 MB/s	1683 short_reads/s	0 short_writes_echo/s	51 cpu_user_milliseconds	944 cpu_system_milliseconds	0 minor_page_faults/s	0 major_page_faults/s	378 yields/s	3 preempts/s
198003 milliseconds	3986 MB/s	3292 short_reads/s	0 short_writes_echo/s	45 cpu_user_milliseconds	949 cpu_system_milliseconds	0 minor_page_faults/s	0 major_page_faults/s	189 yields/s	3 preempts/s
199003 milliseconds	4043 MB/s	2449 short_reads/s	0 short_writes_echo/s	43 cpu_user_milliseconds	953 cpu_system_milliseconds	0 minor_page_faults/s	0 major_page_faults/s	265 yields/s	1 preempts/s
200003 milliseconds	4083 MB/s	742 short_reads/s	0 short_writes_echo/s	48 cpu_user_milliseconds	947 cpu_system_milliseconds	0 minor_page_faults/s	0 major_page_faults/s	448 yields/s	6 preempts/s
201003 milliseconds	4003 MB/s	1506 short_reads/s	0 short_writes_echo/s	50 cpu_user_milliseconds	942 cpu_system_milliseconds	0 minor_page_faults/s	0 major_page_faults/s	511 yields/s	8 preempts/s
202003 milliseconds	4054 MB/s	560 short_reads/s	0 short_writes_echo/s	43 cpu_user_milliseconds	950 cpu_system_milliseconds	0 minor_page_faults/s	0 major_page_faults/s	464 yields/s	3 preempts/s
203003 milliseconds	3956 MB/s	2025 short_reads/s	0 short_writes_echo/s	62 cpu_user_milliseconds	918 cpu_system_milliseconds	0 minor_page_faults/s	0 major_page_faults/s	1230 yields/s	59 preempts/s
204003 milliseconds	4011 MB/s	2675 short_reads/s	0 short_writes_echo/s	42 cpu_user_milliseconds	951 cpu_system_milliseconds	0 minor_page_faults/s	0 major_page_faults/s	262 yields/s	2 preempts/s
205003 milliseconds	4076 MB/s	426 short_reads/s	0 short_writes_echo/s	55 cpu_user_milliseconds	941 cpu_system_milliseconds	0 minor_page_faults/s	0 major_page_faults/s	232 yields/s	2 preempts/s
206003 milliseconds	3983 MB/s	3049 short_reads/s	0 short_writes_echo/s	54 cpu_user_milliseconds	935 cpu_system_milliseconds	0 minor_page_faults/s	0 major_page_faults/s	1206 yields/s	3 preempts/s
207003 milliseconds	3978 MB/s	2909 short_reads/s	0 short_writes_echo/s	55 cpu_user_milliseconds	938 cpu_system_milliseconds	0 minor_page_faults/s	0 major_page_faults/s	434 yields/s	4 preempts/s
208003 milliseconds	4003 MB/s	1505 short_reads/s	0 short_writes_echo/s	51 cpu_user_milliseconds	938 cpu_system_milliseconds	0 minor_page_faults/s	0 major_page_faults/s	941 yields/s	5 preempts/s
209003 milliseconds	4032 MB/s	2135 short_reads/s	0 short_writes_echo/s	54 cpu_user_milliseconds	941 cpu_system_milliseconds	0 minor_page_faults/s	0 major_page_faults/s	211 yields/s	1 preempts/s
210003 milliseconds	4066 MB/s	437 short_reads/s	0 short_writes_echo/s	49 cpu_user_milliseconds	947 cpu_system_milliseconds	0 minor_page_faults/s	0 major_page_faults/s	260 yields/s	3 preempts/s
211003 milliseconds	3969 MB/s	2644 short_reads/s	0 short_writes_echo/s	46 cpu_user_milliseconds	942 cpu_system_milliseconds	0 minor_page_faults/s	0 major_page_faults/s	1148 yields/s	2 preempts/s
212003 milliseconds	4035 MB/s	936 short_reads/s	0 short_writes_echo/s	57 cpu_user_milliseconds	935 cpu_system_milliseconds	0 minor_page_faults/s	0 major_page_faults/s	546 yields/s	2 preempts/s
213003 milliseconds	3974 MB/s	3639 short_reads/s	0 short_writes_echo/s	57 cpu_user_milliseconds	937 cpu_system_milliseconds	0 minor_page_faults/s	0 major_page_faults/s	383 yields/s	11 preempts/s
214003 milliseconds	3926 MB/s	3000 short_reads/s	0 short_writes_echo/s	57 cpu_user_milliseconds	934 cpu_system_milliseconds	0 minor_page_faults/s	0 major_page_faults/s	1088 yields/s	9 preempts/s
215003 milliseconds	4055 MB/s	1154 short_reads/s	0 short_writes_echo/s	43 cpu_user_milliseconds	952 cpu_system_milliseconds	0 minor_page_faults/s	0 major_page_faults/s	274 yields/s	0 preempts/s
216003 milliseconds	3958 MB/s	2194 short_reads/s	0 short_writes_echo/s	49 cpu_user_milliseconds	942 cpu_system_milliseconds	0 minor_page_faults/s	0 major_page_faults/s	595 yields/s	3 preempts/s
217003 milliseconds	4065 MB/s	710 short_reads/s	0 short_writes_echo/s	42 cpu_user_milliseconds	951 cpu_system_milliseconds	0 minor_page_faults/s	0 major_page_faults/s	475 yields/s	1 preempts/s
218003 milliseconds	3999 MB/s	3376 short_reads/s	0 short_writes_echo/s	52 cpu_user_milliseconds	942 cpu_system_milliseconds	0 minor_page_faults/s	0 major_page_faults/s	240 yields/s	4 preempts/s
219003 milliseconds	4076 MB/s	549 short_reads/s	0 short_writes_echo/s	59 cpu_user_milliseconds	936 cpu_system_milliseconds	0 minor_page_faults/s	0 major_page_faults/s	308 yields/s	2 preempts/s
220003 milliseconds	4046 MB/s	1634 short_reads/s	0 short_writes_echo/s	43 cpu_user_milliseconds	946 cpu_system_milliseconds	0 minor_page_faults/s	0 major_page_faults/s	798 yields/s	0 preempts/s
221003 milliseconds	3971 MB/s	3692 short_reads/s	0 short_writes_echo/s	56 cpu_user_milliseconds	934 cpu_system_milliseconds	0 minor_page_faults/s	0 major_page_faults/s	875 yields/s	2 preempts/s
222003 milliseconds	3988 MB/s	3072 short_reads/s	0 short_writes_echo/s	50 cpu_user_milliseconds	942 cpu_system_milliseconds	0 minor_page_faults/s	0 major_page_faults/s	621 yields/s	5 preempts/s
223003 milliseconds	3962 MB/s	4027 short_reads/s	0 short_writes_echo/s	52 cpu_user_milliseconds	934 cpu_system_milliseconds	0 minor_page_faults/s	0 major_page_faults/s	994 yields/s	23 preempts/s
224003 milliseconds	4002 MB/s	2568 short_reads/s	0 short_writes_echo/s	58 cpu_user_milliseconds	936 cpu_system_milliseconds	0 minor_page_faults/s	0 major_page_faults/s	626 yields/s	12 preempts/s
225003 milliseconds	3626 MB/s	4346 short_reads/s	0 short_writes_echo/s	45 cpu_user_milliseconds	894 cpu_system_milliseconds	0 minor_page_faults/s	0 major_page_faults/s	1175 yields/s	26 preempts/s
226003 milliseconds	3984 MB/s	2962 short_reads/s	0 short_writes_echo/s	48 cpu_user_milliseconds	938 cpu_system_milliseconds	0 minor_page_faults/s	0 major_page_faults/s	1235 yields/s	10 preempts/s
227003 milliseconds	4010 MB/s	2348 short_reads/s	0 short_writes_echo/s	45 cpu_user_milliseconds	945 cpu_system_milliseconds	0 minor_page_faults/s	0 major_page_faults/s	832 yields/s	7 preempts/s
228003 milliseconds	3947 MB/s	3668 short_reads/s	0 short_writes_echo/s	51 cpu_user_milliseconds	943 cpu_system_milliseconds	0 minor_page_faults/s	0 major_page_faults/s	287 yields/s	12 preempts/s
229003 milliseconds	4036 MB/s	490 short_reads/s	0 short_writes_echo/s	51 cpu_user_milliseconds	945 cpu_system_milliseconds	0 minor_page_faults/s	0 major_page_faults/s	216 yields/s	3 preempts/s
230003 milliseconds	4058 MB/s	1281 short_reads/s	0 short_writes_echo/s	57 cpu_user_milliseconds	938 cpu_system_milliseconds	0 minor_page_faults/s	0 major_page_faults/s	374 yields/s	3 preempts/s
231003 milliseconds	3975 MB/s	2880 short_reads/s	0 short_writes_echo/s	54 cpu_user_milliseconds	938 cpu_system_milliseconds	0 minor_page_faults/s	0 major_page_faults/s	566 yields/s	34 preempts/s
232003 milliseconds	4028 MB/s	1119 short_reads/s	0 short_writes_echo/s	56 cpu_user_milliseconds	935 cpu_system_milliseconds	0 minor_page_faults/s	0 major_page_faults/s	706 yields/s	15 preempts/s
233003 milliseconds	3832 MB/s	3614 short_reads/s	0 short_writes_echo/s	39 cpu_user_milliseconds	946 cpu_system_milliseconds	0 minor_page_faults/s	0 major_page_faults/s	1177 yields/s	28 preempts/s
234003 milliseconds	4035 MB/s	1035 short_reads/s	0 short_writes_echo/s	54 cpu_user_milliseconds	939 cpu_system_milliseconds	0 minor_page_faults/s	0 major_page_faults/s	247 yields/s	37 preempts/s
235003 milliseconds	4028 MB/s	1046 short_reads/s	0 short_writes_echo/s	60 cpu_user_milliseconds	935 cpu_system_milliseconds	0 minor_page_faults/s	0 major_page_faults/s	227 yields/s	7 preempts/s
236003 milliseconds	3952 MB/s	4208 short_reads/s	0 short_writes_echo/s	48 cpu_user_milliseconds	941 cpu_system_milliseconds	0 minor_page_faults/s	0 major_page_faults/s	1034 yields/s	12 preempts/s
237003 milliseconds	4034 MB/s	1594 short_reads/s	0 short_writes_echo/s	47 cpu_user_milliseconds	947 cpu_system_milliseconds	0 minor_page_faults/s	0 major_page_faults/s	486 yields/s	8 preempts/s
238003 milliseconds	3990 MB/s	2085 short_reads/s	0 short_writes_echo/s	53 cpu_user_milliseconds	939 cpu_system_milliseconds	0 minor_page_faults/s	0 major_page_faults/s	352 yields/s	40 preempts/s
239003 milliseconds	4101 MB/s	329 short_reads/s	0 short_writes_echo/s	50 cpu_user_milliseconds	946 cpu_system_milliseconds	0 minor_page_faults/s	0 major_page_faults/s	233 yields/s	2 preempts/s
240003 milliseconds	4023 MB/s	1725 short_reads/s	0 short_writes_echo/s	52 cpu_user_milliseconds	942 cpu_system_milliseconds	0 minor_page_faults/s	0 major_page_faults/s	367 yields/s	4 preempts/s
