1000 milliseconds	3674 MB/s	4519 short_reads/s	0 short_writes_echo/s	41 cpu_user_milliseconds	955 cpu_system_milliseconds	212 minor_page_faults/s	0 major_page_faults/s	300 yields/s	19 preempts/s
2000 milliseconds	3638 MB/s	3431 short_reads/s	0 short_writes_echo/s	49 cpu_user_milliseconds	937 cpu_system_milliseconds	2 minor_page_faults/s	0 major_page_faults/s	925 yields/s	62 preempts/s
3000 milliseconds	3940 MB/s	1705 short_reads/s	0 short_writes_echo/s	37 cpu_user_milliseconds	958 cpu_system_milliseconds	0 minor_page_faults/s	0 major_page_faults/s	282 yields/s	23 preempts/s
4000 milliseconds	3691 MB/s	4439 short_reads/s	0 short_writes_echo/s	53 cpu_user_milliseconds	927 cpu_system_milliseconds	0 minor_page_faults/s	0 major_page_faults/s	1350 yields/s	38 preempts/s
5000 milliseconds	3859 MB/s	1712 short_reads/s	0 short_writes_echo/s	55 cpu_user_milliseconds	938 cpu_system_milliseconds	0 minor_page_faults/s	0 major_page_faults/s	640 yields/s	18 preempts/s
6000 milliseconds	3965 MB/s	382 short_reads/s	0 short_writes_echo/s	39 cpu_user_milliseconds	957 cpu_system_milliseconds	0 minor_page_faults/s	0 major_page_faults/s	121 yields/s	7 preempts/s
7000 milliseconds	3897 MB/s	1220 short_reads/s	0 short_writes_echo/s	44 cpu_user_milliseconds	952 cpu_system_milliseconds	0 minor_page_faults/s	0 major_page_faults/s	128 yields/s	5 preempts/s
8000 milliseconds	3909 MB/s	670 short_reads/s	0 short_writes_echo/s	60 cpu_user_milliseconds	933 cpu_system_milliseconds	0 minor_page_faults/s	0 major_page_faults/s	175 yields/s	10 preempts/s
9000 milliseconds	3917 MB/s	1940 short_reads/s	0 short_writes_echo/s	37 cpu_user_milliseconds	950 cpu_system_milliseconds	0 minor_page_faults/s	0 major_page_faults/s	962 yields/s	2 preempts/s
10000 milliseconds	3804 MB/s	1609 short_reads/s	0 short_writes_echo/s	40 cpu_user_milliseconds	953 cpu_system_milliseconds	0 minor_page_faults/s	0 major_page_faults/s	146 yields/s	6 preempts/s
11000 milliseconds	3950 MB/s	498 short_reads/s	0 short_writes_echo/s	34 cpu_user_milliseconds	961 cpu_system_milliseconds	0 minor_page_faults/s	0 major_page_faults/s	178 yields/s	23 preempts/s
12000 milliseconds	3931 MB/s	773 short_reads/s	0 short_writes_echo/s	46 cpu_user_milliseconds	948 cpu_system_milliseconds	0 minor_page_faults/s	0 major_page_faults/s	197 yields/s	3 preempts/s
13000 milliseconds	3977 MB/s	699 short_reads/s	0 short_writes_echo/s	46 cpu_user_milliseconds	949 cpu_system_milliseconds	0 minor_page_faults/s	0 major_page_faults/s	202 yields/s	27 preempts/s
14000 milliseconds	3888 MB/s	2704 short_reads/s	0 short_writes_echo/s	41 cpu_user_milliseconds	947 cpu_system_milliseconds	0 minor_page_faults/s	0 major_page_faults/s	1045 yields/s	1 preempts/s
15000 milliseconds	3859 MB/s	2052 short_reads/s	0 short_writes_echo/s	48 cpu_user_milliseconds	935 cpu_system_milliseconds	0 minor_page_faults/s	0 major_page_faults/s	1258 yields/s	0 preempts/s
16000 milliseconds	3971 MB/s	848 short_reads/s	0 short_writes_echo/s	46 cpu_user_milliseconds	950 cpu_system_milliseconds	0 minor_page_faults/s	0 major_page_faults/s	399 yields/s	2 preempts/s
17000 milliseconds	3984 MB/s	359 short_reads/s	0 short_writes_echo/s	44 cpu_user_milliseconds	951 cpu_system_milliseconds	0 minor_page_faults/s	0 major_page_faults/s	134 yields/s	0 preempts/s
18000 milliseconds	3979 MB/s	344 short_reads/s	0 short_writes_echo/s	55 cpu_user_milliseconds	940 cpu_system_milliseconds	0 minor_page_faults/s	0 major_page_faults/s	127 yields/s	1 preempts/s
19000 milliseconds	3858 MB/s	1898 short_reads/s	0 short_writes_echo/s	42 cpu_user_milliseconds	953 cpu_system_milliseconds	0 minor_page_faults/s	0 major_page_faults/s	161 yields/s	1 preempts/s
20000 milliseconds	3824 MB/s	3052 short_reads/s	0 short_writes_echo/s	51 cpu_user_milliseconds	939 cpu_system_milliseconds	0 minor_page_faults/s	0 major_page_faults/s	967 yields/s	1 preempts/s
21000 milliseconds	3946 MB/s	1032 short_reads/s	0 short_writes_echo/s	51 cpu_user_milliseconds	943 cpu_system_milliseconds	0 minor_page_faults/s	0 major_page_faults/s	192 yields/s	27 preempts/s
22000 milliseconds	3873 MB/s	1370 short_reads/s	0 short_writes_echo/s	46 cpu_user_milliseconds	948 cpu_system_milliseconds	0 minor_page_faults/s	0 major_page_faults/s	126 yields/s	27 preempts/s
23000 milliseconds	3960 MB/s	688 short_reads/s	0 short_writes_echo/s	42 cpu_user_milliseconds	955 cpu_system_milliseconds	0 minor_page_faults/s	0 major_page_faults/s	190 yields/s	6 preempts/s
24000 milliseconds	3873 MB/s	2386 short_reads/s	0 short_writes_echo/s	37 cpu_user_milliseconds	950 cpu_system_milliseconds	0 minor_page_faults/s	0 major_page_faults/s	1048 yields/s	6 preempts/s
25000 milliseconds	3862 MB/s	2158 short_reads/s	0 short_writes_echo/s	33 cpu_user_milliseconds	956 cpu_system_milliseconds	0 minor_page_faults/s	0 major_page_faults/s	1030 yields/s	2 preempts/s
26000 milliseconds	3924 MB/s	551 short_reads/s	0 short_writes_echo/s	62 cpu_user_milliseconds	934 cpu_system_milliseconds	0 minor_page_faults/s	0 major_page_faults/s	128 yields/s	4 preempts/s
27000 milliseconds	3985 MB/s	352 short_reads/s	0 short_writes_echo/s	52 cpu_user_milliseconds	943 cpu_system_milliseconds	0 minor_page_faults/s	0 major_page_faults/s	166 yields/s	0 preempts/s
28000 milliseconds	3968 MB/s	506 short_reads/s	0 short_writes_echo/s	38 cpu_user_milliseconds	959 cpu_system_milliseconds	0 minor_page_faults/s	0 major_page_faults/s	205 yields/s	1 preempts/s
29000 milliseconds	3867 MB/s	1838 short_reads/s	0 short_writes_echo/s	49 cpu_user_milliseconds	945 cpu_system_milliseconds	0 minor_page_faults/s	0 major_page_faults/s	267 yields/s	29 preempts/s
30000 milliseconds	3855 MB/s	3611 short_reads/s	0 short_writes_echo/s	44 cpu_user_milliseconds	939 cpu_system_milliseconds	0 minor_page_faults/s	0 major_page_faults/s	1675 yields/s	28 preempts/s
31000 milliseconds	3934 MB/s	539 short_reads/s	0 short_writes_echo/s	52 cpu_user_milliseconds	943 cpu_system_milliseconds	0 minor_page_faults/s	0 major_page_faults/s	146 yields/s	1 preempts/s
32000 milliseconds	3975 MB/s	447 short_reads/s	0 short_writes_echo/s	47 cpu_user_milliseconds	947 cpu_system_milliseconds	0 minor_page_faults/s	0 major_page_faults/s	203 yields/s	1 preempts/s
33000 milliseconds	3984 MB/s	304 short_reads/s	0 short_writes_echo/s	52 cpu_user_milliseconds	945 cpu_system_milliseconds	0 minor_page_faults/s	0 major_page_faults/s	96 yields/s	3 preempts/s
34000 milliseconds	3880 MB/s	2144 short_reads/s	0 short_writes_echo/s	40 cpu_user_milliseconds	950 cpu_system_milliseconds	0 minor_page_faults/s	0 major_page_faults/s	908 yields/s	3 preempts/s
35000 milliseconds	3800 MB/s	3478 short_reads/s	0 short_writes_echo/s	47 cpu_user_milliseconds	942 cpu_system_milliseconds	0 minor_page_faults/s	0 major_page_faults/s	899 yields/s	30 preempts/s
36000 milliseconds	3886 MB/s	871 short_reads/s	0 short_writes_echo/s	48 cpu_user_milliseconds	947 cpu_system_milliseconds	0 minor_page_faults/s	0 major_page_faults/s	76 yields/s	23 preempts/s
37000 milliseconds	3778 MB/s	1075 short_reads/s	0 short_writes_echo/s	47 cpu_user_milliseconds	947 cpu_system_milliseconds	0 minor_page_faults/s	0 major_page_faults/s	212 yields/s	22 preempts/s
38000 milliseconds	3977 MB/s	397 short_reads/s	0 short_writes_echo/s	36 cpu_user_milliseconds	959 cpu_system_milliseconds	0 minor_page_faults/s	0 major_page_faults/s	153 yields/s	0 preempts/s
39000 milliseconds	3880 MB/s	1022 short_reads/s	0 short_writes_echo/s	37 cpu_user_milliseconds	956 cpu_system_milliseconds	0 minor_page_faults/s	0 major_page_faults/s	345 yields/s	32 preempts/s
40000 milliseconds	3822 MB/s	1745 short_reads/s	0 short_writes_echo/s	32 cpu_user_milliseconds	962 cpu_system_milliseconds	0 minor_page_faults/s	0 major_page_faults/s	393 yields/s	3 preempts/s
41000 milliseconds	3927 MB/s	1370 short_reads/s	0 short_writes_echo/s	48 cpu_user_milliseconds	949 cpu_system_milliseconds	0 minor_page_faults/s	0 major_page_faults/s	86 yields/s	7 preempts/s
42000 milliseconds	3946 MB/s	956 short_reads/s	0 short_writes_echo/s	51 cpu_user_milliseconds	942 cpu_system_milliseconds	0 minor_page_faults/s	0 major_page_faults/s	220 yields/s	27 preempts/s
43000 milliseconds	3946 MB/s	549 short_reads/s	0 short_writes_echo/s	52 cpu_user_milliseconds	945 cpu_system_milliseconds	0 minor_page_faults/s	0 major_page_faults/s	143 yields/s	8 preempts/s
44000 milliseconds	3821 MB/s	1474 short_reads/s	0 short_writes_echo/s	49 cpu_user_milliseconds	945 cpu_system_milliseconds	0 minor_page_faults/s	0 major_page_faults/s	312 yields/s	3 preempts/s
45000 milliseconds	3809 MB/s	2636 short_reads/s	0 short_writes_echo/s	41 cpu_user_milliseconds	949 cpu_system_milliseconds	0 minor_page_faults/s	0 major_page_faults/s	660 yields/s	16 preempts/s
46000 milliseconds	3877 MB/s	984 short_reads/s	0 short_writes_echo/s	50 cpu_user_milliseconds	945 cpu_system_milliseconds	0 minor_page_faults/s	0 major_page_faults/s	241 yields/s	6 preempts/s
47000 milliseconds	3996 MB/s	347 short_reads/s	0 short_writes_echo/s	49 cpu_user_milliseconds	947 cpu_system_milliseconds	0 minor_page_faults/s	0 major_page_faults/s	168 yields/s	0 preempts/s
48000 milliseconds	3972 MB/s	500 short_reads/s	0 short_writes_echo/s	43 cpu_user_milliseconds	951 cpu_system_milliseconds	0 minor_page_faults/s	0 major_page_faults/s	180 yields/s	3 preempts/s
49000 milliseconds	3907 MB/s	1367 short_reads/s	0 short_writes_echo/s	48 cpu_user_milliseconds	942 cpu_system_milliseconds	0 minor_page_faults/s	0 major_page_faults/s	684 yields/s	5 preempts/s
50000 milliseconds	3819 MB/s	2725 short_reads/s	0 short_writes_echo/s	37 cpu_user_milliseconds	948 cpu_system_milliseconds	0 minor_page_faults/s	0 major_page_faults/s	954 yields/s	2 preempts/s
51000 milliseconds	3960 MB/s	643 short_reads/s	0 short_writes_echo/s	46 cpu_user_milliseconds	948 cpu_system_milliseconds	0 minor_page_faults/s	0 major_page_faults/s	294 yields/s	1 preempts/s
52000 milliseconds	3719 MB/s	4559 short_reads/s	0 short_writes_echo/s	51 cpu_user_milliseconds	938 cpu_system_milliseconds	0 minor_page_faults/s	0 major_page_faults/s	901 yields/s	27 preempts/s
53000 milliseconds	3955 MB/s	558 short_reads/s	0 short_writes_echo/s	34 cpu_user_milliseconds	962 cpu_system_milliseconds	0 minor_page_faults/s	0 major_page_faults/s	120 yields/s	7 preempts/s
54000 milliseconds	3907 MB/s	1165 short_reads/s	0 short_writes_echo/s	50 cpu_user_milliseconds	945 cpu_system_milliseconds	0 minor_page_faults/s	0 major_page_faults/s	471 yields/s	2 preempts/s
55001 milliseconds	3862 MB/s	939 short_reads/s	0 short_writes_echo/s	42 cpu_user_milliseconds	954 cpu_system_milliseconds	0 minor_page_faults/s	0 major_page_faults/s	240 yields/s	14 preempts/s
56001 milliseconds	3920 MB/s	316 short_reads/s	0 short_writes_echo/s	43 cpu_user_milliseconds	955 cpu_system_milliseconds	0 minor_page_faults/s	0 major_page_faults/s	100 yields/s	4 preempts/s
57001 milliseconds	3940 MB/s	730 short_reads/s	0 short_writes_echo/s	47 cpu_user_milliseconds	950 cpu_system_milliseconds	0 minor_page_faults/s	0 major_page_faults/s	192 yields/s	1 preempts/s
58001 milliseconds	3952 MB/s	975 short_reads/s	0 short_writes_echo/s	36 cpu_user_milliseconds	960 cpu_system_milliseconds	0 minor_page_faults/s	0 major_page_faults/s	196 yields/s	3 preempts/s
59001 milliseconds	3859 MB/s	2021 short_reads/s	0 short_writes_echo/s	46 cpu_user_milliseconds	944 cpu_system_milliseconds	0 minor_page_faults/s	0 major_page_faults/s	722 yields/s	4 preempts/s
60001 milliseconds	3814 MB/s	2683 short_reads/s	0 short_writes_echo/s	44 cpu_user_milliseconds	941 cpu_system_milliseconds	0 minor_page_faults/s	0 major_page_faults/s	1201 yields/s	4 preempts/s
61001 milliseconds	3956 MB/s	549 short_reads/s	0 short_writes_echo/s	37 cpu_user_milliseconds	957 cpu_system_milliseconds	0 minor_page_faults/s	0 major_page_faults/s	209 yields/s	27 preempts/s
62001 milliseconds	3969 MB/s	524 short_reads/s	0 short_writes_echo/s	46 cpu_user_milliseconds	950 cpu_system_milliseconds	0 minor_page_faults/s	0 major_page_faults/s	173 yields/s	18 preempts/s
63001 milliseconds	3970 MB/s	341 short_reads/s	0 short_writes_echo/s	43 cpu_user_milliseconds	953 cpu_system_milliseconds	0 minor_page_faults/s	0 major_page_faults/s	175 yields/s	3 preempts/s
64001 milliseconds	3889 MB/s	2138 short_reads/s	0 short_writes_echo/s	48 cpu_user_milliseconds	940 cpu_system_milliseconds	0 minor_page_faults/s	0 major_page_faults/s	1057 yields/s	4 preempts/s
65001 milliseconds	3812 MB/s	1734 short_reads/s	0 short_writes_echo/s	46 cpu_user_milliseconds	948 cpu_system_milliseconds	0 minor_page_faults/s	0 major_page_faults/s	421 yields/s	4 preempts/s
66001 milliseconds	3966 MB/s	515 short_reads/s	0 short_writes_echo/s	49 cpu_user_milliseconds	949 cpu_system_milliseconds	0 minor_page_faults/s	0 major_page_faults/s	131 yields/s	5 preempts/s
67001 milliseconds	3926 MB/s	1132 short_reads/s	0 short_writes_echo/s	46 cpu_user_milliseconds	948 cpu_system_milliseconds	0 minor_page_faults/s	0 major_page_faults/s	205 yields/s	30 preempts/s
68001 milliseconds	3944 MB/s	529 short_reads/s	0 short_writes_echo/s	43 cpu_user_milliseconds	950 cpu_system_milliseconds	0 minor_page_faults/s	0 major_page_faults/s	231 yields/s	28 preempts/s
69001 milliseconds	3880 MB/s	1916 short_reads/s	0 short_writes_echo/s	56 cpu_user_milliseconds	932 cpu_system_milliseconds	0 minor_page_faults/s	0 major_page_faults/s	1019 yields/s	0 preempts/s
70001 milliseconds	3787 MB/s	3507 short_reads/s	0 short_writes_echo/s	44 cpu_user_milliseconds	945 cpu_system_milliseconds	0 minor_page_faults/s	0 major_page_faults/s	1057 yields/s	18 preempts/s
71001 milliseconds	3978 MB/s	390 short_reads/s	0 short_writes_echo/s	63 cpu_user_milliseconds	935 cpu_system_milliseconds	0 minor_page_faults/s	0 major_page_faults/s	119 yields/s	2 preempts/s
72001 milliseconds	3955 MB/s	717 short_reads/s	0 short_writes_echo/s	42 cpu_user_milliseconds	955 cpu_system_milliseconds	0 minor_page_faults/s	0 major_page_faults/s	154 yields/s	10 preempts/s
73001 milliseconds	3927 MB/s	947 short_reads/s	0 short_writes_echo/s	43 cpu_user_milliseconds	950 cpu_system_milliseconds	0 minor_page_faults/s	0 major_page_faults/s	244 yields/s	38 preempts/s
74001 milliseconds	3895 MB/s	1274 short_reads/s	0 short_writes_echo/s	46 cpu_user_milliseconds	945 cpu_system_milliseconds	0 minor_page_faults/s	0 major_page_faults/s	522 yields/s	35 preempts/s
75001 milliseconds	3811 MB/s	2263 short_reads/s	0 short_writes_echo/s	55 cpu_user_milliseconds	935 cpu_system_milliseconds	0 minor_page_faults/s	0 major_page_faults/s	639 yields/s	24 preempts/s
76001 milliseconds	3971 MB/s	413 short_reads/s	0 short_writes_echo/s	43 cpu_user_milliseconds	950 cpu_system_milliseconds	0 minor_page_faults/s	0 major_page_faults/s	182 yields/s	1 preempts/s
77001 milliseconds	3952 MB/s	706 short_reads/s	0 short_writes_echo/s	54 cpu_user_milliseconds	939 cpu_system_milliseconds	0 minor_page_faults/s	0 major_page_faults/s	183 yields/s	3 preempts/s
78001 milliseconds	3919 MB/s	1220 short_reads/s	0 short_writes_echo/s	44 cpu_user_milliseconds	951 cpu_system_milliseconds	0 minor_page_faults/s	0 major_page_faults/s	151 yields/s	17 preempts/s
79001 milliseconds	3814 MB/s	3020 short_reads/s	0 short_writes_echo/s	49 cpu_user_milliseconds	941 cpu_system_milliseconds	0 minor_page_faults/s	0 major_page_faults/s	805 yields/s	8 preempts/s
80001 milliseconds	3412 MB/s	3886 short_reads/s	0 short_writes_echo/s	51 cpu_user_milliseconds	858 cpu_system_milliseconds	0 minor_page_faults/s	0 major_page_faults/s	2229 yields/s	75 preempts/s
81001 milliseconds	3918 MB/s	675 short_reads/s	0 short_writes_echo/s	51 cpu_user_milliseconds	943 cpu_system_milliseconds	0 minor_page_faults/s	0 major_page_faults/s	125 yields/s	5 preempts/s
82001 milliseconds	3917 MB/s	1092 short_reads/s	0 short_writes_echo/s	40 cpu_user_milliseconds	957 cpu_system_milliseconds	0 minor_page_faults/s	0 major_page_faults/s	62 yields/s	12 preempts/s
83001 milliseconds	3949 MB/s	896 short_reads/s	0 short_writes_echo/s	43 cpu_user_milliseconds	952 cpu_system_milliseconds	0 minor_page_faults/s	0 major_page_faults/s	117 yields/s	1 preempts/s
84001 milliseconds	3860 MB/s	1925 short_reads/s	0 short_writes_echo/s	44 cpu_user_milliseconds	948 cpu_system_milliseconds	0 minor_page_faults/s	0 major_page_faults/s	342 yields/s	3 preempts/s
85001 milliseconds	3839 MB/s	2380 short_reads/s	0 short_writes_echo/s	55 cpu_user_milliseconds	938 cpu_system_milliseconds	0 minor_page_faults/s	0 major_page_faults/s	390 yields/s	7 preempts/s
86001 milliseconds	3968 MB/s	667 short_reads/s	0 short_writes_echo/s	57 cpu_user_milliseconds	940 cpu_system_milliseconds	0 minor_page_faults/s	0 major_page_faults/s	190 yields/s	2 preempts/s
87001 milliseconds	3933 MB/s	416 short_reads/s	0 short_writes_echo/s	43 cpu_user_milliseconds	950 cpu_system_milliseconds	0 minor_page_faults/s	0 major_page_faults/s	217 yields/s	26 preempts/s
88001 milliseconds	3935 MB/s	1130 short_reads/s	0 short_writes_echo/s	53 cpu_user_milliseconds	939 cpu_system_milliseconds	0 minor_page_faults/s	0 major_page_faults/s	483 yields/s	14 preempts/s
89001 milliseconds	3891 MB/s	1631 short_reads/s	0 short_writes_echo/s	46 cpu_user_milliseconds	949 cpu_system_milliseconds	0 minor_page_faults/s	0 major_page_faults/s	636 yields/s	3 preempts/s
90001 milliseconds	3837 MB/s	2298 short_reads/s	0 short_writes_echo/s	46 cpu_user_milliseconds	943 cpu_system_milliseconds	0 minor_page_faults/s	0 major_page_faults/s	697 yields/s	6 preempts/s
91001 milliseconds	3912 MB/s	1584 short_reads/s	0 short_writes_echo/s	50 cpu_user_milliseconds	943 cpu_system_milliseconds	0 minor_page_faults/s	0 major_page_faults/s	176 yields/s	24 preempts/s
92001 milliseconds	3978 MB/s	432 short_reads/s	0 short_writes_echo/s	38 cpu_user_milliseconds	958 cpu_system_milliseconds	0 minor_page_faults/s	0 major_page_faults/s	168 yields/s	4 preempts/s
93001 milliseconds	3969 MB/s	514 short_reads/s	0 short_writes_echo/s	44 cpu_user_milliseconds	950 cpu_system_milliseconds	0 minor_page_faults/s	0 major_page_faults/s	316 yields/s	1 preempts/s
94001 milliseconds	3887 MB/s	1821 short_reads/s	0 short_writes_echo/s	46 cpu_user_milliseconds	949 cpu_system_milliseconds	0 minor_page_faults/s	0 major_page_faults/s	262 yields/s	6 preempts/s
95001 milliseconds	3849 MB/s	1252 short_reads/s	0 short_writes_echo/s	37 cpu_user_milliseconds	950 cpu_system_milliseconds	0 minor_page_faults/s	0 major_page_faults/s	781 yields/s	8 preempts/s
96001 milliseconds	3886 MB/s	1541 short_reads/s	0 short_writes_echo/s	41 cpu_user_milliseconds	951 cpu_system_milliseconds	0 minor_page_faults/s	0 major_page_faults/s	226 yields/s	2 preempts/s
97001 milliseconds	3936 MB/s	664 short_reads/s	0 short_writes_echo/s	37 cpu_user_milliseconds	958 cpu_system_milliseconds	0 minor_page_faults/s	0 major_page_faults/s	85 yields/s	30 preempts/s
98001 milliseconds	3951 MB/s	528 short_reads/s	0 short_writes_echo/s	46 cpu_user_milliseconds	947 cpu_system_milliseconds	0 minor_page_faults/s	0 major_page_faults/s	306 yields/s	34 preempts/s
99001 milliseconds	3916 MB/s	2246 short_reads/s	0 short_writes_echo/s	53 cpu_user_milliseconds	937 cpu_system_milliseconds	0 minor_page_faults/s	0 major_page_faults/s	1030 yields/s	4 preempts/s
100001 milliseconds	3822 MB/s	2933 short_reads/s	0 short_writes_echo/s	43 cpu_user_milliseconds	939 cpu_system_milliseconds	0 minor_page_faults/s	0 major_page_faults/s	1352 yields/s	3 preempts/s
101001 milliseconds	4011 MB/s	356 short_reads/s	0 short_writes_echo/s	52 cpu_user_milliseconds	943 cpu_system_milliseconds	0 minor_page_faults/s	0 major_page_faults/s	150 yields/s	4 preempts/s
102001 milliseconds	3943 MB/s	846 short_reads/s	0 short_writes_echo/s	50 cpu_user_milliseconds	946 cpu_system_milliseconds	0 minor_page_faults/s	0 major_page_faults/s	115 yields/s	27 preempts/s
103001 milliseconds	3987 MB/s	357 short_reads/s	0 short_writes_echo/s	40 cpu_user_milliseconds	955 cpu_system_milliseconds	0 minor_page_faults/s	0 major_page_faults/s	180 yields/s	3 preempts/s
104001 milliseconds	3862 MB/s	2045 short_reads/s	0 short_writes_echo/s	44 cpu_user_milliseconds	941 cpu_system_milliseconds	0 minor_page_faults/s	0 major_page_faults/s	773 yields/s	1 preempts/s
105001 milliseconds	3630 MB/s	4965 short_reads/s	0 short_writes_echo/s	58 cpu_user_milliseconds	918 cpu_system_milliseconds	0 minor_page_faults/s	0 major_page_faults/s	1840 yields/s	17 preempts/s
106001 milliseconds	3897 MB/s	2013 short_reads/s	0 short_writes_echo/s	58 cpu_user_milliseconds	940 cpu_system_milliseconds	0 minor_page_faults/s	0 major_page_faults/s	88 yields/s	8 preempts/s
107001 milliseconds	3917 MB/s	947 short_reads/s	0 short_writes_echo/s	46 cpu_user_milliseconds	946 cpu_system_milliseconds	0 minor_page_faults/s	0 major_page_faults/s	227 yields/s	28 preempts/s
108001 milliseconds	3898 MB/s	2033 short_reads/s	0 short_writes_echo/s	44 cpu_user_milliseconds	949 cpu_system_milliseconds	0 minor_page_faults/s	0 major_page_faults/s	130 yields/s	2 preempts/s
109001 milliseconds	3906 MB/s	1148 short_reads/s	0 short_writes_echo/s	38 cpu_user_milliseconds	949 cpu_system_milliseconds	0 minor_page_faults/s	0 major_page_faults/s	790 yields/s	2 preempts/s
110001 milliseconds	3814 MB/s	2180 short_reads/s	0 short_writes_echo/s	44 cpu_user_milliseconds	941 cpu_system_milliseconds	0 minor_page_faults/s	0 major_page_faults/s	898 yields/s	28 preempts/s
111001 milliseconds	3967 MB/s	501 short_reads/s	0 short_writes_echo/s	48 cpu_user_milliseconds	949 cpu_system_milliseconds	0 minor_page_faults/s	0 major_page_faults/s	196 yields/s	6 preempts/s
112001 milliseconds	3958 MB/s	450 short_reads/s	0 short_writes_echo/s	32 cpu_user_milliseconds	963 cpu_system_milliseconds	0 minor_page_faults/s	0 major_page_faults/s	192 yields/s	1 preempts/s
113001 milliseconds	3954 MB/s	733 short_reads/s	0 short_writes_echo/s	39 cpu_user_milliseconds	957 cpu_system_milliseconds	0 minor_page_faults/s	0 major_page_faults/s	197 yields/s	5 preempts/s
114001 milliseconds	3927 MB/s	1202 short_reads/s	0 short_writes_echo/s	39 cpu_user_milliseconds	954 cpu_system_milliseconds	0 minor_page_faults/s	0 major_page_faults/s	476 yields/s	9 preempts/s
115001 milliseconds	3524 MB/s	4586 short_reads/s	0 short_writes_echo/s	36 cpu_user_milliseconds	901 cpu_system_milliseconds	0 minor_page_faults/s	0 major_page_faults/s	2102 yields/s	9 preempts/s
116001 milliseconds	3960 MB/s	501 short_reads/s	0 short_writes_echo/s	50 cpu_user_milliseconds	944 cpu_system_milliseconds	0 minor_page_faults/s	0 major_page_faults/s	174 yields/s	31 preempts/s
117002 milliseconds	3957 MB/s	892 short_reads/s	0 short_writes_echo/s	43 cpu_user_milliseconds	953 cpu_system_milliseconds	0 minor_page_faults/s	0 major_page_faults/s	212 yields/s	9 preempts/s
118002 milliseconds	3938 MB/s	485 short_reads/s	0 short_writes_echo/s	49 cpu_user_milliseconds	946 cpu_system_milliseconds	0 minor_page_faults/s	0 major_page_faults/s	125 yields/s	4 preempts/s
119002 milliseconds	3867 MB/s	2532 short_reads/s	0 short_writes_echo/s	45 cpu_user_milliseconds	942 cpu_system_milliseconds	0 minor_page_faults/s	0 major_page_faults/s	957 yields/s	24 preempts/s
120002 milliseconds	3730 MB/s	3880 short_reads/s	0 short_writes_echo/s	54 cpu_user_milliseconds	933 cpu_system_milliseconds	0 minor_page_faults/s	0 major_page_faults/s	883 yields/s	7 preempts/s
121002 milliseconds	3926 MB/s	1771 short_reads/s	0 short_writes_echo/s	45 cpu_user_milliseconds	953 cpu_system_milliseconds	0 minor_page_faults/s	0 major_page_faults/s	112 yields/s	3 preempts/s
122002 milliseconds	3937 MB/s	637 short_reads/s	0 short_writes_echo/s	43 cpu_user_milliseconds	949 cpu_system_milliseconds	0 minor_page_faults/s	0 major_page_faults/s	147 yields/s	26 preempts/s
123002 milliseconds	3962 MB/s	415 short_reads/s	0 short_writes_echo/s	37 cpu_user_milliseconds	959 cpu_system_milliseconds	0 minor_page_faults/s	0 major_page_faults/s	81 yields/s	7 preempts/s
124002 milliseconds	3881 MB/s	1298 short_reads/s	0 short_writes_echo/s	41 cpu_user_milliseconds	953 cpu_system_milliseconds	0 minor_page_faults/s	0 major_page_faults/s	329 yields/s	21 preempts/s
125002 milliseconds	3832 MB/s	2670 short_reads/s	0 short_writes_echo/s	49 cpu_user_milliseconds	937 cpu_system_milliseconds	0 minor_page_faults/s	0 major_page_faults/s	1275 yields/s	2 preempts/s
126002 milliseconds	3978 MB/s	275 short_reads/s	0 short_writes_echo/s	43 cpu_user_milliseconds	954 cpu_system_milliseconds	0 minor_page_faults/s	0 major_page_faults/s	131 yields/s	3 preempts/s
127002 milliseconds	3933 MB/s	766 short_reads/s	0 short_writes_echo/s	46 cpu_user_milliseconds	952 cpu_system_milliseconds	0 minor_page_faults/s	0 major_page_faults/s	146 yields/s	12 preempts/s
128002 milliseconds	3872 MB/s	1807 short_reads/s	0 short_writes_echo/s	34 cpu_user_milliseconds	961 cpu_system_milliseconds	0 minor_page_faults/s	0 major_page_faults/s	167 yields/s	27 preempts/s
129002 milliseconds	3885 MB/s	2447 short_reads/s	0 short_writes_echo/s	46 cpu_user_milliseconds	943 cpu_system_milliseconds	0 minor_page_faults/s	0 major_page_faults/s	1075 yields/s	2 preempts/s
130002 milliseconds	3810 MB/s	1539 short_reads/s	0 short_writes_echo/s	45 cpu_user_milliseconds	950 cpu_system_milliseconds	0 minor_page_faults/s	0 major_page_faults/s	288 yields/s	4 preempts/s
131002 milliseconds	3937 MB/s	718 short_reads/s	0 short_writes_echo/s	54 cpu_user_milliseconds	943 cpu_system_milliseconds	0 minor_page_faults/s	0 major_page_faults/s	88 yields/s	6 preempts/s
132002 milliseconds	3755 MB/s	2716 short_reads/s	0 short_writes_echo/s	38 cpu_user_milliseconds	947 cpu_system_milliseconds	0 minor_page_faults/s	0 major_page_faults/s	716 yields/s	55 preempts/s
133002 milliseconds	3899 MB/s	896 short_reads/s	0 short_writes_echo/s	45 cpu_user_milliseconds	950 cpu_system_milliseconds	0 minor_page_faults/s	0 major_page_faults/s	113 yields/s	2 preempts/s
134002 milliseconds	3881 MB/s	1684 short_reads/s	0 short_writes_echo/s	48 cpu_user_milliseconds	947 cpu_system_milliseconds	0 minor_page_faults/s	0 major_page_faults/s	202 yields/s	9 preempts/s
135002 milliseconds	3838 MB/s	2129 short_reads/s	0 short_writes_echo/s	45 cpu_user_milliseconds	942 cpu_system_milliseconds	0 minor_page_faults/s	0 major_page_faults/s	1010 yields/s	4 preempts/s
136002 milliseconds	3962 MB/s	624 short_reads/s	0 short_writes_echo/s	46 cpu_user_milliseconds	949 cpu_system_milliseconds	0 minor_page_faults/s	0 major_page_faults/s	233 yields/s	8 preempts/s
137002 milliseconds	3960 MB/s	668 short_reads/s	0 short_writes_echo/s	46 cpu_user_milliseconds	950 cpu_system_milliseconds	0 minor_page_faults/s	0 major_page_faults/s	198 yields/s	6 preempts/s
138002 milliseconds	3966 MB/s	459 short_reads/s	0 short_writes_echo/s	46 cpu_user_milliseconds	947 cpu_system_milliseconds	0 minor_page_faults/s	0 major_page_faults/s	207 yields/s	2 preempts/s
139002 milliseconds	3896 MB/s	1153 short_reads/s	0 short_writes_echo/s	55 cpu_user_milliseconds	939 cpu_system_milliseconds	0 minor_page_faults/s	0 major_page_faults/s	518 yields/s	4 preempts/s
140002 milliseconds	3755 MB/s	3147 short_reads/s	0 short_writes_echo/s	38 cpu_user_milliseconds	952 cpu_system_milliseconds	0 minor_page_faults/s	0 major_page_faults/s	613 yields/s	2 preempts/s
141002 milliseconds	3914 MB/s	1425 short_reads/s	0 short_writes_echo/s	35 cpu_user_milliseconds	960 cpu_system_milliseconds	0 minor_page_faults/s	0 major_page_faults/s	116 yields/s	0 preempts/s
142002 milliseconds	3957 MB/s	659 short_reads/s	0 short_writes_echo/s	47 cpu_user_milliseconds	949 cpu_system_milliseconds	0 minor_page_faults/s	0 major_page_faults/s	190 yields/s	2 preempts/s
143002 milliseconds	3998 MB/s	438 short_reads/s	0 short_writes_echo/s	48 cpu_user_milliseconds	948 cpu_system_milliseconds	0 minor_page_faults/s	0 major_page_faults/s	164 yields/s	1 preempts/s
144002 milliseconds	3895 MB/s	2174 short_reads/s	0 short_writes_echo/s	39 cpu_user_milliseconds	948 cpu_system_milliseconds	0 minor_page_faults/s	0 major_page_faults/s	1081 yields/s	2 preempts/s
145002 milliseconds	3740 MB/s	4397 short_reads/s	0 short_writes_echo/s	49 cpu_user_milliseconds	938 cpu_system_milliseconds	0 minor_page_faults/s	0 major_page_faults/s	1005 yields/s	29 preempts/s
146002 milliseconds	3970 MB/s	649 short_reads/s	0 short_writes_echo/s	35 cpu_user_milliseconds	960 cpu_system_milliseconds	0 minor_page_faults/s	0 major_page_faults/s	238 yields/s	3 preempts/s
147002 milliseconds	3979 MB/s	394 short_reads/s	0 short_writes_echo/s	40 cpu_user_milliseconds	957 cpu_system_milliseconds	0 minor_page_faults/s	0 major_page_faults/s	150 yields/s	8 preempts/s
148002 milliseconds	3915 MB/s	864 short_reads/s	0 short_writes_echo/s	46 cpu_user_milliseconds	948 cpu_system_milliseconds	0 minor_page_faults/s	0 major_page_faults/s	241 yields/s	16 preempts/s
149002 milliseconds	3869 MB/s	2175 short_reads/s	0 short_writes_echo/s	44 cpu_user_milliseconds	943 cpu_system_milliseconds	0 minor_page_faults/s	0 major_page_faults/s	833 yields/s	29 preempts/s
150002 milliseconds	3841 MB/s	2261 short_reads/s	0 short_writes_echo/s	40 cpu_user_milliseconds	952 cpu_system_milliseconds	0 minor_page_faults/s	0 major_page_faults/s	684 yields/s	58 preempts/s
151002 milliseconds	3901 MB/s	1739 short_reads/s	0 short_writes_echo/s	49 cpu_user_milliseconds	947 cpu_system_milliseconds	0 minor_page_faults/s	0 major_page_faults/s	80 yields/s	1 preempts/s
152002 milliseconds	3978 MB/s	445 short_reads/s	0 short_writes_echo/s	34 cpu_user_milliseconds	960 cpu_system_milliseconds	0 minor_page_faults/s	0 major_page_faults/s	184 yields/s	1 preempts/s
153002 milliseconds	3979 MB/s	415 short_reads/s	0 short_writes_echo/s	52 cpu_user_milliseconds	943 cpu_system_milliseconds	0 minor_page_faults/s	0 major_page_faults/s	160 yields/s	4 preempts/s
154002 milliseconds	3904 MB/s	1778 short_reads/s	0 short_writes_echo/s	51 cpu_user_milliseconds	940 cpu_system_milliseconds	0 minor_page_faults/s	0 major_page_faults/s	836 yields/s	1 preempts/s
155002 milliseconds	3856 MB/s	2241 short_reads/s	0 short_writes_echo/s	41 cpu_user_milliseconds	949 cpu_system_milliseconds	0 minor_page_faults/s	0 major_page_faults/s	914 yields/s	4 preempts/s
156002 milliseconds	3973 MB/s	329 short_reads/s	0 short_writes_echo/s	51 cpu_user_milliseconds	946 cpu_system_milliseconds	0 minor_page_faults/s	0 major_page_faults/s	166 yields/s	4 preempts/s
157002 milliseconds	3957 MB/s	577 short_reads/s	0 short_writes_echo/s	53 cpu_user_milliseconds	943 cpu_system_milliseconds	0 minor_page_faults/s	0 major_page_faults/s	250 yields/s	2 preempts/s
158002 milliseconds	3542 MB/s	3331 short_reads/s	0 short_writes_echo/s	52 cpu_user_milliseconds	882 cpu_system_milliseconds	0 minor_page_faults/s	0 major_page_faults/s	1534 yields/s	13 preempts/s
159002 milliseconds	3908 MB/s	2040 short_reads/s	0 short_writes_echo/s	46 cpu_user_milliseconds	945 cpu_system_milliseconds	0 minor_page_faults/s	0 major_page_faults/s	938 yields/s	3 preempts/s
160002 milliseconds	3818 MB/s	2828 short_reads/s	0 short_writes_echo/s	57 cpu_user_milliseconds	931 cpu_system_milliseconds	0 minor_page_faults/s	0 major_page_faults/s	894 yields/s	2 preempts/s
161002 milliseconds	3879 MB/s	1358 short_reads/s	0 short_writes_echo/s	47 cpu_user_milliseconds	944 cpu_system_milliseconds	0 minor_page_faults/s	0 major_page_faults/s	152 yields/s	53 preempts/s
162002 milliseconds	3925 MB/s	1114 short_reads/s	0 short_writes_echo/s	30 cpu_user_milliseconds	968 cpu_system_milliseconds	0 minor_page_faults/s	0 major_page_faults/s	98 yields/s	5 preempts/s
163002 milliseconds	3968 MB/s	530 short_reads/s	0 short_writes_echo/s	26 cpu_user_milliseconds	970 cpu_system_milliseconds	0 minor_page_faults/s	0 major_page_faults/s	243 yields/s	3 preempts/s
164002 milliseconds	3896 MB/s	2152 short_reads/s	0 short_writes_echo/s	49 cpu_user_milliseconds	937 cpu_system_milliseconds	0 minor_page_faults/s	0 major_page_faults/s	1007 yields/s	9 preempts/s
165002 milliseconds	3858 MB/s	1865 short_reads/s	0 short_writes_echo/s	32 cpu_user_milliseconds	958 cpu_system_milliseconds	0 minor_page_faults/s	0 major_page_faults/s	665 yields/s	2 preempts/s
166002 milliseconds	3935 MB/s	1088 short_reads/s	0 short_writes_echo/s	38 cpu_user_milliseconds	958 cpu_system_milliseconds	0 minor_page_faults/s	0 major_page_faults/s	177 yields/s	12 preempts/s
167002 milliseconds	3977 MB/s	549 short_reads/s	0 short_writes_echo/s	35 cpu_user_milliseconds	961 cpu_system_milliseconds	0 minor_page_faults/s	0 major_page_faults/s	138 yields/s	2 preempts/s
168002 milliseconds	3986 MB/s	332 short_reads/s	0 short_writes_echo/s	45 cpu_user_milliseconds	953 cpu_system_milliseconds	0 minor_page_faults/s	0 major_page_faults/s	132 yields/s	3 preempts/s
169002 milliseconds	3890 MB/s	2290 short_reads/s	0 short_writes_echo/s	41 cpu_user_milliseconds	944 cpu_system_milliseconds	0 minor_page_faults/s	0 major_page_faults/s	1170 yields/s	4 preempts/s
170002 milliseconds	3809 MB/s	3988 short_reads/s	0 short_writes_echo/s	42 cpu_user_milliseconds	939 cpu_system_milliseconds	0 minor_page_faults/s	0 major_page_faults/s	1684 yields/s	3 preempts/s
171002 milliseconds	3978 MB/s	360 short_reads/s	0 short_writes_echo/s	46 cpu_user_milliseconds	950 cpu_system_milliseconds	0 minor_page_faults/s	0 major_page_faults/s	98 yields/s	2 preempts/s
172002 milliseconds	3837 MB/s	2800 short_reads/s	0 short_writes_echo/s	31 cpu_user_milliseconds	955 cpu_system_milliseconds	0 minor_page_faults/s	0 major_page_faults/s	1137 yields/s	9 preempts/s
173002 milliseconds	3935 MB/s	668 short_reads/s	0 short_writes_echo/s	34 cpu_user_milliseconds	960 cpu_system_milliseconds	0 minor_page_faults/s	0 major_page_faults/s	218 yields/s	6 preempts/s
174002 milliseconds	3903 MB/s	1241 short_reads/s	0 short_writes_echo/s	49 cpu_user_milliseconds	944 cpu_system_milliseconds	0 minor_page_faults/s	0 major_page_faults/s	507 yields/s	1 preempts/s
175002 milliseconds	3840 MB/s	2395 short_reads/s	0 short_writes_echo/s	56 cpu_user_milliseconds	932 cpu_system_milliseconds	0 minor_page_faults/s	0 major_page_faults/s	1004 yields/s	6 preempts/s
176002 milliseconds	3961 MB/s	555 short_reads/s	0 short_writes_echo/s	41 cpu_user_milliseconds	953 cpu_system_milliseconds	0 minor_page_faults/s	0 major_page_faults/s	183 yields/s	28 preempts/s
177003 milliseconds	3947 MB/s	630 short_reads/s	0 short_writes_echo/s	36 cpu_user_milliseconds	961 cpu_system_milliseconds	0 minor_page_faults/s	0 major_page_faults/s	188 yields/s	16 preempts/s
178003 milliseconds	3909 MB/s	1058 short_reads/s	0 short_writes_echo/s	39 cpu_user_milliseconds	956 cpu_system_milliseconds	0 minor_page_faults/s	0 major_page_faults/s	142 yields/s	30 preempts/s
179003 milliseconds	3891 MB/s	2173 short_reads/s	0 short_writes_echo/s	43 cpu_user_milliseconds	947 cpu_system_milliseconds	0 minor_page_faults/s	0 major_page_faults/s	940 yields/s	11 preempts/s
180003 milliseconds	3849 MB/s	2548 short_reads/s	0 short_writes_echo/s	46 cpu_user_milliseconds	938 cpu_system_milliseconds	0 minor_page_faults/s	0 major_page_faults/s	1271 yields/s	5 preempts/s
181003 milliseconds	3952 MB/s	721 short_reads/s	0 short_writes_echo/s	38 cpu_user_milliseconds	960 cpu_system_milliseconds	0 minor_page_faults/s	0 major_page_faults/s	159 yields/s	7 preempts/s
182003 milliseconds	3939 MB/s	960 short_reads/s	0 short_writes_echo/s	44 cpu_user_milliseconds	953 cpu_system_milliseconds	0 minor_page_faults/s	0 major_page_faults/s	71 yields/s	1 preempts/s
183003 milliseconds	3951 MB/s	918 short_reads/s	0 short_writes_echo/s	44 cpu_user_milliseconds	953 cpu_system_milliseconds	0 minor_page_faults/s	0 major_page_faults/s	105 yields/s	10 preempts/s
184003 milliseconds	3850 MB/s	2857 short_reads/s	0 short_writes_echo/s	49 cpu_user_milliseconds	930 cpu_system_milliseconds	0 minor_page_faults/s	0 major_page_faults/s	1503 yields/s	11 preempts/s
185003 milliseconds	3784 MB/s	1653 short_reads/s	0 short_writes_echo/s	53 cpu_user_milliseconds	937 cpu_system_milliseconds	0 minor_page_faults/s	0 major_page_faults/s	366 yields/s	56 preempts/s
186003 milliseconds	3949 MB/s	551 short_reads/s	0 short_writes_echo/s	36 cpu_user_milliseconds	961 cpu_system_milliseconds	0 minor_page_faults/s	0 major_page_faults/s	172 yields/s	7 preempts/s
187003 milliseconds	3953 MB/s	624 short_reads/s	0 short_writes_echo/s	50 cpu_user_milliseconds	943 cpu_system_milliseconds	0 minor_page_faults/s	0 major_page_faults/s	147 yields/s	23 preempts/s
188003 milliseconds	3940 MB/s	706 short_reads/s	0 short_writes_echo/s	39 cpu_user_milliseconds	956 cpu_system_milliseconds	0 minor_page_faults/s	0 major_page_faults/s	172 yields/s	9 preempts/s
189003 milliseconds	3874 MB/s	2569 short_reads/s	0 short_writes_echo/s	53 cpu_user_milliseconds	931 cpu_system_milliseconds	0 minor_page_faults/s	0 major_page_faults/s	1063 yields/s	67 preempts/s
190003 milliseconds	3862 MB/s	1353 short_reads/s	0 short_writes_echo/s	42 cpu_user_milliseconds	943 cpu_system_milliseconds	0 minor_page_faults/s	0 major_page_faults/s	893 yields/s	4 preempts/s
191003 milliseconds	3945 MB/s	861 short_reads/s	0 short_writes_echo/s	39 cpu_user_milliseconds	956 cpu_system_milliseconds	0 minor_page_faults/s	0 major_page_faults/s	77 yields/s	4 preempts/s
192003 milliseconds	3599 MB/s	2536 short_reads/s	0 short_writes_echo/s	50 cpu_user_milliseconds	901 cpu_system_milliseconds	0 minor_page_faults/s	0 major_page_faults/s	1199 yields/s	132 preempts/s
193003 milliseconds	3917 MB/s	874 short_reads/s	0 short_writes_echo/s	44 cpu_user_milliseconds	950 cpu_system_milliseconds	0 minor_page_faults/s	0 major_page_faults/s	179 yields/s	11 preempts/s
194003 milliseconds	3890 MB/s	1848 short_reads/s	0 short_writes_echo/s	42 cpu_user_milliseconds	947 cpu_system_milliseconds	0 minor_page_faults/s	0 major_page_faults/s	838 yields/s	2 preempts/s
195003 milliseconds	3846 MB/s	1096 short_reads/s	0 short_writes_echo/s	66 cpu_user_milliseconds	924 cpu_system_milliseconds	0 minor_page_faults/s	0 major_page_faults/s	500 yields/s	5 preempts/s
196003 milliseconds	3964 MB/s	587 short_reads/s	0 short_writes_echo/s	43 cpu_user_milliseconds	951 cpu_system_milliseconds	0 minor_page_faults/s	0 major_page_faults/s	169 yields/s	34 preempts/s
197003 milliseconds	3914 MB/s	935 short_reads/s	0 short_writes_echo/s	44 cpu_user_milliseconds	950 cpu_system_milliseconds	0 minor_page_faults/s	0 major_page_faults/s	278 yields/s	7 preempts/s
198003 milliseconds	3967 MB/s	615 short_reads/s	0 short_writes_echo/s	41 cpu_user_milliseconds	956 cpu_system_milliseconds	0 minor_page_faults/s	0 major_page_faults/s	131 yields/s	2 preempts/s
199003 milliseconds	3801 MB/s	1552 short_reads/s	0 short_writes_echo/s	50 cpu_user_milliseconds	940 cpu_system_milliseconds	0 minor_page_faults/s	0 major_page_faults/s	573 yields/s	25 preempts/s
200003 milliseconds	3837 MB/s	2693 short_reads/s	0 short_writes_echo/s	59 cpu_user_milliseconds	930 cpu_system_milliseconds	0 minor_page_faults/s	0 major_page_faults/s	532 yields/s	10 preempts/s
201003 milliseconds	3953 MB/s	684 short_reads/s	0 short_writes_echo/s	35 cpu_user_milliseconds	959 cpu_system_milliseconds	0 minor_page_faults/s	0 major_page_faults/s	231 yields/s	28 preempts/s
202003 milliseconds	3943 MB/s	758 short_reads/s	0 short_writes_echo/s	41 cpu_user_milliseconds	953 cpu_system_milliseconds	0 minor_page_faults/s	0 major_page_faults/s	193 yields/s	5 preempts/s
203003 milliseconds	3818 MB/s	1321 short_reads/s	0 short_writes_echo/s	42 cpu_user_milliseconds	950 cpu_system_milliseconds	0 minor_page_faults/s	0 major_page_faults/s	438 yields/s	2 preempts/s
204003 milliseconds	3863 MB/s	2600 short_reads/s	0 short_writes_echo/s	39 cpu_user_milliseconds	952 cpu_system_milliseconds	0 minor_page_faults/s	0 major_page_faults/s	811 yields/s	5 preempts/s
205003 milliseconds	3841 MB/s	2356 short_reads/s	0 short_writes_echo/s	44 cpu_user_milliseconds	949 cpu_system_milliseconds	0 minor_page_faults/s	0 major_page_faults/s	705 yields/s	7 preempts/s
206003 milliseconds	3974 MB/s	329 short_reads/s	0 short_writes_echo/s	40 cpu_user_milliseconds	955 cpu_system_milliseconds	0 minor_page_faults/s	0 major_page_faults/s	209 yields/s	0 preempts/s
207003 milliseconds	3971 MB/s	333 short_reads/s	0 short_writes_echo/s	37 cpu_user_milliseconds	960 cpu_system_milliseconds	0 minor_page_faults/s	0 major_page_faults/s	184 yields/s	3 preempts/s
208003 milliseconds	3979 MB/s	410 short_reads/s	0 short_writes_echo/s	48 cpu_user_milliseconds	946 cpu_system_milliseconds	0 minor_page_faults/s	0 major_page_faults/s	155 yields/s	3 preempts/s
209003 milliseconds	3847 MB/s	2065 short_reads/s	0 short_writes_echo/s	42 cpu_user_milliseconds	954 cpu_system_milliseconds	0 minor_page_faults/s	0 major_page_faults/s	369 yields/s	7 preempts/s
210003 milliseconds	3825 MB/s	2356 short_reads/s	0 short_writes_echo/s	37 cpu_user_milliseconds	950 cpu_system_milliseconds	0 minor_page_faults/s	0 major_page_faults/s	1018 yields/s	26 preempts/s
211003 milliseconds	3834 MB/s	2627 short_reads/s	0 short_writes_echo/s	50 cpu_user_milliseconds	944 cpu_system_milliseconds	0 minor_page_faults/s	0 major_page_faults/s	149 yields/s	30 preempts/s
212003 milliseconds	3965 MB/s	719 short_reads/s	0 short_writes_echo/s	46 cpu_user_milliseconds	948 cpu_system_milliseconds	0 minor_page_faults/s	0 major_page_faults/s	160 yields/s	8 preempts/s
213003 milliseconds	3900 MB/s	1125 short_reads/s	0 short_writes_echo/s	57 cpu_user_milliseconds	940 cpu_system_milliseconds	0 minor_page_faults/s	0 major_page_faults/s	92 yields/s	7 preempts/s
214003 milliseconds	3840 MB/s	2466 short_reads/s	0 short_writes_echo/s	34 cpu_user_milliseconds	955 cpu_system_milliseconds	0 minor_page_faults/s	0 major_page_faults/s	778 yields/s	2 preempts/s
215003 milliseconds	3844 MB/s	1880 short_reads/s	0 short_writes_echo/s	35 cpu_user_milliseconds	958 cpu_system_milliseconds	0 minor_page_faults/s	0 major_page_faults/s	336 yields/s	5 preempts/s
216003 milliseconds	3994 MB/s	269 short_reads/s	0 short_writes_echo/s	47 cpu_user_milliseconds	950 cpu_system_milliseconds	0 minor_page_faults/s	0 major_page_faults/s	134 yields/s	2 preempts/s
217003 milliseconds	3969 MB/s	378 short_reads/s	0 short_writes_echo/s	34 cpu_user_milliseconds	962 cpu_system_milliseconds	0 minor_page_faults/s	0 major_page_faults/s	203 yields/s	2 preempts/s
218003 milliseconds	3978 MB/s	379 short_reads/s	0 short_writes_echo/s	45 cpu_user_milliseconds	950 cpu_system_milliseconds	0 minor_page_faults/s	0 major_page_faults/s	158 yields/s	1 preempts/s
219003 milliseconds	3828 MB/s	1236 short_reads/s	0 short_writes_echo/s	49 cpu_user_milliseconds	946 cpu_system_milliseconds	0 minor_page_faults/s	0 major_page_faults/s	363 yields/s	4 preempts/s
220003 milliseconds	3833 MB/s	2356 short_reads/s	0 short_writes_echo/s	54 cpu_user_milliseconds	938 cpu_system_milliseconds	0 minor_page_faults/s	0 major_page_faults/s	684 yields/s	2 preempts/s
221003 milliseconds	3935 MB/s	705 short_reads/s	0 short_writes_echo/s	46 cpu_user_milliseconds	950 cpu_system_milliseconds	0 minor_page_faults/s	0 major_page_faults/s	105 yields/s	3 preempts/s
222003 milliseconds	3988 MB/s	257 short_reads/s	0 short_writes_echo/s	36 cpu_user_milliseconds	960 cpu_system_milliseconds	0 minor_page_faults/s	0 major_page_faults/s	159 yields/s	6 preempts/s
223003 milliseconds	3976 MB/s	498 short_reads/s	0 short_writes_echo/s	43 cpu_user_milliseconds	954 cpu_system_milliseconds	0 minor_page_faults/s	0 major_page_faults/s	225 yields/s	1 preempts/s
224003 milliseconds	3873 MB/s	1702 short_reads/s	0 short_writes_echo/s	57 cpu_user_milliseconds	937 cpu_system_milliseconds	0 minor_page_faults/s	0 major_page_faults/s	334 yields/s	3 preempts/s
225003 milliseconds	3832 MB/s	1827 short_reads/s	0 short_writes_echo/s	62 cpu_user_milliseconds	924 cpu_system_milliseconds	0 minor_page_faults/s	0 major_page_faults/s	861 yields/s	30 preempts/s
226003 milliseconds	3930 MB/s	1093 short_reads/s	0 short_writes_echo/s	48 cpu_user_milliseconds	945 cpu_system_milliseconds	0 minor_page_faults/s	0 major_page_faults/s	234 yields/s	34 preempts/s
227003 milliseconds	3959 MB/s	1026 short_reads/s	0 short_writes_echo/s	45 cpu_user_milliseconds	951 cpu_system_milliseconds	0 minor_page_faults/s	0 major_page_faults/s	153 yields/s	14 preempts/s
228003 milliseconds	3982 MB/s	514 short_reads/s	0 short_writes_echo/s	38 cpu_user_milliseconds	957 cpu_system_milliseconds	0 minor_page_faults/s	0 major_page_faults/s	121 yields/s	4 preempts/s
229003 milliseconds	3814 MB/s	2155 short_reads/s	0 short_writes_echo/s	45 cpu_user_milliseconds	938 cpu_system_milliseconds	0 minor_page_faults/s	0 major_page_faults/s	952 yields/s	8 preempts/s
230003 milliseconds	3875 MB/s	1706 short_reads/s	0 short_writes_echo/s	51 cpu_user_milliseconds	936 cpu_system_milliseconds	0 minor_page_faults/s	0 major_page_faults/s	936 yields/s	2 preempts/s
231003 milliseconds	3946 MB/s	595 short_reads/s	0 short_writes_echo/s	41 cpu_user_milliseconds	955 cpu_system_milliseconds	0 minor_page_faults/s	0 major_page_faults/s	141 yields/s	4 preempts/s
232003 milliseconds	3956 MB/s	850 short_reads/s	0 short_writes_echo/s	46 cpu_user_milliseconds	949 cpu_system_milliseconds	0 minor_page_faults/s	0 major_page_faults/s	260 yields/s	4 preempts/s
233003 milliseconds	3938 MB/s	1079 short_reads/s	0 short_writes_echo/s	54 cpu_user_milliseconds	940 cpu_system_milliseconds	0 minor_page_faults/s	0 major_page_faults/s	299 yields/s	0 preempts/s
234003 milliseconds	3841 MB/s	1587 short_reads/s	0 short_writes_echo/s	47 cpu_user_milliseconds	948 cpu_system_milliseconds	0 minor_page_faults/s	0 major_page_faults/s	419 yields/s	0 preempts/s
235003 milliseconds	3735 MB/s	3159 short_reads/s	0 short_writes_echo/s	42 cpu_user_milliseconds	943 cpu_system_milliseconds	0 minor_page_faults/s	0 major_page_faults/s	794 yields/s	8 preempts/s
236003 milliseconds	3944 MB/s	1127 short_reads/s	0 short_writes_echo/s	47 cpu_user_milliseconds	948 cpu_system_milliseconds	0 minor_page_faults/s	0 major_page_faults/s	158 yields/s	23 preempts/s
237004 milliseconds	3959 MB/s	658 short_reads/s	0 short_writes_echo/s	43 cpu_user_milliseconds	951 cpu_system_milliseconds	0 minor_page_faults/s	0 major_page_faults/s	188 yields/s	38 preempts/s
238004 milliseconds	3487 MB/s	3117 short_reads/s	0 short_writes_echo/s	47 cpu_user_milliseconds	904 cpu_system_milliseconds	0 minor_page_faults/s	0 major_page_faults/s	564 yields/s	23 preempts/s
239004 milliseconds	3888 MB/s	2352 short_reads/s	0 short_writes_echo/s	51 cpu_user_milliseconds	937 cpu_system_milliseconds	0 minor_page_faults/s	0 major_page_faults/s	1108 yields/s	5 preempts/s
240004 milliseconds	3804 MB/s	1861 short_reads/s	0 short_writes_echo/s	55 cpu_user_milliseconds	927 cpu_system_milliseconds	0 minor_page_faults/s	0 major_page_faults/s	1127 yields/s	24 preempts/s
