1000 milliseconds	3678 MB/s	1375 short_reads/s	0 short_writes_echo/s	37 cpu_user_milliseconds	941 cpu_system_milliseconds	224 minor_page_faults/s	0 major_page_faults/s	1470 yields/s	13 preempts/s
2000 milliseconds	3834 MB/s	1162 short_reads/s	0 short_writes_echo/s	45 cpu_user_milliseconds	935 cpu_system_milliseconds	3 minor_page_faults/s	0 major_page_faults/s	1235 yields/s	38 preempts/s
3000 milliseconds	4044 MB/s	344 short_reads/s	0 short_writes_echo/s	39 cpu_user_milliseconds	952 cpu_system_milliseconds	0 minor_page_faults/s	0 major_page_faults/s	469 yields/s	36 preempts/s
4000 milliseconds	4134 MB/s	227 short_reads/s	0 short_writes_echo/s	41 cpu_user_milliseconds	954 cpu_system_milliseconds	0 minor_page_faults/s	0 major_page_faults/s	228 yields/s	11 preempts/s
5000 milliseconds	4151 MB/s	139 short_reads/s	0 short_writes_echo/s	29 cpu_user_milliseconds	966 cpu_system_milliseconds	0 minor_page_faults/s	0 major_page_faults/s	177 yields/s	2 preempts/s
6000 milliseconds	4005 MB/s	871 short_reads/s	0 short_writes_echo/s	28 cpu_user_milliseconds	957 cpu_system_milliseconds	0 minor_page_faults/s	0 major_page_faults/s	933 yields/s	5 preempts/s
7000 milliseconds	4122 MB/s	364 short_reads/s	0 short_writes_echo/s	41 cpu_user_milliseconds	943 cpu_system_milliseconds	0 minor_page_faults/s	0 major_page_faults/s	1163 yields/s	5 preempts/s
8000 milliseconds	4054 MB/s	617 short_reads/s	0 short_writes_echo/s	40 cpu_user_milliseconds	950 cpu_system_milliseconds	0 minor_page_faults/s	0 major_page_faults/s	625 yields/s	8 preempts/s
9000 milliseconds	4171 MB/s	165 short_reads/s	0 short_writes_echo/s	31 cpu_user_milliseconds	965 cpu_system_milliseconds	0 minor_page_faults/s	0 major_page_faults/s	116 yields/s	7 preempts/s
10000 milliseconds	4173 MB/s	308 short_reads/s	0 short_writes_echo/s	37 cpu_user_milliseconds	955 cpu_system_milliseconds	0 minor_page_faults/s	0 major_page_faults/s	348 yields/s	5 preempts/s
11000 milliseconds	4136 MB/s	960 short_reads/s	0 short_writes_echo/s	21 cpu_user_milliseconds	971 cpu_system_milliseconds	0 minor_page_faults/s	0 major_page_faults/s	103 yields/s	57 preempts/s
12000 milliseconds	4078 MB/s	320 short_reads/s	0 short_writes_echo/s	37 cpu_user_milliseconds	954 cpu_system_milliseconds	0 minor_page_faults/s	0 major_page_faults/s	329 yields/s	28 preempts/s
13000 milliseconds	4049 MB/s	291 short_reads/s	0 short_writes_echo/s	39 cpu_user_milliseconds	953 cpu_system_milliseconds	0 minor_page_faults/s	0 major_page_faults/s	400 yields/s	18 preempts/s
14000 milliseconds	4188 MB/s	193 short_reads/s	0 short_writes_echo/s	32 cpu_user_milliseconds	962 cpu_system_milliseconds	0 minor_page_faults/s	0 major_page_faults/s	198 yields/s	5 preempts/s
15000 milliseconds	4077 MB/s	109 short_reads/s	0 short_writes_echo/s	24 cpu_user_milliseconds	967 cpu_system_milliseconds	0 minor_page_faults/s	0 major_page_faults/s	72 yields/s	78 preempts/s
16000 milliseconds	4095 MB/s	169 short_reads/s	0 short_writes_echo/s	26 cpu_user_milliseconds	967 cpu_system_milliseconds	0 minor_page_faults/s	0 major_page_faults/s	183 yields/s	30 preempts/s
17000 milliseconds	4074 MB/s	407 short_reads/s	0 short_writes_echo/s	26 cpu_user_milliseconds	961 cpu_system_milliseconds	0 minor_page_faults/s	0 major_page_faults/s	590 yields/s	28 preempts/s
18000 milliseconds	4024 MB/s	290 short_reads/s	0 short_writes_echo/s	26 cpu_user_milliseconds	965 cpu_system_milliseconds	0 minor_page_faults/s	0 major_page_faults/s	323 yields/s	32 preempts/s
19000 milliseconds	4194 MB/s	213 short_reads/s	0 short_writes_echo/s	28 cpu_user_milliseconds	967 cpu_system_milliseconds	0 minor_page_faults/s	0 major_page_faults/s	238 yields/s	2 preempts/s
20000 milliseconds	4228 MB/s	188 short_reads/s	0 short_writes_echo/s	34 cpu_user_milliseconds	962 cpu_system_milliseconds	0 minor_page_faults/s	0 major_page_faults/s	168 yields/s	1 preempts/s
21000 milliseconds	4162 MB/s	135 short_reads/s	0 short_writes_echo/s	35 cpu_user_milliseconds	960 cpu_system_milliseconds	0 minor_page_faults/s	0 major_page_faults/s	178 yields/s	0 preempts/s
22000 milliseconds	4068 MB/s	296 short_reads/s	0 short_writes_echo/s	28 cpu_user_milliseconds	955 cpu_system_milliseconds	0 minor_page_faults/s	0 major_page_faults/s	1188 yields/s	29 preempts/s
23000 milliseconds	4059 MB/s	917 short_reads/s	0 short_writes_echo/s	41 cpu_user_milliseconds	941 cpu_system_milliseconds	0 minor_page_faults/s	0 major_page_faults/s	870 yields/s	53 preempts/s
24000 milliseconds	4176 MB/s	193 short_reads/s	0 short_writes_echo/s	32 cpu_user_milliseconds	961 cpu_system_milliseconds	0 minor_page_faults/s	0 major_page_faults/s	191 yields/s	26 preempts/s
25000 milliseconds	4188 MB/s	201 short_reads/s	0 short_writes_echo/s	40 cpu_user_milliseconds	957 cpu_system_milliseconds	0 minor_page_faults/s	0 major_page_faults/s	190 yields/s	9 preempts/s
26000 milliseconds	3877 MB/s	530 short_reads/s	0 short_writes_echo/s	40 cpu_user_milliseconds	917 cpu_system_milliseconds	0 minor_page_faults/s	0 major_page_faults/s	653 yields/s	99 preempts/s
27000 milliseconds	4099 MB/s	893 short_reads/s	0 short_writes_echo/s	39 cpu_user_milliseconds	952 cpu_system_milliseconds	0 minor_page_faults/s	0 major_page_faults/s	420 yields/s	23 preempts/s
28000 milliseconds	4070 MB/s	491 short_reads/s	0 short_writes_echo/s	37 cpu_user_milliseconds	951 cpu_system_milliseconds	0 minor_page_faults/s	0 major_page_faults/s	688 yields/s	5 preempts/s
29000 milliseconds	4207 MB/s	157 short_reads/s	0 short_writes_echo/s	36 cpu_user_milliseconds	959 cpu_system_milliseconds	0 minor_page_faults/s	0 major_page_faults/s	165 yields/s	0 preempts/s
30000 milliseconds	4215 MB/s	121 short_reads/s	0 short_writes_echo/s	40 cpu_user_milliseconds	958 cpu_system_milliseconds	0 minor_page_faults/s	0 major_page_faults/s	111 yields/s	0 preempts/s
31000 milliseconds	4181 MB/s	182 short_reads/s	0 short_writes_echo/s	43 cpu_user_milliseconds	949 cpu_system_milliseconds	0 minor_page_faults/s	0 major_page_faults/s	332 yields/s	1 preempts/s
32000 milliseconds	4109 MB/s	344 short_reads/s	0 short_writes_echo/s	32 cpu_user_milliseconds	962 cpu_system_milliseconds	0 minor_page_faults/s	0 major_page_faults/s	394 yields/s	3 preempts/s
33000 milliseconds	4053 MB/s	628 short_reads/s	0 short_writes_echo/s	28 cpu_user_milliseconds	959 cpu_system_milliseconds	0 minor_page_faults/s	0 major_page_faults/s	726 yields/s	9 preempts/s
34000 milliseconds	4215 MB/s	190 short_reads/s	0 short_writes_echo/s	34 cpu_user_milliseconds	963 cpu_system_milliseconds	0 minor_page_faults/s	0 major_page_faults/s	195 yields/s	5 preempts/s
35000 milliseconds	4166 MB/s	211 short_reads/s	0 short_writes_echo/s	30 cpu_user_milliseconds	964 cpu_system_milliseconds	0 minor_page_faults/s	0 major_page_faults/s	180 yields/s	5 preempts/s
36000 milliseconds	4164 MB/s	170 short_reads/s	0 short_writes_echo/s	43 cpu_user_milliseconds	953 cpu_system_milliseconds	0 minor_page_faults/s	0 major_page_faults/s	170 yields/s	5 preempts/s
37000 milliseconds	4106 MB/s	449 short_reads/s	0 short_writes_echo/s	29 cpu_user_milliseconds	963 cpu_system_milliseconds	0 minor_page_faults/s	0 major_page_faults/s	435 yields/s	12 preempts/s
38000 milliseconds	4093 MB/s	574 short_reads/s	0 short_writes_echo/s	42 cpu_user_milliseconds	946 cpu_system_milliseconds	0 minor_page_faults/s	0 major_page_faults/s	560 yields/s	4 preempts/s
39000 milliseconds	4173 MB/s	229 short_reads/s	0 short_writes_echo/s	31 cpu_user_milliseconds	966 cpu_system_milliseconds	0 minor_page_faults/s	0 major_page_faults/s	198 yields/s	6 preempts/s
40000 milliseconds	4151 MB/s	140 short_reads/s	0 short_writes_echo/s	31 cpu_user_milliseconds	960 cpu_system_milliseconds	0 minor_page_faults/s	0 major_page_faults/s	116 yields/s	72 preempts/s
41000 milliseconds	4204 MB/s	139 short_reads/s	0 short_writes_echo/s	43 cpu_user_milliseconds	952 cpu_system_milliseconds	0 minor_page_faults/s	0 major_page_faults/s	116 yields/s	13 preempts/s
42000 milliseconds	3991 MB/s	352 short_reads/s	0 short_writes_echo/s	39 cpu_user_milliseconds	953 cpu_system_milliseconds	0 minor_page_faults/s	0 major_page_faults/s	280 yields/s	4 preempts/s
43000 milliseconds	4044 MB/s	389 short_reads/s	0 short_writes_echo/s	24 cpu_user_milliseconds	965 cpu_system_milliseconds	0 minor_page_faults/s	0 major_page_faults/s	345 yields/s	52 preempts/s
44000 milliseconds	4193 MB/s	138 short_reads/s	0 short_writes_echo/s	39 cpu_user_milliseconds	956 cpu_system_milliseconds	0 minor_page_faults/s	0 major_page_faults/s	106 yields/s	31 preempts/s
45001 milliseconds	4164 MB/s	159 short_reads/s	0 short_writes_echo/s	29 cpu_user_milliseconds	965 cpu_system_milliseconds	0 minor_page_faults/s	0 major_page_faults/s	180 yields/s	2 preempts/s
46001 milliseconds	4198 MB/s	179 short_reads/s	0 short_writes_echo/s	39 cpu_user_milliseconds	956 cpu_system_milliseconds	0 minor_page_faults/s	0 major_page_faults/s	145 yields/s	4 preempts/s
47001 milliseconds	4067 MB/s	329 short_reads/s	0 short_writes_echo/s	37 cpu_user_milliseconds	950 cpu_system_milliseconds	0 minor_page_faults/s	0 major_page_faults/s	956 yields/s	18 preempts/s
48001 milliseconds	4055 MB/s	863 short_reads/s	0 short_writes_echo/s	27 cpu_user_milliseconds	959 cpu_system_milliseconds	0 minor_page_faults/s	0 major_page_faults/s	1071 yields/s	3 preempts/s
49001 milliseconds	4206 MB/s	174 short_reads/s	0 short_writes_echo/s	32 cpu_user_milliseconds	964 cpu_system_milliseconds	0 minor_page_faults/s	0 major_page_faults/s	154 yields/s	4 preempts/s
50001 milliseconds	4131 MB/s	126 short_reads/s	0 short_writes_echo/s	44 cpu_user_milliseconds	950 cpu_system_milliseconds	0 minor_page_faults/s	0 major_page_faults/s	123 yields/s	27 preempts/s
51001 milliseconds	4176 MB/s	232 short_reads/s	0 short_writes_echo/s	38 cpu_user_milliseconds	954 cpu_system_milliseconds	0 minor_page_faults/s	0 major_page_faults/s	239 yields/s	46 preempts/s
52001 milliseconds	4046 MB/s	612 short_reads/s	0 short_writes_echo/s	38 cpu_user_milliseconds	948 cpu_system_milliseconds	0 minor_page_faults/s	0 major_page_faults/s	817 yields/s	4 preempts/s
53001 milliseconds	4098 MB/s	289 short_reads/s	0 short_writes_echo/s	37 cpu_user_milliseconds	956 cpu_system_milliseconds	0 minor_page_faults/s	0 major_page_faults/s	297 yields/s	12 preempts/s
54001 milliseconds	4158 MB/s	143 short_reads/s	0 short_writes_echo/s	32 cpu_user_milliseconds	961 cpu_system_milliseconds	0 minor_page_faults/s	0 major_page_faults/s	158 yields/s	17 preempts/s
55001 milliseconds	4171 MB/s	186 short_reads/s	0 short_writes_echo/s	33 cpu_user_milliseconds	959 cpu_system_milliseconds	0 minor_page_faults/s	0 major_page_faults/s	210 yields/s	12 preempts/s
56001 milliseconds	4188 MB/s	141 short_reads/s	0 short_writes_echo/s	31 cpu_user_milliseconds	964 cpu_system_milliseconds	0 minor_page_faults/s	0 major_page_faults/s	129 yields/s	5 preempts/s
57001 milliseconds	4050 MB/s	701 short_reads/s	0 short_writes_echo/s	32 cpu_user_milliseconds	952 cpu_system_milliseconds	0 minor_page_faults/s	0 major_page_faults/s	927 yields/s	3 preempts/s
58001 milliseconds	4055 MB/s	417 short_reads/s	0 short_writes_echo/s	42 cpu_user_milliseconds	945 cpu_system_milliseconds	0 minor_page_faults/s	0 major_page_faults/s	719 yields/s	8 preempts/s
59001 milliseconds	4161 MB/s	245 short_reads/s	0 short_writes_echo/s	28 cpu_user_milliseconds	967 cpu_system_milliseconds	0 minor_page_faults/s	0 major_page_faults/s	241 yields/s	1 preempts/s
60001 milliseconds	4217 MB/s	179 short_reads/s	0 short_writes_echo/s	41 cpu_user_milliseconds	953 cpu_system_milliseconds	0 minor_page_faults/s	0 major_page_faults/s	214 yields/s	2 preempts/s
61001 milliseconds	4206 MB/s	205 short_reads/s	0 short_writes_echo/s	33 cpu_user_milliseconds	962 cpu_system_milliseconds	0 minor_page_faults/s	0 major_page_faults/s	212 yields/s	7 preempts/s
62001 milliseconds	4108 MB/s	559 short_reads/s	0 short_writes_echo/s	20 cpu_user_milliseconds	967 cpu_system_milliseconds	0 minor_page_faults/s	0 major_page_faults/s	773 yields/s	3 preempts/s
63001 milliseconds	3976 MB/s	160 short_reads/s	0 short_writes_echo/s	28 cpu_user_milliseconds	962 cpu_system_milliseconds	0 minor_page_faults/s	0 major_page_faults/s	211 yields/s	5 preempts/s
64001 milliseconds	4175 MB/s	149 short_reads/s	0 short_writes_echo/s	33 cpu_user_milliseconds	961 cpu_system_milliseconds	0 minor_page_faults/s	0 major_page_faults/s	156 yields/s	1 preempts/s
65001 milliseconds	4209 MB/s	113 short_reads/s	0 short_writes_echo/s	29 cpu_user_milliseconds	965 cpu_system_milliseconds	0 minor_page_faults/s	0 major_page_faults/s	123 yields/s	11 preempts/s
66001 milliseconds	4223 MB/s	175 short_reads/s	0 short_writes_echo/s	38 cpu_user_milliseconds	956 cpu_system_milliseconds	0 minor_page_faults/s	0 major_page_faults/s	178 yields/s	1 preempts/s
67001 milliseconds	4062 MB/s	271 short_reads/s	0 short_writes_echo/s	32 cpu_user_milliseconds	951 cpu_system_milliseconds	0 minor_page_faults/s	0 major_page_faults/s	991 yields/s	5 preempts/s
68001 milliseconds	4007 MB/s	256 short_reads/s	0 short_writes_echo/s	31 cpu_user_milliseconds	962 cpu_system_milliseconds	0 minor_page_faults/s	0 major_page_faults/s	277 yields/s	9 preempts/s
69001 milliseconds	4206 MB/s	195 short_reads/s	0 short_writes_echo/s	40 cpu_user_milliseconds	955 cpu_system_milliseconds	0 minor_page_faults/s	0 major_page_faults/s	252 yields/s	5 preempts/s
70001 milliseconds	4206 MB/s	205 short_reads/s	0 short_writes_echo/s	37 cpu_user_milliseconds	957 cpu_system_milliseconds	0 minor_page_faults/s	0 major_page_faults/s	240 yields/s	1 preempts/s
71001 milliseconds	4145 MB/s	288 short_reads/s	0 short_writes_echo/s	36 cpu_user_milliseconds	957 cpu_system_milliseconds	0 minor_page_faults/s	0 major_page_faults/s	327 yields/s	3 preempts/s
72001 milliseconds	4097 MB/s	537 short_reads/s	0 short_writes_echo/s	47 cpu_user_milliseconds	939 cpu_system_milliseconds	0 minor_page_faults/s	0 major_page_faults/s	1044 yields/s	7 preempts/s
73001 milliseconds	4066 MB/s	524 short_reads/s	0 short_writes_echo/s	43 cpu_user_milliseconds	944 cpu_system_milliseconds	0 minor_page_faults/s	0 major_page_faults/s	589 yields/s	33 preempts/s
74001 milliseconds	4178 MB/s	184 short_reads/s	0 short_writes_echo/s	36 cpu_user_milliseconds	958 cpu_system_milliseconds	0 minor_page_faults/s	0 major_page_faults/s	219 yields/s	8 preempts/s
75001 milliseconds	3863 MB/s	1146 short_reads/s	0 short_writes_echo/s	32 cpu_user_milliseconds	904 cpu_system_milliseconds	0 minor_page_faults/s	0 major_page_faults/s	1482 yields/s	12 preempts/s
76001 milliseconds	4203 MB/s	176 short_reads/s	0 short_writes_echo/s	36 cpu_user_milliseconds	959 cpu_system_milliseconds	0 minor_page_faults/s	0 major_page_faults/s	212 yields/s	8 preempts/s
77001 milliseconds	4135 MB/s	376 short_reads/s	0 short_writes_echo/s	28 cpu_user_milliseconds	957 cpu_system_milliseconds	0 minor_page_faults/s	0 major_page_faults/s	1140 yields/s	3 preempts/s
78001 milliseconds	4006 MB/s	219 short_reads/s	0 short_writes_echo/s	38 cpu_user_milliseconds	949 cpu_system_milliseconds	0 minor_page_faults/s	0 major_page_faults/s	970 yields/s	17 preempts/s
79001 milliseconds	4091 MB/s	327 short_reads/s	0 short_writes_echo/s	38 cpu_user_milliseconds	947 cpu_system_milliseconds	0 minor_page_faults/s	0 major_page_faults/s	418 yields/s	40 preempts/s
80001 milliseconds	4155 MB/s	95 short_reads/s	0 short_writes_echo/s	33 cpu_user_milliseconds	964 cpu_system_milliseconds	0 minor_page_faults/s	0 major_page_faults/s	106 yields/s	6 preempts/s
81001 milliseconds	4197 MB/s	210 short_reads/s	0 short_writes_echo/s	33 cpu_user_milliseconds	960 cpu_system_milliseconds	0 minor_page_faults/s	0 major_page_faults/s	251 yields/s	6 preempts/s
82001 milliseconds	4095 MB/s	322 short_reads/s	0 short_writes_echo/s	42 cpu_user_milliseconds	942 cpu_system_milliseconds	0 minor_page_faults/s	0 major_page_faults/s	1155 yields/s	5 preempts/s
83001 milliseconds	4059 MB/s	271 short_reads/s	0 short_writes_echo/s	36 cpu_user_milliseconds	956 cpu_system_milliseconds	0 minor_page_faults/s	0 major_page_faults/s	390 yields/s	3 preempts/s
84001 milliseconds	4227 MB/s	210 short_reads/s	0 short_writes_echo/s	34 cpu_user_milliseconds	961 cpu_system_milliseconds	0 minor_page_faults/s	0 major_page_faults/s	235 yields/s	4 preempts/s
85001 milliseconds	4202 MB/s	180 short_reads/s	0 short_writes_echo/s	32 cpu_user_milliseconds	964 cpu_system_milliseconds	0 minor_page_faults/s	0 major_page_faults/s	210 yields/s	2 preempts/s
86001 milliseconds	4208 MB/s	241 short_reads/s	0 short_writes_echo/s	39 cpu_user_milliseconds	955 cpu_system_milliseconds	0 minor_page_faults/s	0 major_page_faults/s	186 yields/s	3 preempts/s
87001 milliseconds	4087 MB/s	447 short_reads/s	0 short_writes_echo/s	34 cpu_user_milliseconds	958 cpu_system_milliseconds	0 minor_page_faults/s	0 major_page_faults/s	546 yields/s	3 preempts/s
88001 milliseconds	4074 MB/s	268 short_reads/s	0 short_writes_echo/s	44 cpu_user_milliseconds	951 cpu_system_milliseconds	0 minor_page_faults/s	0 major_page_faults/s	325 yields/s	4 preempts/s
89002 milliseconds	4196 MB/s	188 short_reads/s	0 short_writes_echo/s	38 cpu_user_milliseconds	959 cpu_system_milliseconds	0 minor_page_faults/s	0 major_page_faults/s	198 yields/s	10 preempts/s
90002 milliseconds	4174 MB/s	200 short_reads/s	0 short_writes_echo/s	36 cpu_user_milliseconds	957 cpu_system_milliseconds	0 minor_page_faults/s	0 major_page_faults/s	215 yields/s	15 preempts/s
91002 milliseconds	4191 MB/s	219 short_reads/s	0 short_writes_echo/s	40 cpu_user_milliseconds	952 cpu_system_milliseconds	0 minor_page_faults/s	0 major_page_faults/s	252 yields/s	24 preempts/s
92002 milliseconds	4078 MB/s	298 short_reads/s	0 short_writes_echo/s	43 cpu_user_milliseconds	947 cpu_system_milliseconds	0 minor_page_faults/s	0 major_page_faults/s	514 yields/s	28 preempts/s
93002 milliseconds	4067 MB/s	325 short_reads/s	0 short_writes_echo/s	29 cpu_user_milliseconds	960 cpu_system_milliseconds	0 minor_page_faults/s	0 major_page_faults/s	728 yields/s	5 preempts/s
94002 milliseconds	4133 MB/s	215 short_reads/s	0 short_writes_echo/s	27 cpu_user_milliseconds	968 cpu_system_milliseconds	0 minor_page_faults/s	0 major_page_faults/s	221 yields/s	6 preempts/s
95002 milliseconds	4142 MB/s	417 short_reads/s	0 short_writes_echo/s	42 cpu_user_milliseconds	948 cpu_system_milliseconds	0 minor_page_faults/s	0 major_page_faults/s	485 yields/s	1 preempts/s
96002 milliseconds	4228 MB/s	101 short_reads/s	0 short_writes_echo/s	37 cpu_user_milliseconds	958 cpu_system_milliseconds	0 minor_page_faults/s	0 major_page_faults/s	115 yields/s	2 preempts/s
97002 milliseconds	3809 MB/s	1335 short_reads/s	0 short_writes_echo/s	37 cpu_user_milliseconds	934 cpu_system_milliseconds	0 minor_page_faults/s	0 major_page_faults/s	1961 yields/s	36 preempts/s
98002 milliseconds	4074 MB/s	483 short_reads/s	0 short_writes_echo/s	38 cpu_user_milliseconds	945 cpu_system_milliseconds	0 minor_page_faults/s	0 major_page_faults/s	971 yields/s	51 preempts/s
99002 milliseconds	4187 MB/s	257 short_reads/s	0 short_writes_echo/s	38 cpu_user_milliseconds	956 cpu_system_milliseconds	0 minor_page_faults/s	0 major_page_faults/s	289 yields/s	4 preempts/s
100002 milliseconds	4212 MB/s	198 short_reads/s	0 short_writes_echo/s	41 cpu_user_milliseconds	953 cpu_system_milliseconds	0 minor_page_faults/s	0 major_page_faults/s	181 yields/s	25 preempts/s
101002 milliseconds	4084 MB/s	154 short_reads/s	0 short_writes_echo/s	35 cpu_user_milliseconds	960 cpu_system_milliseconds	0 minor_page_faults/s	0 major_page_faults/s	110 yields/s	27 preempts/s
102002 milliseconds	3933 MB/s	637 short_reads/s	0 short_writes_echo/s	34 cpu_user_milliseconds	950 cpu_system_milliseconds	0 minor_page_faults/s	0 major_page_faults/s	848 yields/s	3 preempts/s
103002 milliseconds	4004 MB/s	624 short_reads/s	0 short_writes_echo/s	29 cpu_user_milliseconds	952 cpu_system_milliseconds	0 minor_page_faults/s	0 major_page_faults/s	1064 yields/s	12 preempts/s
104002 milliseconds	4175 MB/s	166 short_reads/s	0 short_writes_echo/s	30 cpu_user_milliseconds	964 cpu_system_milliseconds	0 minor_page_faults/s	0 major_page_faults/s	210 yields/s	4 preempts/s
105002 milliseconds	4210 MB/s	188 short_reads/s	0 short_writes_echo/s	18 cpu_user_milliseconds	977 cpu_system_milliseconds	0 minor_page_faults/s	0 major_page_faults/s	165 yields/s	8 preempts/s
106002 milliseconds	4209 MB/s	159 short_reads/s	0 short_writes_echo/s	31 cpu_user_milliseconds	966 cpu_system_milliseconds	0 minor_page_faults/s	0 major_page_faults/s	125 yields/s	1 preempts/s
107002 milliseconds	4104 MB/s	411 short_reads/s	0 short_writes_echo/s	21 cpu_user_milliseconds	971 cpu_system_milliseconds	0 minor_page_faults/s	0 major_page_faults/s	516 yields/s	2 preempts/s
108002 milliseconds	4061 MB/s	358 short_reads/s	0 short_writes_echo/s	46 cpu_user_milliseconds	947 cpu_system_milliseconds	0 minor_page_faults/s	0 major_page_faults/s	350 yields/s	3 preempts/s
109002 milliseconds	4164 MB/s	230 short_reads/s	0 short_writes_echo/s	28 cpu_user_milliseconds	964 cpu_system_milliseconds	0 minor_page_faults/s	0 major_page_faults/s	230 yields/s	27 preempts/s
110002 milliseconds	4196 MB/s	145 short_reads/s	0 short_writes_echo/s	37 cpu_user_milliseconds	960 cpu_system_milliseconds	0 minor_page_faults/s	0 major_page_faults/s	112 yields/s	4 preempts/s
111002 milliseconds	4189 MB/s	248 short_reads/s	0 short_writes_echo/s	34 cpu_user_milliseconds	960 cpu_system_milliseconds	0 minor_page_faults/s	0 major_page_faults/s	323 yields/s	6 preempts/s
112002 milliseconds	4130 MB/s	595 short_reads/s	0 short_writes_echo/s	36 cpu_user_milliseconds	948 cpu_system_milliseconds	0 minor_page_faults/s	0 major_page_faults/s	989 yields/s	8 preempts/s
113002 milliseconds	3988 MB/s	277 short_reads/s	0 short_writes_echo/s	31 cpu_user_milliseconds	954 cpu_system_milliseconds	0 minor_page_faults/s	0 major_page_faults/s	966 yields/s	39 preempts/s
114002 milliseconds	4200 MB/s	166 short_reads/s	0 short_writes_echo/s	36 cpu_user_milliseconds	959 cpu_system_milliseconds	0 minor_page_faults/s	0 major_page_faults/s	187 yields/s	5 preempts/s
115002 milliseconds	4131 MB/s	167 short_reads/s	0 short_writes_echo/s	33 cpu_user_milliseconds	962 cpu_system_milliseconds	0 minor_page_faults/s	0 major_page_faults/s	151 yields/s	15 preempts/s
116002 milliseconds	3636 MB/s	1574 short_reads/s	0 short_writes_echo/s	38 cpu_user_milliseconds	881 cpu_system_milliseconds	0 minor_page_faults/s	0 major_page_faults/s	1844 yields/s	112 preempts/s
117002 milliseconds	4124 MB/s	347 short_reads/s	0 short_writes_echo/s	38 cpu_user_milliseconds	954 cpu_system_milliseconds	0 minor_page_faults/s	0 major_page_faults/s	383 yields/s	9 preempts/s
118002 milliseconds	4049 MB/s	276 short_reads/s	0 short_writes_echo/s	34 cpu_user_milliseconds	961 cpu_system_milliseconds	0 minor_page_faults/s	0 major_page_faults/s	304 yields/s	4 preempts/s
119002 milliseconds	4206 MB/s	200 short_reads/s	0 short_writes_echo/s	29 cpu_user_milliseconds	967 cpu_system_milliseconds	0 minor_page_faults/s	0 major_page_faults/s	188 yields/s	8 preempts/s
120002 milliseconds	4156 MB/s	189 short_reads/s	0 short_writes_echo/s	39 cpu_user_milliseconds	956 cpu_system_milliseconds	0 minor_page_faults/s	0 major_page_faults/s	204 yields/s	0 preempts/s
121002 milliseconds	4188 MB/s	201 short_reads/s	0 short_writes_echo/s	33 cpu_user_milliseconds	962 cpu_system_milliseconds	0 minor_page_faults/s	0 major_page_faults/s	177 yields/s	22 preempts/s
122002 milliseconds	4114 MB/s	261 short_reads/s	0 short_writes_echo/s	33 cpu_user_milliseconds	957 cpu_system_milliseconds	0 minor_page_faults/s	0 major_page_faults/s	830 yields/s	1 preempts/s
123002 milliseconds	4076 MB/s	619 short_reads/s	0 short_writes_echo/s	47 cpu_user_milliseconds	938 cpu_system_milliseconds	0 minor_page_faults/s	0 major_page_faults/s	1106 yields/s	7 preempts/s
124002 milliseconds	4159 MB/s	131 short_reads/s	0 short_writes_echo/s	34 cpu_user_milliseconds	960 cpu_system_milliseconds	0 minor_page_faults/s	0 major_page_faults/s	157 yields/s	26 preempts/s
125002 milliseconds	4184 MB/s	176 short_reads/s	0 short_writes_echo/s	33 cpu_user_milliseconds	961 cpu_system_milliseconds	0 minor_page_faults/s	0 major_page_faults/s	198 yields/s	5 preempts/s
126002 milliseconds	4217 MB/s	207 short_reads/s	0 short_writes_echo/s	27 cpu_user_milliseconds	968 cpu_system_milliseconds	0 minor_page_faults/s	0 major_page_faults/s	243 yields/s	1 preempts/s
127003 milliseconds	4128 MB/s	708 short_reads/s	0 short_writes_echo/s	28 cpu_user_milliseconds	953 cpu_system_milliseconds	0 minor_page_faults/s	0 major_page_faults/s	1540 yields/s	3 preempts/s
128003 milliseconds	4074 MB/s	381 short_reads/s	0 short_writes_echo/s	35 cpu_user_milliseconds	953 cpu_system_milliseconds	0 minor_page_faults/s	0 major_page_faults/s	939 yields/s	1 preempts/s
129003 milliseconds	4163 MB/s	209 short_reads/s	0 short_writes_echo/s	42 cpu_user_milliseconds	952 cpu_system_milliseconds	0 minor_page_faults/s	0 major_page_faults/s	112 yields/s	29 preempts/s
130003 milliseconds	4165 MB/s	114 short_reads/s	0 short_writes_echo/s	34 cpu_user_milliseconds	961 cpu_system_milliseconds	0 minor_page_faults/s	0 major_page_faults/s	56 yields/s	26 preempts/s
131003 milliseconds	4121 MB/s	227 short_reads/s	0 short_writes_echo/s	31 cpu_user_milliseconds	963 cpu_system_milliseconds	0 minor_page_faults/s	0 major_page_faults/s	226 yields/s	19 preempts/s
132003 milliseconds	4108 MB/s	540 short_reads/s	0 short_writes_echo/s	34 cpu_user_milliseconds	954 cpu_system_milliseconds	0 minor_page_faults/s	0 major_page_faults/s	630 yields/s	4 preempts/s
133003 milliseconds	4076 MB/s	189 short_reads/s	0 short_writes_echo/s	33 cpu_user_milliseconds	962 cpu_system_milliseconds	0 minor_page_faults/s	0 major_page_faults/s	210 yields/s	4 preempts/s
134003 milliseconds	4009 MB/s	931 short_reads/s	0 short_writes_echo/s	33 cpu_user_milliseconds	946 cpu_system_milliseconds	0 minor_page_faults/s	0 major_page_faults/s	1410 yields/s	3 preempts/s
135003 milliseconds	4216 MB/s	232 short_reads/s	0 short_writes_echo/s	38 cpu_user_milliseconds	957 cpu_system_milliseconds	0 minor_page_faults/s	0 major_page_faults/s	249 yields/s	1 preempts/s
136003 milliseconds	4210 MB/s	190 short_reads/s	0 short_writes_echo/s	27 cpu_user_milliseconds	969 cpu_system_milliseconds	0 minor_page_faults/s	0 major_page_faults/s	233 yields/s	4 preempts/s
137003 milliseconds	4117 MB/s	409 short_reads/s	0 short_writes_echo/s	34 cpu_user_milliseconds	959 cpu_system_milliseconds	0 minor_page_faults/s	0 major_page_faults/s	453 yields/s	11 preempts/s
138003 milliseconds	4049 MB/s	278 short_reads/s	0 short_writes_echo/s	36 cpu_user_milliseconds	954 cpu_system_milliseconds	0 minor_page_faults/s	0 major_page_faults/s	404 yields/s	0 preempts/s
139003 milliseconds	3759 MB/s	1057 short_reads/s	0 short_writes_echo/s	30 cpu_user_milliseconds	914 cpu_system_milliseconds	0 minor_page_faults/s	0 major_page_faults/s	1302 yields/s	21 preempts/s
140003 milliseconds	4200 MB/s	213 short_reads/s	0 short_writes_echo/s	44 cpu_user_milliseconds	953 cpu_system_milliseconds	0 minor_page_faults/s	0 major_page_faults/s	180 yields/s	6 preempts/s
141003 milliseconds	4206 MB/s	203 short_reads/s	0 short_writes_echo/s	27 cpu_user_milliseconds	969 cpu_system_milliseconds	0 minor_page_faults/s	0 major_page_faults/s	208 yields/s	2 preempts/s
142003 milliseconds	4092 MB/s	373 short_reads/s	0 short_writes_echo/s	36 cpu_user_milliseconds	957 cpu_system_milliseconds	0 minor_page_faults/s	0 major_page_faults/s	417 yields/s	4 preempts/s
143003 milliseconds	4093 MB/s	263 short_reads/s	0 short_writes_echo/s	32 cpu_user_milliseconds	961 cpu_system_milliseconds	0 minor_page_faults/s	0 major_page_faults/s	242 yields/s	10 preempts/s
144003 milliseconds	4219 MB/s	209 short_reads/s	0 short_writes_echo/s	44 cpu_user_milliseconds	951 cpu_system_milliseconds	0 minor_page_faults/s	0 major_page_faults/s	249 yields/s	0 preempts/s
145003 milliseconds	4206 MB/s	237 short_reads/s	0 short_writes_echo/s	37 cpu_user_milliseconds	959 cpu_system_milliseconds	0 minor_page_faults/s	0 major_page_faults/s	252 yields/s	2 preempts/s
146003 milliseconds	4223 MB/s	190 short_reads/s	0 short_writes_echo/s	32 cpu_user_milliseconds	964 cpu_system_milliseconds	0 minor_page_faults/s	0 major_page_faults/s	223 yields/s	1 preempts/s
147003 milliseconds	4120 MB/s	635 short_reads/s	0 short_writes_echo/s	28 cpu_user_milliseconds	962 cpu_system_milliseconds	0 minor_page_faults/s	0 major_page_faults/s	648 yields/s	5 preempts/s
148003 milliseconds	4093 MB/s	333 short_reads/s	0 short_writes_echo/s	34 cpu_user_milliseconds	952 cpu_system_milliseconds	0 minor_page_faults/s	0 major_page_faults/s	802 yields/s	18 preempts/s
149003 milliseconds	4158 MB/s	148 short_reads/s	0 short_writes_echo/s	36 cpu_user_milliseconds	960 cpu_system_milliseconds	0 minor_page_faults/s	0 major_page_faults/s	107 yields/s	6 preempts/s
150003 milliseconds	4202 MB/s	186 short_reads/s	0 short_writes_echo/s	41 cpu_user_milliseconds	955 cpu_system_milliseconds	0 minor_page_faults/s	0 major_page_faults/s	175 yields/s	5 preempts/s
151003 milliseconds	4165 MB/s	131 short_reads/s	0 short_writes_echo/s	32 cpu_user_milliseconds	964 cpu_system_milliseconds	0 minor_page_faults/s	0 major_page_faults/s	124 yields/s	6 preempts/s
152003 milliseconds	4114 MB/s	490 short_reads/s	0 short_writes_echo/s	38 cpu_user_milliseconds	948 cpu_system_milliseconds	0 minor_page_faults/s	0 major_page_faults/s	753 yields/s	21 preempts/s
153003 milliseconds	4110 MB/s	287 short_reads/s	0 short_writes_echo/s	33 cpu_user_milliseconds	959 cpu_system_milliseconds	0 minor_page_faults/s	0 major_page_faults/s	381 yields/s	35 preempts/s
154003 milliseconds	4158 MB/s	149 short_reads/s	0 short_writes_echo/s	34 cpu_user_milliseconds	961 cpu_system_milliseconds	0 minor_page_faults/s	0 major_page_faults/s	150 yields/s	5 preempts/s
155003 milliseconds	4147 MB/s	418 short_reads/s	0 short_writes_echo/s	26 cpu_user_milliseconds	967 cpu_system_milliseconds	0 minor_page_faults/s	0 major_page_faults/s	456 yields/s	4 preempts/s
156003 milliseconds	4109 MB/s	102 short_reads/s	0 short_writes_echo/s	28 cpu_user_milliseconds	968 cpu_system_milliseconds	0 minor_page_faults/s	0 major_page_faults/s	85 yields/s	28 preempts/s
157003 milliseconds	4127 MB/s	284 short_reads/s	0 short_writes_echo/s	22 cpu_user_milliseconds	969 cpu_system_milliseconds	0 minor_page_faults/s	0 major_page_faults/s	404 yields/s	39 preempts/s
158003 milliseconds	4080 MB/s	156 short_reads/s	0 short_writes_echo/s	37 cpu_user_milliseconds	957 cpu_system_milliseconds	0 minor_page_faults/s	0 major_page_faults/s	155 yields/s	42 preempts/s
159003 milliseconds	4235 MB/s	179 short_reads/s	0 short_writes_echo/s	31 cpu_user_milliseconds	964 cpu_system_milliseconds	0 minor_page_faults/s	0 major_page_faults/s	234 yields/s	3 preempts/s
160003 milliseconds	4118 MB/s	113 short_reads/s	0 short_writes_echo/s	29 cpu_user_milliseconds	965 cpu_system_milliseconds	0 minor_page_faults/s	0 major_page_faults/s	96 yields/s	29 preempts/s
161003 milliseconds	4196 MB/s	190 short_reads/s	0 short_writes_echo/s	29 cpu_user_milliseconds	965 cpu_system_milliseconds	0 minor_page_faults/s	0 major_page_faults/s	166 yields/s	5 preempts/s
162003 milliseconds	4141 MB/s	368 short_reads/s	0 short_writes_echo/s	42 cpu_user_milliseconds	944 cpu_system_milliseconds	0 minor_page_faults/s	0 major_page_faults/s	923 yields/s	3 preempts/s
163003 milliseconds	4089 MB/s	391 short_reads/s	0 short_writes_echo/s	33 cpu_user_milliseconds	958 cpu_system_milliseconds	0 minor_page_faults/s	0 major_page_faults/s	345 yields/s	33 preempts/s
164003 milliseconds	4208 MB/s	187 short_reads/s	0 short_writes_echo/s	27 cpu_user_milliseconds	970 cpu_system_milliseconds	0 minor_page_faults/s	0 major_page_faults/s	181 yields/s	2 preempts/s
165003 milliseconds	4153 MB/s	179 short_reads/s	0 short_writes_echo/s	31 cpu_user_milliseconds	965 cpu_system_milliseconds	0 minor_page_faults/s	0 major_page_faults/s	161 yields/s	5 preempts/s
166003 milliseconds	4201 MB/s	219 short_reads/s	0 short_writes_echo/s	26 cpu_user_milliseconds	967 cpu_system_milliseconds	0 minor_page_faults/s	0 major_page_faults/s	252 yields/s	5 preempts/s
167003 milliseconds	3944 MB/s	1230 short_reads/s	0 short_writes_echo/s	34 cpu_user_milliseconds	941 cpu_system_milliseconds	0 minor_page_faults/s	0 major_page_faults/s	1590 yields/s	6 preempts/s
168004 milliseconds	4075 MB/s	314 short_reads/s	0 short_writes_echo/s	25 cpu_user_milliseconds	969 cpu_system_milliseconds	0 minor_page_faults/s	0 major_page_faults/s	302 yields/s	8 preempts/s
169004 milliseconds	4161 MB/s	152 short_reads/s	0 short_writes_echo/s	36 cpu_user_milliseconds	961 cpu_system_milliseconds	0 minor_page_faults/s	0 major_page_faults/s	140 yields/s	4 preempts/s
170004 milliseconds	4130 MB/s	155 short_reads/s	0 short_writes_echo/s	37 cpu_user_milliseconds	958 cpu_system_milliseconds	0 minor_page_faults/s	0 major_page_faults/s	206 yields/s	16 preempts/s
171004 milliseconds	4208 MB/s	166 short_reads/s	0 short_writes_echo/s	34 cpu_user_milliseconds	961 cpu_system_milliseconds	0 minor_page_faults/s	0 major_page_faults/s	161 yields/s	3 preempts/s
172004 milliseconds	4122 MB/s	305 short_reads/s	0 short_writes_echo/s	33 cpu_user_milliseconds	954 cpu_system_milliseconds	0 minor_page_faults/s	0 major_page_faults/s	920 yields/s	8 preempts/s
173004 milliseconds	4044 MB/s	193 short_reads/s	0 short_writes_echo/s	41 cpu_user_milliseconds	953 cpu_system_milliseconds	0 minor_page_faults/s	0 major_page_faults/s	191 yields/s	6 preempts/s
174004 milliseconds	4202 MB/s	172 short_reads/s	0 short_writes_echo/s	41 cpu_user_milliseconds	953 cpu_system_milliseconds	0 minor_page_faults/s	0 major_page_faults/s	186 yields/s	27 preempts/s
175004 milliseconds	4193 MB/s	209 short_reads/s	0 short_writes_echo/s	37 cpu_user_milliseconds	959 cpu_system_milliseconds	0 minor_page_faults/s	0 major_page_faults/s	185 yields/s	8 preempts/s
176004 milliseconds	4220 MB/s	162 short_reads/s	0 short_writes_echo/s	45 cpu_user_milliseconds	951 cpu_system_milliseconds	0 minor_page_faults/s	0 major_page_faults/s	165 yields/s	9 preempts/s
177004 milliseconds	4091 MB/s	282 short_reads/s	0 short_writes_echo/s	38 cpu_user_milliseconds	955 cpu_system_milliseconds	0 minor_page_faults/s	0 major_page_faults/s	352 yields/s	5 preempts/s
178004 milliseconds	4080 MB/s	404 short_reads/s	0 short_writes_echo/s	52 cpu_user_milliseconds	941 cpu_system_milliseconds	0 minor_page_faults/s	0 major_page_faults/s	371 yields/s	4 preempts/s
179004 milliseconds	4203 MB/s	150 short_reads/s	0 short_writes_echo/s	30 cpu_user_milliseconds	964 cpu_system_milliseconds	0 minor_page_faults/s	0 major_page_faults/s	150 yields/s	7 preempts/s
180004 milliseconds	4110 MB/s	197 short_reads/s	0 short_writes_echo/s	45 cpu_user_milliseconds	950 cpu_system_milliseconds	0 minor_page_faults/s	0 major_page_faults/s	221 yields/s	5 preempts/s
181004 milliseconds	3711 MB/s	1443 short_reads/s	0 short_writes_echo/s	36 cpu_user_milliseconds	891 cpu_system_milliseconds	0 minor_page_faults/s	0 major_page_faults/s	1714 yields/s	8 preempts/s
182004 milliseconds	4029 MB/s	331 short_reads/s	0 short_writes_echo/s	37 cpu_user_milliseconds	952 cpu_system_milliseconds	0 minor_page_faults/s	0 major_page_faults/s	607 yields/s	29 preempts/s
183004 milliseconds	4085 MB/s	234 short_reads/s	0 short_writes_echo/s	42 cpu_user_milliseconds	942 cpu_system_milliseconds	0 minor_page_faults/s	0 major_page_faults/s	963 yields/s	41 preempts/s
184004 milliseconds	4195 MB/s	231 short_reads/s	0 short_writes_echo/s	35 cpu_user_milliseconds	959 cpu_system_milliseconds	0 minor_page_faults/s	0 major_page_faults/s	271 yields/s	12 preempts/s
185004 milliseconds	4163 MB/s	152 short_reads/s	0 short_writes_echo/s	29 cpu_user_milliseconds	965 cpu_system_milliseconds	0 minor_page_faults/s	0 major_page_faults/s	147 yields/s	5 preempts/s
186004 milliseconds	3968 MB/s	621 short_reads/s	0 short_writes_echo/s	30 cpu_user_milliseconds	953 cpu_system_milliseconds	0 minor_page_faults/s	0 major_page_faults/s	881 yields/s	57 preempts/s
187004 milliseconds	4091 MB/s	723 short_reads/s	0 short_writes_echo/s	32 cpu_user_milliseconds	952 cpu_system_milliseconds	0 minor_page_faults/s	0 major_page_faults/s	971 yields/s	18 preempts/s
188004 milliseconds	4015 MB/s	746 short_reads/s	0 short_writes_echo/s	36 cpu_user_milliseconds	951 cpu_system_milliseconds	0 minor_page_faults/s	0 major_page_faults/s	754 yields/s	18 preempts/s
189004 milliseconds	4168 MB/s	232 short_reads/s	0 short_writes_echo/s	41 cpu_user_milliseconds	953 cpu_system_milliseconds	0 minor_page_faults/s	0 major_page_faults/s	269 yields/s	11 preempts/s
190004 milliseconds	4221 MB/s	181 short_reads/s	0 short_writes_echo/s	36 cpu_user_milliseconds	960 cpu_system_milliseconds	0 minor_page_faults/s	0 major_page_faults/s	168 yields/s	2 preempts/s
191004 milliseconds	4173 MB/s	323 short_reads/s	0 short_writes_echo/s	32 cpu_user_milliseconds	960 cpu_system_milliseconds	0 minor_page_faults/s	0 major_page_faults/s	356 yields/s	7 preempts/s
192004 milliseconds	4093 MB/s	301 short_reads/s	0 short_writes_echo/s	30 cpu_user_milliseconds	959 cpu_system_milliseconds	0 minor_page_faults/s	0 major_page_faults/s	683 yields/s	4 preempts/s
193004 milliseconds	4082 MB/s	716 short_reads/s	0 short_writes_echo/s	32 cpu_user_milliseconds	949 cpu_system_milliseconds	0 minor_page_faults/s	0 major_page_faults/s	1210 yields/s	22 preempts/s
194004 milliseconds	4210 MB/s	177 short_reads/s	0 short_writes_echo/s	26 cpu_user_milliseconds	970 cpu_system_milliseconds	0 minor_page_faults/s	0 major_page_faults/s	163 yields/s	7 preempts/s
195004 milliseconds	4161 MB/s	112 short_reads/s	0 short_writes_echo/s	31 cpu_user_milliseconds	965 cpu_system_milliseconds	0 minor_page_faults/s	0 major_page_faults/s	93 yields/s	26 preempts/s
196004 milliseconds	4167 MB/s	201 short_reads/s	0 short_writes_echo/s	34 cpu_user_milliseconds	959 cpu_system_milliseconds	0 minor_page_faults/s	0 major_page_faults/s	203 yields/s	2 preempts/s
197004 milliseconds	4023 MB/s	381 short_reads/s	0 short_writes_echo/s	39 cpu_user_milliseconds	952 cpu_system_milliseconds	0 minor_page_faults/s	0 major_page_faults/s	568 yields/s	2 preempts/s
198004 milliseconds	4097 MB/s	693 short_reads/s	0 short_writes_echo/s	40 cpu_user_milliseconds	947 cpu_system_milliseconds	0 minor_page_faults/s	0 major_page_faults/s	893 yields/s	8 preempts/s
199004 milliseconds	4211 MB/s	178 short_reads/s	0 short_writes_echo/s	40 cpu_user_milliseconds	955 cpu_system_milliseconds	0 minor_page_faults/s	0 major_page_faults/s	264 yields/s	9 preempts/s
200004 milliseconds	4200 MB/s	298 short_reads/s	0 short_writes_echo/s	26 cpu_user_milliseconds	967 cpu_system_milliseconds	0 minor_page_faults/s	0 major_page_faults/s	291 yields/s	1 preempts/s
201004 milliseconds	4202 MB/s	140 short_reads/s	0 short_writes_echo/s	32 cpu_user_milliseconds	963 cpu_system_milliseconds	0 minor_page_faults/s	0 major_page_faults/s	158 yields/s	4 preempts/s
202004 milliseconds	4120 MB/s	319 short_reads/s	0 short_writes_echo/s	43 cpu_user_milliseconds	951 cpu_system_milliseconds	0 minor_page_faults/s	0 major_page_faults/s	330 yields/s	6 preempts/s
203004 milliseconds	4066 MB/s	202 short_reads/s	0 short_writes_echo/s	29 cpu_user_milliseconds	967 cpu_system_milliseconds	0 minor_page_faults/s	0 major_page_faults/s	230 yields/s	7 preempts/s
204004 milliseconds	4153 MB/s	198 short_reads/s	0 short_writes_echo/s	22 cpu_user_milliseconds	968 cpu_system_milliseconds	0 minor_page_faults/s	0 major_page_faults/s	195 yields/s	54 preempts/s
205004 milliseconds	4168 MB/s	285 short_reads/s	0 short_writes_echo/s	38 cpu_user_milliseconds	956 cpu_system_milliseconds	0 minor_page_faults/s	0 major_page_faults/s	327 yields/s	3 preempts/s
206004 milliseconds	4118 MB/s	238 short_reads/s	0 short_writes_echo/s	32 cpu_user_milliseconds	960 cpu_system_milliseconds	0 minor_page_faults/s	0 major_page_faults/s	363 yields/s	24 preempts/s
207004 milliseconds	4130 MB/s	322 short_reads/s	0 short_writes_echo/s	44 cpu_user_milliseconds	940 cpu_system_milliseconds	0 minor_page_faults/s	0 major_page_faults/s	1050 yields/s	8 preempts/s
208004 milliseconds	4017 MB/s	491 short_reads/s	0 short_writes_echo/s	34 cpu_user_milliseconds	946 cpu_system_milliseconds	0 minor_page_faults/s	0 major_page_faults/s	933 yields/s	52 preempts/s
209004 milliseconds	4166 MB/s	172 short_reads/s	0 short_writes_echo/s	39 cpu_user_milliseconds	955 cpu_system_milliseconds	0 minor_page_faults/s	0 major_page_faults/s	175 yields/s	26 preempts/s
210004 milliseconds	4100 MB/s	120 short_reads/s	0 short_writes_echo/s	35 cpu_user_milliseconds	960 cpu_system_milliseconds	0 minor_page_faults/s	0 major_page_faults/s	144 yields/s	4 preempts/s
211004 milliseconds	4116 MB/s	166 short_reads/s	0 short_writes_echo/s	36 cpu_user_milliseconds	961 cpu_system_milliseconds	0 minor_page_faults/s	0 major_page_faults/s	124 yields/s	2 preempts/s
212004 milliseconds	4099 MB/s	275 short_reads/s	0 short_writes_echo/s	36 cpu_user_milliseconds	945 cpu_system_milliseconds	0 minor_page_faults/s	0 major_page_faults/s	1135 yields/s	55 preempts/s
213004 milliseconds	4033 MB/s	821 short_reads/s	0 short_writes_echo/s	31 cpu_user_milliseconds	962 cpu_system_milliseconds	0 minor_page_faults/s	0 major_page_faults/s	484 yields/s	4 preempts/s
214004 milliseconds	4025 MB/s	205 short_reads/s	0 short_writes_echo/s	30 cpu_user_milliseconds	963 cpu_system_milliseconds	0 minor_page_faults/s	0 major_page_faults/s	254 yields/s	23 preempts/s
215004 milliseconds	4194 MB/s	184 short_reads/s	0 short_writes_echo/s	33 cpu_user_milliseconds	961 cpu_system_milliseconds	0 minor_page_faults/s	0 major_page_faults/s	190 yields/s	2 preempts/s
216004 milliseconds	4121 MB/s	229 short_reads/s	0 short_writes_echo/s	32 cpu_user_milliseconds	962 cpu_system_milliseconds	0 minor_page_faults/s	0 major_page_faults/s	311 yields/s	8 preempts/s
217005 milliseconds	4046 MB/s	398 short_reads/s	0 short_writes_echo/s	40 cpu_user_milliseconds	947 cpu_system_milliseconds	0 minor_page_faults/s	0 major_page_faults/s	782 yields/s	6 preempts/s
218005 milliseconds	4020 MB/s	253 short_reads/s	0 short_writes_echo/s	35 cpu_user_milliseconds	949 cpu_system_milliseconds	0 minor_page_faults/s	0 major_page_faults/s	1111 yields/s	29 preempts/s
219005 milliseconds	4196 MB/s	211 short_reads/s	0 short_writes_echo/s	29 cpu_user_milliseconds	967 cpu_system_milliseconds	0 minor_page_faults/s	0 major_page_faults/s	208 yields/s	9 preempts/s
220005 milliseconds	4162 MB/s	224 short_reads/s	0 short_writes_echo/s	24 cpu_user_milliseconds	971 cpu_system_milliseconds	0 minor_page_faults/s	0 major_page_faults/s	216 yields/s	3 preempts/s
221005 milliseconds	4151 MB/s	213 short_reads/s	0 short_writes_echo/s	40 cpu_user_milliseconds	953 cpu_system_milliseconds	0 minor_page_faults/s	0 major_page_faults/s	211 yields/s	1 preempts/s
222005 milliseconds	4088 MB/s	384 short_reads/s	0 short_writes_echo/s	35 cpu_user_milliseconds	956 cpu_system_milliseconds	0 minor_page_faults/s	0 major_page_faults/s	407 yields/s	22 preempts/s
223005 milliseconds	4032 MB/s	299 short_reads/s	0 short_writes_echo/s	32 cpu_user_milliseconds	960 cpu_system_milliseconds	0 minor_page_faults/s	0 major_page_faults/s	276 yields/s	26 preempts/s
224005 milliseconds	4162 MB/s	197 short_reads/s	0 short_writes_echo/s	35 cpu_user_milliseconds	958 cpu_system_milliseconds	0 minor_page_faults/s	0 major_page_faults/s	209 yields/s	30 preempts/s
225005 milliseconds	4134 MB/s	191 short_reads/s	0 short_writes_echo/s	31 cpu_user_milliseconds	963 cpu_system_milliseconds	0 minor_page_faults/s	0 major_page_faults/s	240 yields/s	9 preempts/s
226005 milliseconds	4205 MB/s	154 short_reads/s	0 short_writes_echo/s	24 cpu_user_milliseconds	971 cpu_system_milliseconds	0 minor_page_faults/s	0 major_page_faults/s	142 yields/s	3 preempts/s
227005 milliseconds	4126 MB/s	474 short_reads/s	0 short_writes_echo/s	29 cpu_user_milliseconds	961 cpu_system_milliseconds	0 minor_page_faults/s	0 major_page_faults/s	523 yields/s	2 preempts/s
228005 milliseconds	4078 MB/s	631 short_reads/s	0 short_writes_echo/s	32 cpu_user_milliseconds	946 cpu_system_milliseconds	0 minor_page_faults/s	0 major_page_faults/s	1220 yields/s	62 preempts/s
229005 milliseconds	4182 MB/s	152 short_reads/s	0 short_writes_echo/s	37 cpu_user_milliseconds	960 cpu_system_milliseconds	0 minor_page_faults/s	0 major_page_faults/s	127 yields/s	1 preempts/s
230005 milliseconds	4164 MB/s	138 short_reads/s	0 short_writes_echo/s	31 cpu_user_milliseconds	966 cpu_system_milliseconds	0 minor_page_faults/s	0 major_page_faults/s	129 yields/s	4 preempts/s
231005 milliseconds	4167 MB/s	185 short_reads/s	0 short_writes_echo/s	29 cpu_user_milliseconds	964 cpu_system_milliseconds	0 minor_page_faults/s	0 major_page_faults/s	284 yields/s	2 preempts/s
232005 milliseconds	4074 MB/s	313 short_reads/s	0 short_writes_echo/s	37 cpu_user_milliseconds	953 cpu_system_milliseconds	0 minor_page_faults/s	0 major_page_faults/s	372 yields/s	37 preempts/s
233005 milliseconds	4030 MB/s	272 short_reads/s	0 short_writes_echo/s	33 cpu_user_milliseconds	962 cpu_system_milliseconds	0 minor_page_faults/s	0 major_page_faults/s	291 yields/s	5 preempts/s
234005 milliseconds	4176 MB/s	147 short_reads/s	0 short_writes_echo/s	36 cpu_user_milliseconds	959 cpu_system_milliseconds	0 minor_page_faults/s	0 major_page_faults/s	146 yields/s	23 preempts/s
235005 milliseconds	4183 MB/s	130 short_reads/s	0 short_writes_echo/s	37 cpu_user_milliseconds	959 cpu_system_milliseconds	0 minor_page_faults/s	0 major_page_faults/s	128 yields/s	2 preempts/s
236005 milliseconds	4180 MB/s	242 short_reads/s	0 short_writes_echo/s	41 cpu_user_milliseconds	953 cpu_system_milliseconds	0 minor_page_faults/s	0 major_page_faults/s	260 yields/s	6 preempts/s
237005 milliseconds	4131 MB/s	485 short_reads/s	0 short_writes_echo/s	41 cpu_user_milliseconds	946 cpu_system_milliseconds	0 minor_page_faults/s	0 major_page_faults/s	919 yields/s	2 preempts/s
238005 milliseconds	4101 MB/s	336 short_reads/s	0 short_writes_echo/s	37 cpu_user_milliseconds	953 cpu_system_milliseconds	0 minor_page_faults/s	0 major_page_faults/s	632 yields/s	15 preempts/s
239005 milliseconds	4155 MB/s	176 short_reads/s	0 short_writes_echo/s	37 cpu_user_milliseconds	958 cpu_system_milliseconds	0 minor_page_faults/s	0 major_page_faults/s	174 yields/s	2 preempts/s
240005 milliseconds	4177 MB/s	195 short_reads/s	0 short_writes_echo/s	32 cpu_user_milliseconds	960 cpu_system_milliseconds	0 minor_page_faults/s	0 major_page_faults/s	316 yields/s	9 preempts/s
