1000 milliseconds	2406 MB/s	1 short_reads/s	0 short_writes_echo/s	35 cpu_user_milliseconds	964 cpu_system_milliseconds	194 minor_page_faults/s	0 major_page_faults/s	0 yields/s	45 preempts/s
2000 milliseconds	2327 MB/s	0 short_reads/s	0 short_writes_echo/s	52 cpu_user_milliseconds	945 cpu_system_milliseconds	3 minor_page_faults/s	0 major_page_faults/s	0 yields/s	33 preempts/s
3000 milliseconds	2593 MB/s	0 short_reads/s	0 short_writes_echo/s	49 cpu_user_milliseconds	949 cpu_system_milliseconds	0 minor_page_faults/s	0 major_page_faults/s	0 yields/s	6 preempts/s
4000 milliseconds	2550 MB/s	0 short_reads/s	0 short_writes_echo/s	43 cpu_user_milliseconds	956 cpu_system_milliseconds	0 minor_page_faults/s	0 major_page_faults/s	0 yields/s	2 preempts/s
5000 milliseconds	2495 MB/s	0 short_reads/s	0 short_writes_echo/s	45 cpu_user_milliseconds	953 cpu_system_milliseconds	0 minor_page_faults/s	0 major_page_faults/s	0 yields/s	17 preempts/s
6000 milliseconds	2513 MB/s	0 short_reads/s	0 short_writes_echo/s	57 cpu_user_milliseconds	941 cpu_system_milliseconds	0 minor_page_faults/s	0 major_page_faults/s	0 yields/s	9 preempts/s
7000 milliseconds	2484 MB/s	0 short_reads/s	0 short_writes_echo/s	59 cpu_user_milliseconds	939 cpu_system_milliseconds	0 minor_page_faults/s	0 major_page_faults/s	0 yields/s	10 preempts/s
8000 milliseconds	2615 MB/s	0 short_reads/s	0 short_writes_echo/s	55 cpu_user_milliseconds	941 cpu_system_milliseconds	0 minor_page_faults/s	0 major_page_faults/s	0 yields/s	32 preempts/s
9000 milliseconds	2544 MB/s	474 short_reads/s	0 short_writes_echo/s	48 cpu_user_milliseconds	947 cpu_system_milliseconds	0 minor_page_faults/s	0 major_page_faults/s	175 yields/s	33 preempts/s
10000 milliseconds	2424 MB/s	0 short_reads/s	0 short_writes_echo/s	56 cpu_user_milliseconds	942 cpu_system_milliseconds	0 minor_page_faults/s	0 major_page_faults/s	0 yields/s	4 preempts/s
11000 milliseconds	2581 MB/s	0 short_reads/s	0 short_writes_echo/s	44 cpu_user_milliseconds	954 cpu_system_milliseconds	0 minor_page_faults/s	0 major_page_faults/s	0 yields/s	7 preempts/s
12000 milliseconds	2480 MB/s	0 short_reads/s	0 short_writes_echo/s	48 cpu_user_milliseconds	948 cpu_system_milliseconds	0 minor_page_faults/s	0 major_page_faults/s	0 yields/s	28 preempts/s
13000 milliseconds	2529 MB/s	0 short_reads/s	0 short_writes_echo/s	47 cpu_user_milliseconds	950 cpu_system_milliseconds	0 minor_page_faults/s	0 major_page_faults/s	0 yields/s	24 preempts/s
14000 milliseconds	2525 MB/s	0 short_reads/s	0 short_writes_echo/s	37 cpu_user_milliseconds	962 cpu_system_milliseconds	0 minor_page_faults/s	0 major_page_faults/s	0 yields/s	6 preempts/s
15000 milliseconds	2557 MB/s	0 short_reads/s	0 short_writes_echo/s	53 cpu_user_milliseconds	944 cpu_system_milliseconds	0 minor_page_faults/s	0 major_page_faults/s	0 yields/s	28 preempts/s
16000 milliseconds	2503 MB/s	0 short_reads/s	0 short_writes_echo/s	42 cpu_user_milliseconds	953 cpu_system_milliseconds	0 minor_page_faults/s	0 major_page_faults/s	0 yields/s	52 preempts/s
17000 milliseconds	2564 MB/s	547 short_reads/s	0 short_writes_echo/s	51 cpu_user_milliseconds	945 cpu_system_milliseconds	0 minor_page_faults/s	0 major_page_faults/s	187 yields/s	5 preempts/s
18000 milliseconds	2545 MB/s	0 short_reads/s	0 short_writes_echo/s	68 cpu_user_milliseconds	930 cpu_system_milliseconds	0 minor_page_faults/s	0 major_page_faults/s	0 yields/s	6 preempts/s
19000 milliseconds	2519 MB/s	0 short_reads/s	0 short_writes_echo/s	53 cpu_user_milliseconds	945 cpu_system_milliseconds	0 minor_page_faults/s	0 major_page_faults/s	0 yields/s	5 preempts/s
20000 milliseconds	2583 MB/s	0 short_reads/s	0 short_writes_echo/s	55 cpu_user_milliseconds	943 cpu_system_milliseconds	0 minor_page_faults/s	0 major_page_faults/s	0 yields/s	15 preempts/s
21000 milliseconds	2379 MB/s	0 short_reads/s	0 short_writes_echo/s	46 cpu_user_milliseconds	904 cpu_system_milliseconds	0 minor_page_faults/s	0 major_page_faults/s	4 yields/s	765 preempts/s
22000 milliseconds	2435 MB/s	0 short_reads/s	0 short_writes_echo/s	56 cpu_user_milliseconds	938 cpu_system_milliseconds	0 minor_page_faults/s	0 major_page_faults/s	0 yields/s	54 preempts/s
23000 milliseconds	2448 MB/s	0 short_reads/s	0 short_writes_echo/s	54 cpu_user_milliseconds	942 cpu_system_milliseconds	0 minor_page_faults/s	0 major_page_faults/s	0 yields/s	30 preempts/s
24000 milliseconds	2537 MB/s	0 short_reads/s	0 short_writes_echo/s	38 cpu_user_milliseconds	960 cpu_system_milliseconds	0 minor_page_faults/s	0 major_page_faults/s	0 yields/s	17 preempts/s
25000 milliseconds	2503 MB/s	0 short_reads/s	0 short_writes_echo/s	43 cpu_user_milliseconds	955 cpu_system_milliseconds	0 minor_page_faults/s	0 major_page_faults/s	0 yields/s	16 preempts/s
26000 milliseconds	2608 MB/s	0 short_reads/s	0 short_writes_echo/s	53 cpu_user_milliseconds	945 cpu_system_milliseconds	0 minor_page_faults/s	0 major_page_faults/s	0 yields/s	9 preempts/s
27000 milliseconds	2532 MB/s	368 short_reads/s	0 short_writes_echo/s	51 cpu_user_milliseconds	947 cpu_system_milliseconds	0 minor_page_faults/s	0 major_page_faults/s	148 yields/s	9 preempts/s
28000 milliseconds	2559 MB/s	0 short_reads/s	0 short_writes_echo/s	54 cpu_user_milliseconds	944 cpu_system_milliseconds	0 minor_page_faults/s	0 major_page_faults/s	0 yields/s	4 preempts/s
29000 milliseconds	2511 MB/s	319 short_reads/s	0 short_writes_echo/s	44 cpu_user_milliseconds	953 cpu_system_milliseconds	0 minor_page_faults/s	0 major_page_faults/s	113 yields/s	8 preempts/s
30000 milliseconds	2450 MB/s	0 short_reads/s	0 short_writes_echo/s	49 cpu_user_milliseconds	949 cpu_system_milliseconds	0 minor_page_faults/s	0 major_page_faults/s	0 yields/s	6 preempts/s
31000 milliseconds	2572 MB/s	0 short_reads/s	0 short_writes_echo/s	54 cpu_user_milliseconds	944 cpu_system_milliseconds	0 minor_page_faults/s	0 major_page_faults/s	0 yields/s	3 preempts/s
32000 milliseconds	2566 MB/s	0 short_reads/s	0 short_writes_echo/s	47 cpu_user_milliseconds	951 cpu_system_milliseconds	0 minor_page_faults/s	0 major_page_faults/s	0 yields/s	17 preempts/s
33000 milliseconds	2510 MB/s	0 short_reads/s	0 short_writes_echo/s	43 cpu_user_milliseconds	956 cpu_system_milliseconds	0 minor_page_faults/s	0 major_page_faults/s	0 yields/s	8 preempts/s
34000 milliseconds	2510 MB/s	0 short_reads/s	0 short_writes_echo/s	57 cpu_user_milliseconds	941 cpu_system_milliseconds	0 minor_page_faults/s	0 major_page_faults/s	0 yields/s	5 preempts/s
35000 milliseconds	2599 MB/s	0 short_reads/s	0 short_writes_echo/s	51 cpu_user_milliseconds	947 cpu_system_milliseconds	0 minor_page_faults/s	0 major_page_faults/s	0 yields/s	7 preempts/s
36000 milliseconds	2608 MB/s	0 short_reads/s	0 short_writes_echo/s	56 cpu_user_milliseconds	940 cpu_system_milliseconds	0 minor_page_faults/s	0 major_page_faults/s	0 yields/s	35 preempts/s
37000 milliseconds	2369 MB/s	0 short_reads/s	0 short_writes_echo/s	52 cpu_user_milliseconds	946 cpu_system_milliseconds	0 minor_page_faults/s	0 major_page_faults/s	0 yields/s	13 preempts/s
38000 milliseconds	2550 MB/s	0 short_reads/s	0 short_writes_echo/s	52 cpu_user_milliseconds	946 cpu_system_milliseconds	0 minor_page_faults/s	0 major_page_faults/s	0 yields/s	6 preempts/s
39000 milliseconds	2569 MB/s	905 short_reads/s	0 short_writes_echo/s	50 cpu_user_milliseconds	945 cpu_system_milliseconds	0 minor_page_faults/s	0 major_page_faults/s	359 yields/s	6 preempts/s
40000 milliseconds	2592 MB/s	0 short_reads/s	0 short_writes_echo/s	61 cpu_user_milliseconds	937 cpu_system_milliseconds	0 minor_page_faults/s	0 major_page_faults/s	0 yields/s	2 preempts/s
41000 milliseconds	2589 MB/s	0 short_reads/s	0 short_writes_echo/s	62 cpu_user_milliseconds	936 cpu_system_milliseconds	0 minor_page_faults/s	0 major_page_faults/s	0 yields/s	6 preempts/s
42000 milliseconds	2549 MB/s	384 short_reads/s	0 short_writes_echo/s	44 cpu_user_milliseconds	953 cpu_system_milliseconds	0 minor_page_faults/s	0 major_page_faults/s	147 yields/s	7 preempts/s
43000 milliseconds	2435 MB/s	0 short_reads/s	0 short_writes_echo/s	60 cpu_user_milliseconds	938 cpu_system_milliseconds	0 minor_page_faults/s	0 major_page_faults/s	0 yields/s	10 preempts/s
44000 milliseconds	2558 MB/s	294 short_reads/s	0 short_writes_echo/s	37 cpu_user_milliseconds	958 cpu_system_milliseconds	0 minor_page_faults/s	0 major_page_faults/s	103 yields/s	27 preempts/s
45000 milliseconds	2573 MB/s	0 short_reads/s	0 short_writes_echo/s	53 cpu_user_milliseconds	945 cpu_system_milliseconds	0 minor_page_faults/s	0 major_page_faults/s	0 yields/s	6 preempts/s
46000 milliseconds	2581 MB/s	0 short_reads/s	0 short_writes_echo/s	60 cpu_user_milliseconds	936 cpu_system_milliseconds	0 minor_page_faults/s	0 major_page_faults/s	0 yields/s	27 preempts/s
47000 milliseconds	2511 MB/s	0 short_reads/s	0 short_writes_echo/s	43 cpu_user_milliseconds	953 cpu_system_milliseconds	0 minor_page_faults/s	0 major_page_faults/s	0 yields/s	29 preempts/s
48000 milliseconds	2431 MB/s	0 short_reads/s	0 short_writes_echo/s	56 cpu_user_milliseconds	941 cpu_system_milliseconds	0 minor_page_faults/s	0 major_page_faults/s	0 yields/s	22 preempts/s
49000 milliseconds	2457 MB/s	0 short_reads/s	0 short_writes_echo/s	57 cpu_user_milliseconds	941 cpu_system_milliseconds	0 minor_page_faults/s	0 major_page_faults/s	0 yields/s	16 preempts/s
50000 milliseconds	2605 MB/s	0 short_reads/s	0 short_writes_echo/s	52 cpu_user_milliseconds	946 cpu_system_milliseconds	0 minor_page_faults/s	0 major_page_faults/s	0 yields/s	7 preempts/s
51000 milliseconds	2523 MB/s	0 short_reads/s	0 short_writes_echo/s	50 cpu_user_milliseconds	946 cpu_system_milliseconds	0 minor_page_faults/s	0 major_page_faults/s	0 yields/s	33 preempts/s
52000 milliseconds	2542 MB/s	0 short_reads/s	0 short_writes_echo/s	61 cpu_user_milliseconds	937 cpu_system_milliseconds	0 minor_page_faults/s	0 major_page_faults/s	0 yields/s	1 preempts/s
53000 milliseconds	2562 MB/s	0 short_reads/s	0 short_writes_echo/s	59 cpu_user_milliseconds	939 cpu_system_milliseconds	0 minor_page_faults/s	0 major_page_faults/s	0 yields/s	4 preempts/s
54000 milliseconds	2576 MB/s	0 short_reads/s	0 short_writes_echo/s	48 cpu_user_milliseconds	950 cpu_system_milliseconds	0 minor_page_faults/s	0 major_page_faults/s	0 yields/s	5 preempts/s
55001 milliseconds	2598 MB/s	0 short_reads/s	0 short_writes_echo/s	63 cpu_user_milliseconds	935 cpu_system_milliseconds	0 minor_page_faults/s	0 major_page_faults/s	0 yields/s	5 preempts/s
56001 milliseconds	2569 MB/s	0 short_reads/s	0 short_writes_echo/s	53 cpu_user_milliseconds	943 cpu_system_milliseconds	0 minor_page_faults/s	0 major_page_faults/s	0 yields/s	28 preempts/s
57001 milliseconds	2595 MB/s	322 short_reads/s	0 short_writes_echo/s	43 cpu_user_milliseconds	954 cpu_system_milliseconds	0 minor_page_faults/s	0 major_page_faults/s	118 yields/s	3 preempts/s
58001 milliseconds	2509 MB/s	0 short_reads/s	0 short_writes_echo/s	45 cpu_user_milliseconds	954 cpu_system_milliseconds	0 minor_page_faults/s	0 major_page_faults/s	0 yields/s	3 preempts/s
59001 milliseconds	2554 MB/s	0 short_reads/s	0 short_writes_echo/s	41 cpu_user_milliseconds	958 cpu_system_milliseconds	0 minor_page_faults/s	0 major_page_faults/s	0 yields/s	4 preempts/s
60001 milliseconds	2609 MB/s	0 short_reads/s	0 short_writes_echo/s	65 cpu_user_milliseconds	933 cpu_system_milliseconds	0 minor_page_faults/s	0 major_page_faults/s	0 yields/s	2 preempts/s
61001 milliseconds	2591 MB/s	0 short_reads/s	0 short_writes_echo/s	62 cpu_user_milliseconds	936 cpu_system_milliseconds	0 minor_page_faults/s	0 major_page_faults/s	0 yields/s	2 preempts/s
62001 milliseconds	2382 MB/s	0 short_reads/s	0 short_writes_echo/s	51 cpu_user_milliseconds	947 cpu_system_milliseconds	0 minor_page_faults/s	0 major_page_faults/s	0 yields/s	7 preempts/s
63001 milliseconds	2597 MB/s	0 short_reads/s	0 short_writes_echo/s	63 cpu_user_milliseconds	935 cpu_system_milliseconds	0 minor_page_faults/s	0 major_page_faults/s	0 yields/s	19 preempts/s
64001 milliseconds	2540 MB/s	0 short_reads/s	0 short_writes_echo/s	49 cpu_user_milliseconds	949 cpu_system_milliseconds	0 minor_page_faults/s	0 major_page_faults/s	0 yields/s	6 preempts/s
65001 milliseconds	2569 MB/s	0 short_reads/s	0 short_writes_echo/s	56 cpu_user_milliseconds	942 cpu_system_milliseconds	0 minor_page_faults/s	0 major_page_faults/s	0 yields/s	5 preempts/s
66001 milliseconds	2359 MB/s	0 short_reads/s	0 short_writes_echo/s	64 cpu_user_milliseconds	876 cpu_system_milliseconds	0 minor_page_faults/s	0 major_page_faults/s	4 yields/s	980 preempts/s
67001 milliseconds	2529 MB/s	0 short_reads/s	0 short_writes_echo/s	52 cpu_user_milliseconds	946 cpu_system_milliseconds	0 minor_page_faults/s	0 major_page_faults/s	0 yields/s	6 preempts/s
68001 milliseconds	2536 MB/s	0 short_reads/s	0 short_writes_echo/s	56 cpu_user_milliseconds	943 cpu_system_milliseconds	0 minor_page_faults/s	0 major_page_faults/s	0 yields/s	16 preempts/s
69001 milliseconds	2509 MB/s	1499 short_reads/s	0 short_writes_echo/s	42 cpu_user_milliseconds	952 cpu_system_milliseconds	0 minor_page_faults/s	0 major_page_faults/s	550 yields/s	5 preempts/s
70001 milliseconds	2577 MB/s	0 short_reads/s	0 short_writes_echo/s	53 cpu_user_milliseconds	945 cpu_system_milliseconds	0 minor_page_faults/s	0 major_page_faults/s	0 yields/s	4 preempts/s
71001 milliseconds	2423 MB/s	0 short_reads/s	0 short_writes_echo/s	58 cpu_user_milliseconds	940 cpu_system_milliseconds	0 minor_page_faults/s	0 major_page_faults/s	0 yields/s	32 preempts/s
72001 milliseconds	2511 MB/s	0 short_reads/s	0 short_writes_echo/s	47 cpu_user_milliseconds	952 cpu_system_milliseconds	0 minor_page_faults/s	0 major_page_faults/s	0 yields/s	3 preempts/s
73001 milliseconds	2575 MB/s	0 short_reads/s	0 short_writes_echo/s	63 cpu_user_milliseconds	933 cpu_system_milliseconds	0 minor_page_faults/s	0 major_page_faults/s	0 yields/s	27 preempts/s
74001 milliseconds	2549 MB/s	0 short_reads/s	0 short_writes_echo/s	52 cpu_user_milliseconds	946 cpu_system_milliseconds	0 minor_page_faults/s	0 major_page_faults/s	0 yields/s	5 preempts/s
75001 milliseconds	2546 MB/s	0 short_reads/s	0 short_writes_echo/s	59 cpu_user_milliseconds	939 cpu_system_milliseconds	0 minor_page_faults/s	0 major_page_faults/s	0 yields/s	8 preempts/s
76001 milliseconds	2579 MB/s	0 short_reads/s	0 short_writes_echo/s	57 cpu_user_milliseconds	941 cpu_system_milliseconds	0 minor_page_faults/s	0 major_page_faults/s	0 yields/s	5 preempts/s
77001 milliseconds	2576 MB/s	192 short_reads/s	0 short_writes_echo/s	57 cpu_user_milliseconds	938 cpu_system_milliseconds	0 minor_page_faults/s	0 major_page_faults/s	90 yields/s	28 preempts/s
78001 milliseconds	2505 MB/s	0 short_reads/s	0 short_writes_echo/s	46 cpu_user_milliseconds	953 cpu_system_milliseconds	0 minor_page_faults/s	0 major_page_faults/s	0 yields/s	4 preempts/s
79001 milliseconds	2393 MB/s	970 short_reads/s	0 short_writes_echo/s	36 cpu_user_milliseconds	959 cpu_system_milliseconds	0 minor_page_faults/s	0 major_page_faults/s	353 yields/s	6 preempts/s
80001 milliseconds	2565 MB/s	0 short_reads/s	0 short_writes_echo/s	53 cpu_user_milliseconds	944 cpu_system_milliseconds	0 minor_page_faults/s	0 major_page_faults/s	0 yields/s	23 preempts/s
81001 milliseconds	2516 MB/s	0 short_reads/s	0 short_writes_echo/s	53 cpu_user_milliseconds	945 cpu_system_milliseconds	0 minor_page_faults/s	0 major_page_faults/s	0 yields/s	10 preempts/s
82001 milliseconds	2550 MB/s	0 short_reads/s	0 short_writes_echo/s	47 cpu_user_milliseconds	951 cpu_system_milliseconds	0 minor_page_faults/s	0 major_page_faults/s	0 yields/s	6 preempts/s
83001 milliseconds	2581 MB/s	0 short_reads/s	0 short_writes_echo/s	51 cpu_user_milliseconds	947 cpu_system_milliseconds	0 minor_page_faults/s	0 major_page_faults/s	0 yields/s	6 preempts/s
84001 milliseconds	2404 MB/s	0 short_reads/s	0 short_writes_echo/s	52 cpu_user_milliseconds	946 cpu_system_milliseconds	0 minor_page_faults/s	0 major_page_faults/s	0 yields/s	6 preempts/s
85001 milliseconds	2532 MB/s	0 short_reads/s	0 short_writes_echo/s	52 cpu_user_milliseconds	946 cpu_system_milliseconds	0 minor_page_faults/s	0 major_page_faults/s	0 yields/s	9 preempts/s
86001 milliseconds	2423 MB/s	0 short_reads/s	0 short_writes_echo/s	54 cpu_user_milliseconds	942 cpu_system_milliseconds	0 minor_page_faults/s	0 major_page_faults/s	0 yields/s	28 preempts/s
87001 milliseconds	2508 MB/s	148 short_reads/s	0 short_writes_echo/s	52 cpu_user_milliseconds	943 cpu_system_milliseconds	0 minor_page_faults/s	0 major_page_faults/s	71 yields/s	17 preempts/s
88001 milliseconds	2538 MB/s	0 short_reads/s	0 short_writes_echo/s	53 cpu_user_milliseconds	943 cpu_system_milliseconds	0 minor_page_faults/s	0 major_page_faults/s	0 yields/s	29 preempts/s
89001 milliseconds	2569 MB/s	1076 short_reads/s	0 short_writes_echo/s	61 cpu_user_milliseconds	930 cpu_system_milliseconds	0 minor_page_faults/s	0 major_page_faults/s	408 yields/s	39 preempts/s
90001 milliseconds	2603 MB/s	0 short_reads/s	0 short_writes_echo/s	45 cpu_user_milliseconds	954 cpu_system_milliseconds	0 minor_page_faults/s	0 major_page_faults/s	0 yields/s	3 preempts/s
91001 milliseconds	2607 MB/s	0 short_reads/s	0 short_writes_echo/s	54 cpu_user_milliseconds	944 cpu_system_milliseconds	0 minor_page_faults/s	0 major_page_faults/s	0 yields/s	12 preempts/s
92001 milliseconds	2554 MB/s	238 short_reads/s	0 short_writes_echo/s	67 cpu_user_milliseconds	928 cpu_system_milliseconds	0 minor_page_faults/s	0 major_page_faults/s	100 yields/s	23 preempts/s
93001 milliseconds	2525 MB/s	0 short_reads/s	0 short_writes_echo/s	47 cpu_user_milliseconds	952 cpu_system_milliseconds	0 minor_page_faults/s	0 major_page_faults/s	0 yields/s	4 preempts/s
94001 milliseconds	2491 MB/s	0 short_reads/s	0 short_writes_echo/s	49 cpu_user_milliseconds	950 cpu_system_milliseconds	0 minor_page_faults/s	0 major_page_faults/s	0 yields/s	3 preempts/s
95001 milliseconds	2613 MB/s	0 short_reads/s	0 short_writes_echo/s	49 cpu_user_milliseconds	949 cpu_system_milliseconds	0 minor_page_faults/s	0 major_page_faults/s	0 yields/s	3 preempts/s
96001 milliseconds	2620 MB/s	0 short_reads/s	0 short_writes_echo/s	52 cpu_user_milliseconds	946 cpu_system_milliseconds	0 minor_page_faults/s	0 major_page_faults/s	0 yields/s	1 preempts/s
97001 milliseconds	2564 MB/s	0 short_reads/s	0 short_writes_echo/s	73 cpu_user_milliseconds	925 cpu_system_milliseconds	0 minor_page_faults/s	0 major_page_faults/s	0 yields/s	6 preempts/s
98001 milliseconds	2567 MB/s	0 short_reads/s	0 short_writes_echo/s	45 cpu_user_milliseconds	954 cpu_system_milliseconds	0 minor_page_faults/s	0 major_page_faults/s	0 yields/s	1 preempts/s
99001 milliseconds	2516 MB/s	589 short_reads/s	0 short_writes_echo/s	44 cpu_user_milliseconds	953 cpu_system_milliseconds	0 minor_page_faults/s	0 major_page_faults/s	211 yields/s	7 preempts/s
100001 milliseconds	2582 MB/s	0 short_reads/s	0 short_writes_echo/s	55 cpu_user_milliseconds	944 cpu_system_milliseconds	0 minor_page_faults/s	0 major_page_faults/s	0 yields/s	0 preempts/s
101001 milliseconds	2568 MB/s	0 short_reads/s	0 short_writes_echo/s	54 cpu_user_milliseconds	942 cpu_system_milliseconds	0 minor_page_faults/s	0 major_page_faults/s	0 yields/s	29 preempts/s
102001 milliseconds	2572 MB/s	329 short_reads/s	0 short_writes_echo/s	67 cpu_user_milliseconds	928 cpu_system_milliseconds	0 minor_page_faults/s	0 major_page_faults/s	139 yields/s	26 preempts/s
103001 milliseconds	2205 MB/s	0 short_reads/s	0 short_writes_echo/s	55 cpu_user_milliseconds	877 cpu_system_milliseconds	0 minor_page_faults/s	0 major_page_faults/s	8 yields/s	214 preempts/s
104001 milliseconds	2473 MB/s	934 short_reads/s	0 short_writes_echo/s	53 cpu_user_milliseconds	942 cpu_system_milliseconds	0 minor_page_faults/s	0 major_page_faults/s	346 yields/s	1 preempts/s
105001 milliseconds	2276 MB/s	0 short_reads/s	0 short_writes_echo/s	48 cpu_user_milliseconds	951 cpu_system_milliseconds	0 minor_page_faults/s	0 major_page_faults/s	0 yields/s	2 preempts/s
106001 milliseconds	2518 MB/s	0 short_reads/s	0 short_writes_echo/s	53 cpu_user_milliseconds	945 cpu_system_milliseconds	0 minor_page_faults/s	0 major_page_faults/s	0 yields/s	3 preempts/s
107002 milliseconds	2555 MB/s	47 short_reads/s	0 short_writes_echo/s	54 cpu_user_milliseconds	941 cpu_system_milliseconds	0 minor_page_faults/s	0 major_page_faults/s	71 yields/s	4 preempts/s
108002 milliseconds	2470 MB/s	0 short_reads/s	0 short_writes_echo/s	46 cpu_user_milliseconds	953 cpu_system_milliseconds	0 minor_page_faults/s	0 major_page_faults/s	0 yields/s	2 preempts/s
109002 milliseconds	2584 MB/s	0 short_reads/s	0 short_writes_echo/s	62 cpu_user_milliseconds	936 cpu_system_milliseconds	0 minor_page_faults/s	0 major_page_faults/s	0 yields/s	2 preempts/s
110002 milliseconds	2605 MB/s	0 short_reads/s	0 short_writes_echo/s	57 cpu_user_milliseconds	940 cpu_system_milliseconds	0 minor_page_faults/s	0 major_page_faults/s	0 yields/s	26 preempts/s
111002 milliseconds	2568 MB/s	0 short_reads/s	0 short_writes_echo/s	52 cpu_user_milliseconds	943 cpu_system_milliseconds	0 minor_page_faults/s	0 major_page_faults/s	0 yields/s	49 preempts/s
112002 milliseconds	2524 MB/s	248 short_reads/s	0 short_writes_echo/s	57 cpu_user_milliseconds	939 cpu_system_milliseconds	0 minor_page_faults/s	0 major_page_faults/s	106 yields/s	16 preempts/s
113002 milliseconds	2548 MB/s	0 short_reads/s	0 short_writes_echo/s	54 cpu_user_milliseconds	944 cpu_system_milliseconds	0 minor_page_faults/s	0 major_page_faults/s	0 yields/s	18 preempts/s
114002 milliseconds	2477 MB/s	2 short_reads/s	0 short_writes_echo/s	59 cpu_user_milliseconds	940 cpu_system_milliseconds	0 minor_page_faults/s	0 major_page_faults/s	2 yields/s	10 preempts/s
115002 milliseconds	2547 MB/s	0 short_reads/s	0 short_writes_echo/s	48 cpu_user_milliseconds	950 cpu_system_milliseconds	0 minor_page_faults/s	0 major_page_faults/s	0 yields/s	7 preempts/s
116002 milliseconds	2581 MB/s	0 short_reads/s	0 short_writes_echo/s	43 cpu_user_milliseconds	953 cpu_system_milliseconds	0 minor_page_faults/s	0 major_page_faults/s	0 yields/s	24 preempts/s
117002 milliseconds	2497 MB/s	0 short_reads/s	0 short_writes_echo/s	56 cpu_user_milliseconds	940 cpu_system_milliseconds	0 minor_page_faults/s	0 major_page_faults/s	0 yields/s	38 preempts/s
118002 milliseconds	2587 MB/s	0 short_reads/s	0 short_writes_echo/s	61 cpu_user_milliseconds	935 cpu_system_milliseconds	0 minor_page_faults/s	0 major_page_faults/s	0 yields/s	27 preempts/s
119002 milliseconds	2509 MB/s	0 short_reads/s	0 short_writes_echo/s	56 cpu_user_milliseconds	942 cpu_system_milliseconds	0 minor_page_faults/s	0 major_page_faults/s	0 yields/s	5 preempts/s
120002 milliseconds	2421 MB/s	0 short_reads/s	0 short_writes_echo/s	58 cpu_user_milliseconds	940 cpu_system_milliseconds	0 minor_page_faults/s	0 major_page_faults/s	0 yields/s	3 preempts/s
121002 milliseconds	2509 MB/s	0 short_reads/s	0 short_writes_echo/s	40 cpu_user_milliseconds	956 cpu_system_milliseconds	0 minor_page_faults/s	0 major_page_faults/s	0 yields/s	23 preempts/s
122002 milliseconds	2565 MB/s	0 short_reads/s	0 short_writes_echo/s	52 cpu_user_milliseconds	944 cpu_system_milliseconds	0 minor_page_faults/s	0 major_page_faults/s	0 yields/s	29 preempts/s
123002 milliseconds	2444 MB/s	0 short_reads/s	0 short_writes_echo/s	53 cpu_user_milliseconds	943 cpu_system_milliseconds	0 minor_page_faults/s	0 major_page_faults/s	0 yields/s	40 preempts/s
124002 milliseconds	2583 MB/s	0 short_reads/s	0 short_writes_echo/s	45 cpu_user_milliseconds	954 cpu_system_milliseconds	0 minor_page_faults/s	0 major_page_faults/s	0 yields/s	1 preempts/s
125002 milliseconds	2461 MB/s	0 short_reads/s	0 short_writes_echo/s	44 cpu_user_milliseconds	954 cpu_system_milliseconds	0 minor_page_faults/s	0 major_page_faults/s	0 yields/s	6 preempts/s
126002 milliseconds	2528 MB/s	0 short_reads/s	0 short_writes_echo/s	46 cpu_user_milliseconds	952 cpu_system_milliseconds	0 minor_page_faults/s	0 major_page_faults/s	0 yields/s	9 preempts/s
127002 milliseconds	2528 MB/s	0 short_reads/s	0 short_writes_echo/s	48 cpu_user_milliseconds	950 cpu_system_milliseconds	0 minor_page_faults/s	0 major_page_faults/s	0 yields/s	6 preempts/s
128002 milliseconds	2612 MB/s	0 short_reads/s	0 short_writes_echo/s	51 cpu_user_milliseconds	947 cpu_system_milliseconds	0 minor_page_faults/s	0 major_page_faults/s	0 yields/s	2 preempts/s
129002 milliseconds	2567 MB/s	0 short_reads/s	0 short_writes_echo/s	49 cpu_user_milliseconds	950 cpu_system_milliseconds	0 minor_page_faults/s	0 major_page_faults/s	0 yields/s	5 preempts/s
130002 milliseconds	2613 MB/s	0 short_reads/s	0 short_writes_echo/s	52 cpu_user_milliseconds	946 cpu_system_milliseconds	0 minor_page_faults/s	0 major_page_faults/s	0 yields/s	2 preempts/s
131002 milliseconds	2528 MB/s	0 short_reads/s	0 short_writes_echo/s	51 cpu_user_milliseconds	947 cpu_system_milliseconds	0 minor_page_faults/s	0 major_page_faults/s	0 yields/s	11 preempts/s
132002 milliseconds	2564 MB/s	0 short_reads/s	0 short_writes_echo/s	56 cpu_user_milliseconds	943 cpu_system_milliseconds	0 minor_page_faults/s	0 major_page_faults/s	0 yields/s	7 preempts/s
133002 milliseconds	2498 MB/s	0 short_reads/s	0 short_writes_echo/s	40 cpu_user_milliseconds	958 cpu_system_milliseconds	0 minor_page_faults/s	0 major_page_faults/s	0 yields/s	8 preempts/s
134002 milliseconds	2388 MB/s	0 short_reads/s	0 short_writes_echo/s	52 cpu_user_milliseconds	946 cpu_system_milliseconds	0 minor_page_faults/s	0 major_page_faults/s	0 yields/s	5 preempts/s
135002 milliseconds	2568 MB/s	0 short_reads/s	0 short_writes_echo/s	53 cpu_user_milliseconds	945 cpu_system_milliseconds	0 minor_page_faults/s	0 major_page_faults/s	0 yields/s	3 preempts/s
136002 milliseconds	2463 MB/s	0 short_reads/s	0 short_writes_echo/s	49 cpu_user_milliseconds	949 cpu_system_milliseconds	0 minor_page_faults/s	0 major_page_faults/s	0 yields/s	1 preempts/s
137002 milliseconds	2558 MB/s	358 short_reads/s	0 short_writes_echo/s	46 cpu_user_milliseconds	951 cpu_system_milliseconds	0 minor_page_faults/s	0 major_page_faults/s	128 yields/s	5 preempts/s
138002 milliseconds	2484 MB/s	0 short_reads/s	0 short_writes_echo/s	58 cpu_user_milliseconds	941 cpu_system_milliseconds	0 minor_page_faults/s	0 major_page_faults/s	0 yields/s	10 preempts/s
139002 milliseconds	2575 MB/s	1788 short_reads/s	0 short_writes_echo/s	59 cpu_user_milliseconds	931 cpu_system_milliseconds	0 minor_page_faults/s	0 major_page_faults/s	675 yields/s	37 preempts/s
140002 milliseconds	2548 MB/s	0 short_reads/s	0 short_writes_echo/s	44 cpu_user_milliseconds	955 cpu_system_milliseconds	0 minor_page_faults/s	0 major_page_faults/s	0 yields/s	4 preempts/s
141002 milliseconds	2495 MB/s	0 short_reads/s	0 short_writes_echo/s	52 cpu_user_milliseconds	946 cpu_system_milliseconds	0 minor_page_faults/s	0 major_page_faults/s	0 yields/s	7 preempts/s
142002 milliseconds	2559 MB/s	392 short_reads/s	0 short_writes_echo/s	59 cpu_user_milliseconds	938 cpu_system_milliseconds	0 minor_page_faults/s	0 major_page_faults/s	156 yields/s	3 preempts/s
143002 milliseconds	2272 MB/s	1 short_reads/s	0 short_writes_echo/s	57 cpu_user_milliseconds	896 cpu_system_milliseconds	0 minor_page_faults/s	0 major_page_faults/s	10 yields/s	519 preempts/s
144002 milliseconds	2529 MB/s	0 short_reads/s	0 short_writes_echo/s	51 cpu_user_milliseconds	947 cpu_system_milliseconds	0 minor_page_faults/s	0 major_page_faults/s	0 yields/s	3 preempts/s
145002 milliseconds	2615 MB/s	0 short_reads/s	0 short_writes_echo/s	51 cpu_user_milliseconds	945 cpu_system_milliseconds	0 minor_page_faults/s	0 major_page_faults/s	0 yields/s	35 preempts/s
146002 milliseconds	2401 MB/s	0 short_reads/s	0 short_writes_echo/s	39 cpu_user_milliseconds	959 cpu_system_milliseconds	0 minor_page_faults/s	0 major_page_faults/s	0 yields/s	20 preempts/s
147002 milliseconds	2537 MB/s	0 short_reads/s	0 short_writes_echo/s	50 cpu_user_milliseconds	948 cpu_system_milliseconds	0 minor_page_faults/s	0 major_page_faults/s	0 yields/s	5 preempts/s
148002 milliseconds	2421 MB/s	0 short_reads/s	0 short_writes_echo/s	67 cpu_user_milliseconds	931 cpu_system_milliseconds	0 minor_page_faults/s	0 major_page_faults/s	0 yields/s	6 preempts/s
149002 milliseconds	2481 MB/s	0 short_reads/s	0 short_writes_echo/s	58 cpu_user_milliseconds	940 cpu_system_milliseconds	0 minor_page_faults/s	0 major_page_faults/s	0 yields/s	5 preempts/s
150002 milliseconds	2457 MB/s	0 short_reads/s	0 short_writes_echo/s	60 cpu_user_milliseconds	938 cpu_system_milliseconds	0 minor_page_faults/s	0 major_page_faults/s	0 yields/s	9 preempts/s
151002 milliseconds	2575 MB/s	0 short_reads/s	0 short_writes_echo/s	42 cpu_user_milliseconds	957 cpu_system_milliseconds	0 minor_page_faults/s	0 major_page_faults/s	0 yields/s	2 preempts/s
152002 milliseconds	2559 MB/s	0 short_reads/s	0 short_writes_echo/s	49 cpu_user_milliseconds	950 cpu_system_milliseconds	0 minor_page_faults/s	0 major_page_faults/s	0 yields/s	2 preempts/s
153002 milliseconds	2549 MB/s	0 short_reads/s	0 short_writes_echo/s	50 cpu_user_milliseconds	948 cpu_system_milliseconds	0 minor_page_faults/s	0 major_page_faults/s	0 yields/s	4 preempts/s
154002 milliseconds	2477 MB/s	0 short_reads/s	0 short_writes_echo/s	56 cpu_user_milliseconds	942 cpu_system_milliseconds	0 minor_page_faults/s	0 major_page_faults/s	0 yields/s	16 preempts/s
155002 milliseconds	2588 MB/s	0 short_reads/s	0 short_writes_echo/s	53 cpu_user_milliseconds	945 cpu_system_milliseconds	0 minor_page_faults/s	0 major_page_faults/s	0 yields/s	5 preempts/s
156002 milliseconds	2565 MB/s	0 short_reads/s	0 short_writes_echo/s	42 cpu_user_milliseconds	957 cpu_system_milliseconds	0 minor_page_faults/s	0 major_page_faults/s	0 yields/s	16 preempts/s
157002 milliseconds	2556 MB/s	0 short_reads/s	0 short_writes_echo/s	46 cpu_user_milliseconds	952 cpu_system_milliseconds	0 minor_page_faults/s	0 major_page_faults/s	0 yields/s	7 preempts/s
158002 milliseconds	2504 MB/s	0 short_reads/s	0 short_writes_echo/s	50 cpu_user_milliseconds	946 cpu_system_milliseconds	0 minor_page_faults/s	0 major_page_faults/s	0 yields/s	35 preempts/s
159002 milliseconds	2486 MB/s	1633 short_reads/s	0 short_writes_echo/s	46 cpu_user_milliseconds	945 cpu_system_milliseconds	0 minor_page_faults/s	0 major_page_faults/s	608 yields/s	34 preempts/s
160002 milliseconds	2522 MB/s	0 short_reads/s	0 short_writes_echo/s	59 cpu_user_milliseconds	939 cpu_system_milliseconds	0 minor_page_faults/s	0 major_page_faults/s	0 yields/s	20 preempts/s
161002 milliseconds	2510 MB/s	0 short_reads/s	0 short_writes_echo/s	51 cpu_user_milliseconds	947 cpu_system_milliseconds	0 minor_page_faults/s	0 major_page_faults/s	0 yields/s	4 preempts/s
162002 milliseconds	2438 MB/s	0 short_reads/s	0 short_writes_echo/s	54 cpu_user_milliseconds	944 cpu_system_milliseconds	0 minor_page_faults/s	0 major_page_faults/s	0 yields/s	17 preempts/s
163002 milliseconds	2515 MB/s	0 short_reads/s	0 short_writes_echo/s	58 cpu_user_milliseconds	940 cpu_system_milliseconds	0 minor_page_faults/s	0 major_page_faults/s	0 yields/s	7 preempts/s
164002 milliseconds	2493 MB/s	0 short_reads/s	0 short_writes_echo/s	58 cpu_user_milliseconds	940 cpu_system_milliseconds	0 minor_page_faults/s	0 major_page_faults/s	0 yields/s	4 preempts/s
165002 milliseconds	2510 MB/s	0 short_reads/s	0 short_writes_echo/s	53 cpu_user_milliseconds	945 cpu_system_milliseconds	0 minor_page_faults/s	0 major_page_faults/s	0 yields/s	10 preempts/s
166002 milliseconds	2322 MB/s	0 short_reads/s	0 short_writes_echo/s	46 cpu_user_milliseconds	953 cpu_system_milliseconds	0 minor_page_faults/s	0 major_page_faults/s	0 yields/s	3 preempts/s
167003 milliseconds	2473 MB/s	0 short_reads/s	0 short_writes_echo/s	47 cpu_user_milliseconds	952 cpu_system_milliseconds	0 minor_page_faults/s	0 major_page_faults/s	0 yields/s	4 preempts/s
168003 milliseconds	2510 MB/s	0 short_reads/s	0 short_writes_echo/s	56 cpu_user_milliseconds	940 cpu_system_milliseconds	0 minor_page_faults/s	0 major_page_faults/s	0 yields/s	28 preempts/s
169003 milliseconds	2454 MB/s	0 short_reads/s	0 short_writes_echo/s	45 cpu_user_milliseconds	953 cpu_system_milliseconds	0 minor_page_faults/s	0 major_page_faults/s	0 yields/s	16 preempts/s
170003 milliseconds	2606 MB/s	0 short_reads/s	0 short_writes_echo/s	40 cpu_user_milliseconds	959 cpu_system_milliseconds	0 minor_page_faults/s	0 major_page_faults/s	0 yields/s	4 preempts/s
171003 milliseconds	2568 MB/s	0 short_reads/s	0 short_writes_echo/s	56 cpu_user_milliseconds	942 cpu_system_milliseconds	0 minor_page_faults/s	0 major_page_faults/s	0 yields/s	4 preempts/s
172003 milliseconds	2492 MB/s	312 short_reads/s	0 short_writes_echo/s	49 cpu_user_milliseconds	949 cpu_system_milliseconds	0 minor_page_faults/s	0 major_page_faults/s	124 yields/s	10 preempts/s
173003 milliseconds	2431 MB/s	0 short_reads/s	0 short_writes_echo/s	45 cpu_user_milliseconds	953 cpu_system_milliseconds	0 minor_page_faults/s	0 major_page_faults/s	0 yields/s	8 preempts/s
174003 milliseconds	2510 MB/s	0 short_reads/s	0 short_writes_echo/s	29 cpu_user_milliseconds	970 cpu_system_milliseconds	0 minor_page_faults/s	0 major_page_faults/s	0 yields/s	7 preempts/s
175003 milliseconds	2427 MB/s	0 short_reads/s	0 short_writes_echo/s	55 cpu_user_milliseconds	942 cpu_system_milliseconds	0 minor_page_faults/s	0 major_page_faults/s	0 yields/s	32 preempts/s
176003 milliseconds	2531 MB/s	0 short_reads/s	0 short_writes_echo/s	53 cpu_user_milliseconds	943 cpu_system_milliseconds	0 minor_page_faults/s	0 major_page_faults/s	0 yields/s	23 preempts/s
177003 milliseconds	2580 MB/s	394 short_reads/s	0 short_writes_echo/s	49 cpu_user_milliseconds	948 cpu_system_milliseconds	0 minor_page_faults/s	0 major_page_faults/s	163 yields/s	4 preempts/s
178003 milliseconds	2596 MB/s	0 short_reads/s	0 short_writes_echo/s	53 cpu_user_milliseconds	943 cpu_system_milliseconds	0 minor_page_faults/s	0 major_page_faults/s	0 yields/s	34 preempts/s
179003 milliseconds	2517 MB/s	777 short_reads/s	0 short_writes_echo/s	47 cpu_user_milliseconds	949 cpu_system_milliseconds	0 minor_page_faults/s	0 major_page_faults/s	290 yields/s	7 preempts/s
180003 milliseconds	2612 MB/s	0 short_reads/s	0 short_writes_echo/s	37 cpu_user_milliseconds	960 cpu_system_milliseconds	0 minor_page_faults/s	0 major_page_faults/s	0 yields/s	25 preempts/s
181003 milliseconds	2545 MB/s	0 short_reads/s	0 short_writes_echo/s	42 cpu_user_milliseconds	957 cpu_system_milliseconds	0 minor_page_faults/s	0 major_page_faults/s	0 yields/s	5 preempts/s
182003 milliseconds	2529 MB/s	441 short_reads/s	0 short_writes_echo/s	47 cpu_user_milliseconds	950 cpu_system_milliseconds	0 minor_page_faults/s	0 major_page_faults/s	165 yields/s	3 preempts/s
183003 milliseconds	2579 MB/s	0 short_reads/s	0 short_writes_echo/s	39 cpu_user_milliseconds	960 cpu_system_milliseconds	0 minor_page_faults/s	0 major_page_faults/s	0 yields/s	16 preempts/s
184003 milliseconds	2345 MB/s	0 short_reads/s	0 short_writes_echo/s	58 cpu_user_milliseconds	880 cpu_system_milliseconds	0 minor_page_faults/s	0 major_page_faults/s	16 yields/s	38 preempts/s
185003 milliseconds	2564 MB/s	0 short_reads/s	0 short_writes_echo/s	58 cpu_user_milliseconds	940 cpu_system_milliseconds	0 minor_page_faults/s	0 major_page_faults/s	0 yields/s	6 preempts/s
186003 milliseconds	2556 MB/s	0 short_reads/s	0 short_writes_echo/s	49 cpu_user_milliseconds	949 cpu_system_milliseconds	0 minor_page_faults/s	0 major_page_faults/s	0 yields/s	6 preempts/s
187003 milliseconds	2515 MB/s	0 short_reads/s	0 short_writes_echo/s	49 cpu_user_milliseconds	949 cpu_system_milliseconds	0 minor_page_faults/s	0 major_page_faults/s	0 yields/s	6 preempts/s
188003 milliseconds	2529 MB/s	0 short_reads/s	0 short_writes_echo/s	46 cpu_user_milliseconds	952 cpu_system_milliseconds	0 minor_page_faults/s	0 major_page_faults/s	0 yields/s	5 preempts/s
189003 milliseconds	2532 MB/s	157 short_reads/s	0 short_writes_echo/s	44 cpu_user_milliseconds	955 cpu_system_milliseconds	0 minor_page_faults/s	0 major_page_faults/s	61 yields/s	5 preempts/s
190003 milliseconds	2533 MB/s	0 short_reads/s	0 short_writes_echo/s	47 cpu_user_milliseconds	951 cpu_system_milliseconds	0 minor_page_faults/s	0 major_page_faults/s	0 yields/s	5 preempts/s
191003 milliseconds	2593 MB/s	0 short_reads/s	0 short_writes_echo/s	56 cpu_user_milliseconds	942 cpu_system_milliseconds	0 minor_page_faults/s	0 major_page_faults/s	0 yields/s	9 preempts/s
192003 milliseconds	2493 MB/s	0 short_reads/s	0 short_writes_echo/s	47 cpu_user_milliseconds	952 cpu_system_milliseconds	0 minor_page_faults/s	0 major_page_faults/s	0 yields/s	5 preempts/s
193003 milliseconds	2501 MB/s	0 short_reads/s	0 short_writes_echo/s	48 cpu_user_milliseconds	949 cpu_system_milliseconds	0 minor_page_faults/s	0 major_page_faults/s	0 yields/s	29 preempts/s
194003 milliseconds	2371 MB/s	0 short_reads/s	0 short_writes_echo/s	37 cpu_user_milliseconds	961 cpu_system_milliseconds	0 minor_page_faults/s	0 major_page_faults/s	0 yields/s	14 preempts/s
195003 milliseconds	2592 MB/s	0 short_reads/s	0 short_writes_echo/s	46 cpu_user_milliseconds	951 cpu_system_milliseconds	0 minor_page_faults/s	0 major_page_faults/s	0 yields/s	30 preempts/s
196003 milliseconds	2502 MB/s	0 short_reads/s	0 short_writes_echo/s	50 cpu_user_milliseconds	946 cpu_system_milliseconds	0 minor_page_faults/s	0 major_page_faults/s	0 yields/s	31 preempts/s
197003 milliseconds	2481 MB/s	0 short_reads/s	0 short_writes_echo/s	54 cpu_user_milliseconds	944 cpu_system_milliseconds	0 minor_page_faults/s	0 major_page_faults/s	0 yields/s	7 preempts/s
198003 milliseconds	2555 MB/s	0 short_reads/s	0 short_writes_echo/s	50 cpu_user_milliseconds	948 cpu_system_milliseconds	0 minor_page_faults/s	0 major_page_faults/s	0 yields/s	4 preempts/s
199003 milliseconds	2523 MB/s	0 short_reads/s	0 short_writes_echo/s	44 cpu_user_milliseconds	954 cpu_system_milliseconds	0 minor_page_faults/s	0 major_page_faults/s	0 yields/s	7 preempts/s
200003 milliseconds	2527 MB/s	0 short_reads/s	0 short_writes_echo/s	46 cpu_user_milliseconds	952 cpu_system_milliseconds	0 minor_page_faults/s	0 major_page_faults/s	0 yields/s	4 preempts/s
201003 milliseconds	2611 MB/s	0 short_reads/s	0 short_writes_echo/s	53 cpu_user_milliseconds	945 cpu_system_milliseconds	0 minor_page_faults/s	0 major_page_faults/s	0 yields/s	5 preempts/s
202003 milliseconds	2422 MB/s	0 short_reads/s	0 short_writes_echo/s	42 cpu_user_milliseconds	955 cpu_system_milliseconds	0 minor_page_faults/s	0 major_page_faults/s	0 yields/s	30 preempts/s
203003 milliseconds	2481 MB/s	1 short_reads/s	0 short_writes_echo/s	47 cpu_user_milliseconds	951 cpu_system_milliseconds	0 minor_page_faults/s	0 major_page_faults/s	0 yields/s	7 preempts/s
204003 milliseconds	2451 MB/s	785 short_reads/s	0 short_writes_echo/s	40 cpu_user_milliseconds	955 cpu_system_milliseconds	0 minor_page_faults/s	0 major_page_faults/s	289 yields/s	7 preempts/s
205003 milliseconds	2610 MB/s	0 short_reads/s	0 short_writes_echo/s	47 cpu_user_milliseconds	951 cpu_system_milliseconds	0 minor_page_faults/s	0 major_page_faults/s	0 yields/s	4 preempts/s
206003 milliseconds	2511 MB/s	0 short_reads/s	0 short_writes_echo/s	53 cpu_user_milliseconds	945 cpu_system_milliseconds	0 minor_page_faults/s	0 major_page_faults/s	0 yields/s	9 preempts/s
207003 milliseconds	2456 MB/s	0 short_reads/s	0 short_writes_echo/s	51 cpu_user_milliseconds	945 cpu_system_milliseconds	0 minor_page_faults/s	0 major_page_faults/s	0 yields/s	36 preempts/s
208003 milliseconds	2591 MB/s	0 short_reads/s	0 short_writes_echo/s	50 cpu_user_milliseconds	949 cpu_system_milliseconds	0 minor_page_faults/s	0 major_page_faults/s	0 yields/s	1 preempts/s
209003 milliseconds	2475 MB/s	0 short_reads/s	0 short_writes_echo/s	38 cpu_user_milliseconds	961 cpu_system_milliseconds	0 minor_page_faults/s	0 major_page_faults/s	0 yields/s	6 preempts/s
210003 milliseconds	2592 MB/s	0 short_reads/s	0 short_writes_echo/s	41 cpu_user_milliseconds	956 cpu_system_milliseconds	0 minor_page_faults/s	0 major_page_faults/s	0 yields/s	26 preempts/s
211003 milliseconds	2584 MB/s	0 short_reads/s	0 short_writes_echo/s	56 cpu_user_milliseconds	940 cpu_system_milliseconds	0 minor_page_faults/s	0 major_page_faults/s	0 yields/s	35 preempts/s
212003 milliseconds	2465 MB/s	0 short_reads/s	0 short_writes_echo/s	50 cpu_user_milliseconds	948 cpu_system_milliseconds	0 minor_page_faults/s	0 major_page_faults/s	0 yields/s	6 preempts/s
213003 milliseconds	2551 MB/s	0 short_reads/s	0 short_writes_echo/s	55 cpu_user_milliseconds	943 cpu_system_milliseconds	0 minor_page_faults/s	0 major_page_faults/s	0 yields/s	5 preempts/s
214003 milliseconds	2418 MB/s	562 short_reads/s	0 short_writes_echo/s	43 cpu_user_milliseconds	953 cpu_system_milliseconds	0 minor_page_faults/s	0 major_page_faults/s	215 yields/s	13 preempts/s
215003 milliseconds	2589 MB/s	0 short_reads/s	0 short_writes_echo/s	53 cpu_user_milliseconds	945 cpu_system_milliseconds	0 minor_page_faults/s	0 major_page_faults/s	0 yields/s	16 preempts/s
216003 milliseconds	2610 MB/s	0 short_reads/s	0 short_writes_echo/s	37 cpu_user_milliseconds	962 cpu_system_milliseconds	0 minor_page_faults/s	0 major_page_faults/s	0 yields/s	2 preempts/s
217003 milliseconds	2521 MB/s	0 short_reads/s	0 short_writes_echo/s	57 cpu_user_milliseconds	941 cpu_system_milliseconds	0 minor_page_faults/s	0 major_page_faults/s	0 yields/s	8 preempts/s
218003 milliseconds	2542 MB/s	0 short_reads/s	0 short_writes_echo/s	54 cpu_user_milliseconds	944 cpu_system_milliseconds	0 minor_page_faults/s	0 major_page_faults/s	0 yields/s	3 preempts/s
219003 milliseconds	2563 MB/s	1031 short_reads/s	0 short_writes_echo/s	51 cpu_user_milliseconds	942 cpu_system_milliseconds	0 minor_page_faults/s	0 major_page_faults/s	392 yields/s	26 preempts/s
220003 milliseconds	2595 MB/s	0 short_reads/s	0 short_writes_echo/s	50 cpu_user_milliseconds	948 cpu_system_milliseconds	0 minor_page_faults/s	0 major_page_faults/s	0 yields/s	7 preempts/s
221003 milliseconds	2535 MB/s	0 short_reads/s	0 short_writes_echo/s	53 cpu_user_milliseconds	943 cpu_system_milliseconds	0 minor_page_faults/s	0 major_page_faults/s	0 yields/s	23 preempts/s
222003 milliseconds	2573 MB/s	0 short_reads/s	0 short_writes_echo/s	54 cpu_user_milliseconds	944 cpu_system_milliseconds	0 minor_page_faults/s	0 major_page_faults/s	0 yields/s	13 preempts/s
223003 milliseconds	2524 MB/s	0 short_reads/s	0 short_writes_echo/s	44 cpu_user_milliseconds	952 cpu_system_milliseconds	0 minor_page_faults/s	0 major_page_faults/s	0 yields/s	33 preempts/s
224004 milliseconds	2566 MB/s	1748 short_reads/s	0 short_writes_echo/s	65 cpu_user_milliseconds	926 cpu_system_milliseconds	0 minor_page_faults/s	0 major_page_faults/s	642 yields/s	34 preempts/s
225004 milliseconds	2592 MB/s	0 short_reads/s	0 short_writes_echo/s	45 cpu_user_milliseconds	953 cpu_system_milliseconds	0 minor_page_faults/s	0 major_page_faults/s	0 yields/s	6 preempts/s
226004 milliseconds	2555 MB/s	0 short_reads/s	0 short_writes_echo/s	46 cpu_user_milliseconds	953 cpu_system_milliseconds	0 minor_page_faults/s	0 major_page_faults/s	0 yields/s	4 preempts/s
227004 milliseconds	2418 MB/s	0 short_reads/s	0 short_writes_echo/s	58 cpu_user_milliseconds	940 cpu_system_milliseconds	0 minor_page_faults/s	0 major_page_faults/s	0 yields/s	8 preempts/s
228004 milliseconds	2497 MB/s	0 short_reads/s	0 short_writes_echo/s	44 cpu_user_milliseconds	954 cpu_system_milliseconds	0 minor_page_faults/s	0 major_page_faults/s	0 yields/s	8 preempts/s
229004 milliseconds	2293 MB/s	0 short_reads/s	0 short_writes_echo/s	49 cpu_user_milliseconds	885 cpu_system_milliseconds	0 minor_page_faults/s	0 major_page_faults/s	4 yields/s	24 preempts/s
230004 milliseconds	2383 MB/s	0 short_reads/s	0 short_writes_echo/s	52 cpu_user_milliseconds	944 cpu_system_milliseconds	0 minor_page_faults/s	0 major_page_faults/s	0 yields/s	26 preempts/s
231004 milliseconds	2513 MB/s	0 short_reads/s	0 short_writes_echo/s	50 cpu_user_milliseconds	948 cpu_system_milliseconds	0 minor_page_faults/s	0 major_page_faults/s	0 yields/s	15 preempts/s
232004 milliseconds	2561 MB/s	0 short_reads/s	0 short_writes_echo/s	56 cpu_user_milliseconds	942 cpu_system_milliseconds	0 minor_page_faults/s	0 major_page_faults/s	0 yields/s	4 preempts/s
233004 milliseconds	2542 MB/s	0 short_reads/s	0 short_writes_echo/s	53 cpu_user_milliseconds	945 cpu_system_milliseconds	0 minor_page_faults/s	0 major_page_faults/s	0 yields/s	6 preempts/s
234004 milliseconds	2539 MB/s	0 short_reads/s	0 short_writes_echo/s	45 cpu_user_milliseconds	953 cpu_system_milliseconds	0 minor_page_faults/s	0 major_page_faults/s	0 yields/s	5 preempts/s
235004 milliseconds	2600 MB/s	0 short_reads/s	0 short_writes_echo/s	53 cpu_user_milliseconds	943 cpu_system_milliseconds	0 minor_page_faults/s	0 major_page_faults/s	0 yields/s	23 preempts/s
236004 milliseconds	2421 MB/s	0 short_reads/s	0 short_writes_echo/s	43 cpu_user_milliseconds	955 cpu_system_milliseconds	0 minor_page_faults/s	0 major_page_faults/s	0 yields/s	9 preempts/s
237004 milliseconds	2526 MB/s	0 short_reads/s	0 short_writes_echo/s	49 cpu_user_milliseconds	949 cpu_system_milliseconds	0 minor_page_faults/s	0 major_page_faults/s	0 yields/s	15 preempts/s
238004 milliseconds	2587 MB/s	0 short_reads/s	0 short_writes_echo/s	66 cpu_user_milliseconds	933 cpu_system_milliseconds	0 minor_page_faults/s	0 major_page_faults/s	0 yields/s	14 preempts/s
239004 milliseconds	2445 MB/s	0 short_reads/s	0 short_writes_echo/s	49 cpu_user_milliseconds	948 cpu_system_milliseconds	0 minor_page_faults/s	0 major_page_faults/s	0 yields/s	24 preempts/s
240004 milliseconds	2611 MB/s	0 short_reads/s	0 short_writes_echo/s	59 cpu_user_milliseconds	938 cpu_system_milliseconds	0 minor_page_faults/s	0 major_page_faults/s	0 yields/s	24 preempts/s
