1000 milliseconds	1825 MB/s	41 short_reads/s	0 short_writes_echo/s	88 cpu_user_milliseconds	856 cpu_system_milliseconds	182 minor_page_faults/s	0 major_page_faults/s	329 yields/s	157 preempts/s
2000 milliseconds	1775 MB/s	0 short_reads/s	0 short_writes_echo/s	79 cpu_user_milliseconds	919 cpu_system_milliseconds	3 minor_page_faults/s	0 major_page_faults/s	0 yields/s	13 preempts/s
3000 milliseconds	2189 MB/s	0 short_reads/s	0 short_writes_echo/s	78 cpu_user_milliseconds	921 cpu_system_milliseconds	0 minor_page_faults/s	0 major_page_faults/s	0 yields/s	7 preempts/s
4000 milliseconds	2013 MB/s	0 short_reads/s	0 short_writes_echo/s	85 cpu_user_milliseconds	913 cpu_system_milliseconds	0 minor_page_faults/s	0 major_page_faults/s	0 yields/s	3 preempts/s
5000 milliseconds	2169 MB/s	0 short_reads/s	0 short_writes_echo/s	85 cpu_user_milliseconds	913 cpu_system_milliseconds	0 minor_page_faults/s	0 major_page_faults/s	0 yields/s	1 preempts/s
6000 milliseconds	1978 MB/s	0 short_reads/s	0 short_writes_echo/s	98 cpu_user_milliseconds	900 cpu_system_milliseconds	0 minor_page_faults/s	0 major_page_faults/s	0 yields/s	3 preempts/s
7000 milliseconds	2035 MB/s	0 short_reads/s	0 short_writes_echo/s	108 cpu_user_milliseconds	889 cpu_system_milliseconds	0 minor_page_faults/s	0 major_page_faults/s	0 yields/s	27 preempts/s
8000 milliseconds	2111 MB/s	0 short_reads/s	0 short_writes_echo/s	85 cpu_user_milliseconds	913 cpu_system_milliseconds	0 minor_page_faults/s	0 major_page_faults/s	0 yields/s	7 preempts/s
9000 milliseconds	2175 MB/s	0 short_reads/s	0 short_writes_echo/s	95 cpu_user_milliseconds	903 cpu_system_milliseconds	0 minor_page_faults/s	0 major_page_faults/s	0 yields/s	3 preempts/s
10000 milliseconds	2149 MB/s	0 short_reads/s	0 short_writes_echo/s	94 cpu_user_milliseconds	904 cpu_system_milliseconds	0 minor_page_faults/s	0 major_page_faults/s	0 yields/s	3 preempts/s
11000 milliseconds	1981 MB/s	0 short_reads/s	0 short_writes_echo/s	105 cpu_user_milliseconds	893 cpu_system_milliseconds	0 minor_page_faults/s	0 major_page_faults/s	0 yields/s	10 preempts/s
12000 milliseconds	2187 MB/s	0 short_reads/s	0 short_writes_echo/s	85 cpu_user_milliseconds	913 cpu_system_milliseconds	0 minor_page_faults/s	0 major_page_faults/s	0 yields/s	3 preempts/s
13000 milliseconds	2174 MB/s	0 short_reads/s	0 short_writes_echo/s	101 cpu_user_milliseconds	897 cpu_system_milliseconds	0 minor_page_faults/s	0 major_page_faults/s	0 yields/s	8 preempts/s
14000 milliseconds	2123 MB/s	0 short_reads/s	0 short_writes_echo/s	89 cpu_user_milliseconds	909 cpu_system_milliseconds	0 minor_page_faults/s	0 major_page_faults/s	0 yields/s	8 preempts/s
15000 milliseconds	2138 MB/s	0 short_reads/s	0 short_writes_echo/s	90 cpu_user_milliseconds	908 cpu_system_milliseconds	0 minor_page_faults/s	0 major_page_faults/s	0 yields/s	5 preempts/s
16000 milliseconds	2008 MB/s	36 short_reads/s	0 short_writes_echo/s	91 cpu_user_milliseconds	901 cpu_system_milliseconds	0 minor_page_faults/s	0 major_page_faults/s	222 yields/s	43 preempts/s
17000 milliseconds	2164 MB/s	0 short_reads/s	0 short_writes_echo/s	102 cpu_user_milliseconds	896 cpu_system_milliseconds	0 minor_page_faults/s	0 major_page_faults/s	0 yields/s	2 preempts/s
18000 milliseconds	2128 MB/s	0 short_reads/s	0 short_writes_echo/s	103 cpu_user_milliseconds	895 cpu_system_milliseconds	0 minor_page_faults/s	0 major_page_faults/s	0 yields/s	6 preempts/s
19000 milliseconds	2050 MB/s	0 short_reads/s	0 short_writes_echo/s	102 cpu_user_milliseconds	895 cpu_system_milliseconds	0 minor_page_faults/s	0 major_page_faults/s	0 yields/s	26 preempts/s
20000 milliseconds	2159 MB/s	0 short_reads/s	0 short_writes_echo/s	96 cpu_user_milliseconds	902 cpu_system_milliseconds	0 minor_page_faults/s	0 major_page_faults/s	0 yields/s	6 preempts/s
21000 milliseconds	2181 MB/s	26 short_reads/s	0 short_writes_echo/s	90 cpu_user_milliseconds	906 cpu_system_milliseconds	0 minor_page_faults/s	0 major_page_faults/s	107 yields/s	4 preempts/s
22000 milliseconds	2160 MB/s	0 short_reads/s	0 short_writes_echo/s	95 cpu_user_milliseconds	903 cpu_system_milliseconds	0 minor_page_faults/s	0 major_page_faults/s	0 yields/s	6 preempts/s
23000 milliseconds	2183 MB/s	0 short_reads/s	0 short_writes_echo/s	91 cpu_user_milliseconds	906 cpu_system_milliseconds	0 minor_page_faults/s	0 major_page_faults/s	0 yields/s	22 preempts/s
24000 milliseconds	2159 MB/s	0 short_reads/s	0 short_writes_echo/s	113 cpu_user_milliseconds	884 cpu_system_milliseconds	0 minor_page_faults/s	0 major_page_faults/s	0 yields/s	29 preempts/s
25000 milliseconds	2172 MB/s	0 short_reads/s	0 short_writes_echo/s	86 cpu_user_milliseconds	911 cpu_system_milliseconds	0 minor_page_faults/s	0 major_page_faults/s	0 yields/s	24 preempts/s
26000 milliseconds	2008 MB/s	0 short_reads/s	0 short_writes_echo/s	93 cpu_user_milliseconds	905 cpu_system_milliseconds	0 minor_page_faults/s	0 major_page_faults/s	0 yields/s	4 preempts/s
27000 milliseconds	2089 MB/s	0 short_reads/s	0 short_writes_echo/s	77 cpu_user_milliseconds	922 cpu_system_milliseconds	0 minor_page_faults/s	0 major_page_faults/s	0 yields/s	6 preempts/s
28000 milliseconds	2152 MB/s	0 short_reads/s	0 short_writes_echo/s	89 cpu_user_milliseconds	908 cpu_system_milliseconds	0 minor_page_faults/s	0 major_page_faults/s	0 yields/s	26 preempts/s
29000 milliseconds	2193 MB/s	0 short_reads/s	0 short_writes_echo/s	97 cpu_user_milliseconds	900 cpu_system_milliseconds	0 minor_page_faults/s	0 major_page_faults/s	0 yields/s	26 preempts/s
30000 milliseconds	2212 MB/s	0 short_reads/s	0 short_writes_echo/s	95 cpu_user_milliseconds	903 cpu_system_milliseconds	0 minor_page_faults/s	0 major_page_faults/s	0 yields/s	4 preempts/s
31000 milliseconds	2129 MB/s	56 short_reads/s	0 short_writes_echo/s	74 cpu_user_milliseconds	922 cpu_system_milliseconds	0 minor_page_faults/s	0 major_page_faults/s	123 yields/s	9 preempts/s
32000 milliseconds	2086 MB/s	0 short_reads/s	0 short_writes_echo/s	83 cpu_user_milliseconds	915 cpu_system_milliseconds	0 minor_page_faults/s	0 major_page_faults/s	0 yields/s	8 preempts/s
33000 milliseconds	2159 MB/s	0 short_reads/s	0 short_writes_echo/s	92 cpu_user_milliseconds	906 cpu_system_milliseconds	0 minor_page_faults/s	0 major_page_faults/s	0 yields/s	16 preempts/s
34000 milliseconds	2171 MB/s	0 short_reads/s	0 short_writes_echo/s	104 cpu_user_milliseconds	894 cpu_system_milliseconds	0 minor_page_faults/s	0 major_page_faults/s	0 yields/s	3 preempts/s
35000 milliseconds	2213 MB/s	0 short_reads/s	0 short_writes_echo/s	85 cpu_user_milliseconds	913 cpu_system_milliseconds	0 minor_page_faults/s	0 major_page_faults/s	0 yields/s	5 preempts/s
36000 milliseconds	2013 MB/s	0 short_reads/s	0 short_writes_echo/s	88 cpu_user_milliseconds	910 cpu_system_milliseconds	0 minor_page_faults/s	0 major_page_faults/s	0 yields/s	5 preempts/s
37000 milliseconds	1895 MB/s	0 short_reads/s	0 short_writes_echo/s	86 cpu_user_milliseconds	853 cpu_system_milliseconds	0 minor_page_faults/s	0 major_page_faults/s	4 yields/s	571 preempts/s
38000 milliseconds	2203 MB/s	0 short_reads/s	0 short_writes_echo/s	117 cpu_user_milliseconds	881 cpu_system_milliseconds	0 minor_page_faults/s	0 major_page_faults/s	0 yields/s	3 preempts/s
39000 milliseconds	2074 MB/s	0 short_reads/s	0 short_writes_echo/s	102 cpu_user_milliseconds	896 cpu_system_milliseconds	0 minor_page_faults/s	0 major_page_faults/s	0 yields/s	6 preempts/s
40000 milliseconds	2076 MB/s	0 short_reads/s	0 short_writes_echo/s	85 cpu_user_milliseconds	913 cpu_system_milliseconds	0 minor_page_faults/s	0 major_page_faults/s	0 yields/s	6 preempts/s
41000 milliseconds	2155 MB/s	38 short_reads/s	0 short_writes_echo/s	96 cpu_user_milliseconds	898 cpu_system_milliseconds	0 minor_page_faults/s	0 major_page_faults/s	136 yields/s	24 preempts/s
42000 milliseconds	2193 MB/s	0 short_reads/s	0 short_writes_echo/s	89 cpu_user_milliseconds	907 cpu_system_milliseconds	0 minor_page_faults/s	0 major_page_faults/s	0 yields/s	35 preempts/s
43000 milliseconds	2168 MB/s	0 short_reads/s	0 short_writes_echo/s	102 cpu_user_milliseconds	896 cpu_system_milliseconds	0 minor_page_faults/s	0 major_page_faults/s	0 yields/s	16 preempts/s
44000 milliseconds	2083 MB/s	0 short_reads/s	0 short_writes_echo/s	93 cpu_user_milliseconds	905 cpu_system_milliseconds	0 minor_page_faults/s	0 major_page_faults/s	0 yields/s	6 preempts/s
45000 milliseconds	2018 MB/s	0 short_reads/s	0 short_writes_echo/s	89 cpu_user_milliseconds	910 cpu_system_milliseconds	0 minor_page_faults/s	0 major_page_faults/s	0 yields/s	1 preempts/s
46000 milliseconds	2150 MB/s	50 short_reads/s	0 short_writes_echo/s	74 cpu_user_milliseconds	921 cpu_system_milliseconds	0 minor_page_faults/s	0 major_page_faults/s	198 yields/s	8 preempts/s
47000 milliseconds	2161 MB/s	0 short_reads/s	0 short_writes_echo/s	102 cpu_user_milliseconds	895 cpu_system_milliseconds	0 minor_page_faults/s	0 major_page_faults/s	0 yields/s	29 preempts/s
48000 milliseconds	2225 MB/s	0 short_reads/s	0 short_writes_echo/s	114 cpu_user_milliseconds	884 cpu_system_milliseconds	0 minor_page_faults/s	0 major_page_faults/s	0 yields/s	7 preempts/s
49000 milliseconds	2173 MB/s	0 short_reads/s	0 short_writes_echo/s	85 cpu_user_milliseconds	913 cpu_system_milliseconds	0 minor_page_faults/s	0 major_page_faults/s	0 yields/s	6 preempts/s
50000 milliseconds	2068 MB/s	0 short_reads/s	0 short_writes_echo/s	91 cpu_user_milliseconds	907 cpu_system_milliseconds	0 minor_page_faults/s	0 major_page_faults/s	0 yields/s	4 preempts/s
51000 milliseconds	2154 MB/s	36 short_reads/s	0 short_writes_echo/s	88 cpu_user_milliseconds	905 cpu_system_milliseconds	0 minor_page_faults/s	0 major_page_faults/s	143 yields/s	31 preempts/s
52000 milliseconds	2073 MB/s	0 short_reads/s	0 short_writes_echo/s	88 cpu_user_milliseconds	910 cpu_system_milliseconds	0 minor_page_faults/s	0 major_page_faults/s	0 yields/s	5 preempts/s
53000 milliseconds	2154 MB/s	0 short_reads/s	0 short_writes_echo/s	84 cpu_user_milliseconds	914 cpu_system_milliseconds	0 minor_page_faults/s	0 major_page_faults/s	0 yields/s	5 preempts/s
54000 milliseconds	2177 MB/s	0 short_reads/s	0 short_writes_echo/s	80 cpu_user_milliseconds	919 cpu_system_milliseconds	0 minor_page_faults/s	0 major_page_faults/s	0 yields/s	6 preempts/s
55000 milliseconds	2209 MB/s	0 short_reads/s	0 short_writes_echo/s	108 cpu_user_milliseconds	890 cpu_system_milliseconds	0 minor_page_faults/s	0 major_page_faults/s	0 yields/s	2 preempts/s
56000 milliseconds	2135 MB/s	0 short_reads/s	0 short_writes_echo/s	90 cpu_user_milliseconds	908 cpu_system_milliseconds	0 minor_page_faults/s	0 major_page_faults/s	0 yields/s	6 preempts/s
57000 milliseconds	2177 MB/s	0 short_reads/s	0 short_writes_echo/s	91 cpu_user_milliseconds	907 cpu_system_milliseconds	0 minor_page_faults/s	0 major_page_faults/s	0 yields/s	4 preempts/s
58000 milliseconds	2142 MB/s	0 short_reads/s	0 short_writes_echo/s	92 cpu_user_milliseconds	906 cpu_system_milliseconds	0 minor_page_faults/s	0 major_page_faults/s	0 yields/s	4 preempts/s
59000 milliseconds	2210 MB/s	0 short_reads/s	0 short_writes_echo/s	94 cpu_user_milliseconds	904 cpu_system_milliseconds	0 minor_page_faults/s	0 major_page_faults/s	0 yields/s	16 preempts/s
60000 milliseconds	2098 MB/s	0 short_reads/s	0 short_writes_echo/s	80 cpu_user_milliseconds	918 cpu_system_milliseconds	0 minor_page_faults/s	0 major_page_faults/s	0 yields/s	7 preempts/s
61000 milliseconds	2158 MB/s	0 short_reads/s	0 short_writes_echo/s	89 cpu_user_milliseconds	909 cpu_system_milliseconds	0 minor_page_faults/s	0 major_page_faults/s	0 yields/s	5 preempts/s
62000 milliseconds	2168 MB/s	0 short_reads/s	0 short_writes_echo/s	110 cpu_user_milliseconds	886 cpu_system_milliseconds	0 minor_page_faults/s	0 major_page_faults/s	0 yields/s	35 preempts/s
63000 milliseconds	2055 MB/s	0 short_reads/s	0 short_writes_echo/s	85 cpu_user_milliseconds	914 cpu_system_milliseconds	0 minor_page_faults/s	0 major_page_faults/s	0 yields/s	4 preempts/s
64000 milliseconds	2113 MB/s	0 short_reads/s	0 short_writes_echo/s	96 cpu_user_milliseconds	902 cpu_system_milliseconds	0 minor_page_faults/s	0 major_page_faults/s	0 yields/s	10 preempts/s
65000 milliseconds	2195 MB/s	0 short_reads/s	0 short_writes_echo/s	82 cpu_user_milliseconds	917 cpu_system_milliseconds	0 minor_page_faults/s	0 major_page_faults/s	0 yields/s	4 preempts/s
66000 milliseconds	2093 MB/s	0 short_reads/s	0 short_writes_echo/s	103 cpu_user_milliseconds	895 cpu_system_milliseconds	0 minor_page_faults/s	0 major_page_faults/s	0 yields/s	5 preempts/s
67000 milliseconds	2207 MB/s	0 short_reads/s	0 short_writes_echo/s	96 cpu_user_milliseconds	902 cpu_system_milliseconds	0 minor_page_faults/s	0 major_page_faults/s	0 yields/s	6 preempts/s
68000 milliseconds	2197 MB/s	0 short_reads/s	0 short_writes_echo/s	90 cpu_user_milliseconds	908 cpu_system_milliseconds	0 minor_page_faults/s	0 major_page_faults/s	0 yields/s	6 preempts/s
69000 milliseconds	1882 MB/s	0 short_reads/s	0 short_writes_echo/s	96 cpu_user_milliseconds	902 cpu_system_milliseconds	0 minor_page_faults/s	0 major_page_faults/s	0 yields/s	7 preempts/s
70000 milliseconds	2079 MB/s	275 short_reads/s	0 short_writes_echo/s	73 cpu_user_milliseconds	868 cpu_system_milliseconds	0 minor_page_faults/s	0 major_page_faults/s	349 yields/s	3 preempts/s
71000 milliseconds	2109 MB/s	0 short_reads/s	0 short_writes_echo/s	97 cpu_user_milliseconds	899 cpu_system_milliseconds	0 minor_page_faults/s	0 major_page_faults/s	0 yields/s	32 preempts/s
72000 milliseconds	2205 MB/s	0 short_reads/s	0 short_writes_echo/s	98 cpu_user_milliseconds	900 cpu_system_milliseconds	0 minor_page_faults/s	0 major_page_faults/s	0 yields/s	8 preempts/s
73000 milliseconds	2173 MB/s	0 short_reads/s	0 short_writes_echo/s	98 cpu_user_milliseconds	899 cpu_system_milliseconds	0 minor_page_faults/s	0 major_page_faults/s	0 yields/s	27 preempts/s
74000 milliseconds	2022 MB/s	0 short_reads/s	0 short_writes_echo/s	91 cpu_user_milliseconds	907 cpu_system_milliseconds	0 minor_page_faults/s	0 major_page_faults/s	0 yields/s	12 preempts/s
75000 milliseconds	2138 MB/s	0 short_reads/s	0 short_writes_echo/s	94 cpu_user_milliseconds	903 cpu_system_milliseconds	0 minor_page_faults/s	0 major_page_faults/s	0 yields/s	25 preempts/s
76000 milliseconds	2068 MB/s	30 short_reads/s	0 short_writes_echo/s	93 cpu_user_milliseconds	903 cpu_system_milliseconds	0 minor_page_faults/s	0 major_page_faults/s	121 yields/s	8 preempts/s
77000 milliseconds	2135 MB/s	0 short_reads/s	0 short_writes_echo/s	97 cpu_user_milliseconds	901 cpu_system_milliseconds	0 minor_page_faults/s	0 major_page_faults/s	0 yields/s	0 preempts/s
78000 milliseconds	2187 MB/s	0 short_reads/s	0 short_writes_echo/s	93 cpu_user_milliseconds	905 cpu_system_milliseconds	0 minor_page_faults/s	0 major_page_faults/s	5 yields/s	6 preempts/s
79000 milliseconds	2171 MB/s	1 short_reads/s	0 short_writes_echo/s	109 cpu_user_milliseconds	890 cpu_system_milliseconds	0 minor_page_faults/s	0 major_page_faults/s	13 yields/s	2 preempts/s
80000 milliseconds	2203 MB/s	0 short_reads/s	0 short_writes_echo/s	91 cpu_user_milliseconds	907 cpu_system_milliseconds	0 minor_page_faults/s	0 major_page_faults/s	0 yields/s	6 preempts/s
81000 milliseconds	2039 MB/s	0 short_reads/s	0 short_writes_echo/s	80 cpu_user_milliseconds	918 cpu_system_milliseconds	0 minor_page_faults/s	0 major_page_faults/s	0 yields/s	6 preempts/s
82000 milliseconds	2003 MB/s	0 short_reads/s	0 short_writes_echo/s	82 cpu_user_milliseconds	916 cpu_system_milliseconds	0 minor_page_faults/s	0 major_page_faults/s	0 yields/s	5 preempts/s
83000 milliseconds	2140 MB/s	0 short_reads/s	0 short_writes_echo/s	87 cpu_user_milliseconds	908 cpu_system_milliseconds	0 minor_page_faults/s	0 major_page_faults/s	0 yields/s	52 preempts/s
84001 milliseconds	2076 MB/s	0 short_reads/s	0 short_writes_echo/s	80 cpu_user_milliseconds	917 cpu_system_milliseconds	0 minor_page_faults/s	0 major_page_faults/s	0 yields/s	36 preempts/s
85001 milliseconds	2168 MB/s	0 short_reads/s	0 short_writes_echo/s	107 cpu_user_milliseconds	890 cpu_system_milliseconds	0 minor_page_faults/s	0 major_page_faults/s	0 yields/s	27 preempts/s
86001 milliseconds	2134 MB/s	0 short_reads/s	0 short_writes_echo/s	101 cpu_user_milliseconds	897 cpu_system_milliseconds	0 minor_page_faults/s	0 major_page_faults/s	0 yields/s	18 preempts/s
87001 milliseconds	2146 MB/s	0 short_reads/s	0 short_writes_echo/s	87 cpu_user_milliseconds	911 cpu_system_milliseconds	0 minor_page_faults/s	0 major_page_faults/s	0 yields/s	6 preempts/s
88001 milliseconds	2182 MB/s	0 short_reads/s	0 short_writes_echo/s	111 cpu_user_milliseconds	887 cpu_system_milliseconds	0 minor_page_faults/s	0 major_page_faults/s	0 yields/s	6 preempts/s
89001 milliseconds	2135 MB/s	32 short_reads/s	0 short_writes_echo/s	94 cpu_user_milliseconds	900 cpu_system_milliseconds	0 minor_page_faults/s	0 major_page_faults/s	216 yields/s	6 preempts/s
90001 milliseconds	2181 MB/s	7 short_reads/s	0 short_writes_echo/s	92 cpu_user_milliseconds	904 cpu_system_milliseconds	0 minor_page_faults/s	0 major_page_faults/s	11 yields/s	11 preempts/s
91001 milliseconds	2121 MB/s	28 short_reads/s	0 short_writes_echo/s	97 cpu_user_milliseconds	897 cpu_system_milliseconds	0 minor_page_faults/s	0 major_page_faults/s	111 yields/s	25 preempts/s
92001 milliseconds	2045 MB/s	0 short_reads/s	0 short_writes_echo/s	80 cpu_user_milliseconds	918 cpu_system_milliseconds	0 minor_page_faults/s	0 major_page_faults/s	0 yields/s	6 preempts/s
93001 milliseconds	2148 MB/s	0 short_reads/s	0 short_writes_echo/s	92 cpu_user_milliseconds	906 cpu_system_milliseconds	0 minor_page_faults/s	0 major_page_faults/s	0 yields/s	12 preempts/s
94001 milliseconds	2007 MB/s	0 short_reads/s	0 short_writes_echo/s	70 cpu_user_milliseconds	921 cpu_system_milliseconds	0 minor_page_faults/s	0 major_page_faults/s	0 yields/s	53 preempts/s
95001 milliseconds	2127 MB/s	0 short_reads/s	0 short_writes_echo/s	90 cpu_user_milliseconds	907 cpu_system_milliseconds	0 minor_page_faults/s	0 major_page_faults/s	0 yields/s	24 preempts/s
96001 milliseconds	2176 MB/s	0 short_reads/s	0 short_writes_echo/s	94 cpu_user_milliseconds	904 cpu_system_milliseconds	0 minor_page_faults/s	0 major_page_faults/s	0 yields/s	6 preempts/s
97001 milliseconds	2115 MB/s	0 short_reads/s	0 short_writes_echo/s	85 cpu_user_milliseconds	913 cpu_system_milliseconds	0 minor_page_faults/s	0 major_page_faults/s	0 yields/s	4 preempts/s
98001 milliseconds	2165 MB/s	0 short_reads/s	0 short_writes_echo/s	81 cpu_user_milliseconds	918 cpu_system_milliseconds	0 minor_page_faults/s	0 major_page_faults/s	0 yields/s	10 preempts/s
99001 milliseconds	2136 MB/s	0 short_reads/s	0 short_writes_echo/s	100 cpu_user_milliseconds	898 cpu_system_milliseconds	0 minor_page_faults/s	0 major_page_faults/s	0 yields/s	5 preempts/s
100001 milliseconds	2111 MB/s	0 short_reads/s	0 short_writes_echo/s	80 cpu_user_milliseconds	918 cpu_system_milliseconds	0 minor_page_faults/s	0 major_page_faults/s	0 yields/s	9 preempts/s
101001 milliseconds	2132 MB/s	0 short_reads/s	0 short_writes_echo/s	82 cpu_user_milliseconds	916 cpu_system_milliseconds	0 minor_page_faults/s	0 major_page_faults/s	0 yields/s	9 preempts/s
102001 milliseconds	1920 MB/s	2 short_reads/s	0 short_writes_echo/s	78 cpu_user_milliseconds	878 cpu_system_milliseconds	0 minor_page_faults/s	0 major_page_faults/s	7 yields/s	15 preempts/s
103001 milliseconds	2183 MB/s	0 short_reads/s	0 short_writes_echo/s	101 cpu_user_milliseconds	897 cpu_system_milliseconds	0 minor_page_faults/s	0 major_page_faults/s	0 yields/s	7 preempts/s
104001 milliseconds	2037 MB/s	0 short_reads/s	0 short_writes_echo/s	94 cpu_user_milliseconds	904 cpu_system_milliseconds	0 minor_page_faults/s	0 major_page_faults/s	0 yields/s	8 preempts/s
105001 milliseconds	2060 MB/s	0 short_reads/s	0 short_writes_echo/s	83 cpu_user_milliseconds	915 cpu_system_milliseconds	0 minor_page_faults/s	0 major_page_faults/s	0 yields/s	4 preempts/s
106001 milliseconds	2062 MB/s	0 short_reads/s	0 short_writes_echo/s	87 cpu_user_milliseconds	911 cpu_system_milliseconds	0 minor_page_faults/s	0 major_page_faults/s	0 yields/s	6 preempts/s
107001 milliseconds	2154 MB/s	0 short_reads/s	0 short_writes_echo/s	83 cpu_user_milliseconds	915 cpu_system_milliseconds	0 minor_page_faults/s	0 major_page_faults/s	0 yields/s	6 preempts/s
108001 milliseconds	2077 MB/s	0 short_reads/s	0 short_writes_echo/s	96 cpu_user_milliseconds	902 cpu_system_milliseconds	0 minor_page_faults/s	0 major_page_faults/s	0 yields/s	7 preempts/s
109001 milliseconds	2075 MB/s	0 short_reads/s	0 short_writes_echo/s	90 cpu_user_milliseconds	908 cpu_system_milliseconds	0 minor_page_faults/s	0 major_page_faults/s	0 yields/s	4 preempts/s
110001 milliseconds	2078 MB/s	0 short_reads/s	0 short_writes_echo/s	83 cpu_user_milliseconds	916 cpu_system_milliseconds	0 minor_page_faults/s	0 major_page_faults/s	0 yields/s	14 preempts/s
111001 milliseconds	2173 MB/s	36 short_reads/s	0 short_writes_echo/s	88 cpu_user_milliseconds	908 cpu_system_milliseconds	0 minor_page_faults/s	0 major_page_faults/s	161 yields/s	2 preempts/s
112001 milliseconds	2165 MB/s	0 short_reads/s	0 short_writes_echo/s	88 cpu_user_milliseconds	909 cpu_system_milliseconds	0 minor_page_faults/s	0 major_page_faults/s	0 yields/s	26 preempts/s
113001 milliseconds	2201 MB/s	0 short_reads/s	0 short_writes_echo/s	93 cpu_user_milliseconds	901 cpu_system_milliseconds	0 minor_page_faults/s	0 major_page_faults/s	0 yields/s	57 preempts/s
114001 milliseconds	2153 MB/s	0 short_reads/s	0 short_writes_echo/s	99 cpu_user_milliseconds	899 cpu_system_milliseconds	0 minor_page_faults/s	0 major_page_faults/s	0 yields/s	3 preempts/s
115001 milliseconds	2119 MB/s	0 short_reads/s	0 short_writes_echo/s	95 cpu_user_milliseconds	903 cpu_system_milliseconds	0 minor_page_faults/s	0 major_page_faults/s	0 yields/s	16 preempts/s
116001 milliseconds	2024 MB/s	28 short_reads/s	0 short_writes_echo/s	82 cpu_user_milliseconds	912 cpu_system_milliseconds	0 minor_page_faults/s	0 major_page_faults/s	119 yields/s	30 preempts/s
117001 milliseconds	2125 MB/s	0 short_reads/s	0 short_writes_echo/s	105 cpu_user_milliseconds	893 cpu_system_milliseconds	0 minor_page_faults/s	0 major_page_faults/s	0 yields/s	5 preempts/s
118001 milliseconds	2179 MB/s	0 short_reads/s	0 short_writes_echo/s	97 cpu_user_milliseconds	902 cpu_system_milliseconds	0 minor_page_faults/s	0 major_page_faults/s	0 yields/s	3 preempts/s
119001 milliseconds	2048 MB/s	0 short_reads/s	0 short_writes_echo/s	89 cpu_user_milliseconds	909 cpu_system_milliseconds	0 minor_page_faults/s	0 major_page_faults/s	0 yields/s	7 preempts/s
120001 milliseconds	2098 MB/s	0 short_reads/s	0 short_writes_echo/s	88 cpu_user_milliseconds	911 cpu_system_milliseconds	0 minor_page_faults/s	0 major_page_faults/s	0 yields/s	1 preempts/s
121001 milliseconds	2156 MB/s	38 short_reads/s	0 short_writes_echo/s	89 cpu_user_milliseconds	906 cpu_system_milliseconds	0 minor_page_faults/s	0 major_page_faults/s	157 yields/s	3 preempts/s
122001 milliseconds	2203 MB/s	0 short_reads/s	0 short_writes_echo/s	83 cpu_user_milliseconds	915 cpu_system_milliseconds	0 minor_page_faults/s	0 major_page_faults/s	0 yields/s	4 preempts/s
123001 milliseconds	2139 MB/s	0 short_reads/s	0 short_writes_echo/s	92 cpu_user_milliseconds	906 cpu_system_milliseconds	0 minor_page_faults/s	0 major_page_faults/s	0 yields/s	4 preempts/s
124001 milliseconds	2183 MB/s	16 short_reads/s	0 short_writes_echo/s	83 cpu_user_milliseconds	913 cpu_system_milliseconds	0 minor_page_faults/s	0 major_page_faults/s	167 yields/s	8 preempts/s
125001 milliseconds	2204 MB/s	0 short_reads/s	0 short_writes_echo/s	90 cpu_user_milliseconds	908 cpu_system_milliseconds	0 minor_page_faults/s	0 major_page_faults/s	0 yields/s	3 preempts/s
126001 milliseconds	2174 MB/s	54 short_reads/s	0 short_writes_echo/s	100 cpu_user_milliseconds	894 cpu_system_milliseconds	0 minor_page_faults/s	0 major_page_faults/s	159 yields/s	31 preempts/s
127001 milliseconds	2194 MB/s	0 short_reads/s	0 short_writes_echo/s	93 cpu_user_milliseconds	905 cpu_system_milliseconds	0 minor_page_faults/s	0 major_page_faults/s	0 yields/s	6 preempts/s
128001 milliseconds	2190 MB/s	0 short_reads/s	0 short_writes_echo/s	89 cpu_user_milliseconds	907 cpu_system_milliseconds	0 minor_page_faults/s	0 major_page_faults/s	0 yields/s	34 preempts/s
129001 milliseconds	2169 MB/s	0 short_reads/s	0 short_writes_echo/s	90 cpu_user_milliseconds	906 cpu_system_milliseconds	0 minor_page_faults/s	0 major_page_faults/s	0 yields/s	36 preempts/s
130001 milliseconds	2215 MB/s	0 short_reads/s	0 short_writes_echo/s	101 cpu_user_milliseconds	897 cpu_system_milliseconds	0 minor_page_faults/s	0 major_page_faults/s	0 yields/s	11 preempts/s
131001 milliseconds	2027 MB/s	24 short_reads/s	0 short_writes_echo/s	95 cpu_user_milliseconds	898 cpu_system_milliseconds	0 minor_page_faults/s	0 major_page_faults/s	142 yields/s	30 preempts/s
132001 milliseconds	2084 MB/s	0 short_reads/s	0 short_writes_echo/s	98 cpu_user_milliseconds	900 cpu_system_milliseconds	0 minor_page_faults/s	0 major_page_faults/s	0 yields/s	5 preempts/s
133001 milliseconds	2213 MB/s	0 short_reads/s	0 short_writes_echo/s	94 cpu_user_milliseconds	904 cpu_system_milliseconds	0 minor_page_faults/s	0 major_page_faults/s	0 yields/s	1 preempts/s
134001 milliseconds	2149 MB/s	0 short_reads/s	0 short_writes_echo/s	81 cpu_user_milliseconds	918 cpu_system_milliseconds	0 minor_page_faults/s	0 major_page_faults/s	0 yields/s	2 preempts/s
135001 milliseconds	1985 MB/s	0 short_reads/s	0 short_writes_echo/s	84 cpu_user_milliseconds	915 cpu_system_milliseconds	0 minor_page_faults/s	0 major_page_faults/s	0 yields/s	2 preempts/s
136001 milliseconds	1982 MB/s	0 short_reads/s	0 short_writes_echo/s	76 cpu_user_milliseconds	923 cpu_system_milliseconds	0 minor_page_faults/s	0 major_page_faults/s	0 yields/s	4 preempts/s
137001 milliseconds	1843 MB/s	0 short_reads/s	0 short_writes_echo/s	92 cpu_user_milliseconds	903 cpu_system_milliseconds	0 minor_page_faults/s	0 major_page_faults/s	1 yields/s	14 preempts/s
138001 milliseconds	2143 MB/s	0 short_reads/s	0 short_writes_echo/s	99 cpu_user_milliseconds	898 cpu_system_milliseconds	0 minor_page_faults/s	0 major_page_faults/s	0 yields/s	14 preempts/s
139001 milliseconds	2133 MB/s	0 short_reads/s	0 short_writes_echo/s	107 cpu_user_milliseconds	891 cpu_system_milliseconds	0 minor_page_faults/s	0 major_page_faults/s	0 yields/s	7 preempts/s
140001 milliseconds	2114 MB/s	0 short_reads/s	0 short_writes_echo/s	101 cpu_user_milliseconds	897 cpu_system_milliseconds	0 minor_page_faults/s	0 major_page_faults/s	0 yields/s	4 preempts/s
141001 milliseconds	2109 MB/s	0 short_reads/s	0 short_writes_echo/s	82 cpu_user_milliseconds	916 cpu_system_milliseconds	0 minor_page_faults/s	0 major_page_faults/s	0 yields/s	6 preempts/s
142001 milliseconds	1893 MB/s	0 short_reads/s	0 short_writes_echo/s	79 cpu_user_milliseconds	870 cpu_system_milliseconds	0 minor_page_faults/s	0 major_page_faults/s	10 yields/s	444 preempts/s
143001 milliseconds	2129 MB/s	0 short_reads/s	0 short_writes_echo/s	86 cpu_user_milliseconds	912 cpu_system_milliseconds	0 minor_page_faults/s	0 major_page_faults/s	0 yields/s	5 preempts/s
144001 milliseconds	2166 MB/s	0 short_reads/s	0 short_writes_echo/s	91 cpu_user_milliseconds	907 cpu_system_milliseconds	0 minor_page_faults/s	0 major_page_faults/s	0 yields/s	8 preempts/s
145001 milliseconds	2177 MB/s	0 short_reads/s	0 short_writes_echo/s	113 cpu_user_milliseconds	885 cpu_system_milliseconds	0 minor_page_faults/s	0 major_page_faults/s	0 yields/s	4 preempts/s
146001 milliseconds	2126 MB/s	34 short_reads/s	0 short_writes_echo/s	103 cpu_user_milliseconds	893 cpu_system_milliseconds	0 minor_page_faults/s	0 major_page_faults/s	123 yields/s	4 preempts/s
147001 milliseconds	2075 MB/s	0 short_reads/s	0 short_writes_echo/s	94 cpu_user_milliseconds	903 cpu_system_milliseconds	0 minor_page_faults/s	0 major_page_faults/s	0 yields/s	30 preempts/s
148001 milliseconds	2182 MB/s	0 short_reads/s	0 short_writes_echo/s	85 cpu_user_milliseconds	911 cpu_system_milliseconds	0 minor_page_faults/s	0 major_page_faults/s	0 yields/s	35 preempts/s
149001 milliseconds	2186 MB/s	0 short_reads/s	0 short_writes_echo/s	92 cpu_user_milliseconds	906 cpu_system_milliseconds	0 minor_page_faults/s	0 major_page_faults/s	0 yields/s	8 preempts/s
150001 milliseconds	2221 MB/s	0 short_reads/s	0 short_writes_echo/s	84 cpu_user_milliseconds	914 cpu_system_milliseconds	0 minor_page_faults/s	0 major_page_faults/s	0 yields/s	4 preempts/s
151001 milliseconds	2150 MB/s	52 short_reads/s	0 short_writes_echo/s	77 cpu_user_milliseconds	915 cpu_system_milliseconds	0 minor_page_faults/s	0 major_page_faults/s	198 yields/s	23 preempts/s
152001 milliseconds	2090 MB/s	0 short_reads/s	0 short_writes_echo/s	109 cpu_user_milliseconds	887 cpu_system_milliseconds	0 minor_page_faults/s	0 major_page_faults/s	0 yields/s	43 preempts/s
153001 milliseconds	2127 MB/s	0 short_reads/s	0 short_writes_echo/s	107 cpu_user_milliseconds	889 cpu_system_milliseconds	0 minor_page_faults/s	0 major_page_faults/s	0 yields/s	39 preempts/s
154001 milliseconds	2081 MB/s	0 short_reads/s	0 short_writes_echo/s	83 cpu_user_milliseconds	915 cpu_system_milliseconds	0 minor_page_faults/s	0 major_page_faults/s	0 yields/s	20 preempts/s
155001 milliseconds	2202 MB/s	0 short_reads/s	0 short_writes_echo/s	96 cpu_user_milliseconds	902 cpu_system_milliseconds	0 minor_page_faults/s	0 major_page_faults/s	0 yields/s	4 preempts/s
156001 milliseconds	2192 MB/s	54 short_reads/s	0 short_writes_echo/s	73 cpu_user_milliseconds	923 cpu_system_milliseconds	0 minor_page_faults/s	0 major_page_faults/s	167 yields/s	3 preempts/s
157001 milliseconds	2188 MB/s	0 short_reads/s	0 short_writes_echo/s	74 cpu_user_milliseconds	925 cpu_system_milliseconds	0 minor_page_faults/s	0 major_page_faults/s	0 yields/s	4 preempts/s
158001 milliseconds	2176 MB/s	0 short_reads/s	0 short_writes_echo/s	89 cpu_user_milliseconds	909 cpu_system_milliseconds	0 minor_page_faults/s	0 major_page_faults/s	0 yields/s	23 preempts/s
159001 milliseconds	2048 MB/s	0 short_reads/s	0 short_writes_echo/s	79 cpu_user_milliseconds	919 cpu_system_milliseconds	0 minor_page_faults/s	0 major_page_faults/s	0 yields/s	8 preempts/s
160001 milliseconds	2227 MB/s	0 short_reads/s	0 short_writes_echo/s	103 cpu_user_milliseconds	895 cpu_system_milliseconds	0 minor_page_faults/s	0 major_page_faults/s	0 yields/s	5 preempts/s
161001 milliseconds	2079 MB/s	26 short_reads/s	0 short_writes_echo/s	78 cpu_user_milliseconds	918 cpu_system_milliseconds	0 minor_page_faults/s	0 major_page_faults/s	106 yields/s	3 preempts/s
162001 milliseconds	2123 MB/s	0 short_reads/s	0 short_writes_echo/s	83 cpu_user_milliseconds	913 cpu_system_milliseconds	0 minor_page_faults/s	0 major_page_faults/s	0 yields/s	42 preempts/s
163001 milliseconds	2190 MB/s	0 short_reads/s	0 short_writes_echo/s	71 cpu_user_milliseconds	927 cpu_system_milliseconds	0 minor_page_faults/s	0 major_page_faults/s	0 yields/s	6 preempts/s
164001 milliseconds	2143 MB/s	0 short_reads/s	0 short_writes_echo/s	90 cpu_user_milliseconds	908 cpu_system_milliseconds	0 minor_page_faults/s	0 major_page_faults/s	0 yields/s	11 preempts/s
165001 milliseconds	1988 MB/s	0 short_reads/s	0 short_writes_echo/s	78 cpu_user_milliseconds	918 cpu_system_milliseconds	0 minor_page_faults/s	0 major_page_faults/s	0 yields/s	8 preempts/s
166001 milliseconds	2034 MB/s	34 short_reads/s	0 short_writes_echo/s	77 cpu_user_milliseconds	917 cpu_system_milliseconds	0 minor_page_faults/s	0 major_page_faults/s	235 yields/s	6 preempts/s
167001 milliseconds	2130 MB/s	0 short_reads/s	0 short_writes_echo/s	85 cpu_user_milliseconds	913 cpu_system_milliseconds	0 minor_page_faults/s	0 major_page_faults/s	0 yields/s	10 preempts/s
168001 milliseconds	2140 MB/s	0 short_reads/s	0 short_writes_echo/s	88 cpu_user_milliseconds	911 cpu_system_milliseconds	0 minor_page_faults/s	0 major_page_faults/s	0 yields/s	17 preempts/s
169001 milliseconds	2174 MB/s	2 short_reads/s	0 short_writes_echo/s	105 cpu_user_milliseconds	892 cpu_system_milliseconds	0 minor_page_faults/s	0 major_page_faults/s	33 yields/s	22 preempts/s
170001 milliseconds	2012 MB/s	0 short_reads/s	0 short_writes_echo/s	83 cpu_user_milliseconds	916 cpu_system_milliseconds	0 minor_page_faults/s	0 major_page_faults/s	0 yields/s	13 preempts/s
171001 milliseconds	2190 MB/s	42 short_reads/s	0 short_writes_echo/s	96 cpu_user_milliseconds	900 cpu_system_milliseconds	0 minor_page_faults/s	0 major_page_faults/s	132 yields/s	6 preempts/s
172001 milliseconds	2174 MB/s	0 short_reads/s	0 short_writes_echo/s	89 cpu_user_milliseconds	909 cpu_system_milliseconds	0 minor_page_faults/s	0 major_page_faults/s	0 yields/s	6 preempts/s
173001 milliseconds	2219 MB/s	31 short_reads/s	0 short_writes_echo/s	99 cpu_user_milliseconds	894 cpu_system_milliseconds	0 minor_page_faults/s	0 major_page_faults/s	173 yields/s	0 preempts/s
174001 milliseconds	2019 MB/s	147 short_reads/s	0 short_writes_echo/s	72 cpu_user_milliseconds	857 cpu_system_milliseconds	0 minor_page_faults/s	0 major_page_faults/s	209 yields/s	25 preempts/s
175002 milliseconds	2226 MB/s	0 short_reads/s	0 short_writes_echo/s	93 cpu_user_milliseconds	905 cpu_system_milliseconds	0 minor_page_faults/s	0 major_page_faults/s	0 yields/s	3 preempts/s
176002 milliseconds	2168 MB/s	0 short_reads/s	0 short_writes_echo/s	94 cpu_user_milliseconds	904 cpu_system_milliseconds	0 minor_page_faults/s	0 major_page_faults/s	0 yields/s	5 preempts/s
177002 milliseconds	2085 MB/s	0 short_reads/s	0 short_writes_echo/s	89 cpu_user_milliseconds	909 cpu_system_milliseconds	0 minor_page_faults/s	0 major_page_faults/s	0 yields/s	4 preempts/s
178002 milliseconds	2156 MB/s	0 short_reads/s	0 short_writes_echo/s	91 cpu_user_milliseconds	907 cpu_system_milliseconds	0 minor_page_faults/s	0 major_page_faults/s	0 yields/s	3 preempts/s
179002 milliseconds	2171 MB/s	0 short_reads/s	0 short_writes_echo/s	92 cpu_user_milliseconds	905 cpu_system_milliseconds	0 minor_page_faults/s	0 major_page_faults/s	0 yields/s	28 preempts/s
180002 milliseconds	2181 MB/s	0 short_reads/s	0 short_writes_echo/s	102 cpu_user_milliseconds	896 cpu_system_milliseconds	0 minor_page_faults/s	0 major_page_faults/s	0 yields/s	19 preempts/s
181002 milliseconds	2096 MB/s	0 short_reads/s	0 short_writes_echo/s	79 cpu_user_milliseconds	919 cpu_system_milliseconds	0 minor_page_faults/s	0 major_page_faults/s	0 yields/s	6 preempts/s
182002 milliseconds	2073 MB/s	0 short_reads/s	0 short_writes_echo/s	111 cpu_user_milliseconds	887 cpu_system_milliseconds	0 minor_page_faults/s	0 major_page_faults/s	0 yields/s	3 preempts/s
183002 milliseconds	2204 MB/s	0 short_reads/s	0 short_writes_echo/s	81 cpu_user_milliseconds	918 cpu_system_milliseconds	0 minor_page_faults/s	0 major_page_faults/s	0 yields/s	2 preempts/s
184002 milliseconds	2095 MB/s	0 short_reads/s	0 short_writes_echo/s	86 cpu_user_milliseconds	912 cpu_system_milliseconds	0 minor_page_faults/s	0 major_page_faults/s	0 yields/s	3 preempts/s
185002 milliseconds	2185 MB/s	0 short_reads/s	0 short_writes_echo/s	85 cpu_user_milliseconds	913 cpu_system_milliseconds	0 minor_page_faults/s	0 major_page_faults/s	0 yields/s	2 preempts/s
186002 milliseconds	2017 MB/s	0 short_reads/s	0 short_writes_echo/s	81 cpu_user_milliseconds	917 cpu_system_milliseconds	0 minor_page_faults/s	0 major_page_faults/s	0 yields/s	26 preempts/s
187002 milliseconds	2146 MB/s	0 short_reads/s	0 short_writes_echo/s	90 cpu_user_milliseconds	908 cpu_system_milliseconds	0 minor_page_faults/s	0 major_page_faults/s	0 yields/s	5 preempts/s
188002 milliseconds	2180 MB/s	0 short_reads/s	0 short_writes_echo/s	92 cpu_user_milliseconds	905 cpu_system_milliseconds	0 minor_page_faults/s	0 major_page_faults/s	0 yields/s	27 preempts/s
189002 milliseconds	2166 MB/s	0 short_reads/s	0 short_writes_echo/s	94 cpu_user_milliseconds	905 cpu_system_milliseconds	0 minor_page_faults/s	0 major_page_faults/s	0 yields/s	11 preempts/s
190002 milliseconds	2201 MB/s	0 short_reads/s	0 short_writes_echo/s	75 cpu_user_milliseconds	923 cpu_system_milliseconds	0 minor_page_faults/s	0 major_page_faults/s	0 yields/s	14 preempts/s
191002 milliseconds	2027 MB/s	26 short_reads/s	0 short_writes_echo/s	89 cpu_user_milliseconds	906 cpu_system_milliseconds	0 minor_page_faults/s	0 major_page_faults/s	143 yields/s	5 preempts/s
192002 milliseconds	2201 MB/s	0 short_reads/s	0 short_writes_echo/s	90 cpu_user_milliseconds	908 cpu_system_milliseconds	0 minor_page_faults/s	0 major_page_faults/s	0 yields/s	4 preempts/s
193002 milliseconds	2093 MB/s	0 short_reads/s	0 short_writes_echo/s	88 cpu_user_milliseconds	910 cpu_system_milliseconds	0 minor_page_faults/s	0 major_page_faults/s	0 yields/s	2 preempts/s
194002 milliseconds	2138 MB/s	0 short_reads/s	0 short_writes_echo/s	87 cpu_user_milliseconds	911 cpu_system_milliseconds	0 minor_page_faults/s	0 major_page_faults/s	3 yields/s	3 preempts/s
195002 milliseconds	2180 MB/s	0 short_reads/s	0 short_writes_echo/s	92 cpu_user_milliseconds	906 cpu_system_milliseconds	0 minor_page_faults/s	0 major_page_faults/s	0 yields/s	3 preempts/s
196002 milliseconds	2062 MB/s	0 short_reads/s	0 short_writes_echo/s	92 cpu_user_milliseconds	906 cpu_system_milliseconds	0 minor_page_faults/s	0 major_page_faults/s	0 yields/s	4 preempts/s
197002 milliseconds	2124 MB/s	0 short_reads/s	0 short_writes_echo/s	79 cpu_user_milliseconds	919 cpu_system_milliseconds	0 minor_page_faults/s	0 major_page_faults/s	0 yields/s	10 preempts/s
198002 milliseconds	2206 MB/s	0 short_reads/s	0 short_writes_echo/s	85 cpu_user_milliseconds	912 cpu_system_milliseconds	0 minor_page_faults/s	0 major_page_faults/s	0 yields/s	39 preempts/s
199002 milliseconds	2091 MB/s	0 short_reads/s	0 short_writes_echo/s	84 cpu_user_milliseconds	914 cpu_system_milliseconds	0 minor_page_faults/s	0 major_page_faults/s	0 yields/s	13 preempts/s
200002 milliseconds	2108 MB/s	0 short_reads/s	0 short_writes_echo/s	81 cpu_user_milliseconds	917 cpu_system_milliseconds	0 minor_page_faults/s	0 major_page_faults/s	0 yields/s	12 preempts/s
201002 milliseconds	1970 MB/s	0 short_reads/s	0 short_writes_echo/s	100 cpu_user_milliseconds	899 cpu_system_milliseconds	0 minor_page_faults/s	0 major_page_faults/s	0 yields/s	16 preempts/s
202002 milliseconds	2026 MB/s	0 short_reads/s	0 short_writes_echo/s	75 cpu_user_milliseconds	923 cpu_system_milliseconds	0 minor_page_faults/s	0 major_page_faults/s	0 yields/s	14 preempts/s
203002 milliseconds	2182 MB/s	56 short_reads/s	0 short_writes_echo/s	101 cpu_user_milliseconds	889 cpu_system_milliseconds	0 minor_page_faults/s	0 major_page_faults/s	253 yields/s	5 preempts/s
204002 milliseconds	1909 MB/s	4 short_reads/s	0 short_writes_echo/s	77 cpu_user_milliseconds	918 cpu_system_milliseconds	0 minor_page_faults/s	0 major_page_faults/s	57 yields/s	32 preempts/s
205002 milliseconds	2105 MB/s	0 short_reads/s	0 short_writes_echo/s	73 cpu_user_milliseconds	925 cpu_system_milliseconds	0 minor_page_faults/s	0 major_page_faults/s	0 yields/s	5 preempts/s
206002 milliseconds	2090 MB/s	32 short_reads/s	0 short_writes_echo/s	100 cpu_user_milliseconds	892 cpu_system_milliseconds	0 minor_page_faults/s	0 major_page_faults/s	150 yields/s	39 preempts/s
207002 milliseconds	2111 MB/s	0 short_reads/s	0 short_writes_echo/s	89 cpu_user_milliseconds	909 cpu_system_milliseconds	0 minor_page_faults/s	0 major_page_faults/s	0 yields/s	2 preempts/s
208002 milliseconds	2139 MB/s	0 short_reads/s	0 short_writes_echo/s	96 cpu_user_milliseconds	902 cpu_system_milliseconds	0 minor_page_faults/s	0 major_page_faults/s	0 yields/s	3 preempts/s
209002 milliseconds	2179 MB/s	0 short_reads/s	0 short_writes_echo/s	87 cpu_user_milliseconds	911 cpu_system_milliseconds	0 minor_page_faults/s	0 major_page_faults/s	0 yields/s	5 preempts/s
210002 milliseconds	2025 MB/s	0 short_reads/s	0 short_writes_echo/s	100 cpu_user_milliseconds	895 cpu_system_milliseconds	0 minor_page_faults/s	0 major_page_faults/s	0 yields/s	42 preempts/s
211002 milliseconds	2023 MB/s	0 short_reads/s	0 short_writes_echo/s	99 cpu_user_milliseconds	899 cpu_system_milliseconds	0 minor_page_faults/s	0 major_page_faults/s	9 yields/s	4 preempts/s
212002 milliseconds	2131 MB/s	0 short_reads/s	0 short_writes_echo/s	85 cpu_user_milliseconds	913 cpu_system_milliseconds	0 minor_page_faults/s	0 major_page_faults/s	0 yields/s	10 preempts/s
213002 milliseconds	2166 MB/s	0 short_reads/s	0 short_writes_echo/s	99 cpu_user_milliseconds	899 cpu_system_milliseconds	0 minor_page_faults/s	0 major_page_faults/s	0 yields/s	4 preempts/s
214002 milliseconds	2151 MB/s	0 short_reads/s	0 short_writes_echo/s	76 cpu_user_milliseconds	922 cpu_system_milliseconds	0 minor_page_faults/s	0 major_page_faults/s	0 yields/s	6 preempts/s
215002 milliseconds	2072 MB/s	0 short_reads/s	0 short_writes_echo/s	81 cpu_user_milliseconds	868 cpu_system_milliseconds	0 minor_page_faults/s	0 major_page_faults/s	2 yields/s	121 preempts/s
216002 milliseconds	2124 MB/s	0 short_reads/s	0 short_writes_echo/s	96 cpu_user_milliseconds	902 cpu_system_milliseconds	0 minor_page_faults/s	0 major_page_faults/s	0 yields/s	4 preempts/s
217002 milliseconds	2164 MB/s	0 short_reads/s	0 short_writes_echo/s	80 cpu_user_milliseconds	918 cpu_system_milliseconds	0 minor_page_faults/s	0 major_page_faults/s	0 yields/s	2 preempts/s
218002 milliseconds	2164 MB/s	0 short_reads/s	0 short_writes_echo/s	93 cpu_user_milliseconds	905 cpu_system_milliseconds	0 minor_page_faults/s	0 major_page_faults/s	0 yields/s	9 preempts/s
219002 milliseconds	2042 MB/s	0 short_reads/s	0 short_writes_echo/s	92 cpu_user_milliseconds	906 cpu_system_milliseconds	0 minor_page_faults/s	0 major_page_faults/s	0 yields/s	6 preempts/s
220002 milliseconds	2124 MB/s	0 short_reads/s	0 short_writes_echo/s	89 cpu_user_milliseconds	910 cpu_system_milliseconds	0 minor_page_faults/s	0 major_page_faults/s	0 yields/s	5 preempts/s
221002 milliseconds	2177 MB/s	0 short_reads/s	0 short_writes_echo/s	106 cpu_user_milliseconds	892 cpu_system_milliseconds	0 minor_page_faults/s	0 major_page_faults/s	0 yields/s	4 preempts/s
222002 milliseconds	2025 MB/s	0 short_reads/s	0 short_writes_echo/s	86 cpu_user_milliseconds	913 cpu_system_milliseconds	0 minor_page_faults/s	0 major_page_faults/s	0 yields/s	14 preempts/s
223002 milliseconds	2194 MB/s	0 short_reads/s	0 short_writes_echo/s	77 cpu_user_milliseconds	920 cpu_system_milliseconds	0 minor_page_faults/s	0 major_page_faults/s	0 yields/s	30 preempts/s
224002 milliseconds	2074 MB/s	0 short_reads/s	0 short_writes_echo/s	102 cpu_user_milliseconds	896 cpu_system_milliseconds	0 minor_page_faults/s	0 major_page_faults/s	0 yields/s	22 preempts/s
225002 milliseconds	2211 MB/s	0 short_reads/s	0 short_writes_echo/s	101 cpu_user_milliseconds	895 cpu_system_milliseconds	0 minor_page_faults/s	0 major_page_faults/s	0 yields/s	26 preempts/s
226002 milliseconds	2169 MB/s	0 short_reads/s	0 short_writes_echo/s	84 cpu_user_milliseconds	914 cpu_system_milliseconds	0 minor_page_faults/s	0 major_page_faults/s	0 yields/s	18 preempts/s
227002 milliseconds	2213 MB/s	0 short_reads/s	0 short_writes_echo/s	67 cpu_user_milliseconds	929 cpu_system_milliseconds	0 minor_page_faults/s	0 major_page_faults/s	0 yields/s	29 preempts/s
228002 milliseconds	2201 MB/s	0 short_reads/s	0 short_writes_echo/s	93 cpu_user_milliseconds	905 cpu_system_milliseconds	0 minor_page_faults/s	0 major_page_faults/s	0 yields/s	5 preempts/s
229002 milliseconds	2175 MB/s	0 short_reads/s	0 short_writes_echo/s	87 cpu_user_milliseconds	911 cpu_system_milliseconds	0 minor_page_faults/s	0 major_page_faults/s	0 yields/s	4 preempts/s
230002 milliseconds	2106 MB/s	0 short_reads/s	0 short_writes_echo/s	99 cpu_user_milliseconds	899 cpu_system_milliseconds	0 minor_page_faults/s	0 major_page_faults/s	0 yields/s	6 preempts/s
231002 milliseconds	2179 MB/s	36 short_reads/s	0 short_writes_echo/s	98 cpu_user_milliseconds	898 cpu_system_milliseconds	0 minor_page_faults/s	0 major_page_faults/s	154 yields/s	2 preempts/s
232002 milliseconds	2168 MB/s	0 short_reads/s	0 short_writes_echo/s	86 cpu_user_milliseconds	912 cpu_system_milliseconds	0 minor_page_faults/s	0 major_page_faults/s	0 yields/s	7 preempts/s
233002 milliseconds	2118 MB/s	0 short_reads/s	0 short_writes_echo/s	78 cpu_user_milliseconds	921 cpu_system_milliseconds	0 minor_page_faults/s	0 major_page_faults/s	0 yields/s	2 preempts/s
234002 milliseconds	2088 MB/s	0 short_reads/s	0 short_writes_echo/s	94 cpu_user_milliseconds	902 cpu_system_milliseconds	0 minor_page_faults/s	0 major_page_faults/s	0 yields/s	9 preempts/s
235002 milliseconds	2205 MB/s	0 short_reads/s	0 short_writes_echo/s	94 cpu_user_milliseconds	904 cpu_system_milliseconds	0 minor_page_faults/s	0 major_page_faults/s	0 yields/s	2 preempts/s
236002 milliseconds	2190 MB/s	50 short_reads/s	0 short_writes_echo/s	99 cpu_user_milliseconds	895 cpu_system_milliseconds	0 minor_page_faults/s	0 major_page_faults/s	197 yields/s	7 preempts/s
237002 milliseconds	2106 MB/s	0 short_reads/s	0 short_writes_echo/s	82 cpu_user_milliseconds	916 cpu_system_milliseconds	0 minor_page_faults/s	0 major_page_faults/s	0 yields/s	13 preempts/s
238002 milliseconds	2169 MB/s	0 short_reads/s	0 short_writes_echo/s	88 cpu_user_milliseconds	909 cpu_system_milliseconds	0 minor_page_faults/s	0 major_page_faults/s	0 yields/s	28 preempts/s
239002 milliseconds	2114 MB/s	0 short_reads/s	0 short_writes_echo/s	76 cpu_user_milliseconds	923 cpu_system_milliseconds	0 minor_page_faults/s	0 major_page_faults/s	0 yields/s	2 preempts/s
240002 milliseconds	2216 MB/s	0 short_reads/s	0 short_writes_echo/s	111 cpu_user_milliseconds	887 cpu_system_milliseconds	0 minor_page_faults/s	0 major_page_faults/s	0 yields/s	4 preempts/s
