1000 milliseconds	3863 MB/s	843 short_reads/s	0 short_writes_echo/s	30 cpu_user_milliseconds	951 cpu_system_milliseconds	231 minor_page_faults/s	0 major_page_faults/s	2321 yields/s	32 preempts/s
2000 milliseconds	3781 MB/s	525 short_reads/s	0 short_writes_echo/s	43 cpu_user_milliseconds	938 cpu_system_milliseconds	3 minor_page_faults/s	0 major_page_faults/s	1295 yields/s	22 preempts/s
3000 milliseconds	4196 MB/s	666 short_reads/s	0 short_writes_echo/s	34 cpu_user_milliseconds	949 cpu_system_milliseconds	0 minor_page_faults/s	0 major_page_faults/s	1545 yields/s	10 preempts/s
4000 milliseconds	4304 MB/s	193 short_reads/s	0 short_writes_echo/s	27 cpu_user_milliseconds	964 cpu_system_milliseconds	0 minor_page_faults/s	0 major_page_faults/s	623 yields/s	18 preempts/s
5000 milliseconds	4302 MB/s	137 short_reads/s	0 short_writes_echo/s	29 cpu_user_milliseconds	966 cpu_system_milliseconds	0 minor_page_faults/s	0 major_page_faults/s	312 yields/s	3 preempts/s
6000 milliseconds	4326 MB/s	79 short_reads/s	0 short_writes_echo/s	25 cpu_user_milliseconds	969 cpu_system_milliseconds	0 minor_page_faults/s	0 major_page_faults/s	192 yields/s	0 preempts/s
7000 milliseconds	4321 MB/s	79 short_reads/s	0 short_writes_echo/s	33 cpu_user_milliseconds	963 cpu_system_milliseconds	0 minor_page_faults/s	0 major_page_faults/s	193 yields/s	12 preempts/s
8000 milliseconds	3860 MB/s	347 short_reads/s	0 short_writes_echo/s	24 cpu_user_milliseconds	910 cpu_system_milliseconds	0 minor_page_faults/s	0 major_page_faults/s	1793 yields/s	158 preempts/s
9000 milliseconds	4291 MB/s	136 short_reads/s	0 short_writes_echo/s	33 cpu_user_milliseconds	962 cpu_system_milliseconds	0 minor_page_faults/s	0 major_page_faults/s	452 yields/s	2 preempts/s
10000 milliseconds	4361 MB/s	103 short_reads/s	0 short_writes_echo/s	33 cpu_user_milliseconds	961 cpu_system_milliseconds	0 minor_page_faults/s	0 major_page_faults/s	285 yields/s	2 preempts/s
11000 milliseconds	4234 MB/s	245 short_reads/s	0 short_writes_echo/s	39 cpu_user_milliseconds	954 cpu_system_milliseconds	0 minor_page_faults/s	0 major_page_faults/s	715 yields/s	14 preempts/s
12000 milliseconds	4378 MB/s	100 short_reads/s	0 short_writes_echo/s	28 cpu_user_milliseconds	967 cpu_system_milliseconds	0 minor_page_faults/s	0 major_page_faults/s	325 yields/s	3 preempts/s
13000 milliseconds	4222 MB/s	499 short_reads/s	0 short_writes_echo/s	26 cpu_user_milliseconds	957 cpu_system_milliseconds	0 minor_page_faults/s	0 major_page_faults/s	1995 yields/s	0 preempts/s
14000 milliseconds	4196 MB/s	205 short_reads/s	0 short_writes_echo/s	31 cpu_user_milliseconds	960 cpu_system_milliseconds	0 minor_page_faults/s	0 major_page_faults/s	738 yields/s	8 preempts/s
15000 milliseconds	4401 MB/s	64 short_reads/s	0 short_writes_echo/s	33 cpu_user_milliseconds	963 cpu_system_milliseconds	0 minor_page_faults/s	0 major_page_faults/s	158 yields/s	7 preempts/s
16000 milliseconds	4388 MB/s	121 short_reads/s	0 short_writes_echo/s	30 cpu_user_milliseconds	965 cpu_system_milliseconds	0 minor_page_faults/s	0 major_page_faults/s	362 yields/s	2 preempts/s
17000 milliseconds	4284 MB/s	115 short_reads/s	0 short_writes_echo/s	36 cpu_user_milliseconds	961 cpu_system_milliseconds	0 minor_page_faults/s	0 major_page_faults/s	302 yields/s	3 preempts/s
18000 milliseconds	4261 MB/s	317 short_reads/s	0 short_writes_echo/s	24 cpu_user_milliseconds	964 cpu_system_milliseconds	0 minor_page_faults/s	0 major_page_faults/s	1278 yields/s	2 preempts/s
19000 milliseconds	4301 MB/s	172 short_reads/s	0 short_writes_echo/s	28 cpu_user_milliseconds	965 cpu_system_milliseconds	0 minor_page_faults/s	0 major_page_faults/s	531 yields/s	6 preempts/s
20000 milliseconds	4291 MB/s	98 short_reads/s	0 short_writes_echo/s	34 cpu_user_milliseconds	962 cpu_system_milliseconds	0 minor_page_faults/s	0 major_page_faults/s	263 yields/s	5 preempts/s
21000 milliseconds	4368 MB/s	121 short_reads/s	0 short_writes_echo/s	42 cpu_user_milliseconds	953 cpu_system_milliseconds	0 minor_page_faults/s	0 major_page_faults/s	408 yields/s	1 preempts/s
22000 milliseconds	4358 MB/s	117 short_reads/s	0 short_writes_echo/s	39 cpu_user_milliseconds	955 cpu_system_milliseconds	0 minor_page_faults/s	0 major_page_faults/s	334 yields/s	3 preempts/s
23000 milliseconds	4220 MB/s	248 short_reads/s	0 short_writes_echo/s	29 cpu_user_milliseconds	960 cpu_system_milliseconds	0 minor_page_faults/s	0 major_page_faults/s	820 yields/s	7 preempts/s
24000 milliseconds	4300 MB/s	247 short_reads/s	0 short_writes_echo/s	23 cpu_user_milliseconds	963 cpu_system_milliseconds	0 minor_page_faults/s	0 major_page_faults/s	809 yields/s	7 preempts/s
25000 milliseconds	4312 MB/s	122 short_reads/s	0 short_writes_echo/s	36 cpu_user_milliseconds	960 cpu_system_milliseconds	0 minor_page_faults/s	0 major_page_faults/s	408 yields/s	2 preempts/s
26000 milliseconds	4291 MB/s	78 short_reads/s	0 short_writes_echo/s	33 cpu_user_milliseconds	963 cpu_system_milliseconds	0 minor_page_faults/s	0 major_page_faults/s	216 yields/s	12 preempts/s
27000 milliseconds	4379 MB/s	105 short_reads/s	0 short_writes_echo/s	34 cpu_user_milliseconds	961 cpu_system_milliseconds	0 minor_page_faults/s	0 major_page_faults/s	317 yields/s	14 preempts/s
28000 milliseconds	4194 MB/s	325 short_reads/s	0 short_writes_echo/s	43 cpu_user_milliseconds	946 cpu_system_milliseconds	0 minor_page_faults/s	0 major_page_faults/s	1253 yields/s	7 preempts/s
29000 milliseconds	4293 MB/s	185 short_reads/s	0 short_writes_echo/s	34 cpu_user_milliseconds	955 cpu_system_milliseconds	0 minor_page_faults/s	0 major_page_faults/s	584 yields/s	13 preempts/s
30000 milliseconds	4199 MB/s	85 short_reads/s	0 short_writes_echo/s	33 cpu_user_milliseconds	961 cpu_system_milliseconds	0 minor_page_faults/s	0 major_page_faults/s	258 yields/s	0 preempts/s
31000 milliseconds	4341 MB/s	81 short_reads/s	0 short_writes_echo/s	32 cpu_user_milliseconds	964 cpu_system_milliseconds	0 minor_page_faults/s	0 major_page_faults/s	232 yields/s	3 preempts/s
32000 milliseconds	4357 MB/s	67 short_reads/s	0 short_writes_echo/s	26 cpu_user_milliseconds	969 cpu_system_milliseconds	0 minor_page_faults/s	0 major_page_faults/s	173 yields/s	17 preempts/s
33000 milliseconds	4167 MB/s	354 short_reads/s	0 short_writes_echo/s	39 cpu_user_milliseconds	946 cpu_system_milliseconds	0 minor_page_faults/s	0 major_page_faults/s	1270 yields/s	18 preempts/s
34000 milliseconds	4307 MB/s	158 short_reads/s	0 short_writes_echo/s	33 cpu_user_milliseconds	958 cpu_system_milliseconds	0 minor_page_faults/s	0 major_page_faults/s	430 yields/s	15 preempts/s
35000 milliseconds	4349 MB/s	108 short_reads/s	0 short_writes_echo/s	33 cpu_user_milliseconds	963 cpu_system_milliseconds	0 minor_page_faults/s	0 major_page_faults/s	290 yields/s	4 preempts/s
36000 milliseconds	4158 MB/s	605 short_reads/s	0 short_writes_echo/s	23 cpu_user_milliseconds	962 cpu_system_milliseconds	0 minor_page_faults/s	0 major_page_faults/s	1695 yields/s	25 preempts/s
37000 milliseconds	4255 MB/s	129 short_reads/s	0 short_writes_echo/s	39 cpu_user_milliseconds	957 cpu_system_milliseconds	0 minor_page_faults/s	0 major_page_faults/s	348 yields/s	0 preempts/s
38001 milliseconds	4109 MB/s	484 short_reads/s	0 short_writes_echo/s	29 cpu_user_milliseconds	954 cpu_system_milliseconds	0 minor_page_faults/s	0 major_page_faults/s	1888 yields/s	8 preempts/s
39001 milliseconds	4259 MB/s	158 short_reads/s	0 short_writes_echo/s	30 cpu_user_milliseconds	961 cpu_system_milliseconds	0 minor_page_faults/s	0 major_page_faults/s	432 yields/s	25 preempts/s
40001 milliseconds	4339 MB/s	115 short_reads/s	0 short_writes_echo/s	32 cpu_user_milliseconds	963 cpu_system_milliseconds	0 minor_page_faults/s	0 major_page_faults/s	280 yields/s	5 preempts/s
41001 milliseconds	4344 MB/s	123 short_reads/s	0 short_writes_echo/s	31 cpu_user_milliseconds	962 cpu_system_milliseconds	0 minor_page_faults/s	0 major_page_faults/s	347 yields/s	31 preempts/s
42001 milliseconds	4284 MB/s	85 short_reads/s	0 short_writes_echo/s	25 cpu_user_milliseconds	972 cpu_system_milliseconds	0 minor_page_faults/s	0 major_page_faults/s	232 yields/s	8 preempts/s
43001 milliseconds	4190 MB/s	270 short_reads/s	0 short_writes_echo/s	27 cpu_user_milliseconds	962 cpu_system_milliseconds	0 minor_page_faults/s	0 major_page_faults/s	918 yields/s	32 preempts/s
44001 milliseconds	4260 MB/s	157 short_reads/s	0 short_writes_echo/s	28 cpu_user_milliseconds	964 cpu_system_milliseconds	0 minor_page_faults/s	0 major_page_faults/s	541 yields/s	5 preempts/s
45001 milliseconds	4318 MB/s	135 short_reads/s	0 short_writes_echo/s	33 cpu_user_milliseconds	961 cpu_system_milliseconds	0 minor_page_faults/s	0 major_page_faults/s	348 yields/s	24 preempts/s
46001 milliseconds	4321 MB/s	57 short_reads/s	0 short_writes_echo/s	41 cpu_user_milliseconds	954 cpu_system_milliseconds	0 minor_page_faults/s	0 major_page_faults/s	144 yields/s	32 preempts/s
47001 milliseconds	4376 MB/s	96 short_reads/s	0 short_writes_echo/s	39 cpu_user_milliseconds	958 cpu_system_milliseconds	0 minor_page_faults/s	0 major_page_faults/s	248 yields/s	11 preempts/s
48001 milliseconds	3961 MB/s	317 short_reads/s	0 short_writes_echo/s	24 cpu_user_milliseconds	920 cpu_system_milliseconds	0 minor_page_faults/s	0 major_page_faults/s	1268 yields/s	23 preempts/s
49001 milliseconds	4254 MB/s	154 short_reads/s	0 short_writes_echo/s	46 cpu_user_milliseconds	945 cpu_system_milliseconds	0 minor_page_faults/s	0 major_page_faults/s	524 yields/s	13 preempts/s
50001 milliseconds	4334 MB/s	103 short_reads/s	0 short_writes_echo/s	35 cpu_user_milliseconds	959 cpu_system_milliseconds	0 minor_page_faults/s	0 major_page_faults/s	292 yields/s	7 preempts/s
51001 milliseconds	4398 MB/s	85 short_reads/s	0 short_writes_echo/s	37 cpu_user_milliseconds	959 cpu_system_milliseconds	0 minor_page_faults/s	0 major_page_faults/s	248 yields/s	3 preempts/s
52001 milliseconds	4338 MB/s	103 short_reads/s	0 short_writes_echo/s	25 cpu_user_milliseconds	970 cpu_system_milliseconds	0 minor_page_faults/s	0 major_page_faults/s	310 yields/s	8 preempts/s
53001 milliseconds	4231 MB/s	331 short_reads/s	0 short_writes_echo/s	27 cpu_user_milliseconds	961 cpu_system_milliseconds	0 minor_page_faults/s	0 major_page_faults/s	1274 yields/s	3 preempts/s
54001 milliseconds	4236 MB/s	330 short_reads/s	0 short_writes_echo/s	38 cpu_user_milliseconds	945 cpu_system_milliseconds	0 minor_page_faults/s	0 major_page_faults/s	827 yields/s	7 preempts/s
55001 milliseconds	4390 MB/s	89 short_reads/s	0 short_writes_echo/s	42 cpu_user_milliseconds	954 cpu_system_milliseconds	0 minor_page_faults/s	0 major_page_faults/s	237 yields/s	2 preempts/s
56001 milliseconds	4376 MB/s	77 short_reads/s	0 short_writes_echo/s	19 cpu_user_milliseconds	975 cpu_system_milliseconds	0 minor_page_faults/s	0 major_page_faults/s	175 yields/s	5 preempts/s
57001 milliseconds	4282 MB/s	155 short_reads/s	0 short_writes_echo/s	29 cpu_user_milliseconds	966 cpu_system_milliseconds	0 minor_page_faults/s	0 major_page_faults/s	470 yields/s	3 preempts/s
58001 milliseconds	4219 MB/s	332 short_reads/s	0 short_writes_echo/s	29 cpu_user_milliseconds	959 cpu_system_milliseconds	0 minor_page_faults/s	0 major_page_faults/s	1224 yields/s	14 preempts/s
59001 milliseconds	4253 MB/s	178 short_reads/s	0 short_writes_echo/s	36 cpu_user_milliseconds	955 cpu_system_milliseconds	0 minor_page_faults/s	0 major_page_faults/s	565 yields/s	20 preempts/s
60001 milliseconds	4358 MB/s	103 short_reads/s	0 short_writes_echo/s	34 cpu_user_milliseconds	961 cpu_system_milliseconds	0 minor_page_faults/s	0 major_page_faults/s	321 yields/s	13 preempts/s
61001 milliseconds	4373 MB/s	102 short_reads/s	0 short_writes_echo/s	41 cpu_user_milliseconds	949 cpu_system_milliseconds	0 minor_page_faults/s	0 major_page_faults/s	275 yields/s	1 preempts/s
62001 milliseconds	4292 MB/s	100 short_reads/s	0 short_writes_echo/s	38 cpu_user_milliseconds	956 cpu_system_milliseconds	0 minor_page_faults/s	0 major_page_faults/s	272 yields/s	2 preempts/s
63001 milliseconds	4202 MB/s	327 short_reads/s	0 short_writes_echo/s	23 cpu_user_milliseconds	965 cpu_system_milliseconds	0 minor_page_faults/s	0 major_page_faults/s	1275 yields/s	7 preempts/s
64001 milliseconds	4178 MB/s	94 short_reads/s	0 short_writes_echo/s	30 cpu_user_milliseconds	963 cpu_system_milliseconds	0 minor_page_faults/s	0 major_page_faults/s	254 yields/s	34 preempts/s
65001 milliseconds	4369 MB/s	127 short_reads/s	0 short_writes_echo/s	24 cpu_user_milliseconds	967 cpu_system_milliseconds	0 minor_page_faults/s	0 major_page_faults/s	385 yields/s	2 preempts/s
66001 milliseconds	4241 MB/s	75 short_reads/s	0 short_writes_echo/s	25 cpu_user_milliseconds	972 cpu_system_milliseconds	0 minor_page_faults/s	0 major_page_faults/s	150 yields/s	3 preempts/s
67001 milliseconds	4341 MB/s	64 short_reads/s	0 short_writes_echo/s	23 cpu_user_milliseconds	972 cpu_system_milliseconds	0 minor_page_faults/s	0 major_page_faults/s	162 yields/s	23 preempts/s
68001 milliseconds	4154 MB/s	117 short_reads/s	0 short_writes_echo/s	33 cpu_user_milliseconds	958 cpu_system_milliseconds	0 minor_page_faults/s	0 major_page_faults/s	286 yields/s	33 preempts/s
69001 milliseconds	4096 MB/s	469 short_reads/s	0 short_writes_echo/s	28 cpu_user_milliseconds	957 cpu_system_milliseconds	0 minor_page_faults/s	0 major_page_faults/s	1450 yields/s	9 preempts/s
70001 milliseconds	4386 MB/s	128 short_reads/s	0 short_writes_echo/s	25 cpu_user_milliseconds	967 cpu_system_milliseconds	0 minor_page_faults/s	0 major_page_faults/s	364 yields/s	20 preempts/s
71001 milliseconds	4308 MB/s	243 short_reads/s	0 short_writes_echo/s	34 cpu_user_milliseconds	960 cpu_system_milliseconds	0 minor_page_faults/s	0 major_page_faults/s	722 yields/s	1 preempts/s
72002 milliseconds	4344 MB/s	58 short_reads/s	0 short_writes_echo/s	27 cpu_user_milliseconds	969 cpu_system_milliseconds	0 minor_page_faults/s	0 major_page_faults/s	146 yields/s	4 preempts/s
73002 milliseconds	4220 MB/s	401 short_reads/s	0 short_writes_echo/s	36 cpu_user_milliseconds	946 cpu_system_milliseconds	0 minor_page_faults/s	0 major_page_faults/s	1554 yields/s	5 preempts/s
74002 milliseconds	4327 MB/s	102 short_reads/s	0 short_writes_echo/s	31 cpu_user_milliseconds	962 cpu_system_milliseconds	0 minor_page_faults/s	0 major_page_faults/s	283 yields/s	29 preempts/s
75002 milliseconds	4301 MB/s	84 short_reads/s	0 short_writes_echo/s	31 cpu_user_milliseconds	964 cpu_system_milliseconds	0 minor_page_faults/s	0 major_page_faults/s	212 yields/s	1 preempts/s
76002 milliseconds	4323 MB/s	67 short_reads/s	0 short_writes_echo/s	28 cpu_user_milliseconds	966 cpu_system_milliseconds	0 minor_page_faults/s	0 major_page_faults/s	215 yields/s	3 preempts/s
77002 milliseconds	4369 MB/s	142 short_reads/s	0 short_writes_echo/s	28 cpu_user_milliseconds	966 cpu_system_milliseconds	0 minor_page_faults/s	0 major_page_faults/s	441 yields/s	3 preempts/s
78002 milliseconds	4243 MB/s	569 short_reads/s	0 short_writes_echo/s	30 cpu_user_milliseconds	954 cpu_system_milliseconds	0 minor_page_faults/s	0 major_page_faults/s	2036 yields/s	0 preempts/s
79002 milliseconds	4350 MB/s	171 short_reads/s	0 short_writes_echo/s	27 cpu_user_milliseconds	967 cpu_system_milliseconds	0 minor_page_faults/s	0 major_page_faults/s	557 yields/s	2 preempts/s
80002 milliseconds	4290 MB/s	88 short_reads/s	0 short_writes_echo/s	27 cpu_user_milliseconds	967 cpu_system_milliseconds	0 minor_page_faults/s	0 major_page_faults/s	244 yields/s	7 preempts/s
81002 milliseconds	4298 MB/s	84 short_reads/s	0 short_writes_echo/s	37 cpu_user_milliseconds	957 cpu_system_milliseconds	0 minor_page_faults/s	0 major_page_faults/s	229 yields/s	3 preempts/s
82002 milliseconds	4367 MB/s	84 short_reads/s	0 short_writes_echo/s	24 cpu_user_milliseconds	970 cpu_system_milliseconds	0 minor_page_faults/s	0 major_page_faults/s	241 yields/s	6 preempts/s
83002 milliseconds	4214 MB/s	536 short_reads/s	0 short_writes_echo/s	24 cpu_user_milliseconds	956 cpu_system_milliseconds	0 minor_page_faults/s	0 major_page_faults/s	2216 yields/s	1 preempts/s
84002 milliseconds	4295 MB/s	253 short_reads/s	0 short_writes_echo/s	28 cpu_user_milliseconds	964 cpu_system_milliseconds	0 minor_page_faults/s	0 major_page_faults/s	822 yields/s	3 preempts/s
85002 milliseconds	4305 MB/s	103 short_reads/s	0 short_writes_echo/s	39 cpu_user_milliseconds	957 cpu_system_milliseconds	0 minor_page_faults/s	0 major_page_faults/s	225 yields/s	9 preempts/s
86002 milliseconds	4320 MB/s	84 short_reads/s	0 short_writes_echo/s	25 cpu_user_milliseconds	970 cpu_system_milliseconds	0 minor_page_faults/s	0 major_page_faults/s	219 yields/s	7 preempts/s
87002 milliseconds	4385 MB/s	103 short_reads/s	0 short_writes_echo/s	25 cpu_user_milliseconds	971 cpu_system_milliseconds	0 minor_page_faults/s	0 major_page_faults/s	304 yields/s	6 preempts/s
88002 milliseconds	4228 MB/s	736 short_reads/s	0 short_writes_echo/s	29 cpu_user_milliseconds	946 cpu_system_milliseconds	0 minor_page_faults/s	0 major_page_faults/s	3092 yields/s	0 preempts/s
89002 milliseconds	3948 MB/s	339 short_reads/s	0 short_writes_echo/s	41 cpu_user_milliseconds	891 cpu_system_milliseconds	0 minor_page_faults/s	0 major_page_faults/s	1652 yields/s	121 preempts/s
90002 milliseconds	4328 MB/s	74 short_reads/s	0 short_writes_echo/s	25 cpu_user_milliseconds	970 cpu_system_milliseconds	0 minor_page_faults/s	0 major_page_faults/s	179 yields/s	22 preempts/s
91002 milliseconds	4358 MB/s	112 short_reads/s	0 short_writes_echo/s	36 cpu_user_milliseconds	958 cpu_system_milliseconds	0 minor_page_faults/s	0 major_page_faults/s	290 yields/s	26 preempts/s
92002 milliseconds	4344 MB/s	69 short_reads/s	0 short_writes_echo/s	26 cpu_user_milliseconds	968 cpu_system_milliseconds	0 minor_page_faults/s	0 major_page_faults/s	173 yields/s	39 preempts/s
93002 milliseconds	3944 MB/s	638 short_reads/s	0 short_writes_echo/s	33 cpu_user_milliseconds	938 cpu_system_milliseconds	0 minor_page_faults/s	0 major_page_faults/s	2063 yields/s	40 preempts/s
94002 milliseconds	4188 MB/s	169 short_reads/s	0 short_writes_echo/s	39 cpu_user_milliseconds	955 cpu_system_milliseconds	0 minor_page_faults/s	0 major_page_faults/s	549 yields/s	11 preempts/s
95002 milliseconds	4283 MB/s	156 short_reads/s	0 short_writes_echo/s	32 cpu_user_milliseconds	955 cpu_system_milliseconds	0 minor_page_faults/s	0 major_page_faults/s	533 yields/s	19 preempts/s
96002 milliseconds	4339 MB/s	96 short_reads/s	0 short_writes_echo/s	25 cpu_user_milliseconds	971 cpu_system_milliseconds	0 minor_page_faults/s	0 major_page_faults/s	267 yields/s	2 preempts/s
97002 milliseconds	4361 MB/s	90 short_reads/s	0 short_writes_echo/s	35 cpu_user_milliseconds	961 cpu_system_milliseconds	0 minor_page_faults/s	0 major_page_faults/s	245 yields/s	14 preempts/s
98002 milliseconds	4151 MB/s	456 short_reads/s	0 short_writes_echo/s	34 cpu_user_milliseconds	949 cpu_system_milliseconds	0 minor_page_faults/s	0 major_page_faults/s	1748 yields/s	0 preempts/s
99002 milliseconds	4352 MB/s	94 short_reads/s	0 short_writes_echo/s	28 cpu_user_milliseconds	967 cpu_system_milliseconds	0 minor_page_faults/s	0 major_page_faults/s	270 yields/s	4 preempts/s
100002 milliseconds	4279 MB/s	95 short_reads/s	0 short_writes_echo/s	39 cpu_user_milliseconds	955 cpu_system_milliseconds	0 minor_page_faults/s	0 major_page_faults/s	257 yields/s	26 preempts/s
101002 milliseconds	4256 MB/s	159 short_reads/s	0 short_writes_echo/s	36 cpu_user_milliseconds	954 cpu_system_milliseconds	0 minor_page_faults/s	0 major_page_faults/s	437 yields/s	9 preempts/s
102002 milliseconds	4342 MB/s	128 short_reads/s	0 short_writes_echo/s	37 cpu_user_milliseconds	959 cpu_system_milliseconds	0 minor_page_faults/s	0 major_page_faults/s	308 yields/s	5 preempts/s
103002 milliseconds	4185 MB/s	395 short_reads/s	0 short_writes_echo/s	23 cpu_user_milliseconds	964 cpu_system_milliseconds	0 minor_page_faults/s	0 major_page_faults/s	1422 yields/s	6 preempts/s
104002 milliseconds	4276 MB/s	129 short_reads/s	0 short_writes_echo/s	35 cpu_user_milliseconds	959 cpu_system_milliseconds	0 minor_page_faults/s	0 major_page_faults/s	415 yields/s	23 preempts/s
105002 milliseconds	4328 MB/s	146 short_reads/s	0 short_writes_echo/s	35 cpu_user_milliseconds	959 cpu_system_milliseconds	0 minor_page_faults/s	0 major_page_faults/s	458 yields/s	0 preempts/s
106002 milliseconds	4406 MB/s	71 short_reads/s	0 short_writes_echo/s	37 cpu_user_milliseconds	960 cpu_system_milliseconds	0 minor_page_faults/s	0 major_page_faults/s	205 yields/s	0 preempts/s
107003 milliseconds	4322 MB/s	105 short_reads/s	0 short_writes_echo/s	25 cpu_user_milliseconds	968 cpu_system_milliseconds	0 minor_page_faults/s	0 major_page_faults/s	240 yields/s	2 preempts/s
108003 milliseconds	4147 MB/s	346 short_reads/s	0 short_writes_echo/s	31 cpu_user_milliseconds	955 cpu_system_milliseconds	0 minor_page_faults/s	0 major_page_faults/s	1253 yields/s	26 preempts/s
109003 milliseconds	4190 MB/s	197 short_reads/s	0 short_writes_echo/s	40 cpu_user_milliseconds	951 cpu_system_milliseconds	0 minor_page_faults/s	0 major_page_faults/s	291 yields/s	54 preempts/s
110003 milliseconds	4404 MB/s	98 short_reads/s	0 short_writes_echo/s	37 cpu_user_milliseconds	958 cpu_system_milliseconds	0 minor_page_faults/s	0 major_page_faults/s	341 yields/s	2 preempts/s
111003 milliseconds	4401 MB/s	99 short_reads/s	0 short_writes_echo/s	38 cpu_user_milliseconds	955 cpu_system_milliseconds	0 minor_page_faults/s	0 major_page_faults/s	272 yields/s	4 preempts/s
112003 milliseconds	4314 MB/s	69 short_reads/s	0 short_writes_echo/s	35 cpu_user_milliseconds	958 cpu_system_milliseconds	0 minor_page_faults/s	0 major_page_faults/s	208 yields/s	37 preempts/s
113003 milliseconds	4129 MB/s	440 short_reads/s	0 short_writes_echo/s	29 cpu_user_milliseconds	953 cpu_system_milliseconds	0 minor_page_faults/s	0 major_page_faults/s	1707 yields/s	19 preempts/s
114003 milliseconds	4225 MB/s	208 short_reads/s	0 short_writes_echo/s	32 cpu_user_milliseconds	958 cpu_system_milliseconds	0 minor_page_faults/s	0 major_page_faults/s	731 yields/s	24 preempts/s
115003 milliseconds	4384 MB/s	96 short_reads/s	0 short_writes_echo/s	28 cpu_user_milliseconds	969 cpu_system_milliseconds	0 minor_page_faults/s	0 major_page_faults/s	238 yields/s	1 preempts/s
116003 milliseconds	4322 MB/s	122 short_reads/s	0 short_writes_echo/s	35 cpu_user_milliseconds	958 cpu_system_milliseconds	0 minor_page_faults/s	0 major_page_faults/s	364 yields/s	6 preempts/s
117003 milliseconds	4318 MB/s	96 short_reads/s	0 short_writes_echo/s	43 cpu_user_milliseconds	952 cpu_system_milliseconds	0 minor_page_faults/s	0 major_page_faults/s	275 yields/s	18 preempts/s
118003 milliseconds	4183 MB/s	333 short_reads/s	0 short_writes_echo/s	27 cpu_user_milliseconds	959 cpu_system_milliseconds	0 minor_page_faults/s	0 major_page_faults/s	1211 yields/s	29 preempts/s
119003 milliseconds	4295 MB/s	164 short_reads/s	0 short_writes_echo/s	30 cpu_user_milliseconds	966 cpu_system_milliseconds	0 minor_page_faults/s	0 major_page_faults/s	301 yields/s	4 preempts/s
120003 milliseconds	4315 MB/s	69 short_reads/s	0 short_writes_echo/s	22 cpu_user_milliseconds	973 cpu_system_milliseconds	0 minor_page_faults/s	0 major_page_faults/s	195 yields/s	18 preempts/s
121003 milliseconds	4254 MB/s	96 short_reads/s	0 short_writes_echo/s	40 cpu_user_milliseconds	952 cpu_system_milliseconds	0 minor_page_faults/s	0 major_page_faults/s	263 yields/s	3 preempts/s
122003 milliseconds	4368 MB/s	107 short_reads/s	0 short_writes_echo/s	35 cpu_user_milliseconds	961 cpu_system_milliseconds	0 minor_page_faults/s	0 major_page_faults/s	254 yields/s	6 preempts/s
123003 milliseconds	4239 MB/s	303 short_reads/s	0 short_writes_echo/s	23 cpu_user_milliseconds	967 cpu_system_milliseconds	0 minor_page_faults/s	0 major_page_faults/s	778 yields/s	15 preempts/s
124003 milliseconds	4305 MB/s	158 short_reads/s	0 short_writes_echo/s	41 cpu_user_milliseconds	949 cpu_system_milliseconds	0 minor_page_faults/s	0 major_page_faults/s	556 yields/s	11 preempts/s
125003 milliseconds	4317 MB/s	207 short_reads/s	0 short_writes_echo/s	27 cpu_user_milliseconds	960 cpu_system_milliseconds	0 minor_page_faults/s	0 major_page_faults/s	700 yields/s	7 preempts/s
126003 milliseconds	4398 MB/s	93 short_reads/s	0 short_writes_echo/s	44 cpu_user_milliseconds	953 cpu_system_milliseconds	0 minor_page_faults/s	0 major_page_faults/s	266 yields/s	1 preempts/s
127003 milliseconds	4378 MB/s	131 short_reads/s	0 short_writes_echo/s	23 cpu_user_milliseconds	971 cpu_system_milliseconds	0 minor_page_faults/s	0 major_page_faults/s	275 yields/s	3 preempts/s
128003 milliseconds	4182 MB/s	502 short_reads/s	0 short_writes_echo/s	30 cpu_user_milliseconds	953 cpu_system_milliseconds	0 minor_page_faults/s	0 major_page_faults/s	1934 yields/s	7 preempts/s
129003 milliseconds	3960 MB/s	321 short_reads/s	0 short_writes_echo/s	27 cpu_user_milliseconds	912 cpu_system_milliseconds	0 minor_page_faults/s	0 major_page_faults/s	1466 yields/s	52 preempts/s
130003 milliseconds	4278 MB/s	94 short_reads/s	0 short_writes_echo/s	25 cpu_user_milliseconds	971 cpu_system_milliseconds	0 minor_page_faults/s	0 major_page_faults/s	232 yields/s	5 preempts/s
131003 milliseconds	4313 MB/s	273 short_reads/s	0 short_writes_echo/s	27 cpu_user_milliseconds	965 cpu_system_milliseconds	0 minor_page_faults/s	0 major_page_faults/s	760 yields/s	10 preempts/s
132003 milliseconds	4330 MB/s	388 short_reads/s	0 short_writes_echo/s	31 cpu_user_milliseconds	965 cpu_system_milliseconds	0 minor_page_faults/s	0 major_page_faults/s	158 yields/s	7 preempts/s
133003 milliseconds	4145 MB/s	176 short_reads/s	0 short_writes_echo/s	40 cpu_user_milliseconds	949 cpu_system_milliseconds	0 minor_page_faults/s	0 major_page_faults/s	581 yields/s	55 preempts/s
134003 milliseconds	3912 MB/s	335 short_reads/s	0 short_writes_echo/s	33 cpu_user_milliseconds	953 cpu_system_milliseconds	0 minor_page_faults/s	0 major_page_faults/s	1002 yields/s	33 preempts/s
135003 milliseconds	4382 MB/s	79 short_reads/s	0 short_writes_echo/s	39 cpu_user_milliseconds	958 cpu_system_milliseconds	0 minor_page_faults/s	0 major_page_faults/s	230 yields/s	2 preempts/s
136003 milliseconds	4293 MB/s	73 short_reads/s	0 short_writes_echo/s	37 cpu_user_milliseconds	958 cpu_system_milliseconds	0 minor_page_faults/s	0 major_page_faults/s	191 yields/s	3 preempts/s
137003 milliseconds	4365 MB/s	121 short_reads/s	0 short_writes_echo/s	29 cpu_user_milliseconds	964 cpu_system_milliseconds	0 minor_page_faults/s	0 major_page_faults/s	346 yields/s	4 preempts/s
138003 milliseconds	4106 MB/s	362 short_reads/s	0 short_writes_echo/s	35 cpu_user_milliseconds	954 cpu_system_milliseconds	0 minor_page_faults/s	0 major_page_faults/s	1252 yields/s	6 preempts/s
139003 milliseconds	4107 MB/s	406 short_reads/s	0 short_writes_echo/s	30 cpu_user_milliseconds	955 cpu_system_milliseconds	0 minor_page_faults/s	0 major_page_faults/s	1154 yields/s	17 preempts/s
140003 milliseconds	4129 MB/s	44 short_reads/s	0 short_writes_echo/s	31 cpu_user_milliseconds	965 cpu_system_milliseconds	0 minor_page_faults/s	0 major_page_faults/s	107 yields/s	9 preempts/s
141003 milliseconds	4326 MB/s	129 short_reads/s	0 short_writes_echo/s	27 cpu_user_milliseconds	969 cpu_system_milliseconds	0 minor_page_faults/s	0 major_page_faults/s	329 yields/s	14 preempts/s
142003 milliseconds	4272 MB/s	90 short_reads/s	0 short_writes_echo/s	26 cpu_user_milliseconds	967 cpu_system_milliseconds	0 minor_page_faults/s	0 major_page_faults/s	243 yields/s	33 preempts/s
143004 milliseconds	4208 MB/s	227 short_reads/s	0 short_writes_echo/s	31 cpu_user_milliseconds	959 cpu_system_milliseconds	0 minor_page_faults/s	0 major_page_faults/s	684 yields/s	35 preempts/s
144004 milliseconds	4247 MB/s	138 short_reads/s	0 short_writes_echo/s	42 cpu_user_milliseconds	950 cpu_system_milliseconds	0 minor_page_faults/s	0 major_page_faults/s	386 yields/s	15 preempts/s
145004 milliseconds	4265 MB/s	127 short_reads/s	0 short_writes_echo/s	33 cpu_user_milliseconds	959 cpu_system_milliseconds	0 minor_page_faults/s	0 major_page_faults/s	322 yields/s	0 preempts/s
146004 milliseconds	4345 MB/s	89 short_reads/s	0 short_writes_echo/s	31 cpu_user_milliseconds	962 cpu_system_milliseconds	0 minor_page_faults/s	0 major_page_faults/s	235 yields/s	3 preempts/s
147004 milliseconds	4326 MB/s	58 short_reads/s	0 short_writes_echo/s	30 cpu_user_milliseconds	967 cpu_system_milliseconds	0 minor_page_faults/s	0 major_page_faults/s	165 yields/s	3 preempts/s
148004 milliseconds	4155 MB/s	335 short_reads/s	0 short_writes_echo/s	40 cpu_user_milliseconds	947 cpu_system_milliseconds	0 minor_page_faults/s	0 major_page_faults/s	1213 yields/s	7 preempts/s
149004 milliseconds	4223 MB/s	198 short_reads/s	0 short_writes_echo/s	38 cpu_user_milliseconds	951 cpu_system_milliseconds	0 minor_page_faults/s	0 major_page_faults/s	690 yields/s	2 preempts/s
150004 milliseconds	4330 MB/s	90 short_reads/s	0 short_writes_echo/s	32 cpu_user_milliseconds	964 cpu_system_milliseconds	0 minor_page_faults/s	0 major_page_faults/s	244 yields/s	2 preempts/s
151004 milliseconds	4383 MB/s	100 short_reads/s	0 short_writes_echo/s	33 cpu_user_milliseconds	963 cpu_system_milliseconds	0 minor_page_faults/s	0 major_page_faults/s	245 yields/s	4 preempts/s
152004 milliseconds	4247 MB/s	72 short_reads/s	0 short_writes_echo/s	31 cpu_user_milliseconds	965 cpu_system_milliseconds	0 minor_page_faults/s	0 major_page_faults/s	167 yields/s	3 preempts/s
153004 milliseconds	4135 MB/s	600 short_reads/s	0 short_writes_echo/s	26 cpu_user_milliseconds	956 cpu_system_milliseconds	0 minor_page_faults/s	0 major_page_faults/s	2102 yields/s	8 preempts/s
154004 milliseconds	3735 MB/s	626 short_reads/s	0 short_writes_echo/s	35 cpu_user_milliseconds	896 cpu_system_milliseconds	0 minor_page_faults/s	0 major_page_faults/s	1880 yields/s	67 preempts/s
155004 milliseconds	4386 MB/s	76 short_reads/s	0 short_writes_echo/s	33 cpu_user_milliseconds	963 cpu_system_milliseconds	0 minor_page_faults/s	0 major_page_faults/s	211 yields/s	4 preempts/s
156004 milliseconds	4381 MB/s	76 short_reads/s	0 short_writes_echo/s	33 cpu_user_milliseconds	961 cpu_system_milliseconds	0 minor_page_faults/s	0 major_page_faults/s	219 yields/s	5 preempts/s
157004 milliseconds	4359 MB/s	74 short_reads/s	0 short_writes_echo/s	29 cpu_user_milliseconds	968 cpu_system_milliseconds	0 minor_page_faults/s	0 major_page_faults/s	169 yields/s	0 preempts/s
158004 milliseconds	4229 MB/s	401 short_reads/s	0 short_writes_echo/s	29 cpu_user_milliseconds	956 cpu_system_milliseconds	0 minor_page_faults/s	0 major_page_faults/s	1478 yields/s	2 preempts/s
159004 milliseconds	4259 MB/s	192 short_reads/s	0 short_writes_echo/s	34 cpu_user_milliseconds	958 cpu_system_milliseconds	0 minor_page_faults/s	0 major_page_faults/s	603 yields/s	16 preempts/s
160004 milliseconds	4353 MB/s	100 short_reads/s	0 short_writes_echo/s	33 cpu_user_milliseconds	962 cpu_system_milliseconds	0 minor_page_faults/s	0 major_page_faults/s	282 yields/s	2 preempts/s
161004 milliseconds	4362 MB/s	184 short_reads/s	0 short_writes_echo/s	32 cpu_user_milliseconds	961 cpu_system_milliseconds	0 minor_page_faults/s	0 major_page_faults/s	506 yields/s	2 preempts/s
162004 milliseconds	4329 MB/s	113 short_reads/s	0 short_writes_echo/s	28 cpu_user_milliseconds	964 cpu_system_milliseconds	0 minor_page_faults/s	0 major_page_faults/s	345 yields/s	2 preempts/s
163004 milliseconds	4134 MB/s	340 short_reads/s	0 short_writes_echo/s	20 cpu_user_milliseconds	965 cpu_system_milliseconds	0 minor_page_faults/s	0 major_page_faults/s	1427 yields/s	26 preempts/s
164004 milliseconds	4282 MB/s	212 short_reads/s	0 short_writes_echo/s	36 cpu_user_milliseconds	953 cpu_system_milliseconds	0 minor_page_faults/s	0 major_page_faults/s	743 yields/s	11 preempts/s
165004 milliseconds	4270 MB/s	88 short_reads/s	0 short_writes_echo/s	23 cpu_user_milliseconds	972 cpu_system_milliseconds	0 minor_page_faults/s	0 major_page_faults/s	240 yields/s	2 preempts/s
166004 milliseconds	4019 MB/s	278 short_reads/s	0 short_writes_echo/s	24 cpu_user_milliseconds	963 cpu_system_milliseconds	0 minor_page_faults/s	0 major_page_faults/s	734 yields/s	23 preempts/s
167004 milliseconds	4344 MB/s	85 short_reads/s	0 short_writes_echo/s	23 cpu_user_milliseconds	970 cpu_system_milliseconds	0 minor_page_faults/s	0 major_page_faults/s	269 yields/s	9 preempts/s
168004 milliseconds	4201 MB/s	485 short_reads/s	0 short_writes_echo/s	17 cpu_user_milliseconds	967 cpu_system_milliseconds	0 minor_page_faults/s	0 major_page_faults/s	1910 yields/s	4 preempts/s
169004 milliseconds	4222 MB/s	161 short_reads/s	0 short_writes_echo/s	38 cpu_user_milliseconds	954 cpu_system_milliseconds	0 minor_page_faults/s	0 major_page_faults/s	465 yields/s	9 preempts/s
170004 milliseconds	4277 MB/s	95 short_reads/s	0 short_writes_echo/s	28 cpu_user_milliseconds	966 cpu_system_milliseconds	0 minor_page_faults/s	0 major_page_faults/s	240 yields/s	33 preempts/s
171004 milliseconds	4282 MB/s	73 short_reads/s	0 short_writes_echo/s	36 cpu_user_milliseconds	961 cpu_system_milliseconds	0 minor_page_faults/s	0 major_page_faults/s	206 yields/s	4 preempts/s
172004 milliseconds	4344 MB/s	104 short_reads/s	0 short_writes_echo/s	32 cpu_user_milliseconds	962 cpu_system_milliseconds	0 minor_page_faults/s	0 major_page_faults/s	267 yields/s	2 preempts/s
173004 milliseconds	4253 MB/s	414 short_reads/s	0 short_writes_echo/s	33 cpu_user_milliseconds	952 cpu_system_milliseconds	0 minor_page_faults/s	0 major_page_faults/s	1594 yields/s	4 preempts/s
174004 milliseconds	4085 MB/s	437 short_reads/s	0 short_writes_echo/s	35 cpu_user_milliseconds	951 cpu_system_milliseconds	0 minor_page_faults/s	0 major_page_faults/s	1211 yields/s	15 preempts/s
175004 milliseconds	4338 MB/s	136 short_reads/s	0 short_writes_echo/s	36 cpu_user_milliseconds	959 cpu_system_milliseconds	0 minor_page_faults/s	0 major_page_faults/s	384 yields/s	3 preempts/s
176004 milliseconds	4302 MB/s	65 short_reads/s	0 short_writes_echo/s	28 cpu_user_milliseconds	969 cpu_system_milliseconds	0 minor_page_faults/s	0 major_page_faults/s	161 yields/s	12 preempts/s
177004 milliseconds	4384 MB/s	60 short_reads/s	0 short_writes_echo/s	35 cpu_user_milliseconds	963 cpu_system_milliseconds	0 minor_page_faults/s	0 major_page_faults/s	179 yields/s	4 preempts/s
178004 milliseconds	4210 MB/s	437 short_reads/s	0 short_writes_echo/s	30 cpu_user_milliseconds	952 cpu_system_milliseconds	0 minor_page_faults/s	0 major_page_faults/s	1722 yields/s	11 preempts/s
179004 milliseconds	4315 MB/s	240 short_reads/s	0 short_writes_echo/s	38 cpu_user_milliseconds	953 cpu_system_milliseconds	0 minor_page_faults/s	0 major_page_faults/s	848 yields/s	15 preempts/s
180004 milliseconds	4334 MB/s	118 short_reads/s	0 short_writes_echo/s	41 cpu_user_milliseconds	954 cpu_system_milliseconds	0 minor_page_faults/s	0 major_page_faults/s	362 yields/s	3 preempts/s
181005 milliseconds	4328 MB/s	77 short_reads/s	0 short_writes_echo/s	34 cpu_user_milliseconds	960 cpu_system_milliseconds	0 minor_page_faults/s	0 major_page_faults/s	212 yields/s	26 preempts/s
182005 milliseconds	4305 MB/s	102 short_reads/s	0 short_writes_echo/s	32 cpu_user_milliseconds	961 cpu_system_milliseconds	0 minor_page_faults/s	0 major_page_faults/s	298 yields/s	3 preempts/s
183005 milliseconds	4167 MB/s	413 short_reads/s	0 short_writes_echo/s	20 cpu_user_milliseconds	965 cpu_system_milliseconds	0 minor_page_faults/s	0 major_page_faults/s	1615 yields/s	10 preempts/s
184005 milliseconds	4288 MB/s	139 short_reads/s	0 short_writes_echo/s	29 cpu_user_milliseconds	963 cpu_system_milliseconds	0 minor_page_faults/s	0 major_page_faults/s	393 yields/s	50 preempts/s
185005 milliseconds	4329 MB/s	90 short_reads/s	0 short_writes_echo/s	26 cpu_user_milliseconds	968 cpu_system_milliseconds	0 minor_page_faults/s	0 major_page_faults/s	250 yields/s	19 preempts/s
186005 milliseconds	3783 MB/s	338 short_reads/s	0 short_writes_echo/s	43 cpu_user_milliseconds	867 cpu_system_milliseconds	0 minor_page_faults/s	0 major_page_faults/s	1391 yields/s	65 preempts/s
187005 milliseconds	4275 MB/s	108 short_reads/s	0 short_writes_echo/s	30 cpu_user_milliseconds	963 cpu_system_milliseconds	0 minor_page_faults/s	0 major_page_faults/s	270 yields/s	30 preempts/s
188005 milliseconds	4147 MB/s	313 short_reads/s	0 short_writes_echo/s	35 cpu_user_milliseconds	953 cpu_system_milliseconds	0 minor_page_faults/s	0 major_page_faults/s	1222 yields/s	4 preempts/s
189005 milliseconds	4323 MB/s	170 short_reads/s	0 short_writes_echo/s	26 cpu_user_milliseconds	966 cpu_system_milliseconds	0 minor_page_faults/s	0 major_page_faults/s	541 yields/s	3 preempts/s
190005 milliseconds	4340 MB/s	175 short_reads/s	0 short_writes_echo/s	34 cpu_user_milliseconds	957 cpu_system_milliseconds	0 minor_page_faults/s	0 major_page_faults/s	475 yields/s	36 preempts/s
191005 milliseconds	4285 MB/s	263 short_reads/s	0 short_writes_echo/s	27 cpu_user_milliseconds	963 cpu_system_milliseconds	0 minor_page_faults/s	0 major_page_faults/s	759 yields/s	1 preempts/s
192005 milliseconds	4355 MB/s	76 short_reads/s	0 short_writes_echo/s	26 cpu_user_milliseconds	969 cpu_system_milliseconds	0 minor_page_faults/s	0 major_page_faults/s	242 yields/s	3 preempts/s
193005 milliseconds	4227 MB/s	341 short_reads/s	0 short_writes_echo/s	32 cpu_user_milliseconds	957 cpu_system_milliseconds	0 minor_page_faults/s	0 major_page_faults/s	1231 yields/s	1 preempts/s
194005 milliseconds	4280 MB/s	123 short_reads/s	0 short_writes_echo/s	25 cpu_user_milliseconds	969 cpu_system_milliseconds	0 minor_page_faults/s	0 major_page_faults/s	384 yields/s	3 preempts/s
195005 milliseconds	4337 MB/s	124 short_reads/s	0 short_writes_echo/s	33 cpu_user_milliseconds	962 cpu_system_milliseconds	0 minor_page_faults/s	0 major_page_faults/s	322 yields/s	2 preempts/s
196005 milliseconds	4373 MB/s	158 short_reads/s	0 short_writes_echo/s	31 cpu_user_milliseconds	964 cpu_system_milliseconds	0 minor_page_faults/s	0 major_page_faults/s	445 yields/s	6 preempts/s
197005 milliseconds	4376 MB/s	125 short_reads/s	0 short_writes_echo/s	30 cpu_user_milliseconds	966 cpu_system_milliseconds	0 minor_page_faults/s	0 major_page_faults/s	312 yields/s	4 preempts/s
198005 milliseconds	4235 MB/s	347 short_reads/s	0 short_writes_echo/s	38 cpu_user_milliseconds	948 cpu_system_milliseconds	0 minor_page_faults/s	0 major_page_faults/s	1351 yields/s	5 preempts/s
199005 milliseconds	4253 MB/s	165 short_reads/s	0 short_writes_echo/s	29 cpu_user_milliseconds	962 cpu_system_milliseconds	0 minor_page_faults/s	0 major_page_faults/s	514 yields/s	10 preempts/s
200005 milliseconds	4189 MB/s	98 short_reads/s	0 short_writes_echo/s	27 cpu_user_milliseconds	967 cpu_system_milliseconds	0 minor_page_faults/s	0 major_page_faults/s	265 yields/s	4 preempts/s
201005 milliseconds	4385 MB/s	97 short_reads/s	0 short_writes_echo/s	31 cpu_user_milliseconds	965 cpu_system_milliseconds	0 minor_page_faults/s	0 major_page_faults/s	323 yields/s	5 preempts/s
202005 milliseconds	4248 MB/s	259 short_reads/s	0 short_writes_echo/s	32 cpu_user_milliseconds	957 cpu_system_milliseconds	0 minor_page_faults/s	0 major_page_faults/s	773 yields/s	2 preempts/s
203005 milliseconds	4137 MB/s	273 short_reads/s	0 short_writes_echo/s	30 cpu_user_milliseconds	959 cpu_system_milliseconds	0 minor_page_faults/s	0 major_page_faults/s	858 yields/s	29 preempts/s
204005 milliseconds	4206 MB/s	73 short_reads/s	0 short_writes_echo/s	20 cpu_user_milliseconds	974 cpu_system_milliseconds	0 minor_page_faults/s	0 major_page_faults/s	178 yields/s	35 preempts/s
205005 milliseconds	4360 MB/s	132 short_reads/s	0 short_writes_echo/s	39 cpu_user_milliseconds	952 cpu_system_milliseconds	0 minor_page_faults/s	0 major_page_faults/s	329 yields/s	1 preempts/s
206005 milliseconds	4308 MB/s	67 short_reads/s	0 short_writes_echo/s	40 cpu_user_milliseconds	954 cpu_system_milliseconds	0 minor_page_faults/s	0 major_page_faults/s	182 yields/s	45 preempts/s
207005 milliseconds	4378 MB/s	84 short_reads/s	0 short_writes_echo/s	33 cpu_user_milliseconds	962 cpu_system_milliseconds	0 minor_page_faults/s	0 major_page_faults/s	221 yields/s	30 preempts/s
208005 milliseconds	4233 MB/s	475 short_reads/s	0 short_writes_echo/s	19 cpu_user_milliseconds	967 cpu_system_milliseconds	0 minor_page_faults/s	0 major_page_faults/s	1732 yields/s	6 preempts/s
209005 milliseconds	4273 MB/s	182 short_reads/s	0 short_writes_echo/s	35 cpu_user_milliseconds	956 cpu_system_milliseconds	0 minor_page_faults/s	0 major_page_faults/s	601 yields/s	11 preempts/s
210005 milliseconds	4390 MB/s	143 short_reads/s	0 short_writes_echo/s	21 cpu_user_milliseconds	973 cpu_system_milliseconds	0 minor_page_faults/s	0 major_page_faults/s	462 yields/s	4 preempts/s
211005 milliseconds	4325 MB/s	69 short_reads/s	0 short_writes_echo/s	36 cpu_user_milliseconds	960 cpu_system_milliseconds	0 minor_page_faults/s	0 major_page_faults/s	141 yields/s	8 preempts/s
212005 milliseconds	4324 MB/s	83 short_reads/s	0 short_writes_echo/s	42 cpu_user_milliseconds	953 cpu_system_milliseconds	0 minor_page_faults/s	0 major_page_faults/s	219 yields/s	0 preempts/s
213005 milliseconds	4235 MB/s	276 short_reads/s	0 short_writes_echo/s	29 cpu_user_milliseconds	962 cpu_system_milliseconds	0 minor_page_faults/s	0 major_page_faults/s	912 yields/s	2 preempts/s
214005 milliseconds	4186 MB/s	148 short_reads/s	0 short_writes_echo/s	37 cpu_user_milliseconds	956 cpu_system_milliseconds	0 minor_page_faults/s	0 major_page_faults/s	398 yields/s	6 preempts/s
215005 milliseconds	4299 MB/s	104 short_reads/s	0 short_writes_echo/s	15 cpu_user_milliseconds	978 cpu_system_milliseconds	0 minor_page_faults/s	0 major_page_faults/s	284 yields/s	6 preempts/s
216005 milliseconds	4375 MB/s	88 short_reads/s	0 short_writes_echo/s	35 cpu_user_milliseconds	962 cpu_system_milliseconds	0 minor_page_faults/s	0 major_page_faults/s	237 yields/s	3 preempts/s
217005 milliseconds	4336 MB/s	70 short_reads/s	0 short_writes_echo/s	36 cpu_user_milliseconds	960 cpu_system_milliseconds	0 minor_page_faults/s	0 major_page_faults/s	181 yields/s	2 preempts/s
218005 milliseconds	4198 MB/s	245 short_reads/s	0 short_writes_echo/s	26 cpu_user_milliseconds	965 cpu_system_milliseconds	0 minor_page_faults/s	0 major_page_faults/s	776 yields/s	4 preempts/s
219005 milliseconds	3719 MB/s	443 short_reads/s	0 short_writes_echo/s	24 cpu_user_milliseconds	903 cpu_system_milliseconds	0 minor_page_faults/s	0 major_page_faults/s	1317 yields/s	26 preempts/s
220005 milliseconds	4348 MB/s	84 short_reads/s	0 short_writes_echo/s	34 cpu_user_milliseconds	962 cpu_system_milliseconds	0 minor_page_faults/s	0 major_page_faults/s	235 yields/s	1 preempts/s
221005 milliseconds	4366 MB/s	95 short_reads/s	0 short_writes_echo/s	35 cpu_user_milliseconds	961 cpu_system_milliseconds	0 minor_page_faults/s	0 major_page_faults/s	243 yields/s	12 preempts/s
222005 milliseconds	4294 MB/s	60 short_reads/s	0 short_writes_echo/s	41 cpu_user_milliseconds	954 cpu_system_milliseconds	0 minor_page_faults/s	0 major_page_faults/s	185 yields/s	9 preempts/s
223006 milliseconds	4173 MB/s	234 short_reads/s	0 short_writes_echo/s	33 cpu_user_milliseconds	959 cpu_system_milliseconds	0 minor_page_faults/s	0 major_page_faults/s	711 yields/s	4 preempts/s
224006 milliseconds	4181 MB/s	106 short_reads/s	0 short_writes_echo/s	33 cpu_user_milliseconds	963 cpu_system_milliseconds	0 minor_page_faults/s	0 major_page_faults/s	264 yields/s	0 preempts/s
225006 milliseconds	4302 MB/s	103 short_reads/s	0 short_writes_echo/s	30 cpu_user_milliseconds	964 cpu_system_milliseconds	0 minor_page_faults/s	0 major_page_faults/s	277 yields/s	0 preempts/s
226006 milliseconds	4338 MB/s	105 short_reads/s	0 short_writes_echo/s	43 cpu_user_milliseconds	950 cpu_system_milliseconds	0 minor_page_faults/s	0 major_page_faults/s	292 yields/s	17 preempts/s
227006 milliseconds	4349 MB/s	68 short_reads/s	0 short_writes_echo/s	50 cpu_user_milliseconds	945 cpu_system_milliseconds	0 minor_page_faults/s	0 major_page_faults/s	179 yields/s	6 preempts/s
228006 milliseconds	4185 MB/s	293 short_reads/s	0 short_writes_echo/s	28 cpu_user_milliseconds	958 cpu_system_milliseconds	0 minor_page_faults/s	0 major_page_faults/s	1172 yields/s	32 preempts/s
229006 milliseconds	4247 MB/s	110 short_reads/s	0 short_writes_echo/s	34 cpu_user_milliseconds	957 cpu_system_milliseconds	0 minor_page_faults/s	0 major_page_faults/s	351 yields/s	22 preempts/s
230006 milliseconds	4326 MB/s	102 short_reads/s	0 short_writes_echo/s	38 cpu_user_milliseconds	958 cpu_system_milliseconds	0 minor_page_faults/s	0 major_page_faults/s	285 yields/s	3 preempts/s
231006 milliseconds	4372 MB/s	75 short_reads/s	0 short_writes_echo/s	26 cpu_user_milliseconds	970 cpu_system_milliseconds	0 minor_page_faults/s	0 major_page_faults/s	219 yields/s	4 preempts/s
232006 milliseconds	4317 MB/s	65 short_reads/s	0 short_writes_echo/s	36 cpu_user_milliseconds	960 cpu_system_milliseconds	0 minor_page_faults/s	0 major_page_faults/s	193 yields/s	12 preempts/s
233006 milliseconds	4093 MB/s	644 short_reads/s	0 short_writes_echo/s	36 cpu_user_milliseconds	944 cpu_system_milliseconds	0 minor_page_faults/s	0 major_page_faults/s	2061 yields/s	2 preempts/s
234006 milliseconds	4283 MB/s	145 short_reads/s	0 short_writes_echo/s	23 cpu_user_milliseconds	966 cpu_system_milliseconds	0 minor_page_faults/s	0 major_page_faults/s	436 yields/s	57 preempts/s
235006 milliseconds	4292 MB/s	97 short_reads/s	0 short_writes_echo/s	37 cpu_user_milliseconds	955 cpu_system_milliseconds	0 minor_page_faults/s	0 major_page_faults/s	305 yields/s	5 preempts/s
236006 milliseconds	4374 MB/s	121 short_reads/s	0 short_writes_echo/s	34 cpu_user_milliseconds	960 cpu_system_milliseconds	0 minor_page_faults/s	0 major_page_faults/s	265 yields/s	0 preempts/s
237006 milliseconds	4283 MB/s	116 short_reads/s	0 short_writes_echo/s	33 cpu_user_milliseconds	963 cpu_system_milliseconds	0 minor_page_faults/s	0 major_page_faults/s	318 yields/s	4 preempts/s
238006 milliseconds	4139 MB/s	266 short_reads/s	0 short_writes_echo/s	32 cpu_user_milliseconds	958 cpu_system_milliseconds	0 minor_page_faults/s	0 major_page_faults/s	848 yields/s	22 preempts/s
239006 milliseconds	4213 MB/s	152 short_reads/s	0 short_writes_echo/s	39 cpu_user_milliseconds	953 cpu_system_milliseconds	0 minor_page_faults/s	0 major_page_faults/s	373 yields/s	44 preempts/s
240006 milliseconds	4377 MB/s	118 short_reads/s	0 short_writes_echo/s	29 cpu_user_milliseconds	967 cpu_system_milliseconds	0 minor_page_faults/s	0 major_page_faults/s	332 yields/s	11 preempts/s
