1000 milliseconds	3665 MB/s	5615 short_reads/s	0 short_writes_echo/s	54 cpu_user_milliseconds	929 cpu_system_milliseconds	215 minor_page_faults/s	0 major_page_faults/s	1983 yields/s	31 preempts/s
2000 milliseconds	3667 MB/s	7329 short_reads/s	0 short_writes_echo/s	41 cpu_user_milliseconds	942 cpu_system_milliseconds	2 minor_page_faults/s	0 major_page_faults/s	871 yields/s	70 preempts/s
3000 milliseconds	4156 MB/s	514 short_reads/s	0 short_writes_echo/s	43 cpu_user_milliseconds	955 cpu_system_milliseconds	0 minor_page_faults/s	0 major_page_faults/s	173 yields/s	0 preempts/s
4000 milliseconds	4139 MB/s	889 short_reads/s	0 short_writes_echo/s	33 cpu_user_milliseconds	963 cpu_system_milliseconds	0 minor_page_faults/s	0 major_page_faults/s	206 yields/s	2 preempts/s
5000 milliseconds	4082 MB/s	1233 short_reads/s	0 short_writes_echo/s	42 cpu_user_milliseconds	951 cpu_system_milliseconds	0 minor_page_faults/s	0 major_page_faults/s	490 yields/s	17 preempts/s
6000 milliseconds	4042 MB/s	2575 short_reads/s	0 short_writes_echo/s	55 cpu_user_milliseconds	930 cpu_system_milliseconds	0 minor_page_faults/s	0 major_page_faults/s	1364 yields/s	3 preempts/s
7000 milliseconds	4118 MB/s	577 short_reads/s	0 short_writes_echo/s	44 cpu_user_milliseconds	951 cpu_system_milliseconds	0 minor_page_faults/s	0 major_page_faults/s	182 yields/s	38 preempts/s
8000 milliseconds	4142 MB/s	824 short_reads/s	0 short_writes_echo/s	45 cpu_user_milliseconds	949 cpu_system_milliseconds	0 minor_page_faults/s	0 major_page_faults/s	175 yields/s	4 preempts/s
9000 milliseconds	4160 MB/s	385 short_reads/s	0 short_writes_echo/s	56 cpu_user_milliseconds	940 cpu_system_milliseconds	0 minor_page_faults/s	0 major_page_faults/s	190 yields/s	4 preempts/s
10000 milliseconds	4089 MB/s	2143 short_reads/s	0 short_writes_echo/s	47 cpu_user_milliseconds	942 cpu_system_milliseconds	0 minor_page_faults/s	0 major_page_faults/s	998 yields/s	13 preempts/s
11000 milliseconds	4059 MB/s	2254 short_reads/s	0 short_writes_echo/s	41 cpu_user_milliseconds	946 cpu_system_milliseconds	0 minor_page_faults/s	0 major_page_faults/s	1217 yields/s	3 preempts/s
12000 milliseconds	4117 MB/s	1320 short_reads/s	0 short_writes_echo/s	39 cpu_user_milliseconds	956 cpu_system_milliseconds	0 minor_page_faults/s	0 major_page_faults/s	114 yields/s	25 preempts/s
13000 milliseconds	4167 MB/s	589 short_reads/s	0 short_writes_echo/s	43 cpu_user_milliseconds	951 cpu_system_milliseconds	0 minor_page_faults/s	0 major_page_faults/s	391 yields/s	4 preempts/s
14000 milliseconds	4111 MB/s	1788 short_reads/s	0 short_writes_echo/s	46 cpu_user_milliseconds	952 cpu_system_milliseconds	0 minor_page_faults/s	0 major_page_faults/s	82 yields/s	2 preempts/s
15000 milliseconds	4075 MB/s	1413 short_reads/s	0 short_writes_echo/s	47 cpu_user_milliseconds	940 cpu_system_milliseconds	0 minor_page_faults/s	0 major_page_faults/s	1044 yields/s	5 preempts/s
16000 milliseconds	3970 MB/s	4000 short_reads/s	0 short_writes_echo/s	45 cpu_user_milliseconds	943 cpu_system_milliseconds	0 minor_page_faults/s	0 major_page_faults/s	1087 yields/s	7 preempts/s
17000 milliseconds	4118 MB/s	1040 short_reads/s	0 short_writes_echo/s	49 cpu_user_milliseconds	947 cpu_system_milliseconds	0 minor_page_faults/s	0 major_page_faults/s	145 yields/s	10 preempts/s
18000 milliseconds	4135 MB/s	387 short_reads/s	0 short_writes_echo/s	44 cpu_user_milliseconds	950 cpu_system_milliseconds	0 minor_page_faults/s	0 major_page_faults/s	223 yields/s	0 preempts/s
19000 milliseconds	4181 MB/s	414 short_reads/s	0 short_writes_echo/s	43 cpu_user_milliseconds	952 cpu_system_milliseconds	0 minor_page_faults/s	0 major_page_faults/s	216 yields/s	2 preempts/s
20000 milliseconds	4064 MB/s	1250 short_reads/s	0 short_writes_echo/s	40 cpu_user_milliseconds	952 cpu_system_milliseconds	0 minor_page_faults/s	0 major_page_faults/s	379 yields/s	29 preempts/s
21000 milliseconds	4036 MB/s	3030 short_reads/s	0 short_writes_echo/s	48 cpu_user_milliseconds	932 cpu_system_milliseconds	0 minor_page_faults/s	0 major_page_faults/s	1639 yields/s	8 preempts/s
22000 milliseconds	4173 MB/s	646 short_reads/s	0 short_writes_echo/s	46 cpu_user_milliseconds	951 cpu_system_milliseconds	0 minor_page_faults/s	0 major_page_faults/s	205 yields/s	0 preempts/s
23000 milliseconds	3673 MB/s	3609 short_reads/s	0 short_writes_echo/s	51 cpu_user_milliseconds	871 cpu_system_milliseconds	0 minor_page_faults/s	0 major_page_faults/s	2234 yields/s	127 preempts/s
24000 milliseconds	4097 MB/s	1106 short_reads/s	0 short_writes_echo/s	54 cpu_user_milliseconds	941 cpu_system_milliseconds	0 minor_page_faults/s	0 major_page_faults/s	125 yields/s	29 preempts/s
25000 milliseconds	4020 MB/s	1909 short_reads/s	0 short_writes_echo/s	46 cpu_user_milliseconds	944 cpu_system_milliseconds	0 minor_page_faults/s	0 major_page_faults/s	657 yields/s	29 preempts/s
26000 milliseconds	4024 MB/s	3158 short_reads/s	0 short_writes_echo/s	51 cpu_user_milliseconds	930 cpu_system_milliseconds	0 minor_page_faults/s	0 major_page_faults/s	1652 yields/s	4 preempts/s
27000 milliseconds	4170 MB/s	343 short_reads/s	0 short_writes_echo/s	35 cpu_user_milliseconds	960 cpu_system_milliseconds	0 minor_page_faults/s	0 major_page_faults/s	192 yields/s	3 preempts/s
28000 milliseconds	4166 MB/s	667 short_reads/s	0 short_writes_echo/s	55 cpu_user_milliseconds	939 cpu_system_milliseconds	0 minor_page_faults/s	0 major_page_faults/s	432 yields/s	4 preempts/s
29000 milliseconds	4130 MB/s	890 short_reads/s	0 short_writes_echo/s	56 cpu_user_milliseconds	939 cpu_system_milliseconds	0 minor_page_faults/s	0 major_page_faults/s	142 yields/s	38 preempts/s
30000 milliseconds	4065 MB/s	2436 short_reads/s	0 short_writes_echo/s	48 cpu_user_milliseconds	942 cpu_system_milliseconds	0 minor_page_faults/s	0 major_page_faults/s	897 yields/s	24 preempts/s
31000 milliseconds	3974 MB/s	3064 short_reads/s	0 short_writes_echo/s	53 cpu_user_milliseconds	932 cpu_system_milliseconds	0 minor_page_faults/s	0 major_page_faults/s	1473 yields/s	19 preempts/s
32000 milliseconds	4098 MB/s	1192 short_reads/s	0 short_writes_echo/s	44 cpu_user_milliseconds	951 cpu_system_milliseconds	0 minor_page_faults/s	0 major_page_faults/s	74 yields/s	30 preempts/s
33000 milliseconds	4137 MB/s	754 short_reads/s	0 short_writes_echo/s	49 cpu_user_milliseconds	947 cpu_system_milliseconds	0 minor_page_faults/s	0 major_page_faults/s	189 yields/s	16 preempts/s
34000 milliseconds	4161 MB/s	548 short_reads/s	0 short_writes_echo/s	41 cpu_user_milliseconds	953 cpu_system_milliseconds	0 minor_page_faults/s	0 major_page_faults/s	225 yields/s	36 preempts/s
35000 milliseconds	4056 MB/s	1843 short_reads/s	0 short_writes_echo/s	53 cpu_user_milliseconds	940 cpu_system_milliseconds	0 minor_page_faults/s	0 major_page_faults/s	261 yields/s	33 preempts/s
36000 milliseconds	4068 MB/s	2701 short_reads/s	0 short_writes_echo/s	44 cpu_user_milliseconds	945 cpu_system_milliseconds	0 minor_page_faults/s	0 major_page_faults/s	1136 yields/s	4 preempts/s
37000 milliseconds	4132 MB/s	1228 short_reads/s	0 short_writes_echo/s	43 cpu_user_milliseconds	953 cpu_system_milliseconds	0 minor_page_faults/s	0 major_page_faults/s	85 yields/s	0 preempts/s
38000 milliseconds	4051 MB/s	511 short_reads/s	0 short_writes_echo/s	41 cpu_user_milliseconds	955 cpu_system_milliseconds	0 minor_page_faults/s	0 major_page_faults/s	55 yields/s	25 preempts/s
39000 milliseconds	4141 MB/s	406 short_reads/s	0 short_writes_echo/s	54 cpu_user_milliseconds	942 cpu_system_milliseconds	0 minor_page_faults/s	0 major_page_faults/s	187 yields/s	5 preempts/s
40000 milliseconds	4089 MB/s	2148 short_reads/s	0 short_writes_echo/s	37 cpu_user_milliseconds	952 cpu_system_milliseconds	0 minor_page_faults/s	0 major_page_faults/s	996 yields/s	5 preempts/s
41000 milliseconds	4004 MB/s	1791 short_reads/s	0 short_writes_echo/s	45 cpu_user_milliseconds	944 cpu_system_milliseconds	0 minor_page_faults/s	0 major_page_faults/s	864 yields/s	5 preempts/s
42000 milliseconds	4190 MB/s	319 short_reads/s	0 short_writes_echo/s	51 cpu_user_milliseconds	944 cpu_system_milliseconds	0 minor_page_faults/s	0 major_page_faults/s	190 yields/s	4 preempts/s
43000 milliseconds	3991 MB/s	2758 short_reads/s	0 short_writes_echo/s	54 cpu_user_milliseconds	932 cpu_system_milliseconds	0 minor_page_faults/s	0 major_page_faults/s	1122 yields/s	6 preempts/s
44000 milliseconds	4126 MB/s	609 short_reads/s	0 short_writes_echo/s	50 cpu_user_milliseconds	945 cpu_system_milliseconds	0 minor_page_faults/s	0 major_page_faults/s	108 yields/s	25 preempts/s
45000 milliseconds	4033 MB/s	2391 short_reads/s	0 short_writes_echo/s	41 cpu_user_milliseconds	952 cpu_system_milliseconds	0 minor_page_faults/s	0 major_page_faults/s	402 yields/s	4 preempts/s
46000 milliseconds	3995 MB/s	2053 short_reads/s	0 short_writes_echo/s	55 cpu_user_milliseconds	939 cpu_system_milliseconds	0 minor_page_faults/s	0 major_page_faults/s	527 yields/s	1 preempts/s
47000 milliseconds	4053 MB/s	2316 short_reads/s	0 short_writes_echo/s	46 cpu_user_milliseconds	946 cpu_system_milliseconds	0 minor_page_faults/s	0 major_page_faults/s	950 yields/s	3 preempts/s
48000 milliseconds	3955 MB/s	3170 short_reads/s	0 short_writes_echo/s	44 cpu_user_milliseconds	947 cpu_system_milliseconds	0 minor_page_faults/s	0 major_page_faults/s	1089 yields/s	9 preempts/s
49000 milliseconds	4182 MB/s	350 short_reads/s	0 short_writes_echo/s	38 cpu_user_milliseconds	957 cpu_system_milliseconds	0 minor_page_faults/s	0 major_page_faults/s	179 yields/s	2 preempts/s
50000 milliseconds	4082 MB/s	1044 short_reads/s	0 short_writes_echo/s	41 cpu_user_milliseconds	946 cpu_system_milliseconds	0 minor_page_faults/s	0 major_page_faults/s	917 yields/s	3 preempts/s
51000 milliseconds	4034 MB/s	1537 short_reads/s	0 short_writes_echo/s	49 cpu_user_milliseconds	940 cpu_system_milliseconds	0 minor_page_faults/s	0 major_page_faults/s	780 yields/s	4 preempts/s
52000 milliseconds	3876 MB/s	1906 short_reads/s	0 short_writes_echo/s	56 cpu_user_milliseconds	893 cpu_system_milliseconds	0 minor_page_faults/s	0 major_page_faults/s	796 yields/s	29 preempts/s
53000 milliseconds	3920 MB/s	2865 short_reads/s	0 short_writes_echo/s	35 cpu_user_milliseconds	953 cpu_system_milliseconds	0 minor_page_faults/s	0 major_page_faults/s	756 yields/s	35 preempts/s
54000 milliseconds	4164 MB/s	627 short_reads/s	0 short_writes_echo/s	46 cpu_user_milliseconds	948 cpu_system_milliseconds	0 minor_page_faults/s	0 major_page_faults/s	246 yields/s	34 preempts/s
55000 milliseconds	4072 MB/s	1383 short_reads/s	0 short_writes_echo/s	61 cpu_user_milliseconds	934 cpu_system_milliseconds	0 minor_page_faults/s	0 major_page_faults/s	484 yields/s	15 preempts/s
56000 milliseconds	4006 MB/s	3578 short_reads/s	0 short_writes_echo/s	47 cpu_user_milliseconds	939 cpu_system_milliseconds	0 minor_page_faults/s	0 major_page_faults/s	1341 yields/s	33 preempts/s
57000 milliseconds	4160 MB/s	579 short_reads/s	0 short_writes_echo/s	48 cpu_user_milliseconds	949 cpu_system_milliseconds	0 minor_page_faults/s	0 major_page_faults/s	183 yields/s	4 preempts/s
58000 milliseconds	4149 MB/s	297 short_reads/s	0 short_writes_echo/s	45 cpu_user_milliseconds	950 cpu_system_milliseconds	0 minor_page_faults/s	0 major_page_faults/s	138 yields/s	6 preempts/s
59000 milliseconds	4167 MB/s	337 short_reads/s	0 short_writes_echo/s	35 cpu_user_milliseconds	962 cpu_system_milliseconds	0 minor_page_faults/s	0 major_page_faults/s	152 yields/s	2 preempts/s
60000 milliseconds	4057 MB/s	2417 short_reads/s	0 short_writes_echo/s	48 cpu_user_milliseconds	944 cpu_system_milliseconds	0 minor_page_faults/s	0 major_page_faults/s	502 yields/s	2 preempts/s
61001 milliseconds	3972 MB/s	3810 short_reads/s	0 short_writes_echo/s	57 cpu_user_milliseconds	932 cpu_system_milliseconds	0 minor_page_faults/s	0 major_page_faults/s	1005 yields/s	1 preempts/s
62001 milliseconds	4145 MB/s	1029 short_reads/s	0 short_writes_echo/s	46 cpu_user_milliseconds	952 cpu_system_milliseconds	0 minor_page_faults/s	0 major_page_faults/s	79 yields/s	4 preempts/s
63001 milliseconds	4131 MB/s	703 short_reads/s	0 short_writes_echo/s	49 cpu_user_milliseconds	946 cpu_system_milliseconds	0 minor_page_faults/s	0 major_page_faults/s	164 yields/s	24 preempts/s
64001 milliseconds	4164 MB/s	461 short_reads/s	0 short_writes_echo/s	49 cpu_user_milliseconds	948 cpu_system_milliseconds	0 minor_page_faults/s	0 major_page_faults/s	143 yields/s	2 preempts/s
65001 milliseconds	4065 MB/s	2188 short_reads/s	0 short_writes_echo/s	43 cpu_user_milliseconds	943 cpu_system_milliseconds	0 minor_page_faults/s	0 major_page_faults/s	985 yields/s	7 preempts/s
66001 milliseconds	4058 MB/s	2197 short_reads/s	0 short_writes_echo/s	44 cpu_user_milliseconds	947 cpu_system_milliseconds	0 minor_page_faults/s	0 major_page_faults/s	728 yields/s	6 preempts/s
67001 milliseconds	4154 MB/s	878 short_reads/s	0 short_writes_echo/s	28 cpu_user_milliseconds	968 cpu_system_milliseconds	0 minor_page_faults/s	0 major_page_faults/s	284 yields/s	3 preempts/s
68001 milliseconds	4186 MB/s	254 short_reads/s	0 short_writes_echo/s	39 cpu_user_milliseconds	956 cpu_system_milliseconds	0 minor_page_faults/s	0 major_page_faults/s	134 yields/s	1 preempts/s
69001 milliseconds	4155 MB/s	482 short_reads/s	0 short_writes_echo/s	56 cpu_user_milliseconds	942 cpu_system_milliseconds	0 minor_page_faults/s	0 major_page_faults/s	132 yields/s	8 preempts/s
70001 milliseconds	4053 MB/s	3317 short_reads/s	0 short_writes_echo/s	56 cpu_user_milliseconds	932 cpu_system_milliseconds	0 minor_page_faults/s	0 major_page_faults/s	1055 yields/s	1 preempts/s
71001 milliseconds	4072 MB/s	2027 short_reads/s	0 short_writes_echo/s	45 cpu_user_milliseconds	948 cpu_system_milliseconds	0 minor_page_faults/s	0 major_page_faults/s	455 yields/s	6 preempts/s
72001 milliseconds	4176 MB/s	379 short_reads/s	0 short_writes_echo/s	55 cpu_user_milliseconds	941 cpu_system_milliseconds	0 minor_page_faults/s	0 major_page_faults/s	185 yields/s	10 preempts/s
73001 milliseconds	4175 MB/s	457 short_reads/s	0 short_writes_echo/s	31 cpu_user_milliseconds	964 cpu_system_milliseconds	0 minor_page_faults/s	0 major_page_faults/s	299 yields/s	2 preempts/s
74001 milliseconds	4167 MB/s	511 short_reads/s	0 short_writes_echo/s	46 cpu_user_milliseconds	950 cpu_system_milliseconds	0 minor_page_faults/s	0 major_page_faults/s	161 yields/s	2 preempts/s
75001 milliseconds	4054 MB/s	1763 short_reads/s	0 short_writes_echo/s	42 cpu_user_milliseconds	949 cpu_system_milliseconds	0 minor_page_faults/s	0 major_page_faults/s	804 yields/s	2 preempts/s
76001 milliseconds	3980 MB/s	1977 short_reads/s	0 short_writes_echo/s	50 cpu_user_milliseconds	941 cpu_system_milliseconds	0 minor_page_faults/s	0 major_page_faults/s	622 yields/s	29 preempts/s
77001 milliseconds	4133 MB/s	534 short_reads/s	0 short_writes_echo/s	50 cpu_user_milliseconds	944 cpu_system_milliseconds	0 minor_page_faults/s	0 major_page_faults/s	139 yields/s	29 preempts/s
78001 milliseconds	4152 MB/s	463 short_reads/s	0 short_writes_echo/s	45 cpu_user_milliseconds	949 cpu_system_milliseconds	0 minor_page_faults/s	0 major_page_faults/s	156 yields/s	34 preempts/s
79001 milliseconds	4129 MB/s	690 short_reads/s	0 short_writes_echo/s	52 cpu_user_milliseconds	940 cpu_system_milliseconds	0 minor_page_faults/s	0 major_page_faults/s	256 yields/s	22 preempts/s
80001 milliseconds	4083 MB/s	1274 short_reads/s	0 short_writes_echo/s	36 cpu_user_milliseconds	958 cpu_system_milliseconds	0 minor_page_faults/s	0 major_page_faults/s	444 yields/s	7 preempts/s
81001 milliseconds	4013 MB/s	3345 short_reads/s	0 short_writes_echo/s	59 cpu_user_milliseconds	921 cpu_system_milliseconds	0 minor_page_faults/s	0 major_page_faults/s	1689 yields/s	29 preempts/s
82001 milliseconds	4172 MB/s	283 short_reads/s	0 short_writes_echo/s	43 cpu_user_milliseconds	952 cpu_system_milliseconds	0 minor_page_faults/s	0 major_page_faults/s	145 yields/s	5 preempts/s
83001 milliseconds	4180 MB/s	642 short_reads/s	0 short_writes_echo/s	34 cpu_user_milliseconds	961 cpu_system_milliseconds	0 minor_page_faults/s	0 major_page_faults/s	311 yields/s	1 preempts/s
84001 milliseconds	4102 MB/s	737 short_reads/s	0 short_writes_echo/s	38 cpu_user_milliseconds	955 cpu_system_milliseconds	0 minor_page_faults/s	0 major_page_faults/s	645 yields/s	5 preempts/s
85001 milliseconds	4041 MB/s	2810 short_reads/s	0 short_writes_echo/s	52 cpu_user_milliseconds	938 cpu_system_milliseconds	0 minor_page_faults/s	0 major_page_faults/s	1055 yields/s	11 preempts/s
86001 milliseconds	4032 MB/s	2175 short_reads/s	0 short_writes_echo/s	42 cpu_user_milliseconds	945 cpu_system_milliseconds	0 minor_page_faults/s	0 major_page_faults/s	1014 yields/s	3 preempts/s
87001 milliseconds	4155 MB/s	420 short_reads/s	0 short_writes_echo/s	46 cpu_user_milliseconds	951 cpu_system_milliseconds	0 minor_page_faults/s	0 major_page_faults/s	162 yields/s	8 preempts/s
88001 milliseconds	4108 MB/s	1765 short_reads/s	0 short_writes_echo/s	44 cpu_user_milliseconds	953 cpu_system_milliseconds	0 minor_page_faults/s	0 major_page_faults/s	136 yields/s	4 preempts/s
89001 milliseconds	4159 MB/s	364 short_reads/s	0 short_writes_echo/s	59 cpu_user_milliseconds	939 cpu_system_milliseconds	0 minor_page_faults/s	0 major_page_faults/s	148 yields/s	1 preempts/s
90001 milliseconds	4080 MB/s	2030 short_reads/s	0 short_writes_echo/s	41 cpu_user_milliseconds	951 cpu_system_milliseconds	0 minor_page_faults/s	0 major_page_faults/s	896 yields/s	6 preempts/s
91001 milliseconds	4045 MB/s	2069 short_reads/s	0 short_writes_echo/s	44 cpu_user_milliseconds	942 cpu_system_milliseconds	0 minor_page_faults/s	0 major_page_faults/s	1004 yields/s	2 preempts/s
92001 milliseconds	4170 MB/s	478 short_reads/s	0 short_writes_echo/s	45 cpu_user_milliseconds	952 cpu_system_milliseconds	0 minor_page_faults/s	0 major_page_faults/s	152 yields/s	7 preempts/s
93001 milliseconds	4156 MB/s	511 short_reads/s	0 short_writes_echo/s	51 cpu_user_milliseconds	944 cpu_system_milliseconds	0 minor_page_faults/s	0 major_page_faults/s	175 yields/s	4 preempts/s
94001 milliseconds	4166 MB/s	482 short_reads/s	0 short_writes_echo/s	35 cpu_user_milliseconds	962 cpu_system_milliseconds	0 minor_page_faults/s	0 major_page_faults/s	162 yields/s	0 preempts/s
95001 milliseconds	3616 MB/s	3773 short_reads/s	0 short_writes_echo/s	42 cpu_user_milliseconds	871 cpu_system_milliseconds	0 minor_page_faults/s	0 major_page_faults/s	2309 yields/s	22 preempts/s
96001 milliseconds	4066 MB/s	1362 short_reads/s	0 short_writes_echo/s	59 cpu_user_milliseconds	933 cpu_system_milliseconds	0 minor_page_faults/s	0 major_page_faults/s	670 yields/s	3 preempts/s
97001 milliseconds	4137 MB/s	1432 short_reads/s	0 short_writes_echo/s	46 cpu_user_milliseconds	950 cpu_system_milliseconds	0 minor_page_faults/s	0 major_page_faults/s	217 yields/s	4 preempts/s
98001 milliseconds	4098 MB/s	1603 short_reads/s	0 short_writes_echo/s	45 cpu_user_milliseconds	950 cpu_system_milliseconds	0 minor_page_faults/s	0 major_page_faults/s	89 yields/s	29 preempts/s
99001 milliseconds	4092 MB/s	1460 short_reads/s	0 short_writes_echo/s	50 cpu_user_milliseconds	943 cpu_system_milliseconds	0 minor_page_faults/s	0 major_page_faults/s	104 yields/s	21 preempts/s
100001 milliseconds	4084 MB/s	1335 short_reads/s	0 short_writes_echo/s	49 cpu_user_milliseconds	938 cpu_system_milliseconds	0 minor_page_faults/s	0 major_page_faults/s	948 yields/s	31 preempts/s
101001 milliseconds	3988 MB/s	2535 short_reads/s	0 short_writes_echo/s	54 cpu_user_milliseconds	939 cpu_system_milliseconds	0 minor_page_faults/s	0 major_page_faults/s	520 yields/s	6 preempts/s
102001 milliseconds	4133 MB/s	1002 short_reads/s	0 short_writes_echo/s	49 cpu_user_milliseconds	946 cpu_system_milliseconds	0 minor_page_faults/s	0 major_page_faults/s	131 yields/s	7 preempts/s
103001 milliseconds	4149 MB/s	790 short_reads/s	0 short_writes_echo/s	60 cpu_user_milliseconds	933 cpu_system_milliseconds	0 minor_page_faults/s	0 major_page_faults/s	307 yields/s	38 preempts/s
104001 milliseconds	4158 MB/s	373 short_reads/s	0 short_writes_echo/s	40 cpu_user_milliseconds	957 cpu_system_milliseconds	0 minor_page_faults/s	0 major_page_faults/s	122 yields/s	3 preempts/s
105001 milliseconds	4082 MB/s	1163 short_reads/s	0 short_writes_echo/s	40 cpu_user_milliseconds	954 cpu_system_milliseconds	0 minor_page_faults/s	0 major_page_faults/s	481 yields/s	6 preempts/s
106001 milliseconds	4051 MB/s	2393 short_reads/s	0 short_writes_echo/s	56 cpu_user_milliseconds	933 cpu_system_milliseconds	0 minor_page_faults/s	0 major_page_faults/s	933 yields/s	17 preempts/s
107001 milliseconds	4142 MB/s	907 short_reads/s	0 short_writes_echo/s	45 cpu_user_milliseconds	950 cpu_system_milliseconds	0 minor_page_faults/s	0 major_page_faults/s	194 yields/s	6 preempts/s
108001 milliseconds	3991 MB/s	2838 short_reads/s	0 short_writes_echo/s	41 cpu_user_milliseconds	951 cpu_system_milliseconds	0 minor_page_faults/s	0 major_page_faults/s	986 yields/s	8 preempts/s
109001 milliseconds	4160 MB/s	340 short_reads/s	0 short_writes_echo/s	46 cpu_user_milliseconds	951 cpu_system_milliseconds	0 minor_page_faults/s	0 major_page_faults/s	117 yields/s	6 preempts/s
110001 milliseconds	4084 MB/s	1264 short_reads/s	0 short_writes_echo/s	55 cpu_user_milliseconds	939 cpu_system_milliseconds	0 minor_page_faults/s	0 major_page_faults/s	546 yields/s	4 preempts/s
111001 milliseconds	4032 MB/s	1715 short_reads/s	0 short_writes_echo/s	35 cpu_user_milliseconds	949 cpu_system_milliseconds	0 minor_page_faults/s	0 major_page_faults/s	953 yields/s	28 preempts/s
112001 milliseconds	4146 MB/s	712 short_reads/s	0 short_writes_echo/s	44 cpu_user_milliseconds	951 cpu_system_milliseconds	0 minor_page_faults/s	0 major_page_faults/s	158 yields/s	38 preempts/s
113001 milliseconds	4155 MB/s	313 short_reads/s	0 short_writes_echo/s	45 cpu_user_milliseconds	949 cpu_system_milliseconds	0 minor_page_faults/s	0 major_page_faults/s	111 yields/s	39 preempts/s
114001 milliseconds	4161 MB/s	332 short_reads/s	0 short_writes_echo/s	57 cpu_user_milliseconds	940 cpu_system_milliseconds	0 minor_page_faults/s	0 major_page_faults/s	121 yields/s	7 preempts/s
115001 milliseconds	4080 MB/s	1102 short_reads/s	0 short_writes_echo/s	40 cpu_user_milliseconds	953 cpu_system_milliseconds	0 minor_page_faults/s	0 major_page_faults/s	447 yields/s	15 preempts/s
116001 milliseconds	4036 MB/s	2990 short_reads/s	0 short_writes_echo/s	60 cpu_user_milliseconds	929 cpu_system_milliseconds	0 minor_page_faults/s	0 major_page_faults/s	1129 yields/s	5 preempts/s
117001 milliseconds	4188 MB/s	652 short_reads/s	0 short_writes_echo/s	51 cpu_user_milliseconds	945 cpu_system_milliseconds	0 minor_page_faults/s	0 major_page_faults/s	265 yields/s	6 preempts/s
118001 milliseconds	4102 MB/s	751 short_reads/s	0 short_writes_echo/s	35 cpu_user_milliseconds	960 cpu_system_milliseconds	0 minor_page_faults/s	0 major_page_faults/s	151 yields/s	7 preempts/s
119001 milliseconds	4142 MB/s	622 short_reads/s	0 short_writes_echo/s	32 cpu_user_milliseconds	966 cpu_system_milliseconds	0 minor_page_faults/s	0 major_page_faults/s	182 yields/s	6 preempts/s
120002 milliseconds	4030 MB/s	3357 short_reads/s	0 short_writes_echo/s	40 cpu_user_milliseconds	940 cpu_system_milliseconds	0 minor_page_faults/s	0 major_page_faults/s	2205 yields/s	1 preempts/s
121002 milliseconds	4057 MB/s	1283 short_reads/s	0 short_writes_echo/s	61 cpu_user_milliseconds	935 cpu_system_milliseconds	0 minor_page_faults/s	0 major_page_faults/s	273 yields/s	5 preempts/s
122002 milliseconds	4154 MB/s	835 short_reads/s	0 short_writes_echo/s	51 cpu_user_milliseconds	944 cpu_system_milliseconds	0 minor_page_faults/s	0 major_page_faults/s	154 yields/s	4 preempts/s
123002 milliseconds	4181 MB/s	405 short_reads/s	0 short_writes_echo/s	42 cpu_user_milliseconds	951 cpu_system_milliseconds	0 minor_page_faults/s	0 major_page_faults/s	315 yields/s	0 preempts/s
124002 milliseconds	4172 MB/s	404 short_reads/s	0 short_writes_echo/s	60 cpu_user_milliseconds	934 cpu_system_milliseconds	0 minor_page_faults/s	0 major_page_faults/s	190 yields/s	3 preempts/s
125002 milliseconds	3999 MB/s	4357 short_reads/s	0 short_writes_echo/s	44 cpu_user_milliseconds	944 cpu_system_milliseconds	0 minor_page_faults/s	0 major_page_faults/s	958 yields/s	2 preempts/s
126002 milliseconds	4058 MB/s	2018 short_reads/s	0 short_writes_echo/s	55 cpu_user_milliseconds	932 cpu_system_milliseconds	0 minor_page_faults/s	0 major_page_faults/s	1145 yields/s	0 preempts/s
127002 milliseconds	4187 MB/s	555 short_reads/s	0 short_writes_echo/s	45 cpu_user_milliseconds	950 cpu_system_milliseconds	0 minor_page_faults/s	0 major_page_faults/s	343 yields/s	0 preempts/s
128002 milliseconds	4130 MB/s	933 short_reads/s	0 short_writes_echo/s	36 cpu_user_milliseconds	960 cpu_system_milliseconds	0 minor_page_faults/s	0 major_page_faults/s	153 yields/s	7 preempts/s
129002 milliseconds	4135 MB/s	1153 short_reads/s	0 short_writes_echo/s	51 cpu_user_milliseconds	943 cpu_system_milliseconds	0 minor_page_faults/s	0 major_page_faults/s	104 yields/s	12 preempts/s
130002 milliseconds	3794 MB/s	1940 short_reads/s	0 short_writes_echo/s	40 cpu_user_milliseconds	907 cpu_system_milliseconds	0 minor_page_faults/s	0 major_page_faults/s	1304 yields/s	25 preempts/s
131002 milliseconds	4033 MB/s	1472 short_reads/s	0 short_writes_echo/s	57 cpu_user_milliseconds	935 cpu_system_milliseconds	0 minor_page_faults/s	0 major_page_faults/s	676 yields/s	0 preempts/s
132002 milliseconds	4149 MB/s	492 short_reads/s	0 short_writes_echo/s	43 cpu_user_milliseconds	952 cpu_system_milliseconds	0 minor_page_faults/s	0 major_page_faults/s	215 yields/s	11 preempts/s
133002 milliseconds	4129 MB/s	429 short_reads/s	0 short_writes_echo/s	44 cpu_user_milliseconds	952 cpu_system_milliseconds	0 minor_page_faults/s	0 major_page_faults/s	123 yields/s	8 preempts/s
134002 milliseconds	4162 MB/s	491 short_reads/s	0 short_writes_echo/s	45 cpu_user_milliseconds	951 cpu_system_milliseconds	0 minor_page_faults/s	0 major_page_faults/s	178 yields/s	0 preempts/s
135002 milliseconds	4066 MB/s	1485 short_reads/s	0 short_writes_echo/s	37 cpu_user_milliseconds	953 cpu_system_milliseconds	0 minor_page_faults/s	0 major_page_faults/s	585 yields/s	38 preempts/s
136002 milliseconds	4045 MB/s	2428 short_reads/s	0 short_writes_echo/s	62 cpu_user_milliseconds	932 cpu_system_milliseconds	0 minor_page_faults/s	0 major_page_faults/s	358 yields/s	6 preempts/s
137002 milliseconds	4126 MB/s	785 short_reads/s	0 short_writes_echo/s	42 cpu_user_milliseconds	951 cpu_system_milliseconds	0 minor_page_faults/s	0 major_page_faults/s	177 yields/s	3 preempts/s
138002 milliseconds	4147 MB/s	629 short_reads/s	0 short_writes_echo/s	48 cpu_user_milliseconds	948 cpu_system_milliseconds	0 minor_page_faults/s	0 major_page_faults/s	209 yields/s	13 preempts/s
139002 milliseconds	3982 MB/s	3042 short_reads/s	0 short_writes_echo/s	43 cpu_user_milliseconds	952 cpu_system_milliseconds	0 minor_page_faults/s	0 major_page_faults/s	288 yields/s	1 preempts/s
140002 milliseconds	3918 MB/s	4238 short_reads/s	0 short_writes_echo/s	36 cpu_user_milliseconds	950 cpu_system_milliseconds	0 minor_page_faults/s	0 major_page_faults/s	1113 yields/s	4 preempts/s
141002 milliseconds	4044 MB/s	1062 short_reads/s	0 short_writes_echo/s	43 cpu_user_milliseconds	952 cpu_system_milliseconds	0 minor_page_faults/s	0 major_page_faults/s	245 yields/s	7 preempts/s
142002 milliseconds	4158 MB/s	621 short_reads/s	0 short_writes_echo/s	53 cpu_user_milliseconds	943 cpu_system_milliseconds	0 minor_page_faults/s	0 major_page_faults/s	149 yields/s	3 preempts/s
143002 milliseconds	4186 MB/s	462 short_reads/s	0 short_writes_echo/s	45 cpu_user_milliseconds	951 cpu_system_milliseconds	0 minor_page_faults/s	0 major_page_faults/s	198 yields/s	4 preempts/s
144002 milliseconds	4170 MB/s	433 short_reads/s	0 short_writes_echo/s	39 cpu_user_milliseconds	957 cpu_system_milliseconds	0 minor_page_faults/s	0 major_page_faults/s	155 yields/s	4 preempts/s
145002 milliseconds	4054 MB/s	2571 short_reads/s	0 short_writes_echo/s	47 cpu_user_milliseconds	939 cpu_system_milliseconds	0 minor_page_faults/s	0 major_page_faults/s	1099 yields/s	42 preempts/s
146002 milliseconds	4044 MB/s	3495 short_reads/s	0 short_writes_echo/s	58 cpu_user_milliseconds	929 cpu_system_milliseconds	0 minor_page_faults/s	0 major_page_faults/s	1386 yields/s	12 preempts/s
147002 milliseconds	4114 MB/s	1061 short_reads/s	0 short_writes_echo/s	45 cpu_user_milliseconds	951 cpu_system_milliseconds	0 minor_page_faults/s	0 major_page_faults/s	116 yields/s	9 preempts/s
148002 milliseconds	4156 MB/s	527 short_reads/s	0 short_writes_echo/s	38 cpu_user_milliseconds	957 cpu_system_milliseconds	0 minor_page_faults/s	0 major_page_faults/s	126 yields/s	16 preempts/s
149002 milliseconds	4174 MB/s	466 short_reads/s	0 short_writes_echo/s	51 cpu_user_milliseconds	943 cpu_system_milliseconds	0 minor_page_faults/s	0 major_page_faults/s	193 yields/s	1 preempts/s
150002 milliseconds	4105 MB/s	2092 short_reads/s	0 short_writes_echo/s	53 cpu_user_milliseconds	935 cpu_system_milliseconds	0 minor_page_faults/s	0 major_page_faults/s	1060 yields/s	0 preempts/s
151002 milliseconds	4019 MB/s	1317 short_reads/s	0 short_writes_echo/s	45 cpu_user_milliseconds	946 cpu_system_milliseconds	0 minor_page_faults/s	0 major_page_faults/s	670 yields/s	0 preempts/s
152002 milliseconds	4099 MB/s	907 short_reads/s	0 short_writes_echo/s	40 cpu_user_milliseconds	953 cpu_system_milliseconds	0 minor_page_faults/s	0 major_page_faults/s	169 yields/s	5 preempts/s
153002 milliseconds	4135 MB/s	694 short_reads/s	0 short_writes_echo/s	64 cpu_user_milliseconds	932 cpu_system_milliseconds	0 minor_page_faults/s	0 major_page_faults/s	148 yields/s	10 preempts/s
154002 milliseconds	4181 MB/s	526 short_reads/s	0 short_writes_echo/s	38 cpu_user_milliseconds	958 cpu_system_milliseconds	0 minor_page_faults/s	0 major_page_faults/s	248 yields/s	2 preempts/s
155002 milliseconds	4045 MB/s	1495 short_reads/s	0 short_writes_echo/s	55 cpu_user_milliseconds	940 cpu_system_milliseconds	0 minor_page_faults/s	0 major_page_faults/s	393 yields/s	2 preempts/s
156002 milliseconds	4038 MB/s	1345 short_reads/s	0 short_writes_echo/s	43 cpu_user_milliseconds	949 cpu_system_milliseconds	0 minor_page_faults/s	0 major_page_faults/s	327 yields/s	30 preempts/s
157002 milliseconds	4185 MB/s	322 short_reads/s	0 short_writes_echo/s	43 cpu_user_milliseconds	953 cpu_system_milliseconds	0 minor_page_faults/s	0 major_page_faults/s	196 yields/s	2 preempts/s
158002 milliseconds	4158 MB/s	826 short_reads/s	0 short_writes_echo/s	46 cpu_user_milliseconds	949 cpu_system_milliseconds	0 minor_page_faults/s	0 major_page_faults/s	275 yields/s	3 preempts/s
159002 milliseconds	4179 MB/s	252 short_reads/s	0 short_writes_echo/s	47 cpu_user_milliseconds	948 cpu_system_milliseconds	0 minor_page_faults/s	0 major_page_faults/s	114 yields/s	2 preempts/s
160002 milliseconds	4087 MB/s	2233 short_reads/s	0 short_writes_echo/s	44 cpu_user_milliseconds	945 cpu_system_milliseconds	0 minor_page_faults/s	0 major_page_faults/s	1112 yields/s	2 preempts/s
161002 milliseconds	4015 MB/s	2071 short_reads/s	0 short_writes_echo/s	35 cpu_user_milliseconds	955 cpu_system_milliseconds	0 minor_page_faults/s	0 major_page_faults/s	913 yields/s	3 preempts/s
162002 milliseconds	4108 MB/s	934 short_reads/s	0 short_writes_echo/s	37 cpu_user_milliseconds	957 cpu_system_milliseconds	0 minor_page_faults/s	0 major_page_faults/s	175 yields/s	33 preempts/s
163002 milliseconds	4117 MB/s	538 short_reads/s	0 short_writes_echo/s	56 cpu_user_milliseconds	940 cpu_system_milliseconds	0 minor_page_faults/s	0 major_page_faults/s	148 yields/s	12 preempts/s
164002 milliseconds	4181 MB/s	494 short_reads/s	0 short_writes_echo/s	38 cpu_user_milliseconds	958 cpu_system_milliseconds	0 minor_page_faults/s	0 major_page_faults/s	207 yields/s	1 preempts/s
165002 milliseconds	4089 MB/s	1362 short_reads/s	0 short_writes_echo/s	42 cpu_user_milliseconds	943 cpu_system_milliseconds	0 minor_page_faults/s	0 major_page_faults/s	950 yields/s	6 preempts/s
166002 milliseconds	4067 MB/s	2250 short_reads/s	0 short_writes_echo/s	45 cpu_user_milliseconds	949 cpu_system_milliseconds	0 minor_page_faults/s	0 major_page_faults/s	369 yields/s	6 preempts/s
167002 milliseconds	4199 MB/s	226 short_reads/s	0 short_writes_echo/s	51 cpu_user_milliseconds	945 cpu_system_milliseconds	0 minor_page_faults/s	0 major_page_faults/s	125 yields/s	0 preempts/s
168002 milliseconds	3678 MB/s	3482 short_reads/s	0 short_writes_echo/s	40 cpu_user_milliseconds	889 cpu_system_milliseconds	0 minor_page_faults/s	0 major_page_faults/s	2175 yields/s	44 preempts/s
169002 milliseconds	4180 MB/s	402 short_reads/s	0 short_writes_echo/s	42 cpu_user_milliseconds	954 cpu_system_milliseconds	0 minor_page_faults/s	0 major_page_faults/s	158 yields/s	2 preempts/s
170002 milliseconds	4107 MB/s	1249 short_reads/s	0 short_writes_echo/s	53 cpu_user_milliseconds	938 cpu_system_milliseconds	0 minor_page_faults/s	0 major_page_faults/s	721 yields/s	1 preempts/s
171002 milliseconds	4057 MB/s	1329 short_reads/s	0 short_writes_echo/s	42 cpu_user_milliseconds	953 cpu_system_milliseconds	0 minor_page_faults/s	0 major_page_faults/s	469 yields/s	1 preempts/s
172002 milliseconds	4173 MB/s	960 short_reads/s	0 short_writes_echo/s	38 cpu_user_milliseconds	958 cpu_system_milliseconds	0 minor_page_faults/s	0 major_page_faults/s	418 yields/s	3 preempts/s
173002 milliseconds	4172 MB/s	368 short_reads/s	0 short_writes_echo/s	54 cpu_user_milliseconds	941 cpu_system_milliseconds	0 minor_page_faults/s	0 major_page_faults/s	89 yields/s	8 preempts/s
174002 milliseconds	4145 MB/s	535 short_reads/s	0 short_writes_echo/s	35 cpu_user_milliseconds	959 cpu_system_milliseconds	0 minor_page_faults/s	0 major_page_faults/s	158 yields/s	2 preempts/s
175002 milliseconds	4073 MB/s	2794 short_reads/s	0 short_writes_echo/s	43 cpu_user_milliseconds	945 cpu_system_milliseconds	0 minor_page_faults/s	0 major_page_faults/s	1189 yields/s	16 preempts/s
176002 milliseconds	4051 MB/s	3675 short_reads/s	0 short_writes_echo/s	41 cpu_user_milliseconds	944 cpu_system_milliseconds	0 minor_page_faults/s	0 major_page_faults/s	1717 yields/s	2 preempts/s
177002 milliseconds	4159 MB/s	452 short_reads/s	0 short_writes_echo/s	42 cpu_user_milliseconds	952 cpu_system_milliseconds	0 minor_page_faults/s	0 major_page_faults/s	178 yields/s	4 preempts/s
178002 milliseconds	4171 MB/s	301 short_reads/s	0 short_writes_echo/s	49 cpu_user_milliseconds	945 cpu_system_milliseconds	0 minor_page_faults/s	0 major_page_faults/s	135 yields/s	1 preempts/s
179003 milliseconds	4162 MB/s	926 short_reads/s	0 short_writes_echo/s	43 cpu_user_milliseconds	954 cpu_system_milliseconds	0 minor_page_faults/s	0 major_page_faults/s	165 yields/s	11 preempts/s
180003 milliseconds	4069 MB/s	1532 short_reads/s	0 short_writes_echo/s	44 cpu_user_milliseconds	949 cpu_system_milliseconds	0 minor_page_faults/s	0 major_page_faults/s	583 yields/s	5 preempts/s
181003 milliseconds	3988 MB/s	2737 short_reads/s	0 short_writes_echo/s	40 cpu_user_milliseconds	954 cpu_system_milliseconds	0 minor_page_faults/s	0 major_page_faults/s	546 yields/s	21 preempts/s
182003 milliseconds	4155 MB/s	709 short_reads/s	0 short_writes_echo/s	39 cpu_user_milliseconds	955 cpu_system_milliseconds	0 minor_page_faults/s	0 major_page_faults/s	196 yields/s	34 preempts/s
183003 milliseconds	4175 MB/s	428 short_reads/s	0 short_writes_echo/s	44 cpu_user_milliseconds	952 cpu_system_milliseconds	0 minor_page_faults/s	0 major_page_faults/s	186 yields/s	2 preempts/s
184003 milliseconds	4191 MB/s	525 short_reads/s	0 short_writes_echo/s	51 cpu_user_milliseconds	944 cpu_system_milliseconds	0 minor_page_faults/s	0 major_page_faults/s	329 yields/s	2 preempts/s
185003 milliseconds	4102 MB/s	1257 short_reads/s	0 short_writes_echo/s	43 cpu_user_milliseconds	951 cpu_system_milliseconds	0 minor_page_faults/s	0 major_page_faults/s	544 yields/s	3 preempts/s
186003 milliseconds	3904 MB/s	4705 short_reads/s	0 short_writes_echo/s	50 cpu_user_milliseconds	936 cpu_system_milliseconds	0 minor_page_faults/s	0 major_page_faults/s	1659 yields/s	15 preempts/s
187003 milliseconds	4166 MB/s	369 short_reads/s	0 short_writes_echo/s	51 cpu_user_milliseconds	943 cpu_system_milliseconds	0 minor_page_faults/s	0 major_page_faults/s	226 yields/s	3 preempts/s
188003 milliseconds	4124 MB/s	690 short_reads/s	0 short_writes_echo/s	50 cpu_user_milliseconds	945 cpu_system_milliseconds	0 minor_page_faults/s	0 major_page_faults/s	173 yields/s	15 preempts/s
189003 milliseconds	4155 MB/s	764 short_reads/s	0 short_writes_echo/s	54 cpu_user_milliseconds	942 cpu_system_milliseconds	0 minor_page_faults/s	0 major_page_faults/s	153 yields/s	7 preempts/s
190003 milliseconds	4039 MB/s	2205 short_reads/s	0 short_writes_echo/s	37 cpu_user_milliseconds	954 cpu_system_milliseconds	0 minor_page_faults/s	0 major_page_faults/s	481 yields/s	21 preempts/s
191003 milliseconds	4010 MB/s	3386 short_reads/s	0 short_writes_echo/s	49 cpu_user_milliseconds	939 cpu_system_milliseconds	0 minor_page_faults/s	0 major_page_faults/s	1046 yields/s	3 preempts/s
192003 milliseconds	4154 MB/s	949 short_reads/s	0 short_writes_echo/s	44 cpu_user_milliseconds	950 cpu_system_milliseconds	0 minor_page_faults/s	0 major_page_faults/s	208 yields/s	8 preempts/s
193003 milliseconds	4171 MB/s	592 short_reads/s	0 short_writes_echo/s	43 cpu_user_milliseconds	950 cpu_system_milliseconds	0 minor_page_faults/s	0 major_page_faults/s	368 yields/s	1 preempts/s
194003 milliseconds	4179 MB/s	367 short_reads/s	0 short_writes_echo/s	50 cpu_user_milliseconds	946 cpu_system_milliseconds	0 minor_page_faults/s	0 major_page_faults/s	249 yields/s	3 preempts/s
195003 milliseconds	4119 MB/s	1595 short_reads/s	0 short_writes_echo/s	48 cpu_user_milliseconds	945 cpu_system_milliseconds	0 minor_page_faults/s	0 major_page_faults/s	709 yields/s	1 preempts/s
196003 milliseconds	4014 MB/s	1789 short_reads/s	0 short_writes_echo/s	41 cpu_user_milliseconds	950 cpu_system_milliseconds	0 minor_page_faults/s	0 major_page_faults/s	847 yields/s	4 preempts/s
197003 milliseconds	4158 MB/s	801 short_reads/s	0 short_writes_echo/s	45 cpu_user_milliseconds	951 cpu_system_milliseconds	0 minor_page_faults/s	0 major_page_faults/s	233 yields/s	11 preempts/s
198003 milliseconds	4140 MB/s	583 short_reads/s	0 short_writes_echo/s	51 cpu_user_milliseconds	946 cpu_system_milliseconds	0 minor_page_faults/s	0 major_page_faults/s	151 yields/s	4 preempts/s
199003 milliseconds	4189 MB/s	341 short_reads/s	0 short_writes_echo/s	50 cpu_user_milliseconds	945 cpu_system_milliseconds	0 minor_page_faults/s	0 major_page_faults/s	204 yields/s	6 preempts/s
200003 milliseconds	4091 MB/s	2099 short_reads/s	0 short_writes_echo/s	50 cpu_user_milliseconds	939 cpu_system_milliseconds	0 minor_page_faults/s	0 major_page_faults/s	825 yields/s	2 preempts/s
201003 milliseconds	3960 MB/s	2253 short_reads/s	0 short_writes_echo/s	51 cpu_user_milliseconds	939 cpu_system_milliseconds	0 minor_page_faults/s	0 major_page_faults/s	607 yields/s	0 preempts/s
202003 milliseconds	4133 MB/s	516 short_reads/s	0 short_writes_echo/s	34 cpu_user_milliseconds	962 cpu_system_milliseconds	0 minor_page_faults/s	0 major_page_faults/s	204 yields/s	0 preempts/s
203003 milliseconds	4165 MB/s	417 short_reads/s	0 short_writes_echo/s	39 cpu_user_milliseconds	957 cpu_system_milliseconds	0 minor_page_faults/s	0 major_page_faults/s	185 yields/s	0 preempts/s
204003 milliseconds	4134 MB/s	704 short_reads/s	0 short_writes_echo/s	48 cpu_user_milliseconds	946 cpu_system_milliseconds	0 minor_page_faults/s	0 major_page_faults/s	753 yields/s	5 preempts/s
205003 milliseconds	4101 MB/s	2144 short_reads/s	0 short_writes_echo/s	41 cpu_user_milliseconds	948 cpu_system_milliseconds	0 minor_page_faults/s	0 major_page_faults/s	1091 yields/s	5 preempts/s
206003 milliseconds	4068 MB/s	1216 short_reads/s	0 short_writes_echo/s	44 cpu_user_milliseconds	952 cpu_system_milliseconds	0 minor_page_faults/s	0 major_page_faults/s	352 yields/s	0 preempts/s
207003 milliseconds	3852 MB/s	1602 short_reads/s	0 short_writes_echo/s	46 cpu_user_milliseconds	905 cpu_system_milliseconds	0 minor_page_faults/s	0 major_page_faults/s	1057 yields/s	7 preempts/s
208003 milliseconds	4180 MB/s	446 short_reads/s	0 short_writes_echo/s	63 cpu_user_milliseconds	932 cpu_system_milliseconds	0 minor_page_faults/s	0 major_page_faults/s	170 yields/s	2 preempts/s
209003 milliseconds	4175 MB/s	342 short_reads/s	0 short_writes_echo/s	53 cpu_user_milliseconds	942 cpu_system_milliseconds	0 minor_page_faults/s	0 major_page_faults/s	145 yields/s	2 preempts/s
210003 milliseconds	4068 MB/s	2302 short_reads/s	0 short_writes_echo/s	40 cpu_user_milliseconds	954 cpu_system_milliseconds	0 minor_page_faults/s	0 major_page_faults/s	692 yields/s	5 preempts/s
211003 milliseconds	4018 MB/s	2154 short_reads/s	0 short_writes_echo/s	34 cpu_user_milliseconds	952 cpu_system_milliseconds	0 minor_page_faults/s	0 major_page_faults/s	882 yields/s	21 preempts/s
212003 milliseconds	4125 MB/s	689 short_reads/s	0 short_writes_echo/s	49 cpu_user_milliseconds	946 cpu_system_milliseconds	0 minor_page_faults/s	0 major_page_faults/s	278 yields/s	19 preempts/s
213003 milliseconds	4149 MB/s	533 short_reads/s	0 short_writes_echo/s	45 cpu_user_milliseconds	950 cpu_system_milliseconds	0 minor_page_faults/s	0 major_page_faults/s	194 yields/s	30 preempts/s
214003 milliseconds	4166 MB/s	631 short_reads/s	0 short_writes_echo/s	42 cpu_user_milliseconds	956 cpu_system_milliseconds	0 minor_page_faults/s	0 major_page_faults/s	124 yields/s	3 preempts/s
215003 milliseconds	4106 MB/s	2276 short_reads/s	0 short_writes_echo/s	44 cpu_user_milliseconds	943 cpu_system_milliseconds	0 minor_page_faults/s	0 major_page_faults/s	1065 yields/s	33 preempts/s
216003 milliseconds	4033 MB/s	2602 short_reads/s	0 short_writes_echo/s	56 cpu_user_milliseconds	931 cpu_system_milliseconds	0 minor_page_faults/s	0 major_page_faults/s	1077 yields/s	26 preempts/s
217003 milliseconds	4118 MB/s	611 short_reads/s	0 short_writes_echo/s	33 cpu_user_milliseconds	962 cpu_system_milliseconds	0 minor_page_faults/s	0 major_page_faults/s	130 yields/s	26 preempts/s
218003 milliseconds	4147 MB/s	528 short_reads/s	0 short_writes_echo/s	48 cpu_user_milliseconds	949 cpu_system_milliseconds	0 minor_page_faults/s	0 major_page_faults/s	166 yields/s	4 preempts/s
219003 milliseconds	4175 MB/s	495 short_reads/s	0 short_writes_echo/s	32 cpu_user_milliseconds	964 cpu_system_milliseconds	0 minor_page_faults/s	0 major_page_faults/s	188 yields/s	3 preempts/s
220003 milliseconds	4081 MB/s	1225 short_reads/s	0 short_writes_echo/s	48 cpu_user_milliseconds	947 cpu_system_milliseconds	0 minor_page_faults/s	0 major_page_faults/s	340 yields/s	3 preempts/s
221003 milliseconds	4056 MB/s	3082 short_reads/s	0 short_writes_echo/s	39 cpu_user_milliseconds	947 cpu_system_milliseconds	0 minor_page_faults/s	0 major_page_faults/s	1447 yields/s	2 preempts/s
222003 milliseconds	4177 MB/s	450 short_reads/s	0 short_writes_echo/s	47 cpu_user_milliseconds	950 cpu_system_milliseconds	0 minor_page_faults/s	0 major_page_faults/s	187 yields/s	1 preempts/s
223003 milliseconds	4135 MB/s	875 short_reads/s	0 short_writes_echo/s	61 cpu_user_milliseconds	928 cpu_system_milliseconds	0 minor_page_faults/s	0 major_page_faults/s	232 yields/s	6 preempts/s
224003 milliseconds	4176 MB/s	425 short_reads/s	0 short_writes_echo/s	39 cpu_user_milliseconds	955 cpu_system_milliseconds	0 minor_page_faults/s	0 major_page_faults/s	229 yields/s	2 preempts/s
225003 milliseconds	4097 MB/s	2299 short_reads/s	0 short_writes_echo/s	47 cpu_user_milliseconds	942 cpu_system_milliseconds	0 minor_page_faults/s	0 major_page_faults/s	1000 yields/s	1 preempts/s
226003 milliseconds	4043 MB/s	2365 short_reads/s	0 short_writes_echo/s	66 cpu_user_milliseconds	918 cpu_system_milliseconds	0 minor_page_faults/s	0 major_page_faults/s	1455 yields/s	3 preempts/s
227003 milliseconds	4173 MB/s	413 short_reads/s	0 short_writes_echo/s	65 cpu_user_milliseconds	931 cpu_system_milliseconds	0 minor_page_faults/s	0 major_page_faults/s	139 yields/s	9 preempts/s
228003 milliseconds	3970 MB/s	2076 short_reads/s	0 short_writes_echo/s	51 cpu_user_milliseconds	935 cpu_system_milliseconds	0 minor_page_faults/s	0 major_page_faults/s	1294 yields/s	3 preempts/s
229003 milliseconds	4126 MB/s	859 short_reads/s	0 short_writes_echo/s	43 cpu_user_milliseconds	949 cpu_system_milliseconds	0 minor_page_faults/s	0 major_page_faults/s	246 yields/s	24 preempts/s
230003 milliseconds	4062 MB/s	1999 short_reads/s	0 short_writes_echo/s	45 cpu_user_milliseconds	948 cpu_system_milliseconds	0 minor_page_faults/s	0 major_page_faults/s	488 yields/s	3 preempts/s
231003 milliseconds	4042 MB/s	2838 short_reads/s	0 short_writes_echo/s	45 cpu_user_milliseconds	942 cpu_system_milliseconds	0 minor_page_faults/s	0 major_page_faults/s	1333 yields/s	14 preempts/s
232004 milliseconds	4109 MB/s	898 short_reads/s	0 short_writes_echo/s	46 cpu_user_milliseconds	950 cpu_system_milliseconds	0 minor_page_faults/s	0 major_page_faults/s	176 yields/s	0 preempts/s
233004 milliseconds	4143 MB/s	554 short_reads/s	0 short_writes_echo/s	43 cpu_user_milliseconds	951 cpu_system_milliseconds	0 minor_page_faults/s	0 major_page_faults/s	209 yields/s	24 preempts/s
234004 milliseconds	4137 MB/s	859 short_reads/s	0 short_writes_echo/s	52 cpu_user_milliseconds	944 cpu_system_milliseconds	0 minor_page_faults/s	0 major_page_faults/s	141 yields/s	18 preempts/s
235004 milliseconds	4081 MB/s	1100 short_reads/s	0 short_writes_echo/s	51 cpu_user_milliseconds	940 cpu_system_milliseconds	0 minor_page_faults/s	0 major_page_faults/s	492 yields/s	23 preempts/s
236004 milliseconds	3949 MB/s	2362 short_reads/s	0 short_writes_echo/s	48 cpu_user_milliseconds	945 cpu_system_milliseconds	0 minor_page_faults/s	0 major_page_faults/s	488 yields/s	11 preempts/s
237004 milliseconds	4162 MB/s	337 short_reads/s	0 short_writes_echo/s	56 cpu_user_milliseconds	940 cpu_system_milliseconds	0 minor_page_faults/s	0 major_page_faults/s	156 yields/s	2 preempts/s
238004 milliseconds	4158 MB/s	431 short_reads/s	0 short_writes_echo/s	44 cpu_user_milliseconds	954 cpu_system_milliseconds	0 minor_page_faults/s	0 major_page_faults/s	126 yields/s	0 preempts/s
239004 milliseconds	4161 MB/s	429 short_reads/s	0 short_writes_echo/s	33 cpu_user_milliseconds	965 cpu_system_milliseconds	0 minor_page_faults/s	0 major_page_faults/s	137 yields/s	1 preempts/s
240004 milliseconds	4055 MB/s	2023 short_reads/s	0 short_writes_echo/s	42 cpu_user_milliseconds	954 cpu_system_milliseconds	0 minor_page_faults/s	0 major_page_faults/s	332 yields/s	8 preempts/s
