1000 milliseconds	2048 MB/s	31495 short_reads/s	0 short_writes_echo/s	118 cpu_user_milliseconds	1061 cpu_system_milliseconds	173 minor_page_faults/s	0 major_page_faults/s	87034 yields/s	152 preempts/s
2000 milliseconds	1985 MB/s	30296 short_reads/s	0 short_writes_echo/s	92 cpu_user_milliseconds	1081 cpu_system_milliseconds	3 minor_page_faults/s	0 major_page_faults/s	84551 yields/s	272 preempts/s
3000 milliseconds	2203 MB/s	33619 short_reads/s	0 short_writes_echo/s	104 cpu_user_milliseconds	1158 cpu_system_milliseconds	0 minor_page_faults/s	0 major_page_faults/s	92758 yields/s	33 preempts/s
4000 milliseconds	2172 MB/s	33156 short_reads/s	0 short_writes_echo/s	111 cpu_user_milliseconds	1143 cpu_system_milliseconds	0 minor_page_faults/s	0 major_page_faults/s	93452 yields/s	53 preempts/s
5000 milliseconds	2153 MB/s	33017 short_reads/s	0 short_writes_echo/s	123 cpu_user_milliseconds	1130 cpu_system_milliseconds	0 minor_page_faults/s	0 major_page_faults/s	92367 yields/s	8 preempts/s
6000 milliseconds	2493 MB/s	38043 short_reads/s	0 short_writes_echo/s	150 cpu_user_milliseconds	1143 cpu_system_milliseconds	0 minor_page_faults/s	0 major_page_faults/s	99295 yields/s	50 preempts/s
7000 milliseconds	2206 MB/s	33673 short_reads/s	0 short_writes_echo/s	116 cpu_user_milliseconds	1145 cpu_system_milliseconds	0 minor_page_faults/s	0 major_page_faults/s	91734 yields/s	105 preempts/s
8000 milliseconds	2407 MB/s	37329 short_reads/s	0 short_writes_echo/s	108 cpu_user_milliseconds	1165 cpu_system_milliseconds	0 minor_page_faults/s	0 major_page_faults/s	98284 yields/s	97 preempts/s
9000 milliseconds	2352 MB/s	35890 short_reads/s	0 short_writes_echo/s	133 cpu_user_milliseconds	1140 cpu_system_milliseconds	0 minor_page_faults/s	0 major_page_faults/s	96898 yields/s	35 preempts/s
10000 milliseconds	2322 MB/s	38515 short_reads/s	0 short_writes_echo/s	126 cpu_user_milliseconds	1090 cpu_system_milliseconds	0 minor_page_faults/s	0 major_page_faults/s	96874 yields/s	16 preempts/s
11000 milliseconds	2271 MB/s	34886 short_reads/s	0 short_writes_echo/s	102 cpu_user_milliseconds	1161 cpu_system_milliseconds	0 minor_page_faults/s	0 major_page_faults/s	94163 yields/s	30 preempts/s
12000 milliseconds	2230 MB/s	34034 short_reads/s	0 short_writes_echo/s	118 cpu_user_milliseconds	1146 cpu_system_milliseconds	0 minor_page_faults/s	0 major_page_faults/s	93079 yields/s	82 preempts/s
13000 milliseconds	2174 MB/s	33176 short_reads/s	0 short_writes_echo/s	105 cpu_user_milliseconds	1065 cpu_system_milliseconds	0 minor_page_faults/s	0 major_page_faults/s	86203 yields/s	1548 preempts/s
14000 milliseconds	2459 MB/s	37525 short_reads/s	0 short_writes_echo/s	124 cpu_user_milliseconds	1168 cpu_system_milliseconds	0 minor_page_faults/s	0 major_page_faults/s	98850 yields/s	18 preempts/s
15000 milliseconds	2687 MB/s	41129 short_reads/s	0 short_writes_echo/s	123 cpu_user_milliseconds	1193 cpu_system_milliseconds	0 minor_page_faults/s	0 major_page_faults/s	103666 yields/s	19 preempts/s
16000 milliseconds	2533 MB/s	39252 short_reads/s	0 short_writes_echo/s	152 cpu_user_milliseconds	1138 cpu_system_milliseconds	0 minor_page_faults/s	0 major_page_faults/s	100232 yields/s	32 preempts/s
17000 milliseconds	2127 MB/s	32464 short_reads/s	0 short_writes_echo/s	116 cpu_user_milliseconds	1130 cpu_system_milliseconds	0 minor_page_faults/s	0 major_page_faults/s	91234 yields/s	105 preempts/s
18000 milliseconds	2261 MB/s	35044 short_reads/s	0 short_writes_echo/s	122 cpu_user_milliseconds	1108 cpu_system_milliseconds	0 minor_page_faults/s	0 major_page_faults/s	92509 yields/s	1396 preempts/s
19000 milliseconds	2518 MB/s	38437 short_reads/s	0 short_writes_echo/s	133 cpu_user_milliseconds	1173 cpu_system_milliseconds	0 minor_page_faults/s	0 major_page_faults/s	99555 yields/s	13 preempts/s
20000 milliseconds	2237 MB/s	34588 short_reads/s	0 short_writes_echo/s	141 cpu_user_milliseconds	1128 cpu_system_milliseconds	0 minor_page_faults/s	0 major_page_faults/s	93633 yields/s	36 preempts/s
21000 milliseconds	2251 MB/s	34360 short_reads/s	0 short_writes_echo/s	105 cpu_user_milliseconds	1149 cpu_system_milliseconds	0 minor_page_faults/s	0 major_page_faults/s	95605 yields/s	43 preempts/s
22000 milliseconds	2400 MB/s	37800 short_reads/s	0 short_writes_echo/s	115 cpu_user_milliseconds	1146 cpu_system_milliseconds	0 minor_page_faults/s	0 major_page_faults/s	97155 yields/s	109 preempts/s
23000 milliseconds	2053 MB/s	31326 short_reads/s	0 short_writes_echo/s	119 cpu_user_milliseconds	1108 cpu_system_milliseconds	0 minor_page_faults/s	0 major_page_faults/s	88213 yields/s	97 preempts/s
24000 milliseconds	2519 MB/s	39502 short_reads/s	0 short_writes_echo/s	123 cpu_user_milliseconds	1148 cpu_system_milliseconds	0 minor_page_faults/s	0 major_page_faults/s	101313 yields/s	15 preempts/s
25000 milliseconds	2160 MB/s	32967 short_reads/s	0 short_writes_echo/s	91 cpu_user_milliseconds	1173 cpu_system_milliseconds	0 minor_page_faults/s	0 major_page_faults/s	91739 yields/s	15 preempts/s
26000 milliseconds	2323 MB/s	35455 short_reads/s	0 short_writes_echo/s	122 cpu_user_milliseconds	1142 cpu_system_milliseconds	0 minor_page_faults/s	0 major_page_faults/s	96543 yields/s	56 preempts/s
27000 milliseconds	2273 MB/s	34690 short_reads/s	0 short_writes_echo/s	110 cpu_user_milliseconds	1153 cpu_system_milliseconds	0 minor_page_faults/s	0 major_page_faults/s	93941 yields/s	176 preempts/s
28000 milliseconds	2307 MB/s	35203 short_reads/s	0 short_writes_echo/s	111 cpu_user_milliseconds	1176 cpu_system_milliseconds	0 minor_page_faults/s	0 major_page_faults/s	94668 yields/s	53 preempts/s
29000 milliseconds	2190 MB/s	33505 short_reads/s	0 short_writes_echo/s	110 cpu_user_milliseconds	1152 cpu_system_milliseconds	0 minor_page_faults/s	0 major_page_faults/s	92909 yields/s	22 preempts/s
30000 milliseconds	2340 MB/s	35713 short_reads/s	0 short_writes_echo/s	124 cpu_user_milliseconds	1154 cpu_system_milliseconds	0 minor_page_faults/s	0 major_page_faults/s	96396 yields/s	17 preempts/s
31000 milliseconds	2587 MB/s	39487 short_reads/s	0 short_writes_echo/s	135 cpu_user_milliseconds	1167 cpu_system_milliseconds	0 minor_page_faults/s	0 major_page_faults/s	101355 yields/s	45 preempts/s
32000 milliseconds	2230 MB/s	34038 short_reads/s	0 short_writes_echo/s	119 cpu_user_milliseconds	1143 cpu_system_milliseconds	0 minor_page_faults/s	0 major_page_faults/s	92468 yields/s	366 preempts/s
33000 milliseconds	1993 MB/s	30414 short_reads/s	0 short_writes_echo/s	86 cpu_user_milliseconds	1146 cpu_system_milliseconds	0 minor_page_faults/s	0 major_page_faults/s	88994 yields/s	22 preempts/s
34000 milliseconds	2023 MB/s	30871 short_reads/s	0 short_writes_echo/s	98 cpu_user_milliseconds	1148 cpu_system_milliseconds	0 minor_page_faults/s	0 major_page_faults/s	89198 yields/s	19 preempts/s
35000 milliseconds	2604 MB/s	39744 short_reads/s	0 short_writes_echo/s	146 cpu_user_milliseconds	1169 cpu_system_milliseconds	0 minor_page_faults/s	0 major_page_faults/s	101699 yields/s	19 preempts/s
36000 milliseconds	2157 MB/s	34661 short_reads/s	0 short_writes_echo/s	105 cpu_user_milliseconds	1104 cpu_system_milliseconds	0 minor_page_faults/s	0 major_page_faults/s	93430 yields/s	30 preempts/s
37000 milliseconds	2165 MB/s	33652 short_reads/s	0 short_writes_echo/s	107 cpu_user_milliseconds	1129 cpu_system_milliseconds	0 minor_page_faults/s	0 major_page_faults/s	92511 yields/s	92 preempts/s
38000 milliseconds	2136 MB/s	32603 short_reads/s	0 short_writes_echo/s	94 cpu_user_milliseconds	1073 cpu_system_milliseconds	0 minor_page_faults/s	0 major_page_faults/s	85211 yields/s	2723 preempts/s
39000 milliseconds	2313 MB/s	35359 short_reads/s	0 short_writes_echo/s	100 cpu_user_milliseconds	1173 cpu_system_milliseconds	0 minor_page_faults/s	0 major_page_faults/s	96232 yields/s	16 preempts/s
40000 milliseconds	2271 MB/s	34663 short_reads/s	0 short_writes_echo/s	114 cpu_user_milliseconds	1150 cpu_system_milliseconds	0 minor_page_faults/s	0 major_page_faults/s	94703 yields/s	35 preempts/s
41000 milliseconds	2521 MB/s	38838 short_reads/s	0 short_writes_echo/s	130 cpu_user_milliseconds	1164 cpu_system_milliseconds	0 minor_page_faults/s	0 major_page_faults/s	99658 yields/s	23 preempts/s
42000 milliseconds	2359 MB/s	35998 short_reads/s	0 short_writes_echo/s	143 cpu_user_milliseconds	1126 cpu_system_milliseconds	0 minor_page_faults/s	0 major_page_faults/s	96370 yields/s	78 preempts/s
43000 milliseconds	2291 MB/s	37825 short_reads/s	0 short_writes_echo/s	111 cpu_user_milliseconds	1108 cpu_system_milliseconds	0 minor_page_faults/s	0 major_page_faults/s	96073 yields/s	56 preempts/s
44000 milliseconds	2401 MB/s	36638 short_reads/s	0 short_writes_echo/s	128 cpu_user_milliseconds	1160 cpu_system_milliseconds	0 minor_page_faults/s	0 major_page_faults/s	97815 yields/s	25 preempts/s
45000 milliseconds	2230 MB/s	34277 short_reads/s	0 short_writes_echo/s	118 cpu_user_milliseconds	1143 cpu_system_milliseconds	0 minor_page_faults/s	0 major_page_faults/s	93869 yields/s	21 preempts/s
46000 milliseconds	2139 MB/s	32649 short_reads/s	0 short_writes_echo/s	99 cpu_user_milliseconds	1149 cpu_system_milliseconds	0 minor_page_faults/s	0 major_page_faults/s	91742 yields/s	22 preempts/s
47000 milliseconds	2224 MB/s	33963 short_reads/s	0 short_writes_echo/s	109 cpu_user_milliseconds	1150 cpu_system_milliseconds	0 minor_page_faults/s	0 major_page_faults/s	92646 yields/s	62 preempts/s
48000 milliseconds	2285 MB/s	34876 short_reads/s	0 short_writes_echo/s	102 cpu_user_milliseconds	1185 cpu_system_milliseconds	0 minor_page_faults/s	0 major_page_faults/s	94181 yields/s	41 preempts/s
49000 milliseconds	2294 MB/s	35011 short_reads/s	0 short_writes_echo/s	133 cpu_user_milliseconds	1151 cpu_system_milliseconds	0 minor_page_faults/s	0 major_page_faults/s	94343 yields/s	20 preempts/s
50000 milliseconds	2182 MB/s	33305 short_reads/s	0 short_writes_echo/s	116 cpu_user_milliseconds	1149 cpu_system_milliseconds	0 minor_page_faults/s	0 major_page_faults/s	91910 yields/s	98 preempts/s
51000 milliseconds	2300 MB/s	35100 short_reads/s	0 short_writes_echo/s	145 cpu_user_milliseconds	1125 cpu_system_milliseconds	0 minor_page_faults/s	0 major_page_faults/s	94798 yields/s	34 preempts/s
52000 milliseconds	2330 MB/s	35553 short_reads/s	0 short_writes_echo/s	134 cpu_user_milliseconds	1134 cpu_system_milliseconds	0 minor_page_faults/s	0 major_page_faults/s	95856 yields/s	193 preempts/s
53000 milliseconds	2570 MB/s	39408 short_reads/s	0 short_writes_echo/s	131 cpu_user_milliseconds	1171 cpu_system_milliseconds	0 minor_page_faults/s	0 major_page_faults/s	101071 yields/s	33 preempts/s
54000 milliseconds	2258 MB/s	34462 short_reads/s	0 short_writes_echo/s	108 cpu_user_milliseconds	1156 cpu_system_milliseconds	0 minor_page_faults/s	0 major_page_faults/s	94631 yields/s	45 preempts/s
55000 milliseconds	2449 MB/s	38327 short_reads/s	0 short_writes_echo/s	116 cpu_user_milliseconds	1158 cpu_system_milliseconds	0 minor_page_faults/s	0 major_page_faults/s	98831 yields/s	35 preempts/s
56000 milliseconds	2239 MB/s	34611 short_reads/s	0 short_writes_echo/s	123 cpu_user_milliseconds	1136 cpu_system_milliseconds	0 minor_page_faults/s	0 major_page_faults/s	93183 yields/s	205 preempts/s
57000 milliseconds	2476 MB/s	37783 short_reads/s	0 short_writes_echo/s	114 cpu_user_milliseconds	1174 cpu_system_milliseconds	0 minor_page_faults/s	0 major_page_faults/s	98817 yields/s	101 preempts/s
58000 milliseconds	2260 MB/s	36087 short_reads/s	0 short_writes_echo/s	120 cpu_user_milliseconds	1118 cpu_system_milliseconds	0 minor_page_faults/s	0 major_page_faults/s	95472 yields/s	47 preempts/s
59000 milliseconds	2230 MB/s	34039 short_reads/s	0 short_writes_echo/s	118 cpu_user_milliseconds	1124 cpu_system_milliseconds	0 minor_page_faults/s	0 major_page_faults/s	92518 yields/s	92 preempts/s
60000 milliseconds	2596 MB/s	39619 short_reads/s	0 short_writes_echo/s	119 cpu_user_milliseconds	1193 cpu_system_milliseconds	0 minor_page_faults/s	0 major_page_faults/s	101643 yields/s	29 preempts/s
61000 milliseconds	2475 MB/s	37770 short_reads/s	0 short_writes_echo/s	127 cpu_user_milliseconds	1159 cpu_system_milliseconds	0 minor_page_faults/s	0 major_page_faults/s	100060 yields/s	71 preempts/s
62000 milliseconds	2362 MB/s	36443 short_reads/s	0 short_writes_echo/s	124 cpu_user_milliseconds	1139 cpu_system_milliseconds	0 minor_page_faults/s	0 major_page_faults/s	96646 yields/s	118 preempts/s
63000 milliseconds	2034 MB/s	31046 short_reads/s	0 short_writes_echo/s	135 cpu_user_milliseconds	1109 cpu_system_milliseconds	0 minor_page_faults/s	0 major_page_faults/s	89377 yields/s	25 preempts/s
64001 milliseconds	2513 MB/s	38348 short_reads/s	0 short_writes_echo/s	112 cpu_user_milliseconds	1183 cpu_system_milliseconds	0 minor_page_faults/s	0 major_page_faults/s	100804 yields/s	55 preempts/s
65001 milliseconds	2013 MB/s	30728 short_reads/s	0 short_writes_echo/s	103 cpu_user_milliseconds	1146 cpu_system_milliseconds	0 minor_page_faults/s	0 major_page_faults/s	88590 yields/s	55 preempts/s
66001 milliseconds	2281 MB/s	34814 short_reads/s	0 short_writes_echo/s	130 cpu_user_milliseconds	1127 cpu_system_milliseconds	0 minor_page_faults/s	0 major_page_faults/s	95700 yields/s	39 preempts/s
67001 milliseconds	2317 MB/s	36899 short_reads/s	0 short_writes_echo/s	112 cpu_user_milliseconds	1123 cpu_system_milliseconds	0 minor_page_faults/s	0 major_page_faults/s	96685 yields/s	300 preempts/s
68001 milliseconds	2089 MB/s	31875 short_reads/s	0 short_writes_echo/s	115 cpu_user_milliseconds	1060 cpu_system_milliseconds	0 minor_page_faults/s	0 major_page_faults/s	83039 yields/s	2662 preempts/s
69001 milliseconds	2289 MB/s	34927 short_reads/s	0 short_writes_echo/s	109 cpu_user_milliseconds	1166 cpu_system_milliseconds	0 minor_page_faults/s	0 major_page_faults/s	94858 yields/s	22 preempts/s
70001 milliseconds	2501 MB/s	38173 short_reads/s	0 short_writes_echo/s	148 cpu_user_milliseconds	1146 cpu_system_milliseconds	0 minor_page_faults/s	0 major_page_faults/s	99479 yields/s	74 preempts/s
71001 milliseconds	2327 MB/s	35521 short_reads/s	0 short_writes_echo/s	121 cpu_user_milliseconds	1153 cpu_system_milliseconds	0 minor_page_faults/s	0 major_page_faults/s	96297 yields/s	25 preempts/s
72001 milliseconds	2380 MB/s	36328 short_reads/s	0 short_writes_echo/s	120 cpu_user_milliseconds	1159 cpu_system_milliseconds	0 minor_page_faults/s	0 major_page_faults/s	96513 yields/s	339 preempts/s
73001 milliseconds	2455 MB/s	37468 short_reads/s	0 short_writes_echo/s	117 cpu_user_milliseconds	1180 cpu_system_milliseconds	0 minor_page_faults/s	0 major_page_faults/s	98139 yields/s	37 preempts/s
74001 milliseconds	2650 MB/s	40437 short_reads/s	0 short_writes_echo/s	123 cpu_user_milliseconds	1198 cpu_system_milliseconds	0 minor_page_faults/s	0 major_page_faults/s	102804 yields/s	34 preempts/s
75001 milliseconds	2523 MB/s	38511 short_reads/s	0 short_writes_echo/s	126 cpu_user_milliseconds	1173 cpu_system_milliseconds	0 minor_page_faults/s	0 major_page_faults/s	100632 yields/s	29 preempts/s
76001 milliseconds	2255 MB/s	34422 short_reads/s	0 short_writes_echo/s	114 cpu_user_milliseconds	1153 cpu_system_milliseconds	0 minor_page_faults/s	0 major_page_faults/s	94368 yields/s	19 preempts/s
77001 milliseconds	2395 MB/s	36549 short_reads/s	0 short_writes_echo/s	117 cpu_user_milliseconds	1156 cpu_system_milliseconds	0 minor_page_faults/s	0 major_page_faults/s	97697 yields/s	76 preempts/s
78001 milliseconds	2328 MB/s	36123 short_reads/s	0 short_writes_echo/s	118 cpu_user_milliseconds	1127 cpu_system_milliseconds	0 minor_page_faults/s	0 major_page_faults/s	95081 yields/s	109 preempts/s
79001 milliseconds	2295 MB/s	35085 short_reads/s	0 short_writes_echo/s	113 cpu_user_milliseconds	1160 cpu_system_milliseconds	0 minor_page_faults/s	0 major_page_faults/s	94510 yields/s	63 preempts/s
80001 milliseconds	2168 MB/s	33091 short_reads/s	0 short_writes_echo/s	117 cpu_user_milliseconds	1146 cpu_system_milliseconds	0 minor_page_faults/s	0 major_page_faults/s	92367 yields/s	39 preempts/s
81001 milliseconds	2454 MB/s	37456 short_reads/s	0 short_writes_echo/s	137 cpu_user_milliseconds	1152 cpu_system_milliseconds	0 minor_page_faults/s	0 major_page_faults/s	98482 yields/s	70 preempts/s
82001 milliseconds	2295 MB/s	35776 short_reads/s	0 short_writes_echo/s	116 cpu_user_milliseconds	1141 cpu_system_milliseconds	0 minor_page_faults/s	0 major_page_faults/s	95090 yields/s	80 preempts/s
83001 milliseconds	2177 MB/s	33277 short_reads/s	0 short_writes_echo/s	113 cpu_user_milliseconds	1120 cpu_system_milliseconds	0 minor_page_faults/s	0 major_page_faults/s	90023 yields/s	211 preempts/s
84001 milliseconds	2463 MB/s	37589 short_reads/s	0 short_writes_echo/s	126 cpu_user_milliseconds	1163 cpu_system_milliseconds	0 minor_page_faults/s	0 major_page_faults/s	99489 yields/s	37 preempts/s
85001 milliseconds	2301 MB/s	35114 short_reads/s	0 short_writes_echo/s	125 cpu_user_milliseconds	1159 cpu_system_milliseconds	0 minor_page_faults/s	0 major_page_faults/s	94612 yields/s	22 preempts/s
86001 milliseconds	2465 MB/s	37617 short_reads/s	0 short_writes_echo/s	131 cpu_user_milliseconds	1163 cpu_system_milliseconds	0 minor_page_faults/s	0 major_page_faults/s	98565 yields/s	30 preempts/s
87001 milliseconds	2227 MB/s	33990 short_reads/s	0 short_writes_echo/s	123 cpu_user_milliseconds	1125 cpu_system_milliseconds	0 minor_page_faults/s	0 major_page_faults/s	93814 yields/s	139 preempts/s
88001 milliseconds	2580 MB/s	39584 short_reads/s	0 short_writes_echo/s	137 cpu_user_milliseconds	1168 cpu_system_milliseconds	0 minor_page_faults/s	0 major_page_faults/s	101078 yields/s	63 preempts/s
89001 milliseconds	2458 MB/s	37520 short_reads/s	0 short_writes_echo/s	119 cpu_user_milliseconds	1164 cpu_system_milliseconds	0 minor_page_faults/s	0 major_page_faults/s	99517 yields/s	32 preempts/s
90001 milliseconds	2347 MB/s	36657 short_reads/s	0 short_writes_echo/s	110 cpu_user_milliseconds	1161 cpu_system_milliseconds	0 minor_page_faults/s	0 major_page_faults/s	96432 yields/s	12 preempts/s
91001 milliseconds	2482 MB/s	38902 short_reads/s	0 short_writes_echo/s	110 cpu_user_milliseconds	1160 cpu_system_milliseconds	0 minor_page_faults/s	0 major_page_faults/s	99206 yields/s	56 preempts/s
92001 milliseconds	2356 MB/s	35959 short_reads/s	0 short_writes_echo/s	114 cpu_user_milliseconds	1161 cpu_system_milliseconds	0 minor_page_faults/s	0 major_page_faults/s	96198 yields/s	87 preempts/s
93001 milliseconds	2376 MB/s	36505 short_reads/s	0 short_writes_echo/s	114 cpu_user_milliseconds	1175 cpu_system_milliseconds	0 minor_page_faults/s	0 major_page_faults/s	96349 yields/s	12 preempts/s
94001 milliseconds	1925 MB/s	30592 short_reads/s	0 short_writes_echo/s	117 cpu_user_milliseconds	1009 cpu_system_milliseconds	0 minor_page_faults/s	0 major_page_faults/s	81624 yields/s	934 preempts/s
95001 milliseconds	2397 MB/s	36588 short_reads/s	0 short_writes_echo/s	122 cpu_user_milliseconds	1157 cpu_system_milliseconds	0 minor_page_faults/s	0 major_page_faults/s	98415 yields/s	19 preempts/s
96001 milliseconds	2186 MB/s	33358 short_reads/s	0 short_writes_echo/s	100 cpu_user_milliseconds	1150 cpu_system_milliseconds	0 minor_page_faults/s	0 major_page_faults/s	93161 yields/s	25 preempts/s
97001 milliseconds	2451 MB/s	37446 short_reads/s	0 short_writes_echo/s	120 cpu_user_milliseconds	1164 cpu_system_milliseconds	0 minor_page_faults/s	0 major_page_faults/s	98191 yields/s	128 preempts/s
98001 milliseconds	2496 MB/s	40859 short_reads/s	0 short_writes_echo/s	133 cpu_user_milliseconds	1112 cpu_system_milliseconds	0 minor_page_faults/s	0 major_page_faults/s	101246 yields/s	21 preempts/s
99001 milliseconds	2569 MB/s	39209 short_reads/s	0 short_writes_echo/s	130 cpu_user_milliseconds	1181 cpu_system_milliseconds	0 minor_page_faults/s	0 major_page_faults/s	100771 yields/s	19 preempts/s
100001 milliseconds	2446 MB/s	37705 short_reads/s	0 short_writes_echo/s	123 cpu_user_milliseconds	1167 cpu_system_milliseconds	0 minor_page_faults/s	0 major_page_faults/s	98459 yields/s	16 preempts/s
101001 milliseconds	2228 MB/s	33999 short_reads/s	0 short_writes_echo/s	109 cpu_user_milliseconds	1151 cpu_system_milliseconds	0 minor_page_faults/s	0 major_page_faults/s	94070 yields/s	22 preempts/s
102001 milliseconds	2294 MB/s	35223 short_reads/s	0 short_writes_echo/s	117 cpu_user_milliseconds	1158 cpu_system_milliseconds	0 minor_page_faults/s	0 major_page_faults/s	94121 yields/s	119 preempts/s
103001 milliseconds	2455 MB/s	38567 short_reads/s	0 short_writes_echo/s	114 cpu_user_milliseconds	1158 cpu_system_milliseconds	0 minor_page_faults/s	0 major_page_faults/s	98988 yields/s	37 preempts/s
104001 milliseconds	2417 MB/s	37490 short_reads/s	0 short_writes_echo/s	137 cpu_user_milliseconds	1139 cpu_system_milliseconds	0 minor_page_faults/s	0 major_page_faults/s	98377 yields/s	29 preempts/s
105001 milliseconds	2508 MB/s	38273 short_reads/s	0 short_writes_echo/s	116 cpu_user_milliseconds	1188 cpu_system_milliseconds	0 minor_page_faults/s	0 major_page_faults/s	99411 yields/s	9 preempts/s
106001 milliseconds	2227 MB/s	34024 short_reads/s	0 short_writes_echo/s	108 cpu_user_milliseconds	1152 cpu_system_milliseconds	0 minor_page_faults/s	0 major_page_faults/s	94547 yields/s	37 preempts/s
107001 milliseconds	2374 MB/s	36844 short_reads/s	0 short_writes_echo/s	116 cpu_user_milliseconds	1149 cpu_system_milliseconds	0 minor_page_faults/s	0 major_page_faults/s	96619 yields/s	136 preempts/s
108002 milliseconds	2364 MB/s	36881 short_reads/s	0 short_writes_echo/s	122 cpu_user_milliseconds	1146 cpu_system_milliseconds	0 minor_page_faults/s	0 major_page_faults/s	96673 yields/s	22 preempts/s
109002 milliseconds	2337 MB/s	36698 short_reads/s	0 short_writes_echo/s	114 cpu_user_milliseconds	1142 cpu_system_milliseconds	0 minor_page_faults/s	0 major_page_faults/s	96867 yields/s	49 preempts/s
110002 milliseconds	2307 MB/s	35546 short_reads/s	0 short_writes_echo/s	131 cpu_user_milliseconds	1135 cpu_system_milliseconds	0 minor_page_faults/s	0 major_page_faults/s	95995 yields/s	54 preempts/s
111002 milliseconds	2230 MB/s	34542 short_reads/s	0 short_writes_echo/s	98 cpu_user_milliseconds	1145 cpu_system_milliseconds	0 minor_page_faults/s	0 major_page_faults/s	94918 yields/s	49 preempts/s
112002 milliseconds	2424 MB/s	37219 short_reads/s	0 short_writes_echo/s	129 cpu_user_milliseconds	1157 cpu_system_milliseconds	0 minor_page_faults/s	0 major_page_faults/s	97011 yields/s	61 preempts/s
113002 milliseconds	2321 MB/s	36067 short_reads/s	0 short_writes_echo/s	136 cpu_user_milliseconds	1121 cpu_system_milliseconds	0 minor_page_faults/s	0 major_page_faults/s	97185 yields/s	68 preempts/s
114002 milliseconds	2534 MB/s	39075 short_reads/s	0 short_writes_echo/s	148 cpu_user_milliseconds	1151 cpu_system_milliseconds	0 minor_page_faults/s	0 major_page_faults/s	100155 yields/s	8 preempts/s
115002 milliseconds	1998 MB/s	30586 short_reads/s	0 short_writes_echo/s	96 cpu_user_milliseconds	1136 cpu_system_milliseconds	0 minor_page_faults/s	0 major_page_faults/s	89571 yields/s	18 preempts/s
116002 milliseconds	2331 MB/s	35570 short_reads/s	0 short_writes_echo/s	116 cpu_user_milliseconds	1160 cpu_system_milliseconds	0 minor_page_faults/s	0 major_page_faults/s	95902 yields/s	31 preempts/s
117002 milliseconds	2401 MB/s	36996 short_reads/s	0 short_writes_echo/s	110 cpu_user_milliseconds	1153 cpu_system_milliseconds	0 minor_page_faults/s	0 major_page_faults/s	97782 yields/s	572 preempts/s
118002 milliseconds	2467 MB/s	37646 short_reads/s	0 short_writes_echo/s	129 cpu_user_milliseconds	1175 cpu_system_milliseconds	0 minor_page_faults/s	0 major_page_faults/s	98189 yields/s	61 preempts/s
119002 milliseconds	2186 MB/s	33357 short_reads/s	0 short_writes_echo/s	100 cpu_user_milliseconds	1141 cpu_system_milliseconds	0 minor_page_faults/s	0 major_page_faults/s	91064 yields/s	204 preempts/s
120002 milliseconds	2512 MB/s	39882 short_reads/s	0 short_writes_echo/s	128 cpu_user_milliseconds	1142 cpu_system_milliseconds	0 minor_page_faults/s	0 major_page_faults/s	100380 yields/s	27 preempts/s
121002 milliseconds	1968 MB/s	30042 short_reads/s	0 short_writes_echo/s	97 cpu_user_milliseconds	1146 cpu_system_milliseconds	0 minor_page_faults/s	0 major_page_faults/s	87123 yields/s	75 preempts/s
122002 milliseconds	2429 MB/s	37071 short_reads/s	0 short_writes_echo/s	131 cpu_user_milliseconds	1096 cpu_system_milliseconds	0 minor_page_faults/s	0 major_page_faults/s	92683 yields/s	2068 preempts/s
123002 milliseconds	2447 MB/s	37339 short_reads/s	0 short_writes_echo/s	129 cpu_user_milliseconds	1165 cpu_system_milliseconds	0 minor_page_faults/s	0 major_page_faults/s	97827 yields/s	62 preempts/s
124002 milliseconds	2324 MB/s	35473 short_reads/s	0 short_writes_echo/s	124 cpu_user_milliseconds	1127 cpu_system_milliseconds	0 minor_page_faults/s	0 major_page_faults/s	95075 yields/s	285 preempts/s
125002 milliseconds	2135 MB/s	32585 short_reads/s	0 short_writes_echo/s	125 cpu_user_milliseconds	1133 cpu_system_milliseconds	0 minor_page_faults/s	0 major_page_faults/s	91303 yields/s	73 preempts/s
126002 milliseconds	2179 MB/s	33263 short_reads/s	0 short_writes_echo/s	102 cpu_user_milliseconds	1149 cpu_system_milliseconds	0 minor_page_faults/s	0 major_page_faults/s	93725 yields/s	45 preempts/s
127002 milliseconds	2135 MB/s	33776 short_reads/s	0 short_writes_echo/s	128 cpu_user_milliseconds	1100 cpu_system_milliseconds	0 minor_page_faults/s	0 major_page_faults/s	90421 yields/s	996 preempts/s
128002 milliseconds	2538 MB/s	38739 short_reads/s	0 short_writes_echo/s	139 cpu_user_milliseconds	1166 cpu_system_milliseconds	0 minor_page_faults/s	0 major_page_faults/s	100029 yields/s	16 preempts/s
129002 milliseconds	2342 MB/s	35736 short_reads/s	0 short_writes_echo/s	126 cpu_user_milliseconds	1137 cpu_system_milliseconds	0 minor_page_faults/s	0 major_page_faults/s	94430 yields/s	162 preempts/s
130002 milliseconds	2365 MB/s	36107 short_reads/s	0 short_writes_echo/s	122 cpu_user_milliseconds	1155 cpu_system_milliseconds	0 minor_page_faults/s	0 major_page_faults/s	96915 yields/s	29 preempts/s
131002 milliseconds	2161 MB/s	32983 short_reads/s	0 short_writes_echo/s	111 cpu_user_milliseconds	1149 cpu_system_milliseconds	0 minor_page_faults/s	0 major_page_faults/s	91544 yields/s	34 preempts/s
132002 milliseconds	2378 MB/s	36294 short_reads/s	0 short_writes_echo/s	101 cpu_user_milliseconds	1176 cpu_system_milliseconds	0 minor_page_faults/s	0 major_page_faults/s	96444 yields/s	96 preempts/s
133002 milliseconds	2160 MB/s	33526 short_reads/s	0 short_writes_echo/s	115 cpu_user_milliseconds	1143 cpu_system_milliseconds	0 minor_page_faults/s	0 major_page_faults/s	91763 yields/s	71 preempts/s
134002 milliseconds	2403 MB/s	36668 short_reads/s	0 short_writes_echo/s	137 cpu_user_milliseconds	1148 cpu_system_milliseconds	0 minor_page_faults/s	0 major_page_faults/s	97639 yields/s	19 preempts/s
135002 milliseconds	2318 MB/s	35381 short_reads/s	0 short_writes_echo/s	114 cpu_user_milliseconds	1160 cpu_system_milliseconds	0 minor_page_faults/s	0 major_page_faults/s	96238 yields/s	38 preempts/s
136002 milliseconds	2433 MB/s	37132 short_reads/s	0 short_writes_echo/s	129 cpu_user_milliseconds	1147 cpu_system_milliseconds	0 minor_page_faults/s	0 major_page_faults/s	99681 yields/s	41 preempts/s
137002 milliseconds	2298 MB/s	35071 short_reads/s	0 short_writes_echo/s	114 cpu_user_milliseconds	1153 cpu_system_milliseconds	0 minor_page_faults/s	0 major_page_faults/s	95098 yields/s	71 preempts/s
138002 milliseconds	2516 MB/s	38405 short_reads/s	0 short_writes_echo/s	120 cpu_user_milliseconds	1177 cpu_system_milliseconds	0 minor_page_faults/s	0 major_page_faults/s	100442 yields/s	24 preempts/s
139002 milliseconds	2453 MB/s	38077 short_reads/s	0 short_writes_echo/s	131 cpu_user_milliseconds	1138 cpu_system_milliseconds	0 minor_page_faults/s	0 major_page_faults/s	99660 yields/s	41 preempts/s
140002 milliseconds	2610 MB/s	39877 short_reads/s	0 short_writes_echo/s	118 cpu_user_milliseconds	1193 cpu_system_milliseconds	0 minor_page_faults/s	0 major_page_faults/s	102054 yields/s	39 preempts/s
141002 milliseconds	2451 MB/s	37580 short_reads/s	0 short_writes_echo/s	123 cpu_user_milliseconds	1171 cpu_system_milliseconds	0 minor_page_faults/s	0 major_page_faults/s	97692 yields/s	55 preempts/s
142002 milliseconds	2207 MB/s	33677 short_reads/s	0 short_writes_echo/s	107 cpu_user_milliseconds	1152 cpu_system_milliseconds	0 minor_page_faults/s	0 major_page_faults/s	93075 yields/s	132 preempts/s
143002 milliseconds	2560 MB/s	41314 short_reads/s	0 short_writes_echo/s	123 cpu_user_milliseconds	1133 cpu_system_milliseconds	0 minor_page_faults/s	0 major_page_faults/s	101624 yields/s	29 preempts/s
144002 milliseconds	2403 MB/s	37489 short_reads/s	0 short_writes_echo/s	114 cpu_user_milliseconds	1154 cpu_system_milliseconds	0 minor_page_faults/s	0 major_page_faults/s	98484 yields/s	60 preempts/s
145002 milliseconds	2304 MB/s	35160 short_reads/s	0 short_writes_echo/s	122 cpu_user_milliseconds	1150 cpu_system_milliseconds	0 minor_page_faults/s	0 major_page_faults/s	96239 yields/s	45 preempts/s
146002 milliseconds	2312 MB/s	35305 short_reads/s	0 short_writes_echo/s	118 cpu_user_milliseconds	1144 cpu_system_milliseconds	0 minor_page_faults/s	0 major_page_faults/s	96255 yields/s	58 preempts/s
147002 milliseconds	2437 MB/s	38421 short_reads/s	0 short_writes_echo/s	123 cpu_user_milliseconds	1135 cpu_system_milliseconds	0 minor_page_faults/s	0 major_page_faults/s	98433 yields/s	84 preempts/s
148002 milliseconds	2374 MB/s	36228 short_reads/s	0 short_writes_echo/s	118 cpu_user_milliseconds	1164 cpu_system_milliseconds	0 minor_page_faults/s	0 major_page_faults/s	97075 yields/s	69 preempts/s
149002 milliseconds	2230 MB/s	34039 short_reads/s	0 short_writes_echo/s	109 cpu_user_milliseconds	1144 cpu_system_milliseconds	0 minor_page_faults/s	0 major_page_faults/s	95618 yields/s	15 preempts/s
150002 milliseconds	2348 MB/s	35836 short_reads/s	0 short_writes_echo/s	139 cpu_user_milliseconds	1140 cpu_system_milliseconds	0 minor_page_faults/s	0 major_page_faults/s	96317 yields/s	26 preempts/s
151002 milliseconds	2323 MB/s	37916 short_reads/s	0 short_writes_echo/s	121 cpu_user_milliseconds	1103 cpu_system_milliseconds	0 minor_page_faults/s	0 major_page_faults/s	97336 yields/s	15 preempts/s
152002 milliseconds	2437 MB/s	37193 short_reads/s	0 short_writes_echo/s	117 cpu_user_milliseconds	1165 cpu_system_milliseconds	0 minor_page_faults/s	0 major_page_faults/s	98211 yields/s	125 preempts/s
153002 milliseconds	2288 MB/s	34976 short_reads/s	0 short_writes_echo/s	111 cpu_user_milliseconds	1158 cpu_system_milliseconds	0 minor_page_faults/s	0 major_page_faults/s	95365 yields/s	35 preempts/s
154002 milliseconds	2460 MB/s	37542 short_reads/s	0 short_writes_echo/s	133 cpu_user_milliseconds	1167 cpu_system_milliseconds	0 minor_page_faults/s	0 major_page_faults/s	98271 yields/s	26 preempts/s
155002 milliseconds	2247 MB/s	34299 short_reads/s	0 short_writes_echo/s	125 cpu_user_milliseconds	1155 cpu_system_milliseconds	0 minor_page_faults/s	0 major_page_faults/s	93172 yields/s	37 preempts/s
156002 milliseconds	2513 MB/s	39058 short_reads/s	0 short_writes_echo/s	130 cpu_user_milliseconds	1151 cpu_system_milliseconds	0 minor_page_faults/s	0 major_page_faults/s	100343 yields/s	51 preempts/s
157002 milliseconds	2293 MB/s	34997 short_reads/s	0 short_writes_echo/s	120 cpu_user_milliseconds	1144 cpu_system_milliseconds	0 minor_page_faults/s	0 major_page_faults/s	94859 yields/s	181 preempts/s
158002 milliseconds	2065 MB/s	31510 short_reads/s	0 short_writes_echo/s	111 cpu_user_milliseconds	1080 cpu_system_milliseconds	0 minor_page_faults/s	0 major_page_faults/s	83824 yields/s	2733 preempts/s
159002 milliseconds	2287 MB/s	35043 short_reads/s	0 short_writes_echo/s	136 cpu_user_milliseconds	1127 cpu_system_milliseconds	0 minor_page_faults/s	0 major_page_faults/s	95453 yields/s	42 preempts/s
160002 milliseconds	2351 MB/s	39178 short_reads/s	0 short_writes_echo/s	111 cpu_user_milliseconds	1091 cpu_system_milliseconds	0 minor_page_faults/s	0 major_page_faults/s	98686 yields/s	23 preempts/s
161002 milliseconds	2341 MB/s	35724 short_reads/s	0 short_writes_echo/s	142 cpu_user_milliseconds	1136 cpu_system_milliseconds	0 minor_page_faults/s	0 major_page_faults/s	95773 yields/s	35 preempts/s
162002 milliseconds	2554 MB/s	38972 short_reads/s	0 short_writes_echo/s	124 cpu_user_milliseconds	1182 cpu_system_milliseconds	0 minor_page_faults/s	0 major_page_faults/s	99758 yields/s	121 preempts/s
163002 milliseconds	2355 MB/s	35941 short_reads/s	0 short_writes_echo/s	133 cpu_user_milliseconds	1131 cpu_system_milliseconds	0 minor_page_faults/s	0 major_page_faults/s	98264 yields/s	30 preempts/s
164002 milliseconds	2458 MB/s	37506 short_reads/s	0 short_writes_echo/s	130 cpu_user_milliseconds	1164 cpu_system_milliseconds	0 minor_page_faults/s	0 major_page_faults/s	99267 yields/s	33 preempts/s
165002 milliseconds	2592 MB/s	39552 short_reads/s	0 short_writes_echo/s	152 cpu_user_milliseconds	1160 cpu_system_milliseconds	0 minor_page_faults/s	0 major_page_faults/s	101895 yields/s	32 preempts/s
166003 milliseconds	2303 MB/s	37326 short_reads/s	0 short_writes_echo/s	126 cpu_user_milliseconds	1104 cpu_system_milliseconds	0 minor_page_faults/s	0 major_page_faults/s	96155 yields/s	34 preempts/s
167003 milliseconds	2388 MB/s	36438 short_reads/s	0 short_writes_echo/s	121 cpu_user_milliseconds	1163 cpu_system_milliseconds	0 minor_page_faults/s	0 major_page_faults/s	96902 yields/s	385 preempts/s
168003 milliseconds	2381 MB/s	36403 short_reads/s	0 short_writes_echo/s	114 cpu_user_milliseconds	1175 cpu_system_milliseconds	0 minor_page_faults/s	0 major_page_faults/s	96522 yields/s	61 preempts/s
169003 milliseconds	2258 MB/s	34459 short_reads/s	0 short_writes_echo/s	121 cpu_user_milliseconds	1161 cpu_system_milliseconds	0 minor_page_faults/s	0 major_page_faults/s	93222 yields/s	35 preempts/s
170003 milliseconds	2572 MB/s	39586 short_reads/s	0 short_writes_echo/s	152 cpu_user_milliseconds	1152 cpu_system_milliseconds	0 minor_page_faults/s	0 major_page_faults/s	101026 yields/s	91 preempts/s
171003 milliseconds	2444 MB/s	37355 short_reads/s	0 short_writes_echo/s	115 cpu_user_milliseconds	1166 cpu_system_milliseconds	0 minor_page_faults/s	0 major_page_faults/s	98838 yields/s	12 preempts/s
172003 milliseconds	2374 MB/s	38106 short_reads/s	0 short_writes_echo/s	118 cpu_user_milliseconds	1122 cpu_system_milliseconds	0 minor_page_faults/s	0 major_page_faults/s	97296 yields/s	112 preempts/s
173003 milliseconds	2625 MB/s	41818 short_reads/s	0 short_writes_echo/s	152 cpu_user_milliseconds	1127 cpu_system_milliseconds	0 minor_page_faults/s	0 major_page_faults/s	102780 yields/s	58 preempts/s
174003 milliseconds	2378 MB/s	36290 short_reads/s	0 short_writes_echo/s	98 cpu_user_milliseconds	1191 cpu_system_milliseconds	0 minor_page_faults/s	0 major_page_faults/s	96526 yields/s	110 preempts/s
175003 milliseconds	2291 MB/s	35193 short_reads/s	0 short_writes_echo/s	126 cpu_user_milliseconds	1154 cpu_system_milliseconds	0 minor_page_faults/s	0 major_page_faults/s	94113 yields/s	56 preempts/s
176003 milliseconds	2439 MB/s	37226 short_reads/s	0 short_writes_echo/s	145 cpu_user_milliseconds	1145 cpu_system_milliseconds	0 minor_page_faults/s	0 major_page_faults/s	98045 yields/s	28 preempts/s
177003 milliseconds	2223 MB/s	33935 short_reads/s	0 short_writes_echo/s	123 cpu_user_milliseconds	1147 cpu_system_milliseconds	0 minor_page_faults/s	0 major_page_faults/s	93008 yields/s	137 preempts/s
178003 milliseconds	2277 MB/s	34754 short_reads/s	0 short_writes_echo/s	121 cpu_user_milliseconds	1161 cpu_system_milliseconds	0 minor_page_faults/s	0 major_page_faults/s	94198 yields/s	19 preempts/s
179003 milliseconds	2168 MB/s	33083 short_reads/s	0 short_writes_echo/s	129 cpu_user_milliseconds	1138 cpu_system_milliseconds	0 minor_page_faults/s	0 major_page_faults/s	91725 yields/s	39 preempts/s
180003 milliseconds	2354 MB/s	35926 short_reads/s	0 short_writes_echo/s	125 cpu_user_milliseconds	1159 cpu_system_milliseconds	0 minor_page_faults/s	0 major_page_faults/s	96500 yields/s	21 preempts/s
181003 milliseconds	2517 MB/s	38418 short_reads/s	0 short_writes_echo/s	126 cpu_user_milliseconds	1179 cpu_system_milliseconds	0 minor_page_faults/s	0 major_page_faults/s	99177 yields/s	35 preempts/s
182003 milliseconds	2179 MB/s	33258 short_reads/s	0 short_writes_echo/s	115 cpu_user_milliseconds	1147 cpu_system_milliseconds	0 minor_page_faults/s	0 major_page_faults/s	91736 yields/s	117 preempts/s
183003 milliseconds	2307 MB/s	35204 short_reads/s	0 short_writes_echo/s	134 cpu_user_milliseconds	1116 cpu_system_milliseconds	0 minor_page_faults/s	0 major_page_faults/s	94991 yields/s	273 preempts/s
184003 milliseconds	2441 MB/s	37247 short_reads/s	0 short_writes_echo/s	117 cpu_user_milliseconds	1178 cpu_system_milliseconds	0 minor_page_faults/s	0 major_page_faults/s	97782 yields/s	21 preempts/s
185003 milliseconds	2372 MB/s	37231 short_reads/s	0 short_writes_echo/s	122 cpu_user_milliseconds	1134 cpu_system_milliseconds	0 minor_page_faults/s	0 major_page_faults/s	97880 yields/s	45 preempts/s
186003 milliseconds	2270 MB/s	34644 short_reads/s	0 short_writes_echo/s	108 cpu_user_milliseconds	1162 cpu_system_milliseconds	0 minor_page_faults/s	0 major_page_faults/s	94249 yields/s	21 preempts/s
187003 milliseconds	2469 MB/s	37689 short_reads/s	0 short_writes_echo/s	123 cpu_user_milliseconds	1165 cpu_system_milliseconds	0 minor_page_faults/s	0 major_page_faults/s	98064 yields/s	124 preempts/s
188003 milliseconds	2360 MB/s	36102 short_reads/s	0 short_writes_echo/s	135 cpu_user_milliseconds	1153 cpu_system_milliseconds	0 minor_page_faults/s	0 major_page_faults/s	95973 yields/s	33 preempts/s
189003 milliseconds	2140 MB/s	32659 short_reads/s	0 short_writes_echo/s	115 cpu_user_milliseconds	1140 cpu_system_milliseconds	0 minor_page_faults/s	0 major_page_faults/s	92494 yields/s	73 preempts/s
190003 milliseconds	2423 MB/s	38610 short_reads/s	0 short_writes_echo/s	124 cpu_user_milliseconds	1136 cpu_system_milliseconds	0 minor_page_faults/s	0 major_page_faults/s	98133 yields/s	41 preempts/s
191003 milliseconds	2287 MB/s	35447 short_reads/s	0 short_writes_echo/s	119 cpu_user_milliseconds	1141 cpu_system_milliseconds	0 minor_page_faults/s	0 major_page_faults/s	95312 yields/s	41 preempts/s
192003 milliseconds	2463 MB/s	37588 short_reads/s	0 short_writes_echo/s	128 cpu_user_milliseconds	1157 cpu_system_milliseconds	0 minor_page_faults/s	0 major_page_faults/s	98461 yields/s	110 preempts/s
193003 milliseconds	2546 MB/s	41828 short_reads/s	0 short_writes_echo/s	136 cpu_user_milliseconds	1111 cpu_system_milliseconds	0 minor_page_faults/s	0 major_page_faults/s	101895 yields/s	16 preempts/s
194003 milliseconds	2602 MB/s	39706 short_reads/s	0 short_writes_echo/s	118 cpu_user_milliseconds	1197 cpu_system_milliseconds	0 minor_page_faults/s	0 major_page_faults/s	102021 yields/s	39 preempts/s
195003 milliseconds	2138 MB/s	32627 short_reads/s	0 short_writes_echo/s	112 cpu_user_milliseconds	1143 cpu_system_milliseconds	0 minor_page_faults/s	0 major_page_faults/s	91859 yields/s	37 preempts/s
196003 milliseconds	2557 MB/s	39200 short_reads/s	0 short_writes_echo/s	105 cpu_user_milliseconds	1192 cpu_system_milliseconds	0 minor_page_faults/s	0 major_page_faults/s	101424 yields/s	15 preempts/s
197003 milliseconds	2385 MB/s	37261 short_reads/s	0 short_writes_echo/s	121 cpu_user_milliseconds	1142 cpu_system_milliseconds	0 minor_page_faults/s	0 major_page_faults/s	97211 yields/s	151 preempts/s
198003 milliseconds	2541 MB/s	38988 short_reads/s	0 short_writes_echo/s	144 cpu_user_milliseconds	1153 cpu_system_milliseconds	0 minor_page_faults/s	0 major_page_faults/s	100262 yields/s	165 preempts/s
199003 milliseconds	2099 MB/s	32860 short_reads/s	0 short_writes_echo/s	118 cpu_user_milliseconds	1024 cpu_system_milliseconds	0 minor_page_faults/s	0 major_page_faults/s	85227 yields/s	2534 preempts/s
200003 milliseconds	2591 MB/s	39601 short_reads/s	0 short_writes_echo/s	135 cpu_user_milliseconds	1171 cpu_system_milliseconds	0 minor_page_faults/s	0 major_page_faults/s	102095 yields/s	69 preempts/s
201003 milliseconds	2418 MB/s	36908 short_reads/s	0 short_writes_echo/s	131 cpu_user_milliseconds	1161 cpu_system_milliseconds	0 minor_page_faults/s	0 major_page_faults/s	97319 yields/s	18 preempts/s
202003 milliseconds	2206 MB/s	35892 short_reads/s	0 short_writes_echo/s	114 cpu_user_milliseconds	1099 cpu_system_milliseconds	0 minor_page_faults/s	0 major_page_faults/s	93491 yields/s	129 preempts/s
203003 milliseconds	2467 MB/s	37655 short_reads/s	0 short_writes_echo/s	122 cpu_user_milliseconds	1169 cpu_system_milliseconds	0 minor_page_faults/s	0 major_page_faults/s	98868 yields/s	68 preempts/s
204003 milliseconds	2278 MB/s	34759 short_reads/s	0 short_writes_echo/s	97 cpu_user_milliseconds	1144 cpu_system_milliseconds	0 minor_page_faults/s	0 major_page_faults/s	94058 yields/s	125 preempts/s
205003 milliseconds	2693 MB/s	41459 short_reads/s	0 short_writes_echo/s	147 cpu_user_milliseconds	1167 cpu_system_milliseconds	0 minor_page_faults/s	0 major_page_faults/s	103785 yields/s	66 preempts/s
206003 milliseconds	2357 MB/s	35970 short_reads/s	0 short_writes_echo/s	124 cpu_user_milliseconds	1151 cpu_system_milliseconds	0 minor_page_faults/s	0 major_page_faults/s	96849 yields/s	46 preempts/s
207003 milliseconds	2037 MB/s	31096 short_reads/s	0 short_writes_echo/s	104 cpu_user_milliseconds	1135 cpu_system_milliseconds	0 minor_page_faults/s	0 major_page_faults/s	88833 yields/s	116 preempts/s
208003 milliseconds	2450 MB/s	38720 short_reads/s	0 short_writes_echo/s	130 cpu_user_milliseconds	1134 cpu_system_milliseconds	0 minor_page_faults/s	0 major_page_faults/s	99712 yields/s	22 preempts/s
209003 milliseconds	2259 MB/s	35104 short_reads/s	0 short_writes_echo/s	108 cpu_user_milliseconds	1111 cpu_system_milliseconds	0 minor_page_faults/s	0 major_page_faults/s	94558 yields/s	127 preempts/s
210003 milliseconds	2547 MB/s	38873 short_reads/s	0 short_writes_echo/s	138 cpu_user_milliseconds	1163 cpu_system_milliseconds	0 minor_page_faults/s	0 major_page_faults/s	100899 yields/s	35 preempts/s
211003 milliseconds	2051 MB/s	31307 short_reads/s	0 short_writes_echo/s	91 cpu_user_milliseconds	1142 cpu_system_milliseconds	0 minor_page_faults/s	0 major_page_faults/s	90956 yields/s	52 preempts/s
212003 milliseconds	2068 MB/s	31556 short_reads/s	0 short_writes_echo/s	117 cpu_user_milliseconds	1130 cpu_system_milliseconds	0 minor_page_faults/s	0 major_page_faults/s	89341 yields/s	209 preempts/s
213003 milliseconds	2540 MB/s	38758 short_reads/s	0 short_writes_echo/s	128 cpu_user_milliseconds	1182 cpu_system_milliseconds	0 minor_page_faults/s	0 major_page_faults/s	99898 yields/s	20 preempts/s
214003 milliseconds	2280 MB/s	34801 short_reads/s	0 short_writes_echo/s	133 cpu_user_milliseconds	1137 cpu_system_milliseconds	0 minor_page_faults/s	0 major_page_faults/s	95168 yields/s	15 preempts/s
215003 milliseconds	2458 MB/s	38589 short_reads/s	0 short_writes_echo/s	143 cpu_user_milliseconds	1132 cpu_system_milliseconds	0 minor_page_faults/s	0 major_page_faults/s	98865 yields/s	23 preempts/s
216003 milliseconds	2480 MB/s	37852 short_reads/s	0 short_writes_echo/s	129 cpu_user_milliseconds	1150 cpu_system_milliseconds	0 minor_page_faults/s	0 major_page_faults/s	100552 yields/s	31 preempts/s
217003 milliseconds	2291 MB/s	36258 short_reads/s	0 short_writes_echo/s	125 cpu_user_milliseconds	1112 cpu_system_milliseconds	0 minor_page_faults/s	0 major_page_faults/s	95006 yields/s	381 preempts/s
218003 milliseconds	2189 MB/s	34070 short_reads/s	0 short_writes_echo/s	109 cpu_user_milliseconds	1124 cpu_system_milliseconds	0 minor_page_faults/s	0 major_page_faults/s	94497 yields/s	35 preempts/s
219003 milliseconds	2273 MB/s	34687 short_reads/s	0 short_writes_echo/s	125 cpu_user_milliseconds	1148 cpu_system_milliseconds	0 minor_page_faults/s	0 major_page_faults/s	94407 yields/s	63 preempts/s
220003 milliseconds	2165 MB/s	33038 short_reads/s	0 short_writes_echo/s	137 cpu_user_milliseconds	1124 cpu_system_milliseconds	0 minor_page_faults/s	0 major_page_faults/s	92307 yields/s	19 preempts/s
221003 milliseconds	2243 MB/s	34235 short_reads/s	0 short_writes_echo/s	139 cpu_user_milliseconds	1123 cpu_system_milliseconds	0 minor_page_faults/s	0 major_page_faults/s	93593 yields/s	31 preempts/s
222003 milliseconds	2201 MB/s	33592 short_reads/s	0 short_writes_echo/s	128 cpu_user_milliseconds	1132 cpu_system_milliseconds	0 minor_page_faults/s	0 major_page_faults/s	92407 yields/s	145 preempts/s
223003 milliseconds	1987 MB/s	30337 short_reads/s	0 short_writes_echo/s	93 cpu_user_milliseconds	1043 cpu_system_milliseconds	0 minor_page_faults/s	0 major_page_faults/s	83433 yields/s	218 preempts/s
224003 milliseconds	2487 MB/s	37949 short_reads/s	0 short_writes_echo/s	146 cpu_user_milliseconds	1152 cpu_system_milliseconds	0 minor_page_faults/s	0 major_page_faults/s	99264 yields/s	65 preempts/s
225004 milliseconds	2487 MB/s	37953 short_reads/s	0 short_writes_echo/s	116 cpu_user_milliseconds	1178 cpu_system_milliseconds	0 minor_page_faults/s	0 major_page_faults/s	100028 yields/s	48 preempts/s
226004 milliseconds	2176 MB/s	33211 short_reads/s	0 short_writes_echo/s	103 cpu_user_milliseconds	1158 cpu_system_milliseconds	0 minor_page_faults/s	0 major_page_faults/s	92392 yields/s	27 preempts/s
227004 milliseconds	2201 MB/s	34327 short_reads/s	0 short_writes_echo/s	132 cpu_user_milliseconds	1097 cpu_system_milliseconds	0 minor_page_faults/s	0 major_page_faults/s	94146 yields/s	93 preempts/s
228004 milliseconds	2265 MB/s	34815 short_reads/s	0 short_writes_echo/s	139 cpu_user_milliseconds	1099 cpu_system_milliseconds	0 minor_page_faults/s	0 major_page_faults/s	92273 yields/s	144 preempts/s
229004 milliseconds	2283 MB/s	34845 short_reads/s	0 short_writes_echo/s	125 cpu_user_milliseconds	1150 cpu_system_milliseconds	0 minor_page_faults/s	0 major_page_faults/s	94932 yields/s	25 preempts/s
230004 milliseconds	2716 MB/s	41457 short_reads/s	0 short_writes_echo/s	129 cpu_user_milliseconds	1198 cpu_system_milliseconds	0 minor_page_faults/s	0 major_page_faults/s	103988 yields/s	27 preempts/s
231004 milliseconds	2520 MB/s	38464 short_reads/s	0 short_writes_echo/s	133 cpu_user_milliseconds	1166 cpu_system_milliseconds	0 minor_page_faults/s	0 major_page_faults/s	99796 yields/s	83 preempts/s
232004 milliseconds	2250 MB/s	34333 short_reads/s	0 short_writes_echo/s	113 cpu_user_milliseconds	1146 cpu_system_milliseconds	0 minor_page_faults/s	0 major_page_faults/s	93487 yields/s	102 preempts/s
233004 milliseconds	2309 MB/s	35798 short_reads/s	0 short_writes_echo/s	123 cpu_user_milliseconds	1149 cpu_system_milliseconds	0 minor_page_faults/s	0 major_page_faults/s	94848 yields/s	31 preempts/s
234004 milliseconds	2656 MB/s	42183 short_reads/s	0 short_writes_echo/s	126 cpu_user_milliseconds	1159 cpu_system_milliseconds	0 minor_page_faults/s	0 major_page_faults/s	103759 yields/s	18 preempts/s
235004 milliseconds	2383 MB/s	36374 short_reads/s	0 short_writes_echo/s	131 cpu_user_milliseconds	1159 cpu_system_milliseconds	0 minor_page_faults/s	0 major_page_faults/s	97026 yields/s	18 preempts/s
236004 milliseconds	2288 MB/s	34918 short_reads/s	0 short_writes_echo/s	117 cpu_user_milliseconds	1158 cpu_system_milliseconds	0 minor_page_faults/s	0 major_page_faults/s	94017 yields/s	21 preempts/s
237004 milliseconds	2360 MB/s	36013 short_reads/s	0 short_writes_echo/s	138 cpu_user_milliseconds	1130 cpu_system_milliseconds	0 minor_page_faults/s	0 major_page_faults/s	96406 yields/s	109 preempts/s
238004 milliseconds	2398 MB/s	36593 short_reads/s	0 short_writes_echo/s	108 cpu_user_milliseconds	1174 cpu_system_milliseconds	0 minor_page_faults/s	0 major_page_faults/s	97533 yields/s	79 preempts/s
239004 milliseconds	2133 MB/s	32593 short_reads/s	0 short_writes_echo/s	116 cpu_user_milliseconds	1113 cpu_system_milliseconds	0 minor_page_faults/s	0 major_page_faults/s	90558 yields/s	463 preempts/s
240004 milliseconds	2404 MB/s	36690 short_reads/s	0 short_writes_echo/s	120 cpu_user_milliseconds	1165 cpu_system_milliseconds	0 minor_page_faults/s	0 major_page_faults/s	97948 yields/s	17 preempts/s
