1000 milliseconds	1752 MB/s	26815 short_reads/s	0 short_writes_echo/s	87 cpu_user_milliseconds	1013 cpu_system_milliseconds	172 minor_page_faults/s	0 major_page_faults/s	73656 yields/s	916 preempts/s
2000 milliseconds	2035 MB/s	31057 short_reads/s	0 short_writes_echo/s	118 cpu_user_milliseconds	1072 cpu_system_milliseconds	4 minor_page_faults/s	0 major_page_faults/s	86313 yields/s	189 preempts/s
3000 milliseconds	2313 MB/s	35435 short_reads/s	0 short_writes_echo/s	106 cpu_user_milliseconds	1158 cpu_system_milliseconds	0 minor_page_faults/s	0 major_page_faults/s	96387 yields/s	10 preempts/s
4000 milliseconds	2263 MB/s	34536 short_reads/s	0 short_writes_echo/s	119 cpu_user_milliseconds	1152 cpu_system_milliseconds	0 minor_page_faults/s	0 major_page_faults/s	94876 yields/s	6 preempts/s
5000 milliseconds	2163 MB/s	33198 short_reads/s	0 short_writes_echo/s	121 cpu_user_milliseconds	1123 cpu_system_milliseconds	0 minor_page_faults/s	0 major_page_faults/s	92075 yields/s	108 preempts/s
6000 milliseconds	2297 MB/s	35061 short_reads/s	0 short_writes_echo/s	136 cpu_user_milliseconds	1133 cpu_system_milliseconds	0 minor_page_faults/s	0 major_page_faults/s	94871 yields/s	92 preempts/s
7000 milliseconds	2322 MB/s	35638 short_reads/s	0 short_writes_echo/s	135 cpu_user_milliseconds	1133 cpu_system_milliseconds	0 minor_page_faults/s	0 major_page_faults/s	95970 yields/s	14 preempts/s
8000 milliseconds	2375 MB/s	36240 short_reads/s	0 short_writes_echo/s	127 cpu_user_milliseconds	1143 cpu_system_milliseconds	0 minor_page_faults/s	0 major_page_faults/s	98207 yields/s	24 preempts/s
9000 milliseconds	2113 MB/s	32730 short_reads/s	0 short_writes_echo/s	106 cpu_user_milliseconds	1093 cpu_system_milliseconds	0 minor_page_faults/s	0 major_page_faults/s	89989 yields/s	322 preempts/s
10000 milliseconds	2492 MB/s	38025 short_reads/s	0 short_writes_echo/s	133 cpu_user_milliseconds	1159 cpu_system_milliseconds	0 minor_page_faults/s	0 major_page_faults/s	99764 yields/s	39 preempts/s
11000 milliseconds	2287 MB/s	34898 short_reads/s	0 short_writes_echo/s	122 cpu_user_milliseconds	1145 cpu_system_milliseconds	0 minor_page_faults/s	0 major_page_faults/s	94836 yields/s	59 preempts/s
12000 milliseconds	2421 MB/s	36949 short_reads/s	0 short_writes_echo/s	109 cpu_user_milliseconds	1184 cpu_system_milliseconds	0 minor_page_faults/s	0 major_page_faults/s	97950 yields/s	52 preempts/s
13000 milliseconds	2326 MB/s	35493 short_reads/s	0 short_writes_echo/s	124 cpu_user_milliseconds	1160 cpu_system_milliseconds	0 minor_page_faults/s	0 major_page_faults/s	95009 yields/s	80 preempts/s
14000 milliseconds	2514 MB/s	38375 short_reads/s	0 short_writes_echo/s	116 cpu_user_milliseconds	1186 cpu_system_milliseconds	0 minor_page_faults/s	0 major_page_faults/s	100507 yields/s	29 preempts/s
15000 milliseconds	1945 MB/s	29690 short_reads/s	0 short_writes_echo/s	109 cpu_user_milliseconds	1115 cpu_system_milliseconds	0 minor_page_faults/s	0 major_page_faults/s	86504 yields/s	39 preempts/s
16000 milliseconds	2146 MB/s	32753 short_reads/s	0 short_writes_echo/s	125 cpu_user_milliseconds	1128 cpu_system_milliseconds	0 minor_page_faults/s	0 major_page_faults/s	90756 yields/s	74 preempts/s
17000 milliseconds	2342 MB/s	35742 short_reads/s	0 short_writes_echo/s	114 cpu_user_milliseconds	1171 cpu_system_milliseconds	0 minor_page_faults/s	0 major_page_faults/s	96262 yields/s	14 preempts/s
18000 milliseconds	2160 MB/s	32971 short_reads/s	0 short_writes_echo/s	100 cpu_user_milliseconds	1168 cpu_system_milliseconds	0 minor_page_faults/s	0 major_page_faults/s	91577 yields/s	17 preempts/s
19000 milliseconds	2592 MB/s	39560 short_reads/s	0 short_writes_echo/s	138 cpu_user_milliseconds	1175 cpu_system_milliseconds	0 minor_page_faults/s	0 major_page_faults/s	102222 yields/s	5 preempts/s
20000 milliseconds	2039 MB/s	31380 short_reads/s	0 short_writes_echo/s	105 cpu_user_milliseconds	1098 cpu_system_milliseconds	0 minor_page_faults/s	0 major_page_faults/s	87431 yields/s	609 preempts/s
21000 milliseconds	2239 MB/s	34292 short_reads/s	0 short_writes_echo/s	108 cpu_user_milliseconds	1135 cpu_system_milliseconds	0 minor_page_faults/s	0 major_page_faults/s	94466 yields/s	79 preempts/s
22000 milliseconds	2341 MB/s	35723 short_reads/s	0 short_writes_echo/s	123 cpu_user_milliseconds	1148 cpu_system_milliseconds	0 minor_page_faults/s	0 major_page_faults/s	95125 yields/s	1055 preempts/s
23000 milliseconds	2330 MB/s	35567 short_reads/s	0 short_writes_echo/s	116 cpu_user_milliseconds	1160 cpu_system_milliseconds	0 minor_page_faults/s	0 major_page_faults/s	96638 yields/s	10 preempts/s
24000 milliseconds	2302 MB/s	35139 short_reads/s	0 short_writes_echo/s	117 cpu_user_milliseconds	1147 cpu_system_milliseconds	0 minor_page_faults/s	0 major_page_faults/s	96366 yields/s	47 preempts/s
25000 milliseconds	2352 MB/s	35896 short_reads/s	0 short_writes_echo/s	118 cpu_user_milliseconds	1158 cpu_system_milliseconds	0 minor_page_faults/s	0 major_page_faults/s	96578 yields/s	35 preempts/s
26000 milliseconds	2126 MB/s	32451 short_reads/s	0 short_writes_echo/s	106 cpu_user_milliseconds	1139 cpu_system_milliseconds	0 minor_page_faults/s	0 major_page_faults/s	91307 yields/s	78 preempts/s
27000 milliseconds	2125 MB/s	32436 short_reads/s	0 short_writes_echo/s	107 cpu_user_milliseconds	1150 cpu_system_milliseconds	0 minor_page_faults/s	0 major_page_faults/s	90783 yields/s	181 preempts/s
28000 milliseconds	2131 MB/s	32522 short_reads/s	0 short_writes_echo/s	107 cpu_user_milliseconds	1140 cpu_system_milliseconds	0 minor_page_faults/s	0 major_page_faults/s	91987 yields/s	17 preempts/s
29000 milliseconds	2023 MB/s	31137 short_reads/s	0 short_writes_echo/s	95 cpu_user_milliseconds	1136 cpu_system_milliseconds	0 minor_page_faults/s	0 major_page_faults/s	88729 yields/s	18 preempts/s
30000 milliseconds	2350 MB/s	35870 short_reads/s	0 short_writes_echo/s	113 cpu_user_milliseconds	1159 cpu_system_milliseconds	0 minor_page_faults/s	0 major_page_faults/s	97245 yields/s	31 preempts/s
31000 milliseconds	2067 MB/s	31553 short_reads/s	0 short_writes_echo/s	104 cpu_user_milliseconds	1143 cpu_system_milliseconds	0 minor_page_faults/s	0 major_page_faults/s	89224 yields/s	78 preempts/s
32000 milliseconds	2406 MB/s	36725 short_reads/s	0 short_writes_echo/s	119 cpu_user_milliseconds	1173 cpu_system_milliseconds	0 minor_page_faults/s	0 major_page_faults/s	97883 yields/s	55 preempts/s
33000 milliseconds	2350 MB/s	35947 short_reads/s	0 short_writes_echo/s	129 cpu_user_milliseconds	1142 cpu_system_milliseconds	0 minor_page_faults/s	0 major_page_faults/s	97347 yields/s	8 preempts/s
34000 milliseconds	2290 MB/s	34942 short_reads/s	0 short_writes_echo/s	108 cpu_user_milliseconds	1164 cpu_system_milliseconds	0 minor_page_faults/s	0 major_page_faults/s	95630 yields/s	14 preempts/s
35000 milliseconds	2415 MB/s	36864 short_reads/s	0 short_writes_echo/s	125 cpu_user_milliseconds	1157 cpu_system_milliseconds	0 minor_page_faults/s	0 major_page_faults/s	98884 yields/s	45 preempts/s
36000 milliseconds	2277 MB/s	34756 short_reads/s	0 short_writes_echo/s	104 cpu_user_milliseconds	1161 cpu_system_milliseconds	0 minor_page_faults/s	0 major_page_faults/s	94110 yields/s	160 preempts/s
37000 milliseconds	2084 MB/s	31809 short_reads/s	0 short_writes_echo/s	109 cpu_user_milliseconds	1142 cpu_system_milliseconds	0 minor_page_faults/s	0 major_page_faults/s	90445 yields/s	90 preempts/s
38000 milliseconds	2127 MB/s	32534 short_reads/s	0 short_writes_echo/s	115 cpu_user_milliseconds	1081 cpu_system_milliseconds	0 minor_page_faults/s	0 major_page_faults/s	85370 yields/s	2576 preempts/s
39000 milliseconds	2582 MB/s	39412 short_reads/s	0 short_writes_echo/s	124 cpu_user_milliseconds	1187 cpu_system_milliseconds	0 minor_page_faults/s	0 major_page_faults/s	101939 yields/s	39 preempts/s
40000 milliseconds	2468 MB/s	38084 short_reads/s	0 short_writes_echo/s	141 cpu_user_milliseconds	1129 cpu_system_milliseconds	0 minor_page_faults/s	0 major_page_faults/s	99262 yields/s	90 preempts/s
41000 milliseconds	2326 MB/s	35504 short_reads/s	0 short_writes_echo/s	137 cpu_user_milliseconds	1129 cpu_system_milliseconds	0 minor_page_faults/s	0 major_page_faults/s	96575 yields/s	82 preempts/s
42000 milliseconds	2399 MB/s	36801 short_reads/s	0 short_writes_echo/s	111 cpu_user_milliseconds	1163 cpu_system_milliseconds	0 minor_page_faults/s	0 major_page_faults/s	97834 yields/s	17 preempts/s
43000 milliseconds	2315 MB/s	35328 short_reads/s	0 short_writes_echo/s	127 cpu_user_milliseconds	1154 cpu_system_milliseconds	0 minor_page_faults/s	0 major_page_faults/s	95573 yields/s	14 preempts/s
44000 milliseconds	2320 MB/s	35410 short_reads/s	0 short_writes_echo/s	134 cpu_user_milliseconds	1153 cpu_system_milliseconds	0 minor_page_faults/s	0 major_page_faults/s	95524 yields/s	14 preempts/s
45000 milliseconds	2388 MB/s	36445 short_reads/s	0 short_writes_echo/s	135 cpu_user_milliseconds	1149 cpu_system_milliseconds	0 minor_page_faults/s	0 major_page_faults/s	97332 yields/s	102 preempts/s
46000 milliseconds	2438 MB/s	37202 short_reads/s	0 short_writes_echo/s	125 cpu_user_milliseconds	1160 cpu_system_milliseconds	0 minor_page_faults/s	0 major_page_faults/s	98405 yields/s	49 preempts/s
47000 milliseconds	2518 MB/s	38430 short_reads/s	0 short_writes_echo/s	134 cpu_user_milliseconds	1177 cpu_system_milliseconds	0 minor_page_faults/s	0 major_page_faults/s	100263 yields/s	16 preempts/s
48000 milliseconds	2486 MB/s	37936 short_reads/s	0 short_writes_echo/s	117 cpu_user_milliseconds	1187 cpu_system_milliseconds	0 minor_page_faults/s	0 major_page_faults/s	99338 yields/s	39 preempts/s
49000 milliseconds	2377 MB/s	36340 short_reads/s	0 short_writes_echo/s	116 cpu_user_milliseconds	1166 cpu_system_milliseconds	0 minor_page_faults/s	0 major_page_faults/s	96438 yields/s	61 preempts/s
50000 milliseconds	2389 MB/s	36454 short_reads/s	0 short_writes_echo/s	134 cpu_user_milliseconds	1152 cpu_system_milliseconds	0 minor_page_faults/s	0 major_page_faults/s	97021 yields/s	24 preempts/s
51000 milliseconds	2343 MB/s	35762 short_reads/s	0 short_writes_echo/s	133 cpu_user_milliseconds	1143 cpu_system_milliseconds	0 minor_page_faults/s	0 major_page_faults/s	96077 yields/s	51 preempts/s
52001 milliseconds	2384 MB/s	36392 short_reads/s	0 short_writes_echo/s	124 cpu_user_milliseconds	1151 cpu_system_milliseconds	0 minor_page_faults/s	0 major_page_faults/s	96459 yields/s	136 preempts/s
53001 milliseconds	2375 MB/s	36241 short_reads/s	0 short_writes_echo/s	124 cpu_user_milliseconds	1146 cpu_system_milliseconds	0 minor_page_faults/s	0 major_page_faults/s	97893 yields/s	33 preempts/s
54001 milliseconds	2078 MB/s	31713 short_reads/s	0 short_writes_echo/s	113 cpu_user_milliseconds	1136 cpu_system_milliseconds	0 minor_page_faults/s	0 major_page_faults/s	90175 yields/s	35 preempts/s
55001 milliseconds	2032 MB/s	31017 short_reads/s	0 short_writes_echo/s	111 cpu_user_milliseconds	1128 cpu_system_milliseconds	0 minor_page_faults/s	0 major_page_faults/s	89163 yields/s	16 preempts/s
56001 milliseconds	2119 MB/s	32346 short_reads/s	0 short_writes_echo/s	119 cpu_user_milliseconds	1136 cpu_system_milliseconds	0 minor_page_faults/s	0 major_page_faults/s	90288 yields/s	54 preempts/s
57001 milliseconds	2219 MB/s	33872 short_reads/s	0 short_writes_echo/s	111 cpu_user_milliseconds	1128 cpu_system_milliseconds	0 minor_page_faults/s	0 major_page_faults/s	93024 yields/s	155 preempts/s
58001 milliseconds	2419 MB/s	36913 short_reads/s	0 short_writes_echo/s	140 cpu_user_milliseconds	1147 cpu_system_milliseconds	0 minor_page_faults/s	0 major_page_faults/s	98559 yields/s	33 preempts/s
59001 milliseconds	2477 MB/s	37806 short_reads/s	0 short_writes_echo/s	127 cpu_user_milliseconds	1168 cpu_system_milliseconds	0 minor_page_faults/s	0 major_page_faults/s	99691 yields/s	33 preempts/s
60001 milliseconds	2407 MB/s	36730 short_reads/s	0 short_writes_echo/s	110 cpu_user_milliseconds	1166 cpu_system_milliseconds	0 minor_page_faults/s	0 major_page_faults/s	98168 yields/s	60 preempts/s
61001 milliseconds	2152 MB/s	32848 short_reads/s	0 short_writes_echo/s	104 cpu_user_milliseconds	1142 cpu_system_milliseconds	0 minor_page_faults/s	0 major_page_faults/s	92596 yields/s	67 preempts/s
62001 milliseconds	2132 MB/s	32544 short_reads/s	0 short_writes_echo/s	114 cpu_user_milliseconds	1124 cpu_system_milliseconds	0 minor_page_faults/s	0 major_page_faults/s	90178 yields/s	80 preempts/s
63001 milliseconds	2379 MB/s	36301 short_reads/s	0 short_writes_echo/s	126 cpu_user_milliseconds	1157 cpu_system_milliseconds	0 minor_page_faults/s	0 major_page_faults/s	97639 yields/s	47 preempts/s
64001 milliseconds	2255 MB/s	34413 short_reads/s	0 short_writes_echo/s	96 cpu_user_milliseconds	1166 cpu_system_milliseconds	0 minor_page_faults/s	0 major_page_faults/s	94889 yields/s	37 preempts/s
65001 milliseconds	2194 MB/s	34276 short_reads/s	0 short_writes_echo/s	119 cpu_user_milliseconds	1094 cpu_system_milliseconds	0 minor_page_faults/s	0 major_page_faults/s	92999 yields/s	39 preempts/s
66001 milliseconds	2146 MB/s	33036 short_reads/s	0 short_writes_echo/s	104 cpu_user_milliseconds	1128 cpu_system_milliseconds	0 minor_page_faults/s	0 major_page_faults/s	91391 yields/s	40 preempts/s
67001 milliseconds	2545 MB/s	38838 short_reads/s	0 short_writes_echo/s	125 cpu_user_milliseconds	1179 cpu_system_milliseconds	0 minor_page_faults/s	0 major_page_faults/s	101379 yields/s	22 preempts/s
68001 milliseconds	2493 MB/s	38041 short_reads/s	0 short_writes_echo/s	129 cpu_user_milliseconds	1177 cpu_system_milliseconds	0 minor_page_faults/s	0 major_page_faults/s	99701 yields/s	12 preempts/s
69001 milliseconds	2191 MB/s	33438 short_reads/s	0 short_writes_echo/s	97 cpu_user_milliseconds	1158 cpu_system_milliseconds	0 minor_page_faults/s	0 major_page_faults/s	93254 yields/s	34 preempts/s
70001 milliseconds	2185 MB/s	33348 short_reads/s	0 short_writes_echo/s	106 cpu_user_milliseconds	1150 cpu_system_milliseconds	0 minor_page_faults/s	0 major_page_faults/s	92715 yields/s	38 preempts/s
71001 milliseconds	1961 MB/s	29922 short_reads/s	0 short_writes_echo/s	109 cpu_user_milliseconds	1120 cpu_system_milliseconds	0 minor_page_faults/s	0 major_page_faults/s	87905 yields/s	94 preempts/s
72001 milliseconds	2162 MB/s	33003 short_reads/s	0 short_writes_echo/s	118 cpu_user_milliseconds	1146 cpu_system_milliseconds	0 minor_page_faults/s	0 major_page_faults/s	91999 yields/s	36 preempts/s
73001 milliseconds	1914 MB/s	29216 short_reads/s	0 short_writes_echo/s	88 cpu_user_milliseconds	1053 cpu_system_milliseconds	0 minor_page_faults/s	0 major_page_faults/s	79891 yields/s	1699 preempts/s
74001 milliseconds	2346 MB/s	36069 short_reads/s	0 short_writes_echo/s	95 cpu_user_milliseconds	1174 cpu_system_milliseconds	0 minor_page_faults/s	0 major_page_faults/s	96265 yields/s	15 preempts/s
75001 milliseconds	2398 MB/s	36595 short_reads/s	0 short_writes_echo/s	126 cpu_user_milliseconds	1152 cpu_system_milliseconds	0 minor_page_faults/s	0 major_page_faults/s	98160 yields/s	110 preempts/s
76001 milliseconds	2269 MB/s	34637 short_reads/s	0 short_writes_echo/s	117 cpu_user_milliseconds	1159 cpu_system_milliseconds	0 minor_page_faults/s	0 major_page_faults/s	93923 yields/s	88 preempts/s
77001 milliseconds	2451 MB/s	37412 short_reads/s	0 short_writes_echo/s	135 cpu_user_milliseconds	1162 cpu_system_milliseconds	0 minor_page_faults/s	0 major_page_faults/s	98646 yields/s	22 preempts/s
78001 milliseconds	2295 MB/s	35564 short_reads/s	0 short_writes_echo/s	123 cpu_user_milliseconds	1118 cpu_system_milliseconds	0 minor_page_faults/s	0 major_page_faults/s	95781 yields/s	17 preempts/s
79001 milliseconds	2560 MB/s	39064 short_reads/s	0 short_writes_echo/s	133 cpu_user_milliseconds	1173 cpu_system_milliseconds	0 minor_page_faults/s	0 major_page_faults/s	101348 yields/s	34 preempts/s
80001 milliseconds	2482 MB/s	37876 short_reads/s	0 short_writes_echo/s	157 cpu_user_milliseconds	1138 cpu_system_milliseconds	0 minor_page_faults/s	0 major_page_faults/s	99125 yields/s	58 preempts/s
81001 milliseconds	2406 MB/s	36979 short_reads/s	0 short_writes_echo/s	114 cpu_user_milliseconds	1152 cpu_system_milliseconds	0 minor_page_faults/s	0 major_page_faults/s	97745 yields/s	60 preempts/s
82001 milliseconds	2431 MB/s	37103 short_reads/s	0 short_writes_echo/s	119 cpu_user_milliseconds	1176 cpu_system_milliseconds	0 minor_page_faults/s	0 major_page_faults/s	98084 yields/s	28 preempts/s
83001 milliseconds	2352 MB/s	35894 short_reads/s	0 short_writes_echo/s	127 cpu_user_milliseconds	1153 cpu_system_milliseconds	0 minor_page_faults/s	0 major_page_faults/s	96774 yields/s	11 preempts/s
84001 milliseconds	2042 MB/s	31499 short_reads/s	0 short_writes_echo/s	91 cpu_user_milliseconds	1144 cpu_system_milliseconds	0 minor_page_faults/s	0 major_page_faults/s	88686 yields/s	10 preempts/s
85001 milliseconds	2331 MB/s	35576 short_reads/s	0 short_writes_echo/s	128 cpu_user_milliseconds	1144 cpu_system_milliseconds	0 minor_page_faults/s	0 major_page_faults/s	95932 yields/s	71 preempts/s
86001 milliseconds	2445 MB/s	37320 short_reads/s	0 short_writes_echo/s	146 cpu_user_milliseconds	1143 cpu_system_milliseconds	0 minor_page_faults/s	0 major_page_faults/s	98558 yields/s	107 preempts/s
87001 milliseconds	2476 MB/s	37790 short_reads/s	0 short_writes_echo/s	142 cpu_user_milliseconds	1153 cpu_system_milliseconds	0 minor_page_faults/s	0 major_page_faults/s	99637 yields/s	57 preempts/s
88001 milliseconds	2333 MB/s	35601 short_reads/s	0 short_writes_echo/s	128 cpu_user_milliseconds	1148 cpu_system_milliseconds	0 minor_page_faults/s	0 major_page_faults/s	96356 yields/s	34 preempts/s
89001 milliseconds	2175 MB/s	33349 short_reads/s	0 short_writes_echo/s	112 cpu_user_milliseconds	1143 cpu_system_milliseconds	0 minor_page_faults/s	0 major_page_faults/s	92285 yields/s	17 preempts/s
90001 milliseconds	2331 MB/s	35580 short_reads/s	0 short_writes_echo/s	129 cpu_user_milliseconds	1145 cpu_system_milliseconds	0 minor_page_faults/s	0 major_page_faults/s	95549 yields/s	45 preempts/s
91001 milliseconds	2237 MB/s	34143 short_reads/s	0 short_writes_echo/s	131 cpu_user_milliseconds	1143 cpu_system_milliseconds	0 minor_page_faults/s	0 major_page_faults/s	93165 yields/s	78 preempts/s
92001 milliseconds	2055 MB/s	31368 short_reads/s	0 short_writes_echo/s	103 cpu_user_milliseconds	1152 cpu_system_milliseconds	0 minor_page_faults/s	0 major_page_faults/s	88908 yields/s	32 preempts/s
93001 milliseconds	2513 MB/s	39152 short_reads/s	0 short_writes_echo/s	123 cpu_user_milliseconds	1128 cpu_system_milliseconds	0 minor_page_faults/s	0 major_page_faults/s	101354 yields/s	59 preempts/s
94001 milliseconds	2098 MB/s	32045 short_reads/s	0 short_writes_echo/s	99 cpu_user_milliseconds	1126 cpu_system_milliseconds	0 minor_page_faults/s	0 major_page_faults/s	89313 yields/s	246 preempts/s
95001 milliseconds	2271 MB/s	34655 short_reads/s	0 short_writes_echo/s	130 cpu_user_milliseconds	1130 cpu_system_milliseconds	0 minor_page_faults/s	0 major_page_faults/s	95373 yields/s	195 preempts/s
96001 milliseconds	1941 MB/s	29625 short_reads/s	0 short_writes_echo/s	100 cpu_user_milliseconds	1123 cpu_system_milliseconds	0 minor_page_faults/s	0 major_page_faults/s	86893 yields/s	64 preempts/s
97001 milliseconds	2331 MB/s	35585 short_reads/s	0 short_writes_echo/s	111 cpu_user_milliseconds	1169 cpu_system_milliseconds	0 minor_page_faults/s	0 major_page_faults/s	95764 yields/s	32 preempts/s
98001 milliseconds	2362 MB/s	36045 short_reads/s	0 short_writes_echo/s	138 cpu_user_milliseconds	1157 cpu_system_milliseconds	0 minor_page_faults/s	0 major_page_faults/s	96241 yields/s	19 preempts/s
99001 milliseconds	2259 MB/s	34473 short_reads/s	0 short_writes_echo/s	126 cpu_user_milliseconds	1151 cpu_system_milliseconds	0 minor_page_faults/s	0 major_page_faults/s	93773 yields/s	29 preempts/s
100001 milliseconds	2385 MB/s	36401 short_reads/s	0 short_writes_echo/s	123 cpu_user_milliseconds	1163 cpu_system_milliseconds	0 minor_page_faults/s	0 major_page_faults/s	97079 yields/s	49 preempts/s
101001 milliseconds	2048 MB/s	31257 short_reads/s	0 short_writes_echo/s	102 cpu_user_milliseconds	1058 cpu_system_milliseconds	0 minor_page_faults/s	0 major_page_faults/s	82757 yields/s	2901 preempts/s
102001 milliseconds	2214 MB/s	33786 short_reads/s	0 short_writes_echo/s	125 cpu_user_milliseconds	1145 cpu_system_milliseconds	0 minor_page_faults/s	0 major_page_faults/s	93252 yields/s	46 preempts/s
103001 milliseconds	2278 MB/s	34771 short_reads/s	0 short_writes_echo/s	108 cpu_user_milliseconds	1158 cpu_system_milliseconds	0 minor_page_faults/s	0 major_page_faults/s	95537 yields/s	33 preempts/s
104001 milliseconds	2262 MB/s	34526 short_reads/s	0 short_writes_echo/s	114 cpu_user_milliseconds	1153 cpu_system_milliseconds	0 minor_page_faults/s	0 major_page_faults/s	94992 yields/s	8 preempts/s
105001 milliseconds	2231 MB/s	34056 short_reads/s	0 short_writes_echo/s	129 cpu_user_milliseconds	1128 cpu_system_milliseconds	0 minor_page_faults/s	0 major_page_faults/s	93945 yields/s	31 preempts/s
106001 milliseconds	2312 MB/s	35287 short_reads/s	0 short_writes_echo/s	118 cpu_user_milliseconds	1149 cpu_system_milliseconds	0 minor_page_faults/s	0 major_page_faults/s	95845 yields/s	86 preempts/s
107001 milliseconds	2397 MB/s	36579 short_reads/s	0 short_writes_echo/s	125 cpu_user_milliseconds	1162 cpu_system_milliseconds	0 minor_page_faults/s	0 major_page_faults/s	98067 yields/s	14 preempts/s
108001 milliseconds	2433 MB/s	37127 short_reads/s	0 short_writes_echo/s	116 cpu_user_milliseconds	1179 cpu_system_milliseconds	0 minor_page_faults/s	0 major_page_faults/s	98187 yields/s	35 preempts/s
109001 milliseconds	2055 MB/s	31360 short_reads/s	0 short_writes_echo/s	103 cpu_user_milliseconds	1135 cpu_system_milliseconds	0 minor_page_faults/s	0 major_page_faults/s	90048 yields/s	24 preempts/s
110001 milliseconds	2466 MB/s	37628 short_reads/s	0 short_writes_echo/s	124 cpu_user_milliseconds	1168 cpu_system_milliseconds	0 minor_page_faults/s	0 major_page_faults/s	98951 yields/s	25 preempts/s
111001 milliseconds	2402 MB/s	36658 short_reads/s	0 short_writes_echo/s	127 cpu_user_milliseconds	1161 cpu_system_milliseconds	0 minor_page_faults/s	0 major_page_faults/s	96646 yields/s	57 preempts/s
112001 milliseconds	2535 MB/s	38687 short_reads/s	0 short_writes_echo/s	138 cpu_user_milliseconds	1170 cpu_system_milliseconds	0 minor_page_faults/s	0 major_page_faults/s	101159 yields/s	23 preempts/s
113001 milliseconds	2095 MB/s	31975 short_reads/s	0 short_writes_echo/s	109 cpu_user_milliseconds	1140 cpu_system_milliseconds	0 minor_page_faults/s	0 major_page_faults/s	90808 yields/s	30 preempts/s
114001 milliseconds	2507 MB/s	38265 short_reads/s	0 short_writes_echo/s	121 cpu_user_milliseconds	1186 cpu_system_milliseconds	0 minor_page_faults/s	0 major_page_faults/s	99751 yields/s	30 preempts/s
115001 milliseconds	2231 MB/s	34045 short_reads/s	0 short_writes_echo/s	120 cpu_user_milliseconds	1154 cpu_system_milliseconds	0 minor_page_faults/s	0 major_page_faults/s	92812 yields/s	28 preempts/s
116002 milliseconds	2268 MB/s	34621 short_reads/s	0 short_writes_echo/s	113 cpu_user_milliseconds	1154 cpu_system_milliseconds	0 minor_page_faults/s	0 major_page_faults/s	94533 yields/s	99 preempts/s
117002 milliseconds	2058 MB/s	31408 short_reads/s	0 short_writes_echo/s	88 cpu_user_milliseconds	1158 cpu_system_milliseconds	0 minor_page_faults/s	0 major_page_faults/s	90004 yields/s	14 preempts/s
118002 milliseconds	2341 MB/s	35727 short_reads/s	0 short_writes_echo/s	138 cpu_user_milliseconds	1141 cpu_system_milliseconds	0 minor_page_faults/s	0 major_page_faults/s	96138 yields/s	24 preempts/s
119002 milliseconds	2462 MB/s	37571 short_reads/s	0 short_writes_echo/s	140 cpu_user_milliseconds	1152 cpu_system_milliseconds	0 minor_page_faults/s	0 major_page_faults/s	99586 yields/s	21 preempts/s
120002 milliseconds	2399 MB/s	37674 short_reads/s	0 short_writes_echo/s	121 cpu_user_milliseconds	1099 cpu_system_milliseconds	0 minor_page_faults/s	0 major_page_faults/s	98156 yields/s	57 preempts/s
121002 milliseconds	2062 MB/s	31473 short_reads/s	0 short_writes_echo/s	115 cpu_user_milliseconds	1130 cpu_system_milliseconds	0 minor_page_faults/s	0 major_page_faults/s	89519 yields/s	164 preempts/s
122002 milliseconds	2090 MB/s	31900 short_reads/s	0 short_writes_echo/s	147 cpu_user_milliseconds	1110 cpu_system_milliseconds	0 minor_page_faults/s	0 major_page_faults/s	90030 yields/s	24 preempts/s
123002 milliseconds	2307 MB/s	35208 short_reads/s	0 short_writes_echo/s	134 cpu_user_milliseconds	1123 cpu_system_milliseconds	0 minor_page_faults/s	0 major_page_faults/s	94300 yields/s	116 preempts/s
124002 milliseconds	2565 MB/s	39145 short_reads/s	0 short_writes_echo/s	147 cpu_user_milliseconds	1161 cpu_system_milliseconds	0 minor_page_faults/s	0 major_page_faults/s	101576 yields/s	22 preempts/s
125002 milliseconds	2295 MB/s	35020 short_reads/s	0 short_writes_echo/s	119 cpu_user_milliseconds	1151 cpu_system_milliseconds	0 minor_page_faults/s	0 major_page_faults/s	94913 yields/s	395 preempts/s
126002 milliseconds	2112 MB/s	32240 short_reads/s	0 short_writes_echo/s	115 cpu_user_milliseconds	1132 cpu_system_milliseconds	0 minor_page_faults/s	0 major_page_faults/s	91649 yields/s	75 preempts/s
127002 milliseconds	2478 MB/s	37811 short_reads/s	0 short_writes_echo/s	127 cpu_user_milliseconds	1175 cpu_system_milliseconds	0 minor_page_faults/s	0 major_page_faults/s	99294 yields/s	9 preempts/s
128002 milliseconds	2460 MB/s	37537 short_reads/s	0 short_writes_echo/s	144 cpu_user_milliseconds	1150 cpu_system_milliseconds	0 minor_page_faults/s	0 major_page_faults/s	99580 yields/s	35 preempts/s
129002 milliseconds	2435 MB/s	37157 short_reads/s	0 short_writes_echo/s	120 cpu_user_milliseconds	1169 cpu_system_milliseconds	0 minor_page_faults/s	0 major_page_faults/s	98955 yields/s	14 preempts/s
130002 milliseconds	2659 MB/s	40585 short_reads/s	0 short_writes_echo/s	144 cpu_user_milliseconds	1169 cpu_system_milliseconds	0 minor_page_faults/s	0 major_page_faults/s	103481 yields/s	59 preempts/s
131002 milliseconds	2271 MB/s	34660 short_reads/s	0 short_writes_echo/s	109 cpu_user_milliseconds	1163 cpu_system_milliseconds	0 minor_page_faults/s	0 major_page_faults/s	93289 yields/s	117 preempts/s
132002 milliseconds	2151 MB/s	32822 short_reads/s	0 short_writes_echo/s	120 cpu_user_milliseconds	1137 cpu_system_milliseconds	0 minor_page_faults/s	0 major_page_faults/s	92338 yields/s	19 preempts/s
133002 milliseconds	2381 MB/s	36346 short_reads/s	0 short_writes_echo/s	132 cpu_user_milliseconds	1159 cpu_system_milliseconds	0 minor_page_faults/s	0 major_page_faults/s	96648 yields/s	28 preempts/s
134002 milliseconds	2198 MB/s	33539 short_reads/s	0 short_writes_echo/s	122 cpu_user_milliseconds	1058 cpu_system_milliseconds	0 minor_page_faults/s	0 major_page_faults/s	85743 yields/s	2998 preempts/s
135002 milliseconds	2118 MB/s	32328 short_reads/s	0 short_writes_echo/s	114 cpu_user_milliseconds	1138 cpu_system_milliseconds	0 minor_page_faults/s	0 major_page_faults/s	90565 yields/s	49 preempts/s
136002 milliseconds	2370 MB/s	36175 short_reads/s	0 short_writes_echo/s	137 cpu_user_milliseconds	1140 cpu_system_milliseconds	0 minor_page_faults/s	0 major_page_faults/s	96957 yields/s	72 preempts/s
137002 milliseconds	2560 MB/s	39082 short_reads/s	0 short_writes_echo/s	127 cpu_user_milliseconds	1178 cpu_system_milliseconds	0 minor_page_faults/s	0 major_page_faults/s	101749 yields/s	42 preempts/s
138002 milliseconds	2509 MB/s	38295 short_reads/s	0 short_writes_echo/s	164 cpu_user_milliseconds	1140 cpu_system_milliseconds	0 minor_page_faults/s	0 major_page_faults/s	100028 yields/s	22 preempts/s
139002 milliseconds	2343 MB/s	35784 short_reads/s	0 short_writes_echo/s	128 cpu_user_milliseconds	1154 cpu_system_milliseconds	0 minor_page_faults/s	0 major_page_faults/s	96359 yields/s	27 preempts/s
140002 milliseconds	2079 MB/s	31731 short_reads/s	0 short_writes_echo/s	99 cpu_user_milliseconds	1151 cpu_system_milliseconds	0 minor_page_faults/s	0 major_page_faults/s	89676 yields/s	11 preempts/s
141002 milliseconds	2227 MB/s	33986 short_reads/s	0 short_writes_echo/s	126 cpu_user_milliseconds	1135 cpu_system_milliseconds	0 minor_page_faults/s	0 major_page_faults/s	93081 yields/s	97 preempts/s
142002 milliseconds	2377 MB/s	38300 short_reads/s	0 short_writes_echo/s	126 cpu_user_milliseconds	1033 cpu_system_milliseconds	0 minor_page_faults/s	0 major_page_faults/s	98751 yields/s	36 preempts/s
143002 milliseconds	2303 MB/s	35141 short_reads/s	0 short_writes_echo/s	128 cpu_user_milliseconds	1150 cpu_system_milliseconds	0 minor_page_faults/s	0 major_page_faults/s	95847 yields/s	25 preempts/s
144002 milliseconds	1940 MB/s	29616 short_reads/s	0 short_writes_echo/s	84 cpu_user_milliseconds	1122 cpu_system_milliseconds	0 minor_page_faults/s	0 major_page_faults/s	85420 yields/s	204 preempts/s
145002 milliseconds	2248 MB/s	34309 short_reads/s	0 short_writes_echo/s	127 cpu_user_milliseconds	1125 cpu_system_milliseconds	0 minor_page_faults/s	0 major_page_faults/s	94885 yields/s	64 preempts/s
146002 milliseconds	2015 MB/s	30760 short_reads/s	0 short_writes_echo/s	110 cpu_user_milliseconds	1122 cpu_system_milliseconds	0 minor_page_faults/s	0 major_page_faults/s	87996 yields/s	100 preempts/s
147002 milliseconds	2139 MB/s	32648 short_reads/s	0 short_writes_echo/s	114 cpu_user_milliseconds	1149 cpu_system_milliseconds	0 minor_page_faults/s	0 major_page_faults/s	91197 yields/s	22 preempts/s
148002 milliseconds	2434 MB/s	37154 short_reads/s	0 short_writes_echo/s	123 cpu_user_milliseconds	1166 cpu_system_milliseconds	0 minor_page_faults/s	0 major_page_faults/s	98795 yields/s	25 preempts/s
149002 milliseconds	2587 MB/s	39965 short_reads/s	0 short_writes_echo/s	144 cpu_user_milliseconds	1143 cpu_system_milliseconds	0 minor_page_faults/s	0 major_page_faults/s	101840 yields/s	96 preempts/s
150002 milliseconds	2266 MB/s	34579 short_reads/s	0 short_writes_echo/s	104 cpu_user_milliseconds	1162 cpu_system_milliseconds	0 minor_page_faults/s	0 major_page_faults/s	94834 yields/s	38 preempts/s
151002 milliseconds	2209 MB/s	33706 short_reads/s	0 short_writes_echo/s	106 cpu_user_milliseconds	1155 cpu_system_milliseconds	0 minor_page_faults/s	0 major_page_faults/s	92805 yields/s	124 preempts/s
152002 milliseconds	2545 MB/s	38833 short_reads/s	0 short_writes_echo/s	144 cpu_user_milliseconds	1160 cpu_system_milliseconds	0 minor_page_faults/s	0 major_page_faults/s	101617 yields/s	27 preempts/s
153002 milliseconds	2322 MB/s	35431 short_reads/s	0 short_writes_echo/s	115 cpu_user_milliseconds	1166 cpu_system_milliseconds	0 minor_page_faults/s	0 major_page_faults/s	95683 yields/s	15 preempts/s
154002 milliseconds	2418 MB/s	37145 short_reads/s	0 short_writes_echo/s	115 cpu_user_milliseconds	1161 cpu_system_milliseconds	0 minor_page_faults/s	0 major_page_faults/s	98257 yields/s	28 preempts/s
155002 milliseconds	2357 MB/s	35976 short_reads/s	0 short_writes_echo/s	109 cpu_user_milliseconds	1159 cpu_system_milliseconds	0 minor_page_faults/s	0 major_page_faults/s	98078 yields/s	40 preempts/s
156002 milliseconds	2261 MB/s	34503 short_reads/s	0 short_writes_echo/s	104 cpu_user_milliseconds	1159 cpu_system_milliseconds	0 minor_page_faults/s	0 major_page_faults/s	94275 yields/s	488 preempts/s
157002 milliseconds	2330 MB/s	35559 short_reads/s	0 short_writes_echo/s	119 cpu_user_milliseconds	1150 cpu_system_milliseconds	0 minor_page_faults/s	0 major_page_faults/s	96418 yields/s	72 preempts/s
158002 milliseconds	2439 MB/s	37229 short_reads/s	0 short_writes_echo/s	138 cpu_user_milliseconds	1163 cpu_system_milliseconds	0 minor_page_faults/s	0 major_page_faults/s	98126 yields/s	8 preempts/s
159002 milliseconds	2323 MB/s	36126 short_reads/s	0 short_writes_echo/s	120 cpu_user_milliseconds	1118 cpu_system_milliseconds	0 minor_page_faults/s	0 major_page_faults/s	96541 yields/s	28 preempts/s
160002 milliseconds	2370 MB/s	36176 short_reads/s	0 short_writes_echo/s	133 cpu_user_milliseconds	1145 cpu_system_milliseconds	0 minor_page_faults/s	0 major_page_faults/s	97602 yields/s	13 preempts/s
161002 milliseconds	2143 MB/s	32705 short_reads/s	0 short_writes_echo/s	108 cpu_user_milliseconds	1151 cpu_system_milliseconds	0 minor_page_faults/s	0 major_page_faults/s	90503 yields/s	65 preempts/s
162002 milliseconds	2558 MB/s	39039 short_reads/s	0 short_writes_echo/s	135 cpu_user_milliseconds	1171 cpu_system_milliseconds	0 minor_page_faults/s	0 major_page_faults/s	101562 yields/s	53 preempts/s
163002 milliseconds	2153 MB/s	32864 short_reads/s	0 short_writes_echo/s	112 cpu_user_milliseconds	1150 cpu_system_milliseconds	0 minor_page_faults/s	0 major_page_faults/s	91857 yields/s	17 preempts/s
164002 milliseconds	2399 MB/s	36616 short_reads/s	0 short_writes_echo/s	119 cpu_user_milliseconds	1161 cpu_system_milliseconds	0 minor_page_faults/s	0 major_page_faults/s	98543 yields/s	35 preempts/s
165002 milliseconds	2288 MB/s	35205 short_reads/s	0 short_writes_echo/s	107 cpu_user_milliseconds	1152 cpu_system_milliseconds	0 minor_page_faults/s	0 major_page_faults/s	94286 yields/s	56 preempts/s
166002 milliseconds	1994 MB/s	30441 short_reads/s	0 short_writes_echo/s	96 cpu_user_milliseconds	1118 cpu_system_milliseconds	0 minor_page_faults/s	0 major_page_faults/s	86484 yields/s	254 preempts/s
167002 milliseconds	2456 MB/s	37813 short_reads/s	0 short_writes_echo/s	125 cpu_user_milliseconds	1157 cpu_system_milliseconds	0 minor_page_faults/s	0 major_page_faults/s	98923 yields/s	25 preempts/s
168002 milliseconds	2255 MB/s	34411 short_reads/s	0 short_writes_echo/s	132 cpu_user_milliseconds	1082 cpu_system_milliseconds	0 minor_page_faults/s	0 major_page_faults/s	89016 yields/s	1741 preempts/s
169002 milliseconds	2494 MB/s	38064 short_reads/s	0 short_writes_echo/s	123 cpu_user_milliseconds	1178 cpu_system_milliseconds	0 minor_page_faults/s	0 major_page_faults/s	99921 yields/s	26 preempts/s
170002 milliseconds	2454 MB/s	37455 short_reads/s	0 short_writes_echo/s	137 cpu_user_milliseconds	1152 cpu_system_milliseconds	0 minor_page_faults/s	0 major_page_faults/s	99252 yields/s	41 preempts/s
171002 milliseconds	2095 MB/s	31973 short_reads/s	0 short_writes_echo/s	113 cpu_user_milliseconds	1110 cpu_system_milliseconds	0 minor_page_faults/s	0 major_page_faults/s	88997 yields/s	149 preempts/s
172002 milliseconds	2567 MB/s	39182 short_reads/s	0 short_writes_echo/s	127 cpu_user_milliseconds	1180 cpu_system_milliseconds	0 minor_page_faults/s	0 major_page_faults/s	101310 yields/s	25 preempts/s
173002 milliseconds	2434 MB/s	37148 short_reads/s	0 short_writes_echo/s	120 cpu_user_milliseconds	1176 cpu_system_milliseconds	0 minor_page_faults/s	0 major_page_faults/s	97979 yields/s	20 preempts/s
174002 milliseconds	2250 MB/s	34341 short_reads/s	0 short_writes_echo/s	112 cpu_user_milliseconds	1159 cpu_system_milliseconds	0 minor_page_faults/s	0 major_page_faults/s	93896 yields/s	62 preempts/s
175002 milliseconds	2559 MB/s	40366 short_reads/s	0 short_writes_echo/s	116 cpu_user_milliseconds	1113 cpu_system_milliseconds	0 minor_page_faults/s	0 major_page_faults/s	101874 yields/s	72 preempts/s
176002 milliseconds	2431 MB/s	37125 short_reads/s	0 short_writes_echo/s	137 cpu_user_milliseconds	1148 cpu_system_milliseconds	0 minor_page_faults/s	0 major_page_faults/s	97237 yields/s	217 preempts/s
177002 milliseconds	2199 MB/s	33568 short_reads/s	0 short_writes_echo/s	131 cpu_user_milliseconds	1143 cpu_system_milliseconds	0 minor_page_faults/s	0 major_page_faults/s	92384 yields/s	52 preempts/s
178002 milliseconds	2465 MB/s	37617 short_reads/s	0 short_writes_echo/s	133 cpu_user_milliseconds	1163 cpu_system_milliseconds	0 minor_page_faults/s	0 major_page_faults/s	99610 yields/s	23 preempts/s
179002 milliseconds	2174 MB/s	33182 short_reads/s	0 short_writes_echo/s	123 cpu_user_milliseconds	1127 cpu_system_milliseconds	0 minor_page_faults/s	0 major_page_faults/s	93315 yields/s	18 preempts/s
180002 milliseconds	2270 MB/s	34639 short_reads/s	0 short_writes_echo/s	127 cpu_user_milliseconds	1148 cpu_system_milliseconds	0 minor_page_faults/s	0 major_page_faults/s	94560 yields/s	23 preempts/s
181002 milliseconds	2202 MB/s	33611 short_reads/s	0 short_writes_echo/s	125 cpu_user_milliseconds	1139 cpu_system_milliseconds	0 minor_page_faults/s	0 major_page_faults/s	92328 yields/s	78 preempts/s
182002 milliseconds	2335 MB/s	35630 short_reads/s	0 short_writes_echo/s	116 cpu_user_milliseconds	1154 cpu_system_milliseconds	0 minor_page_faults/s	0 major_page_faults/s	97221 yields/s	11 preempts/s
183002 milliseconds	2313 MB/s	35303 short_reads/s	0 short_writes_echo/s	124 cpu_user_milliseconds	1143 cpu_system_milliseconds	0 minor_page_faults/s	0 major_page_faults/s	96659 yields/s	46 preempts/s
184002 milliseconds	2022 MB/s	30867 short_reads/s	0 short_writes_echo/s	93 cpu_user_milliseconds	1132 cpu_system_milliseconds	0 minor_page_faults/s	0 major_page_faults/s	90742 yields/s	29 preempts/s
185002 milliseconds	2273 MB/s	34697 short_reads/s	0 short_writes_echo/s	117 cpu_user_milliseconds	1155 cpu_system_milliseconds	0 minor_page_faults/s	0 major_page_faults/s	94631 yields/s	26 preempts/s
186002 milliseconds	2418 MB/s	36900 short_reads/s	0 short_writes_echo/s	129 cpu_user_milliseconds	1151 cpu_system_milliseconds	0 minor_page_faults/s	0 major_page_faults/s	98182 yields/s	42 preempts/s
187002 milliseconds	2405 MB/s	36705 short_reads/s	0 short_writes_echo/s	128 cpu_user_milliseconds	1161 cpu_system_milliseconds	0 minor_page_faults/s	0 major_page_faults/s	97901 yields/s	22 preempts/s
188002 milliseconds	2460 MB/s	37541 short_reads/s	0 short_writes_echo/s	130 cpu_user_milliseconds	1167 cpu_system_milliseconds	0 minor_page_faults/s	0 major_page_faults/s	99205 yields/s	31 preempts/s
189003 milliseconds	2253 MB/s	34385 short_reads/s	0 short_writes_echo/s	121 cpu_user_milliseconds	1152 cpu_system_milliseconds	0 minor_page_faults/s	0 major_page_faults/s	94145 yields/s	21 preempts/s
190003 milliseconds	2539 MB/s	38755 short_reads/s	0 short_writes_echo/s	127 cpu_user_milliseconds	1171 cpu_system_milliseconds	0 minor_page_faults/s	0 major_page_faults/s	101141 yields/s	30 preempts/s
191003 milliseconds	2208 MB/s	34337 short_reads/s	0 short_writes_echo/s	122 cpu_user_milliseconds	1104 cpu_system_milliseconds	0 minor_page_faults/s	0 major_page_faults/s	93460 yields/s	85 preempts/s
192003 milliseconds	2422 MB/s	36967 short_reads/s	0 short_writes_echo/s	133 cpu_user_milliseconds	1159 cpu_system_milliseconds	0 minor_page_faults/s	0 major_page_faults/s	98075 yields/s	37 preempts/s
193003 milliseconds	2412 MB/s	36808 short_reads/s	0 short_writes_echo/s	112 cpu_user_milliseconds	1176 cpu_system_milliseconds	0 minor_page_faults/s	0 major_page_faults/s	97698 yields/s	24 preempts/s
194003 milliseconds	2434 MB/s	37151 short_reads/s	0 short_writes_echo/s	124 cpu_user_milliseconds	1168 cpu_system_milliseconds	0 minor_page_faults/s	0 major_page_faults/s	98539 yields/s	46 preempts/s
195003 milliseconds	2360 MB/s	36450 short_reads/s	0 short_writes_echo/s	109 cpu_user_milliseconds	1135 cpu_system_milliseconds	0 minor_page_faults/s	0 major_page_faults/s	97804 yields/s	41 preempts/s
196003 milliseconds	2353 MB/s	35924 short_reads/s	0 short_writes_echo/s	112 cpu_user_milliseconds	1164 cpu_system_milliseconds	0 minor_page_faults/s	0 major_page_faults/s	96066 yields/s	75 preempts/s
197003 milliseconds	2437 MB/s	37190 short_reads/s	0 short_writes_echo/s	129 cpu_user_milliseconds	1164 cpu_system_milliseconds	0 minor_page_faults/s	0 major_page_faults/s	98855 yields/s	21 preempts/s
198003 milliseconds	2249 MB/s	34324 short_reads/s	0 short_writes_echo/s	101 cpu_user_milliseconds	1163 cpu_system_milliseconds	0 minor_page_faults/s	0 major_page_faults/s	94967 yields/s	10 preempts/s
199003 milliseconds	2407 MB/s	36729 short_reads/s	0 short_writes_echo/s	128 cpu_user_milliseconds	1152 cpu_system_milliseconds	0 minor_page_faults/s	0 major_page_faults/s	98872 yields/s	42 preempts/s
200003 milliseconds	2393 MB/s	36520 short_reads/s	0 short_writes_echo/s	134 cpu_user_milliseconds	1142 cpu_system_milliseconds	0 minor_page_faults/s	0 major_page_faults/s	98310 yields/s	63 preempts/s
201003 milliseconds	2284 MB/s	34858 short_reads/s	0 short_writes_echo/s	135 cpu_user_milliseconds	1111 cpu_system_milliseconds	0 minor_page_faults/s	0 major_page_faults/s	93394 yields/s	376 preempts/s
202003 milliseconds	2471 MB/s	37718 short_reads/s	0 short_writes_echo/s	125 cpu_user_milliseconds	1173 cpu_system_milliseconds	0 minor_page_faults/s	0 major_page_faults/s	99530 yields/s	39 preempts/s
203003 milliseconds	2290 MB/s	35779 short_reads/s	0 short_writes_echo/s	127 cpu_user_milliseconds	1042 cpu_system_milliseconds	0 minor_page_faults/s	0 major_page_faults/s	90440 yields/s	2459 preempts/s
204003 milliseconds	2489 MB/s	37982 short_reads/s	0 short_writes_echo/s	138 cpu_user_milliseconds	1168 cpu_system_milliseconds	0 minor_page_faults/s	0 major_page_faults/s	99492 yields/s	42 preempts/s
205003 milliseconds	2370 MB/s	36176 short_reads/s	0 short_writes_echo/s	124 cpu_user_milliseconds	1155 cpu_system_milliseconds	0 minor_page_faults/s	0 major_page_faults/s	96176 yields/s	174 preempts/s
206003 milliseconds	1926 MB/s	29389 short_reads/s	0 short_writes_echo/s	101 cpu_user_milliseconds	1105 cpu_system_milliseconds	0 minor_page_faults/s	0 major_page_faults/s	84130 yields/s	485 preempts/s
207003 milliseconds	2459 MB/s	37535 short_reads/s	0 short_writes_echo/s	125 cpu_user_milliseconds	1175 cpu_system_milliseconds	0 minor_page_faults/s	0 major_page_faults/s	98946 yields/s	56 preempts/s
208003 milliseconds	2046 MB/s	31219 short_reads/s	0 short_writes_echo/s	121 cpu_user_milliseconds	1123 cpu_system_milliseconds	0 minor_page_faults/s	0 major_page_faults/s	89332 yields/s	81 preempts/s
209003 milliseconds	2039 MB/s	31116 short_reads/s	0 short_writes_echo/s	120 cpu_user_milliseconds	1126 cpu_system_milliseconds	0 minor_page_faults/s	0 major_page_faults/s	88879 yields/s	31 preempts/s
210003 milliseconds	2329 MB/s	35548 short_reads/s	0 short_writes_echo/s	137 cpu_user_milliseconds	1142 cpu_system_milliseconds	0 minor_page_faults/s	0 major_page_faults/s	95705 yields/s	27 preempts/s
211003 milliseconds	2225 MB/s	33959 short_reads/s	0 short_writes_echo/s	110 cpu_user_milliseconds	1146 cpu_system_milliseconds	0 minor_page_faults/s	0 major_page_faults/s	93421 yields/s	106 preempts/s
212003 milliseconds	2063 MB/s	31488 short_reads/s	0 short_writes_echo/s	125 cpu_user_milliseconds	1117 cpu_system_milliseconds	0 minor_page_faults/s	0 major_page_faults/s	90495 yields/s	22 preempts/s
213003 milliseconds	2279 MB/s	35124 short_reads/s	0 short_writes_echo/s	123 cpu_user_milliseconds	1131 cpu_system_milliseconds	0 minor_page_faults/s	0 major_page_faults/s	95123 yields/s	27 preempts/s
214003 milliseconds	2371 MB/s	36211 short_reads/s	0 short_writes_echo/s	117 cpu_user_milliseconds	1157 cpu_system_milliseconds	0 minor_page_faults/s	0 major_page_faults/s	97470 yields/s	146 preempts/s
215003 milliseconds	2238 MB/s	34244 short_reads/s	0 short_writes_echo/s	111 cpu_user_milliseconds	1146 cpu_system_milliseconds	0 minor_page_faults/s	0 major_page_faults/s	94654 yields/s	34 preempts/s
216003 milliseconds	2236 MB/s	34122 short_reads/s	0 short_writes_echo/s	132 cpu_user_milliseconds	1133 cpu_system_milliseconds	0 minor_page_faults/s	0 major_page_faults/s	93010 yields/s	41 preempts/s
217003 milliseconds	2184 MB/s	33332 short_reads/s	0 short_writes_echo/s	108 cpu_user_milliseconds	1146 cpu_system_milliseconds	0 minor_page_faults/s	0 major_page_faults/s	93389 yields/s	14 preempts/s
218003 milliseconds	2442 MB/s	37266 short_reads/s	0 short_writes_echo/s	146 cpu_user_milliseconds	1139 cpu_system_milliseconds	0 minor_page_faults/s	0 major_page_faults/s	99199 yields/s	21 preempts/s
219003 milliseconds	2443 MB/s	37285 short_reads/s	0 short_writes_echo/s	140 cpu_user_milliseconds	1157 cpu_system_milliseconds	0 minor_page_faults/s	0 major_page_faults/s	98518 yields/s	9 preempts/s
220003 milliseconds	2118 MB/s	32330 short_reads/s	0 short_writes_echo/s	105 cpu_user_milliseconds	1150 cpu_system_milliseconds	0 minor_page_faults/s	0 major_page_faults/s	90748 yields/s	47 preempts/s
221003 milliseconds	2093 MB/s	32146 short_reads/s	0 short_writes_echo/s	97 cpu_user_milliseconds	1132 cpu_system_milliseconds	0 minor_page_faults/s	0 major_page_faults/s	90597 yields/s	62 preempts/s
222003 milliseconds	2424 MB/s	37404 short_reads/s	0 short_writes_echo/s	109 cpu_user_milliseconds	1165 cpu_system_milliseconds	0 minor_page_faults/s	0 major_page_faults/s	97804 yields/s	98 preempts/s
223003 milliseconds	2288 MB/s	34912 short_reads/s	0 short_writes_echo/s	120 cpu_user_milliseconds	1156 cpu_system_milliseconds	0 minor_page_faults/s	0 major_page_faults/s	94995 yields/s	27 preempts/s
224003 milliseconds	2531 MB/s	38633 short_reads/s	0 short_writes_echo/s	140 cpu_user_milliseconds	1169 cpu_system_milliseconds	0 minor_page_faults/s	0 major_page_faults/s	100505 yields/s	48 preempts/s
225003 milliseconds	2221 MB/s	33899 short_reads/s	0 short_writes_echo/s	143 cpu_user_milliseconds	1123 cpu_system_milliseconds	0 minor_page_faults/s	0 major_page_faults/s	93242 yields/s	40 preempts/s
226003 milliseconds	2318 MB/s	35376 short_reads/s	0 short_writes_echo/s	106 cpu_user_milliseconds	1164 cpu_system_milliseconds	0 minor_page_faults/s	0 major_page_faults/s	96125 yields/s	104 preempts/s
227003 milliseconds	2209 MB/s	33908 short_reads/s	0 short_writes_echo/s	110 cpu_user_milliseconds	1139 cpu_system_milliseconds	0 minor_page_faults/s	0 major_page_faults/s	93731 yields/s	84 preempts/s
228003 milliseconds	2347 MB/s	35815 short_reads/s	0 short_writes_echo/s	109 cpu_user_milliseconds	1177 cpu_system_milliseconds	0 minor_page_faults/s	0 major_page_faults/s	95954 yields/s	16 preempts/s
229003 milliseconds	2186 MB/s	34170 short_reads/s	0 short_writes_echo/s	92 cpu_user_milliseconds	1129 cpu_system_milliseconds	0 minor_page_faults/s	0 major_page_faults/s	92399 yields/s	65 preempts/s
230003 milliseconds	2151 MB/s	32821 short_reads/s	0 short_writes_echo/s	122 cpu_user_milliseconds	1125 cpu_system_milliseconds	0 minor_page_faults/s	0 major_page_faults/s	92082 yields/s	121 preempts/s
231003 milliseconds	2516 MB/s	38400 short_reads/s	0 short_writes_echo/s	137 cpu_user_milliseconds	1161 cpu_system_milliseconds	0 minor_page_faults/s	0 major_page_faults/s	99987 yields/s	94 preempts/s
232003 milliseconds	2504 MB/s	38209 short_reads/s	0 short_writes_echo/s	137 cpu_user_milliseconds	1163 cpu_system_milliseconds	0 minor_page_faults/s	0 major_page_faults/s	100404 yields/s	30 preempts/s
233003 milliseconds	1976 MB/s	30223 short_reads/s	0 short_writes_echo/s	105 cpu_user_milliseconds	1103 cpu_system_milliseconds	0 minor_page_faults/s	0 major_page_faults/s	86260 yields/s	113 preempts/s
234003 milliseconds	2465 MB/s	37812 short_reads/s	0 short_writes_echo/s	124 cpu_user_milliseconds	1159 cpu_system_milliseconds	0 minor_page_faults/s	0 major_page_faults/s	99522 yields/s	8 preempts/s
235003 milliseconds	2337 MB/s	35664 short_reads/s	0 short_writes_echo/s	126 cpu_user_milliseconds	1154 cpu_system_milliseconds	0 minor_page_faults/s	0 major_page_faults/s	95618 yields/s	39 preempts/s
236003 milliseconds	2169 MB/s	33110 short_reads/s	0 short_writes_echo/s	130 cpu_user_milliseconds	1115 cpu_system_milliseconds	0 minor_page_faults/s	0 major_page_faults/s	91725 yields/s	84 preempts/s
237003 milliseconds	2434 MB/s	37140 short_reads/s	0 short_writes_echo/s	115 cpu_user_milliseconds	1178 cpu_system_milliseconds	0 minor_page_faults/s	0 major_page_faults/s	98341 yields/s	16 preempts/s
238003 milliseconds	2049 MB/s	31402 short_reads/s	0 short_writes_echo/s	117 cpu_user_milliseconds	1069 cpu_system_milliseconds	0 minor_page_faults/s	0 major_page_faults/s	83823 yields/s	1711 preempts/s
239003 milliseconds	2564 MB/s	39127 short_reads/s	0 short_writes_echo/s	126 cpu_user_milliseconds	1176 cpu_system_milliseconds	0 minor_page_faults/s	0 major_page_faults/s	102111 yields/s	12 preempts/s
240003 milliseconds	2360 MB/s	36016 short_reads/s	0 short_writes_echo/s	133 cpu_user_milliseconds	1139 cpu_system_milliseconds	0 minor_page_faults/s	0 major_page_faults/s	96333 yields/s	25 preempts/s
