1000 milliseconds	1883 MB/s	221 short_reads/s	0 short_writes_echo/s	107 cpu_user_milliseconds	1041 cpu_system_milliseconds	174 minor_page_faults/s	0 major_page_faults/s	92907 yields/s	1090 preempts/s
2000 milliseconds	1826 MB/s	64 short_reads/s	0 short_writes_echo/s	114 cpu_user_milliseconds	1046 cpu_system_milliseconds	3 minor_page_faults/s	0 major_page_faults/s	89561 yields/s	1440 preempts/s
3000 milliseconds	1956 MB/s	172 short_reads/s	0 short_writes_echo/s	103 cpu_user_milliseconds	1082 cpu_system_milliseconds	0 minor_page_faults/s	0 major_page_faults/s	97279 yields/s	84 preempts/s
4000 milliseconds	2032 MB/s	382 short_reads/s	0 short_writes_echo/s	119 cpu_user_milliseconds	990 cpu_system_milliseconds	0 minor_page_faults/s	0 major_page_faults/s	99609 yields/s	99 preempts/s
5000 milliseconds	1920 MB/s	257 short_reads/s	0 short_writes_echo/s	142 cpu_user_milliseconds	1033 cpu_system_milliseconds	0 minor_page_faults/s	0 major_page_faults/s	96239 yields/s	384 preempts/s
6000 milliseconds	2011 MB/s	347 short_reads/s	0 short_writes_echo/s	112 cpu_user_milliseconds	1008 cpu_system_milliseconds	0 minor_page_faults/s	0 major_page_faults/s	98751 yields/s	45 preempts/s
7000 milliseconds	1917 MB/s	221 short_reads/s	0 short_writes_echo/s	98 cpu_user_milliseconds	1083 cpu_system_milliseconds	0 minor_page_faults/s	0 major_page_faults/s	96137 yields/s	55 preempts/s
8000 milliseconds	2000 MB/s	462 short_reads/s	0 short_writes_echo/s	115 cpu_user_milliseconds	979 cpu_system_milliseconds	0 minor_page_faults/s	0 major_page_faults/s	98467 yields/s	39 preempts/s
9000 milliseconds	1960 MB/s	192 short_reads/s	0 short_writes_echo/s	103 cpu_user_milliseconds	1085 cpu_system_milliseconds	0 minor_page_faults/s	0 major_page_faults/s	97544 yields/s	121 preempts/s
10000 milliseconds	1942 MB/s	229 short_reads/s	0 short_writes_echo/s	138 cpu_user_milliseconds	1048 cpu_system_milliseconds	0 minor_page_faults/s	0 major_page_faults/s	96616 yields/s	223 preempts/s
11000 milliseconds	1930 MB/s	232 short_reads/s	0 short_writes_echo/s	125 cpu_user_milliseconds	1047 cpu_system_milliseconds	0 minor_page_faults/s	0 major_page_faults/s	96261 yields/s	113 preempts/s
12000 milliseconds	1946 MB/s	296 short_reads/s	0 short_writes_echo/s	123 cpu_user_milliseconds	1064 cpu_system_milliseconds	0 minor_page_faults/s	0 major_page_faults/s	96815 yields/s	229 preempts/s
13000 milliseconds	1997 MB/s	494 short_reads/s	0 short_writes_echo/s	125 cpu_user_milliseconds	994 cpu_system_milliseconds	0 minor_page_faults/s	0 major_page_faults/s	98822 yields/s	109 preempts/s
14000 milliseconds	1920 MB/s	226 short_reads/s	0 short_writes_echo/s	114 cpu_user_milliseconds	1067 cpu_system_milliseconds	0 minor_page_faults/s	0 major_page_faults/s	96170 yields/s	123 preempts/s
15000 milliseconds	1991 MB/s	316 short_reads/s	0 short_writes_echo/s	140 cpu_user_milliseconds	995 cpu_system_milliseconds	0 minor_page_faults/s	0 major_page_faults/s	97719 yields/s	278 preempts/s
16000 milliseconds	1921 MB/s	229 short_reads/s	0 short_writes_echo/s	112 cpu_user_milliseconds	1055 cpu_system_milliseconds	0 minor_page_faults/s	0 major_page_faults/s	96041 yields/s	207 preempts/s
17000 milliseconds	1883 MB/s	77 short_reads/s	0 short_writes_echo/s	119 cpu_user_milliseconds	1101 cpu_system_milliseconds	0 minor_page_faults/s	0 major_page_faults/s	94244 yields/s	882 preempts/s
18000 milliseconds	1975 MB/s	388 short_reads/s	0 short_writes_echo/s	129 cpu_user_milliseconds	1003 cpu_system_milliseconds	0 minor_page_faults/s	0 major_page_faults/s	97988 yields/s	61 preempts/s
19000 milliseconds	2020 MB/s	468 short_reads/s	0 short_writes_echo/s	123 cpu_user_milliseconds	962 cpu_system_milliseconds	0 minor_page_faults/s	0 major_page_faults/s	99138 yields/s	32 preempts/s
20000 milliseconds	1936 MB/s	366 short_reads/s	0 short_writes_echo/s	120 cpu_user_milliseconds	989 cpu_system_milliseconds	0 minor_page_faults/s	0 major_page_faults/s	96108 yields/s	214 preempts/s
21000 milliseconds	1935 MB/s	140 short_reads/s	0 short_writes_echo/s	119 cpu_user_milliseconds	1085 cpu_system_milliseconds	0 minor_page_faults/s	0 major_page_faults/s	96558 yields/s	205 preempts/s
22000 milliseconds	1911 MB/s	249 short_reads/s	0 short_writes_echo/s	122 cpu_user_milliseconds	1031 cpu_system_milliseconds	0 minor_page_faults/s	0 major_page_faults/s	95791 yields/s	157 preempts/s
23000 milliseconds	1933 MB/s	217 short_reads/s	0 short_writes_echo/s	115 cpu_user_milliseconds	1056 cpu_system_milliseconds	0 minor_page_faults/s	0 major_page_faults/s	96577 yields/s	131 preempts/s
24000 milliseconds	1937 MB/s	189 short_reads/s	0 short_writes_echo/s	122 cpu_user_milliseconds	1047 cpu_system_milliseconds	0 minor_page_faults/s	0 major_page_faults/s	96652 yields/s	80 preempts/s
25000 milliseconds	1965 MB/s	306 short_reads/s	0 short_writes_echo/s	121 cpu_user_milliseconds	1030 cpu_system_milliseconds	0 minor_page_faults/s	0 major_page_faults/s	97008 yields/s	422 preempts/s
26000 milliseconds	1988 MB/s	711 short_reads/s	0 short_writes_echo/s	137 cpu_user_milliseconds	972 cpu_system_milliseconds	0 minor_page_faults/s	0 major_page_faults/s	98437 yields/s	97 preempts/s
27000 milliseconds	1950 MB/s	149 short_reads/s	0 short_writes_echo/s	123 cpu_user_milliseconds	1088 cpu_system_milliseconds	0 minor_page_faults/s	0 major_page_faults/s	97384 yields/s	216 preempts/s
28000 milliseconds	1886 MB/s	68 short_reads/s	0 short_writes_echo/s	112 cpu_user_milliseconds	1096 cpu_system_milliseconds	0 minor_page_faults/s	0 major_page_faults/s	93677 yields/s	1209 preempts/s
29000 milliseconds	1948 MB/s	183 short_reads/s	0 short_writes_echo/s	137 cpu_user_milliseconds	1045 cpu_system_milliseconds	0 minor_page_faults/s	0 major_page_faults/s	96873 yields/s	83 preempts/s
30000 milliseconds	1978 MB/s	280 short_reads/s	0 short_writes_echo/s	122 cpu_user_milliseconds	1038 cpu_system_milliseconds	0 minor_page_faults/s	0 major_page_faults/s	97998 yields/s	174 preempts/s
31000 milliseconds	2016 MB/s	548 short_reads/s	0 short_writes_echo/s	94 cpu_user_milliseconds	960 cpu_system_milliseconds	0 minor_page_faults/s	0 major_page_faults/s	98774 yields/s	248 preempts/s
32000 milliseconds	1981 MB/s	419 short_reads/s	0 short_writes_echo/s	98 cpu_user_milliseconds	997 cpu_system_milliseconds	0 minor_page_faults/s	0 major_page_faults/s	97758 yields/s	265 preempts/s
33000 milliseconds	1979 MB/s	278 short_reads/s	0 short_writes_echo/s	115 cpu_user_milliseconds	1018 cpu_system_milliseconds	0 minor_page_faults/s	0 major_page_faults/s	98170 yields/s	47 preempts/s
34000 milliseconds	1836 MB/s	399 short_reads/s	0 short_writes_echo/s	105 cpu_user_milliseconds	930 cpu_system_milliseconds	0 minor_page_faults/s	0 major_page_faults/s	89141 yields/s	1951 preempts/s
35000 milliseconds	1868 MB/s	101 short_reads/s	0 short_writes_echo/s	115 cpu_user_milliseconds	1091 cpu_system_milliseconds	0 minor_page_faults/s	0 major_page_faults/s	94076 yields/s	355 preempts/s
36000 milliseconds	1919 MB/s	179 short_reads/s	0 short_writes_echo/s	98 cpu_user_milliseconds	1107 cpu_system_milliseconds	0 minor_page_faults/s	0 major_page_faults/s	95960 yields/s	252 preempts/s
37000 milliseconds	1921 MB/s	311 short_reads/s	0 short_writes_echo/s	117 cpu_user_milliseconds	1026 cpu_system_milliseconds	0 minor_page_faults/s	0 major_page_faults/s	95389 yields/s	851 preempts/s
38000 milliseconds	1899 MB/s	113 short_reads/s	0 short_writes_echo/s	125 cpu_user_milliseconds	1073 cpu_system_milliseconds	0 minor_page_faults/s	0 major_page_faults/s	93994 yields/s	1131 preempts/s
39000 milliseconds	1939 MB/s	241 short_reads/s	0 short_writes_echo/s	115 cpu_user_milliseconds	1082 cpu_system_milliseconds	0 minor_page_faults/s	0 major_page_faults/s	96921 yields/s	46 preempts/s
40000 milliseconds	1901 MB/s	174 short_reads/s	0 short_writes_echo/s	138 cpu_user_milliseconds	1048 cpu_system_milliseconds	0 minor_page_faults/s	0 major_page_faults/s	95189 yields/s	415 preempts/s
41000 milliseconds	1900 MB/s	160 short_reads/s	0 short_writes_echo/s	113 cpu_user_milliseconds	1073 cpu_system_milliseconds	0 minor_page_faults/s	0 major_page_faults/s	95388 yields/s	51 preempts/s
42000 milliseconds	1896 MB/s	31 short_reads/s	0 short_writes_echo/s	119 cpu_user_milliseconds	1122 cpu_system_milliseconds	0 minor_page_faults/s	0 major_page_faults/s	95274 yields/s	289 preempts/s
43000 milliseconds	2043 MB/s	405 short_reads/s	0 short_writes_echo/s	129 cpu_user_milliseconds	971 cpu_system_milliseconds	0 minor_page_faults/s	0 major_page_faults/s	99780 yields/s	89 preempts/s
44000 milliseconds	1987 MB/s	268 short_reads/s	0 short_writes_echo/s	130 cpu_user_milliseconds	1029 cpu_system_milliseconds	0 minor_page_faults/s	0 major_page_faults/s	98223 yields/s	286 preempts/s
45000 milliseconds	1941 MB/s	241 short_reads/s	0 short_writes_echo/s	110 cpu_user_milliseconds	1075 cpu_system_milliseconds	0 minor_page_faults/s	0 major_page_faults/s	96759 yields/s	74 preempts/s
46000 milliseconds	1968 MB/s	449 short_reads/s	0 short_writes_echo/s	94 cpu_user_milliseconds	1000 cpu_system_milliseconds	0 minor_page_faults/s	0 major_page_faults/s	97556 yields/s	205 preempts/s
47000 milliseconds	2002 MB/s	460 short_reads/s	0 short_writes_echo/s	120 cpu_user_milliseconds	981 cpu_system_milliseconds	0 minor_page_faults/s	0 major_page_faults/s	98502 yields/s	335 preempts/s
48000 milliseconds	1926 MB/s	207 short_reads/s	0 short_writes_echo/s	120 cpu_user_milliseconds	1066 cpu_system_milliseconds	0 minor_page_faults/s	0 major_page_faults/s	96480 yields/s	143 preempts/s
49000 milliseconds	1968 MB/s	538 short_reads/s	0 short_writes_echo/s	136 cpu_user_milliseconds	954 cpu_system_milliseconds	0 minor_page_faults/s	0 major_page_faults/s	97578 yields/s	46 preempts/s
50000 milliseconds	1936 MB/s	539 short_reads/s	0 short_writes_echo/s	118 cpu_user_milliseconds	997 cpu_system_milliseconds	0 minor_page_faults/s	0 major_page_faults/s	96609 yields/s	93 preempts/s
51000 milliseconds	1981 MB/s	401 short_reads/s	0 short_writes_echo/s	123 cpu_user_milliseconds	1003 cpu_system_milliseconds	0 minor_page_faults/s	0 major_page_faults/s	97860 yields/s	69 preempts/s
52000 milliseconds	1938 MB/s	280 short_reads/s	0 short_writes_echo/s	114 cpu_user_milliseconds	1044 cpu_system_milliseconds	0 minor_page_faults/s	0 major_page_faults/s	96493 yields/s	306 preempts/s
53000 milliseconds	1942 MB/s	139 short_reads/s	0 short_writes_echo/s	119 cpu_user_milliseconds	1095 cpu_system_milliseconds	0 minor_page_faults/s	0 major_page_faults/s	96866 yields/s	34 preempts/s
54000 milliseconds	1945 MB/s	165 short_reads/s	0 short_writes_echo/s	111 cpu_user_milliseconds	1080 cpu_system_milliseconds	0 minor_page_faults/s	0 major_page_faults/s	97004 yields/s	60 preempts/s
55000 milliseconds	1973 MB/s	263 short_reads/s	0 short_writes_echo/s	114 cpu_user_milliseconds	1047 cpu_system_milliseconds	0 minor_page_faults/s	0 major_page_faults/s	96754 yields/s	386 preempts/s
56000 milliseconds	2007 MB/s	499 short_reads/s	0 short_writes_echo/s	114 cpu_user_milliseconds	974 cpu_system_milliseconds	0 minor_page_faults/s	0 major_page_faults/s	98768 yields/s	57 preempts/s
57000 milliseconds	1981 MB/s	369 short_reads/s	0 short_writes_echo/s	115 cpu_user_milliseconds	1004 cpu_system_milliseconds	0 minor_page_faults/s	0 major_page_faults/s	97520 yields/s	769 preempts/s
58000 milliseconds	1889 MB/s	262 short_reads/s	0 short_writes_echo/s	115 cpu_user_milliseconds	1034 cpu_system_milliseconds	0 minor_page_faults/s	0 major_page_faults/s	93741 yields/s	1089 preempts/s
59000 milliseconds	1967 MB/s	591 short_reads/s	0 short_writes_echo/s	120 cpu_user_milliseconds	962 cpu_system_milliseconds	0 minor_page_faults/s	0 major_page_faults/s	97267 yields/s	146 preempts/s
60000 milliseconds	1991 MB/s	449 short_reads/s	0 short_writes_echo/s	123 cpu_user_milliseconds	966 cpu_system_milliseconds	0 minor_page_faults/s	0 major_page_faults/s	97912 yields/s	148 preempts/s
61000 milliseconds	1979 MB/s	536 short_reads/s	0 short_writes_echo/s	112 cpu_user_milliseconds	995 cpu_system_milliseconds	0 minor_page_faults/s	0 major_page_faults/s	97772 yields/s	169 preempts/s
62000 milliseconds	1946 MB/s	451 short_reads/s	0 short_writes_echo/s	142 cpu_user_milliseconds	947 cpu_system_milliseconds	0 minor_page_faults/s	0 major_page_faults/s	96796 yields/s	87 preempts/s
63000 milliseconds	2003 MB/s	466 short_reads/s	0 short_writes_echo/s	108 cpu_user_milliseconds	978 cpu_system_milliseconds	0 minor_page_faults/s	0 major_page_faults/s	98836 yields/s	108 preempts/s
64000 milliseconds	1906 MB/s	199 short_reads/s	0 short_writes_echo/s	131 cpu_user_milliseconds	1066 cpu_system_milliseconds	0 minor_page_faults/s	0 major_page_faults/s	95783 yields/s	37 preempts/s
65001 milliseconds	1930 MB/s	253 short_reads/s	0 short_writes_echo/s	126 cpu_user_milliseconds	1035 cpu_system_milliseconds	0 minor_page_faults/s	0 major_page_faults/s	96100 yields/s	609 preempts/s
66001 milliseconds	1942 MB/s	284 short_reads/s	0 short_writes_echo/s	107 cpu_user_milliseconds	1046 cpu_system_milliseconds	0 minor_page_faults/s	0 major_page_faults/s	96661 yields/s	52 preempts/s
67001 milliseconds	1974 MB/s	268 short_reads/s	0 short_writes_echo/s	111 cpu_user_milliseconds	1034 cpu_system_milliseconds	0 minor_page_faults/s	0 major_page_faults/s	98096 yields/s	135 preempts/s
68001 milliseconds	1960 MB/s	520 short_reads/s	0 short_writes_echo/s	134 cpu_user_milliseconds	974 cpu_system_milliseconds	0 minor_page_faults/s	0 major_page_faults/s	97302 yields/s	111 preempts/s
69001 milliseconds	1975 MB/s	214 short_reads/s	0 short_writes_echo/s	135 cpu_user_milliseconds	1012 cpu_system_milliseconds	0 minor_page_faults/s	0 major_page_faults/s	97778 yields/s	159 preempts/s
70001 milliseconds	1958 MB/s	370 short_reads/s	0 short_writes_echo/s	115 cpu_user_milliseconds	1012 cpu_system_milliseconds	0 minor_page_faults/s	0 major_page_faults/s	96721 yields/s	634 preempts/s
71001 milliseconds	1961 MB/s	199 short_reads/s	0 short_writes_echo/s	117 cpu_user_milliseconds	1081 cpu_system_milliseconds	0 minor_page_faults/s	0 major_page_faults/s	97323 yields/s	87 preempts/s
72001 milliseconds	1915 MB/s	235 short_reads/s	0 short_writes_echo/s	126 cpu_user_milliseconds	1115 cpu_system_milliseconds	0 minor_page_faults/s	0 major_page_faults/s	96378 yields/s	147 preempts/s
73001 milliseconds	1937 MB/s	234 short_reads/s	0 short_writes_echo/s	115 cpu_user_milliseconds	1054 cpu_system_milliseconds	0 minor_page_faults/s	0 major_page_faults/s	96650 yields/s	74 preempts/s
74001 milliseconds	1722 MB/s	110 short_reads/s	0 short_writes_echo/s	118 cpu_user_milliseconds	995 cpu_system_milliseconds	0 minor_page_faults/s	0 major_page_faults/s	84632 yields/s	2594 preempts/s
75001 milliseconds	1883 MB/s	32 short_reads/s	0 short_writes_echo/s	130 cpu_user_milliseconds	1098 cpu_system_milliseconds	0 minor_page_faults/s	0 major_page_faults/s	94782 yields/s	130 preempts/s
76001 milliseconds	1977 MB/s	398 short_reads/s	0 short_writes_echo/s	124 cpu_user_milliseconds	997 cpu_system_milliseconds	0 minor_page_faults/s	0 major_page_faults/s	97881 yields/s	90 preempts/s
77001 milliseconds	1923 MB/s	92 short_reads/s	0 short_writes_echo/s	125 cpu_user_milliseconds	1091 cpu_system_milliseconds	0 minor_page_faults/s	0 major_page_faults/s	96143 yields/s	185 preempts/s
78001 milliseconds	1952 MB/s	317 short_reads/s	0 short_writes_echo/s	131 cpu_user_milliseconds	1003 cpu_system_milliseconds	0 minor_page_faults/s	0 major_page_faults/s	96983 yields/s	154 preempts/s
79001 milliseconds	1980 MB/s	219 short_reads/s	0 short_writes_echo/s	118 cpu_user_milliseconds	1063 cpu_system_milliseconds	0 minor_page_faults/s	0 major_page_faults/s	98053 yields/s	97 preempts/s
80001 milliseconds	1995 MB/s	407 short_reads/s	0 short_writes_echo/s	111 cpu_user_milliseconds	948 cpu_system_milliseconds	0 minor_page_faults/s	0 major_page_faults/s	98221 yields/s	368 preempts/s
81001 milliseconds	1954 MB/s	395 short_reads/s	0 short_writes_echo/s	129 cpu_user_milliseconds	989 cpu_system_milliseconds	0 minor_page_faults/s	0 major_page_faults/s	96846 yields/s	170 preempts/s
82001 milliseconds	1959 MB/s	258 short_reads/s	0 short_writes_echo/s	117 cpu_user_milliseconds	1050 cpu_system_milliseconds	0 minor_page_faults/s	0 major_page_faults/s	97166 yields/s	273 preempts/s
83001 milliseconds	1987 MB/s	517 short_reads/s	0 short_writes_echo/s	114 cpu_user_milliseconds	962 cpu_system_milliseconds	0 minor_page_faults/s	0 major_page_faults/s	97644 yields/s	129 preempts/s
84001 milliseconds	1981 MB/s	311 short_reads/s	0 short_writes_echo/s	142 cpu_user_milliseconds	1000 cpu_system_milliseconds	0 minor_page_faults/s	0 major_page_faults/s	97942 yields/s	240 preempts/s
85001 milliseconds	1960 MB/s	1585 short_reads/s	0 short_writes_echo/s	116 cpu_user_milliseconds	1009 cpu_system_milliseconds	0 minor_page_faults/s	0 major_page_faults/s	98209 yields/s	407 preempts/s
86001 milliseconds	1933 MB/s	294 short_reads/s	0 short_writes_echo/s	107 cpu_user_milliseconds	1047 cpu_system_milliseconds	0 minor_page_faults/s	0 major_page_faults/s	96424 yields/s	72 preempts/s
87001 milliseconds	1997 MB/s	579 short_reads/s	0 short_writes_echo/s	115 cpu_user_milliseconds	967 cpu_system_milliseconds	0 minor_page_faults/s	0 major_page_faults/s	98359 yields/s	225 preempts/s
88001 milliseconds	1951 MB/s	539 short_reads/s	0 short_writes_echo/s	135 cpu_user_milliseconds	945 cpu_system_milliseconds	0 minor_page_faults/s	0 major_page_faults/s	97105 yields/s	142 preempts/s
89001 milliseconds	1930 MB/s	195 short_reads/s	0 short_writes_echo/s	111 cpu_user_milliseconds	1077 cpu_system_milliseconds	0 minor_page_faults/s	0 major_page_faults/s	96421 yields/s	111 preempts/s
90001 milliseconds	1941 MB/s	169 short_reads/s	0 short_writes_echo/s	137 cpu_user_milliseconds	1049 cpu_system_milliseconds	0 minor_page_faults/s	0 major_page_faults/s	96284 yields/s	649 preempts/s
91001 milliseconds	1965 MB/s	441 short_reads/s	0 short_writes_echo/s	108 cpu_user_milliseconds	1009 cpu_system_milliseconds	0 minor_page_faults/s	0 major_page_faults/s	97664 yields/s	62 preempts/s
92001 milliseconds	1976 MB/s	418 short_reads/s	0 short_writes_echo/s	109 cpu_user_milliseconds	972 cpu_system_milliseconds	0 minor_page_faults/s	0 major_page_faults/s	97288 yields/s	613 preempts/s
93001 milliseconds	1933 MB/s	341 short_reads/s	0 short_writes_echo/s	122 cpu_user_milliseconds	1045 cpu_system_milliseconds	0 minor_page_faults/s	0 major_page_faults/s	96583 yields/s	146 preempts/s
94001 milliseconds	1912 MB/s	445 short_reads/s	0 short_writes_echo/s	139 cpu_user_milliseconds	1007 cpu_system_milliseconds	0 minor_page_faults/s	0 major_page_faults/s	96071 yields/s	61 preempts/s
95001 milliseconds	1934 MB/s	226 short_reads/s	0 short_writes_echo/s	127 cpu_user_milliseconds	1017 cpu_system_milliseconds	0 minor_page_faults/s	0 major_page_faults/s	93730 yields/s	3064 preempts/s
96001 milliseconds	1958 MB/s	537 short_reads/s	0 short_writes_echo/s	115 cpu_user_milliseconds	1009 cpu_system_milliseconds	0 minor_page_faults/s	0 major_page_faults/s	97222 yields/s	45 preempts/s
97001 milliseconds	1955 MB/s	305 short_reads/s	0 short_writes_echo/s	106 cpu_user_milliseconds	1046 cpu_system_milliseconds	0 minor_page_faults/s	0 major_page_faults/s	97065 yields/s	494 preempts/s
98001 milliseconds	1892 MB/s	74 short_reads/s	0 short_writes_echo/s	102 cpu_user_milliseconds	1139 cpu_system_milliseconds	0 minor_page_faults/s	0 major_page_faults/s	95570 yields/s	113 preempts/s
99001 milliseconds	1973 MB/s	684 short_reads/s	0 short_writes_echo/s	134 cpu_user_milliseconds	999 cpu_system_milliseconds	0 minor_page_faults/s	0 major_page_faults/s	97664 yields/s	316 preempts/s
100001 milliseconds	1983 MB/s	306 short_reads/s	0 short_writes_echo/s	136 cpu_user_milliseconds	1020 cpu_system_milliseconds	0 minor_page_faults/s	0 major_page_faults/s	98149 yields/s	208 preempts/s
101001 milliseconds	1955 MB/s	503 short_reads/s	0 short_writes_echo/s	124 cpu_user_milliseconds	955 cpu_system_milliseconds	0 minor_page_faults/s	0 major_page_faults/s	96931 yields/s	209 preempts/s
102001 milliseconds	1987 MB/s	309 short_reads/s	0 short_writes_echo/s	122 cpu_user_milliseconds	1020 cpu_system_milliseconds	0 minor_page_faults/s	0 major_page_faults/s	97721 yields/s	324 preempts/s
103001 milliseconds	1950 MB/s	300 short_reads/s	0 short_writes_echo/s	101 cpu_user_milliseconds	1055 cpu_system_milliseconds	0 minor_page_faults/s	0 major_page_faults/s	96876 yields/s	122 preempts/s
104001 milliseconds	1929 MB/s	238 short_reads/s	0 short_writes_echo/s	106 cpu_user_milliseconds	1070 cpu_system_milliseconds	0 minor_page_faults/s	0 major_page_faults/s	96285 yields/s	130 preempts/s
105001 milliseconds	1934 MB/s	327 short_reads/s	0 short_writes_echo/s	134 cpu_user_milliseconds	1006 cpu_system_milliseconds	0 minor_page_faults/s	0 major_page_faults/s	96495 yields/s	157 preempts/s
106001 milliseconds	1939 MB/s	304 short_reads/s	0 short_writes_echo/s	106 cpu_user_milliseconds	1047 cpu_system_milliseconds	0 minor_page_faults/s	0 major_page_faults/s	96695 yields/s	51 preempts/s
107001 milliseconds	1892 MB/s	153 short_reads/s	0 short_writes_echo/s	126 cpu_user_milliseconds	1087 cpu_system_milliseconds	0 minor_page_faults/s	0 major_page_faults/s	95467 yields/s	173 preempts/s
108001 milliseconds	1986 MB/s	643 short_reads/s	0 short_writes_echo/s	122 cpu_user_milliseconds	959 cpu_system_milliseconds	0 minor_page_faults/s	0 major_page_faults/s	98196 yields/s	80 preempts/s
109001 milliseconds	1973 MB/s	196 short_reads/s	0 short_writes_echo/s	128 cpu_user_milliseconds	1072 cpu_system_milliseconds	0 minor_page_faults/s	0 major_page_faults/s	98079 yields/s	88 preempts/s
110001 milliseconds	1956 MB/s	453 short_reads/s	0 short_writes_echo/s	117 cpu_user_milliseconds	990 cpu_system_milliseconds	0 minor_page_faults/s	0 major_page_faults/s	97203 yields/s	324 preempts/s
111001 milliseconds	1994 MB/s	357 short_reads/s	0 short_writes_echo/s	121 cpu_user_milliseconds	1011 cpu_system_milliseconds	0 minor_page_faults/s	0 major_page_faults/s	98503 yields/s	75 preempts/s
112001 milliseconds	1959 MB/s	370 short_reads/s	0 short_writes_echo/s	131 cpu_user_milliseconds	984 cpu_system_milliseconds	0 minor_page_faults/s	0 major_page_faults/s	97123 yields/s	219 preempts/s
113001 milliseconds	1969 MB/s	482 short_reads/s	0 short_writes_echo/s	127 cpu_user_milliseconds	953 cpu_system_milliseconds	0 minor_page_faults/s	0 major_page_faults/s	97387 yields/s	38 preempts/s
114001 milliseconds	1828 MB/s	233 short_reads/s	0 short_writes_echo/s	98 cpu_user_milliseconds	980 cpu_system_milliseconds	0 minor_page_faults/s	0 major_page_faults/s	88110 yields/s	2788 preempts/s
115001 milliseconds	1992 MB/s	276 short_reads/s	0 short_writes_echo/s	118 cpu_user_milliseconds	1026 cpu_system_milliseconds	0 minor_page_faults/s	0 major_page_faults/s	98507 yields/s	92 preempts/s
116001 milliseconds	1975 MB/s	657 short_reads/s	0 short_writes_echo/s	105 cpu_user_milliseconds	949 cpu_system_milliseconds	0 minor_page_faults/s	0 major_page_faults/s	97655 yields/s	214 preempts/s
117001 milliseconds	1981 MB/s	296 short_reads/s	0 short_writes_echo/s	138 cpu_user_milliseconds	1001 cpu_system_milliseconds	0 minor_page_faults/s	0 major_page_faults/s	97792 yields/s	173 preempts/s
118001 milliseconds	1972 MB/s	481 short_reads/s	0 short_writes_echo/s	135 cpu_user_milliseconds	934 cpu_system_milliseconds	0 minor_page_faults/s	0 major_page_faults/s	97540 yields/s	124 preempts/s
119001 milliseconds	1928 MB/s	138 short_reads/s	0 short_writes_echo/s	115 cpu_user_milliseconds	1078 cpu_system_milliseconds	0 minor_page_faults/s	0 major_page_faults/s	95558 yields/s	490 preempts/s
120001 milliseconds	1969 MB/s	297 short_reads/s	0 short_writes_echo/s	123 cpu_user_milliseconds	1038 cpu_system_milliseconds	0 minor_page_faults/s	0 major_page_faults/s	97228 yields/s	406 preempts/s
121001 milliseconds	1922 MB/s	153 short_reads/s	0 short_writes_echo/s	127 cpu_user_milliseconds	1071 cpu_system_milliseconds	0 minor_page_faults/s	0 major_page_faults/s	96175 yields/s	189 preempts/s
122001 milliseconds	1932 MB/s	458 short_reads/s	0 short_writes_echo/s	111 cpu_user_milliseconds	992 cpu_system_milliseconds	0 minor_page_faults/s	0 major_page_faults/s	95309 yields/s	1165 preempts/s
123002 milliseconds	2017 MB/s	569 short_reads/s	0 short_writes_echo/s	111 cpu_user_milliseconds	928 cpu_system_milliseconds	0 minor_page_faults/s	0 major_page_faults/s	99012 yields/s	150 preempts/s
124002 milliseconds	1960 MB/s	375 short_reads/s	0 short_writes_echo/s	146 cpu_user_milliseconds	983 cpu_system_milliseconds	0 minor_page_faults/s	0 major_page_faults/s	97394 yields/s	65 preempts/s
125002 milliseconds	1989 MB/s	307 short_reads/s	0 short_writes_echo/s	128 cpu_user_milliseconds	1027 cpu_system_milliseconds	0 minor_page_faults/s	0 major_page_faults/s	98405 yields/s	153 preempts/s
126002 milliseconds	1946 MB/s	280 short_reads/s	0 short_writes_echo/s	117 cpu_user_milliseconds	1060 cpu_system_milliseconds	0 minor_page_faults/s	0 major_page_faults/s	97002 yields/s	135 preempts/s
127002 milliseconds	1966 MB/s	446 short_reads/s	0 short_writes_echo/s	102 cpu_user_milliseconds	995 cpu_system_milliseconds	0 minor_page_faults/s	0 major_page_faults/s	96387 yields/s	913 preempts/s
128002 milliseconds	1910 MB/s	190 short_reads/s	0 short_writes_echo/s	105 cpu_user_milliseconds	1088 cpu_system_milliseconds	0 minor_page_faults/s	0 major_page_faults/s	95762 yields/s	133 preempts/s
129002 milliseconds	1958 MB/s	215 short_reads/s	0 short_writes_echo/s	120 cpu_user_milliseconds	1069 cpu_system_milliseconds	0 minor_page_faults/s	0 major_page_faults/s	97402 yields/s	106 preempts/s
130002 milliseconds	1921 MB/s	123 short_reads/s	0 short_writes_echo/s	116 cpu_user_milliseconds	1079 cpu_system_milliseconds	0 minor_page_faults/s	0 major_page_faults/s	95882 yields/s	260 preempts/s
131002 milliseconds	1911 MB/s	133 short_reads/s	0 short_writes_echo/s	130 cpu_user_milliseconds	1088 cpu_system_milliseconds	0 minor_page_faults/s	0 major_page_faults/s	95805 yields/s	27 preempts/s
132002 milliseconds	1994 MB/s	333 short_reads/s	0 short_writes_echo/s	134 cpu_user_milliseconds	1000 cpu_system_milliseconds	0 minor_page_faults/s	0 major_page_faults/s	97794 yields/s	834 preempts/s
133002 milliseconds	1963 MB/s	287 short_reads/s	0 short_writes_echo/s	131 cpu_user_milliseconds	1030 cpu_system_milliseconds	0 minor_page_faults/s	0 major_page_faults/s	97544 yields/s	129 preempts/s
134002 milliseconds	1928 MB/s	161 short_reads/s	0 short_writes_echo/s	104 cpu_user_milliseconds	1103 cpu_system_milliseconds	0 minor_page_faults/s	0 major_page_faults/s	96427 yields/s	91 preempts/s
135002 milliseconds	1903 MB/s	149 short_reads/s	0 short_writes_echo/s	146 cpu_user_milliseconds	1059 cpu_system_milliseconds	0 minor_page_faults/s	0 major_page_faults/s	95460 yields/s	104 preempts/s
136002 milliseconds	1974 MB/s	310 short_reads/s	0 short_writes_echo/s	96 cpu_user_milliseconds	1062 cpu_system_milliseconds	0 minor_page_faults/s	0 major_page_faults/s	97638 yields/s	52 preempts/s
137002 milliseconds	1979 MB/s	460 short_reads/s	0 short_writes_echo/s	115 cpu_user_milliseconds	952 cpu_system_milliseconds	0 minor_page_faults/s	0 major_page_faults/s	97507 yields/s	173 preempts/s
138002 milliseconds	1997 MB/s	439 short_reads/s	0 short_writes_echo/s	130 cpu_user_milliseconds	984 cpu_system_milliseconds	0 minor_page_faults/s	0 major_page_faults/s	98393 yields/s	135 preempts/s
139002 milliseconds	1983 MB/s	512 short_reads/s	0 short_writes_echo/s	113 cpu_user_milliseconds	980 cpu_system_milliseconds	0 minor_page_faults/s	0 major_page_faults/s	98074 yields/s	25 preempts/s
140002 milliseconds	1903 MB/s	156 short_reads/s	0 short_writes_echo/s	114 cpu_user_milliseconds	1085 cpu_system_milliseconds	0 minor_page_faults/s	0 major_page_faults/s	95234 yields/s	134 preempts/s
141002 milliseconds	1874 MB/s	100 short_reads/s	0 short_writes_echo/s	129 cpu_user_milliseconds	1084 cpu_system_milliseconds	0 minor_page_faults/s	0 major_page_faults/s	94565 yields/s	175 preempts/s
142002 milliseconds	1947 MB/s	304 short_reads/s	0 short_writes_echo/s	127 cpu_user_milliseconds	1020 cpu_system_milliseconds	0 minor_page_faults/s	0 major_page_faults/s	96895 yields/s	154 preempts/s
143002 milliseconds	1919 MB/s	207 short_reads/s	0 short_writes_echo/s	118 cpu_user_milliseconds	1083 cpu_system_milliseconds	0 minor_page_faults/s	0 major_page_faults/s	95604 yields/s	1322 preempts/s
144002 milliseconds	1930 MB/s	310 short_reads/s	0 short_writes_echo/s	124 cpu_user_milliseconds	1060 cpu_system_milliseconds	0 minor_page_faults/s	0 major_page_faults/s	96742 yields/s	44 preempts/s
145002 milliseconds	1952 MB/s	314 short_reads/s	0 short_writes_echo/s	116 cpu_user_milliseconds	1030 cpu_system_milliseconds	0 minor_page_faults/s	0 major_page_faults/s	97091 yields/s	456 preempts/s
146002 milliseconds	2034 MB/s	518 short_reads/s	0 short_writes_echo/s	132 cpu_user_milliseconds	960 cpu_system_milliseconds	0 minor_page_faults/s	0 major_page_faults/s	99759 yields/s	77 preempts/s
147002 milliseconds	1924 MB/s	215 short_reads/s	0 short_writes_echo/s	119 cpu_user_milliseconds	1038 cpu_system_milliseconds	0 minor_page_faults/s	0 major_page_faults/s	95930 yields/s	187 preempts/s
148002 milliseconds	1859 MB/s	90 short_reads/s	0 short_writes_echo/s	107 cpu_user_milliseconds	1127 cpu_system_milliseconds	0 minor_page_faults/s	0 major_page_faults/s	94393 yields/s	35 preempts/s
149002 milliseconds	1949 MB/s	369 short_reads/s	0 short_writes_echo/s	106 cpu_user_milliseconds	1018 cpu_system_milliseconds	0 minor_page_faults/s	0 major_page_faults/s	96954 yields/s	53 preempts/s
150002 milliseconds	1957 MB/s	279 short_reads/s	0 short_writes_echo/s	102 cpu_user_milliseconds	1045 cpu_system_milliseconds	0 minor_page_faults/s	0 major_page_faults/s	96779 yields/s	38 preempts/s
151002 milliseconds	2026 MB/s	465 short_reads/s	0 short_writes_echo/s	113 cpu_user_milliseconds	980 cpu_system_milliseconds	0 minor_page_faults/s	0 major_page_faults/s	98976 yields/s	132 preempts/s
152002 milliseconds	1933 MB/s	270 short_reads/s	0 short_writes_echo/s	111 cpu_user_milliseconds	1050 cpu_system_milliseconds	0 minor_page_faults/s	0 major_page_faults/s	95639 yields/s	1026 preempts/s
153002 milliseconds	2006 MB/s	568 short_reads/s	0 short_writes_echo/s	108 cpu_user_milliseconds	954 cpu_system_milliseconds	0 minor_page_faults/s	0 major_page_faults/s	98880 yields/s	28 preempts/s
154002 milliseconds	1977 MB/s	452 short_reads/s	0 short_writes_echo/s	122 cpu_user_milliseconds	963 cpu_system_milliseconds	0 minor_page_faults/s	0 major_page_faults/s	97932 yields/s	64 preempts/s
155002 milliseconds	1935 MB/s	198 short_reads/s	0 short_writes_echo/s	102 cpu_user_milliseconds	1081 cpu_system_milliseconds	0 minor_page_faults/s	0 major_page_faults/s	95195 yields/s	2412 preempts/s
156002 milliseconds	1947 MB/s	413 short_reads/s	0 short_writes_echo/s	115 cpu_user_milliseconds	1008 cpu_system_milliseconds	0 minor_page_faults/s	0 major_page_faults/s	96658 yields/s	284 preempts/s
157002 milliseconds	1763 MB/s	283 short_reads/s	0 short_writes_echo/s	118 cpu_user_milliseconds	927 cpu_system_milliseconds	0 minor_page_faults/s	0 major_page_faults/s	86486 yields/s	1537 preempts/s
158002 milliseconds	2031 MB/s	605 short_reads/s	0 short_writes_echo/s	98 cpu_user_milliseconds	943 cpu_system_milliseconds	0 minor_page_faults/s	0 major_page_faults/s	99489 yields/s	42 preempts/s
159002 milliseconds	1894 MB/s	152 short_reads/s	0 short_writes_echo/s	118 cpu_user_milliseconds	1081 cpu_system_milliseconds	0 minor_page_faults/s	0 major_page_faults/s	94837 yields/s	246 preempts/s
160002 milliseconds	1970 MB/s	393 short_reads/s	0 short_writes_echo/s	117 cpu_user_milliseconds	990 cpu_system_milliseconds	0 minor_page_faults/s	0 major_page_faults/s	97112 yields/s	199 preempts/s
161002 milliseconds	1951 MB/s	215 short_reads/s	0 short_writes_echo/s	145 cpu_user_milliseconds	1034 cpu_system_milliseconds	0 minor_page_faults/s	0 major_page_faults/s	96980 yields/s	50 preempts/s
162002 milliseconds	1987 MB/s	550 short_reads/s	0 short_writes_echo/s	129 cpu_user_milliseconds	957 cpu_system_milliseconds	0 minor_page_faults/s	0 major_page_faults/s	97644 yields/s	361 preempts/s
163002 milliseconds	1895 MB/s	182 short_reads/s	0 short_writes_echo/s	104 cpu_user_milliseconds	1058 cpu_system_milliseconds	0 minor_page_faults/s	0 major_page_faults/s	93010 yields/s	1339 preempts/s
164002 milliseconds	2032 MB/s	629 short_reads/s	0 short_writes_echo/s	130 cpu_user_milliseconds	899 cpu_system_milliseconds	0 minor_page_faults/s	0 major_page_faults/s	99628 yields/s	49 preempts/s
165002 milliseconds	1899 MB/s	183 short_reads/s	0 short_writes_echo/s	109 cpu_user_milliseconds	1078 cpu_system_milliseconds	0 minor_page_faults/s	0 major_page_faults/s	95224 yields/s	108 preempts/s
166002 milliseconds	1900 MB/s	87 short_reads/s	0 short_writes_echo/s	125 cpu_user_milliseconds	1101 cpu_system_milliseconds	0 minor_page_faults/s	0 major_page_faults/s	95522 yields/s	136 preempts/s
167002 milliseconds	1980 MB/s	673 short_reads/s	0 short_writes_echo/s	125 cpu_user_milliseconds	930 cpu_system_milliseconds	0 minor_page_faults/s	0 major_page_faults/s	97094 yields/s	548 preempts/s
168002 milliseconds	1893 MB/s	278 short_reads/s	0 short_writes_echo/s	118 cpu_user_milliseconds	1022 cpu_system_milliseconds	0 minor_page_faults/s	0 major_page_faults/s	93836 yields/s	1344 preempts/s
169002 milliseconds	2012 MB/s	454 short_reads/s	0 short_writes_echo/s	121 cpu_user_milliseconds	980 cpu_system_milliseconds	0 minor_page_faults/s	0 major_page_faults/s	98520 yields/s	298 preempts/s
170002 milliseconds	1921 MB/s	255 short_reads/s	0 short_writes_echo/s	123 cpu_user_milliseconds	1048 cpu_system_milliseconds	0 minor_page_faults/s	0 major_page_faults/s	95395 yields/s	289 preempts/s
171003 milliseconds	1984 MB/s	452 short_reads/s	0 short_writes_echo/s	127 cpu_user_milliseconds	980 cpu_system_milliseconds	0 minor_page_faults/s	0 major_page_faults/s	98005 yields/s	27 preempts/s
172003 milliseconds	1928 MB/s	277 short_reads/s	0 short_writes_echo/s	135 cpu_user_milliseconds	1006 cpu_system_milliseconds	0 minor_page_faults/s	0 major_page_faults/s	95932 yields/s	580 preempts/s
173003 milliseconds	1961 MB/s	223 short_reads/s	0 short_writes_echo/s	118 cpu_user_milliseconds	1041 cpu_system_milliseconds	0 minor_page_faults/s	0 major_page_faults/s	96303 yields/s	655 preempts/s
174003 milliseconds	1949 MB/s	472 short_reads/s	0 short_writes_echo/s	114 cpu_user_milliseconds	964 cpu_system_milliseconds	0 minor_page_faults/s	0 major_page_faults/s	96446 yields/s	163 preempts/s
175003 milliseconds	1927 MB/s	131 short_reads/s	0 short_writes_echo/s	121 cpu_user_milliseconds	1071 cpu_system_milliseconds	0 minor_page_faults/s	0 major_page_faults/s	95761 yields/s	137 preempts/s
176003 milliseconds	1956 MB/s	203 short_reads/s	0 short_writes_echo/s	105 cpu_user_milliseconds	1075 cpu_system_milliseconds	0 minor_page_faults/s	0 major_page_faults/s	97150 yields/s	41 preempts/s
177003 milliseconds	1964 MB/s	382 short_reads/s	0 short_writes_echo/s	108 cpu_user_milliseconds	1036 cpu_system_milliseconds	0 minor_page_faults/s	0 major_page_faults/s	97429 yields/s	244 preempts/s
178003 milliseconds	1978 MB/s	378 short_reads/s	0 short_writes_echo/s	121 cpu_user_milliseconds	990 cpu_system_milliseconds	0 minor_page_faults/s	0 major_page_faults/s	97899 yields/s	102 preempts/s
179003 milliseconds	1925 MB/s	353 short_reads/s	0 short_writes_echo/s	122 cpu_user_milliseconds	996 cpu_system_milliseconds	0 minor_page_faults/s	0 major_page_faults/s	95995 yields/s	342 preempts/s
180003 milliseconds	1998 MB/s	439 short_reads/s	0 short_writes_echo/s	115 cpu_user_milliseconds	998 cpu_system_milliseconds	0 minor_page_faults/s	0 major_page_faults/s	97743 yields/s	479 preempts/s
181003 milliseconds	1924 MB/s	169 short_reads/s	0 short_writes_echo/s	119 cpu_user_milliseconds	1086 cpu_system_milliseconds	0 minor_page_faults/s	0 major_page_faults/s	96265 yields/s	92 preempts/s
182003 milliseconds	1927 MB/s	211 short_reads/s	0 short_writes_echo/s	117 cpu_user_milliseconds	1082 cpu_system_milliseconds	0 minor_page_faults/s	0 major_page_faults/s	96411 yields/s	145 preempts/s
183003 milliseconds	1931 MB/s	196 short_reads/s	0 short_writes_echo/s	128 cpu_user_milliseconds	1072 cpu_system_milliseconds	0 minor_page_faults/s	0 major_page_faults/s	96400 yields/s	102 preempts/s
184003 milliseconds	1984 MB/s	519 short_reads/s	0 short_writes_echo/s	125 cpu_user_milliseconds	940 cpu_system_milliseconds	0 minor_page_faults/s	0 major_page_faults/s	98068 yields/s	147 preempts/s
185003 milliseconds	1952 MB/s	381 short_reads/s	0 short_writes_echo/s	131 cpu_user_milliseconds	975 cpu_system_milliseconds	0 minor_page_faults/s	0 major_page_faults/s	97048 yields/s	104 preempts/s
186003 milliseconds	1972 MB/s	208 short_reads/s	0 short_writes_echo/s	113 cpu_user_milliseconds	1048 cpu_system_milliseconds	0 minor_page_faults/s	0 major_page_faults/s	97663 yields/s	60 preempts/s
187003 milliseconds	1946 MB/s	346 short_reads/s	0 short_writes_echo/s	124 cpu_user_milliseconds	1025 cpu_system_milliseconds	0 minor_page_faults/s	0 major_page_faults/s	96725 yields/s	126 preempts/s
188003 milliseconds	1962 MB/s	301 short_reads/s	0 short_writes_echo/s	126 cpu_user_milliseconds	1026 cpu_system_milliseconds	0 minor_page_faults/s	0 major_page_faults/s	97516 yields/s	48 preempts/s
189003 milliseconds	1979 MB/s	579 short_reads/s	0 short_writes_echo/s	103 cpu_user_milliseconds	946 cpu_system_milliseconds	0 minor_page_faults/s	0 major_page_faults/s	98000 yields/s	48 preempts/s
190003 milliseconds	2017 MB/s	507 short_reads/s	0 short_writes_echo/s	112 cpu_user_milliseconds	968 cpu_system_milliseconds	0 minor_page_faults/s	0 major_page_faults/s	98494 yields/s	451 preempts/s
191003 milliseconds	1948 MB/s	419 short_reads/s	0 short_writes_echo/s	109 cpu_user_milliseconds	1007 cpu_system_milliseconds	0 minor_page_faults/s	0 major_page_faults/s	96663 yields/s	505 preempts/s
192003 milliseconds	1774 MB/s	159 short_reads/s	0 short_writes_echo/s	88 cpu_user_milliseconds	1026 cpu_system_milliseconds	0 minor_page_faults/s	0 major_page_faults/s	87259 yields/s	2939 preempts/s
193003 milliseconds	1978 MB/s	222 short_reads/s	0 short_writes_echo/s	110 cpu_user_milliseconds	1070 cpu_system_milliseconds	0 minor_page_faults/s	0 major_page_faults/s	98016 yields/s	214 preempts/s
194003 milliseconds	1896 MB/s	60 short_reads/s	0 short_writes_echo/s	119 cpu_user_milliseconds	1122 cpu_system_milliseconds	0 minor_page_faults/s	0 major_page_faults/s	95538 yields/s	73 preempts/s
195003 milliseconds	1939 MB/s	320 short_reads/s	0 short_writes_echo/s	118 cpu_user_milliseconds	1044 cpu_system_milliseconds	0 minor_page_faults/s	0 major_page_faults/s	96316 yields/s	207 preempts/s
196003 milliseconds	1982 MB/s	259 short_reads/s	0 short_writes_echo/s	108 cpu_user_milliseconds	1059 cpu_system_milliseconds	0 minor_page_faults/s	0 major_page_faults/s	97688 yields/s	594 preempts/s
197003 milliseconds	1958 MB/s	536 short_reads/s	0 short_writes_echo/s	129 cpu_user_milliseconds	975 cpu_system_milliseconds	0 minor_page_faults/s	0 major_page_faults/s	96339 yields/s	984 preempts/s
198003 milliseconds	1943 MB/s	329 short_reads/s	0 short_writes_echo/s	114 cpu_user_milliseconds	1052 cpu_system_milliseconds	0 minor_page_faults/s	0 major_page_faults/s	97080 yields/s	113 preempts/s
199003 milliseconds	1940 MB/s	485 short_reads/s	0 short_writes_echo/s	148 cpu_user_milliseconds	982 cpu_system_milliseconds	0 minor_page_faults/s	0 major_page_faults/s	96770 yields/s	60 preempts/s
200003 milliseconds	1954 MB/s	216 short_reads/s	0 short_writes_echo/s	132 cpu_user_milliseconds	1036 cpu_system_milliseconds	0 minor_page_faults/s	0 major_page_faults/s	97233 yields/s	267 preempts/s
201003 milliseconds	1994 MB/s	515 short_reads/s	0 short_writes_echo/s	121 cpu_user_milliseconds	954 cpu_system_milliseconds	0 minor_page_faults/s	0 major_page_faults/s	98271 yields/s	236 preempts/s
202003 milliseconds	1952 MB/s	281 short_reads/s	0 short_writes_echo/s	132 cpu_user_milliseconds	1028 cpu_system_milliseconds	0 minor_page_faults/s	0 major_page_faults/s	96976 yields/s	292 preempts/s
203003 milliseconds	1931 MB/s	168 short_reads/s	0 short_writes_echo/s	104 cpu_user_milliseconds	1088 cpu_system_milliseconds	0 minor_page_faults/s	0 major_page_faults/s	96288 yields/s	38 preempts/s
204003 milliseconds	1955 MB/s	173 short_reads/s	0 short_writes_echo/s	113 cpu_user_milliseconds	1087 cpu_system_milliseconds	0 minor_page_faults/s	0 major_page_faults/s	97258 yields/s	82 preempts/s
205003 milliseconds	2020 MB/s	838 short_reads/s	0 short_writes_echo/s	108 cpu_user_milliseconds	856 cpu_system_milliseconds	0 minor_page_faults/s	0 major_page_faults/s	99023 yields/s	54 preempts/s
206003 milliseconds	1903 MB/s	151 short_reads/s	0 short_writes_echo/s	105 cpu_user_milliseconds	1064 cpu_system_milliseconds	0 minor_page_faults/s	0 major_page_faults/s	94443 yields/s	1011 preempts/s
207003 milliseconds	1966 MB/s	549 short_reads/s	0 short_writes_echo/s	116 cpu_user_milliseconds	930 cpu_system_milliseconds	0 minor_page_faults/s	0 major_page_faults/s	96309 yields/s	1278 preempts/s
208003 milliseconds	2021 MB/s	533 short_reads/s	0 short_writes_echo/s	119 cpu_user_milliseconds	933 cpu_system_milliseconds	0 minor_page_faults/s	0 major_page_faults/s	99235 yields/s	47 preempts/s
209003 milliseconds	1977 MB/s	273 short_reads/s	0 short_writes_echo/s	123 cpu_user_milliseconds	1050 cpu_system_milliseconds	0 minor_page_faults/s	0 major_page_faults/s	98007 yields/s	202 preempts/s
210003 milliseconds	1920 MB/s	260 short_reads/s	0 short_writes_echo/s	118 cpu_user_milliseconds	1044 cpu_system_milliseconds	0 minor_page_faults/s	0 major_page_faults/s	96011 yields/s	362 preempts/s
211003 milliseconds	1920 MB/s	252 short_reads/s	0 short_writes_echo/s	108 cpu_user_milliseconds	1047 cpu_system_milliseconds	0 minor_page_faults/s	0 major_page_faults/s	95014 yields/s	338 preempts/s
212003 milliseconds	1938 MB/s	235 short_reads/s	0 short_writes_echo/s	102 cpu_user_milliseconds	1054 cpu_system_milliseconds	0 minor_page_faults/s	0 major_page_faults/s	95924 yields/s	750 preempts/s
213003 milliseconds	2003 MB/s	402 short_reads/s	0 short_writes_echo/s	139 cpu_user_milliseconds	987 cpu_system_milliseconds	0 minor_page_faults/s	0 major_page_faults/s	98840 yields/s	51 preempts/s
214003 milliseconds	1979 MB/s	397 short_reads/s	0 short_writes_echo/s	113 cpu_user_milliseconds	1006 cpu_system_milliseconds	0 minor_page_faults/s	0 major_page_faults/s	97835 yields/s	200 preempts/s
215003 milliseconds	1981 MB/s	476 short_reads/s	0 short_writes_echo/s	108 cpu_user_milliseconds	954 cpu_system_milliseconds	0 minor_page_faults/s	0 major_page_faults/s	98030 yields/s	41 preempts/s
216003 milliseconds	1971 MB/s	338 short_reads/s	0 short_writes_echo/s	118 cpu_user_milliseconds	1024 cpu_system_milliseconds	0 minor_page_faults/s	0 major_page_faults/s	97348 yields/s	140 preempts/s
217004 milliseconds	1983 MB/s	285 short_reads/s	0 short_writes_echo/s	118 cpu_user_milliseconds	1068 cpu_system_milliseconds	0 minor_page_faults/s	0 major_page_faults/s	98462 yields/s	120 preempts/s
218004 milliseconds	1915 MB/s	159 short_reads/s	0 short_writes_echo/s	106 cpu_user_milliseconds	1083 cpu_system_milliseconds	0 minor_page_faults/s	0 major_page_faults/s	96003 yields/s	46 preempts/s
219004 milliseconds	1991 MB/s	363 short_reads/s	0 short_writes_echo/s	154 cpu_user_milliseconds	976 cpu_system_milliseconds	0 minor_page_faults/s	0 major_page_faults/s	98267 yields/s	88 preempts/s
220004 milliseconds	1895 MB/s	162 short_reads/s	0 short_writes_echo/s	107 cpu_user_milliseconds	1078 cpu_system_milliseconds	0 minor_page_faults/s	0 major_page_faults/s	95159 yields/s	303 preempts/s
221004 milliseconds	1896 MB/s	105 short_reads/s	0 short_writes_echo/s	92 cpu_user_milliseconds	1132 cpu_system_milliseconds	0 minor_page_faults/s	0 major_page_faults/s	95460 yields/s	170 preempts/s
222004 milliseconds	1941 MB/s	328 short_reads/s	0 short_writes_echo/s	133 cpu_user_milliseconds	1024 cpu_system_milliseconds	0 minor_page_faults/s	0 major_page_faults/s	96324 yields/s	759 preempts/s
223004 milliseconds	1962 MB/s	255 short_reads/s	0 short_writes_echo/s	126 cpu_user_milliseconds	1035 cpu_system_milliseconds	0 minor_page_faults/s	0 major_page_faults/s	97311 yields/s	189 preempts/s
224004 milliseconds	1919 MB/s	306 short_reads/s	0 short_writes_echo/s	117 cpu_user_milliseconds	1058 cpu_system_milliseconds	0 minor_page_faults/s	0 major_page_faults/s	96322 yields/s	39 preempts/s
225004 milliseconds	1969 MB/s	320 short_reads/s	0 short_writes_echo/s	120 cpu_user_milliseconds	1002 cpu_system_milliseconds	0 minor_page_faults/s	0 major_page_faults/s	96652 yields/s	364 preempts/s
226004 milliseconds	1936 MB/s	164 short_reads/s	0 short_writes_echo/s	127 cpu_user_milliseconds	1066 cpu_system_milliseconds	0 minor_page_faults/s	0 major_page_faults/s	96135 yields/s	578 preempts/s
227004 milliseconds	1959 MB/s	310 short_reads/s	0 short_writes_echo/s	117 cpu_user_milliseconds	1026 cpu_system_milliseconds	0 minor_page_faults/s	0 major_page_faults/s	96793 yields/s	133 preempts/s
228004 milliseconds	1959 MB/s	392 short_reads/s	0 short_writes_echo/s	101 cpu_user_milliseconds	1022 cpu_system_milliseconds	0 minor_page_faults/s	0 major_page_faults/s	97014 yields/s	348 preempts/s
229004 milliseconds	1920 MB/s	217 short_reads/s	0 short_writes_echo/s	126 cpu_user_milliseconds	1072 cpu_system_milliseconds	0 minor_page_faults/s	0 major_page_faults/s	96017 yields/s	71 preempts/s
230004 milliseconds	1949 MB/s	507 short_reads/s	0 short_writes_echo/s	112 cpu_user_milliseconds	994 cpu_system_milliseconds	0 minor_page_faults/s	0 major_page_faults/s	96858 yields/s	152 preempts/s
231004 milliseconds	1986 MB/s	580 short_reads/s	0 short_writes_echo/s	129 cpu_user_milliseconds	942 cpu_system_milliseconds	0 minor_page_faults/s	0 major_page_faults/s	98112 yields/s	142 preempts/s
232004 milliseconds	1950 MB/s	241 short_reads/s	0 short_writes_echo/s	124 cpu_user_milliseconds	1036 cpu_system_milliseconds	0 minor_page_faults/s	0 major_page_faults/s	96428 yields/s	667 preempts/s
233004 milliseconds	1970 MB/s	247 short_reads/s	0 short_writes_echo/s	129 cpu_user_milliseconds	1058 cpu_system_milliseconds	0 minor_page_faults/s	0 major_page_faults/s	97588 yields/s	561 preempts/s
234004 milliseconds	1716 MB/s	145 short_reads/s	0 short_writes_echo/s	93 cpu_user_milliseconds	1006 cpu_system_milliseconds	0 minor_page_faults/s	0 major_page_faults/s	84655 yields/s	1740 preempts/s
235004 milliseconds	1974 MB/s	346 short_reads/s	0 short_writes_echo/s	104 cpu_user_milliseconds	1025 cpu_system_milliseconds	0 minor_page_faults/s	0 major_page_faults/s	96878 yields/s	343 preempts/s
236004 milliseconds	1972 MB/s	239 short_reads/s	0 short_writes_echo/s	129 cpu_user_milliseconds	1045 cpu_system_milliseconds	0 minor_page_faults/s	0 major_page_faults/s	97624 yields/s	158 preempts/s
237004 milliseconds	1945 MB/s	332 short_reads/s	0 short_writes_echo/s	116 cpu_user_milliseconds	1012 cpu_system_milliseconds	0 minor_page_faults/s	0 major_page_faults/s	95603 yields/s	888 preempts/s
238004 milliseconds	1958 MB/s	462 short_reads/s	0 short_writes_echo/s	128 cpu_user_milliseconds	986 cpu_system_milliseconds	0 minor_page_faults/s	0 major_page_faults/s	97369 yields/s	81 preempts/s
239004 milliseconds	1972 MB/s	432 short_reads/s	0 short_writes_echo/s	112 cpu_user_milliseconds	1021 cpu_system_milliseconds	0 minor_page_faults/s	0 major_page_faults/s	97799 yields/s	64 preempts/s
240004 milliseconds	1939 MB/s	328 short_reads/s	0 short_writes_echo/s	98 cpu_user_milliseconds	1035 cpu_system_milliseconds	0 minor_page_faults/s	0 major_page_faults/s	96741 yields/s	117 preempts/s
