1000 milliseconds	2543 MB/s	39682 short_reads/s	0 short_writes_echo/s	133 cpu_user_milliseconds	1104 cpu_system_milliseconds	178 minor_page_faults/s	0 major_page_faults/s	112774 yields/s	286 preempts/s
2000 milliseconds	2370 MB/s	36967 short_reads/s	0 short_writes_echo/s	119 cpu_user_milliseconds	1055 cpu_system_milliseconds	2 minor_page_faults/s	0 major_page_faults/s	105739 yields/s	428 preempts/s
3000 milliseconds	2554 MB/s	40211 short_reads/s	0 short_writes_echo/s	137 cpu_user_milliseconds	1075 cpu_system_milliseconds	0 minor_page_faults/s	0 major_page_faults/s	110441 yields/s	190 preempts/s
4000 milliseconds	2689 MB/s	42930 short_reads/s	0 short_writes_echo/s	157 cpu_user_milliseconds	1060 cpu_system_milliseconds	0 minor_page_faults/s	0 major_page_faults/s	111984 yields/s	30 preempts/s
5000 milliseconds	2586 MB/s	40734 short_reads/s	0 short_writes_echo/s	126 cpu_user_milliseconds	1103 cpu_system_milliseconds	0 minor_page_faults/s	0 major_page_faults/s	112228 yields/s	87 preempts/s
6000 milliseconds	2406 MB/s	37482 short_reads/s	0 short_writes_echo/s	142 cpu_user_milliseconds	1031 cpu_system_milliseconds	0 minor_page_faults/s	0 major_page_faults/s	105628 yields/s	1498 preempts/s
7000 milliseconds	2694 MB/s	42799 short_reads/s	0 short_writes_echo/s	135 cpu_user_milliseconds	1095 cpu_system_milliseconds	0 minor_page_faults/s	0 major_page_faults/s	113273 yields/s	15 preempts/s
8000 milliseconds	2426 MB/s	37612 short_reads/s	0 short_writes_echo/s	111 cpu_user_milliseconds	1085 cpu_system_milliseconds	0 minor_page_faults/s	0 major_page_faults/s	109748 yields/s	646 preempts/s
9000 milliseconds	2672 MB/s	42551 short_reads/s	0 short_writes_echo/s	146 cpu_user_milliseconds	1080 cpu_system_milliseconds	0 minor_page_faults/s	0 major_page_faults/s	114068 yields/s	18 preempts/s
10000 milliseconds	2636 MB/s	41699 short_reads/s	0 short_writes_echo/s	148 cpu_user_milliseconds	1081 cpu_system_milliseconds	0 minor_page_faults/s	0 major_page_faults/s	112712 yields/s	134 preempts/s
11000 milliseconds	2612 MB/s	40688 short_reads/s	0 short_writes_echo/s	133 cpu_user_milliseconds	1122 cpu_system_milliseconds	0 minor_page_faults/s	0 major_page_faults/s	116793 yields/s	41 preempts/s
12000 milliseconds	2622 MB/s	40945 short_reads/s	0 short_writes_echo/s	132 cpu_user_milliseconds	1126 cpu_system_milliseconds	0 minor_page_faults/s	0 major_page_faults/s	116815 yields/s	46 preempts/s
13000 milliseconds	2683 MB/s	42766 short_reads/s	0 short_writes_echo/s	159 cpu_user_milliseconds	1055 cpu_system_milliseconds	0 minor_page_faults/s	0 major_page_faults/s	113279 yields/s	20 preempts/s
14000 milliseconds	2660 MB/s	41991 short_reads/s	0 short_writes_echo/s	129 cpu_user_milliseconds	1114 cpu_system_milliseconds	0 minor_page_faults/s	0 major_page_faults/s	114482 yields/s	56 preempts/s
15000 milliseconds	2565 MB/s	39730 short_reads/s	0 short_writes_echo/s	115 cpu_user_milliseconds	1154 cpu_system_milliseconds	0 minor_page_faults/s	0 major_page_faults/s	115858 yields/s	88 preempts/s
16000 milliseconds	2641 MB/s	41687 short_reads/s	0 short_writes_echo/s	123 cpu_user_milliseconds	1115 cpu_system_milliseconds	0 minor_page_faults/s	0 major_page_faults/s	114219 yields/s	45 preempts/s
17000 milliseconds	2649 MB/s	41589 short_reads/s	0 short_writes_echo/s	154 cpu_user_milliseconds	1086 cpu_system_milliseconds	0 minor_page_faults/s	0 major_page_faults/s	116973 yields/s	8 preempts/s
18000 milliseconds	2636 MB/s	41378 short_reads/s	0 short_writes_echo/s	137 cpu_user_milliseconds	1110 cpu_system_milliseconds	0 minor_page_faults/s	0 major_page_faults/s	116416 yields/s	13 preempts/s
19000 milliseconds	2661 MB/s	41992 short_reads/s	0 short_writes_echo/s	133 cpu_user_milliseconds	1103 cpu_system_milliseconds	0 minor_page_faults/s	0 major_page_faults/s	114585 yields/s	36 preempts/s
20000 milliseconds	2624 MB/s	41652 short_reads/s	0 short_writes_echo/s	147 cpu_user_milliseconds	1077 cpu_system_milliseconds	0 minor_page_faults/s	0 major_page_faults/s	111641 yields/s	109 preempts/s
21000 milliseconds	2620 MB/s	40973 short_reads/s	0 short_writes_echo/s	134 cpu_user_milliseconds	1123 cpu_system_milliseconds	0 minor_page_faults/s	0 major_page_faults/s	115580 yields/s	17 preempts/s
22000 milliseconds	2667 MB/s	42316 short_reads/s	0 short_writes_echo/s	130 cpu_user_milliseconds	1094 cpu_system_milliseconds	0 minor_page_faults/s	0 major_page_faults/s	113665 yields/s	24 preempts/s
23000 milliseconds	2653 MB/s	41749 short_reads/s	0 short_writes_echo/s	134 cpu_user_milliseconds	1109 cpu_system_milliseconds	0 minor_page_faults/s	0 major_page_faults/s	115722 yields/s	28 preempts/s
24000 milliseconds	2628 MB/s	41089 short_reads/s	0 short_writes_echo/s	139 cpu_user_milliseconds	1116 cpu_system_milliseconds	0 minor_page_faults/s	0 major_page_faults/s	116884 yields/s	24 preempts/s
25000 milliseconds	2626 MB/s	41386 short_reads/s	0 short_writes_echo/s	152 cpu_user_milliseconds	1090 cpu_system_milliseconds	0 minor_page_faults/s	0 major_page_faults/s	113750 yields/s	64 preempts/s
26000 milliseconds	2688 MB/s	42936 short_reads/s	0 short_writes_echo/s	129 cpu_user_milliseconds	1091 cpu_system_milliseconds	0 minor_page_faults/s	0 major_page_faults/s	112193 yields/s	25 preempts/s
27000 milliseconds	2671 MB/s	42452 short_reads/s	0 short_writes_echo/s	141 cpu_user_milliseconds	1077 cpu_system_milliseconds	0 minor_page_faults/s	0 major_page_faults/s	113688 yields/s	8 preempts/s
28000 milliseconds	2616 MB/s	40922 short_reads/s	0 short_writes_echo/s	144 cpu_user_milliseconds	1107 cpu_system_milliseconds	0 minor_page_faults/s	0 major_page_faults/s	115489 yields/s	28 preempts/s
29000 milliseconds	2613 MB/s	40669 short_reads/s	0 short_writes_echo/s	138 cpu_user_milliseconds	1124 cpu_system_milliseconds	0 minor_page_faults/s	0 major_page_faults/s	117728 yields/s	80 preempts/s
30000 milliseconds	2566 MB/s	39732 short_reads/s	0 short_writes_echo/s	105 cpu_user_milliseconds	1147 cpu_system_milliseconds	0 minor_page_faults/s	0 major_page_faults/s	117034 yields/s	269 preempts/s
31000 milliseconds	2651 MB/s	41940 short_reads/s	0 short_writes_echo/s	155 cpu_user_milliseconds	1076 cpu_system_milliseconds	0 minor_page_faults/s	0 major_page_faults/s	113646 yields/s	22 preempts/s
32000 milliseconds	2641 MB/s	41396 short_reads/s	0 short_writes_echo/s	146 cpu_user_milliseconds	1113 cpu_system_milliseconds	0 minor_page_faults/s	0 major_page_faults/s	115608 yields/s	15 preempts/s
33000 milliseconds	2619 MB/s	40770 short_reads/s	0 short_writes_echo/s	146 cpu_user_milliseconds	1121 cpu_system_milliseconds	0 minor_page_faults/s	0 major_page_faults/s	117291 yields/s	23 preempts/s
34000 milliseconds	2642 MB/s	41464 short_reads/s	0 short_writes_echo/s	132 cpu_user_milliseconds	1112 cpu_system_milliseconds	0 minor_page_faults/s	0 major_page_faults/s	116726 yields/s	23 preempts/s
35000 milliseconds	2632 MB/s	41540 short_reads/s	0 short_writes_echo/s	148 cpu_user_milliseconds	1084 cpu_system_milliseconds	0 minor_page_faults/s	0 major_page_faults/s	112564 yields/s	146 preempts/s
36000 milliseconds	2649 MB/s	41706 short_reads/s	0 short_writes_echo/s	152 cpu_user_milliseconds	1092 cpu_system_milliseconds	0 minor_page_faults/s	0 major_page_faults/s	115121 yields/s	24 preempts/s
37000 milliseconds	2665 MB/s	42068 short_reads/s	0 short_writes_echo/s	143 cpu_user_milliseconds	1100 cpu_system_milliseconds	0 minor_page_faults/s	0 major_page_faults/s	114507 yields/s	26 preempts/s
38000 milliseconds	2674 MB/s	42384 short_reads/s	0 short_writes_echo/s	137 cpu_user_milliseconds	1085 cpu_system_milliseconds	0 minor_page_faults/s	0 major_page_faults/s	114111 yields/s	15 preempts/s
39000 milliseconds	2639 MB/s	41218 short_reads/s	0 short_writes_echo/s	119 cpu_user_milliseconds	1143 cpu_system_milliseconds	0 minor_page_faults/s	0 major_page_faults/s	116445 yields/s	56 preempts/s
40000 milliseconds	2571 MB/s	40064 short_reads/s	0 short_writes_echo/s	143 cpu_user_milliseconds	1105 cpu_system_milliseconds	0 minor_page_faults/s	0 major_page_faults/s	114106 yields/s	185 preempts/s
41000 milliseconds	2638 MB/s	41572 short_reads/s	0 short_writes_echo/s	146 cpu_user_milliseconds	1095 cpu_system_milliseconds	0 minor_page_faults/s	0 major_page_faults/s	114187 yields/s	31 preempts/s
42000 milliseconds	2255 MB/s	35119 short_reads/s	0 short_writes_echo/s	116 cpu_user_milliseconds	1017 cpu_system_milliseconds	0 minor_page_faults/s	0 major_page_faults/s	99689 yields/s	1215 preempts/s
43000 milliseconds	2657 MB/s	41984 short_reads/s	0 short_writes_echo/s	152 cpu_user_milliseconds	1082 cpu_system_milliseconds	0 minor_page_faults/s	0 major_page_faults/s	114429 yields/s	31 preempts/s
44000 milliseconds	2621 MB/s	40709 short_reads/s	0 short_writes_echo/s	153 cpu_user_milliseconds	1133 cpu_system_milliseconds	0 minor_page_faults/s	0 major_page_faults/s	117442 yields/s	3 preempts/s
45000 milliseconds	2621 MB/s	41372 short_reads/s	0 short_writes_echo/s	141 cpu_user_milliseconds	1092 cpu_system_milliseconds	0 minor_page_faults/s	0 major_page_faults/s	112539 yields/s	175 preempts/s
46000 milliseconds	2665 MB/s	42185 short_reads/s	0 short_writes_echo/s	159 cpu_user_milliseconds	1083 cpu_system_milliseconds	0 minor_page_faults/s	0 major_page_faults/s	114180 yields/s	52 preempts/s
47000 milliseconds	2658 MB/s	42013 short_reads/s	0 short_writes_echo/s	142 cpu_user_milliseconds	1105 cpu_system_milliseconds	0 minor_page_faults/s	0 major_page_faults/s	115187 yields/s	28 preempts/s
48000 milliseconds	2634 MB/s	41282 short_reads/s	0 short_writes_echo/s	139 cpu_user_milliseconds	1113 cpu_system_milliseconds	0 minor_page_faults/s	0 major_page_faults/s	115758 yields/s	16 preempts/s
49000 milliseconds	2672 MB/s	42280 short_reads/s	0 short_writes_echo/s	155 cpu_user_milliseconds	1084 cpu_system_milliseconds	0 minor_page_faults/s	0 major_page_faults/s	113776 yields/s	53 preempts/s
50000 milliseconds	2579 MB/s	40497 short_reads/s	0 short_writes_echo/s	156 cpu_user_milliseconds	1090 cpu_system_milliseconds	0 minor_page_faults/s	0 major_page_faults/s	112931 yields/s	150 preempts/s
51000 milliseconds	2606 MB/s	40622 short_reads/s	0 short_writes_echo/s	164 cpu_user_milliseconds	1087 cpu_system_milliseconds	0 minor_page_faults/s	0 major_page_faults/s	116496 yields/s	43 preempts/s
52000 milliseconds	2633 MB/s	41356 short_reads/s	0 short_writes_echo/s	120 cpu_user_milliseconds	1121 cpu_system_milliseconds	0 minor_page_faults/s	0 major_page_faults/s	115289 yields/s	39 preempts/s
53000 milliseconds	2611 MB/s	40691 short_reads/s	0 short_writes_echo/s	112 cpu_user_milliseconds	1145 cpu_system_milliseconds	0 minor_page_faults/s	0 major_page_faults/s	116782 yields/s	49 preempts/s
54000 milliseconds	2689 MB/s	42908 short_reads/s	0 short_writes_echo/s	138 cpu_user_milliseconds	1087 cpu_system_milliseconds	0 minor_page_faults/s	0 major_page_faults/s	113134 yields/s	11 preempts/s
55000 milliseconds	2602 MB/s	40970 short_reads/s	0 short_writes_echo/s	146 cpu_user_milliseconds	1089 cpu_system_milliseconds	0 minor_page_faults/s	0 major_page_faults/s	113023 yields/s	169 preempts/s
56000 milliseconds	2615 MB/s	40714 short_reads/s	0 short_writes_echo/s	143 cpu_user_milliseconds	1131 cpu_system_milliseconds	0 minor_page_faults/s	0 major_page_faults/s	116852 yields/s	13 preempts/s
57000 milliseconds	2649 MB/s	41734 short_reads/s	0 short_writes_echo/s	112 cpu_user_milliseconds	1127 cpu_system_milliseconds	0 minor_page_faults/s	0 major_page_faults/s	115027 yields/s	47 preempts/s
58000 milliseconds	2633 MB/s	41183 short_reads/s	0 short_writes_echo/s	141 cpu_user_milliseconds	1120 cpu_system_milliseconds	0 minor_page_faults/s	0 major_page_faults/s	116002 yields/s	24 preempts/s
59000 milliseconds	2612 MB/s	40611 short_reads/s	0 short_writes_echo/s	143 cpu_user_milliseconds	1126 cpu_system_milliseconds	0 minor_page_faults/s	0 major_page_faults/s	117132 yields/s	60 preempts/s
60000 milliseconds	2566 MB/s	40009 short_reads/s	0 short_writes_echo/s	163 cpu_user_milliseconds	1084 cpu_system_milliseconds	0 minor_page_faults/s	0 major_page_faults/s	114195 yields/s	75 preempts/s
61000 milliseconds	2624 MB/s	41071 short_reads/s	0 short_writes_echo/s	139 cpu_user_milliseconds	1109 cpu_system_milliseconds	0 minor_page_faults/s	0 major_page_faults/s	115466 yields/s	48 preempts/s
62000 milliseconds	2666 MB/s	42237 short_reads/s	0 short_writes_echo/s	146 cpu_user_milliseconds	1086 cpu_system_milliseconds	0 minor_page_faults/s	0 major_page_faults/s	114277 yields/s	16 preempts/s
63000 milliseconds	2637 MB/s	41198 short_reads/s	0 short_writes_echo/s	159 cpu_user_milliseconds	1109 cpu_system_milliseconds	0 minor_page_faults/s	0 major_page_faults/s	115944 yields/s	18 preempts/s
64000 milliseconds	2646 MB/s	41642 short_reads/s	0 short_writes_echo/s	142 cpu_user_milliseconds	1105 cpu_system_milliseconds	0 minor_page_faults/s	0 major_page_faults/s	114877 yields/s	13 preempts/s
65000 milliseconds	2548 MB/s	39399 short_reads/s	0 short_writes_echo/s	148 cpu_user_milliseconds	1118 cpu_system_milliseconds	0 minor_page_faults/s	0 major_page_faults/s	115833 yields/s	232 preempts/s
66000 milliseconds	2674 MB/s	42288 short_reads/s	0 short_writes_echo/s	121 cpu_user_milliseconds	1118 cpu_system_milliseconds	0 minor_page_faults/s	0 major_page_faults/s	114727 yields/s	28 preempts/s
67000 milliseconds	2679 MB/s	42542 short_reads/s	0 short_writes_echo/s	138 cpu_user_milliseconds	1092 cpu_system_milliseconds	0 minor_page_faults/s	0 major_page_faults/s	113891 yields/s	47 preempts/s
68000 milliseconds	2630 MB/s	41176 short_reads/s	0 short_writes_echo/s	144 cpu_user_milliseconds	1116 cpu_system_milliseconds	0 minor_page_faults/s	0 major_page_faults/s	116309 yields/s	19 preempts/s
69000 milliseconds	2621 MB/s	40710 short_reads/s	0 short_writes_echo/s	145 cpu_user_milliseconds	1141 cpu_system_milliseconds	0 minor_page_faults/s	0 major_page_faults/s	117799 yields/s	41 preempts/s
70000 milliseconds	2592 MB/s	40357 short_reads/s	0 short_writes_echo/s	152 cpu_user_milliseconds	1111 cpu_system_milliseconds	0 minor_page_faults/s	0 major_page_faults/s	115235 yields/s	207 preempts/s
71000 milliseconds	2667 MB/s	42237 short_reads/s	0 short_writes_echo/s	151 cpu_user_milliseconds	1084 cpu_system_milliseconds	0 minor_page_faults/s	0 major_page_faults/s	113425 yields/s	52 preempts/s
72000 milliseconds	2628 MB/s	40963 short_reads/s	0 short_writes_echo/s	150 cpu_user_milliseconds	1123 cpu_system_milliseconds	0 minor_page_faults/s	0 major_page_faults/s	116600 yields/s	9 preempts/s
73000 milliseconds	2653 MB/s	41698 short_reads/s	0 short_writes_echo/s	141 cpu_user_milliseconds	1120 cpu_system_milliseconds	0 minor_page_faults/s	0 major_page_faults/s	115522 yields/s	23 preempts/s
74001 milliseconds	2638 MB/s	41280 short_reads/s	0 short_writes_echo/s	135 cpu_user_milliseconds	1123 cpu_system_milliseconds	0 minor_page_faults/s	0 major_page_faults/s	116072 yields/s	23 preempts/s
75001 milliseconds	2595 MB/s	40508 short_reads/s	0 short_writes_echo/s	149 cpu_user_milliseconds	1105 cpu_system_milliseconds	0 minor_page_faults/s	0 major_page_faults/s	114788 yields/s	239 preempts/s
76001 milliseconds	2631 MB/s	41190 short_reads/s	0 short_writes_echo/s	136 cpu_user_milliseconds	1122 cpu_system_milliseconds	0 minor_page_faults/s	0 major_page_faults/s	116445 yields/s	53 preempts/s
77001 milliseconds	2526 MB/s	39514 short_reads/s	0 short_writes_echo/s	121 cpu_user_milliseconds	1102 cpu_system_milliseconds	0 minor_page_faults/s	0 major_page_faults/s	111668 yields/s	358 preempts/s
78001 milliseconds	2674 MB/s	42264 short_reads/s	0 short_writes_echo/s	128 cpu_user_milliseconds	1111 cpu_system_milliseconds	0 minor_page_faults/s	0 major_page_faults/s	114668 yields/s	25 preempts/s
79001 milliseconds	2641 MB/s	41773 short_reads/s	0 short_writes_echo/s	149 cpu_user_milliseconds	1085 cpu_system_milliseconds	0 minor_page_faults/s	0 major_page_faults/s	113922 yields/s	40 preempts/s
80001 milliseconds	2340 MB/s	36398 short_reads/s	0 short_writes_echo/s	141 cpu_user_milliseconds	1014 cpu_system_milliseconds	0 minor_page_faults/s	0 major_page_faults/s	103712 yields/s	761 preempts/s
81001 milliseconds	2605 MB/s	40676 short_reads/s	0 short_writes_echo/s	128 cpu_user_milliseconds	1130 cpu_system_milliseconds	0 minor_page_faults/s	0 major_page_faults/s	115753 yields/s	41 preempts/s
82001 milliseconds	2510 MB/s	39152 short_reads/s	0 short_writes_echo/s	142 cpu_user_milliseconds	1073 cpu_system_milliseconds	0 minor_page_faults/s	0 major_page_faults/s	111774 yields/s	445 preempts/s
83001 milliseconds	2641 MB/s	41374 short_reads/s	0 short_writes_echo/s	185 cpu_user_milliseconds	1078 cpu_system_milliseconds	0 minor_page_faults/s	0 major_page_faults/s	116135 yields/s	13 preempts/s
84001 milliseconds	2652 MB/s	41811 short_reads/s	0 short_writes_echo/s	153 cpu_user_milliseconds	1089 cpu_system_milliseconds	0 minor_page_faults/s	0 major_page_faults/s	114194 yields/s	47 preempts/s
85001 milliseconds	2627 MB/s	41507 short_reads/s	0 short_writes_echo/s	135 cpu_user_milliseconds	1102 cpu_system_milliseconds	0 minor_page_faults/s	0 major_page_faults/s	112977 yields/s	151 preempts/s
86001 milliseconds	2635 MB/s	41444 short_reads/s	0 short_writes_echo/s	135 cpu_user_milliseconds	1109 cpu_system_milliseconds	0 minor_page_faults/s	0 major_page_faults/s	115223 yields/s	31 preempts/s
87001 milliseconds	2629 MB/s	40930 short_reads/s	0 short_writes_echo/s	122 cpu_user_milliseconds	1157 cpu_system_milliseconds	0 minor_page_faults/s	0 major_page_faults/s	116998 yields/s	23 preempts/s
88001 milliseconds	2656 MB/s	41739 short_reads/s	0 short_writes_echo/s	126 cpu_user_milliseconds	1132 cpu_system_milliseconds	0 minor_page_faults/s	0 major_page_faults/s	115701 yields/s	44 preempts/s
89001 milliseconds	2637 MB/s	41394 short_reads/s	0 short_writes_echo/s	136 cpu_user_milliseconds	1106 cpu_system_milliseconds	0 minor_page_faults/s	0 major_page_faults/s	116007 yields/s	38 preempts/s
90001 milliseconds	2609 MB/s	41015 short_reads/s	0 short_writes_echo/s	152 cpu_user_milliseconds	1085 cpu_system_milliseconds	0 minor_page_faults/s	0 major_page_faults/s	113758 yields/s	104 preempts/s
91001 milliseconds	2615 MB/s	40846 short_reads/s	0 short_writes_echo/s	126 cpu_user_milliseconds	1124 cpu_system_milliseconds	0 minor_page_faults/s	0 major_page_faults/s	117333 yields/s	52 preempts/s
92001 milliseconds	2640 MB/s	41387 short_reads/s	0 short_writes_echo/s	128 cpu_user_milliseconds	1120 cpu_system_milliseconds	0 minor_page_faults/s	0 major_page_faults/s	115903 yields/s	49 preempts/s
93001 milliseconds	2653 MB/s	41876 short_reads/s	0 short_writes_echo/s	135 cpu_user_milliseconds	1105 cpu_system_milliseconds	0 minor_page_faults/s	0 major_page_faults/s	114541 yields/s	22 preempts/s
94001 milliseconds	2686 MB/s	42778 short_reads/s	0 short_writes_echo/s	133 cpu_user_milliseconds	1081 cpu_system_milliseconds	0 minor_page_faults/s	0 major_page_faults/s	113603 yields/s	12 preempts/s
95001 milliseconds	2598 MB/s	41186 short_reads/s	0 short_writes_echo/s	140 cpu_user_milliseconds	1068 cpu_system_milliseconds	0 minor_page_faults/s	0 major_page_faults/s	111287 yields/s	405 preempts/s
96001 milliseconds	2650 MB/s	41745 short_reads/s	0 short_writes_echo/s	151 cpu_user_milliseconds	1092 cpu_system_milliseconds	0 minor_page_faults/s	0 major_page_faults/s	115135 yields/s	55 preempts/s
97001 milliseconds	2615 MB/s	40536 short_reads/s	0 short_writes_echo/s	140 cpu_user_milliseconds	1141 cpu_system_milliseconds	0 minor_page_faults/s	0 major_page_faults/s	118030 yields/s	23 preempts/s
98001 milliseconds	2653 MB/s	41683 short_reads/s	0 short_writes_echo/s	129 cpu_user_milliseconds	1117 cpu_system_milliseconds	0 minor_page_faults/s	0 major_page_faults/s	115133 yields/s	81 preempts/s
99001 milliseconds	2659 MB/s	42049 short_reads/s	0 short_writes_echo/s	154 cpu_user_milliseconds	1082 cpu_system_milliseconds	0 minor_page_faults/s	0 major_page_faults/s	113979 yields/s	33 preempts/s
100001 milliseconds	2468 MB/s	38658 short_reads/s	0 short_writes_echo/s	112 cpu_user_milliseconds	1088 cpu_system_milliseconds	0 minor_page_faults/s	0 major_page_faults/s	108132 yields/s	575 preempts/s
101001 milliseconds	2608 MB/s	40444 short_reads/s	0 short_writes_echo/s	134 cpu_user_milliseconds	1139 cpu_system_milliseconds	0 minor_page_faults/s	0 major_page_faults/s	117387 yields/s	26 preempts/s
102001 milliseconds	2656 MB/s	41846 short_reads/s	0 short_writes_echo/s	132 cpu_user_milliseconds	1108 cpu_system_milliseconds	0 minor_page_faults/s	0 major_page_faults/s	115257 yields/s	82 preempts/s
103001 milliseconds	2682 MB/s	42769 short_reads/s	0 short_writes_echo/s	142 cpu_user_milliseconds	1098 cpu_system_milliseconds	0 minor_page_faults/s	0 major_page_faults/s	114629 yields/s	20 preempts/s
104001 milliseconds	2667 MB/s	42285 short_reads/s	0 short_writes_echo/s	151 cpu_user_milliseconds	1079 cpu_system_milliseconds	0 minor_page_faults/s	0 major_page_faults/s	113827 yields/s	33 preempts/s
105001 milliseconds	2586 MB/s	40785 short_reads/s	0 short_writes_echo/s	142 cpu_user_milliseconds	1083 cpu_system_milliseconds	0 minor_page_faults/s	0 major_page_faults/s	112325 yields/s	286 preempts/s
106001 milliseconds	2632 MB/s	41247 short_reads/s	0 short_writes_echo/s	143 cpu_user_milliseconds	1110 cpu_system_milliseconds	0 minor_page_faults/s	0 major_page_faults/s	116005 yields/s	42 preempts/s
107001 milliseconds	2663 MB/s	42213 short_reads/s	0 short_writes_echo/s	142 cpu_user_milliseconds	1092 cpu_system_milliseconds	0 minor_page_faults/s	0 major_page_faults/s	113769 yields/s	33 preempts/s
108001 milliseconds	2679 MB/s	42548 short_reads/s	0 short_writes_echo/s	134 cpu_user_milliseconds	1101 cpu_system_milliseconds	0 minor_page_faults/s	0 major_page_faults/s	113843 yields/s	67 preempts/s
109001 milliseconds	2667 MB/s	42168 short_reads/s	0 short_writes_echo/s	121 cpu_user_milliseconds	1115 cpu_system_milliseconds	0 minor_page_faults/s	0 major_page_faults/s	114171 yields/s	19 preempts/s
110001 milliseconds	2591 MB/s	40579 short_reads/s	0 short_writes_echo/s	142 cpu_user_milliseconds	1105 cpu_system_milliseconds	0 minor_page_faults/s	0 major_page_faults/s	113396 yields/s	349 preempts/s
111001 milliseconds	2649 MB/s	41868 short_reads/s	0 short_writes_echo/s	155 cpu_user_milliseconds	1077 cpu_system_milliseconds	0 minor_page_faults/s	0 major_page_faults/s	114739 yields/s	81 preempts/s
112001 milliseconds	2438 MB/s	38332 short_reads/s	0 short_writes_echo/s	142 cpu_user_milliseconds	1021 cpu_system_milliseconds	0 minor_page_faults/s	0 major_page_faults/s	105029 yields/s	1433 preempts/s
113001 milliseconds	2676 MB/s	42568 short_reads/s	0 short_writes_echo/s	114 cpu_user_milliseconds	1110 cpu_system_milliseconds	0 minor_page_faults/s	0 major_page_faults/s	112833 yields/s	34 preempts/s
114001 milliseconds	2627 MB/s	41111 short_reads/s	0 short_writes_echo/s	173 cpu_user_milliseconds	1093 cpu_system_milliseconds	0 minor_page_faults/s	0 major_page_faults/s	115887 yields/s	30 preempts/s
115001 milliseconds	2566 MB/s	39868 short_reads/s	0 short_writes_echo/s	146 cpu_user_milliseconds	1116 cpu_system_milliseconds	0 minor_page_faults/s	0 major_page_faults/s	115288 yields/s	177 preempts/s
116001 milliseconds	2643 MB/s	41686 short_reads/s	0 short_writes_echo/s	142 cpu_user_milliseconds	1097 cpu_system_milliseconds	0 minor_page_faults/s	0 major_page_faults/s	114643 yields/s	24 preempts/s
117001 milliseconds	2645 MB/s	41764 short_reads/s	0 short_writes_echo/s	127 cpu_user_milliseconds	1108 cpu_system_milliseconds	0 minor_page_faults/s	0 major_page_faults/s	114741 yields/s	23 preempts/s
118001 milliseconds	2653 MB/s	41728 short_reads/s	0 short_writes_echo/s	142 cpu_user_milliseconds	1103 cpu_system_milliseconds	0 minor_page_faults/s	0 major_page_faults/s	115708 yields/s	33 preempts/s
119001 milliseconds	2664 MB/s	42068 short_reads/s	0 short_writes_echo/s	145 cpu_user_milliseconds	1097 cpu_system_milliseconds	0 minor_page_faults/s	0 major_page_faults/s	114610 yields/s	107 preempts/s
120001 milliseconds	2590 MB/s	40274 short_reads/s	0 short_writes_echo/s	130 cpu_user_milliseconds	1136 cpu_system_milliseconds	0 minor_page_faults/s	0 major_page_faults/s	115397 yields/s	136 preempts/s
121001 milliseconds	2661 MB/s	42291 short_reads/s	0 short_writes_echo/s	144 cpu_user_milliseconds	1075 cpu_system_milliseconds	0 minor_page_faults/s	0 major_page_faults/s	112463 yields/s	56 preempts/s
122001 milliseconds	2661 MB/s	42048 short_reads/s	0 short_writes_echo/s	160 cpu_user_milliseconds	1080 cpu_system_milliseconds	0 minor_page_faults/s	0 major_page_faults/s	114363 yields/s	18 preempts/s
123001 milliseconds	2687 MB/s	42728 short_reads/s	0 short_writes_echo/s	154 cpu_user_milliseconds	1067 cpu_system_milliseconds	0 minor_page_faults/s	0 major_page_faults/s	112808 yields/s	18 preempts/s
124001 milliseconds	2645 MB/s	41415 short_reads/s	0 short_writes_echo/s	126 cpu_user_milliseconds	1138 cpu_system_milliseconds	0 minor_page_faults/s	0 major_page_faults/s	116060 yields/s	21 preempts/s
125001 milliseconds	2610 MB/s	41097 short_reads/s	0 short_writes_echo/s	124 cpu_user_milliseconds	1118 cpu_system_milliseconds	0 minor_page_faults/s	0 major_page_faults/s	113115 yields/s	152 preempts/s
126001 milliseconds	2668 MB/s	42220 short_reads/s	0 short_writes_echo/s	136 cpu_user_milliseconds	1097 cpu_system_milliseconds	0 minor_page_faults/s	0 major_page_faults/s	113931 yields/s	18 preempts/s
127001 milliseconds	2674 MB/s	42451 short_reads/s	0 short_writes_echo/s	124 cpu_user_milliseconds	1095 cpu_system_milliseconds	0 minor_page_faults/s	0 major_page_faults/s	114496 yields/s	18 preempts/s
128001 milliseconds	2626 MB/s	40918 short_reads/s	0 short_writes_echo/s	154 cpu_user_milliseconds	1115 cpu_system_milliseconds	0 minor_page_faults/s	0 major_page_faults/s	117886 yields/s	34 preempts/s
129001 milliseconds	2624 MB/s	40820 short_reads/s	0 short_writes_echo/s	151 cpu_user_milliseconds	1112 cpu_system_milliseconds	0 minor_page_faults/s	0 major_page_faults/s	117785 yields/s	26 preempts/s
130002 milliseconds	2569 MB/s	40055 short_reads/s	0 short_writes_echo/s	137 cpu_user_milliseconds	1114 cpu_system_milliseconds	0 minor_page_faults/s	0 major_page_faults/s	114425 yields/s	202 preempts/s
131002 milliseconds	2641 MB/s	41594 short_reads/s	0 short_writes_echo/s	129 cpu_user_milliseconds	1112 cpu_system_milliseconds	0 minor_page_faults/s	0 major_page_faults/s	114499 yields/s	29 preempts/s
132002 milliseconds	2655 MB/s	41853 short_reads/s	0 short_writes_echo/s	164 cpu_user_milliseconds	1084 cpu_system_milliseconds	0 minor_page_faults/s	0 major_page_faults/s	114884 yields/s	54 preempts/s
133002 milliseconds	2644 MB/s	41505 short_reads/s	0 short_writes_echo/s	136 cpu_user_milliseconds	1122 cpu_system_milliseconds	0 minor_page_faults/s	0 major_page_faults/s	115558 yields/s	19 preempts/s
134002 milliseconds	2608 MB/s	40282 short_reads/s	0 short_writes_echo/s	138 cpu_user_milliseconds	1151 cpu_system_milliseconds	0 minor_page_faults/s	0 major_page_faults/s	118412 yields/s	18 preempts/s
135002 milliseconds	2578 MB/s	40264 short_reads/s	0 short_writes_echo/s	141 cpu_user_milliseconds	1101 cpu_system_milliseconds	0 minor_page_faults/s	0 major_page_faults/s	113730 yields/s	752 preempts/s
136002 milliseconds	2655 MB/s	41951 short_reads/s	0 short_writes_echo/s	145 cpu_user_milliseconds	1099 cpu_system_milliseconds	0 minor_page_faults/s	0 major_page_faults/s	114078 yields/s	27 preempts/s
137002 milliseconds	2616 MB/s	40781 short_reads/s	0 short_writes_echo/s	123 cpu_user_milliseconds	1136 cpu_system_milliseconds	0 minor_page_faults/s	0 major_page_faults/s	116766 yields/s	27 preempts/s
138002 milliseconds	2612 MB/s	40583 short_reads/s	0 short_writes_echo/s	134 cpu_user_milliseconds	1141 cpu_system_milliseconds	0 minor_page_faults/s	0 major_page_faults/s	117390 yields/s	43 preempts/s
139002 milliseconds	2668 MB/s	42228 short_reads/s	0 short_writes_echo/s	123 cpu_user_milliseconds	1111 cpu_system_milliseconds	0 minor_page_faults/s	0 major_page_faults/s	114710 yields/s	16 preempts/s
140002 milliseconds	2618 MB/s	41267 short_reads/s	0 short_writes_echo/s	137 cpu_user_milliseconds	1087 cpu_system_milliseconds	0 minor_page_faults/s	0 major_page_faults/s	112852 yields/s	115 preempts/s
141002 milliseconds	2604 MB/s	40534 short_reads/s	0 short_writes_echo/s	160 cpu_user_milliseconds	1100 cpu_system_milliseconds	0 minor_page_faults/s	0 major_page_faults/s	116442 yields/s	43 preempts/s
142002 milliseconds	2665 MB/s	42691 short_reads/s	0 short_writes_echo/s	148 cpu_user_milliseconds	1055 cpu_system_milliseconds	0 minor_page_faults/s	0 major_page_faults/s	111255 yields/s	54 preempts/s
143002 milliseconds	2687 MB/s	42727 short_reads/s	0 short_writes_echo/s	161 cpu_user_milliseconds	1069 cpu_system_milliseconds	0 minor_page_faults/s	0 major_page_faults/s	113371 yields/s	30 preempts/s
144002 milliseconds	2656 MB/s	41748 short_reads/s	0 short_writes_echo/s	121 cpu_user_milliseconds	1128 cpu_system_milliseconds	0 minor_page_faults/s	0 major_page_faults/s	115383 yields/s	40 preempts/s
145002 milliseconds	2493 MB/s	38909 short_reads/s	0 short_writes_echo/s	103 cpu_user_milliseconds	1109 cpu_system_milliseconds	0 minor_page_faults/s	0 major_page_faults/s	108651 yields/s	1443 preempts/s
146002 milliseconds	2642 MB/s	41686 short_reads/s	0 short_writes_echo/s	133 cpu_user_milliseconds	1103 cpu_system_milliseconds	0 minor_page_faults/s	0 major_page_faults/s	115165 yields/s	23 preempts/s
147002 milliseconds	2673 MB/s	42392 short_reads/s	0 short_writes_echo/s	146 cpu_user_milliseconds	1091 cpu_system_milliseconds	0 minor_page_faults/s	0 major_page_faults/s	114293 yields/s	48 preempts/s
148002 milliseconds	2479 MB/s	39416 short_reads/s	0 short_writes_echo/s	161 cpu_user_milliseconds	998 cpu_system_milliseconds	0 minor_page_faults/s	0 major_page_faults/s	104623 yields/s	1557 preempts/s
149002 milliseconds	2633 MB/s	41351 short_reads/s	0 short_writes_echo/s	118 cpu_user_milliseconds	1133 cpu_system_milliseconds	0 minor_page_faults/s	0 major_page_faults/s	114825 yields/s	28 preempts/s
150002 milliseconds	2593 MB/s	40692 short_reads/s	0 short_writes_echo/s	142 cpu_user_milliseconds	1101 cpu_system_milliseconds	0 minor_page_faults/s	0 major_page_faults/s	113344 yields/s	92 preempts/s
151002 milliseconds	2641 MB/s	41368 short_reads/s	0 short_writes_echo/s	138 cpu_user_milliseconds	1119 cpu_system_milliseconds	0 minor_page_faults/s	0 major_page_faults/s	115866 yields/s	86 preempts/s
152002 milliseconds	2633 MB/s	41123 short_reads/s	0 short_writes_echo/s	130 cpu_user_milliseconds	1130 cpu_system_milliseconds	0 minor_page_faults/s	0 major_page_faults/s	117706 yields/s	10 preempts/s
153002 milliseconds	2639 MB/s	41363 short_reads/s	0 short_writes_echo/s	124 cpu_user_milliseconds	1130 cpu_system_milliseconds	0 minor_page_faults/s	0 major_page_faults/s	115488 yields/s	37 preempts/s
154002 milliseconds	2622 MB/s	40940 short_reads/s	0 short_writes_echo/s	142 cpu_user_milliseconds	1116 cpu_system_milliseconds	0 minor_page_faults/s	0 major_page_faults/s	116919 yields/s	34 preempts/s
155002 milliseconds	2584 MB/s	40448 short_reads/s	0 short_writes_echo/s	131 cpu_user_milliseconds	1115 cpu_system_milliseconds	0 minor_page_faults/s	0 major_page_faults/s	113673 yields/s	102 preempts/s
156002 milliseconds	2615 MB/s	40673 short_reads/s	0 short_writes_echo/s	145 cpu_user_milliseconds	1122 cpu_system_milliseconds	0 minor_page_faults/s	0 major_page_faults/s	117299 yields/s	32 preempts/s
157002 milliseconds	2661 MB/s	42083 short_reads/s	0 short_writes_echo/s	122 cpu_user_milliseconds	1117 cpu_system_milliseconds	0 minor_page_faults/s	0 major_page_faults/s	114554 yields/s	41 preempts/s
158002 milliseconds	2632 MB/s	41186 short_reads/s	0 short_writes_echo/s	135 cpu_user_milliseconds	1130 cpu_system_milliseconds	0 minor_page_faults/s	0 major_page_faults/s	116470 yields/s	18 preempts/s
159002 milliseconds	2639 MB/s	41228 short_reads/s	0 short_writes_echo/s	157 cpu_user_milliseconds	1110 cpu_system_milliseconds	0 minor_page_faults/s	0 major_page_faults/s	116427 yields/s	30 preempts/s
160002 milliseconds	2569 MB/s	39607 short_reads/s	0 short_writes_echo/s	147 cpu_user_milliseconds	1143 cpu_system_milliseconds	0 minor_page_faults/s	0 major_page_faults/s	116888 yields/s	106 preempts/s
161002 milliseconds	2650 MB/s	41828 short_reads/s	0 short_writes_echo/s	136 cpu_user_milliseconds	1099 cpu_system_milliseconds	0 minor_page_faults/s	0 major_page_faults/s	114573 yields/s	19 preempts/s
162002 milliseconds	2675 MB/s	42498 short_reads/s	0 short_writes_echo/s	161 cpu_user_milliseconds	1063 cpu_system_milliseconds	0 minor_page_faults/s	0 major_page_faults/s	113660 yields/s	14 preempts/s
163002 milliseconds	2560 MB/s	40496 short_reads/s	0 short_writes_echo/s	138 cpu_user_milliseconds	1068 cpu_system_milliseconds	0 minor_page_faults/s	0 major_page_faults/s	109954 yields/s	144 preempts/s
164002 milliseconds	2671 MB/s	42248 short_reads/s	0 short_writes_echo/s	140 cpu_user_milliseconds	1096 cpu_system_milliseconds	0 minor_page_faults/s	0 major_page_faults/s	114057 yields/s	48 preempts/s
165002 milliseconds	2596 MB/s	40550 short_reads/s	0 short_writes_echo/s	106 cpu_user_milliseconds	1152 cpu_system_milliseconds	0 minor_page_faults/s	0 major_page_faults/s	115371 yields/s	144 preempts/s
166002 milliseconds	2654 MB/s	41855 short_reads/s	0 short_writes_echo/s	116 cpu_user_milliseconds	1125 cpu_system_milliseconds	0 minor_page_faults/s	0 major_page_faults/s	114736 yields/s	37 preempts/s
167002 milliseconds	2643 MB/s	41535 short_reads/s	0 short_writes_echo/s	154 cpu_user_milliseconds	1088 cpu_system_milliseconds	0 minor_page_faults/s	0 major_page_faults/s	116637 yields/s	18 preempts/s
168002 milliseconds	2654 MB/s	41679 short_reads/s	0 short_writes_echo/s	153 cpu_user_milliseconds	1101 cpu_system_milliseconds	0 minor_page_faults/s	0 major_page_faults/s	115706 yields/s	14 preempts/s
169002 milliseconds	2657 MB/s	41848 short_reads/s	0 short_writes_echo/s	143 cpu_user_milliseconds	1109 cpu_system_milliseconds	0 minor_page_faults/s	0 major_page_faults/s	115038 yields/s	17 preempts/s
170002 milliseconds	2543 MB/s	39331 short_reads/s	0 short_writes_echo/s	157 cpu_user_milliseconds	1109 cpu_system_milliseconds	0 minor_page_faults/s	0 major_page_faults/s	115015 yields/s	271 preempts/s
171002 milliseconds	2665 MB/s	42175 short_reads/s	0 short_writes_echo/s	138 cpu_user_milliseconds	1099 cpu_system_milliseconds	0 minor_page_faults/s	0 major_page_faults/s	113079 yields/s	71 preempts/s
172002 milliseconds	2621 MB/s	40756 short_reads/s	0 short_writes_echo/s	130 cpu_user_milliseconds	1148 cpu_system_milliseconds	0 minor_page_faults/s	0 major_page_faults/s	117341 yields/s	35 preempts/s
173002 milliseconds	2582 MB/s	39889 short_reads/s	0 short_writes_echo/s	122 cpu_user_milliseconds	1154 cpu_system_milliseconds	0 minor_page_faults/s	0 major_page_faults/s	117716 yields/s	66 preempts/s
174002 milliseconds	2643 MB/s	41416 short_reads/s	0 short_writes_echo/s	165 cpu_user_milliseconds	1099 cpu_system_milliseconds	0 minor_page_faults/s	0 major_page_faults/s	116005 yields/s	68 preempts/s
175002 milliseconds	2610 MB/s	41188 short_reads/s	0 short_writes_echo/s	139 cpu_user_milliseconds	1094 cpu_system_milliseconds	0 minor_page_faults/s	0 major_page_faults/s	113800 yields/s	148 preempts/s
176002 milliseconds	2607 MB/s	40526 short_reads/s	0 short_writes_echo/s	121 cpu_user_milliseconds	1153 cpu_system_milliseconds	0 minor_page_faults/s	0 major_page_faults/s	116816 yields/s	33 preempts/s
177002 milliseconds	2653 MB/s	41830 short_reads/s	0 short_writes_echo/s	143 cpu_user_milliseconds	1097 cpu_system_milliseconds	0 minor_page_faults/s	0 major_page_faults/s	115036 yields/s	98 preempts/s
178002 milliseconds	2629 MB/s	41091 short_reads/s	0 short_writes_echo/s	137 cpu_user_milliseconds	1124 cpu_system_milliseconds	0 minor_page_faults/s	0 major_page_faults/s	115943 yields/s	44 preempts/s
179002 milliseconds	2640 MB/s	41573 short_reads/s	0 short_writes_echo/s	132 cpu_user_milliseconds	1112 cpu_system_milliseconds	0 minor_page_faults/s	0 major_page_faults/s	115333 yields/s	97 preempts/s
180002 milliseconds	2627 MB/s	41310 short_reads/s	0 short_writes_echo/s	145 cpu_user_milliseconds	1098 cpu_system_milliseconds	0 minor_page_faults/s	0 major_page_faults/s	113707 yields/s	131 preempts/s
181002 milliseconds	2643 MB/s	41569 short_reads/s	0 short_writes_echo/s	157 cpu_user_milliseconds	1079 cpu_system_milliseconds	0 minor_page_faults/s	0 major_page_faults/s	115403 yields/s	29 preempts/s
182002 milliseconds	2645 MB/s	41455 short_reads/s	0 short_writes_echo/s	145 cpu_user_milliseconds	1105 cpu_system_milliseconds	0 minor_page_faults/s	0 major_page_faults/s	116606 yields/s	10 preempts/s
183002 milliseconds	2630 MB/s	41076 short_reads/s	0 short_writes_echo/s	131 cpu_user_milliseconds	1137 cpu_system_milliseconds	0 minor_page_faults/s	0 major_page_faults/s	116378 yields/s	22 preempts/s
184002 milliseconds	2631 MB/s	40984 short_reads/s	0 short_writes_echo/s	147 cpu_user_milliseconds	1118 cpu_system_milliseconds	0 minor_page_faults/s	0 major_page_faults/s	117617 yields/s	29 preempts/s
185002 milliseconds	2600 MB/s	40580 short_reads/s	0 short_writes_echo/s	149 cpu_user_milliseconds	1108 cpu_system_milliseconds	0 minor_page_faults/s	0 major_page_faults/s	114928 yields/s	198 preempts/s
186002 milliseconds	2633 MB/s	41278 short_reads/s	0 short_writes_echo/s	153 cpu_user_milliseconds	1104 cpu_system_milliseconds	0 minor_page_faults/s	0 major_page_faults/s	115642 yields/s	89 preempts/s
187002 milliseconds	2676 MB/s	42460 short_reads/s	0 short_writes_echo/s	133 cpu_user_milliseconds	1096 cpu_system_milliseconds	0 minor_page_faults/s	0 major_page_faults/s	113793 yields/s	19 preempts/s
188002 milliseconds	2655 MB/s	41771 short_reads/s	0 short_writes_echo/s	136 cpu_user_milliseconds	1110 cpu_system_milliseconds	0 minor_page_faults/s	0 major_page_faults/s	115669 yields/s	20 preempts/s
189002 milliseconds	2663 MB/s	42133 short_reads/s	0 short_writes_echo/s	119 cpu_user_milliseconds	1109 cpu_system_milliseconds	0 minor_page_faults/s	0 major_page_faults/s	114739 yields/s	17 preempts/s
190002 milliseconds	2285 MB/s	35885 short_reads/s	0 short_writes_echo/s	105 cpu_user_milliseconds	997 cpu_system_milliseconds	0 minor_page_faults/s	0 major_page_faults/s	98919 yields/s	1772 preempts/s
191002 milliseconds	2661 MB/s	42158 short_reads/s	0 short_writes_echo/s	126 cpu_user_milliseconds	1109 cpu_system_milliseconds	0 minor_page_faults/s	0 major_page_faults/s	113497 yields/s	25 preempts/s
192002 milliseconds	2598 MB/s	40264 short_reads/s	0 short_writes_echo/s	149 cpu_user_milliseconds	1119 cpu_system_milliseconds	0 minor_page_faults/s	0 major_page_faults/s	117879 yields/s	28 preempts/s
193002 milliseconds	2661 MB/s	41959 short_reads/s	0 short_writes_echo/s	134 cpu_user_milliseconds	1113 cpu_system_milliseconds	0 minor_page_faults/s	0 major_page_faults/s	114947 yields/s	29 preempts/s
194002 milliseconds	2630 MB/s	41207 short_reads/s	0 short_writes_echo/s	116 cpu_user_milliseconds	1133 cpu_system_milliseconds	0 minor_page_faults/s	0 major_page_faults/s	116452 yields/s	16 preempts/s
195002 milliseconds	2585 MB/s	40345 short_reads/s	0 short_writes_echo/s	150 cpu_user_milliseconds	1109 cpu_system_milliseconds	0 minor_page_faults/s	0 major_page_faults/s	115241 yields/s	197 preempts/s
196002 milliseconds	2623 MB/s	40912 short_reads/s	0 short_writes_echo/s	136 cpu_user_milliseconds	1125 cpu_system_milliseconds	0 minor_page_faults/s	0 major_page_faults/s	116762 yields/s	42 preempts/s
197002 milliseconds	2657 MB/s	42013 short_reads/s	0 short_writes_echo/s	136 cpu_user_milliseconds	1093 cpu_system_milliseconds	0 minor_page_faults/s	0 major_page_faults/s	114047 yields/s	17 preempts/s
198002 milliseconds	2630 MB/s	41069 short_reads/s	0 short_writes_echo/s	131 cpu_user_milliseconds	1139 cpu_system_milliseconds	0 minor_page_faults/s	0 major_page_faults/s	116751 yields/s	40 preempts/s
199002 milliseconds	2667 MB/s	42282 short_reads/s	0 short_writes_echo/s	142 cpu_user_milliseconds	1090 cpu_system_milliseconds	0 minor_page_faults/s	0 major_page_faults/s	113916 yields/s	45 preempts/s
200002 milliseconds	2577 MB/s	39962 short_reads/s	0 short_writes_echo/s	141 cpu_user_milliseconds	1132 cpu_system_milliseconds	0 minor_page_faults/s	0 major_page_faults/s	116125 yields/s	113 preempts/s
201002 milliseconds	2601 MB/s	40476 short_reads/s	0 short_writes_echo/s	123 cpu_user_milliseconds	1127 cpu_system_milliseconds	0 minor_page_faults/s	0 major_page_faults/s	117063 yields/s	74 preempts/s
202002 milliseconds	2668 MB/s	42207 short_reads/s	0 short_writes_echo/s	136 cpu_user_milliseconds	1096 cpu_system_milliseconds	0 minor_page_faults/s	0 major_page_faults/s	114462 yields/s	44 preempts/s
203002 milliseconds	2537 MB/s	39916 short_reads/s	0 short_writes_echo/s	139 cpu_user_milliseconds	1066 cpu_system_milliseconds	0 minor_page_faults/s	0 major_page_faults/s	110046 yields/s	273 preempts/s
204002 milliseconds	2661 MB/s	41944 short_reads/s	0 short_writes_echo/s	131 cpu_user_milliseconds	1114 cpu_system_milliseconds	0 minor_page_faults/s	0 major_page_faults/s	115125 yields/s	13 preempts/s
205002 milliseconds	2613 MB/s	41179 short_reads/s	0 short_writes_echo/s	134 cpu_user_milliseconds	1091 cpu_system_milliseconds	0 minor_page_faults/s	0 major_page_faults/s	112690 yields/s	524 preempts/s
206002 milliseconds	2651 MB/s	41804 short_reads/s	0 short_writes_echo/s	127 cpu_user_milliseconds	1103 cpu_system_milliseconds	0 minor_page_faults/s	0 major_page_faults/s	114338 yields/s	34 preempts/s
207002 milliseconds	2665 MB/s	41955 short_reads/s	0 short_writes_echo/s	147 cpu_user_milliseconds	1108 cpu_system_milliseconds	0 minor_page_faults/s	0 major_page_faults/s	115213 yields/s	35 preempts/s
208002 milliseconds	2640 MB/s	41354 short_reads/s	0 short_writes_echo/s	136 cpu_user_milliseconds	1118 cpu_system_milliseconds	0 minor_page_faults/s	0 major_page_faults/s	116500 yields/s	38 preempts/s
209002 milliseconds	2637 MB/s	41392 short_reads/s	0 short_writes_echo/s	168 cpu_user_milliseconds	1084 cpu_system_milliseconds	0 minor_page_faults/s	0 major_page_faults/s	115380 yields/s	40 preempts/s
210003 milliseconds	2641 MB/s	41663 short_reads/s	0 short_writes_echo/s	147 cpu_user_milliseconds	1088 cpu_system_milliseconds	0 minor_page_faults/s	0 major_page_faults/s	113333 yields/s	178 preempts/s
211003 milliseconds	2664 MB/s	42325 short_reads/s	0 short_writes_echo/s	142 cpu_user_milliseconds	1079 cpu_system_milliseconds	0 minor_page_faults/s	0 major_page_faults/s	113323 yields/s	31 preempts/s
212003 milliseconds	2651 MB/s	41825 short_reads/s	0 short_writes_echo/s	130 cpu_user_milliseconds	1107 cpu_system_milliseconds	0 minor_page_faults/s	0 major_page_faults/s	115238 yields/s	8 preempts/s
213003 milliseconds	2629 MB/s	41038 short_reads/s	0 short_writes_echo/s	125 cpu_user_milliseconds	1138 cpu_system_milliseconds	0 minor_page_faults/s	0 major_page_faults/s	117367 yields/s	12 preempts/s
214003 milliseconds	2667 MB/s	42220 short_reads/s	0 short_writes_echo/s	136 cpu_user_milliseconds	1100 cpu_system_milliseconds	0 minor_page_faults/s	0 major_page_faults/s	114582 yields/s	34 preempts/s
215003 milliseconds	2584 MB/s	40733 short_reads/s	0 short_writes_echo/s	127 cpu_user_milliseconds	1088 cpu_system_milliseconds	0 minor_page_faults/s	0 major_page_faults/s	112004 yields/s	94 preempts/s
216003 milliseconds	2612 MB/s	40760 short_reads/s	0 short_writes_echo/s	137 cpu_user_milliseconds	1118 cpu_system_milliseconds	0 minor_page_faults/s	0 major_page_faults/s	116639 yields/s	49 preempts/s
217003 milliseconds	2675 MB/s	42491 short_reads/s	0 short_writes_echo/s	146 cpu_user_milliseconds	1079 cpu_system_milliseconds	0 minor_page_faults/s	0 major_page_faults/s	113689 yields/s	31 preempts/s
218003 milliseconds	2666 MB/s	42255 short_reads/s	0 short_writes_echo/s	126 cpu_user_milliseconds	1110 cpu_system_milliseconds	0 minor_page_faults/s	0 major_page_faults/s	113933 yields/s	31 preempts/s
219003 milliseconds	2638 MB/s	41326 short_reads/s	0 short_writes_echo/s	128 cpu_user_milliseconds	1130 cpu_system_milliseconds	0 minor_page_faults/s	0 major_page_faults/s	116796 yields/s	43 preempts/s
220003 milliseconds	2619 MB/s	41436 short_reads/s	0 short_writes_echo/s	133 cpu_user_milliseconds	1089 cpu_system_milliseconds	0 minor_page_faults/s	0 major_page_faults/s	112689 yields/s	77 preempts/s
221003 milliseconds	2660 MB/s	42296 short_reads/s	0 short_writes_echo/s	154 cpu_user_milliseconds	1065 cpu_system_milliseconds	0 minor_page_faults/s	0 major_page_faults/s	112131 yields/s	44 preempts/s
222003 milliseconds	2335 MB/s	36782 short_reads/s	0 short_writes_echo/s	101 cpu_user_milliseconds	1018 cpu_system_milliseconds	0 minor_page_faults/s	0 major_page_faults/s	101554 yields/s	2477 preempts/s
223003 milliseconds	2642 MB/s	41492 short_reads/s	0 short_writes_echo/s	143 cpu_user_milliseconds	1102 cpu_system_milliseconds	0 minor_page_faults/s	0 major_page_faults/s	115396 yields/s	24 preempts/s
224003 milliseconds	2617 MB/s	40762 short_reads/s	0 short_writes_echo/s	132 cpu_user_milliseconds	1136 cpu_system_milliseconds	0 minor_page_faults/s	0 major_page_faults/s	116716 yields/s	18 preempts/s
225003 milliseconds	2584 MB/s	40505 short_reads/s	0 short_writes_echo/s	131 cpu_user_milliseconds	1110 cpu_system_milliseconds	0 minor_page_faults/s	0 major_page_faults/s	114748 yields/s	108 preempts/s
226003 milliseconds	2648 MB/s	41713 short_reads/s	0 short_writes_echo/s	128 cpu_user_milliseconds	1114 cpu_system_milliseconds	0 minor_page_faults/s	0 major_page_faults/s	114298 yields/s	27 preempts/s
227003 milliseconds	2659 MB/s	41836 short_reads/s	0 short_writes_echo/s	143 cpu_user_milliseconds	1109 cpu_system_milliseconds	0 minor_page_faults/s	0 major_page_faults/s	115650 yields/s	38 preempts/s
228003 milliseconds	2664 MB/s	41885 short_reads/s	0 short_writes_echo/s	168 cpu_user_milliseconds	1084 cpu_system_milliseconds	0 minor_page_faults/s	0 major_page_faults/s	115605 yields/s	17 preempts/s
229003 milliseconds	2648 MB/s	41690 short_reads/s	0 short_writes_echo/s	151 cpu_user_milliseconds	1096 cpu_system_milliseconds	0 minor_page_faults/s	0 major_page_faults/s	114930 yields/s	28 preempts/s
230003 milliseconds	2631 MB/s	41618 short_reads/s	0 short_writes_echo/s	145 cpu_user_milliseconds	1086 cpu_system_milliseconds	0 minor_page_faults/s	0 major_page_faults/s	112459 yields/s	267 preempts/s
231003 milliseconds	2670 MB/s	42275 short_reads/s	0 short_writes_echo/s	131 cpu_user_milliseconds	1107 cpu_system_milliseconds	0 minor_page_faults/s	0 major_page_faults/s	114066 yields/s	54 preempts/s
232003 milliseconds	2640 MB/s	41399 short_reads/s	0 short_writes_echo/s	153 cpu_user_milliseconds	1102 cpu_system_milliseconds	0 minor_page_faults/s	0 major_page_faults/s	116017 yields/s	21 preempts/s
233003 milliseconds	2637 MB/s	41529 short_reads/s	0 short_writes_echo/s	142 cpu_user_milliseconds	1109 cpu_system_milliseconds	0 minor_page_faults/s	0 major_page_faults/s	114814 yields/s	62 preempts/s
234003 milliseconds	2669 MB/s	42003 short_reads/s	0 short_writes_echo/s	145 cpu_user_milliseconds	1105 cpu_system_milliseconds	0 minor_page_faults/s	0 major_page_faults/s	115476 yields/s	18 preempts/s
235003 milliseconds	2587 MB/s	40473 short_reads/s	0 short_writes_echo/s	131 cpu_user_milliseconds	1119 cpu_system_milliseconds	0 minor_page_faults/s	0 major_page_faults/s	113649 yields/s	419 preempts/s
236003 milliseconds	2616 MB/s	40881 short_reads/s	0 short_writes_echo/s	134 cpu_user_milliseconds	1123 cpu_system_milliseconds	0 minor_page_faults/s	0 major_page_faults/s	115937 yields/s	29 preempts/s
237003 milliseconds	2606 MB/s	40511 short_reads/s	0 short_writes_echo/s	137 cpu_user_milliseconds	1128 cpu_system_milliseconds	0 minor_page_faults/s	0 major_page_faults/s	117294 yields/s	64 preempts/s
238003 milliseconds	2653 MB/s	41582 short_reads/s	0 short_writes_echo/s	146 cpu_user_milliseconds	1110 cpu_system_milliseconds	0 minor_page_faults/s	0 major_page_faults/s	115912 yields/s	34 preempts/s
239003 milliseconds	2632 MB/s	41190 short_reads/s	0 short_writes_echo/s	125 cpu_user_milliseconds	1131 cpu_system_milliseconds	0 minor_page_faults/s	0 major_page_faults/s	116944 yields/s	33 preempts/s
240003 milliseconds	2583 MB/s	40096 short_reads/s	0 short_writes_echo/s	138 cpu_user_milliseconds	1127 cpu_system_milliseconds	0 minor_page_faults/s	0 major_page_faults/s	116319 yields/s	69 preempts/s
