1000 milliseconds	2515 MB/s	41265 short_reads/s	0 short_writes_echo/s	152 cpu_user_milliseconds	1111 cpu_system_milliseconds	177 minor_page_faults/s	0 major_page_faults/s	113690 yields/s	299 preempts/s
2000 milliseconds	2398 MB/s	40987 short_reads/s	0 short_writes_echo/s	108 cpu_user_milliseconds	1106 cpu_system_milliseconds	2 minor_page_faults/s	0 major_page_faults/s	109319 yields/s	446 preempts/s
3000 milliseconds	2553 MB/s	45315 short_reads/s	0 short_writes_echo/s	140 cpu_user_milliseconds	1110 cpu_system_milliseconds	0 minor_page_faults/s	0 major_page_faults/s	116032 yields/s	193 preempts/s
4000 milliseconds	2600 MB/s	47134 short_reads/s	0 short_writes_echo/s	166 cpu_user_milliseconds	1131 cpu_system_milliseconds	0 minor_page_faults/s	0 major_page_faults/s	121113 yields/s	44 preempts/s
5000 milliseconds	2596 MB/s	42234 short_reads/s	0 short_writes_echo/s	124 cpu_user_milliseconds	1160 cpu_system_milliseconds	0 minor_page_faults/s	0 major_page_faults/s	119304 yields/s	30 preempts/s
6000 milliseconds	2584 MB/s	46815 short_reads/s	0 short_writes_echo/s	155 cpu_user_milliseconds	1147 cpu_system_milliseconds	0 minor_page_faults/s	0 major_page_faults/s	120364 yields/s	108 preempts/s
7000 milliseconds	2656 MB/s	53315 short_reads/s	0 short_writes_echo/s	153 cpu_user_milliseconds	1156 cpu_system_milliseconds	0 minor_page_faults/s	0 major_page_faults/s	123709 yields/s	37 preempts/s
8000 milliseconds	2631 MB/s	51887 short_reads/s	0 short_writes_echo/s	167 cpu_user_milliseconds	1153 cpu_system_milliseconds	0 minor_page_faults/s	0 major_page_faults/s	124031 yields/s	8 preempts/s
9000 milliseconds	2600 MB/s	47778 short_reads/s	0 short_writes_echo/s	155 cpu_user_milliseconds	1147 cpu_system_milliseconds	0 minor_page_faults/s	0 major_page_faults/s	121083 yields/s	128 preempts/s
10000 milliseconds	2619 MB/s	47756 short_reads/s	0 short_writes_echo/s	139 cpu_user_milliseconds	1165 cpu_system_milliseconds	0 minor_page_faults/s	0 major_page_faults/s	122423 yields/s	43 preempts/s
11000 milliseconds	2610 MB/s	50558 short_reads/s	0 short_writes_echo/s	135 cpu_user_milliseconds	1158 cpu_system_milliseconds	0 minor_page_faults/s	0 major_page_faults/s	121590 yields/s	109 preempts/s
12000 milliseconds	2601 MB/s	44767 short_reads/s	0 short_writes_echo/s	142 cpu_user_milliseconds	1154 cpu_system_milliseconds	0 minor_page_faults/s	0 major_page_faults/s	121126 yields/s	29 preempts/s
13000 milliseconds	2602 MB/s	44839 short_reads/s	0 short_writes_echo/s	139 cpu_user_milliseconds	1168 cpu_system_milliseconds	0 minor_page_faults/s	0 major_page_faults/s	121092 yields/s	43 preempts/s
14000 milliseconds	2594 MB/s	44688 short_reads/s	0 short_writes_echo/s	116 cpu_user_milliseconds	1167 cpu_system_milliseconds	0 minor_page_faults/s	0 major_page_faults/s	119446 yields/s	27 preempts/s
15000 milliseconds	2641 MB/s	51664 short_reads/s	0 short_writes_echo/s	154 cpu_user_milliseconds	1160 cpu_system_milliseconds	0 minor_page_faults/s	0 major_page_faults/s	124030 yields/s	24 preempts/s
16000 milliseconds	2624 MB/s	53086 short_reads/s	0 short_writes_echo/s	175 cpu_user_milliseconds	1150 cpu_system_milliseconds	0 minor_page_faults/s	0 major_page_faults/s	125644 yields/s	125 preempts/s
17000 milliseconds	2307 MB/s	39232 short_reads/s	0 short_writes_echo/s	133 cpu_user_milliseconds	1049 cpu_system_milliseconds	0 minor_page_faults/s	0 major_page_faults/s	105586 yields/s	833 preempts/s
18000 milliseconds	2628 MB/s	48621 short_reads/s	0 short_writes_echo/s	150 cpu_user_milliseconds	1156 cpu_system_milliseconds	0 minor_page_faults/s	0 major_page_faults/s	122567 yields/s	24 preempts/s
19000 milliseconds	2626 MB/s	47490 short_reads/s	0 short_writes_echo/s	152 cpu_user_milliseconds	1147 cpu_system_milliseconds	0 minor_page_faults/s	0 major_page_faults/s	120854 yields/s	93 preempts/s
20000 milliseconds	2594 MB/s	42285 short_reads/s	0 short_writes_echo/s	131 cpu_user_milliseconds	1164 cpu_system_milliseconds	0 minor_page_faults/s	0 major_page_faults/s	119483 yields/s	18 preempts/s
21000 milliseconds	2602 MB/s	46042 short_reads/s	0 short_writes_echo/s	134 cpu_user_milliseconds	1142 cpu_system_milliseconds	0 minor_page_faults/s	0 major_page_faults/s	118402 yields/s	129 preempts/s
22000 milliseconds	2622 MB/s	46440 short_reads/s	0 short_writes_echo/s	125 cpu_user_milliseconds	1175 cpu_system_milliseconds	0 minor_page_faults/s	0 major_page_faults/s	121153 yields/s	39 preempts/s
23000 milliseconds	2624 MB/s	45865 short_reads/s	0 short_writes_echo/s	139 cpu_user_milliseconds	1158 cpu_system_milliseconds	0 minor_page_faults/s	0 major_page_faults/s	120575 yields/s	116 preempts/s
24000 milliseconds	2597 MB/s	43716 short_reads/s	0 short_writes_echo/s	156 cpu_user_milliseconds	1124 cpu_system_milliseconds	0 minor_page_faults/s	0 major_page_faults/s	119380 yields/s	136 preempts/s
25000 milliseconds	2639 MB/s	48058 short_reads/s	0 short_writes_echo/s	157 cpu_user_milliseconds	1142 cpu_system_milliseconds	0 minor_page_faults/s	0 major_page_faults/s	121551 yields/s	48 preempts/s
26000 milliseconds	2599 MB/s	44890 short_reads/s	0 short_writes_echo/s	132 cpu_user_milliseconds	1172 cpu_system_milliseconds	0 minor_page_faults/s	0 major_page_faults/s	119984 yields/s	93 preempts/s
27000 milliseconds	2658 MB/s	48408 short_reads/s	0 short_writes_echo/s	128 cpu_user_milliseconds	1163 cpu_system_milliseconds	0 minor_page_faults/s	0 major_page_faults/s	120012 yields/s	53 preempts/s
28000 milliseconds	2615 MB/s	46075 short_reads/s	0 short_writes_echo/s	162 cpu_user_milliseconds	1146 cpu_system_milliseconds	0 minor_page_faults/s	0 major_page_faults/s	121360 yields/s	11 preempts/s
29000 milliseconds	2626 MB/s	46912 short_reads/s	0 short_writes_echo/s	143 cpu_user_milliseconds	1142 cpu_system_milliseconds	0 minor_page_faults/s	0 major_page_faults/s	119830 yields/s	44 preempts/s
30000 milliseconds	2648 MB/s	53337 short_reads/s	0 short_writes_echo/s	155 cpu_user_milliseconds	1156 cpu_system_milliseconds	0 minor_page_faults/s	0 major_page_faults/s	123742 yields/s	34 preempts/s
31000 milliseconds	2629 MB/s	47023 short_reads/s	0 short_writes_echo/s	130 cpu_user_milliseconds	1145 cpu_system_milliseconds	0 minor_page_faults/s	0 major_page_faults/s	118052 yields/s	132 preempts/s
32000 milliseconds	2639 MB/s	49106 short_reads/s	0 short_writes_echo/s	145 cpu_user_milliseconds	1156 cpu_system_milliseconds	0 minor_page_faults/s	0 major_page_faults/s	121962 yields/s	28 preempts/s
33000 milliseconds	2636 MB/s	47465 short_reads/s	0 short_writes_echo/s	134 cpu_user_milliseconds	1165 cpu_system_milliseconds	0 minor_page_faults/s	0 major_page_faults/s	121318 yields/s	77 preempts/s
34000 milliseconds	2602 MB/s	47736 short_reads/s	0 short_writes_echo/s	132 cpu_user_milliseconds	1171 cpu_system_milliseconds	0 minor_page_faults/s	0 major_page_faults/s	121401 yields/s	84 preempts/s
35000 milliseconds	2639 MB/s	45895 short_reads/s	0 short_writes_echo/s	151 cpu_user_milliseconds	1134 cpu_system_milliseconds	0 minor_page_faults/s	0 major_page_faults/s	118410 yields/s	31 preempts/s
36000 milliseconds	2590 MB/s	44974 short_reads/s	0 short_writes_echo/s	123 cpu_user_milliseconds	1155 cpu_system_milliseconds	0 minor_page_faults/s	0 major_page_faults/s	120290 yields/s	112 preempts/s
37000 milliseconds	2642 MB/s	47930 short_reads/s	0 short_writes_echo/s	144 cpu_user_milliseconds	1153 cpu_system_milliseconds	0 minor_page_faults/s	0 major_page_faults/s	120773 yields/s	41 preempts/s
38000 milliseconds	2628 MB/s	47750 short_reads/s	0 short_writes_echo/s	133 cpu_user_milliseconds	1183 cpu_system_milliseconds	0 minor_page_faults/s	0 major_page_faults/s	122573 yields/s	43 preempts/s
39000 milliseconds	2630 MB/s	47900 short_reads/s	0 short_writes_echo/s	142 cpu_user_milliseconds	1150 cpu_system_milliseconds	0 minor_page_faults/s	0 major_page_faults/s	119920 yields/s	44 preempts/s
40000 milliseconds	2628 MB/s	48477 short_reads/s	0 short_writes_echo/s	137 cpu_user_milliseconds	1165 cpu_system_milliseconds	0 minor_page_faults/s	0 major_page_faults/s	121880 yields/s	22 preempts/s
41000 milliseconds	2620 MB/s	47614 short_reads/s	0 short_writes_echo/s	143 cpu_user_milliseconds	1149 cpu_system_milliseconds	0 minor_page_faults/s	0 major_page_faults/s	120377 yields/s	159 preempts/s
42000 milliseconds	2652 MB/s	46916 short_reads/s	0 short_writes_echo/s	124 cpu_user_milliseconds	1153 cpu_system_milliseconds	0 minor_page_faults/s	0 major_page_faults/s	119066 yields/s	31 preempts/s
43000 milliseconds	2631 MB/s	46232 short_reads/s	0 short_writes_echo/s	163 cpu_user_milliseconds	1133 cpu_system_milliseconds	0 minor_page_faults/s	0 major_page_faults/s	120669 yields/s	46 preempts/s
44000 milliseconds	2608 MB/s	44280 short_reads/s	0 short_writes_echo/s	155 cpu_user_milliseconds	1136 cpu_system_milliseconds	0 minor_page_faults/s	0 major_page_faults/s	119272 yields/s	254 preempts/s
45000 milliseconds	2627 MB/s	46734 short_reads/s	0 short_writes_echo/s	139 cpu_user_milliseconds	1146 cpu_system_milliseconds	0 minor_page_faults/s	0 major_page_faults/s	120352 yields/s	25 preempts/s
46000 milliseconds	2599 MB/s	47683 short_reads/s	0 short_writes_echo/s	124 cpu_user_milliseconds	1175 cpu_system_milliseconds	0 minor_page_faults/s	0 major_page_faults/s	121758 yields/s	109 preempts/s
47000 milliseconds	2530 MB/s	41920 short_reads/s	0 short_writes_echo/s	122 cpu_user_milliseconds	1140 cpu_system_milliseconds	0 minor_page_faults/s	0 major_page_faults/s	115704 yields/s	301 preempts/s
48000 milliseconds	2616 MB/s	44769 short_reads/s	0 short_writes_echo/s	125 cpu_user_milliseconds	1145 cpu_system_milliseconds	0 minor_page_faults/s	0 major_page_faults/s	119982 yields/s	62 preempts/s
49000 milliseconds	2588 MB/s	43397 short_reads/s	0 short_writes_echo/s	136 cpu_user_milliseconds	1154 cpu_system_milliseconds	0 minor_page_faults/s	0 major_page_faults/s	118592 yields/s	36 preempts/s
50000 milliseconds	2604 MB/s	43173 short_reads/s	0 short_writes_echo/s	137 cpu_user_milliseconds	1167 cpu_system_milliseconds	0 minor_page_faults/s	0 major_page_faults/s	120449 yields/s	24 preempts/s
51000 milliseconds	2612 MB/s	47876 short_reads/s	0 short_writes_echo/s	143 cpu_user_milliseconds	1153 cpu_system_milliseconds	0 minor_page_faults/s	0 major_page_faults/s	120420 yields/s	101 preempts/s
52000 milliseconds	2528 MB/s	44432 short_reads/s	0 short_writes_echo/s	114 cpu_user_milliseconds	1133 cpu_system_milliseconds	0 minor_page_faults/s	0 major_page_faults/s	115223 yields/s	230 preempts/s
53000 milliseconds	2653 MB/s	50445 short_reads/s	0 short_writes_echo/s	141 cpu_user_milliseconds	1161 cpu_system_milliseconds	0 minor_page_faults/s	0 major_page_faults/s	121940 yields/s	25 preempts/s
54000 milliseconds	2373 MB/s	41011 short_reads/s	0 short_writes_echo/s	133 cpu_user_milliseconds	1065 cpu_system_milliseconds	0 minor_page_faults/s	0 major_page_faults/s	109034 yields/s	1661 preempts/s
55000 milliseconds	2613 MB/s	47133 short_reads/s	0 short_writes_echo/s	140 cpu_user_milliseconds	1160 cpu_system_milliseconds	0 minor_page_faults/s	0 major_page_faults/s	120693 yields/s	73 preempts/s
56000 milliseconds	2613 MB/s	48473 short_reads/s	0 short_writes_echo/s	162 cpu_user_milliseconds	1133 cpu_system_milliseconds	0 minor_page_faults/s	0 major_page_faults/s	121308 yields/s	73 preempts/s
57000 milliseconds	2545 MB/s	46074 short_reads/s	0 short_writes_echo/s	134 cpu_user_milliseconds	1129 cpu_system_milliseconds	0 minor_page_faults/s	0 major_page_faults/s	118222 yields/s	314 preempts/s
58000 milliseconds	2621 MB/s	46166 short_reads/s	0 short_writes_echo/s	157 cpu_user_milliseconds	1150 cpu_system_milliseconds	0 minor_page_faults/s	0 major_page_faults/s	120373 yields/s	36 preempts/s
59000 milliseconds	2605 MB/s	47056 short_reads/s	0 short_writes_echo/s	163 cpu_user_milliseconds	1137 cpu_system_milliseconds	0 minor_page_faults/s	0 major_page_faults/s	119605 yields/s	61 preempts/s
60000 milliseconds	2611 MB/s	48245 short_reads/s	0 short_writes_echo/s	130 cpu_user_milliseconds	1182 cpu_system_milliseconds	0 minor_page_faults/s	0 major_page_faults/s	122222 yields/s	40 preempts/s
61000 milliseconds	2600 MB/s	46075 short_reads/s	0 short_writes_echo/s	140 cpu_user_milliseconds	1163 cpu_system_milliseconds	0 minor_page_faults/s	0 major_page_faults/s	120811 yields/s	89 preempts/s
62000 milliseconds	2515 MB/s	44065 short_reads/s	0 short_writes_echo/s	152 cpu_user_milliseconds	1114 cpu_system_milliseconds	0 minor_page_faults/s	0 major_page_faults/s	116592 yields/s	128 preempts/s
63000 milliseconds	2610 MB/s	44213 short_reads/s	0 short_writes_echo/s	133 cpu_user_milliseconds	1160 cpu_system_milliseconds	0 minor_page_faults/s	0 major_page_faults/s	119585 yields/s	40 preempts/s
64000 milliseconds	2583 MB/s	41596 short_reads/s	0 short_writes_echo/s	124 cpu_user_milliseconds	1160 cpu_system_milliseconds	0 minor_page_faults/s	0 major_page_faults/s	117644 yields/s	34 preempts/s
65000 milliseconds	2604 MB/s	43335 short_reads/s	0 short_writes_echo/s	128 cpu_user_milliseconds	1159 cpu_system_milliseconds	0 minor_page_faults/s	0 major_page_faults/s	119371 yields/s	24 preempts/s
66000 milliseconds	2578 MB/s	44814 short_reads/s	0 short_writes_echo/s	154 cpu_user_milliseconds	1140 cpu_system_milliseconds	0 minor_page_faults/s	0 major_page_faults/s	119651 yields/s	133 preempts/s
67000 milliseconds	2633 MB/s	47582 short_reads/s	0 short_writes_echo/s	160 cpu_user_milliseconds	1157 cpu_system_milliseconds	0 minor_page_faults/s	0 major_page_faults/s	123068 yields/s	74 preempts/s
68000 milliseconds	2626 MB/s	46003 short_reads/s	0 short_writes_echo/s	154 cpu_user_milliseconds	1155 cpu_system_milliseconds	0 minor_page_faults/s	0 major_page_faults/s	121452 yields/s	15 preempts/s
69000 milliseconds	2610 MB/s	46103 short_reads/s	0 short_writes_echo/s	159 cpu_user_milliseconds	1120 cpu_system_milliseconds	0 minor_page_faults/s	0 major_page_faults/s	118673 yields/s	416 preempts/s
70000 milliseconds	2624 MB/s	50162 short_reads/s	0 short_writes_echo/s	147 cpu_user_milliseconds	1154 cpu_system_milliseconds	0 minor_page_faults/s	0 major_page_faults/s	121859 yields/s	17 preempts/s
71000 milliseconds	2614 MB/s	48190 short_reads/s	0 short_writes_echo/s	162 cpu_user_milliseconds	1137 cpu_system_milliseconds	0 minor_page_faults/s	0 major_page_faults/s	121046 yields/s	129 preempts/s
72000 milliseconds	2612 MB/s	43370 short_reads/s	0 short_writes_echo/s	126 cpu_user_milliseconds	1184 cpu_system_milliseconds	0 minor_page_faults/s	0 major_page_faults/s	120827 yields/s	34 preempts/s
73000 milliseconds	2690 MB/s	48841 short_reads/s	0 short_writes_echo/s	140 cpu_user_milliseconds	1120 cpu_system_milliseconds	0 minor_page_faults/s	0 major_page_faults/s	117130 yields/s	34 preempts/s
74000 milliseconds	2614 MB/s	45058 short_reads/s	0 short_writes_echo/s	172 cpu_user_milliseconds	1111 cpu_system_milliseconds	0 minor_page_faults/s	0 major_page_faults/s	120705 yields/s	75 preempts/s
75000 milliseconds	2605 MB/s	43285 short_reads/s	0 short_writes_echo/s	125 cpu_user_milliseconds	1170 cpu_system_milliseconds	0 minor_page_faults/s	0 major_page_faults/s	118414 yields/s	46 preempts/s
76000 milliseconds	2610 MB/s	50349 short_reads/s	0 short_writes_echo/s	155 cpu_user_milliseconds	1154 cpu_system_milliseconds	0 minor_page_faults/s	0 major_page_faults/s	122881 yields/s	214 preempts/s
77000 milliseconds	2530 MB/s	42216 short_reads/s	0 short_writes_echo/s	123 cpu_user_milliseconds	1131 cpu_system_milliseconds	0 minor_page_faults/s	0 major_page_faults/s	114774 yields/s	121 preempts/s
78000 milliseconds	2637 MB/s	50069 short_reads/s	0 short_writes_echo/s	145 cpu_user_milliseconds	1154 cpu_system_milliseconds	0 minor_page_faults/s	0 major_page_faults/s	121988 yields/s	24 preempts/s
79000 milliseconds	2592 MB/s	45449 short_reads/s	0 short_writes_echo/s	169 cpu_user_milliseconds	1131 cpu_system_milliseconds	0 minor_page_faults/s	0 major_page_faults/s	119974 yields/s	31 preempts/s
80000 milliseconds	2662 MB/s	53503 short_reads/s	0 short_writes_echo/s	148 cpu_user_milliseconds	1164 cpu_system_milliseconds	0 minor_page_faults/s	0 major_page_faults/s	124351 yields/s	43 preempts/s
81000 milliseconds	2606 MB/s	47166 short_reads/s	0 short_writes_echo/s	128 cpu_user_milliseconds	1162 cpu_system_milliseconds	0 minor_page_faults/s	0 major_page_faults/s	118449 yields/s	1145 preempts/s
82000 milliseconds	2641 MB/s	48295 short_reads/s	0 short_writes_echo/s	155 cpu_user_milliseconds	1155 cpu_system_milliseconds	0 minor_page_faults/s	0 major_page_faults/s	122047 yields/s	19 preempts/s
83001 milliseconds	2625 MB/s	45031 short_reads/s	0 short_writes_echo/s	140 cpu_user_milliseconds	1158 cpu_system_milliseconds	0 minor_page_faults/s	0 major_page_faults/s	119954 yields/s	27 preempts/s
84001 milliseconds	2598 MB/s	44957 short_reads/s	0 short_writes_echo/s	143 cpu_user_milliseconds	1141 cpu_system_milliseconds	0 minor_page_faults/s	0 major_page_faults/s	118674 yields/s	63 preempts/s
85001 milliseconds	2364 MB/s	41044 short_reads/s	0 short_writes_echo/s	128 cpu_user_milliseconds	1040 cpu_system_milliseconds	0 minor_page_faults/s	0 major_page_faults/s	105320 yields/s	2511 preempts/s
86001 milliseconds	2621 MB/s	47515 short_reads/s	0 short_writes_echo/s	156 cpu_user_milliseconds	1138 cpu_system_milliseconds	0 minor_page_faults/s	0 major_page_faults/s	119968 yields/s	102 preempts/s
87001 milliseconds	2632 MB/s	49004 short_reads/s	0 short_writes_echo/s	164 cpu_user_milliseconds	1149 cpu_system_milliseconds	0 minor_page_faults/s	0 major_page_faults/s	123191 yields/s	33 preempts/s
88001 milliseconds	2651 MB/s	48161 short_reads/s	0 short_writes_echo/s	139 cpu_user_milliseconds	1146 cpu_system_milliseconds	0 minor_page_faults/s	0 major_page_faults/s	119455 yields/s	42 preempts/s
89001 milliseconds	2607 MB/s	44892 short_reads/s	0 short_writes_echo/s	136 cpu_user_milliseconds	1138 cpu_system_milliseconds	0 minor_page_faults/s	0 major_page_faults/s	117497 yields/s	49 preempts/s
90001 milliseconds	2539 MB/s	46419 short_reads/s	0 short_writes_echo/s	133 cpu_user_milliseconds	1130 cpu_system_milliseconds	0 minor_page_faults/s	0 major_page_faults/s	116212 yields/s	249 preempts/s
91001 milliseconds	2613 MB/s	46176 short_reads/s	0 short_writes_echo/s	136 cpu_user_milliseconds	1156 cpu_system_milliseconds	0 minor_page_faults/s	0 major_page_faults/s	119518 yields/s	381 preempts/s
92001 milliseconds	2615 MB/s	44336 short_reads/s	0 short_writes_echo/s	154 cpu_user_milliseconds	1146 cpu_system_milliseconds	0 minor_page_faults/s	0 major_page_faults/s	120318 yields/s	42 preempts/s
93001 milliseconds	2635 MB/s	47613 short_reads/s	0 short_writes_echo/s	151 cpu_user_milliseconds	1151 cpu_system_milliseconds	0 minor_page_faults/s	0 major_page_faults/s	121965 yields/s	32 preempts/s
94001 milliseconds	2599 MB/s	49161 short_reads/s	0 short_writes_echo/s	160 cpu_user_milliseconds	1138 cpu_system_milliseconds	0 minor_page_faults/s	0 major_page_faults/s	121652 yields/s	48 preempts/s
95001 milliseconds	2643 MB/s	50620 short_reads/s	0 short_writes_echo/s	152 cpu_user_milliseconds	1151 cpu_system_milliseconds	0 minor_page_faults/s	0 major_page_faults/s	123601 yields/s	17 preempts/s
96001 milliseconds	2586 MB/s	44209 short_reads/s	0 short_writes_echo/s	130 cpu_user_milliseconds	1173 cpu_system_milliseconds	0 minor_page_faults/s	0 major_page_faults/s	119873 yields/s	176 preempts/s
97001 milliseconds	2627 MB/s	47099 short_reads/s	0 short_writes_echo/s	147 cpu_user_milliseconds	1154 cpu_system_milliseconds	0 minor_page_faults/s	0 major_page_faults/s	121815 yields/s	24 preempts/s
98001 milliseconds	2623 MB/s	47704 short_reads/s	0 short_writes_echo/s	169 cpu_user_milliseconds	1141 cpu_system_milliseconds	0 minor_page_faults/s	0 major_page_faults/s	122562 yields/s	38 preempts/s
99001 milliseconds	2579 MB/s	44974 short_reads/s	0 short_writes_echo/s	141 cpu_user_milliseconds	1161 cpu_system_milliseconds	0 minor_page_faults/s	0 major_page_faults/s	120377 yields/s	122 preempts/s
100001 milliseconds	2623 MB/s	46204 short_reads/s	0 short_writes_echo/s	178 cpu_user_milliseconds	1112 cpu_system_milliseconds	0 minor_page_faults/s	0 major_page_faults/s	119378 yields/s	14 preempts/s
101001 milliseconds	2609 MB/s	46774 short_reads/s	0 short_writes_echo/s	152 cpu_user_milliseconds	1149 cpu_system_milliseconds	0 minor_page_faults/s	0 major_page_faults/s	121234 yields/s	86 preempts/s
102001 milliseconds	2610 MB/s	44769 short_reads/s	0 short_writes_echo/s	131 cpu_user_milliseconds	1173 cpu_system_milliseconds	0 minor_page_faults/s	0 major_page_faults/s	121801 yields/s	25 preempts/s
103001 milliseconds	2601 MB/s	43180 short_reads/s	0 short_writes_echo/s	140 cpu_user_milliseconds	1153 cpu_system_milliseconds	0 minor_page_faults/s	0 major_page_faults/s	119666 yields/s	39 preempts/s
104001 milliseconds	2586 MB/s	42033 short_reads/s	0 short_writes_echo/s	144 cpu_user_milliseconds	1134 cpu_system_milliseconds	0 minor_page_faults/s	0 major_page_faults/s	118992 yields/s	138 preempts/s
105001 milliseconds	2611 MB/s	44564 short_reads/s	0 short_writes_echo/s	154 cpu_user_milliseconds	1149 cpu_system_milliseconds	0 minor_page_faults/s	0 major_page_faults/s	120484 yields/s	27 preempts/s
106001 milliseconds	2595 MB/s	44309 short_reads/s	0 short_writes_echo/s	117 cpu_user_milliseconds	1164 cpu_system_milliseconds	0 minor_page_faults/s	0 major_page_faults/s	119660 yields/s	332 preempts/s
107001 milliseconds	2550 MB/s	43893 short_reads/s	0 short_writes_echo/s	139 cpu_user_milliseconds	1113 cpu_system_milliseconds	0 minor_page_faults/s	0 major_page_faults/s	115205 yields/s	251 preempts/s
108001 milliseconds	2634 MB/s	45820 short_reads/s	0 short_writes_echo/s	152 cpu_user_milliseconds	1138 cpu_system_milliseconds	0 minor_page_faults/s	0 major_page_faults/s	119816 yields/s	81 preempts/s
109001 milliseconds	2606 MB/s	44895 short_reads/s	0 short_writes_echo/s	142 cpu_user_milliseconds	1148 cpu_system_milliseconds	0 minor_page_faults/s	0 major_page_faults/s	119185 yields/s	62 preempts/s
110001 milliseconds	2616 MB/s	45039 short_reads/s	0 short_writes_echo/s	146 cpu_user_milliseconds	1147 cpu_system_milliseconds	0 minor_page_faults/s	0 major_page_faults/s	120534 yields/s	52 preempts/s
111001 milliseconds	2636 MB/s	50146 short_reads/s	0 short_writes_echo/s	165 cpu_user_milliseconds	1111 cpu_system_milliseconds	0 minor_page_faults/s	0 major_page_faults/s	118083 yields/s	667 preempts/s
112001 milliseconds	2344 MB/s	39349 short_reads/s	0 short_writes_echo/s	117 cpu_user_milliseconds	1048 cpu_system_milliseconds	0 minor_page_faults/s	0 major_page_faults/s	104716 yields/s	2257 preempts/s
113001 milliseconds	2663 MB/s	51489 short_reads/s	0 short_writes_echo/s	134 cpu_user_milliseconds	1175 cpu_system_milliseconds	0 minor_page_faults/s	0 major_page_faults/s	121964 yields/s	49 preempts/s
114001 milliseconds	2622 MB/s	48175 short_reads/s	0 short_writes_echo/s	151 cpu_user_milliseconds	1139 cpu_system_milliseconds	0 minor_page_faults/s	0 major_page_faults/s	121356 yields/s	80 preempts/s
115001 milliseconds	2626 MB/s	49755 short_reads/s	0 short_writes_echo/s	152 cpu_user_milliseconds	1162 cpu_system_milliseconds	0 minor_page_faults/s	0 major_page_faults/s	122680 yields/s	174 preempts/s
116001 milliseconds	2578 MB/s	43121 short_reads/s	0 short_writes_echo/s	129 cpu_user_milliseconds	1158 cpu_system_milliseconds	0 minor_page_faults/s	0 major_page_faults/s	118884 yields/s	126 preempts/s
117001 milliseconds	2657 MB/s	45039 short_reads/s	0 short_writes_echo/s	163 cpu_user_milliseconds	1118 cpu_system_milliseconds	0 minor_page_faults/s	0 major_page_faults/s	117515 yields/s	32 preempts/s
118001 milliseconds	2622 MB/s	48234 short_reads/s	0 short_writes_echo/s	159 cpu_user_milliseconds	1145 cpu_system_milliseconds	0 minor_page_faults/s	0 major_page_faults/s	122692 yields/s	61 preempts/s
119001 milliseconds	2545 MB/s	42365 short_reads/s	0 short_writes_echo/s	149 cpu_user_milliseconds	1089 cpu_system_milliseconds	0 minor_page_faults/s	0 major_page_faults/s	111226 yields/s	781 preempts/s
120001 milliseconds	2617 MB/s	45454 short_reads/s	0 short_writes_echo/s	126 cpu_user_milliseconds	1160 cpu_system_milliseconds	0 minor_page_faults/s	0 major_page_faults/s	119770 yields/s	93 preempts/s
121001 milliseconds	2589 MB/s	43822 short_reads/s	0 short_writes_echo/s	148 cpu_user_milliseconds	1132 cpu_system_milliseconds	0 minor_page_faults/s	0 major_page_faults/s	117897 yields/s	146 preempts/s
122001 milliseconds	2625 MB/s	46594 short_reads/s	0 short_writes_echo/s	118 cpu_user_milliseconds	1165 cpu_system_milliseconds	0 minor_page_faults/s	0 major_page_faults/s	120452 yields/s	73 preempts/s
123001 milliseconds	2616 MB/s	47370 short_reads/s	0 short_writes_echo/s	168 cpu_user_milliseconds	1128 cpu_system_milliseconds	0 minor_page_faults/s	0 major_page_faults/s	122131 yields/s	60 preempts/s
124001 milliseconds	2597 MB/s	47087 short_reads/s	0 short_writes_echo/s	149 cpu_user_milliseconds	1152 cpu_system_milliseconds	0 minor_page_faults/s	0 major_page_faults/s	120991 yields/s	58 preempts/s
125001 milliseconds	2604 MB/s	42984 short_reads/s	0 short_writes_echo/s	134 cpu_user_milliseconds	1142 cpu_system_milliseconds	0 minor_page_faults/s	0 major_page_faults/s	118672 yields/s	41 preempts/s
126001 milliseconds	2597 MB/s	46488 short_reads/s	0 short_writes_echo/s	139 cpu_user_milliseconds	1153 cpu_system_milliseconds	0 minor_page_faults/s	0 major_page_faults/s	120050 yields/s	124 preempts/s
127001 milliseconds	2617 MB/s	44123 short_reads/s	0 short_writes_echo/s	114 cpu_user_milliseconds	1172 cpu_system_milliseconds	0 minor_page_faults/s	0 major_page_faults/s	119390 yields/s	95 preempts/s
128001 milliseconds	2630 MB/s	47559 short_reads/s	0 short_writes_echo/s	160 cpu_user_milliseconds	1136 cpu_system_milliseconds	0 minor_page_faults/s	0 major_page_faults/s	121595 yields/s	45 preempts/s
129001 milliseconds	2591 MB/s	43986 short_reads/s	0 short_writes_echo/s	143 cpu_user_milliseconds	1151 cpu_system_milliseconds	0 minor_page_faults/s	0 major_page_faults/s	118266 yields/s	27 preempts/s
130001 milliseconds	2615 MB/s	45583 short_reads/s	0 short_writes_echo/s	140 cpu_user_milliseconds	1150 cpu_system_milliseconds	0 minor_page_faults/s	0 major_page_faults/s	121286 yields/s	42 preempts/s
131001 milliseconds	2633 MB/s	47442 short_reads/s	0 short_writes_echo/s	157 cpu_user_milliseconds	1125 cpu_system_milliseconds	0 minor_page_faults/s	0 major_page_faults/s	118196 yields/s	141 preempts/s
132001 milliseconds	2651 MB/s	50655 short_reads/s	0 short_writes_echo/s	135 cpu_user_milliseconds	1173 cpu_system_milliseconds	0 minor_page_faults/s	0 major_page_faults/s	122097 yields/s	15 preempts/s
133001 milliseconds	2635 MB/s	48085 short_reads/s	0 short_writes_echo/s	146 cpu_user_milliseconds	1157 cpu_system_milliseconds	0 minor_page_faults/s	0 major_page_faults/s	122137 yields/s	33 preempts/s
134001 milliseconds	2605 MB/s	46907 short_reads/s	0 short_writes_echo/s	148 cpu_user_milliseconds	1154 cpu_system_milliseconds	0 minor_page_faults/s	0 major_page_faults/s	121186 yields/s	32 preempts/s
135001 milliseconds	2610 MB/s	46259 short_reads/s	0 short_writes_echo/s	132 cpu_user_milliseconds	1159 cpu_system_milliseconds	0 minor_page_faults/s	0 major_page_faults/s	120210 yields/s	34 preempts/s
136001 milliseconds	2613 MB/s	45533 short_reads/s	0 short_writes_echo/s	126 cpu_user_milliseconds	1165 cpu_system_milliseconds	0 minor_page_faults/s	0 major_page_faults/s	118808 yields/s	88 preempts/s
137001 milliseconds	2544 MB/s	43799 short_reads/s	0 short_writes_echo/s	148 cpu_user_milliseconds	1129 cpu_system_milliseconds	0 minor_page_faults/s	0 major_page_faults/s	116800 yields/s	264 preempts/s
138001 milliseconds	2604 MB/s	45947 short_reads/s	0 short_writes_echo/s	176 cpu_user_milliseconds	1126 cpu_system_milliseconds	0 minor_page_faults/s	0 major_page_faults/s	121404 yields/s	38 preempts/s
139001 milliseconds	2586 MB/s	45106 short_reads/s	0 short_writes_echo/s	127 cpu_user_milliseconds	1162 cpu_system_milliseconds	0 minor_page_faults/s	0 major_page_faults/s	118732 yields/s	68 preempts/s
140001 milliseconds	2649 MB/s	48346 short_reads/s	0 short_writes_echo/s	158 cpu_user_milliseconds	1134 cpu_system_milliseconds	0 minor_page_faults/s	0 major_page_faults/s	120213 yields/s	42 preempts/s
141001 milliseconds	2626 MB/s	46500 short_reads/s	0 short_writes_echo/s	159 cpu_user_milliseconds	1120 cpu_system_milliseconds	0 minor_page_faults/s	0 major_page_faults/s	120432 yields/s	229 preempts/s
142001 milliseconds	2525 MB/s	44710 short_reads/s	0 short_writes_echo/s	140 cpu_user_milliseconds	1126 cpu_system_milliseconds	0 minor_page_faults/s	0 major_page_faults/s	116613 yields/s	206 preempts/s
143001 milliseconds	2648 MB/s	46521 short_reads/s	0 short_writes_echo/s	121 cpu_user_milliseconds	1159 cpu_system_milliseconds	0 minor_page_faults/s	0 major_page_faults/s	119798 yields/s	9 preempts/s
144001 milliseconds	2378 MB/s	40715 short_reads/s	0 short_writes_echo/s	113 cpu_user_milliseconds	1066 cpu_system_milliseconds	0 minor_page_faults/s	0 major_page_faults/s	105160 yields/s	1858 preempts/s
145001 milliseconds	2601 MB/s	43544 short_reads/s	0 short_writes_echo/s	151 cpu_user_milliseconds	1134 cpu_system_milliseconds	0 minor_page_faults/s	0 major_page_faults/s	118375 yields/s	57 preempts/s
146001 milliseconds	2609 MB/s	43890 short_reads/s	0 short_writes_echo/s	154 cpu_user_milliseconds	1123 cpu_system_milliseconds	0 minor_page_faults/s	0 major_page_faults/s	117799 yields/s	80 preempts/s
147001 milliseconds	2527 MB/s	45031 short_reads/s	0 short_writes_echo/s	150 cpu_user_milliseconds	1120 cpu_system_milliseconds	0 minor_page_faults/s	0 major_page_faults/s	117165 yields/s	292 preempts/s
148001 milliseconds	2667 MB/s	49762 short_reads/s	0 short_writes_echo/s	144 cpu_user_milliseconds	1154 cpu_system_milliseconds	0 minor_page_faults/s	0 major_page_faults/s	121135 yields/s	50 preempts/s
149001 milliseconds	2607 MB/s	47001 short_reads/s	0 short_writes_echo/s	151 cpu_user_milliseconds	1153 cpu_system_milliseconds	0 minor_page_faults/s	0 major_page_faults/s	120329 yields/s	37 preempts/s
150001 milliseconds	2601 MB/s	42897 short_reads/s	0 short_writes_echo/s	156 cpu_user_milliseconds	1155 cpu_system_milliseconds	0 minor_page_faults/s	0 major_page_faults/s	119704 yields/s	15 preempts/s
151001 milliseconds	2580 MB/s	47141 short_reads/s	0 short_writes_echo/s	142 cpu_user_milliseconds	1160 cpu_system_milliseconds	0 minor_page_faults/s	0 major_page_faults/s	121186 yields/s	144 preempts/s
152001 milliseconds	2631 MB/s	49390 short_reads/s	0 short_writes_echo/s	173 cpu_user_milliseconds	1135 cpu_system_milliseconds	0 minor_page_faults/s	0 major_page_faults/s	122899 yields/s	38 preempts/s
153001 milliseconds	2640 MB/s	47978 short_reads/s	0 short_writes_echo/s	147 cpu_user_milliseconds	1151 cpu_system_milliseconds	0 minor_page_faults/s	0 major_page_faults/s	120995 yields/s	95 preempts/s
154001 milliseconds	2625 MB/s	47135 short_reads/s	0 short_writes_echo/s	134 cpu_user_milliseconds	1160 cpu_system_milliseconds	0 minor_page_faults/s	0 major_page_faults/s	120004 yields/s	56 preempts/s
155001 milliseconds	2603 MB/s	45626 short_reads/s	0 short_writes_echo/s	144 cpu_user_milliseconds	1158 cpu_system_milliseconds	0 minor_page_faults/s	0 major_page_faults/s	121111 yields/s	74 preempts/s
156001 milliseconds	2576 MB/s	43642 short_reads/s	0 short_writes_echo/s	170 cpu_user_milliseconds	1131 cpu_system_milliseconds	0 minor_page_faults/s	0 major_page_faults/s	119757 yields/s	192 preempts/s
157001 milliseconds	2622 MB/s	44394 short_reads/s	0 short_writes_echo/s	151 cpu_user_milliseconds	1145 cpu_system_milliseconds	0 minor_page_faults/s	0 major_page_faults/s	119868 yields/s	29 preempts/s
158001 milliseconds	2633 MB/s	49063 short_reads/s	0 short_writes_echo/s	148 cpu_user_milliseconds	1163 cpu_system_milliseconds	0 minor_page_faults/s	0 major_page_faults/s	123356 yields/s	73 preempts/s
159001 milliseconds	2605 MB/s	46037 short_reads/s	0 short_writes_echo/s	132 cpu_user_milliseconds	1155 cpu_system_milliseconds	0 minor_page_faults/s	0 major_page_faults/s	119181 yields/s	57 preempts/s
160001 milliseconds	2625 MB/s	49174 short_reads/s	0 short_writes_echo/s	156 cpu_user_milliseconds	1150 cpu_system_milliseconds	0 minor_page_faults/s	0 major_page_faults/s	123127 yields/s	44 preempts/s
161001 milliseconds	2613 MB/s	46466 short_reads/s	0 short_writes_echo/s	128 cpu_user_milliseconds	1168 cpu_system_milliseconds	0 minor_page_faults/s	0 major_page_faults/s	121271 yields/s	102 preempts/s
162001 milliseconds	2660 MB/s	52359 short_reads/s	0 short_writes_echo/s	167 cpu_user_milliseconds	1125 cpu_system_milliseconds	0 minor_page_faults/s	0 major_page_faults/s	121482 yields/s	39 preempts/s
163001 milliseconds	2639 MB/s	49027 short_reads/s	0 short_writes_echo/s	147 cpu_user_milliseconds	1155 cpu_system_milliseconds	0 minor_page_faults/s	0 major_page_faults/s	122386 yields/s	48 preempts/s
164001 milliseconds	2631 MB/s	47767 short_reads/s	0 short_writes_echo/s	132 cpu_user_milliseconds	1144 cpu_system_milliseconds	0 minor_page_faults/s	0 major_page_faults/s	119169 yields/s	237 preempts/s
165001 milliseconds	2597 MB/s	40312 short_reads/s	0 short_writes_echo/s	142 cpu_user_milliseconds	1143 cpu_system_milliseconds	0 minor_page_faults/s	0 major_page_faults/s	118202 yields/s	47 preempts/s
166001 milliseconds	2628 MB/s	47339 short_reads/s	0 short_writes_echo/s	156 cpu_user_milliseconds	1136 cpu_system_milliseconds	0 minor_page_faults/s	0 major_page_faults/s	118549 yields/s	98 preempts/s
167001 milliseconds	2508 MB/s	41494 short_reads/s	0 short_writes_echo/s	137 cpu_user_milliseconds	1111 cpu_system_milliseconds	0 minor_page_faults/s	0 major_page_faults/s	114181 yields/s	346 preempts/s
168001 milliseconds	2639 MB/s	44207 short_reads/s	0 short_writes_echo/s	157 cpu_user_milliseconds	1138 cpu_system_milliseconds	0 minor_page_faults/s	0 major_page_faults/s	118741 yields/s	80 preempts/s
169001 milliseconds	2621 MB/s	45723 short_reads/s	0 short_writes_echo/s	165 cpu_user_milliseconds	1110 cpu_system_milliseconds	0 minor_page_faults/s	0 major_page_faults/s	118548 yields/s	285 preempts/s
170001 milliseconds	2624 MB/s	45696 short_reads/s	0 short_writes_echo/s	147 cpu_user_milliseconds	1141 cpu_system_milliseconds	0 minor_page_faults/s	0 major_page_faults/s	120024 yields/s	103 preempts/s
171001 milliseconds	2579 MB/s	42142 short_reads/s	0 short_writes_echo/s	139 cpu_user_milliseconds	1138 cpu_system_milliseconds	0 minor_page_faults/s	0 major_page_faults/s	117727 yields/s	132 preempts/s
172001 milliseconds	2642 MB/s	44555 short_reads/s	0 short_writes_echo/s	135 cpu_user_milliseconds	1148 cpu_system_milliseconds	0 minor_page_faults/s	0 major_page_faults/s	117912 yields/s	21 preempts/s
173001 milliseconds	2625 MB/s	47553 short_reads/s	0 short_writes_echo/s	133 cpu_user_milliseconds	1162 cpu_system_milliseconds	0 minor_page_faults/s	0 major_page_faults/s	122317 yields/s	42 preempts/s
174001 milliseconds	2657 MB/s	46946 short_reads/s	0 short_writes_echo/s	162 cpu_user_milliseconds	1106 cpu_system_milliseconds	0 minor_page_faults/s	0 major_page_faults/s	116117 yields/s	63 preempts/s
175001 milliseconds	2635 MB/s	47837 short_reads/s	0 short_writes_echo/s	145 cpu_user_milliseconds	1135 cpu_system_milliseconds	0 minor_page_faults/s	0 major_page_faults/s	119185 yields/s	32 preempts/s
176002 milliseconds	2593 MB/s	43634 short_reads/s	0 short_writes_echo/s	162 cpu_user_milliseconds	1125 cpu_system_milliseconds	0 minor_page_faults/s	0 major_page_faults/s	118052 yields/s	115 preempts/s
177002 milliseconds	2649 MB/s	47670 short_reads/s	0 short_writes_echo/s	159 cpu_user_milliseconds	1133 cpu_system_milliseconds	0 minor_page_faults/s	0 major_page_faults/s	121722 yields/s	36 preempts/s
178002 milliseconds	2667 MB/s	50234 short_reads/s	0 short_writes_echo/s	143 cpu_user_milliseconds	1149 cpu_system_milliseconds	0 minor_page_faults/s	0 major_page_faults/s	121167 yields/s	44 preempts/s
179002 milliseconds	2601 MB/s	43374 short_reads/s	0 short_writes_echo/s	131 cpu_user_milliseconds	1143 cpu_system_milliseconds	0 minor_page_faults/s	0 major_page_faults/s	118005 yields/s	87 preempts/s
180002 milliseconds	2652 MB/s	51580 short_reads/s	0 short_writes_echo/s	153 cpu_user_milliseconds	1152 cpu_system_milliseconds	0 minor_page_faults/s	0 major_page_faults/s	122752 yields/s	83 preempts/s
181002 milliseconds	2290 MB/s	39331 short_reads/s	0 short_writes_echo/s	128 cpu_user_milliseconds	1014 cpu_system_milliseconds	0 minor_page_faults/s	0 major_page_faults/s	102177 yields/s	2377 preempts/s
182002 milliseconds	2668 MB/s	50782 short_reads/s	0 short_writes_echo/s	156 cpu_user_milliseconds	1135 cpu_system_milliseconds	0 minor_page_faults/s	0 major_page_faults/s	120756 yields/s	59 preempts/s
183002 milliseconds	2607 MB/s	44861 short_reads/s	0 short_writes_echo/s	146 cpu_user_milliseconds	1145 cpu_system_milliseconds	0 minor_page_faults/s	0 major_page_faults/s	120898 yields/s	67 preempts/s
184002 milliseconds	2627 MB/s	46873 short_reads/s	0 short_writes_echo/s	138 cpu_user_milliseconds	1154 cpu_system_milliseconds	0 minor_page_faults/s	0 major_page_faults/s	119846 yields/s	164 preempts/s
185002 milliseconds	2629 MB/s	49282 short_reads/s	0 short_writes_echo/s	157 cpu_user_milliseconds	1158 cpu_system_milliseconds	0 minor_page_faults/s	0 major_page_faults/s	123184 yields/s	84 preempts/s
186002 milliseconds	2607 MB/s	47134 short_reads/s	0 short_writes_echo/s	140 cpu_user_milliseconds	1160 cpu_system_milliseconds	0 minor_page_faults/s	0 major_page_faults/s	120251 yields/s	156 preempts/s
187002 milliseconds	2657 MB/s	49922 short_reads/s	0 short_writes_echo/s	175 cpu_user_milliseconds	1124 cpu_system_milliseconds	0 minor_page_faults/s	0 major_page_faults/s	121257 yields/s	65 preempts/s
188002 milliseconds	2647 MB/s	47944 short_reads/s	0 short_writes_echo/s	158 cpu_user_milliseconds	1144 cpu_system_milliseconds	0 minor_page_faults/s	0 major_page_faults/s	121401 yields/s	57 preempts/s
189002 milliseconds	2608 MB/s	46110 short_reads/s	0 short_writes_echo/s	158 cpu_user_milliseconds	1129 cpu_system_milliseconds	0 minor_page_faults/s	0 major_page_faults/s	120478 yields/s	99 preempts/s
190002 milliseconds	2639 MB/s	49556 short_reads/s	0 short_writes_echo/s	149 cpu_user_milliseconds	1154 cpu_system_milliseconds	0 minor_page_faults/s	0 major_page_faults/s	123222 yields/s	84 preempts/s
191002 milliseconds	2604 MB/s	45935 short_reads/s	0 short_writes_echo/s	150 cpu_user_milliseconds	1142 cpu_system_milliseconds	0 minor_page_faults/s	0 major_page_faults/s	119636 yields/s	181 preempts/s
192002 milliseconds	2647 MB/s	53117 short_reads/s	0 short_writes_echo/s	167 cpu_user_milliseconds	1153 cpu_system_milliseconds	0 minor_page_faults/s	0 major_page_faults/s	124984 yields/s	42 preempts/s
193002 milliseconds	2616 MB/s	45822 short_reads/s	0 short_writes_echo/s	146 cpu_user_milliseconds	1157 cpu_system_milliseconds	0 minor_page_faults/s	0 major_page_faults/s	120672 yields/s	21 preempts/s
194002 milliseconds	2604 MB/s	47360 short_reads/s	0 short_writes_echo/s	172 cpu_user_milliseconds	1127 cpu_system_milliseconds	0 minor_page_faults/s	0 major_page_faults/s	120815 yields/s	57 preempts/s
195002 milliseconds	2628 MB/s	45430 short_reads/s	0 short_writes_echo/s	136 cpu_user_milliseconds	1136 cpu_system_milliseconds	0 minor_page_faults/s	0 major_page_faults/s	118772 yields/s	59 preempts/s
196002 milliseconds	2513 MB/s	45436 short_reads/s	0 short_writes_echo/s	139 cpu_user_milliseconds	1113 cpu_system_milliseconds	0 minor_page_faults/s	0 major_page_faults/s	114490 yields/s	340 preempts/s
197002 milliseconds	2649 MB/s	46986 short_reads/s	0 short_writes_echo/s	128 cpu_user_milliseconds	1157 cpu_system_milliseconds	0 minor_page_faults/s	0 major_page_faults/s	120201 yields/s	29 preempts/s
198002 milliseconds	2635 MB/s	47397 short_reads/s	0 short_writes_echo/s	151 cpu_user_milliseconds	1135 cpu_system_milliseconds	0 minor_page_faults/s	0 major_page_faults/s	119427 yields/s	42 preempts/s
199002 milliseconds	2583 MB/s	46725 short_reads/s	0 short_writes_echo/s	169 cpu_user_milliseconds	1127 cpu_system_milliseconds	0 minor_page_faults/s	0 major_page_faults/s	120786 yields/s	104 preempts/s
200002 milliseconds	2632 MB/s	47005 short_reads/s	0 short_writes_echo/s	150 cpu_user_milliseconds	1147 cpu_system_milliseconds	0 minor_page_faults/s	0 major_page_faults/s	120277 yields/s	19 preempts/s
201002 milliseconds	2595 MB/s	44615 short_reads/s	0 short_writes_echo/s	145 cpu_user_milliseconds	1154 cpu_system_milliseconds	0 minor_page_faults/s	0 major_page_faults/s	118918 yields/s	215 preempts/s
202002 milliseconds	2621 MB/s	47857 short_reads/s	0 short_writes_echo/s	157 cpu_user_milliseconds	1155 cpu_system_milliseconds	0 minor_page_faults/s	0 major_page_faults/s	123286 yields/s	38 preempts/s
203002 milliseconds	2513 MB/s	41622 short_reads/s	0 short_writes_echo/s	130 cpu_user_milliseconds	1112 cpu_system_milliseconds	0 minor_page_faults/s	0 major_page_faults/s	115535 yields/s	140 preempts/s
204002 milliseconds	2593 MB/s	45068 short_reads/s	0 short_writes_echo/s	166 cpu_user_milliseconds	1127 cpu_system_milliseconds	0 minor_page_faults/s	0 major_page_faults/s	119658 yields/s	35 preempts/s
205002 milliseconds	2643 MB/s	49433 short_reads/s	0 short_writes_echo/s	126 cpu_user_milliseconds	1174 cpu_system_milliseconds	0 minor_page_faults/s	0 major_page_faults/s	121304 yields/s	60 preempts/s
206002 milliseconds	2612 MB/s	48143 short_reads/s	0 short_writes_echo/s	153 cpu_user_milliseconds	1154 cpu_system_milliseconds	0 minor_page_faults/s	0 major_page_faults/s	122131 yields/s	138 preempts/s
207002 milliseconds	2616 MB/s	46613 short_reads/s	0 short_writes_echo/s	150 cpu_user_milliseconds	1145 cpu_system_milliseconds	0 minor_page_faults/s	0 major_page_faults/s	119847 yields/s	62 preempts/s
208002 milliseconds	2581 MB/s	44494 short_reads/s	0 short_writes_echo/s	170 cpu_user_milliseconds	1129 cpu_system_milliseconds	0 minor_page_faults/s	0 major_page_faults/s	120497 yields/s	81 preempts/s
209002 milliseconds	2612 MB/s	46431 short_reads/s	0 short_writes_echo/s	141 cpu_user_milliseconds	1141 cpu_system_milliseconds	0 minor_page_faults/s	0 major_page_faults/s	118810 yields/s	79 preempts/s
210002 milliseconds	2643 MB/s	50751 short_reads/s	0 short_writes_echo/s	152 cpu_user_milliseconds	1138 cpu_system_milliseconds	0 minor_page_faults/s	0 major_page_faults/s	122355 yields/s	104 preempts/s
211002 milliseconds	2604 MB/s	47245 short_reads/s	0 short_writes_echo/s	149 cpu_user_milliseconds	1148 cpu_system_milliseconds	0 minor_page_faults/s	0 major_page_faults/s	120288 yields/s	174 preempts/s
212002 milliseconds	2658 MB/s	50869 short_reads/s	0 short_writes_echo/s	169 cpu_user_milliseconds	1133 cpu_system_milliseconds	0 minor_page_faults/s	0 major_page_faults/s	121591 yields/s	38 preempts/s
213002 milliseconds	2336 MB/s	38477 short_reads/s	0 short_writes_echo/s	96 cpu_user_milliseconds	1072 cpu_system_milliseconds	0 minor_page_faults/s	0 major_page_faults/s	105488 yields/s	2862 preempts/s
214002 milliseconds	2604 MB/s	43555 short_reads/s	0 short_writes_echo/s	141 cpu_user_milliseconds	1134 cpu_system_milliseconds	0 minor_page_faults/s	0 major_page_faults/s	117205 yields/s	34 preempts/s
215002 milliseconds	2626 MB/s	47706 short_reads/s	0 short_writes_echo/s	166 cpu_user_milliseconds	1118 cpu_system_milliseconds	0 minor_page_faults/s	0 major_page_faults/s	120635 yields/s	49 preempts/s
216002 milliseconds	2606 MB/s	48288 short_reads/s	0 short_writes_echo/s	142 cpu_user_milliseconds	1165 cpu_system_milliseconds	0 minor_page_faults/s	0 major_page_faults/s	121842 yields/s	109 preempts/s
217002 milliseconds	2620 MB/s	45305 short_reads/s	0 short_writes_echo/s	158 cpu_user_milliseconds	1145 cpu_system_milliseconds	0 minor_page_faults/s	0 major_page_faults/s	120750 yields/s	24 preempts/s
218002 milliseconds	2638 MB/s	47944 short_reads/s	0 short_writes_echo/s	136 cpu_user_milliseconds	1162 cpu_system_milliseconds	0 minor_page_faults/s	0 major_page_faults/s	120961 yields/s	126 preempts/s
219002 milliseconds	2611 MB/s	46012 short_reads/s	0 short_writes_echo/s	169 cpu_user_milliseconds	1118 cpu_system_milliseconds	0 minor_page_faults/s	0 major_page_faults/s	118564 yields/s	22 preempts/s
220002 milliseconds	2609 MB/s	43278 short_reads/s	0 short_writes_echo/s	143 cpu_user_milliseconds	1146 cpu_system_milliseconds	0 minor_page_faults/s	0 major_page_faults/s	118385 yields/s	43 preempts/s
221002 milliseconds	2598 MB/s	43384 short_reads/s	0 short_writes_echo/s	134 cpu_user_milliseconds	1161 cpu_system_milliseconds	0 minor_page_faults/s	0 major_page_faults/s	119117 yields/s	168 preempts/s
222002 milliseconds	2656 MB/s	52762 short_reads/s	0 short_writes_echo/s	164 cpu_user_milliseconds	1144 cpu_system_milliseconds	0 minor_page_faults/s	0 major_page_faults/s	124168 yields/s	40 preempts/s
223002 milliseconds	2611 MB/s	45698 short_reads/s	0 short_writes_echo/s	154 cpu_user_milliseconds	1138 cpu_system_milliseconds	0 minor_page_faults/s	0 major_page_faults/s	119793 yields/s	73 preempts/s
224002 milliseconds	2589 MB/s	44839 short_reads/s	0 short_writes_echo/s	149 cpu_user_milliseconds	1140 cpu_system_milliseconds	0 minor_page_faults/s	0 major_page_faults/s	118791 yields/s	65 preempts/s
225002 milliseconds	2645 MB/s	49202 short_reads/s	0 short_writes_echo/s	168 cpu_user_milliseconds	1120 cpu_system_milliseconds	0 minor_page_faults/s	0 major_page_faults/s	121165 yields/s	23 preempts/s
226002 milliseconds	2620 MB/s	48988 short_reads/s	0 short_writes_echo/s	155 cpu_user_milliseconds	1145 cpu_system_milliseconds	0 minor_page_faults/s	0 major_page_faults/s	121362 yields/s	135 preempts/s
227002 milliseconds	2623 MB/s	45219 short_reads/s	0 short_writes_echo/s	127 cpu_user_milliseconds	1170 cpu_system_milliseconds	0 minor_page_faults/s	0 major_page_faults/s	120161 yields/s	51 preempts/s
228002 milliseconds	2649 MB/s	50065 short_reads/s	0 short_writes_echo/s	139 cpu_user_milliseconds	1173 cpu_system_milliseconds	0 minor_page_faults/s	0 major_page_faults/s	122730 yields/s	23 preempts/s
229002 milliseconds	2610 MB/s	44897 short_reads/s	0 short_writes_echo/s	131 cpu_user_milliseconds	1155 cpu_system_milliseconds	0 minor_page_faults/s	0 major_page_faults/s	118705 yields/s	71 preempts/s
230002 milliseconds	2536 MB/s	44034 short_reads/s	0 short_writes_echo/s	128 cpu_user_milliseconds	1128 cpu_system_milliseconds	0 minor_page_faults/s	0 major_page_faults/s	115734 yields/s	206 preempts/s
231002 milliseconds	2594 MB/s	44505 short_reads/s	0 short_writes_echo/s	156 cpu_user_milliseconds	1125 cpu_system_milliseconds	0 minor_page_faults/s	0 major_page_faults/s	119762 yields/s	155 preempts/s
232002 milliseconds	2629 MB/s	47289 short_reads/s	0 short_writes_echo/s	155 cpu_user_milliseconds	1145 cpu_system_milliseconds	0 minor_page_faults/s	0 major_page_faults/s	121271 yields/s	23 preempts/s
233002 milliseconds	2651 MB/s	49607 short_reads/s	0 short_writes_echo/s	150 cpu_user_milliseconds	1154 cpu_system_milliseconds	0 minor_page_faults/s	0 major_page_faults/s	122027 yields/s	31 preempts/s
234002 milliseconds	2588 MB/s	43549 short_reads/s	0 short_writes_echo/s	132 cpu_user_milliseconds	1151 cpu_system_milliseconds	0 minor_page_faults/s	0 major_page_faults/s	119500 yields/s	60 preempts/s
235002 milliseconds	2504 MB/s	42406 short_reads/s	0 short_writes_echo/s	128 cpu_user_milliseconds	1137 cpu_system_milliseconds	0 minor_page_faults/s	0 major_page_faults/s	115416 yields/s	251 preempts/s
236002 milliseconds	2626 MB/s	45853 short_reads/s	0 short_writes_echo/s	141 cpu_user_milliseconds	1128 cpu_system_milliseconds	0 minor_page_faults/s	0 major_page_faults/s	117236 yields/s	78 preempts/s
237002 milliseconds	2621 MB/s	48575 short_reads/s	0 short_writes_echo/s	145 cpu_user_milliseconds	1162 cpu_system_milliseconds	0 minor_page_faults/s	0 major_page_faults/s	122810 yields/s	33 preempts/s
238002 milliseconds	2638 MB/s	51757 short_reads/s	0 short_writes_echo/s	185 cpu_user_milliseconds	1124 cpu_system_milliseconds	0 minor_page_faults/s	0 major_page_faults/s	123175 yields/s	26 preempts/s
239002 milliseconds	2578 MB/s	41511 short_reads/s	0 short_writes_echo/s	113 cpu_user_milliseconds	1160 cpu_system_milliseconds	0 minor_page_faults/s	0 major_page_faults/s	117612 yields/s	49 preempts/s
240002 milliseconds	2273 MB/s	37814 short_reads/s	0 short_writes_echo/s	128 cpu_user_milliseconds	1025 cpu_system_milliseconds	0 minor_page_faults/s	0 major_page_faults/s	104127 yields/s	685 preempts/s
