1000 milliseconds	2458 MB/s	38704 short_reads/s	0 short_writes_echo/s	153 cpu_user_milliseconds	1048 cpu_system_milliseconds	175 minor_page_faults/s	0 major_page_faults/s	107781 yields/s	579 preempts/s
2000 milliseconds	2415 MB/s	37632 short_reads/s	0 short_writes_echo/s	130 cpu_user_milliseconds	1057 cpu_system_milliseconds	2 minor_page_faults/s	0 major_page_faults/s	108402 yields/s	272 preempts/s
3000 milliseconds	2637 MB/s	41778 short_reads/s	0 short_writes_echo/s	149 cpu_user_milliseconds	1118 cpu_system_milliseconds	0 minor_page_faults/s	0 major_page_faults/s	116742 yields/s	86 preempts/s
4000 milliseconds	2644 MB/s	41775 short_reads/s	0 short_writes_echo/s	143 cpu_user_milliseconds	1126 cpu_system_milliseconds	0 minor_page_faults/s	0 major_page_faults/s	116562 yields/s	125 preempts/s
5000 milliseconds	2696 MB/s	42792 short_reads/s	0 short_writes_echo/s	118 cpu_user_milliseconds	1128 cpu_system_milliseconds	0 minor_page_faults/s	0 major_page_faults/s	117055 yields/s	12 preempts/s
6000 milliseconds	2683 MB/s	42620 short_reads/s	0 short_writes_echo/s	149 cpu_user_milliseconds	1108 cpu_system_milliseconds	0 minor_page_faults/s	0 major_page_faults/s	117554 yields/s	101 preempts/s
7000 milliseconds	2643 MB/s	41683 short_reads/s	0 short_writes_echo/s	139 cpu_user_milliseconds	1137 cpu_system_milliseconds	0 minor_page_faults/s	0 major_page_faults/s	117727 yields/s	30 preempts/s
8000 milliseconds	2690 MB/s	43618 short_reads/s	0 short_writes_echo/s	135 cpu_user_milliseconds	1111 cpu_system_milliseconds	0 minor_page_faults/s	0 major_page_faults/s	115147 yields/s	63 preempts/s
9000 milliseconds	2693 MB/s	43727 short_reads/s	0 short_writes_echo/s	112 cpu_user_milliseconds	1124 cpu_system_milliseconds	0 minor_page_faults/s	0 major_page_faults/s	113147 yields/s	96 preempts/s
10000 milliseconds	2695 MB/s	43239 short_reads/s	0 short_writes_echo/s	155 cpu_user_milliseconds	1113 cpu_system_milliseconds	0 minor_page_faults/s	0 major_page_faults/s	117511 yields/s	29 preempts/s
11000 milliseconds	2682 MB/s	42835 short_reads/s	0 short_writes_echo/s	154 cpu_user_milliseconds	1105 cpu_system_milliseconds	0 minor_page_faults/s	0 major_page_faults/s	117558 yields/s	16 preempts/s
12000 milliseconds	2713 MB/s	43602 short_reads/s	0 short_writes_echo/s	165 cpu_user_milliseconds	1086 cpu_system_milliseconds	0 minor_page_faults/s	0 major_page_faults/s	115506 yields/s	27 preempts/s
13000 milliseconds	2615 MB/s	40867 short_reads/s	0 short_writes_echo/s	149 cpu_user_milliseconds	1127 cpu_system_milliseconds	0 minor_page_faults/s	0 major_page_faults/s	117616 yields/s	35 preempts/s
14000 milliseconds	2707 MB/s	44203 short_reads/s	0 short_writes_echo/s	152 cpu_user_milliseconds	1102 cpu_system_milliseconds	0 minor_page_faults/s	0 major_page_faults/s	114974 yields/s	128 preempts/s
15000 milliseconds	2660 MB/s	41820 short_reads/s	0 short_writes_echo/s	136 cpu_user_milliseconds	1126 cpu_system_milliseconds	0 minor_page_faults/s	0 major_page_faults/s	118758 yields/s	15 preempts/s
16000 milliseconds	2690 MB/s	42913 short_reads/s	0 short_writes_echo/s	134 cpu_user_milliseconds	1125 cpu_system_milliseconds	0 minor_page_faults/s	0 major_page_faults/s	117236 yields/s	24 preempts/s
17000 milliseconds	2673 MB/s	42249 short_reads/s	0 short_writes_echo/s	148 cpu_user_milliseconds	1113 cpu_system_milliseconds	0 minor_page_faults/s	0 major_page_faults/s	117924 yields/s	40 preempts/s
18000 milliseconds	2632 MB/s	41443 short_reads/s	0 short_writes_echo/s	141 cpu_user_milliseconds	1123 cpu_system_milliseconds	0 minor_page_faults/s	0 major_page_faults/s	116698 yields/s	27 preempts/s
19000 milliseconds	2641 MB/s	42380 short_reads/s	0 short_writes_echo/s	127 cpu_user_milliseconds	1120 cpu_system_milliseconds	0 minor_page_faults/s	0 major_page_faults/s	116099 yields/s	168 preempts/s
20000 milliseconds	2659 MB/s	41821 short_reads/s	0 short_writes_echo/s	144 cpu_user_milliseconds	1131 cpu_system_milliseconds	0 minor_page_faults/s	0 major_page_faults/s	118309 yields/s	54 preempts/s
21000 milliseconds	2680 MB/s	42295 short_reads/s	0 short_writes_echo/s	139 cpu_user_milliseconds	1135 cpu_system_milliseconds	0 minor_page_faults/s	0 major_page_faults/s	117375 yields/s	25 preempts/s
22000 milliseconds	2658 MB/s	41968 short_reads/s	0 short_writes_echo/s	139 cpu_user_milliseconds	1112 cpu_system_milliseconds	0 minor_page_faults/s	0 major_page_faults/s	117906 yields/s	27 preempts/s
23000 milliseconds	2673 MB/s	42586 short_reads/s	0 short_writes_echo/s	123 cpu_user_milliseconds	1129 cpu_system_milliseconds	0 minor_page_faults/s	0 major_page_faults/s	116515 yields/s	226 preempts/s
24000 milliseconds	2608 MB/s	40481 short_reads/s	0 short_writes_echo/s	132 cpu_user_milliseconds	1153 cpu_system_milliseconds	0 minor_page_faults/s	0 major_page_faults/s	117711 yields/s	102 preempts/s
25000 milliseconds	2681 MB/s	42749 short_reads/s	0 short_writes_echo/s	141 cpu_user_milliseconds	1115 cpu_system_milliseconds	0 minor_page_faults/s	0 major_page_faults/s	117833 yields/s	74 preempts/s
26000 milliseconds	2686 MB/s	42850 short_reads/s	0 short_writes_echo/s	129 cpu_user_milliseconds	1127 cpu_system_milliseconds	0 minor_page_faults/s	0 major_page_faults/s	117139 yields/s	44 preempts/s
27000 milliseconds	2726 MB/s	43949 short_reads/s	0 short_writes_echo/s	153 cpu_user_milliseconds	1105 cpu_system_milliseconds	0 minor_page_faults/s	0 major_page_faults/s	115617 yields/s	47 preempts/s
28000 milliseconds	2641 MB/s	41929 short_reads/s	0 short_writes_echo/s	149 cpu_user_milliseconds	1109 cpu_system_milliseconds	0 minor_page_faults/s	0 major_page_faults/s	115095 yields/s	328 preempts/s
29000 milliseconds	2648 MB/s	41775 short_reads/s	0 short_writes_echo/s	126 cpu_user_milliseconds	1125 cpu_system_milliseconds	0 minor_page_faults/s	0 major_page_faults/s	116004 yields/s	314 preempts/s
30000 milliseconds	2689 MB/s	42667 short_reads/s	0 short_writes_echo/s	170 cpu_user_milliseconds	1091 cpu_system_milliseconds	0 minor_page_faults/s	0 major_page_faults/s	116592 yields/s	32 preempts/s
31000 milliseconds	2679 MB/s	42983 short_reads/s	0 short_writes_echo/s	139 cpu_user_milliseconds	1119 cpu_system_milliseconds	0 minor_page_faults/s	0 major_page_faults/s	116443 yields/s	36 preempts/s
32000 milliseconds	2697 MB/s	43245 short_reads/s	0 short_writes_echo/s	130 cpu_user_milliseconds	1130 cpu_system_milliseconds	0 minor_page_faults/s	0 major_page_faults/s	117013 yields/s	25 preempts/s
33000 milliseconds	2656 MB/s	42199 short_reads/s	0 short_writes_echo/s	118 cpu_user_milliseconds	1136 cpu_system_milliseconds	0 minor_page_faults/s	0 major_page_faults/s	117224 yields/s	51 preempts/s
34000 milliseconds	2451 MB/s	38953 short_reads/s	0 short_writes_echo/s	123 cpu_user_milliseconds	1033 cpu_system_milliseconds	0 minor_page_faults/s	0 major_page_faults/s	104666 yields/s	1860 preempts/s
35000 milliseconds	2685 MB/s	42610 short_reads/s	0 short_writes_echo/s	164 cpu_user_milliseconds	1105 cpu_system_milliseconds	0 minor_page_faults/s	0 major_page_faults/s	116808 yields/s	32 preempts/s
36000 milliseconds	2695 MB/s	43055 short_reads/s	0 short_writes_echo/s	137 cpu_user_milliseconds	1125 cpu_system_milliseconds	0 minor_page_faults/s	0 major_page_faults/s	115981 yields/s	59 preempts/s
37000 milliseconds	2673 MB/s	42256 short_reads/s	0 short_writes_echo/s	144 cpu_user_milliseconds	1126 cpu_system_milliseconds	0 minor_page_faults/s	0 major_page_faults/s	117565 yields/s	45 preempts/s
38000 milliseconds	2644 MB/s	41894 short_reads/s	0 short_writes_echo/s	125 cpu_user_milliseconds	1134 cpu_system_milliseconds	0 minor_page_faults/s	0 major_page_faults/s	115258 yields/s	96 preempts/s
39000 milliseconds	2660 MB/s	42643 short_reads/s	0 short_writes_echo/s	149 cpu_user_milliseconds	1108 cpu_system_milliseconds	0 minor_page_faults/s	0 major_page_faults/s	115762 yields/s	99 preempts/s
40000 milliseconds	2700 MB/s	43603 short_reads/s	0 short_writes_echo/s	155 cpu_user_milliseconds	1115 cpu_system_milliseconds	0 minor_page_faults/s	0 major_page_faults/s	116826 yields/s	32 preempts/s
41000 milliseconds	2684 MB/s	42624 short_reads/s	0 short_writes_echo/s	151 cpu_user_milliseconds	1116 cpu_system_milliseconds	0 minor_page_faults/s	0 major_page_faults/s	117882 yields/s	44 preempts/s
42000 milliseconds	2647 MB/s	41523 short_reads/s	0 short_writes_echo/s	136 cpu_user_milliseconds	1138 cpu_system_milliseconds	0 minor_page_faults/s	0 major_page_faults/s	119097 yields/s	37 preempts/s
43000 milliseconds	2683 MB/s	43233 short_reads/s	0 short_writes_echo/s	131 cpu_user_milliseconds	1109 cpu_system_milliseconds	0 minor_page_faults/s	0 major_page_faults/s	115458 yields/s	36 preempts/s
44000 milliseconds	2609 MB/s	40979 short_reads/s	0 short_writes_echo/s	139 cpu_user_milliseconds	1130 cpu_system_milliseconds	0 minor_page_faults/s	0 major_page_faults/s	115999 yields/s	175 preempts/s
45000 milliseconds	2660 MB/s	41647 short_reads/s	0 short_writes_echo/s	147 cpu_user_milliseconds	1116 cpu_system_milliseconds	0 minor_page_faults/s	0 major_page_faults/s	117792 yields/s	20 preempts/s
46000 milliseconds	2621 MB/s	40522 short_reads/s	0 short_writes_echo/s	147 cpu_user_milliseconds	1155 cpu_system_milliseconds	0 minor_page_faults/s	0 major_page_faults/s	119071 yields/s	78 preempts/s
47000 milliseconds	2661 MB/s	42036 short_reads/s	0 short_writes_echo/s	116 cpu_user_milliseconds	1160 cpu_system_milliseconds	0 minor_page_faults/s	0 major_page_faults/s	117647 yields/s	15 preempts/s
48000 milliseconds	2684 MB/s	43076 short_reads/s	0 short_writes_echo/s	129 cpu_user_milliseconds	1117 cpu_system_milliseconds	0 minor_page_faults/s	0 major_page_faults/s	114300 yields/s	137 preempts/s
49000 milliseconds	2705 MB/s	44168 short_reads/s	0 short_writes_echo/s	134 cpu_user_milliseconds	1103 cpu_system_milliseconds	0 minor_page_faults/s	0 major_page_faults/s	113431 yields/s	81 preempts/s
50000 milliseconds	2664 MB/s	42088 short_reads/s	0 short_writes_echo/s	143 cpu_user_milliseconds	1138 cpu_system_milliseconds	0 minor_page_faults/s	0 major_page_faults/s	118084 yields/s	34 preempts/s
51000 milliseconds	2696 MB/s	43054 short_reads/s	0 short_writes_echo/s	137 cpu_user_milliseconds	1122 cpu_system_milliseconds	0 minor_page_faults/s	0 major_page_faults/s	117697 yields/s	42 preempts/s
52000 milliseconds	2657 MB/s	41954 short_reads/s	0 short_writes_echo/s	149 cpu_user_milliseconds	1118 cpu_system_milliseconds	0 minor_page_faults/s	0 major_page_faults/s	118549 yields/s	46 preempts/s
53000 milliseconds	2726 MB/s	44188 short_reads/s	0 short_writes_echo/s	136 cpu_user_milliseconds	1113 cpu_system_milliseconds	0 minor_page_faults/s	0 major_page_faults/s	115444 yields/s	32 preempts/s
54000 milliseconds	2644 MB/s	41715 short_reads/s	0 short_writes_echo/s	142 cpu_user_milliseconds	1127 cpu_system_milliseconds	0 minor_page_faults/s	0 major_page_faults/s	116662 yields/s	165 preempts/s
55000 milliseconds	2674 MB/s	42318 short_reads/s	0 short_writes_echo/s	136 cpu_user_milliseconds	1129 cpu_system_milliseconds	0 minor_page_faults/s	0 major_page_faults/s	117242 yields/s	14 preempts/s
56000 milliseconds	2654 MB/s	41856 short_reads/s	0 short_writes_echo/s	135 cpu_user_milliseconds	1141 cpu_system_milliseconds	0 minor_page_faults/s	0 major_page_faults/s	117936 yields/s	24 preempts/s
57000 milliseconds	2757 MB/s	45065 short_reads/s	0 short_writes_echo/s	143 cpu_user_milliseconds	1106 cpu_system_milliseconds	0 minor_page_faults/s	0 major_page_faults/s	115246 yields/s	42 preempts/s
58000 milliseconds	2648 MB/s	42220 short_reads/s	0 short_writes_echo/s	161 cpu_user_milliseconds	1093 cpu_system_milliseconds	0 minor_page_faults/s	0 major_page_faults/s	115413 yields/s	96 preempts/s
59000 milliseconds	2644 MB/s	41944 short_reads/s	0 short_writes_echo/s	129 cpu_user_milliseconds	1138 cpu_system_milliseconds	0 minor_page_faults/s	0 major_page_faults/s	116253 yields/s	118 preempts/s
60000 milliseconds	2693 MB/s	43338 short_reads/s	0 short_writes_echo/s	141 cpu_user_milliseconds	1129 cpu_system_milliseconds	0 minor_page_faults/s	0 major_page_faults/s	117376 yields/s	17 preempts/s
61000 milliseconds	2678 MB/s	42565 short_reads/s	0 short_writes_echo/s	144 cpu_user_milliseconds	1116 cpu_system_milliseconds	0 minor_page_faults/s	0 major_page_faults/s	117232 yields/s	38 preempts/s
62000 milliseconds	2712 MB/s	43514 short_reads/s	0 short_writes_echo/s	120 cpu_user_milliseconds	1139 cpu_system_milliseconds	0 minor_page_faults/s	0 major_page_faults/s	115833 yields/s	26 preempts/s
63000 milliseconds	2632 MB/s	41373 short_reads/s	0 short_writes_echo/s	141 cpu_user_milliseconds	1123 cpu_system_milliseconds	0 minor_page_faults/s	0 major_page_faults/s	116847 yields/s	133 preempts/s
64000 milliseconds	2667 MB/s	42789 short_reads/s	0 short_writes_echo/s	108 cpu_user_milliseconds	1136 cpu_system_milliseconds	0 minor_page_faults/s	0 major_page_faults/s	115437 yields/s	193 preempts/s
65000 milliseconds	2662 MB/s	42000 short_reads/s	0 short_writes_echo/s	150 cpu_user_milliseconds	1126 cpu_system_milliseconds	0 minor_page_faults/s	0 major_page_faults/s	117085 yields/s	34 preempts/s
66000 milliseconds	2706 MB/s	43532 short_reads/s	0 short_writes_echo/s	158 cpu_user_milliseconds	1100 cpu_system_milliseconds	0 minor_page_faults/s	0 major_page_faults/s	116736 yields/s	28 preempts/s
67000 milliseconds	2572 MB/s	41139 short_reads/s	0 short_writes_echo/s	136 cpu_user_milliseconds	1072 cpu_system_milliseconds	0 minor_page_faults/s	0 major_page_faults/s	110261 yields/s	847 preempts/s
68000 milliseconds	2644 MB/s	42230 short_reads/s	0 short_writes_echo/s	136 cpu_user_milliseconds	1110 cpu_system_milliseconds	0 minor_page_faults/s	0 major_page_faults/s	114863 yields/s	41 preempts/s
69000 milliseconds	2402 MB/s	37709 short_reads/s	0 short_writes_echo/s	128 cpu_user_milliseconds	1038 cpu_system_milliseconds	0 minor_page_faults/s	0 major_page_faults/s	106253 yields/s	1083 preempts/s
70000 milliseconds	2695 MB/s	43110 short_reads/s	0 short_writes_echo/s	128 cpu_user_milliseconds	1132 cpu_system_milliseconds	0 minor_page_faults/s	0 major_page_faults/s	116801 yields/s	20 preempts/s
71000 milliseconds	2618 MB/s	40343 short_reads/s	0 short_writes_echo/s	123 cpu_user_milliseconds	1164 cpu_system_milliseconds	0 minor_page_faults/s	0 major_page_faults/s	119991 yields/s	55 preempts/s
72001 milliseconds	2550 MB/s	40298 short_reads/s	0 short_writes_echo/s	127 cpu_user_milliseconds	1098 cpu_system_milliseconds	0 minor_page_faults/s	0 major_page_faults/s	113016 yields/s	141 preempts/s
73001 milliseconds	2625 MB/s	41251 short_reads/s	0 short_writes_echo/s	158 cpu_user_milliseconds	1110 cpu_system_milliseconds	0 minor_page_faults/s	0 major_page_faults/s	117954 yields/s	23 preempts/s
74001 milliseconds	2613 MB/s	40977 short_reads/s	0 short_writes_echo/s	135 cpu_user_milliseconds	1128 cpu_system_milliseconds	0 minor_page_faults/s	0 major_page_faults/s	115792 yields/s	347 preempts/s
75001 milliseconds	2741 MB/s	44881 short_reads/s	0 short_writes_echo/s	155 cpu_user_milliseconds	1096 cpu_system_milliseconds	0 minor_page_faults/s	0 major_page_faults/s	115985 yields/s	39 preempts/s
76001 milliseconds	2710 MB/s	43359 short_reads/s	0 short_writes_echo/s	155 cpu_user_milliseconds	1102 cpu_system_milliseconds	0 minor_page_faults/s	0 major_page_faults/s	115973 yields/s	24 preempts/s
77001 milliseconds	2702 MB/s	43459 short_reads/s	0 short_writes_echo/s	145 cpu_user_milliseconds	1120 cpu_system_milliseconds	0 minor_page_faults/s	0 major_page_faults/s	116701 yields/s	20 preempts/s
78001 milliseconds	2685 MB/s	42745 short_reads/s	0 short_writes_echo/s	162 cpu_user_milliseconds	1095 cpu_system_milliseconds	0 minor_page_faults/s	0 major_page_faults/s	116512 yields/s	24 preempts/s
79001 milliseconds	2658 MB/s	42443 short_reads/s	0 short_writes_echo/s	145 cpu_user_milliseconds	1105 cpu_system_milliseconds	0 minor_page_faults/s	0 major_page_faults/s	115506 yields/s	134 preempts/s
80001 milliseconds	2667 MB/s	42140 short_reads/s	0 short_writes_echo/s	142 cpu_user_milliseconds	1134 cpu_system_milliseconds	0 minor_page_faults/s	0 major_page_faults/s	117773 yields/s	26 preempts/s
81001 milliseconds	2547 MB/s	39847 short_reads/s	0 short_writes_echo/s	113 cpu_user_milliseconds	1129 cpu_system_milliseconds	0 minor_page_faults/s	0 major_page_faults/s	114203 yields/s	308 preempts/s
82001 milliseconds	2697 MB/s	43068 short_reads/s	0 short_writes_echo/s	146 cpu_user_milliseconds	1116 cpu_system_milliseconds	0 minor_page_faults/s	0 major_page_faults/s	116974 yields/s	22 preempts/s
83001 milliseconds	2682 MB/s	42791 short_reads/s	0 short_writes_echo/s	157 cpu_user_milliseconds	1100 cpu_system_milliseconds	0 minor_page_faults/s	0 major_page_faults/s	116005 yields/s	24 preempts/s
84001 milliseconds	2670 MB/s	42886 short_reads/s	0 short_writes_echo/s	144 cpu_user_milliseconds	1112 cpu_system_milliseconds	0 minor_page_faults/s	0 major_page_faults/s	114668 yields/s	120 preempts/s
85001 milliseconds	2703 MB/s	43272 short_reads/s	0 short_writes_echo/s	156 cpu_user_milliseconds	1110 cpu_system_milliseconds	0 minor_page_faults/s	0 major_page_faults/s	116648 yields/s	48 preempts/s
86001 milliseconds	2549 MB/s	39858 short_reads/s	0 short_writes_echo/s	124 cpu_user_milliseconds	1125 cpu_system_milliseconds	0 minor_page_faults/s	0 major_page_faults/s	112983 yields/s	741 preempts/s
87001 milliseconds	2678 MB/s	42816 short_reads/s	0 short_writes_echo/s	127 cpu_user_milliseconds	1115 cpu_system_milliseconds	0 minor_page_faults/s	0 major_page_faults/s	117047 yields/s	19 preempts/s
88001 milliseconds	2628 MB/s	41560 short_reads/s	0 short_writes_echo/s	148 cpu_user_milliseconds	1119 cpu_system_milliseconds	0 minor_page_faults/s	0 major_page_faults/s	116173 yields/s	93 preempts/s
89001 milliseconds	2432 MB/s	38749 short_reads/s	0 short_writes_echo/s	133 cpu_user_milliseconds	1032 cpu_system_milliseconds	0 minor_page_faults/s	0 major_page_faults/s	104402 yields/s	1308 preempts/s
90001 milliseconds	2715 MB/s	43837 short_reads/s	0 short_writes_echo/s	131 cpu_user_milliseconds	1132 cpu_system_milliseconds	0 minor_page_faults/s	0 major_page_faults/s	117424 yields/s	17 preempts/s
91001 milliseconds	2547 MB/s	40033 short_reads/s	0 short_writes_echo/s	120 cpu_user_milliseconds	1109 cpu_system_milliseconds	0 minor_page_faults/s	0 major_page_faults/s	113386 yields/s	349 preempts/s
92001 milliseconds	2671 MB/s	42351 short_reads/s	0 short_writes_echo/s	138 cpu_user_milliseconds	1132 cpu_system_milliseconds	0 minor_page_faults/s	0 major_page_faults/s	118143 yields/s	18 preempts/s
93001 milliseconds	2663 MB/s	42177 short_reads/s	0 short_writes_echo/s	146 cpu_user_milliseconds	1111 cpu_system_milliseconds	0 minor_page_faults/s	0 major_page_faults/s	116284 yields/s	219 preempts/s
94001 milliseconds	2660 MB/s	42416 short_reads/s	0 short_writes_echo/s	148 cpu_user_milliseconds	1098 cpu_system_milliseconds	0 minor_page_faults/s	0 major_page_faults/s	114932 yields/s	451 preempts/s
95001 milliseconds	2741 MB/s	44695 short_reads/s	0 short_writes_echo/s	159 cpu_user_milliseconds	1088 cpu_system_milliseconds	0 minor_page_faults/s	0 major_page_faults/s	116030 yields/s	114 preempts/s
96001 milliseconds	2700 MB/s	43347 short_reads/s	0 short_writes_echo/s	150 cpu_user_milliseconds	1107 cpu_system_milliseconds	0 minor_page_faults/s	0 major_page_faults/s	117044 yields/s	38 preempts/s
97001 milliseconds	2697 MB/s	43309 short_reads/s	0 short_writes_echo/s	133 cpu_user_milliseconds	1131 cpu_system_milliseconds	0 minor_page_faults/s	0 major_page_faults/s	117141 yields/s	39 preempts/s
98001 milliseconds	2648 MB/s	42052 short_reads/s	0 short_writes_echo/s	138 cpu_user_milliseconds	1120 cpu_system_milliseconds	0 minor_page_faults/s	0 major_page_faults/s	116149 yields/s	43 preempts/s
99001 milliseconds	2645 MB/s	41818 short_reads/s	0 short_writes_echo/s	153 cpu_user_milliseconds	1111 cpu_system_milliseconds	0 minor_page_faults/s	0 major_page_faults/s	115630 yields/s	115 preempts/s
100001 milliseconds	2710 MB/s	43455 short_reads/s	0 short_writes_echo/s	127 cpu_user_milliseconds	1130 cpu_system_milliseconds	0 minor_page_faults/s	0 major_page_faults/s	115884 yields/s	61 preempts/s
101001 milliseconds	2673 MB/s	42255 short_reads/s	0 short_writes_echo/s	160 cpu_user_milliseconds	1117 cpu_system_milliseconds	0 minor_page_faults/s	0 major_page_faults/s	117220 yields/s	48 preempts/s
102001 milliseconds	2698 MB/s	43382 short_reads/s	0 short_writes_echo/s	156 cpu_user_milliseconds	1101 cpu_system_milliseconds	0 minor_page_faults/s	0 major_page_faults/s	117022 yields/s	73 preempts/s
103001 milliseconds	2687 MB/s	43230 short_reads/s	0 short_writes_echo/s	135 cpu_user_milliseconds	1108 cpu_system_milliseconds	0 minor_page_faults/s	0 major_page_faults/s	115262 yields/s	38 preempts/s
104001 milliseconds	2657 MB/s	42243 short_reads/s	0 short_writes_echo/s	132 cpu_user_milliseconds	1117 cpu_system_milliseconds	0 minor_page_faults/s	0 major_page_faults/s	114918 yields/s	350 preempts/s
105001 milliseconds	2766 MB/s	45526 short_reads/s	0 short_writes_echo/s	151 cpu_user_milliseconds	1086 cpu_system_milliseconds	0 minor_page_faults/s	0 major_page_faults/s	114793 yields/s	72 preempts/s
106001 milliseconds	2641 MB/s	41071 short_reads/s	0 short_writes_echo/s	163 cpu_user_milliseconds	1131 cpu_system_milliseconds	0 minor_page_faults/s	0 major_page_faults/s	118995 yields/s	19 preempts/s
107001 milliseconds	2631 MB/s	40959 short_reads/s	0 short_writes_echo/s	119 cpu_user_milliseconds	1150 cpu_system_milliseconds	0 minor_page_faults/s	0 major_page_faults/s	119109 yields/s	37 preempts/s
108001 milliseconds	2648 MB/s	41855 short_reads/s	0 short_writes_echo/s	140 cpu_user_milliseconds	1123 cpu_system_milliseconds	0 minor_page_faults/s	0 major_page_faults/s	116471 yields/s	28 preempts/s
109001 milliseconds	2653 MB/s	42303 short_reads/s	0 short_writes_echo/s	144 cpu_user_milliseconds	1108 cpu_system_milliseconds	0 minor_page_faults/s	0 major_page_faults/s	116051 yields/s	111 preempts/s
110001 milliseconds	2640 MB/s	42167 short_reads/s	0 short_writes_echo/s	148 cpu_user_milliseconds	1105 cpu_system_milliseconds	0 minor_page_faults/s	0 major_page_faults/s	115819 yields/s	50 preempts/s
111001 milliseconds	2688 MB/s	42869 short_reads/s	0 short_writes_echo/s	155 cpu_user_milliseconds	1122 cpu_system_milliseconds	0 minor_page_faults/s	0 major_page_faults/s	118099 yields/s	14 preempts/s
112001 milliseconds	2700 MB/s	43438 short_reads/s	0 short_writes_echo/s	147 cpu_user_milliseconds	1112 cpu_system_milliseconds	0 minor_page_faults/s	0 major_page_faults/s	116287 yields/s	30 preempts/s
113001 milliseconds	2667 MB/s	42215 short_reads/s	0 short_writes_echo/s	139 cpu_user_milliseconds	1142 cpu_system_milliseconds	0 minor_page_faults/s	0 major_page_faults/s	117143 yields/s	43 preempts/s
114001 milliseconds	2649 MB/s	42196 short_reads/s	0 short_writes_echo/s	162 cpu_user_milliseconds	1096 cpu_system_milliseconds	0 minor_page_faults/s	0 major_page_faults/s	116108 yields/s	86 preempts/s
115001 milliseconds	2645 MB/s	41368 short_reads/s	0 short_writes_echo/s	139 cpu_user_milliseconds	1131 cpu_system_milliseconds	0 minor_page_faults/s	0 major_page_faults/s	118487 yields/s	23 preempts/s
116001 milliseconds	2691 MB/s	43042 short_reads/s	0 short_writes_echo/s	125 cpu_user_milliseconds	1137 cpu_system_milliseconds	0 minor_page_faults/s	0 major_page_faults/s	117397 yields/s	42 preempts/s
117001 milliseconds	2664 MB/s	41782 short_reads/s	0 short_writes_echo/s	132 cpu_user_milliseconds	1136 cpu_system_milliseconds	0 minor_page_faults/s	0 major_page_faults/s	118458 yields/s	42 preempts/s
118001 milliseconds	2620 MB/s	40865 short_reads/s	0 short_writes_echo/s	123 cpu_user_milliseconds	1153 cpu_system_milliseconds	0 minor_page_faults/s	0 major_page_faults/s	117084 yields/s	138 preempts/s
119001 milliseconds	2593 MB/s	40202 short_reads/s	0 short_writes_echo/s	139 cpu_user_milliseconds	1144 cpu_system_milliseconds	0 minor_page_faults/s	0 major_page_faults/s	117113 yields/s	107 preempts/s
120001 milliseconds	2685 MB/s	43037 short_reads/s	0 short_writes_echo/s	150 cpu_user_milliseconds	1098 cpu_system_milliseconds	0 minor_page_faults/s	0 major_page_faults/s	115688 yields/s	67 preempts/s
121001 milliseconds	2686 MB/s	42738 short_reads/s	0 short_writes_echo/s	129 cpu_user_milliseconds	1133 cpu_system_milliseconds	0 minor_page_faults/s	0 major_page_faults/s	116961 yields/s	43 preempts/s
122001 milliseconds	2702 MB/s	43702 short_reads/s	0 short_writes_echo/s	141 cpu_user_milliseconds	1118 cpu_system_milliseconds	0 minor_page_faults/s	0 major_page_faults/s	117223 yields/s	37 preempts/s
123001 milliseconds	2685 MB/s	43171 short_reads/s	0 short_writes_echo/s	159 cpu_user_milliseconds	1092 cpu_system_milliseconds	0 minor_page_faults/s	0 major_page_faults/s	116497 yields/s	126 preempts/s
124001 milliseconds	2608 MB/s	41340 short_reads/s	0 short_writes_echo/s	131 cpu_user_milliseconds	1105 cpu_system_milliseconds	0 minor_page_faults/s	0 major_page_faults/s	115526 yields/s	161 preempts/s
125001 milliseconds	2685 MB/s	42569 short_reads/s	0 short_writes_echo/s	154 cpu_user_milliseconds	1133 cpu_system_milliseconds	0 minor_page_faults/s	0 major_page_faults/s	117979 yields/s	21 preempts/s
126001 milliseconds	2725 MB/s	44353 short_reads/s	0 short_writes_echo/s	148 cpu_user_milliseconds	1103 cpu_system_milliseconds	0 minor_page_faults/s	0 major_page_faults/s	116561 yields/s	30 preempts/s
127001 milliseconds	2652 MB/s	41683 short_reads/s	0 short_writes_echo/s	132 cpu_user_milliseconds	1133 cpu_system_milliseconds	0 minor_page_faults/s	0 major_page_faults/s	117822 yields/s	45 preempts/s
128001 milliseconds	2606 MB/s	40360 short_reads/s	0 short_writes_echo/s	167 cpu_user_milliseconds	1121 cpu_system_milliseconds	0 minor_page_faults/s	0 major_page_faults/s	118284 yields/s	115 preempts/s
129001 milliseconds	2367 MB/s	38065 short_reads/s	0 short_writes_echo/s	124 cpu_user_milliseconds	993 cpu_system_milliseconds	0 minor_page_faults/s	0 major_page_faults/s	98606 yields/s	3606 preempts/s
130001 milliseconds	2682 MB/s	43021 short_reads/s	0 short_writes_echo/s	138 cpu_user_milliseconds	1116 cpu_system_milliseconds	0 minor_page_faults/s	0 major_page_faults/s	116439 yields/s	39 preempts/s
131001 milliseconds	2708 MB/s	43473 short_reads/s	0 short_writes_echo/s	146 cpu_user_milliseconds	1105 cpu_system_milliseconds	0 minor_page_faults/s	0 major_page_faults/s	116307 yields/s	17 preempts/s
132001 milliseconds	2722 MB/s	44246 short_reads/s	0 short_writes_echo/s	136 cpu_user_milliseconds	1121 cpu_system_milliseconds	0 minor_page_faults/s	0 major_page_faults/s	116634 yields/s	24 preempts/s
133001 milliseconds	2677 MB/s	42743 short_reads/s	0 short_writes_echo/s	145 cpu_user_milliseconds	1114 cpu_system_milliseconds	0 minor_page_faults/s	0 major_page_faults/s	116172 yields/s	60 preempts/s
134001 milliseconds	2632 MB/s	41534 short_reads/s	0 short_writes_echo/s	155 cpu_user_milliseconds	1112 cpu_system_milliseconds	0 minor_page_faults/s	0 major_page_faults/s	116452 yields/s	174 preempts/s
135001 milliseconds	2744 MB/s	44784 short_reads/s	0 short_writes_echo/s	153 cpu_user_milliseconds	1092 cpu_system_milliseconds	0 minor_page_faults/s	0 major_page_faults/s	114601 yields/s	49 preempts/s
136001 milliseconds	2706 MB/s	43863 short_reads/s	0 short_writes_echo/s	155 cpu_user_milliseconds	1104 cpu_system_milliseconds	0 minor_page_faults/s	0 major_page_faults/s	115789 yields/s	51 preempts/s
137001 milliseconds	2724 MB/s	43783 short_reads/s	0 short_writes_echo/s	160 cpu_user_milliseconds	1101 cpu_system_milliseconds	0 minor_page_faults/s	0 major_page_faults/s	115828 yields/s	39 preempts/s
138001 milliseconds	2651 MB/s	42070 short_reads/s	0 short_writes_echo/s	135 cpu_user_milliseconds	1131 cpu_system_milliseconds	0 minor_page_faults/s	0 major_page_faults/s	116715 yields/s	44 preempts/s
139001 milliseconds	2656 MB/s	42038 short_reads/s	0 short_writes_echo/s	142 cpu_user_milliseconds	1124 cpu_system_milliseconds	0 minor_page_faults/s	0 major_page_faults/s	115717 yields/s	135 preempts/s
140001 milliseconds	2521 MB/s	39664 short_reads/s	0 short_writes_echo/s	135 cpu_user_milliseconds	1095 cpu_system_milliseconds	0 minor_page_faults/s	0 major_page_faults/s	111857 yields/s	413 preempts/s
141001 milliseconds	2679 MB/s	42829 short_reads/s	0 short_writes_echo/s	135 cpu_user_milliseconds	1123 cpu_system_milliseconds	0 minor_page_faults/s	0 major_page_faults/s	118401 yields/s	20 preempts/s
142001 milliseconds	2669 MB/s	42252 short_reads/s	0 short_writes_echo/s	156 cpu_user_milliseconds	1110 cpu_system_milliseconds	0 minor_page_faults/s	0 major_page_faults/s	117474 yields/s	37 preempts/s
143001 milliseconds	2678 MB/s	42930 short_reads/s	0 short_writes_echo/s	134 cpu_user_milliseconds	1122 cpu_system_milliseconds	0 minor_page_faults/s	0 major_page_faults/s	115693 yields/s	60 preempts/s
144002 milliseconds	2645 MB/s	42145 short_reads/s	0 short_writes_echo/s	140 cpu_user_milliseconds	1113 cpu_system_milliseconds	0 minor_page_faults/s	0 major_page_faults/s	115353 yields/s	305 preempts/s
145002 milliseconds	2667 MB/s	42097 short_reads/s	0 short_writes_echo/s	136 cpu_user_milliseconds	1134 cpu_system_milliseconds	0 minor_page_faults/s	0 major_page_faults/s	117456 yields/s	21 preempts/s
146002 milliseconds	2670 MB/s	42114 short_reads/s	0 short_writes_echo/s	154 cpu_user_milliseconds	1109 cpu_system_milliseconds	0 minor_page_faults/s	0 major_page_faults/s	117810 yields/s	15 preempts/s
147002 milliseconds	2644 MB/s	41635 short_reads/s	0 short_writes_echo/s	152 cpu_user_milliseconds	1115 cpu_system_milliseconds	0 minor_page_faults/s	0 major_page_faults/s	117229 yields/s	29 preempts/s
148002 milliseconds	2600 MB/s	40464 short_reads/s	0 short_writes_echo/s	138 cpu_user_milliseconds	1131 cpu_system_milliseconds	0 minor_page_faults/s	0 major_page_faults/s	117367 yields/s	180 preempts/s
149002 milliseconds	2624 MB/s	41404 short_reads/s	0 short_writes_echo/s	145 cpu_user_milliseconds	1128 cpu_system_milliseconds	0 minor_page_faults/s	0 major_page_faults/s	116847 yields/s	110 preempts/s
150002 milliseconds	2727 MB/s	43900 short_reads/s	0 short_writes_echo/s	159 cpu_user_milliseconds	1095 cpu_system_milliseconds	0 minor_page_faults/s	0 major_page_faults/s	115576 yields/s	61 preempts/s
151002 milliseconds	2691 MB/s	42857 short_reads/s	0 short_writes_echo/s	153 cpu_user_milliseconds	1107 cpu_system_milliseconds	0 minor_page_faults/s	0 major_page_faults/s	116731 yields/s	33 preempts/s
152002 milliseconds	2738 MB/s	44378 short_reads/s	0 short_writes_echo/s	144 cpu_user_milliseconds	1097 cpu_system_milliseconds	0 minor_page_faults/s	0 major_page_faults/s	115831 yields/s	30 preempts/s
153002 milliseconds	2666 MB/s	42379 short_reads/s	0 short_writes_echo/s	151 cpu_user_milliseconds	1111 cpu_system_milliseconds	0 minor_page_faults/s	0 major_page_faults/s	115841 yields/s	63 preempts/s
154002 milliseconds	2678 MB/s	43314 short_reads/s	0 short_writes_echo/s	151 cpu_user_milliseconds	1099 cpu_system_milliseconds	0 minor_page_faults/s	0 major_page_faults/s	114867 yields/s	202 preempts/s
155002 milliseconds	2685 MB/s	43123 short_reads/s	0 short_writes_echo/s	137 cpu_user_milliseconds	1119 cpu_system_milliseconds	0 minor_page_faults/s	0 major_page_faults/s	117227 yields/s	27 preempts/s
156002 milliseconds	2723 MB/s	44032 short_reads/s	0 short_writes_echo/s	186 cpu_user_milliseconds	1072 cpu_system_milliseconds	0 minor_page_faults/s	0 major_page_faults/s	116146 yields/s	41 preempts/s
157002 milliseconds	2777 MB/s	45695 short_reads/s	0 short_writes_echo/s	159 cpu_user_milliseconds	1072 cpu_system_milliseconds	0 minor_page_faults/s	0 major_page_faults/s	114021 yields/s	15 preempts/s
158002 milliseconds	2655 MB/s	42099 short_reads/s	0 short_writes_echo/s	127 cpu_user_milliseconds	1125 cpu_system_milliseconds	0 minor_page_faults/s	0 major_page_faults/s	115881 yields/s	220 preempts/s
159002 milliseconds	2670 MB/s	42753 short_reads/s	0 short_writes_echo/s	130 cpu_user_milliseconds	1121 cpu_system_milliseconds	0 minor_page_faults/s	0 major_page_faults/s	114817 yields/s	154 preempts/s
160002 milliseconds	2496 MB/s	41261 short_reads/s	0 short_writes_echo/s	140 cpu_user_milliseconds	1029 cpu_system_milliseconds	0 minor_page_faults/s	0 major_page_faults/s	105821 yields/s	583 preempts/s
161002 milliseconds	2730 MB/s	44081 short_reads/s	0 short_writes_echo/s	157 cpu_user_milliseconds	1106 cpu_system_milliseconds	0 minor_page_faults/s	0 major_page_faults/s	116765 yields/s	17 preempts/s
162002 milliseconds	2674 MB/s	42274 short_reads/s	0 short_writes_echo/s	139 cpu_user_milliseconds	1130 cpu_system_milliseconds	0 minor_page_faults/s	0 major_page_faults/s	117610 yields/s	27 preempts/s
163002 milliseconds	2632 MB/s	41418 short_reads/s	0 short_writes_echo/s	114 cpu_user_milliseconds	1155 cpu_system_milliseconds	0 minor_page_faults/s	0 major_page_faults/s	116278 yields/s	41 preempts/s
164002 milliseconds	2626 MB/s	41421 short_reads/s	0 short_writes_echo/s	124 cpu_user_milliseconds	1134 cpu_system_milliseconds	0 minor_page_faults/s	0 major_page_faults/s	116425 yields/s	75 preempts/s
165002 milliseconds	2719 MB/s	44150 short_reads/s	0 short_writes_echo/s	130 cpu_user_milliseconds	1117 cpu_system_milliseconds	0 minor_page_faults/s	0 major_page_faults/s	116103 yields/s	67 preempts/s
166002 milliseconds	2703 MB/s	43255 short_reads/s	0 short_writes_echo/s	123 cpu_user_milliseconds	1129 cpu_system_milliseconds	0 minor_page_faults/s	0 major_page_faults/s	116712 yields/s	21 preempts/s
167002 milliseconds	2658 MB/s	41915 short_reads/s	0 short_writes_echo/s	151 cpu_user_milliseconds	1119 cpu_system_milliseconds	0 minor_page_faults/s	0 major_page_faults/s	118785 yields/s	14 preempts/s
168002 milliseconds	2659 MB/s	42311 short_reads/s	0 short_writes_echo/s	143 cpu_user_milliseconds	1116 cpu_system_milliseconds	0 minor_page_faults/s	0 major_page_faults/s	116209 yields/s	46 preempts/s
169002 milliseconds	2678 MB/s	42932 short_reads/s	0 short_writes_echo/s	127 cpu_user_milliseconds	1124 cpu_system_milliseconds	0 minor_page_faults/s	0 major_page_faults/s	115429 yields/s	99 preempts/s
170002 milliseconds	2649 MB/s	41372 short_reads/s	0 short_writes_echo/s	167 cpu_user_milliseconds	1113 cpu_system_milliseconds	0 minor_page_faults/s	0 major_page_faults/s	119619 yields/s	23 preempts/s
171002 milliseconds	2715 MB/s	43704 short_reads/s	0 short_writes_echo/s	158 cpu_user_milliseconds	1095 cpu_system_milliseconds	0 minor_page_faults/s	0 major_page_faults/s	115690 yields/s	66 preempts/s
172002 milliseconds	2718 MB/s	43862 short_reads/s	0 short_writes_echo/s	167 cpu_user_milliseconds	1078 cpu_system_milliseconds	0 minor_page_faults/s	0 major_page_faults/s	115501 yields/s	22 preempts/s
173002 milliseconds	2659 MB/s	42110 short_reads/s	0 short_writes_echo/s	153 cpu_user_milliseconds	1114 cpu_system_milliseconds	0 minor_page_faults/s	0 major_page_faults/s	116637 yields/s	62 preempts/s
174002 milliseconds	2636 MB/s	41793 short_reads/s	0 short_writes_echo/s	140 cpu_user_milliseconds	1116 cpu_system_milliseconds	0 minor_page_faults/s	0 major_page_faults/s	116052 yields/s	650 preempts/s
175002 milliseconds	2715 MB/s	43655 short_reads/s	0 short_writes_echo/s	159 cpu_user_milliseconds	1087 cpu_system_milliseconds	0 minor_page_faults/s	0 major_page_faults/s	115624 yields/s	25 preempts/s
176002 milliseconds	2715 MB/s	43871 short_reads/s	0 short_writes_echo/s	143 cpu_user_milliseconds	1119 cpu_system_milliseconds	0 minor_page_faults/s	0 major_page_faults/s	116145 yields/s	33 preempts/s
177002 milliseconds	2693 MB/s	43117 short_reads/s	0 short_writes_echo/s	148 cpu_user_milliseconds	1094 cpu_system_milliseconds	0 minor_page_faults/s	0 major_page_faults/s	116906 yields/s	97 preempts/s
178002 milliseconds	2628 MB/s	41522 short_reads/s	0 short_writes_echo/s	135 cpu_user_milliseconds	1130 cpu_system_milliseconds	0 minor_page_faults/s	0 major_page_faults/s	116186 yields/s	96 preempts/s
179002 milliseconds	2532 MB/s	39764 short_reads/s	0 short_writes_echo/s	135 cpu_user_milliseconds	1093 cpu_system_milliseconds	0 minor_page_faults/s	0 major_page_faults/s	112958 yields/s	486 preempts/s
180002 milliseconds	2702 MB/s	43507 short_reads/s	0 short_writes_echo/s	153 cpu_user_milliseconds	1089 cpu_system_milliseconds	0 minor_page_faults/s	0 major_page_faults/s	115468 yields/s	45 preempts/s
181002 milliseconds	2715 MB/s	43364 short_reads/s	0 short_writes_echo/s	134 cpu_user_milliseconds	1119 cpu_system_milliseconds	0 minor_page_faults/s	0 major_page_faults/s	116543 yields/s	46 preempts/s
182002 milliseconds	2700 MB/s	43229 short_reads/s	0 short_writes_echo/s	159 cpu_user_milliseconds	1106 cpu_system_milliseconds	0 minor_page_faults/s	0 major_page_faults/s	117257 yields/s	38 preempts/s
183002 milliseconds	2638 MB/s	41505 short_reads/s	0 short_writes_echo/s	143 cpu_user_milliseconds	1120 cpu_system_milliseconds	0 minor_page_faults/s	0 major_page_faults/s	116487 yields/s	44 preempts/s
184002 milliseconds	2549 MB/s	40484 short_reads/s	0 short_writes_echo/s	138 cpu_user_milliseconds	1082 cpu_system_milliseconds	0 minor_page_faults/s	0 major_page_faults/s	109995 yields/s	957 preempts/s
185002 milliseconds	2646 MB/s	41402 short_reads/s	0 short_writes_echo/s	128 cpu_user_milliseconds	1159 cpu_system_milliseconds	0 minor_page_faults/s	0 major_page_faults/s	117708 yields/s	35 preempts/s
186002 milliseconds	2511 MB/s	40493 short_reads/s	0 short_writes_echo/s	134 cpu_user_milliseconds	1017 cpu_system_milliseconds	0 minor_page_faults/s	0 major_page_faults/s	105320 yields/s	700 preempts/s
187002 milliseconds	2662 MB/s	42114 short_reads/s	0 short_writes_echo/s	154 cpu_user_milliseconds	1111 cpu_system_milliseconds	0 minor_page_faults/s	0 major_page_faults/s	117682 yields/s	30 preempts/s
188002 milliseconds	2630 MB/s	41235 short_reads/s	0 short_writes_echo/s	149 cpu_user_milliseconds	1116 cpu_system_milliseconds	0 minor_page_faults/s	0 major_page_faults/s	117656 yields/s	128 preempts/s
189002 milliseconds	2639 MB/s	41778 short_reads/s	0 short_writes_echo/s	152 cpu_user_milliseconds	1115 cpu_system_milliseconds	0 minor_page_faults/s	0 major_page_faults/s	116127 yields/s	93 preempts/s
190002 milliseconds	2743 MB/s	44855 short_reads/s	0 short_writes_echo/s	151 cpu_user_milliseconds	1097 cpu_system_milliseconds	0 minor_page_faults/s	0 major_page_faults/s	116510 yields/s	6 preempts/s
191002 milliseconds	2713 MB/s	43905 short_reads/s	0 short_writes_echo/s	143 cpu_user_milliseconds	1105 cpu_system_milliseconds	0 minor_page_faults/s	0 major_page_faults/s	115878 yields/s	39 preempts/s
192002 milliseconds	2671 MB/s	42426 short_reads/s	0 short_writes_echo/s	129 cpu_user_milliseconds	1133 cpu_system_milliseconds	0 minor_page_faults/s	0 major_page_faults/s	118259 yields/s	22 preempts/s
193002 milliseconds	2654 MB/s	42133 short_reads/s	0 short_writes_echo/s	141 cpu_user_milliseconds	1124 cpu_system_milliseconds	0 minor_page_faults/s	0 major_page_faults/s	115282 yields/s	713 preempts/s
194002 milliseconds	2639 MB/s	41614 short_reads/s	0 short_writes_echo/s	118 cpu_user_milliseconds	1143 cpu_system_milliseconds	0 minor_page_faults/s	0 major_page_faults/s	116509 yields/s	120 preempts/s
195002 milliseconds	2693 MB/s	42882 short_reads/s	0 short_writes_echo/s	137 cpu_user_milliseconds	1139 cpu_system_milliseconds	0 minor_page_faults/s	0 major_page_faults/s	117671 yields/s	14 preempts/s
196002 milliseconds	2686 MB/s	42742 short_reads/s	0 short_writes_echo/s	133 cpu_user_milliseconds	1146 cpu_system_milliseconds	0 minor_page_faults/s	0 major_page_faults/s	117609 yields/s	92 preempts/s
197002 milliseconds	2679 MB/s	42677 short_reads/s	0 short_writes_echo/s	149 cpu_user_milliseconds	1108 cpu_system_milliseconds	0 minor_page_faults/s	0 major_page_faults/s	117212 yields/s	33 preempts/s
198002 milliseconds	2500 MB/s	39393 short_reads/s	0 short_writes_echo/s	131 cpu_user_milliseconds	1082 cpu_system_milliseconds	0 minor_page_faults/s	0 major_page_faults/s	110740 yields/s	412 preempts/s
199002 milliseconds	2615 MB/s	41269 short_reads/s	0 short_writes_echo/s	154 cpu_user_milliseconds	1099 cpu_system_milliseconds	0 minor_page_faults/s	0 major_page_faults/s	115388 yields/s	187 preempts/s
200002 milliseconds	2653 MB/s	41909 short_reads/s	0 short_writes_echo/s	132 cpu_user_milliseconds	1122 cpu_system_milliseconds	0 minor_page_faults/s	0 major_page_faults/s	117535 yields/s	67 preempts/s
201002 milliseconds	2709 MB/s	43282 short_reads/s	0 short_writes_echo/s	169 cpu_user_milliseconds	1097 cpu_system_milliseconds	0 minor_page_faults/s	0 major_page_faults/s	116700 yields/s	46 preempts/s
202002 milliseconds	2683 MB/s	42846 short_reads/s	0 short_writes_echo/s	136 cpu_user_milliseconds	1113 cpu_system_milliseconds	0 minor_page_faults/s	0 major_page_faults/s	117696 yields/s	24 preempts/s
203002 milliseconds	2515 MB/s	39816 short_reads/s	0 short_writes_echo/s	143 cpu_user_milliseconds	1071 cpu_system_milliseconds	0 minor_page_faults/s	0 major_page_faults/s	110667 yields/s	396 preempts/s
204002 milliseconds	2626 MB/s	41365 short_reads/s	0 short_writes_echo/s	159 cpu_user_milliseconds	1113 cpu_system_milliseconds	0 minor_page_faults/s	0 major_page_faults/s	116401 yields/s	122 preempts/s
205002 milliseconds	2678 MB/s	42619 short_reads/s	0 short_writes_echo/s	151 cpu_user_milliseconds	1111 cpu_system_milliseconds	0 minor_page_faults/s	0 major_page_faults/s	117584 yields/s	80 preempts/s
206002 milliseconds	2741 MB/s	44566 short_reads/s	0 short_writes_echo/s	139 cpu_user_milliseconds	1111 cpu_system_milliseconds	0 minor_page_faults/s	0 major_page_faults/s	115513 yields/s	12 preempts/s
207002 milliseconds	2664 MB/s	41843 short_reads/s	0 short_writes_echo/s	136 cpu_user_milliseconds	1141 cpu_system_milliseconds	0 minor_page_faults/s	0 major_page_faults/s	119573 yields/s	37 preempts/s
208002 milliseconds	2691 MB/s	43345 short_reads/s	0 short_writes_echo/s	145 cpu_user_milliseconds	1101 cpu_system_milliseconds	0 minor_page_faults/s	0 major_page_faults/s	114839 yields/s	92 preempts/s
209002 milliseconds	2662 MB/s	42553 short_reads/s	0 short_writes_echo/s	130 cpu_user_milliseconds	1118 cpu_system_milliseconds	0 minor_page_faults/s	0 major_page_faults/s	114623 yields/s	123 preempts/s
210002 milliseconds	2661 MB/s	41905 short_reads/s	0 short_writes_echo/s	152 cpu_user_milliseconds	1119 cpu_system_milliseconds	0 minor_page_faults/s	0 major_page_faults/s	116705 yields/s	89 preempts/s
211002 milliseconds	2752 MB/s	45356 short_reads/s	0 short_writes_echo/s	146 cpu_user_milliseconds	1096 cpu_system_milliseconds	0 minor_page_faults/s	0 major_page_faults/s	115190 yields/s	38 preempts/s
212002 milliseconds	2678 MB/s	42799 short_reads/s	0 short_writes_echo/s	131 cpu_user_milliseconds	1125 cpu_system_milliseconds	0 minor_page_faults/s	0 major_page_faults/s	116826 yields/s	43 preempts/s
213002 milliseconds	2680 MB/s	43157 short_reads/s	0 short_writes_echo/s	129 cpu_user_milliseconds	1125 cpu_system_milliseconds	0 minor_page_faults/s	0 major_page_faults/s	115251 yields/s	198 preempts/s
214002 milliseconds	2616 MB/s	40737 short_reads/s	0 short_writes_echo/s	149 cpu_user_milliseconds	1113 cpu_system_milliseconds	0 minor_page_faults/s	0 major_page_faults/s	117792 yields/s	140 preempts/s
215002 milliseconds	2698 MB/s	43083 short_reads/s	0 short_writes_echo/s	139 cpu_user_milliseconds	1119 cpu_system_milliseconds	0 minor_page_faults/s	0 major_page_faults/s	116798 yields/s	28 preempts/s
216002 milliseconds	2459 MB/s	39375 short_reads/s	0 short_writes_echo/s	150 cpu_user_milliseconds	1027 cpu_system_milliseconds	0 minor_page_faults/s	0 major_page_faults/s	106515 yields/s	1077 preempts/s
217002 milliseconds	2752 MB/s	44725 short_reads/s	0 short_writes_echo/s	160 cpu_user_milliseconds	1084 cpu_system_milliseconds	0 minor_page_faults/s	0 major_page_faults/s	114348 yields/s	28 preempts/s
218002 milliseconds	2687 MB/s	43206 short_reads/s	0 short_writes_echo/s	150 cpu_user_milliseconds	1122 cpu_system_milliseconds	0 minor_page_faults/s	0 major_page_faults/s	116199 yields/s	182 preempts/s
219003 milliseconds	2629 MB/s	41290 short_reads/s	0 short_writes_echo/s	135 cpu_user_milliseconds	1130 cpu_system_milliseconds	0 minor_page_faults/s	0 major_page_faults/s	117814 yields/s	105 preempts/s
220003 milliseconds	2630 MB/s	41019 short_reads/s	0 short_writes_echo/s	144 cpu_user_milliseconds	1141 cpu_system_milliseconds	0 minor_page_faults/s	0 major_page_faults/s	118595 yields/s	22 preempts/s
221003 milliseconds	2716 MB/s	43461 short_reads/s	0 short_writes_echo/s	147 cpu_user_milliseconds	1116 cpu_system_milliseconds	0 minor_page_faults/s	0 major_page_faults/s	116665 yields/s	24 preempts/s
222003 milliseconds	2771 MB/s	45786 short_reads/s	0 short_writes_echo/s	161 cpu_user_milliseconds	1082 cpu_system_milliseconds	0 minor_page_faults/s	0 major_page_faults/s	115246 yields/s	18 preempts/s
223003 milliseconds	2606 MB/s	40332 short_reads/s	0 short_writes_echo/s	129 cpu_user_milliseconds	1157 cpu_system_milliseconds	0 minor_page_faults/s	0 major_page_faults/s	119213 yields/s	54 preempts/s
224003 milliseconds	2658 MB/s	42398 short_reads/s	0 short_writes_echo/s	146 cpu_user_milliseconds	1117 cpu_system_milliseconds	0 minor_page_faults/s	0 major_page_faults/s	115533 yields/s	85 preempts/s
225003 milliseconds	2694 MB/s	42937 short_reads/s	0 short_writes_echo/s	121 cpu_user_milliseconds	1138 cpu_system_milliseconds	0 minor_page_faults/s	0 major_page_faults/s	117422 yields/s	51 preempts/s
226003 milliseconds	2644 MB/s	41325 short_reads/s	0 short_writes_echo/s	130 cpu_user_milliseconds	1162 cpu_system_milliseconds	0 minor_page_faults/s	0 major_page_faults/s	118581 yields/s	23 preempts/s
227003 milliseconds	2683 MB/s	42510 short_reads/s	0 short_writes_echo/s	143 cpu_user_milliseconds	1130 cpu_system_milliseconds	0 minor_page_faults/s	0 major_page_faults/s	117128 yields/s	42 preempts/s
228003 milliseconds	2690 MB/s	43137 short_reads/s	0 short_writes_echo/s	113 cpu_user_milliseconds	1139 cpu_system_milliseconds	0 minor_page_faults/s	0 major_page_faults/s	116131 yields/s	152 preempts/s
229003 milliseconds	2650 MB/s	41930 short_reads/s	0 short_writes_echo/s	146 cpu_user_milliseconds	1107 cpu_system_milliseconds	0 minor_page_faults/s	0 major_page_faults/s	115793 yields/s	186 preempts/s
230003 milliseconds	2694 MB/s	43232 short_reads/s	0 short_writes_echo/s	166 cpu_user_milliseconds	1085 cpu_system_milliseconds	0 minor_page_faults/s	0 major_page_faults/s	115682 yields/s	28 preempts/s
231003 milliseconds	2710 MB/s	43492 short_reads/s	0 short_writes_echo/s	157 cpu_user_milliseconds	1091 cpu_system_milliseconds	0 minor_page_faults/s	0 major_page_faults/s	116139 yields/s	12 preempts/s
232003 milliseconds	2732 MB/s	44212 short_reads/s	0 short_writes_echo/s	152 cpu_user_milliseconds	1098 cpu_system_milliseconds	0 minor_page_faults/s	0 major_page_faults/s	115157 yields/s	37 preempts/s
233003 milliseconds	2668 MB/s	42530 short_reads/s	0 short_writes_echo/s	145 cpu_user_milliseconds	1099 cpu_system_milliseconds	0 minor_page_faults/s	0 major_page_faults/s	116412 yields/s	38 preempts/s
234003 milliseconds	2629 MB/s	41265 short_reads/s	0 short_writes_echo/s	152 cpu_user_milliseconds	1103 cpu_system_milliseconds	0 minor_page_faults/s	0 major_page_faults/s	116943 yields/s	147 preempts/s
235003 milliseconds	2643 MB/s	41168 short_reads/s	0 short_writes_echo/s	156 cpu_user_milliseconds	1134 cpu_system_milliseconds	0 minor_page_faults/s	0 major_page_faults/s	119816 yields/s	71 preempts/s
236003 milliseconds	2750 MB/s	44785 short_reads/s	0 short_writes_echo/s	138 cpu_user_milliseconds	1104 cpu_system_milliseconds	0 minor_page_faults/s	0 major_page_faults/s	114825 yields/s	67 preempts/s
237003 milliseconds	2740 MB/s	44439 short_reads/s	0 short_writes_echo/s	141 cpu_user_milliseconds	1104 cpu_system_milliseconds	0 minor_page_faults/s	0 major_page_faults/s	115955 yields/s	63 preempts/s
238003 milliseconds	2648 MB/s	42004 short_reads/s	0 short_writes_echo/s	147 cpu_user_milliseconds	1111 cpu_system_milliseconds	0 minor_page_faults/s	0 major_page_faults/s	115917 yields/s	44 preempts/s
239003 milliseconds	2620 MB/s	41257 short_reads/s	0 short_writes_echo/s	123 cpu_user_milliseconds	1137 cpu_system_milliseconds	0 minor_page_faults/s	0 major_page_faults/s	116640 yields/s	129 preempts/s
240003 milliseconds	2730 MB/s	44075 short_reads/s	0 short_writes_echo/s	146 cpu_user_milliseconds	1110 cpu_system_milliseconds	0 minor_page_faults/s	0 major_page_faults/s	115626 yields/s	46 preempts/s
