1000 milliseconds	2414 MB/s	38031 short_reads/s	0 short_writes_echo/s	125 cpu_user_milliseconds	1042 cpu_system_milliseconds	180 minor_page_faults/s	0 major_page_faults/s	105616 yields/s	787 preempts/s
2000 milliseconds	2477 MB/s	39176 short_reads/s	0 short_writes_echo/s	123 cpu_user_milliseconds	1066 cpu_system_milliseconds	2 minor_page_faults/s	0 major_page_faults/s	107663 yields/s	256 preempts/s
3000 milliseconds	2672 MB/s	42002 short_reads/s	0 short_writes_echo/s	131 cpu_user_milliseconds	1137 cpu_system_milliseconds	0 minor_page_faults/s	0 major_page_faults/s	116746 yields/s	34 preempts/s
4000 milliseconds	2715 MB/s	43614 short_reads/s	0 short_writes_echo/s	154 cpu_user_milliseconds	1094 cpu_system_milliseconds	0 minor_page_faults/s	0 major_page_faults/s	115736 yields/s	33 preempts/s
5000 milliseconds	2713 MB/s	43535 short_reads/s	0 short_writes_echo/s	148 cpu_user_milliseconds	1099 cpu_system_milliseconds	0 minor_page_faults/s	0 major_page_faults/s	114388 yields/s	30 preempts/s
6000 milliseconds	2516 MB/s	39990 short_reads/s	0 short_writes_echo/s	119 cpu_user_milliseconds	1076 cpu_system_milliseconds	0 minor_page_faults/s	0 major_page_faults/s	108224 yields/s	1406 preempts/s
7000 milliseconds	2701 MB/s	43552 short_reads/s	0 short_writes_echo/s	158 cpu_user_milliseconds	1104 cpu_system_milliseconds	0 minor_page_faults/s	0 major_page_faults/s	117495 yields/s	19 preempts/s
8000 milliseconds	2722 MB/s	45134 short_reads/s	0 short_writes_echo/s	156 cpu_user_milliseconds	1102 cpu_system_milliseconds	0 minor_page_faults/s	0 major_page_faults/s	118234 yields/s	26 preempts/s
9000 milliseconds	2679 MB/s	42433 short_reads/s	0 short_writes_echo/s	156 cpu_user_milliseconds	1120 cpu_system_milliseconds	0 minor_page_faults/s	0 major_page_faults/s	117292 yields/s	102 preempts/s
10000 milliseconds	2614 MB/s	40631 short_reads/s	0 short_writes_echo/s	148 cpu_user_milliseconds	1121 cpu_system_milliseconds	0 minor_page_faults/s	0 major_page_faults/s	116858 yields/s	66 preempts/s
11000 milliseconds	2685 MB/s	43483 short_reads/s	0 short_writes_echo/s	132 cpu_user_milliseconds	1106 cpu_system_milliseconds	0 minor_page_faults/s	0 major_page_faults/s	113920 yields/s	390 preempts/s
12000 milliseconds	2712 MB/s	42714 short_reads/s	0 short_writes_echo/s	122 cpu_user_milliseconds	1131 cpu_system_milliseconds	0 minor_page_faults/s	0 major_page_faults/s	116413 yields/s	44 preempts/s
13000 milliseconds	2660 MB/s	41727 short_reads/s	0 short_writes_echo/s	112 cpu_user_milliseconds	1150 cpu_system_milliseconds	0 minor_page_faults/s	0 major_page_faults/s	117680 yields/s	40 preempts/s
14000 milliseconds	2680 MB/s	42551 short_reads/s	0 short_writes_echo/s	142 cpu_user_milliseconds	1133 cpu_system_milliseconds	0 minor_page_faults/s	0 major_page_faults/s	117339 yields/s	26 preempts/s
15000 milliseconds	2733 MB/s	45866 short_reads/s	0 short_writes_echo/s	149 cpu_user_milliseconds	1097 cpu_system_milliseconds	0 minor_page_faults/s	0 major_page_faults/s	116271 yields/s	30 preempts/s
16000 milliseconds	2469 MB/s	38470 short_reads/s	0 short_writes_echo/s	145 cpu_user_milliseconds	1067 cpu_system_milliseconds	0 minor_page_faults/s	0 major_page_faults/s	109590 yields/s	313 preempts/s
17000 milliseconds	2694 MB/s	42760 short_reads/s	0 short_writes_echo/s	139 cpu_user_milliseconds	1123 cpu_system_milliseconds	0 minor_page_faults/s	0 major_page_faults/s	117236 yields/s	31 preempts/s
18000 milliseconds	2668 MB/s	41873 short_reads/s	0 short_writes_echo/s	131 cpu_user_milliseconds	1149 cpu_system_milliseconds	0 minor_page_faults/s	0 major_page_faults/s	118720 yields/s	58 preempts/s
19000 milliseconds	2654 MB/s	41512 short_reads/s	0 short_writes_echo/s	125 cpu_user_milliseconds	1156 cpu_system_milliseconds	0 minor_page_faults/s	0 major_page_faults/s	118420 yields/s	21 preempts/s
20000 milliseconds	2646 MB/s	41427 short_reads/s	0 short_writes_echo/s	148 cpu_user_milliseconds	1124 cpu_system_milliseconds	0 minor_page_faults/s	0 major_page_faults/s	116590 yields/s	49 preempts/s
21000 milliseconds	2655 MB/s	42355 short_reads/s	0 short_writes_echo/s	148 cpu_user_milliseconds	1091 cpu_system_milliseconds	0 minor_page_faults/s	0 major_page_faults/s	113140 yields/s	273 preempts/s
22000 milliseconds	2694 MB/s	44518 short_reads/s	0 short_writes_echo/s	128 cpu_user_milliseconds	1101 cpu_system_milliseconds	0 minor_page_faults/s	0 major_page_faults/s	115250 yields/s	163 preempts/s
23000 milliseconds	2690 MB/s	42821 short_reads/s	0 short_writes_echo/s	121 cpu_user_milliseconds	1146 cpu_system_milliseconds	0 minor_page_faults/s	0 major_page_faults/s	117215 yields/s	41 preempts/s
24000 milliseconds	2713 MB/s	43900 short_reads/s	0 short_writes_echo/s	133 cpu_user_milliseconds	1128 cpu_system_milliseconds	0 minor_page_faults/s	0 major_page_faults/s	117105 yields/s	26 preempts/s
25000 milliseconds	2300 MB/s	36446 short_reads/s	0 short_writes_echo/s	106 cpu_user_milliseconds	1014 cpu_system_milliseconds	0 minor_page_faults/s	0 major_page_faults/s	99927 yields/s	3352 preempts/s
26000 milliseconds	2663 MB/s	42964 short_reads/s	0 short_writes_echo/s	146 cpu_user_milliseconds	1101 cpu_system_milliseconds	0 minor_page_faults/s	0 major_page_faults/s	113469 yields/s	118 preempts/s
27000 milliseconds	2732 MB/s	43800 short_reads/s	0 short_writes_echo/s	134 cpu_user_milliseconds	1121 cpu_system_milliseconds	0 minor_page_faults/s	0 major_page_faults/s	116307 yields/s	20 preempts/s
28000 milliseconds	2714 MB/s	43361 short_reads/s	0 short_writes_echo/s	123 cpu_user_milliseconds	1129 cpu_system_milliseconds	0 minor_page_faults/s	0 major_page_faults/s	115981 yields/s	33 preempts/s
29000 milliseconds	2695 MB/s	42910 short_reads/s	0 short_writes_echo/s	138 cpu_user_milliseconds	1132 cpu_system_milliseconds	0 minor_page_faults/s	0 major_page_faults/s	117350 yields/s	7 preempts/s
30000 milliseconds	2554 MB/s	40874 short_reads/s	0 short_writes_echo/s	128 cpu_user_milliseconds	1076 cpu_system_milliseconds	0 minor_page_faults/s	0 major_page_faults/s	109443 yields/s	306 preempts/s
31000 milliseconds	2666 MB/s	43456 short_reads/s	0 short_writes_echo/s	135 cpu_user_milliseconds	1107 cpu_system_milliseconds	0 minor_page_faults/s	0 major_page_faults/s	115256 yields/s	324 preempts/s
32000 milliseconds	2650 MB/s	41259 short_reads/s	0 short_writes_echo/s	132 cpu_user_milliseconds	1146 cpu_system_milliseconds	0 minor_page_faults/s	0 major_page_faults/s	117918 yields/s	16 preempts/s
33000 milliseconds	2718 MB/s	43834 short_reads/s	0 short_writes_echo/s	129 cpu_user_milliseconds	1107 cpu_system_milliseconds	0 minor_page_faults/s	0 major_page_faults/s	115630 yields/s	27 preempts/s
34000 milliseconds	2665 MB/s	42032 short_reads/s	0 short_writes_echo/s	156 cpu_user_milliseconds	1121 cpu_system_milliseconds	0 minor_page_faults/s	0 major_page_faults/s	118110 yields/s	20 preempts/s
35000 milliseconds	2697 MB/s	42667 short_reads/s	0 short_writes_echo/s	122 cpu_user_milliseconds	1120 cpu_system_milliseconds	0 minor_page_faults/s	0 major_page_faults/s	114889 yields/s	32 preempts/s
36000 milliseconds	2639 MB/s	41927 short_reads/s	0 short_writes_echo/s	129 cpu_user_milliseconds	1133 cpu_system_milliseconds	0 minor_page_faults/s	0 major_page_faults/s	114998 yields/s	103 preempts/s
37000 milliseconds	2700 MB/s	43429 short_reads/s	0 short_writes_echo/s	141 cpu_user_milliseconds	1119 cpu_system_milliseconds	0 minor_page_faults/s	0 major_page_faults/s	116691 yields/s	50 preempts/s
38000 milliseconds	2550 MB/s	40256 short_reads/s	0 short_writes_echo/s	130 cpu_user_milliseconds	1110 cpu_system_milliseconds	0 minor_page_faults/s	0 major_page_faults/s	112350 yields/s	256 preempts/s
39000 milliseconds	2679 MB/s	42124 short_reads/s	0 short_writes_echo/s	134 cpu_user_milliseconds	1137 cpu_system_milliseconds	0 minor_page_faults/s	0 major_page_faults/s	117302 yields/s	51 preempts/s
40000 milliseconds	2671 MB/s	41968 short_reads/s	0 short_writes_echo/s	169 cpu_user_milliseconds	1089 cpu_system_milliseconds	0 minor_page_faults/s	0 major_page_faults/s	115510 yields/s	41 preempts/s
41000 milliseconds	2641 MB/s	41670 short_reads/s	0 short_writes_echo/s	125 cpu_user_milliseconds	1132 cpu_system_milliseconds	0 minor_page_faults/s	0 major_page_faults/s	114313 yields/s	111 preempts/s
42000 milliseconds	2656 MB/s	41489 short_reads/s	0 short_writes_echo/s	138 cpu_user_milliseconds	1138 cpu_system_milliseconds	0 minor_page_faults/s	0 major_page_faults/s	117828 yields/s	25 preempts/s
43000 milliseconds	2757 MB/s	44981 short_reads/s	0 short_writes_echo/s	145 cpu_user_milliseconds	1104 cpu_system_milliseconds	0 minor_page_faults/s	0 major_page_faults/s	114746 yields/s	15 preempts/s
44000 milliseconds	2780 MB/s	46025 short_reads/s	0 short_writes_echo/s	132 cpu_user_milliseconds	1104 cpu_system_milliseconds	0 minor_page_faults/s	0 major_page_faults/s	114592 yields/s	27 preempts/s
45000 milliseconds	2675 MB/s	43376 short_reads/s	0 short_writes_echo/s	157 cpu_user_milliseconds	1098 cpu_system_milliseconds	0 minor_page_faults/s	0 major_page_faults/s	115904 yields/s	47 preempts/s
46000 milliseconds	2656 MB/s	42392 short_reads/s	0 short_writes_echo/s	137 cpu_user_milliseconds	1117 cpu_system_milliseconds	0 minor_page_faults/s	0 major_page_faults/s	114535 yields/s	347 preempts/s
47000 milliseconds	2670 MB/s	41897 short_reads/s	0 short_writes_echo/s	153 cpu_user_milliseconds	1142 cpu_system_milliseconds	0 minor_page_faults/s	0 major_page_faults/s	118365 yields/s	35 preempts/s
48000 milliseconds	2734 MB/s	43704 short_reads/s	0 short_writes_echo/s	139 cpu_user_milliseconds	1122 cpu_system_milliseconds	0 minor_page_faults/s	0 major_page_faults/s	115632 yields/s	24 preempts/s
49000 milliseconds	2682 MB/s	42208 short_reads/s	0 short_writes_echo/s	141 cpu_user_milliseconds	1126 cpu_system_milliseconds	0 minor_page_faults/s	0 major_page_faults/s	116618 yields/s	29 preempts/s
50000 milliseconds	2237 MB/s	34960 short_reads/s	0 short_writes_echo/s	109 cpu_user_milliseconds	968 cpu_system_milliseconds	0 minor_page_faults/s	0 major_page_faults/s	97109 yields/s	2521 preempts/s
51000 milliseconds	2660 MB/s	42357 short_reads/s	0 short_writes_echo/s	103 cpu_user_milliseconds	1146 cpu_system_milliseconds	0 minor_page_faults/s	0 major_page_faults/s	113858 yields/s	439 preempts/s
52000 milliseconds	2661 MB/s	41378 short_reads/s	0 short_writes_echo/s	145 cpu_user_milliseconds	1121 cpu_system_milliseconds	0 minor_page_faults/s	0 major_page_faults/s	119281 yields/s	21 preempts/s
53000 milliseconds	2689 MB/s	42438 short_reads/s	0 short_writes_echo/s	122 cpu_user_milliseconds	1139 cpu_system_milliseconds	0 minor_page_faults/s	0 major_page_faults/s	116876 yields/s	16 preempts/s
54000 milliseconds	2662 MB/s	41806 short_reads/s	0 short_writes_echo/s	143 cpu_user_milliseconds	1118 cpu_system_milliseconds	0 minor_page_faults/s	0 major_page_faults/s	117156 yields/s	38 preempts/s
55000 milliseconds	2671 MB/s	42409 short_reads/s	0 short_writes_echo/s	150 cpu_user_milliseconds	1100 cpu_system_milliseconds	0 minor_page_faults/s	0 major_page_faults/s	115102 yields/s	63 preempts/s
56000 milliseconds	2687 MB/s	43648 short_reads/s	0 short_writes_echo/s	151 cpu_user_milliseconds	1090 cpu_system_milliseconds	0 minor_page_faults/s	0 major_page_faults/s	114456 yields/s	161 preempts/s
57000 milliseconds	2758 MB/s	44576 short_reads/s	0 short_writes_echo/s	148 cpu_user_milliseconds	1101 cpu_system_milliseconds	0 minor_page_faults/s	0 major_page_faults/s	114771 yields/s	33 preempts/s
58000 milliseconds	2715 MB/s	43549 short_reads/s	0 short_writes_echo/s	134 cpu_user_milliseconds	1117 cpu_system_milliseconds	0 minor_page_faults/s	0 major_page_faults/s	116289 yields/s	45 preempts/s
59000 milliseconds	2751 MB/s	45250 short_reads/s	0 short_writes_echo/s	142 cpu_user_milliseconds	1115 cpu_system_milliseconds	0 minor_page_faults/s	0 major_page_faults/s	116354 yields/s	9 preempts/s
60000 milliseconds	2683 MB/s	42364 short_reads/s	0 short_writes_echo/s	140 cpu_user_milliseconds	1110 cpu_system_milliseconds	0 minor_page_faults/s	0 major_page_faults/s	115272 yields/s	61 preempts/s
61000 milliseconds	2615 MB/s	40870 short_reads/s	0 short_writes_echo/s	148 cpu_user_milliseconds	1108 cpu_system_milliseconds	0 minor_page_faults/s	0 major_page_faults/s	115138 yields/s	429 preempts/s
62000 milliseconds	2774 MB/s	45562 short_reads/s	0 short_writes_echo/s	137 cpu_user_milliseconds	1101 cpu_system_milliseconds	0 minor_page_faults/s	0 major_page_faults/s	114056 yields/s	91 preempts/s
63000 milliseconds	2759 MB/s	45662 short_reads/s	0 short_writes_echo/s	169 cpu_user_milliseconds	1089 cpu_system_milliseconds	0 minor_page_faults/s	0 major_page_faults/s	116405 yields/s	42 preempts/s
64000 milliseconds	2734 MB/s	43669 short_reads/s	0 short_writes_echo/s	150 cpu_user_milliseconds	1114 cpu_system_milliseconds	0 minor_page_faults/s	0 major_page_faults/s	116033 yields/s	12 preempts/s
65000 milliseconds	2644 MB/s	41750 short_reads/s	0 short_writes_echo/s	130 cpu_user_milliseconds	1143 cpu_system_milliseconds	0 minor_page_faults/s	0 major_page_faults/s	117139 yields/s	21 preempts/s
66000 milliseconds	2661 MB/s	42427 short_reads/s	0 short_writes_echo/s	143 cpu_user_milliseconds	1079 cpu_system_milliseconds	0 minor_page_faults/s	0 major_page_faults/s	111697 yields/s	435 preempts/s
67000 milliseconds	2708 MB/s	43413 short_reads/s	0 short_writes_echo/s	135 cpu_user_milliseconds	1135 cpu_system_milliseconds	0 minor_page_faults/s	0 major_page_faults/s	116885 yields/s	20 preempts/s
68000 milliseconds	2627 MB/s	42932 short_reads/s	0 short_writes_echo/s	157 cpu_user_milliseconds	1049 cpu_system_milliseconds	0 minor_page_faults/s	0 major_page_faults/s	109351 yields/s	702 preempts/s
69000 milliseconds	2706 MB/s	43077 short_reads/s	0 short_writes_echo/s	148 cpu_user_milliseconds	1115 cpu_system_milliseconds	0 minor_page_faults/s	0 major_page_faults/s	115962 yields/s	36 preempts/s
70000 milliseconds	2660 MB/s	41944 short_reads/s	0 short_writes_echo/s	153 cpu_user_milliseconds	1107 cpu_system_milliseconds	0 minor_page_faults/s	0 major_page_faults/s	115465 yields/s	68 preempts/s
71000 milliseconds	2627 MB/s	40910 short_reads/s	0 short_writes_echo/s	128 cpu_user_milliseconds	1140 cpu_system_milliseconds	0 minor_page_faults/s	0 major_page_faults/s	116012 yields/s	513 preempts/s
72000 milliseconds	2721 MB/s	43442 short_reads/s	0 short_writes_echo/s	130 cpu_user_milliseconds	1136 cpu_system_milliseconds	0 minor_page_faults/s	0 major_page_faults/s	115969 yields/s	45 preempts/s
73000 milliseconds	2693 MB/s	42553 short_reads/s	0 short_writes_echo/s	156 cpu_user_milliseconds	1123 cpu_system_milliseconds	0 minor_page_faults/s	0 major_page_faults/s	117190 yields/s	32 preempts/s
74001 milliseconds	2713 MB/s	42973 short_reads/s	0 short_writes_echo/s	123 cpu_user_milliseconds	1129 cpu_system_milliseconds	0 minor_page_faults/s	0 major_page_faults/s	115700 yields/s	63 preempts/s
75001 milliseconds	2652 MB/s	41764 short_reads/s	0 short_writes_echo/s	134 cpu_user_milliseconds	1126 cpu_system_milliseconds	0 minor_page_faults/s	0 major_page_faults/s	116500 yields/s	312 preempts/s
76001 milliseconds	2675 MB/s	42376 short_reads/s	0 short_writes_echo/s	128 cpu_user_milliseconds	1119 cpu_system_milliseconds	0 minor_page_faults/s	0 major_page_faults/s	113915 yields/s	91 preempts/s
77001 milliseconds	2721 MB/s	43252 short_reads/s	0 short_writes_echo/s	141 cpu_user_milliseconds	1117 cpu_system_milliseconds	0 minor_page_faults/s	0 major_page_faults/s	116471 yields/s	15 preempts/s
78001 milliseconds	2668 MB/s	42095 short_reads/s	0 short_writes_echo/s	165 cpu_user_milliseconds	1113 cpu_system_milliseconds	0 minor_page_faults/s	0 major_page_faults/s	117016 yields/s	45 preempts/s
79001 milliseconds	2679 MB/s	42350 short_reads/s	0 short_writes_echo/s	134 cpu_user_milliseconds	1128 cpu_system_milliseconds	0 minor_page_faults/s	0 major_page_faults/s	117622 yields/s	12 preempts/s
80001 milliseconds	2670 MB/s	42192 short_reads/s	0 short_writes_echo/s	141 cpu_user_milliseconds	1116 cpu_system_milliseconds	0 minor_page_faults/s	0 major_page_faults/s	116301 yields/s	31 preempts/s
81001 milliseconds	2704 MB/s	43306 short_reads/s	0 short_writes_echo/s	125 cpu_user_milliseconds	1115 cpu_system_milliseconds	0 minor_page_faults/s	0 major_page_faults/s	113479 yields/s	1010 preempts/s
82001 milliseconds	2423 MB/s	37590 short_reads/s	0 short_writes_echo/s	115 cpu_user_milliseconds	1067 cpu_system_milliseconds	0 minor_page_faults/s	0 major_page_faults/s	106959 yields/s	2029 preempts/s
83001 milliseconds	2741 MB/s	44418 short_reads/s	0 short_writes_echo/s	129 cpu_user_milliseconds	1116 cpu_system_milliseconds	0 minor_page_faults/s	0 major_page_faults/s	115635 yields/s	39 preempts/s
84001 milliseconds	2696 MB/s	42372 short_reads/s	0 short_writes_echo/s	132 cpu_user_milliseconds	1136 cpu_system_milliseconds	0 minor_page_faults/s	0 major_page_faults/s	116354 yields/s	36 preempts/s
85001 milliseconds	2697 MB/s	43435 short_reads/s	0 short_writes_echo/s	128 cpu_user_milliseconds	1130 cpu_system_milliseconds	0 minor_page_faults/s	0 major_page_faults/s	116654 yields/s	185 preempts/s
86001 milliseconds	2627 MB/s	41201 short_reads/s	0 short_writes_echo/s	147 cpu_user_milliseconds	1104 cpu_system_milliseconds	0 minor_page_faults/s	0 major_page_faults/s	115515 yields/s	166 preempts/s
87001 milliseconds	2649 MB/s	41186 short_reads/s	0 short_writes_echo/s	127 cpu_user_milliseconds	1148 cpu_system_milliseconds	0 minor_page_faults/s	0 major_page_faults/s	117721 yields/s	29 preempts/s
88001 milliseconds	2768 MB/s	46092 short_reads/s	0 short_writes_echo/s	141 cpu_user_milliseconds	1118 cpu_system_milliseconds	0 minor_page_faults/s	0 major_page_faults/s	116321 yields/s	16 preempts/s
89001 milliseconds	2637 MB/s	40949 short_reads/s	0 short_writes_echo/s	127 cpu_user_milliseconds	1148 cpu_system_milliseconds	0 minor_page_faults/s	0 major_page_faults/s	118254 yields/s	17 preempts/s
90001 milliseconds	2628 MB/s	41552 short_reads/s	0 short_writes_echo/s	151 cpu_user_milliseconds	1115 cpu_system_milliseconds	0 minor_page_faults/s	0 major_page_faults/s	116731 yields/s	66 preempts/s
91001 milliseconds	2642 MB/s	41684 short_reads/s	0 short_writes_echo/s	145 cpu_user_milliseconds	1105 cpu_system_milliseconds	0 minor_page_faults/s	0 major_page_faults/s	114363 yields/s	414 preempts/s
92001 milliseconds	2765 MB/s	45360 short_reads/s	0 short_writes_echo/s	135 cpu_user_milliseconds	1125 cpu_system_milliseconds	0 minor_page_faults/s	0 major_page_faults/s	116009 yields/s	43 preempts/s
93001 milliseconds	2709 MB/s	43458 short_reads/s	0 short_writes_echo/s	148 cpu_user_milliseconds	1110 cpu_system_milliseconds	0 minor_page_faults/s	0 major_page_faults/s	116280 yields/s	18 preempts/s
94001 milliseconds	2725 MB/s	44623 short_reads/s	0 short_writes_echo/s	114 cpu_user_milliseconds	1136 cpu_system_milliseconds	0 minor_page_faults/s	0 major_page_faults/s	116775 yields/s	18 preempts/s
95001 milliseconds	2671 MB/s	43152 short_reads/s	0 short_writes_echo/s	156 cpu_user_milliseconds	1106 cpu_system_milliseconds	0 minor_page_faults/s	0 major_page_faults/s	115403 yields/s	31 preempts/s
96001 milliseconds	2538 MB/s	39421 short_reads/s	0 short_writes_echo/s	143 cpu_user_milliseconds	1096 cpu_system_milliseconds	0 minor_page_faults/s	0 major_page_faults/s	112930 yields/s	309 preempts/s
97001 milliseconds	2652 MB/s	41333 short_reads/s	0 short_writes_echo/s	149 cpu_user_milliseconds	1120 cpu_system_milliseconds	0 minor_page_faults/s	0 major_page_faults/s	117840 yields/s	159 preempts/s
98001 milliseconds	2694 MB/s	43001 short_reads/s	0 short_writes_echo/s	144 cpu_user_milliseconds	1122 cpu_system_milliseconds	0 minor_page_faults/s	0 major_page_faults/s	117075 yields/s	19 preempts/s
99001 milliseconds	2642 MB/s	41335 short_reads/s	0 short_writes_echo/s	141 cpu_user_milliseconds	1140 cpu_system_milliseconds	0 minor_page_faults/s	0 major_page_faults/s	118785 yields/s	64 preempts/s
100001 milliseconds	2674 MB/s	42804 short_reads/s	0 short_writes_echo/s	148 cpu_user_milliseconds	1103 cpu_system_milliseconds	0 minor_page_faults/s	0 major_page_faults/s	116257 yields/s	20 preempts/s
101001 milliseconds	2608 MB/s	40892 short_reads/s	0 short_writes_echo/s	144 cpu_user_milliseconds	1131 cpu_system_milliseconds	0 minor_page_faults/s	0 major_page_faults/s	116213 yields/s	73 preempts/s
102001 milliseconds	2578 MB/s	40679 short_reads/s	0 short_writes_echo/s	130 cpu_user_milliseconds	1106 cpu_system_milliseconds	0 minor_page_faults/s	0 major_page_faults/s	112888 yields/s	88 preempts/s
103001 milliseconds	2685 MB/s	42382 short_reads/s	0 short_writes_echo/s	157 cpu_user_milliseconds	1125 cpu_system_milliseconds	0 minor_page_faults/s	0 major_page_faults/s	118054 yields/s	16 preempts/s
104001 milliseconds	2768 MB/s	44895 short_reads/s	0 short_writes_echo/s	135 cpu_user_milliseconds	1117 cpu_system_milliseconds	0 minor_page_faults/s	0 major_page_faults/s	114845 yields/s	17 preempts/s
105001 milliseconds	2611 MB/s	40578 short_reads/s	0 short_writes_echo/s	125 cpu_user_milliseconds	1141 cpu_system_milliseconds	0 minor_page_faults/s	0 major_page_faults/s	117483 yields/s	39 preempts/s
106001 milliseconds	2612 MB/s	40449 short_reads/s	0 short_writes_echo/s	126 cpu_user_milliseconds	1120 cpu_system_milliseconds	0 minor_page_faults/s	0 major_page_faults/s	115917 yields/s	663 preempts/s
107001 milliseconds	2429 MB/s	39333 short_reads/s	0 short_writes_echo/s	122 cpu_user_milliseconds	1029 cpu_system_milliseconds	0 minor_page_faults/s	0 major_page_faults/s	101688 yields/s	3117 preempts/s
108001 milliseconds	2693 MB/s	43296 short_reads/s	0 short_writes_echo/s	140 cpu_user_milliseconds	1127 cpu_system_milliseconds	0 minor_page_faults/s	0 major_page_faults/s	117776 yields/s	31 preempts/s
109001 milliseconds	2719 MB/s	43304 short_reads/s	0 short_writes_echo/s	132 cpu_user_milliseconds	1133 cpu_system_milliseconds	0 minor_page_faults/s	0 major_page_faults/s	115355 yields/s	42 preempts/s
110001 milliseconds	2698 MB/s	42880 short_reads/s	0 short_writes_echo/s	161 cpu_user_milliseconds	1089 cpu_system_milliseconds	0 minor_page_faults/s	0 major_page_faults/s	113429 yields/s	107 preempts/s
111001 milliseconds	2654 MB/s	41885 short_reads/s	0 short_writes_echo/s	147 cpu_user_milliseconds	1103 cpu_system_milliseconds	0 minor_page_faults/s	0 major_page_faults/s	114557 yields/s	163 preempts/s
112001 milliseconds	2591 MB/s	40680 short_reads/s	0 short_writes_echo/s	137 cpu_user_milliseconds	1100 cpu_system_milliseconds	0 minor_page_faults/s	0 major_page_faults/s	113229 yields/s	400 preempts/s
113001 milliseconds	2698 MB/s	43202 short_reads/s	0 short_writes_echo/s	133 cpu_user_milliseconds	1116 cpu_system_milliseconds	0 minor_page_faults/s	0 major_page_faults/s	117431 yields/s	44 preempts/s
114001 milliseconds	2711 MB/s	44043 short_reads/s	0 short_writes_echo/s	150 cpu_user_milliseconds	1102 cpu_system_milliseconds	0 minor_page_faults/s	0 major_page_faults/s	117212 yields/s	79 preempts/s
115001 milliseconds	2636 MB/s	40933 short_reads/s	0 short_writes_echo/s	131 cpu_user_milliseconds	1134 cpu_system_milliseconds	0 minor_page_faults/s	0 major_page_faults/s	116950 yields/s	129 preempts/s
116001 milliseconds	2637 MB/s	41867 short_reads/s	0 short_writes_echo/s	130 cpu_user_milliseconds	1131 cpu_system_milliseconds	0 minor_page_faults/s	0 major_page_faults/s	115561 yields/s	221 preempts/s
117001 milliseconds	2729 MB/s	43990 short_reads/s	0 short_writes_echo/s	141 cpu_user_milliseconds	1121 cpu_system_milliseconds	0 minor_page_faults/s	0 major_page_faults/s	115998 yields/s	76 preempts/s
118001 milliseconds	2757 MB/s	44956 short_reads/s	0 short_writes_echo/s	152 cpu_user_milliseconds	1103 cpu_system_milliseconds	0 minor_page_faults/s	0 major_page_faults/s	115830 yields/s	22 preempts/s
119001 milliseconds	2801 MB/s	45773 short_reads/s	0 short_writes_echo/s	158 cpu_user_milliseconds	1078 cpu_system_milliseconds	0 minor_page_faults/s	0 major_page_faults/s	113613 yields/s	16 preempts/s
120001 milliseconds	2642 MB/s	41356 short_reads/s	0 short_writes_echo/s	131 cpu_user_milliseconds	1142 cpu_system_milliseconds	0 minor_page_faults/s	0 major_page_faults/s	117350 yields/s	98 preempts/s
121001 milliseconds	2639 MB/s	41309 short_reads/s	0 short_writes_echo/s	165 cpu_user_milliseconds	1101 cpu_system_milliseconds	0 minor_page_faults/s	0 major_page_faults/s	115279 yields/s	327 preempts/s
122001 milliseconds	2686 MB/s	42278 short_reads/s	0 short_writes_echo/s	129 cpu_user_milliseconds	1137 cpu_system_milliseconds	0 minor_page_faults/s	0 major_page_faults/s	117215 yields/s	26 preempts/s
123001 milliseconds	2679 MB/s	42125 short_reads/s	0 short_writes_echo/s	155 cpu_user_milliseconds	1123 cpu_system_milliseconds	0 minor_page_faults/s	0 major_page_faults/s	118636 yields/s	24 preempts/s
124001 milliseconds	2696 MB/s	42530 short_reads/s	0 short_writes_echo/s	154 cpu_user_milliseconds	1114 cpu_system_milliseconds	0 minor_page_faults/s	0 major_page_faults/s	116307 yields/s	52 preempts/s
125001 milliseconds	2698 MB/s	43002 short_reads/s	0 short_writes_echo/s	125 cpu_user_milliseconds	1134 cpu_system_milliseconds	0 minor_page_faults/s	0 major_page_faults/s	115519 yields/s	55 preempts/s
126001 milliseconds	2693 MB/s	42950 short_reads/s	0 short_writes_echo/s	143 cpu_user_milliseconds	1102 cpu_system_milliseconds	0 minor_page_faults/s	0 major_page_faults/s	112929 yields/s	685 preempts/s
127001 milliseconds	2663 MB/s	41811 short_reads/s	0 short_writes_echo/s	139 cpu_user_milliseconds	1123 cpu_system_milliseconds	0 minor_page_faults/s	0 major_page_faults/s	118237 yields/s	28 preempts/s
128001 milliseconds	2793 MB/s	46302 short_reads/s	0 short_writes_echo/s	135 cpu_user_milliseconds	1107 cpu_system_milliseconds	0 minor_page_faults/s	0 major_page_faults/s	114814 yields/s	31 preempts/s
129001 milliseconds	2728 MB/s	43709 short_reads/s	0 short_writes_echo/s	150 cpu_user_milliseconds	1114 cpu_system_milliseconds	0 minor_page_faults/s	0 major_page_faults/s	115681 yields/s	49 preempts/s
130001 milliseconds	2716 MB/s	44244 short_reads/s	0 short_writes_echo/s	141 cpu_user_milliseconds	1105 cpu_system_milliseconds	0 minor_page_faults/s	0 major_page_faults/s	115738 yields/s	44 preempts/s
131001 milliseconds	2657 MB/s	42443 short_reads/s	0 short_writes_echo/s	146 cpu_user_milliseconds	1109 cpu_system_milliseconds	0 minor_page_faults/s	0 major_page_faults/s	114892 yields/s	184 preempts/s
132001 milliseconds	2737 MB/s	44661 short_reads/s	0 short_writes_echo/s	139 cpu_user_milliseconds	1113 cpu_system_milliseconds	0 minor_page_faults/s	0 major_page_faults/s	115480 yields/s	21 preempts/s
133001 milliseconds	2796 MB/s	45923 short_reads/s	0 short_writes_echo/s	148 cpu_user_milliseconds	1097 cpu_system_milliseconds	0 minor_page_faults/s	0 major_page_faults/s	114448 yields/s	57 preempts/s
134001 milliseconds	2736 MB/s	44155 short_reads/s	0 short_writes_echo/s	138 cpu_user_milliseconds	1129 cpu_system_milliseconds	0 minor_page_faults/s	0 major_page_faults/s	115920 yields/s	29 preempts/s
135001 milliseconds	2713 MB/s	43104 short_reads/s	0 short_writes_echo/s	134 cpu_user_milliseconds	1139 cpu_system_milliseconds	0 minor_page_faults/s	0 major_page_faults/s	115827 yields/s	246 preempts/s
136001 milliseconds	2685 MB/s	43028 short_reads/s	0 short_writes_echo/s	121 cpu_user_milliseconds	1122 cpu_system_milliseconds	0 minor_page_faults/s	0 major_page_faults/s	113760 yields/s	874 preempts/s
137001 milliseconds	2688 MB/s	42368 short_reads/s	0 short_writes_echo/s	142 cpu_user_milliseconds	1133 cpu_system_milliseconds	0 minor_page_faults/s	0 major_page_faults/s	118087 yields/s	80 preempts/s
138001 milliseconds	2666 MB/s	41740 short_reads/s	0 short_writes_echo/s	128 cpu_user_milliseconds	1140 cpu_system_milliseconds	0 minor_page_faults/s	0 major_page_faults/s	116747 yields/s	28 preempts/s
139001 milliseconds	2731 MB/s	44177 short_reads/s	0 short_writes_echo/s	155 cpu_user_milliseconds	1092 cpu_system_milliseconds	0 minor_page_faults/s	0 major_page_faults/s	116346 yields/s	10 preempts/s
140001 milliseconds	2719 MB/s	44815 short_reads/s	0 short_writes_echo/s	150 cpu_user_milliseconds	1103 cpu_system_milliseconds	0 minor_page_faults/s	0 major_page_faults/s	115758 yields/s	47 preempts/s
141001 milliseconds	2659 MB/s	41989 short_reads/s	0 short_writes_echo/s	158 cpu_user_milliseconds	1095 cpu_system_milliseconds	0 minor_page_faults/s	0 major_page_faults/s	115141 yields/s	723 preempts/s
142001 milliseconds	2667 MB/s	42343 short_reads/s	0 short_writes_echo/s	134 cpu_user_milliseconds	1140 cpu_system_milliseconds	0 minor_page_faults/s	0 major_page_faults/s	117952 yields/s	70 preempts/s
143001 milliseconds	2709 MB/s	43212 short_reads/s	0 short_writes_echo/s	139 cpu_user_milliseconds	1120 cpu_system_milliseconds	0 minor_page_faults/s	0 major_page_faults/s	116186 yields/s	21 preempts/s
144001 milliseconds	2684 MB/s	42679 short_reads/s	0 short_writes_echo/s	121 cpu_user_milliseconds	1136 cpu_system_milliseconds	0 minor_page_faults/s	0 major_page_faults/s	117385 yields/s	32 preempts/s
145001 milliseconds	2670 MB/s	42425 short_reads/s	0 short_writes_echo/s	132 cpu_user_milliseconds	1138 cpu_system_milliseconds	0 minor_page_faults/s	0 major_page_faults/s	116336 yields/s	45 preempts/s
146001 milliseconds	2673 MB/s	42704 short_reads/s	0 short_writes_echo/s	148 cpu_user_milliseconds	1112 cpu_system_milliseconds	0 minor_page_faults/s	0 major_page_faults/s	114452 yields/s	278 preempts/s
147001 milliseconds	2706 MB/s	43144 short_reads/s	0 short_writes_echo/s	145 cpu_user_milliseconds	1114 cpu_system_milliseconds	0 minor_page_faults/s	0 major_page_faults/s	117097 yields/s	22 preempts/s
148001 milliseconds	2696 MB/s	42875 short_reads/s	0 short_writes_echo/s	157 cpu_user_milliseconds	1102 cpu_system_milliseconds	0 minor_page_faults/s	0 major_page_faults/s	116824 yields/s	20 preempts/s
149002 milliseconds	2736 MB/s	43805 short_reads/s	0 short_writes_echo/s	162 cpu_user_milliseconds	1108 cpu_system_milliseconds	0 minor_page_faults/s	0 major_page_faults/s	115647 yields/s	23 preempts/s
150002 milliseconds	2663 MB/s	42571 short_reads/s	0 short_writes_echo/s	146 cpu_user_milliseconds	1112 cpu_system_milliseconds	0 minor_page_faults/s	0 major_page_faults/s	115405 yields/s	98 preempts/s
151002 milliseconds	2311 MB/s	35961 short_reads/s	0 short_writes_echo/s	94 cpu_user_milliseconds	1052 cpu_system_milliseconds	0 minor_page_faults/s	0 major_page_faults/s	101262 yields/s	3943 preempts/s
152002 milliseconds	2672 MB/s	42220 short_reads/s	0 short_writes_echo/s	145 cpu_user_milliseconds	1127 cpu_system_milliseconds	0 minor_page_faults/s	0 major_page_faults/s	117969 yields/s	48 preempts/s
153002 milliseconds	2683 MB/s	42439 short_reads/s	0 short_writes_echo/s	138 cpu_user_milliseconds	1145 cpu_system_milliseconds	0 minor_page_faults/s	0 major_page_faults/s	117773 yields/s	45 preempts/s
154002 milliseconds	2732 MB/s	43910 short_reads/s	0 short_writes_echo/s	138 cpu_user_milliseconds	1117 cpu_system_milliseconds	0 minor_page_faults/s	0 major_page_faults/s	116233 yields/s	47 preempts/s
155002 milliseconds	2683 MB/s	43335 short_reads/s	0 short_writes_echo/s	156 cpu_user_milliseconds	1105 cpu_system_milliseconds	0 minor_page_faults/s	0 major_page_faults/s	115847 yields/s	55 preempts/s
156002 milliseconds	2618 MB/s	42541 short_reads/s	0 short_writes_echo/s	154 cpu_user_milliseconds	1093 cpu_system_milliseconds	0 minor_page_faults/s	0 major_page_faults/s	115223 yields/s	165 preempts/s
157002 milliseconds	2691 MB/s	43105 short_reads/s	0 short_writes_echo/s	157 cpu_user_milliseconds	1104 cpu_system_milliseconds	0 minor_page_faults/s	0 major_page_faults/s	117516 yields/s	23 preempts/s
158002 milliseconds	2680 MB/s	41900 short_reads/s	0 short_writes_echo/s	143 cpu_user_milliseconds	1130 cpu_system_milliseconds	0 minor_page_faults/s	0 major_page_faults/s	116946 yields/s	52 preempts/s
159002 milliseconds	2701 MB/s	43706 short_reads/s	0 short_writes_echo/s	128 cpu_user_milliseconds	1127 cpu_system_milliseconds	0 minor_page_faults/s	0 major_page_faults/s	117472 yields/s	43 preempts/s
160002 milliseconds	2637 MB/s	41076 short_reads/s	0 short_writes_echo/s	130 cpu_user_milliseconds	1140 cpu_system_milliseconds	0 minor_page_faults/s	0 major_page_faults/s	116806 yields/s	263 preempts/s
161002 milliseconds	2731 MB/s	44436 short_reads/s	0 short_writes_echo/s	135 cpu_user_milliseconds	1101 cpu_system_milliseconds	0 minor_page_faults/s	0 major_page_faults/s	112173 yields/s	427 preempts/s
162002 milliseconds	2671 MB/s	41928 short_reads/s	0 short_writes_echo/s	141 cpu_user_milliseconds	1125 cpu_system_milliseconds	0 minor_page_faults/s	0 major_page_faults/s	117222 yields/s	39 preempts/s
163002 milliseconds	2735 MB/s	44235 short_reads/s	0 short_writes_echo/s	143 cpu_user_milliseconds	1108 cpu_system_milliseconds	0 minor_page_faults/s	0 major_page_faults/s	116268 yields/s	29 preempts/s
164002 milliseconds	2734 MB/s	44916 short_reads/s	0 short_writes_echo/s	167 cpu_user_milliseconds	1094 cpu_system_milliseconds	0 minor_page_faults/s	0 major_page_faults/s	116781 yields/s	15 preempts/s
165002 milliseconds	2719 MB/s	44827 short_reads/s	0 short_writes_echo/s	134 cpu_user_milliseconds	1123 cpu_system_milliseconds	0 minor_page_faults/s	0 major_page_faults/s	116454 yields/s	48 preempts/s
166002 milliseconds	2652 MB/s	42158 short_reads/s	0 short_writes_echo/s	150 cpu_user_milliseconds	1103 cpu_system_milliseconds	0 minor_page_faults/s	0 major_page_faults/s	115063 yields/s	226 preempts/s
167002 milliseconds	2698 MB/s	43318 short_reads/s	0 short_writes_echo/s	164 cpu_user_milliseconds	1112 cpu_system_milliseconds	0 minor_page_faults/s	0 major_page_faults/s	117448 yields/s	50 preempts/s
168002 milliseconds	2633 MB/s	41297 short_reads/s	0 short_writes_echo/s	153 cpu_user_milliseconds	1113 cpu_system_milliseconds	0 minor_page_faults/s	0 major_page_faults/s	118490 yields/s	71 preempts/s
169002 milliseconds	2666 MB/s	42588 short_reads/s	0 short_writes_echo/s	158 cpu_user_milliseconds	1127 cpu_system_milliseconds	0 minor_page_faults/s	0 major_page_faults/s	118482 yields/s	31 preempts/s
170002 milliseconds	2613 MB/s	40385 short_reads/s	0 short_writes_echo/s	157 cpu_user_milliseconds	1130 cpu_system_milliseconds	0 minor_page_faults/s	0 major_page_faults/s	118172 yields/s	67 preempts/s
171002 milliseconds	2670 MB/s	42456 short_reads/s	0 short_writes_echo/s	146 cpu_user_milliseconds	1113 cpu_system_milliseconds	0 minor_page_faults/s	0 major_page_faults/s	114672 yields/s	420 preempts/s
172002 milliseconds	2693 MB/s	43139 short_reads/s	0 short_writes_echo/s	153 cpu_user_milliseconds	1120 cpu_system_milliseconds	0 minor_page_faults/s	0 major_page_faults/s	118143 yields/s	20 preempts/s
173002 milliseconds	2743 MB/s	44152 short_reads/s	0 short_writes_echo/s	142 cpu_user_milliseconds	1097 cpu_system_milliseconds	0 minor_page_faults/s	0 major_page_faults/s	115758 yields/s	65 preempts/s
174002 milliseconds	2695 MB/s	42838 short_reads/s	0 short_writes_echo/s	144 cpu_user_milliseconds	1094 cpu_system_milliseconds	0 minor_page_faults/s	0 major_page_faults/s	116210 yields/s	54 preempts/s
175002 milliseconds	2716 MB/s	43709 short_reads/s	0 short_writes_echo/s	139 cpu_user_milliseconds	1110 cpu_system_milliseconds	0 minor_page_faults/s	0 major_page_faults/s	114442 yields/s	44 preempts/s
176002 milliseconds	2719 MB/s	44383 short_reads/s	0 short_writes_echo/s	123 cpu_user_milliseconds	1121 cpu_system_milliseconds	0 minor_page_faults/s	0 major_page_faults/s	113709 yields/s	605 preempts/s
177002 milliseconds	2693 MB/s	42422 short_reads/s	0 short_writes_echo/s	138 cpu_user_milliseconds	1129 cpu_system_milliseconds	0 minor_page_faults/s	0 major_page_faults/s	116823 yields/s	81 preempts/s
178002 milliseconds	2692 MB/s	42669 short_reads/s	0 short_writes_echo/s	139 cpu_user_milliseconds	1129 cpu_system_milliseconds	0 minor_page_faults/s	0 major_page_faults/s	117712 yields/s	13 preempts/s
179002 milliseconds	2688 MB/s	42397 short_reads/s	0 short_writes_echo/s	138 cpu_user_milliseconds	1120 cpu_system_milliseconds	0 minor_page_faults/s	0 major_page_faults/s	116886 yields/s	16 preempts/s
180002 milliseconds	2654 MB/s	42037 short_reads/s	0 short_writes_echo/s	167 cpu_user_milliseconds	1098 cpu_system_milliseconds	0 minor_page_faults/s	0 major_page_faults/s	116504 yields/s	238 preempts/s
181002 milliseconds	2648 MB/s	42003 short_reads/s	0 short_writes_echo/s	140 cpu_user_milliseconds	1121 cpu_system_milliseconds	0 minor_page_faults/s	0 major_page_faults/s	115517 yields/s	469 preempts/s
182002 milliseconds	2670 MB/s	41540 short_reads/s	0 short_writes_echo/s	159 cpu_user_milliseconds	1118 cpu_system_milliseconds	0 minor_page_faults/s	0 major_page_faults/s	118584 yields/s	63 preempts/s
183002 milliseconds	2628 MB/s	41942 short_reads/s	0 short_writes_echo/s	121 cpu_user_milliseconds	1115 cpu_system_milliseconds	0 minor_page_faults/s	0 major_page_faults/s	112636 yields/s	142 preempts/s
184002 milliseconds	2669 MB/s	42089 short_reads/s	0 short_writes_echo/s	137 cpu_user_milliseconds	1147 cpu_system_milliseconds	0 minor_page_faults/s	0 major_page_faults/s	118793 yields/s	49 preempts/s
185002 milliseconds	2397 MB/s	38822 short_reads/s	0 short_writes_echo/s	112 cpu_user_milliseconds	1049 cpu_system_milliseconds	0 minor_page_faults/s	0 major_page_faults/s	104435 yields/s	760 preempts/s
186002 milliseconds	2590 MB/s	40725 short_reads/s	0 short_writes_echo/s	130 cpu_user_milliseconds	1127 cpu_system_milliseconds	0 minor_page_faults/s	0 major_page_faults/s	115201 yields/s	231 preempts/s
187002 milliseconds	2718 MB/s	43172 short_reads/s	0 short_writes_echo/s	147 cpu_user_milliseconds	1112 cpu_system_milliseconds	0 minor_page_faults/s	0 major_page_faults/s	116236 yields/s	62 preempts/s
188002 milliseconds	2553 MB/s	40419 short_reads/s	0 short_writes_echo/s	128 cpu_user_milliseconds	1103 cpu_system_milliseconds	0 minor_page_faults/s	0 major_page_faults/s	113502 yields/s	384 preempts/s
189002 milliseconds	2670 MB/s	41917 short_reads/s	0 short_writes_echo/s	122 cpu_user_milliseconds	1137 cpu_system_milliseconds	0 minor_page_faults/s	0 major_page_faults/s	116508 yields/s	13 preempts/s
190002 milliseconds	2619 MB/s	40800 short_reads/s	0 short_writes_echo/s	135 cpu_user_milliseconds	1132 cpu_system_milliseconds	0 minor_page_faults/s	0 major_page_faults/s	117175 yields/s	272 preempts/s
191002 milliseconds	2692 MB/s	43711 short_reads/s	0 short_writes_echo/s	154 cpu_user_milliseconds	1093 cpu_system_milliseconds	0 minor_page_faults/s	0 major_page_faults/s	114775 yields/s	181 preempts/s
192002 milliseconds	2697 MB/s	43409 short_reads/s	0 short_writes_echo/s	156 cpu_user_milliseconds	1110 cpu_system_milliseconds	0 minor_page_faults/s	0 major_page_faults/s	116924 yields/s	55 preempts/s
193002 milliseconds	2666 MB/s	42400 short_reads/s	0 short_writes_echo/s	142 cpu_user_milliseconds	1138 cpu_system_milliseconds	0 minor_page_faults/s	0 major_page_faults/s	118837 yields/s	23 preempts/s
194002 milliseconds	2649 MB/s	41156 short_reads/s	0 short_writes_echo/s	110 cpu_user_milliseconds	1152 cpu_system_milliseconds	0 minor_page_faults/s	0 major_page_faults/s	117900 yields/s	38 preempts/s
195002 milliseconds	2651 MB/s	41583 short_reads/s	0 short_writes_echo/s	134 cpu_user_milliseconds	1124 cpu_system_milliseconds	0 minor_page_faults/s	0 major_page_faults/s	116275 yields/s	68 preempts/s
196002 milliseconds	2658 MB/s	42486 short_reads/s	0 short_writes_echo/s	131 cpu_user_milliseconds	1119 cpu_system_milliseconds	0 minor_page_faults/s	0 major_page_faults/s	114617 yields/s	337 preempts/s
197002 milliseconds	2709 MB/s	43333 short_reads/s	0 short_writes_echo/s	130 cpu_user_milliseconds	1131 cpu_system_milliseconds	0 minor_page_faults/s	0 major_page_faults/s	116725 yields/s	46 preempts/s
198002 milliseconds	2701 MB/s	43695 short_reads/s	0 short_writes_echo/s	143 cpu_user_milliseconds	1130 cpu_system_milliseconds	0 minor_page_faults/s	0 major_page_faults/s	117904 yields/s	41 preempts/s
199002 milliseconds	2672 MB/s	41813 short_reads/s	0 short_writes_echo/s	138 cpu_user_milliseconds	1126 cpu_system_milliseconds	0 minor_page_faults/s	0 major_page_faults/s	117173 yields/s	43 preempts/s
200002 milliseconds	2689 MB/s	42596 short_reads/s	0 short_writes_echo/s	136 cpu_user_milliseconds	1113 cpu_system_milliseconds	0 minor_page_faults/s	0 major_page_faults/s	116312 yields/s	148 preempts/s
201002 milliseconds	2668 MB/s	42485 short_reads/s	0 short_writes_echo/s	150 cpu_user_milliseconds	1110 cpu_system_milliseconds	0 minor_page_faults/s	0 major_page_faults/s	115192 yields/s	616 preempts/s
202002 milliseconds	2685 MB/s	43253 short_reads/s	0 short_writes_echo/s	135 cpu_user_milliseconds	1137 cpu_system_milliseconds	0 minor_page_faults/s	0 major_page_faults/s	117882 yields/s	21 preempts/s
203002 milliseconds	2712 MB/s	43014 short_reads/s	0 short_writes_echo/s	121 cpu_user_milliseconds	1146 cpu_system_milliseconds	0 minor_page_faults/s	0 major_page_faults/s	115779 yields/s	68 preempts/s
204002 milliseconds	2724 MB/s	43941 short_reads/s	0 short_writes_echo/s	127 cpu_user_milliseconds	1132 cpu_system_milliseconds	0 minor_page_faults/s	0 major_page_faults/s	116186 yields/s	59 preempts/s
205002 milliseconds	2692 MB/s	43675 short_reads/s	0 short_writes_echo/s	155 cpu_user_milliseconds	1102 cpu_system_milliseconds	0 minor_page_faults/s	0 major_page_faults/s	116766 yields/s	49 preempts/s
206002 milliseconds	2623 MB/s	40725 short_reads/s	0 short_writes_echo/s	137 cpu_user_milliseconds	1138 cpu_system_milliseconds	0 minor_page_faults/s	0 major_page_faults/s	116461 yields/s	287 preempts/s
207002 milliseconds	2705 MB/s	43252 short_reads/s	0 short_writes_echo/s	123 cpu_user_milliseconds	1144 cpu_system_milliseconds	0 minor_page_faults/s	0 major_page_faults/s	116368 yields/s	39 preempts/s
208002 milliseconds	2734 MB/s	44343 short_reads/s	0 short_writes_echo/s	133 cpu_user_milliseconds	1126 cpu_system_milliseconds	0 minor_page_faults/s	0 major_page_faults/s	116749 yields/s	14 preempts/s
209002 milliseconds	2775 MB/s	45993 short_reads/s	0 short_writes_echo/s	145 cpu_user_milliseconds	1106 cpu_system_milliseconds	0 minor_page_faults/s	0 major_page_faults/s	115680 yields/s	59 preempts/s
210002 milliseconds	2685 MB/s	43555 short_reads/s	0 short_writes_echo/s	136 cpu_user_milliseconds	1116 cpu_system_milliseconds	0 minor_page_faults/s	0 major_page_faults/s	115095 yields/s	26 preempts/s
211002 milliseconds	2666 MB/s	42355 short_reads/s	0 short_writes_echo/s	153 cpu_user_milliseconds	1103 cpu_system_milliseconds	0 minor_page_faults/s	0 major_page_faults/s	113888 yields/s	126 preempts/s
212002 milliseconds	2709 MB/s	43848 short_reads/s	0 short_writes_echo/s	134 cpu_user_milliseconds	1133 cpu_system_milliseconds	0 minor_page_faults/s	0 major_page_faults/s	117926 yields/s	41 preempts/s
213002 milliseconds	2711 MB/s	43592 short_reads/s	0 short_writes_echo/s	133 cpu_user_milliseconds	1135 cpu_system_milliseconds	0 minor_page_faults/s	0 major_page_faults/s	117853 yields/s	36 preempts/s
214002 milliseconds	2725 MB/s	44458 short_reads/s	0 short_writes_echo/s	156 cpu_user_milliseconds	1095 cpu_system_milliseconds	0 minor_page_faults/s	0 major_page_faults/s	116420 yields/s	35 preempts/s
215002 milliseconds	2707 MB/s	43474 short_reads/s	0 short_writes_echo/s	170 cpu_user_milliseconds	1071 cpu_system_milliseconds	0 minor_page_faults/s	0 major_page_faults/s	114069 yields/s	200 preempts/s
216002 milliseconds	2644 MB/s	42079 short_reads/s	0 short_writes_echo/s	133 cpu_user_milliseconds	1114 cpu_system_milliseconds	0 minor_page_faults/s	0 major_page_faults/s	112967 yields/s	146 preempts/s
217002 milliseconds	2747 MB/s	44584 short_reads/s	0 short_writes_echo/s	157 cpu_user_milliseconds	1100 cpu_system_milliseconds	0 minor_page_faults/s	0 major_page_faults/s	115465 yields/s	27 preempts/s
218002 milliseconds	2760 MB/s	45749 short_reads/s	0 short_writes_echo/s	152 cpu_user_milliseconds	1091 cpu_system_milliseconds	0 minor_page_faults/s	0 major_page_faults/s	115717 yields/s	28 preempts/s
219002 milliseconds	2710 MB/s	42929 short_reads/s	0 short_writes_echo/s	136 cpu_user_milliseconds	1122 cpu_system_milliseconds	0 minor_page_faults/s	0 major_page_faults/s	116310 yields/s	45 preempts/s
220002 milliseconds	2628 MB/s	41160 short_reads/s	0 short_writes_echo/s	144 cpu_user_milliseconds	1122 cpu_system_milliseconds	0 minor_page_faults/s	0 major_page_faults/s	117260 yields/s	82 preempts/s
221002 milliseconds	2679 MB/s	42546 short_reads/s	0 short_writes_echo/s	132 cpu_user_milliseconds	1109 cpu_system_milliseconds	0 minor_page_faults/s	0 major_page_faults/s	112800 yields/s	840 preempts/s
222002 milliseconds	2741 MB/s	44708 short_reads/s	0 short_writes_echo/s	135 cpu_user_milliseconds	1119 cpu_system_milliseconds	0 minor_page_faults/s	0 major_page_faults/s	115510 yields/s	44 preempts/s
223002 milliseconds	2772 MB/s	45345 short_reads/s	0 short_writes_echo/s	143 cpu_user_milliseconds	1101 cpu_system_milliseconds	0 minor_page_faults/s	0 major_page_faults/s	115107 yields/s	41 preempts/s
224002 milliseconds	2689 MB/s	42426 short_reads/s	0 short_writes_echo/s	147 cpu_user_milliseconds	1127 cpu_system_milliseconds	0 minor_page_faults/s	0 major_page_faults/s	117445 yields/s	13 preempts/s
225002 milliseconds	2642 MB/s	41575 short_reads/s	0 short_writes_echo/s	144 cpu_user_milliseconds	1112 cpu_system_milliseconds	0 minor_page_faults/s	0 major_page_faults/s	116614 yields/s	76 preempts/s
226002 milliseconds	2345 MB/s	36981 short_reads/s	0 short_writes_echo/s	137 cpu_user_milliseconds	986 cpu_system_milliseconds	0 minor_page_faults/s	0 major_page_faults/s	99141 yields/s	3834 preempts/s
227002 milliseconds	2682 MB/s	41983 short_reads/s	0 short_writes_echo/s	145 cpu_user_milliseconds	1128 cpu_system_milliseconds	0 minor_page_faults/s	0 major_page_faults/s	117342 yields/s	17 preempts/s
228002 milliseconds	2736 MB/s	44075 short_reads/s	0 short_writes_echo/s	148 cpu_user_milliseconds	1101 cpu_system_milliseconds	0 minor_page_faults/s	0 major_page_faults/s	115518 yields/s	20 preempts/s
229002 milliseconds	2716 MB/s	43727 short_reads/s	0 short_writes_echo/s	143 cpu_user_milliseconds	1127 cpu_system_milliseconds	0 minor_page_faults/s	0 major_page_faults/s	117756 yields/s	29 preempts/s
230002 milliseconds	2614 MB/s	40826 short_reads/s	0 short_writes_echo/s	137 cpu_user_milliseconds	1141 cpu_system_milliseconds	0 minor_page_faults/s	0 major_page_faults/s	117454 yields/s	36 preempts/s
231003 milliseconds	2640 MB/s	41404 short_reads/s	0 short_writes_echo/s	141 cpu_user_milliseconds	1126 cpu_system_milliseconds	0 minor_page_faults/s	0 major_page_faults/s	115560 yields/s	477 preempts/s
232003 milliseconds	2730 MB/s	43973 short_reads/s	0 short_writes_echo/s	149 cpu_user_milliseconds	1110 cpu_system_milliseconds	0 minor_page_faults/s	0 major_page_faults/s	116338 yields/s	45 preempts/s
233003 milliseconds	2618 MB/s	40207 short_reads/s	0 short_writes_echo/s	155 cpu_user_milliseconds	1127 cpu_system_milliseconds	0 minor_page_faults/s	0 major_page_faults/s	118819 yields/s	34 preempts/s
234003 milliseconds	2741 MB/s	44427 short_reads/s	0 short_writes_echo/s	156 cpu_user_milliseconds	1089 cpu_system_milliseconds	0 minor_page_faults/s	0 major_page_faults/s	114778 yields/s	17 preempts/s
235003 milliseconds	2654 MB/s	41661 short_reads/s	0 short_writes_echo/s	152 cpu_user_milliseconds	1114 cpu_system_milliseconds	0 minor_page_faults/s	0 major_page_faults/s	117788 yields/s	72 preempts/s
236003 milliseconds	2642 MB/s	41356 short_reads/s	0 short_writes_echo/s	128 cpu_user_milliseconds	1123 cpu_system_milliseconds	0 minor_page_faults/s	0 major_page_faults/s	116686 yields/s	106 preempts/s
237003 milliseconds	2684 MB/s	42071 short_reads/s	0 short_writes_echo/s	161 cpu_user_milliseconds	1119 cpu_system_milliseconds	0 minor_page_faults/s	0 major_page_faults/s	117661 yields/s	22 preempts/s
238003 milliseconds	2710 MB/s	43558 short_reads/s	0 short_writes_echo/s	140 cpu_user_milliseconds	1129 cpu_system_milliseconds	0 minor_page_faults/s	0 major_page_faults/s	116406 yields/s	35 preempts/s
239003 milliseconds	2744 MB/s	44120 short_reads/s	0 short_writes_echo/s	137 cpu_user_milliseconds	1107 cpu_system_milliseconds	0 minor_page_faults/s	0 major_page_faults/s	114855 yields/s	31 preempts/s
240003 milliseconds	2728 MB/s	45240 short_reads/s	0 short_writes_echo/s	147 cpu_user_milliseconds	1101 cpu_system_milliseconds	0 minor_page_faults/s	0 major_page_faults/s	116364 yields/s	59 preempts/s
