1000 milliseconds	2023 MB/s	32096 short_reads/s	0 short_writes_echo/s	114 cpu_user_milliseconds	1031 cpu_system_milliseconds	172 minor_page_faults/s	0 major_page_faults/s	88659 yields/s	184 preempts/s
2000 milliseconds	1904 MB/s	29102 short_reads/s	0 short_writes_echo/s	104 cpu_user_milliseconds	1069 cpu_system_milliseconds	3 minor_page_faults/s	0 major_page_faults/s	83306 yields/s	288 preempts/s
3000 milliseconds	2228 MB/s	39339 short_reads/s	0 short_writes_echo/s	112 cpu_user_milliseconds	907 cpu_system_milliseconds	0 minor_page_faults/s	0 major_page_faults/s	100124 yields/s	48 preempts/s
4000 milliseconds	2042 MB/s	32205 short_reads/s	0 short_writes_echo/s	123 cpu_user_milliseconds	1075 cpu_system_milliseconds	0 minor_page_faults/s	0 major_page_faults/s	91340 yields/s	30 preempts/s
5000 milliseconds	2044 MB/s	31194 short_reads/s	0 short_writes_echo/s	99 cpu_user_milliseconds	1140 cpu_system_milliseconds	0 minor_page_faults/s	0 major_page_faults/s	90280 yields/s	43 preempts/s
6000 milliseconds	2020 MB/s	31848 short_reads/s	0 short_writes_echo/s	124 cpu_user_milliseconds	1059 cpu_system_milliseconds	0 minor_page_faults/s	0 major_page_faults/s	88540 yields/s	398 preempts/s
7000 milliseconds	2061 MB/s	32437 short_reads/s	0 short_writes_echo/s	94 cpu_user_milliseconds	1105 cpu_system_milliseconds	0 minor_page_faults/s	0 major_page_faults/s	91617 yields/s	33 preempts/s
8000 milliseconds	2140 MB/s	35198 short_reads/s	0 short_writes_echo/s	102 cpu_user_milliseconds	1033 cpu_system_milliseconds	0 minor_page_faults/s	0 major_page_faults/s	93686 yields/s	382 preempts/s
9000 milliseconds	2087 MB/s	34360 short_reads/s	0 short_writes_echo/s	108 cpu_user_milliseconds	1031 cpu_system_milliseconds	0 minor_page_faults/s	0 major_page_faults/s	93192 yields/s	63 preempts/s
10000 milliseconds	2100 MB/s	33656 short_reads/s	0 short_writes_echo/s	110 cpu_user_milliseconds	1066 cpu_system_milliseconds	0 minor_page_faults/s	0 major_page_faults/s	92788 yields/s	90 preempts/s
11000 milliseconds	2244 MB/s	36262 short_reads/s	0 short_writes_echo/s	110 cpu_user_milliseconds	1067 cpu_system_milliseconds	0 minor_page_faults/s	0 major_page_faults/s	97464 yields/s	47 preempts/s
12000 milliseconds	2153 MB/s	34247 short_reads/s	0 short_writes_echo/s	99 cpu_user_milliseconds	1102 cpu_system_milliseconds	0 minor_page_faults/s	0 major_page_faults/s	94608 yields/s	26 preempts/s
13000 milliseconds	2148 MB/s	35851 short_reads/s	0 short_writes_echo/s	103 cpu_user_milliseconds	1009 cpu_system_milliseconds	0 minor_page_faults/s	0 major_page_faults/s	94577 yields/s	899 preempts/s
14000 milliseconds	2119 MB/s	33874 short_reads/s	0 short_writes_echo/s	116 cpu_user_milliseconds	1069 cpu_system_milliseconds	0 minor_page_faults/s	0 major_page_faults/s	93299 yields/s	90 preempts/s
15000 milliseconds	2287 MB/s	37165 short_reads/s	0 short_writes_echo/s	139 cpu_user_milliseconds	1030 cpu_system_milliseconds	0 minor_page_faults/s	0 major_page_faults/s	98315 yields/s	279 preempts/s
16000 milliseconds	2184 MB/s	33505 short_reads/s	0 short_writes_echo/s	117 cpu_user_milliseconds	1144 cpu_system_milliseconds	0 minor_page_faults/s	0 major_page_faults/s	94599 yields/s	122 preempts/s
17000 milliseconds	2136 MB/s	34642 short_reads/s	0 short_writes_echo/s	90 cpu_user_milliseconds	1075 cpu_system_milliseconds	0 minor_page_faults/s	0 major_page_faults/s	94642 yields/s	56 preempts/s
18000 milliseconds	2100 MB/s	33265 short_reads/s	0 short_writes_echo/s	93 cpu_user_milliseconds	1095 cpu_system_milliseconds	0 minor_page_faults/s	0 major_page_faults/s	92500 yields/s	84 preempts/s
19000 milliseconds	2019 MB/s	31533 short_reads/s	0 short_writes_echo/s	116 cpu_user_milliseconds	1092 cpu_system_milliseconds	0 minor_page_faults/s	0 major_page_faults/s	90141 yields/s	55 preempts/s
20000 milliseconds	2102 MB/s	33572 short_reads/s	0 short_writes_echo/s	114 cpu_user_milliseconds	1063 cpu_system_milliseconds	0 minor_page_faults/s	0 major_page_faults/s	92600 yields/s	65 preempts/s
21000 milliseconds	2125 MB/s	33468 short_reads/s	0 short_writes_echo/s	98 cpu_user_milliseconds	1120 cpu_system_milliseconds	0 minor_page_faults/s	0 major_page_faults/s	93533 yields/s	26 preempts/s
22000 milliseconds	2090 MB/s	32569 short_reads/s	0 short_writes_echo/s	110 cpu_user_milliseconds	1100 cpu_system_milliseconds	0 minor_page_faults/s	0 major_page_faults/s	92208 yields/s	24 preempts/s
23000 milliseconds	1865 MB/s	29607 short_reads/s	0 short_writes_echo/s	81 cpu_user_milliseconds	985 cpu_system_milliseconds	0 minor_page_faults/s	0 major_page_faults/s	80884 yields/s	448 preempts/s
24000 milliseconds	2147 MB/s	33582 short_reads/s	0 short_writes_echo/s	114 cpu_user_milliseconds	1099 cpu_system_milliseconds	0 minor_page_faults/s	0 major_page_faults/s	93844 yields/s	33 preempts/s
25000 milliseconds	2287 MB/s	38064 short_reads/s	0 short_writes_echo/s	105 cpu_user_milliseconds	1022 cpu_system_milliseconds	0 minor_page_faults/s	0 major_page_faults/s	98787 yields/s	115 preempts/s
26000 milliseconds	2092 MB/s	33798 short_reads/s	0 short_writes_echo/s	123 cpu_user_milliseconds	1039 cpu_system_milliseconds	0 minor_page_faults/s	0 major_page_faults/s	92758 yields/s	162 preempts/s
27000 milliseconds	2157 MB/s	37875 short_reads/s	0 short_writes_echo/s	111 cpu_user_milliseconds	922 cpu_system_milliseconds	0 minor_page_faults/s	0 major_page_faults/s	98096 yields/s	119 preempts/s
28000 milliseconds	2058 MB/s	33197 short_reads/s	0 short_writes_echo/s	113 cpu_user_milliseconds	1045 cpu_system_milliseconds	0 minor_page_faults/s	0 major_page_faults/s	91980 yields/s	120 preempts/s
29000 milliseconds	2295 MB/s	37522 short_reads/s	0 short_writes_echo/s	133 cpu_user_milliseconds	1021 cpu_system_milliseconds	0 minor_page_faults/s	0 major_page_faults/s	99406 yields/s	93 preempts/s
30000 milliseconds	1993 MB/s	30997 short_reads/s	0 short_writes_echo/s	100 cpu_user_milliseconds	1107 cpu_system_milliseconds	0 minor_page_faults/s	0 major_page_faults/s	88845 yields/s	119 preempts/s
31000 milliseconds	2121 MB/s	33265 short_reads/s	0 short_writes_echo/s	121 cpu_user_milliseconds	1092 cpu_system_milliseconds	0 minor_page_faults/s	0 major_page_faults/s	93357 yields/s	23 preempts/s
32000 milliseconds	2211 MB/s	35256 short_reads/s	0 short_writes_echo/s	120 cpu_user_milliseconds	1073 cpu_system_milliseconds	0 minor_page_faults/s	0 major_page_faults/s	96547 yields/s	29 preempts/s
33000 milliseconds	2093 MB/s	34511 short_reads/s	0 short_writes_echo/s	127 cpu_user_milliseconds	1006 cpu_system_milliseconds	0 minor_page_faults/s	0 major_page_faults/s	93968 yields/s	45 preempts/s
34000 milliseconds	2144 MB/s	33190 short_reads/s	0 short_writes_echo/s	119 cpu_user_milliseconds	1109 cpu_system_milliseconds	0 minor_page_faults/s	0 major_page_faults/s	93210 yields/s	30 preempts/s
35000 milliseconds	2177 MB/s	34321 short_reads/s	0 short_writes_echo/s	110 cpu_user_milliseconds	1102 cpu_system_milliseconds	0 minor_page_faults/s	0 major_page_faults/s	94999 yields/s	109 preempts/s
36000 milliseconds	2101 MB/s	35248 short_reads/s	0 short_writes_echo/s	102 cpu_user_milliseconds	999 cpu_system_milliseconds	0 minor_page_faults/s	0 major_page_faults/s	94895 yields/s	44 preempts/s
37000 milliseconds	2012 MB/s	32094 short_reads/s	0 short_writes_echo/s	112 cpu_user_milliseconds	1074 cpu_system_milliseconds	0 minor_page_faults/s	0 major_page_faults/s	90433 yields/s	44 preempts/s
38000 milliseconds	2104 MB/s	33500 short_reads/s	0 short_writes_echo/s	123 cpu_user_milliseconds	1060 cpu_system_milliseconds	0 minor_page_faults/s	0 major_page_faults/s	92789 yields/s	58 preempts/s
39000 milliseconds	2103 MB/s	34939 short_reads/s	0 short_writes_echo/s	110 cpu_user_milliseconds	1012 cpu_system_milliseconds	0 minor_page_faults/s	0 major_page_faults/s	94228 yields/s	65 preempts/s
40000 milliseconds	2081 MB/s	32411 short_reads/s	0 short_writes_echo/s	98 cpu_user_milliseconds	1120 cpu_system_milliseconds	0 minor_page_faults/s	0 major_page_faults/s	91786 yields/s	120 preempts/s
41000 milliseconds	2047 MB/s	31546 short_reads/s	0 short_writes_echo/s	103 cpu_user_milliseconds	1125 cpu_system_milliseconds	0 minor_page_faults/s	0 major_page_faults/s	90223 yields/s	46 preempts/s
42000 milliseconds	2189 MB/s	34890 short_reads/s	0 short_writes_echo/s	120 cpu_user_milliseconds	1071 cpu_system_milliseconds	0 minor_page_faults/s	0 major_page_faults/s	95191 yields/s	32 preempts/s
43000 milliseconds	2226 MB/s	34352 short_reads/s	0 short_writes_echo/s	124 cpu_user_milliseconds	1124 cpu_system_milliseconds	0 minor_page_faults/s	0 major_page_faults/s	95336 yields/s	283 preempts/s
44000 milliseconds	2271 MB/s	34919 short_reads/s	0 short_writes_echo/s	126 cpu_user_milliseconds	1138 cpu_system_milliseconds	0 minor_page_faults/s	0 major_page_faults/s	97103 yields/s	63 preempts/s
45000 milliseconds	2206 MB/s	34177 short_reads/s	0 short_writes_echo/s	121 cpu_user_milliseconds	1116 cpu_system_milliseconds	0 minor_page_faults/s	0 major_page_faults/s	93779 yields/s	1168 preempts/s
46000 milliseconds	2217 MB/s	34568 short_reads/s	0 short_writes_echo/s	124 cpu_user_milliseconds	1101 cpu_system_milliseconds	0 minor_page_faults/s	0 major_page_faults/s	95920 yields/s	53 preempts/s
47000 milliseconds	2263 MB/s	35749 short_reads/s	0 short_writes_echo/s	106 cpu_user_milliseconds	1112 cpu_system_milliseconds	0 minor_page_faults/s	0 major_page_faults/s	97764 yields/s	22 preempts/s
48000 milliseconds	2189 MB/s	35097 short_reads/s	0 short_writes_echo/s	120 cpu_user_milliseconds	1060 cpu_system_milliseconds	0 minor_page_faults/s	0 major_page_faults/s	95105 yields/s	63 preempts/s
49000 milliseconds	2026 MB/s	32330 short_reads/s	0 short_writes_echo/s	97 cpu_user_milliseconds	1073 cpu_system_milliseconds	0 minor_page_faults/s	0 major_page_faults/s	91394 yields/s	9 preempts/s
50000 milliseconds	1954 MB/s	31119 short_reads/s	0 short_writes_echo/s	114 cpu_user_milliseconds	1061 cpu_system_milliseconds	0 minor_page_faults/s	0 major_page_faults/s	88353 yields/s	80 preempts/s
51000 milliseconds	2007 MB/s	31723 short_reads/s	0 short_writes_echo/s	92 cpu_user_milliseconds	1106 cpu_system_milliseconds	0 minor_page_faults/s	0 major_page_faults/s	89465 yields/s	618 preempts/s
52000 milliseconds	2199 MB/s	36425 short_reads/s	0 short_writes_echo/s	121 cpu_user_milliseconds	1016 cpu_system_milliseconds	0 minor_page_faults/s	0 major_page_faults/s	96658 yields/s	39 preempts/s
53000 milliseconds	2082 MB/s	32872 short_reads/s	0 short_writes_echo/s	108 cpu_user_milliseconds	1088 cpu_system_milliseconds	0 minor_page_faults/s	0 major_page_faults/s	92000 yields/s	105 preempts/s
54000 milliseconds	2219 MB/s	34777 short_reads/s	0 short_writes_echo/s	139 cpu_user_milliseconds	1079 cpu_system_milliseconds	0 minor_page_faults/s	0 major_page_faults/s	95714 yields/s	79 preempts/s
55000 milliseconds	2143 MB/s	33699 short_reads/s	0 short_writes_echo/s	112 cpu_user_milliseconds	1096 cpu_system_milliseconds	0 minor_page_faults/s	0 major_page_faults/s	93157 yields/s	275 preempts/s
56000 milliseconds	2274 MB/s	36363 short_reads/s	0 short_writes_echo/s	119 cpu_user_milliseconds	1080 cpu_system_milliseconds	0 minor_page_faults/s	0 major_page_faults/s	98345 yields/s	36 preempts/s
57000 milliseconds	2147 MB/s	34377 short_reads/s	0 short_writes_echo/s	113 cpu_user_milliseconds	1073 cpu_system_milliseconds	0 minor_page_faults/s	0 major_page_faults/s	94584 yields/s	34 preempts/s
58000 milliseconds	2014 MB/s	32262 short_reads/s	0 short_writes_echo/s	96 cpu_user_milliseconds	1076 cpu_system_milliseconds	0 minor_page_faults/s	0 major_page_faults/s	90499 yields/s	257 preempts/s
59000 milliseconds	2133 MB/s	33839 short_reads/s	0 short_writes_echo/s	118 cpu_user_milliseconds	1074 cpu_system_milliseconds	0 minor_page_faults/s	0 major_page_faults/s	93719 yields/s	40 preempts/s
60000 milliseconds	2138 MB/s	33405 short_reads/s	0 short_writes_echo/s	113 cpu_user_milliseconds	1106 cpu_system_milliseconds	0 minor_page_faults/s	0 major_page_faults/s	92860 yields/s	197 preempts/s
61000 milliseconds	2080 MB/s	33440 short_reads/s	0 short_writes_echo/s	112 cpu_user_milliseconds	1065 cpu_system_milliseconds	0 minor_page_faults/s	0 major_page_faults/s	91989 yields/s	36 preempts/s
62000 milliseconds	2199 MB/s	35536 short_reads/s	0 short_writes_echo/s	109 cpu_user_milliseconds	1064 cpu_system_milliseconds	0 minor_page_faults/s	0 major_page_faults/s	96264 yields/s	27 preempts/s
63001 milliseconds	2158 MB/s	34134 short_reads/s	0 short_writes_echo/s	102 cpu_user_milliseconds	1099 cpu_system_milliseconds	0 minor_page_faults/s	0 major_page_faults/s	94262 yields/s	117 preempts/s
64001 milliseconds	1999 MB/s	30592 short_reads/s	0 short_writes_echo/s	93 cpu_user_milliseconds	1138 cpu_system_milliseconds	0 minor_page_faults/s	0 major_page_faults/s	89121 yields/s	19 preempts/s
65001 milliseconds	2102 MB/s	34058 short_reads/s	0 short_writes_echo/s	108 cpu_user_milliseconds	1050 cpu_system_milliseconds	0 minor_page_faults/s	0 major_page_faults/s	93356 yields/s	145 preempts/s
66001 milliseconds	1952 MB/s	30304 short_reads/s	0 short_writes_echo/s	104 cpu_user_milliseconds	1026 cpu_system_milliseconds	0 minor_page_faults/s	0 major_page_faults/s	82824 yields/s	1573 preempts/s
67001 milliseconds	2127 MB/s	33664 short_reads/s	0 short_writes_echo/s	124 cpu_user_milliseconds	1080 cpu_system_milliseconds	0 minor_page_faults/s	0 major_page_faults/s	93463 yields/s	25 preempts/s
68001 milliseconds	2040 MB/s	31852 short_reads/s	0 short_writes_echo/s	98 cpu_user_milliseconds	1102 cpu_system_milliseconds	0 minor_page_faults/s	0 major_page_faults/s	89847 yields/s	151 preempts/s
69001 milliseconds	2148 MB/s	35593 short_reads/s	0 short_writes_echo/s	103 cpu_user_milliseconds	1027 cpu_system_milliseconds	0 minor_page_faults/s	0 major_page_faults/s	95471 yields/s	11 preempts/s
70001 milliseconds	2147 MB/s	34691 short_reads/s	0 short_writes_echo/s	94 cpu_user_milliseconds	1080 cpu_system_milliseconds	0 minor_page_faults/s	0 major_page_faults/s	94378 yields/s	93 preempts/s
71001 milliseconds	2206 MB/s	34087 short_reads/s	0 short_writes_echo/s	106 cpu_user_milliseconds	1144 cpu_system_milliseconds	0 minor_page_faults/s	0 major_page_faults/s	94865 yields/s	25 preempts/s
72001 milliseconds	2157 MB/s	34792 short_reads/s	0 short_writes_echo/s	114 cpu_user_milliseconds	1062 cpu_system_milliseconds	0 minor_page_faults/s	0 major_page_faults/s	94237 yields/s	53 preempts/s
73001 milliseconds	2183 MB/s	37103 short_reads/s	0 short_writes_echo/s	108 cpu_user_milliseconds	1035 cpu_system_milliseconds	0 minor_page_faults/s	0 major_page_faults/s	95736 yields/s	495 preempts/s
74001 milliseconds	2240 MB/s	34989 short_reads/s	0 short_writes_echo/s	113 cpu_user_milliseconds	1128 cpu_system_milliseconds	0 minor_page_faults/s	0 major_page_faults/s	96404 yields/s	27 preempts/s
75001 milliseconds	2145 MB/s	33216 short_reads/s	0 short_writes_echo/s	92 cpu_user_milliseconds	1146 cpu_system_milliseconds	0 minor_page_faults/s	0 major_page_faults/s	93297 yields/s	140 preempts/s
76001 milliseconds	2311 MB/s	37172 short_reads/s	0 short_writes_echo/s	110 cpu_user_milliseconds	1114 cpu_system_milliseconds	0 minor_page_faults/s	0 major_page_faults/s	97934 yields/s	412 preempts/s
77001 milliseconds	2239 MB/s	37159 short_reads/s	0 short_writes_echo/s	113 cpu_user_milliseconds	1075 cpu_system_milliseconds	0 minor_page_faults/s	0 major_page_faults/s	96878 yields/s	51 preempts/s
78001 milliseconds	2135 MB/s	34280 short_reads/s	0 short_writes_echo/s	103 cpu_user_milliseconds	1102 cpu_system_milliseconds	0 minor_page_faults/s	0 major_page_faults/s	92722 yields/s	61 preempts/s
79001 milliseconds	2172 MB/s	33949 short_reads/s	0 short_writes_echo/s	111 cpu_user_milliseconds	1130 cpu_system_milliseconds	0 minor_page_faults/s	0 major_page_faults/s	94341 yields/s	54 preempts/s
80001 milliseconds	2247 MB/s	38604 short_reads/s	0 short_writes_echo/s	97 cpu_user_milliseconds	1043 cpu_system_milliseconds	0 minor_page_faults/s	0 major_page_faults/s	96178 yields/s	799 preempts/s
81001 milliseconds	2205 MB/s	33746 short_reads/s	0 short_writes_echo/s	100 cpu_user_milliseconds	1164 cpu_system_milliseconds	0 minor_page_faults/s	0 major_page_faults/s	95214 yields/s	47 preempts/s
82001 milliseconds	2353 MB/s	38388 short_reads/s	0 short_writes_echo/s	118 cpu_user_milliseconds	1088 cpu_system_milliseconds	0 minor_page_faults/s	0 major_page_faults/s	99695 yields/s	153 preempts/s
83001 milliseconds	2160 MB/s	34373 short_reads/s	0 short_writes_echo/s	131 cpu_user_milliseconds	1088 cpu_system_milliseconds	0 minor_page_faults/s	0 major_page_faults/s	93573 yields/s	91 preempts/s
84001 milliseconds	2226 MB/s	35069 short_reads/s	0 short_writes_echo/s	126 cpu_user_milliseconds	1109 cpu_system_milliseconds	0 minor_page_faults/s	0 major_page_faults/s	95946 yields/s	27 preempts/s
85001 milliseconds	2338 MB/s	39718 short_reads/s	0 short_writes_echo/s	125 cpu_user_milliseconds	1040 cpu_system_milliseconds	0 minor_page_faults/s	0 major_page_faults/s	100047 yields/s	104 preempts/s
86001 milliseconds	2099 MB/s	33469 short_reads/s	0 short_writes_echo/s	117 cpu_user_milliseconds	1099 cpu_system_milliseconds	0 minor_page_faults/s	0 major_page_faults/s	91992 yields/s	110 preempts/s
87001 milliseconds	2186 MB/s	34970 short_reads/s	0 short_writes_echo/s	122 cpu_user_milliseconds	1099 cpu_system_milliseconds	0 minor_page_faults/s	0 major_page_faults/s	94586 yields/s	25 preempts/s
88001 milliseconds	2022 MB/s	31781 short_reads/s	0 short_writes_echo/s	106 cpu_user_milliseconds	1096 cpu_system_milliseconds	0 minor_page_faults/s	0 major_page_faults/s	89839 yields/s	95 preempts/s
89001 milliseconds	2090 MB/s	32475 short_reads/s	0 short_writes_echo/s	124 cpu_user_milliseconds	1122 cpu_system_milliseconds	0 minor_page_faults/s	0 major_page_faults/s	91828 yields/s	42 preempts/s
90001 milliseconds	2149 MB/s	34129 short_reads/s	0 short_writes_echo/s	112 cpu_user_milliseconds	1091 cpu_system_milliseconds	0 minor_page_faults/s	0 major_page_faults/s	93607 yields/s	48 preempts/s
91001 milliseconds	2247 MB/s	35717 short_reads/s	0 short_writes_echo/s	144 cpu_user_milliseconds	1085 cpu_system_milliseconds	0 minor_page_faults/s	0 major_page_faults/s	96617 yields/s	52 preempts/s
92001 milliseconds	2188 MB/s	35261 short_reads/s	0 short_writes_echo/s	107 cpu_user_milliseconds	1113 cpu_system_milliseconds	0 minor_page_faults/s	0 major_page_faults/s	95145 yields/s	27 preempts/s
93001 milliseconds	2086 MB/s	32753 short_reads/s	0 short_writes_echo/s	122 cpu_user_milliseconds	1100 cpu_system_milliseconds	0 minor_page_faults/s	0 major_page_faults/s	91846 yields/s	31 preempts/s
94001 milliseconds	2148 MB/s	34746 short_reads/s	0 short_writes_echo/s	122 cpu_user_milliseconds	1083 cpu_system_milliseconds	0 minor_page_faults/s	0 major_page_faults/s	93309 yields/s	22 preempts/s
95001 milliseconds	2229 MB/s	35900 short_reads/s	0 short_writes_echo/s	117 cpu_user_milliseconds	1103 cpu_system_milliseconds	0 minor_page_faults/s	0 major_page_faults/s	95870 yields/s	116 preempts/s
96001 milliseconds	2352 MB/s	36767 short_reads/s	0 short_writes_echo/s	113 cpu_user_milliseconds	1150 cpu_system_milliseconds	0 minor_page_faults/s	0 major_page_faults/s	99745 yields/s	30 preempts/s
97001 milliseconds	2114 MB/s	33406 short_reads/s	0 short_writes_echo/s	108 cpu_user_milliseconds	1109 cpu_system_milliseconds	0 minor_page_faults/s	0 major_page_faults/s	92404 yields/s	23 preempts/s
98001 milliseconds	2158 MB/s	34059 short_reads/s	0 short_writes_echo/s	118 cpu_user_milliseconds	1101 cpu_system_milliseconds	0 minor_page_faults/s	0 major_page_faults/s	93949 yields/s	54 preempts/s
99001 milliseconds	2198 MB/s	36238 short_reads/s	0 short_writes_echo/s	115 cpu_user_milliseconds	1072 cpu_system_milliseconds	0 minor_page_faults/s	0 major_page_faults/s	95955 yields/s	23 preempts/s
100001 milliseconds	2248 MB/s	36412 short_reads/s	0 short_writes_echo/s	96 cpu_user_milliseconds	1104 cpu_system_milliseconds	0 minor_page_faults/s	0 major_page_faults/s	95033 yields/s	1299 preempts/s
101001 milliseconds	2221 MB/s	34315 short_reads/s	0 short_writes_echo/s	102 cpu_user_milliseconds	1163 cpu_system_milliseconds	0 minor_page_faults/s	0 major_page_faults/s	95605 yields/s	92 preempts/s
102001 milliseconds	2238 MB/s	35452 short_reads/s	0 short_writes_echo/s	100 cpu_user_milliseconds	1129 cpu_system_milliseconds	0 minor_page_faults/s	0 major_page_faults/s	96644 yields/s	89 preempts/s
103001 milliseconds	1913 MB/s	29198 short_reads/s	0 short_writes_echo/s	102 cpu_user_milliseconds	1123 cpu_system_milliseconds	0 minor_page_faults/s	0 major_page_faults/s	86485 yields/s	48 preempts/s
104001 milliseconds	2181 MB/s	34972 short_reads/s	0 short_writes_echo/s	102 cpu_user_milliseconds	1111 cpu_system_milliseconds	0 minor_page_faults/s	0 major_page_faults/s	94581 yields/s	82 preempts/s
105001 milliseconds	2108 MB/s	33177 short_reads/s	0 short_writes_echo/s	96 cpu_user_milliseconds	1115 cpu_system_milliseconds	0 minor_page_faults/s	0 major_page_faults/s	91860 yields/s	129 preempts/s
106001 milliseconds	2139 MB/s	34217 short_reads/s	0 short_writes_echo/s	109 cpu_user_milliseconds	1095 cpu_system_milliseconds	0 minor_page_faults/s	0 major_page_faults/s	93508 yields/s	25 preempts/s
107001 milliseconds	2128 MB/s	32559 short_reads/s	0 short_writes_echo/s	127 cpu_user_milliseconds	1129 cpu_system_milliseconds	0 minor_page_faults/s	0 major_page_faults/s	93074 yields/s	117 preempts/s
108001 milliseconds	2187 MB/s	34671 short_reads/s	0 short_writes_echo/s	130 cpu_user_milliseconds	1086 cpu_system_milliseconds	0 minor_page_faults/s	0 major_page_faults/s	94482 yields/s	25 preempts/s
109001 milliseconds	2227 MB/s	36927 short_reads/s	0 short_writes_echo/s	115 cpu_user_milliseconds	1067 cpu_system_milliseconds	0 minor_page_faults/s	0 major_page_faults/s	96108 yields/s	113 preempts/s
110001 milliseconds	2097 MB/s	34208 short_reads/s	0 short_writes_echo/s	114 cpu_user_milliseconds	1071 cpu_system_milliseconds	0 minor_page_faults/s	0 major_page_faults/s	92276 yields/s	99 preempts/s
111001 milliseconds	2222 MB/s	38534 short_reads/s	0 short_writes_echo/s	103 cpu_user_milliseconds	1032 cpu_system_milliseconds	0 minor_page_faults/s	0 major_page_faults/s	97879 yields/s	50 preempts/s
112001 milliseconds	2153 MB/s	34985 short_reads/s	0 short_writes_echo/s	103 cpu_user_milliseconds	1107 cpu_system_milliseconds	0 minor_page_faults/s	0 major_page_faults/s	94640 yields/s	68 preempts/s
113001 milliseconds	1929 MB/s	31052 short_reads/s	0 short_writes_echo/s	104 cpu_user_milliseconds	1010 cpu_system_milliseconds	0 minor_page_faults/s	0 major_page_faults/s	83259 yields/s	1868 preempts/s
114001 milliseconds	2289 MB/s	36649 short_reads/s	0 short_writes_echo/s	125 cpu_user_milliseconds	1097 cpu_system_milliseconds	0 minor_page_faults/s	0 major_page_faults/s	97485 yields/s	162 preempts/s
115001 milliseconds	2321 MB/s	38812 short_reads/s	0 short_writes_echo/s	111 cpu_user_milliseconds	1077 cpu_system_milliseconds	0 minor_page_faults/s	0 major_page_faults/s	99596 yields/s	167 preempts/s
116001 milliseconds	2120 MB/s	32805 short_reads/s	0 short_writes_echo/s	101 cpu_user_milliseconds	1138 cpu_system_milliseconds	0 minor_page_faults/s	0 major_page_faults/s	92842 yields/s	23 preempts/s
117001 milliseconds	2198 MB/s	35530 short_reads/s	0 short_writes_echo/s	113 cpu_user_milliseconds	1084 cpu_system_milliseconds	0 minor_page_faults/s	0 major_page_faults/s	93968 yields/s	379 preempts/s
118001 milliseconds	2102 MB/s	32537 short_reads/s	0 short_writes_echo/s	98 cpu_user_milliseconds	1136 cpu_system_milliseconds	0 minor_page_faults/s	0 major_page_faults/s	91784 yields/s	58 preempts/s
119001 milliseconds	1987 MB/s	30950 short_reads/s	0 short_writes_echo/s	105 cpu_user_milliseconds	1119 cpu_system_milliseconds	0 minor_page_faults/s	0 major_page_faults/s	88882 yields/s	48 preempts/s
120002 milliseconds	2208 MB/s	36252 short_reads/s	0 short_writes_echo/s	121 cpu_user_milliseconds	1075 cpu_system_milliseconds	0 minor_page_faults/s	0 major_page_faults/s	95657 yields/s	224 preempts/s
121002 milliseconds	2274 MB/s	34806 short_reads/s	0 short_writes_echo/s	110 cpu_user_milliseconds	1164 cpu_system_milliseconds	0 minor_page_faults/s	0 major_page_faults/s	97277 yields/s	19 preempts/s
122002 milliseconds	2019 MB/s	31534 short_reads/s	0 short_writes_echo/s	107 cpu_user_milliseconds	1089 cpu_system_milliseconds	0 minor_page_faults/s	0 major_page_faults/s	87999 yields/s	284 preempts/s
123002 milliseconds	2197 MB/s	36046 short_reads/s	0 short_writes_echo/s	110 cpu_user_milliseconds	1081 cpu_system_milliseconds	0 minor_page_faults/s	0 major_page_faults/s	95058 yields/s	37 preempts/s
124002 milliseconds	2120 MB/s	33320 short_reads/s	0 short_writes_echo/s	104 cpu_user_milliseconds	1129 cpu_system_milliseconds	0 minor_page_faults/s	0 major_page_faults/s	92523 yields/s	162 preempts/s
125002 milliseconds	2062 MB/s	32375 short_reads/s	0 short_writes_echo/s	111 cpu_user_milliseconds	1105 cpu_system_milliseconds	0 minor_page_faults/s	0 major_page_faults/s	89909 yields/s	574 preempts/s
126002 milliseconds	2189 MB/s	36649 short_reads/s	0 short_writes_echo/s	137 cpu_user_milliseconds	1038 cpu_system_milliseconds	0 minor_page_faults/s	0 major_page_faults/s	95879 yields/s	22 preempts/s
127002 milliseconds	2113 MB/s	32734 short_reads/s	0 short_writes_echo/s	128 cpu_user_milliseconds	1086 cpu_system_milliseconds	0 minor_page_faults/s	0 major_page_faults/s	91066 yields/s	452 preempts/s
128002 milliseconds	2034 MB/s	31422 short_reads/s	0 short_writes_echo/s	106 cpu_user_milliseconds	1124 cpu_system_milliseconds	0 minor_page_faults/s	0 major_page_faults/s	89795 yields/s	72 preempts/s
129002 milliseconds	2172 MB/s	34990 short_reads/s	0 short_writes_echo/s	125 cpu_user_milliseconds	1091 cpu_system_milliseconds	0 minor_page_faults/s	0 major_page_faults/s	94545 yields/s	48 preempts/s
130002 milliseconds	2135 MB/s	33960 short_reads/s	0 short_writes_echo/s	119 cpu_user_milliseconds	1091 cpu_system_milliseconds	0 minor_page_faults/s	0 major_page_faults/s	92327 yields/s	477 preempts/s
131002 milliseconds	2280 MB/s	37002 short_reads/s	0 short_writes_echo/s	110 cpu_user_milliseconds	1106 cpu_system_milliseconds	0 minor_page_faults/s	0 major_page_faults/s	97909 yields/s	39 preempts/s
132002 milliseconds	2051 MB/s	32216 short_reads/s	0 short_writes_echo/s	106 cpu_user_milliseconds	1112 cpu_system_milliseconds	0 minor_page_faults/s	0 major_page_faults/s	90804 yields/s	54 preempts/s
133002 milliseconds	2150 MB/s	34859 short_reads/s	0 short_writes_echo/s	103 cpu_user_milliseconds	1064 cpu_system_milliseconds	0 minor_page_faults/s	0 major_page_faults/s	93320 yields/s	55 preempts/s
134002 milliseconds	2207 MB/s	35147 short_reads/s	0 short_writes_echo/s	104 cpu_user_milliseconds	1119 cpu_system_milliseconds	0 minor_page_faults/s	0 major_page_faults/s	95401 yields/s	18 preempts/s
135002 milliseconds	2125 MB/s	34229 short_reads/s	0 short_writes_echo/s	109 cpu_user_milliseconds	1075 cpu_system_milliseconds	0 minor_page_faults/s	0 major_page_faults/s	91816 yields/s	389 preempts/s
136002 milliseconds	2228 MB/s	35633 short_reads/s	0 short_writes_echo/s	122 cpu_user_milliseconds	1105 cpu_system_milliseconds	0 minor_page_faults/s	0 major_page_faults/s	96035 yields/s	15 preempts/s
137002 milliseconds	2094 MB/s	32611 short_reads/s	0 short_writes_echo/s	91 cpu_user_milliseconds	1117 cpu_system_milliseconds	0 minor_page_faults/s	0 major_page_faults/s	90614 yields/s	120 preempts/s
138002 milliseconds	2146 MB/s	34367 short_reads/s	0 short_writes_echo/s	104 cpu_user_milliseconds	1108 cpu_system_milliseconds	0 minor_page_faults/s	0 major_page_faults/s	93230 yields/s	15 preempts/s
139002 milliseconds	2182 MB/s	34945 short_reads/s	0 short_writes_echo/s	127 cpu_user_milliseconds	1074 cpu_system_milliseconds	0 minor_page_faults/s	0 major_page_faults/s	94383 yields/s	214 preempts/s
140002 milliseconds	2013 MB/s	33284 short_reads/s	0 short_writes_echo/s	88 cpu_user_milliseconds	1017 cpu_system_milliseconds	0 minor_page_faults/s	0 major_page_faults/s	86292 yields/s	1643 preempts/s
141002 milliseconds	2310 MB/s	40248 short_reads/s	0 short_writes_echo/s	115 cpu_user_milliseconds	1023 cpu_system_milliseconds	0 minor_page_faults/s	0 major_page_faults/s	99218 yields/s	175 preempts/s
142002 milliseconds	2110 MB/s	35229 short_reads/s	0 short_writes_echo/s	113 cpu_user_milliseconds	1037 cpu_system_milliseconds	0 minor_page_faults/s	0 major_page_faults/s	91718 yields/s	211 preempts/s
143002 milliseconds	2142 MB/s	34747 short_reads/s	0 short_writes_echo/s	117 cpu_user_milliseconds	1077 cpu_system_milliseconds	0 minor_page_faults/s	0 major_page_faults/s	93835 yields/s	69 preempts/s
144002 milliseconds	2176 MB/s	33599 short_reads/s	0 short_writes_echo/s	133 cpu_user_milliseconds	1113 cpu_system_milliseconds	0 minor_page_faults/s	0 major_page_faults/s	94294 yields/s	36 preempts/s
145002 milliseconds	2034 MB/s	31905 short_reads/s	0 short_writes_echo/s	105 cpu_user_milliseconds	1114 cpu_system_milliseconds	0 minor_page_faults/s	0 major_page_faults/s	90157 yields/s	27 preempts/s
146002 milliseconds	1996 MB/s	30665 short_reads/s	0 short_writes_echo/s	113 cpu_user_milliseconds	1122 cpu_system_milliseconds	0 minor_page_faults/s	0 major_page_faults/s	88842 yields/s	23 preempts/s
147002 milliseconds	2179 MB/s	35838 short_reads/s	0 short_writes_echo/s	108 cpu_user_milliseconds	1084 cpu_system_milliseconds	0 minor_page_faults/s	0 major_page_faults/s	95463 yields/s	30 preempts/s
148002 milliseconds	2119 MB/s	34311 short_reads/s	0 short_writes_echo/s	107 cpu_user_milliseconds	1078 cpu_system_milliseconds	0 minor_page_faults/s	0 major_page_faults/s	92962 yields/s	35 preempts/s
149002 milliseconds	2022 MB/s	31286 short_reads/s	0 short_writes_echo/s	110 cpu_user_milliseconds	1126 cpu_system_milliseconds	0 minor_page_faults/s	0 major_page_faults/s	89332 yields/s	29 preempts/s
150002 milliseconds	2037 MB/s	31482 short_reads/s	0 short_writes_echo/s	111 cpu_user_milliseconds	1122 cpu_system_milliseconds	0 minor_page_faults/s	0 major_page_faults/s	89841 yields/s	75 preempts/s
151002 milliseconds	2165 MB/s	33895 short_reads/s	0 short_writes_echo/s	119 cpu_user_milliseconds	1125 cpu_system_milliseconds	0 minor_page_faults/s	0 major_page_faults/s	94056 yields/s	24 preempts/s
152002 milliseconds	2243 MB/s	36589 short_reads/s	0 short_writes_echo/s	113 cpu_user_milliseconds	1090 cpu_system_milliseconds	0 minor_page_faults/s	0 major_page_faults/s	96547 yields/s	27 preempts/s
153002 milliseconds	2031 MB/s	32236 short_reads/s	0 short_writes_echo/s	99 cpu_user_milliseconds	1107 cpu_system_milliseconds	0 minor_page_faults/s	0 major_page_faults/s	89976 yields/s	96 preempts/s
154002 milliseconds	2014 MB/s	31653 short_reads/s	0 short_writes_echo/s	123 cpu_user_milliseconds	1094 cpu_system_milliseconds	0 minor_page_faults/s	0 major_page_faults/s	89231 yields/s	215 preempts/s
155002 milliseconds	2111 MB/s	35017 short_reads/s	0 short_writes_echo/s	111 cpu_user_milliseconds	1064 cpu_system_milliseconds	0 minor_page_faults/s	0 major_page_faults/s	92810 yields/s	110 preempts/s
156002 milliseconds	2117 MB/s	34968 short_reads/s	0 short_writes_echo/s	136 cpu_user_milliseconds	1053 cpu_system_milliseconds	0 minor_page_faults/s	0 major_page_faults/s	93514 yields/s	40 preempts/s
157002 milliseconds	2182 MB/s	34875 short_reads/s	0 short_writes_echo/s	104 cpu_user_milliseconds	1115 cpu_system_milliseconds	0 minor_page_faults/s	0 major_page_faults/s	94595 yields/s	20 preempts/s
158002 milliseconds	2148 MB/s	35259 short_reads/s	0 short_writes_echo/s	108 cpu_user_milliseconds	1070 cpu_system_milliseconds	0 minor_page_faults/s	0 major_page_faults/s	93748 yields/s	60 preempts/s
159002 milliseconds	2199 MB/s	36678 short_reads/s	0 short_writes_echo/s	97 cpu_user_milliseconds	1076 cpu_system_milliseconds	0 minor_page_faults/s	0 major_page_faults/s	95968 yields/s	20 preempts/s
160002 milliseconds	2079 MB/s	32985 short_reads/s	0 short_writes_echo/s	102 cpu_user_milliseconds	1109 cpu_system_milliseconds	0 minor_page_faults/s	0 major_page_faults/s	90903 yields/s	96 preempts/s
161002 milliseconds	2117 MB/s	34036 short_reads/s	0 short_writes_echo/s	110 cpu_user_milliseconds	1105 cpu_system_milliseconds	0 minor_page_faults/s	0 major_page_faults/s	92868 yields/s	8 preempts/s
162002 milliseconds	1997 MB/s	30608 short_reads/s	0 short_writes_echo/s	108 cpu_user_milliseconds	1123 cpu_system_milliseconds	0 minor_page_faults/s	0 major_page_faults/s	88767 yields/s	62 preempts/s
163002 milliseconds	2024 MB/s	30889 short_reads/s	0 short_writes_echo/s	104 cpu_user_milliseconds	1139 cpu_system_milliseconds	0 minor_page_faults/s	0 major_page_faults/s	89697 yields/s	37 preempts/s
164002 milliseconds	2224 MB/s	35868 short_reads/s	0 short_writes_echo/s	125 cpu_user_milliseconds	1080 cpu_system_milliseconds	0 minor_page_faults/s	0 major_page_faults/s	95434 yields/s	190 preempts/s
165002 milliseconds	2253 MB/s	38962 short_reads/s	0 short_writes_echo/s	122 cpu_user_milliseconds	1016 cpu_system_milliseconds	0 minor_page_faults/s	0 major_page_faults/s	97477 yields/s	171 preempts/s
166002 milliseconds	2171 MB/s	35179 short_reads/s	0 short_writes_echo/s	113 cpu_user_milliseconds	1092 cpu_system_milliseconds	0 minor_page_faults/s	0 major_page_faults/s	94356 yields/s	75 preempts/s
167002 milliseconds	2154 MB/s	34827 short_reads/s	0 short_writes_echo/s	120 cpu_user_milliseconds	1086 cpu_system_milliseconds	0 minor_page_faults/s	0 major_page_faults/s	94414 yields/s	15 preempts/s
168002 milliseconds	2090 MB/s	33158 short_reads/s	0 short_writes_echo/s	116 cpu_user_milliseconds	1097 cpu_system_milliseconds	0 minor_page_faults/s	0 major_page_faults/s	91700 yields/s	21 preempts/s
169002 milliseconds	2034 MB/s	31386 short_reads/s	0 short_writes_echo/s	91 cpu_user_milliseconds	1125 cpu_system_milliseconds	0 minor_page_faults/s	0 major_page_faults/s	90186 yields/s	87 preempts/s
170002 milliseconds	2008 MB/s	31718 short_reads/s	0 short_writes_echo/s	115 cpu_user_milliseconds	1066 cpu_system_milliseconds	0 minor_page_faults/s	0 major_page_faults/s	87795 yields/s	233 preempts/s
171002 milliseconds	2054 MB/s	32359 short_reads/s	0 short_writes_echo/s	89 cpu_user_milliseconds	1124 cpu_system_milliseconds	0 minor_page_faults/s	0 major_page_faults/s	91069 yields/s	72 preempts/s
172002 milliseconds	2255 MB/s	38363 short_reads/s	0 short_writes_echo/s	159 cpu_user_milliseconds	1004 cpu_system_milliseconds	0 minor_page_faults/s	0 major_page_faults/s	98081 yields/s	25 preempts/s
173002 milliseconds	2164 MB/s	33252 short_reads/s	0 short_writes_echo/s	114 cpu_user_milliseconds	1140 cpu_system_milliseconds	0 minor_page_faults/s	0 major_page_faults/s	93490 yields/s	80 preempts/s
174002 milliseconds	2334 MB/s	37979 short_reads/s	0 short_writes_echo/s	110 cpu_user_milliseconds	1106 cpu_system_milliseconds	0 minor_page_faults/s	0 major_page_faults/s	99464 yields/s	53 preempts/s
175002 milliseconds	2218 MB/s	36106 short_reads/s	0 short_writes_echo/s	116 cpu_user_milliseconds	1087 cpu_system_milliseconds	0 minor_page_faults/s	0 major_page_faults/s	95804 yields/s	98 preempts/s
176002 milliseconds	2101 MB/s	32822 short_reads/s	0 short_writes_echo/s	109 cpu_user_milliseconds	1122 cpu_system_milliseconds	0 minor_page_faults/s	0 major_page_faults/s	91956 yields/s	101 preempts/s
177002 milliseconds	2156 MB/s	34526 short_reads/s	0 short_writes_echo/s	106 cpu_user_milliseconds	1054 cpu_system_milliseconds	0 minor_page_faults/s	0 major_page_faults/s	89975 yields/s	1953 preempts/s
178003 milliseconds	2000 MB/s	31509 short_reads/s	0 short_writes_echo/s	112 cpu_user_milliseconds	1100 cpu_system_milliseconds	0 minor_page_faults/s	0 major_page_faults/s	89165 yields/s	55 preempts/s
179003 milliseconds	2151 MB/s	36008 short_reads/s	0 short_writes_echo/s	91 cpu_user_milliseconds	1070 cpu_system_milliseconds	0 minor_page_faults/s	0 major_page_faults/s	94454 yields/s	100 preempts/s
180003 milliseconds	2132 MB/s	35747 short_reads/s	0 short_writes_echo/s	92 cpu_user_milliseconds	1063 cpu_system_milliseconds	0 minor_page_faults/s	0 major_page_faults/s	94393 yields/s	105 preempts/s
181003 milliseconds	2169 MB/s	36217 short_reads/s	0 short_writes_echo/s	111 cpu_user_milliseconds	1072 cpu_system_milliseconds	0 minor_page_faults/s	0 major_page_faults/s	94571 yields/s	57 preempts/s
182003 milliseconds	2181 MB/s	34738 short_reads/s	0 short_writes_echo/s	120 cpu_user_milliseconds	1101 cpu_system_milliseconds	0 minor_page_faults/s	0 major_page_faults/s	95043 yields/s	12 preempts/s
183003 milliseconds	2157 MB/s	35571 short_reads/s	0 short_writes_echo/s	120 cpu_user_milliseconds	1058 cpu_system_milliseconds	0 minor_page_faults/s	0 major_page_faults/s	94121 yields/s	56 preempts/s
184003 milliseconds	2255 MB/s	35749 short_reads/s	0 short_writes_echo/s	112 cpu_user_milliseconds	1112 cpu_system_milliseconds	0 minor_page_faults/s	0 major_page_faults/s	96612 yields/s	79 preempts/s
185003 milliseconds	2241 MB/s	36459 short_reads/s	0 short_writes_echo/s	101 cpu_user_milliseconds	1102 cpu_system_milliseconds	0 minor_page_faults/s	0 major_page_faults/s	95928 yields/s	206 preempts/s
186003 milliseconds	2090 MB/s	34248 short_reads/s	0 short_writes_echo/s	114 cpu_user_milliseconds	1079 cpu_system_milliseconds	0 minor_page_faults/s	0 major_page_faults/s	92103 yields/s	88 preempts/s
187003 milliseconds	2267 MB/s	37637 short_reads/s	0 short_writes_echo/s	108 cpu_user_milliseconds	1079 cpu_system_milliseconds	0 minor_page_faults/s	0 major_page_faults/s	98140 yields/s	81 preempts/s
188003 milliseconds	2164 MB/s	34086 short_reads/s	0 short_writes_echo/s	125 cpu_user_milliseconds	1104 cpu_system_milliseconds	0 minor_page_faults/s	0 major_page_faults/s	93819 yields/s	60 preempts/s
189003 milliseconds	2206 MB/s	35413 short_reads/s	0 short_writes_echo/s	121 cpu_user_milliseconds	1092 cpu_system_milliseconds	0 minor_page_faults/s	0 major_page_faults/s	95417 yields/s	42 preempts/s
190003 milliseconds	1999 MB/s	30590 short_reads/s	0 short_writes_echo/s	98 cpu_user_milliseconds	1133 cpu_system_milliseconds	0 minor_page_faults/s	0 major_page_faults/s	88506 yields/s	197 preempts/s
191003 milliseconds	2053 MB/s	32456 short_reads/s	0 short_writes_echo/s	113 cpu_user_milliseconds	1117 cpu_system_milliseconds	0 minor_page_faults/s	0 major_page_faults/s	91032 yields/s	27 preempts/s
192003 milliseconds	2181 MB/s	33695 short_reads/s	0 short_writes_echo/s	115 cpu_user_milliseconds	1142 cpu_system_milliseconds	0 minor_page_faults/s	0 major_page_faults/s	94236 yields/s	51 preempts/s
193003 milliseconds	2127 MB/s	32886 short_reads/s	0 short_writes_echo/s	106 cpu_user_milliseconds	1129 cpu_system_milliseconds	0 minor_page_faults/s	0 major_page_faults/s	92615 yields/s	36 preempts/s
194003 milliseconds	2345 MB/s	36749 short_reads/s	0 short_writes_echo/s	103 cpu_user_milliseconds	1144 cpu_system_milliseconds	0 minor_page_faults/s	0 major_page_faults/s	99083 yields/s	77 preempts/s
195003 milliseconds	2122 MB/s	34493 short_reads/s	0 short_writes_echo/s	108 cpu_user_milliseconds	1084 cpu_system_milliseconds	0 minor_page_faults/s	0 major_page_faults/s	92138 yields/s	738 preempts/s
196003 milliseconds	2304 MB/s	37675 short_reads/s	0 short_writes_echo/s	129 cpu_user_milliseconds	1077 cpu_system_milliseconds	0 minor_page_faults/s	0 major_page_faults/s	99193 yields/s	13 preempts/s
197003 milliseconds	2184 MB/s	35360 short_reads/s	0 short_writes_echo/s	111 cpu_user_milliseconds	1091 cpu_system_milliseconds	0 minor_page_faults/s	0 major_page_faults/s	95229 yields/s	27 preempts/s
198003 milliseconds	1991 MB/s	31100 short_reads/s	0 short_writes_echo/s	99 cpu_user_milliseconds	1119 cpu_system_milliseconds	0 minor_page_faults/s	0 major_page_faults/s	88685 yields/s	52 preempts/s
199003 milliseconds	2296 MB/s	38898 short_reads/s	0 short_writes_echo/s	124 cpu_user_milliseconds	1041 cpu_system_milliseconds	0 minor_page_faults/s	0 major_page_faults/s	99351 yields/s	71 preempts/s
200003 milliseconds	2077 MB/s	32720 short_reads/s	0 short_writes_echo/s	91 cpu_user_milliseconds	1117 cpu_system_milliseconds	0 minor_page_faults/s	0 major_page_faults/s	90799 yields/s	97 preempts/s
201003 milliseconds	2080 MB/s	32037 short_reads/s	0 short_writes_echo/s	101 cpu_user_milliseconds	1125 cpu_system_milliseconds	0 minor_page_faults/s	0 major_page_faults/s	90156 yields/s	375 preempts/s
202003 milliseconds	2114 MB/s	33975 short_reads/s	0 short_writes_echo/s	111 cpu_user_milliseconds	1102 cpu_system_milliseconds	0 minor_page_faults/s	0 major_page_faults/s	92575 yields/s	54 preempts/s
203003 milliseconds	1993 MB/s	31100 short_reads/s	0 short_writes_echo/s	105 cpu_user_milliseconds	1112 cpu_system_milliseconds	0 minor_page_faults/s	0 major_page_faults/s	88614 yields/s	147 preempts/s
204003 milliseconds	2122 MB/s	33052 short_reads/s	0 short_writes_echo/s	146 cpu_user_milliseconds	1097 cpu_system_milliseconds	0 minor_page_faults/s	0 major_page_faults/s	92716 yields/s	27 preempts/s
205003 milliseconds	2255 MB/s	38930 short_reads/s	0 short_writes_echo/s	109 cpu_user_milliseconds	1031 cpu_system_milliseconds	0 minor_page_faults/s	0 major_page_faults/s	97755 yields/s	220 preempts/s
206003 milliseconds	2100 MB/s	32776 short_reads/s	0 short_writes_echo/s	107 cpu_user_milliseconds	1131 cpu_system_milliseconds	0 minor_page_faults/s	0 major_page_faults/s	91952 yields/s	48 preempts/s
207003 milliseconds	2329 MB/s	38017 short_reads/s	0 short_writes_echo/s	107 cpu_user_milliseconds	1102 cpu_system_milliseconds	0 minor_page_faults/s	0 major_page_faults/s	99249 yields/s	82 preempts/s
208003 milliseconds	2160 MB/s	35459 short_reads/s	0 short_writes_echo/s	104 cpu_user_milliseconds	1086 cpu_system_milliseconds	0 minor_page_faults/s	0 major_page_faults/s	94621 yields/s	35 preempts/s
209003 milliseconds	2139 MB/s	34068 short_reads/s	0 short_writes_echo/s	106 cpu_user_milliseconds	1105 cpu_system_milliseconds	0 minor_page_faults/s	0 major_page_faults/s	93154 yields/s	100 preempts/s
210003 milliseconds	2272 MB/s	37333 short_reads/s	0 short_writes_echo/s	125 cpu_user_milliseconds	1059 cpu_system_milliseconds	0 minor_page_faults/s	0 major_page_faults/s	95314 yields/s	227 preempts/s
211003 milliseconds	2279 MB/s	37302 short_reads/s	0 short_writes_echo/s	112 cpu_user_milliseconds	1093 cpu_system_milliseconds	0 minor_page_faults/s	0 major_page_faults/s	97532 yields/s	20 preempts/s
212003 milliseconds	2134 MB/s	34207 short_reads/s	0 short_writes_echo/s	98 cpu_user_milliseconds	1108 cpu_system_milliseconds	0 minor_page_faults/s	0 major_page_faults/s	93115 yields/s	82 preempts/s
213003 milliseconds	2329 MB/s	35989 short_reads/s	0 short_writes_echo/s	93 cpu_user_milliseconds	1174 cpu_system_milliseconds	0 minor_page_faults/s	0 major_page_faults/s	99102 yields/s	12 preempts/s
214003 milliseconds	2354 MB/s	39725 short_reads/s	0 short_writes_echo/s	131 cpu_user_milliseconds	1043 cpu_system_milliseconds	0 minor_page_faults/s	0 major_page_faults/s	100377 yields/s	37 preempts/s
215003 milliseconds	2251 MB/s	36179 short_reads/s	0 short_writes_echo/s	114 cpu_user_milliseconds	1106 cpu_system_milliseconds	0 minor_page_faults/s	0 major_page_faults/s	96672 yields/s	101 preempts/s
216003 milliseconds	2168 MB/s	34964 short_reads/s	0 short_writes_echo/s	97 cpu_user_milliseconds	1116 cpu_system_milliseconds	0 minor_page_faults/s	0 major_page_faults/s	94662 yields/s	22 preempts/s
217003 milliseconds	2193 MB/s	35606 short_reads/s	0 short_writes_echo/s	123 cpu_user_milliseconds	1075 cpu_system_milliseconds	0 minor_page_faults/s	0 major_page_faults/s	95201 yields/s	56 preempts/s
218003 milliseconds	2028 MB/s	31266 short_reads/s	0 short_writes_echo/s	109 cpu_user_milliseconds	1123 cpu_system_milliseconds	0 minor_page_faults/s	0 major_page_faults/s	89694 yields/s	48 preempts/s
219003 milliseconds	2310 MB/s	38845 short_reads/s	0 short_writes_echo/s	122 cpu_user_milliseconds	1052 cpu_system_milliseconds	0 minor_page_faults/s	0 major_page_faults/s	98879 yields/s	36 preempts/s
220003 milliseconds	2075 MB/s	32431 short_reads/s	0 short_writes_echo/s	104 cpu_user_milliseconds	1064 cpu_system_milliseconds	0 minor_page_faults/s	0 major_page_faults/s	87408 yields/s	1819 preempts/s
221003 milliseconds	2127 MB/s	33528 short_reads/s	0 short_writes_echo/s	106 cpu_user_milliseconds	1117 cpu_system_milliseconds	0 minor_page_faults/s	0 major_page_faults/s	92644 yields/s	18 preempts/s
222003 milliseconds	2068 MB/s	32423 short_reads/s	0 short_writes_echo/s	107 cpu_user_milliseconds	1105 cpu_system_milliseconds	0 minor_page_faults/s	0 major_page_faults/s	90986 yields/s	51 preempts/s
223003 milliseconds	2100 MB/s	33313 short_reads/s	0 short_writes_echo/s	118 cpu_user_milliseconds	1097 cpu_system_milliseconds	0 minor_page_faults/s	0 major_page_faults/s	92134 yields/s	52 preempts/s
224003 milliseconds	2200 MB/s	33956 short_reads/s	0 short_writes_echo/s	115 cpu_user_milliseconds	1139 cpu_system_milliseconds	0 minor_page_faults/s	0 major_page_faults/s	94867 yields/s	58 preempts/s
225003 milliseconds	2217 MB/s	36717 short_reads/s	0 short_writes_echo/s	112 cpu_user_milliseconds	1071 cpu_system_milliseconds	0 minor_page_faults/s	0 major_page_faults/s	96627 yields/s	87 preempts/s
226003 milliseconds	2034 MB/s	31184 short_reads/s	0 short_writes_echo/s	115 cpu_user_milliseconds	1134 cpu_system_milliseconds	0 minor_page_faults/s	0 major_page_faults/s	89825 yields/s	27 preempts/s
227003 milliseconds	2198 MB/s	35120 short_reads/s	0 short_writes_echo/s	103 cpu_user_milliseconds	1109 cpu_system_milliseconds	0 minor_page_faults/s	0 major_page_faults/s	94982 yields/s	23 preempts/s
228003 milliseconds	2118 MB/s	33713 short_reads/s	0 short_writes_echo/s	112 cpu_user_milliseconds	1100 cpu_system_milliseconds	0 minor_page_faults/s	0 major_page_faults/s	92482 yields/s	52 preempts/s
229003 milliseconds	2263 MB/s	34897 short_reads/s	0 short_writes_echo/s	110 cpu_user_milliseconds	1142 cpu_system_milliseconds	0 minor_page_faults/s	0 major_page_faults/s	96956 yields/s	147 preempts/s
230003 milliseconds	2048 MB/s	32970 short_reads/s	0 short_writes_echo/s	100 cpu_user_milliseconds	1096 cpu_system_milliseconds	0 minor_page_faults/s	0 major_page_faults/s	90930 yields/s	44 preempts/s
231003 milliseconds	2228 MB/s	36815 short_reads/s	0 short_writes_echo/s	134 cpu_user_milliseconds	1057 cpu_system_milliseconds	0 minor_page_faults/s	0 major_page_faults/s	96206 yields/s	69 preempts/s
232003 milliseconds	2311 MB/s	37006 short_reads/s	0 short_writes_echo/s	138 cpu_user_milliseconds	1093 cpu_system_milliseconds	0 minor_page_faults/s	0 major_page_faults/s	98840 yields/s	60 preempts/s
233003 milliseconds	2069 MB/s	33125 short_reads/s	0 short_writes_echo/s	92 cpu_user_milliseconds	1099 cpu_system_milliseconds	0 minor_page_faults/s	0 major_page_faults/s	91363 yields/s	30 preempts/s
234003 milliseconds	2117 MB/s	34259 short_reads/s	0 short_writes_echo/s	92 cpu_user_milliseconds	1097 cpu_system_milliseconds	0 minor_page_faults/s	0 major_page_faults/s	92785 yields/s	30 preempts/s
235003 milliseconds	2145 MB/s	35279 short_reads/s	0 short_writes_echo/s	103 cpu_user_milliseconds	1075 cpu_system_milliseconds	0 minor_page_faults/s	0 major_page_faults/s	93150 yields/s	216 preempts/s
236003 milliseconds	2049 MB/s	33014 short_reads/s	0 short_writes_echo/s	115 cpu_user_milliseconds	1079 cpu_system_milliseconds	0 minor_page_faults/s	0 major_page_faults/s	90835 yields/s	18 preempts/s
237003 milliseconds	2083 MB/s	32192 short_reads/s	0 short_writes_echo/s	109 cpu_user_milliseconds	1124 cpu_system_milliseconds	0 minor_page_faults/s	0 major_page_faults/s	91559 yields/s	27 preempts/s
238003 milliseconds	1979 MB/s	30204 short_reads/s	0 short_writes_echo/s	121 cpu_user_milliseconds	1115 cpu_system_milliseconds	0 minor_page_faults/s	0 major_page_faults/s	88293 yields/s	67 preempts/s
239004 milliseconds	2205 MB/s	35680 short_reads/s	0 short_writes_echo/s	118 cpu_user_milliseconds	1089 cpu_system_milliseconds	0 minor_page_faults/s	0 major_page_faults/s	95681 yields/s	16 preempts/s
240004 milliseconds	2047 MB/s	31782 short_reads/s	0 short_writes_echo/s	117 cpu_user_milliseconds	1110 cpu_system_milliseconds	0 minor_page_faults/s	0 major_page_faults/s	89999 yields/s	293 preempts/s
