1000 milliseconds	2225 MB/s	1069 short_reads/s	0 short_writes_echo/s	98 cpu_user_milliseconds	1047 cpu_system_milliseconds	172 minor_page_faults/s	0 major_page_faults/s	90026 yields/s	1388 preempts/s
2000 milliseconds	2267 MB/s	924 short_reads/s	0 short_writes_echo/s	111 cpu_user_milliseconds	1023 cpu_system_milliseconds	3 minor_page_faults/s	0 major_page_faults/s	87362 yields/s	3747 preempts/s
3000 milliseconds	2350 MB/s	1367 short_reads/s	0 short_writes_echo/s	143 cpu_user_milliseconds	1048 cpu_system_milliseconds	0 minor_page_faults/s	0 major_page_faults/s	95148 yields/s	562 preempts/s
4000 milliseconds	2358 MB/s	1559 short_reads/s	0 short_writes_echo/s	129 cpu_user_milliseconds	1027 cpu_system_milliseconds	0 minor_page_faults/s	0 major_page_faults/s	95931 yields/s	207 preempts/s
5000 milliseconds	2317 MB/s	160 short_reads/s	0 short_writes_echo/s	96 cpu_user_milliseconds	951 cpu_system_milliseconds	0 minor_page_faults/s	0 major_page_faults/s	96275 yields/s	526 preempts/s
6000 milliseconds	2304 MB/s	602 short_reads/s	0 short_writes_echo/s	147 cpu_user_milliseconds	994 cpu_system_milliseconds	0 minor_page_faults/s	0 major_page_faults/s	94949 yields/s	202 preempts/s
7000 milliseconds	2359 MB/s	1223 short_reads/s	0 short_writes_echo/s	114 cpu_user_milliseconds	1089 cpu_system_milliseconds	0 minor_page_faults/s	0 major_page_faults/s	96120 yields/s	407 preempts/s
8000 milliseconds	2354 MB/s	1098 short_reads/s	0 short_writes_echo/s	120 cpu_user_milliseconds	1012 cpu_system_milliseconds	0 minor_page_faults/s	0 major_page_faults/s	94844 yields/s	842 preempts/s
9000 milliseconds	2134 MB/s	2328 short_reads/s	0 short_writes_echo/s	108 cpu_user_milliseconds	963 cpu_system_milliseconds	0 minor_page_faults/s	0 major_page_faults/s	84612 yields/s	4554 preempts/s
10000 milliseconds	2343 MB/s	2152 short_reads/s	0 short_writes_echo/s	112 cpu_user_milliseconds	1081 cpu_system_milliseconds	0 minor_page_faults/s	0 major_page_faults/s	95918 yields/s	361 preempts/s
11000 milliseconds	2334 MB/s	5902 short_reads/s	0 short_writes_echo/s	117 cpu_user_milliseconds	973 cpu_system_milliseconds	0 minor_page_faults/s	0 major_page_faults/s	98878 yields/s	97 preempts/s
12000 milliseconds	2341 MB/s	3825 short_reads/s	0 short_writes_echo/s	115 cpu_user_milliseconds	1033 cpu_system_milliseconds	0 minor_page_faults/s	0 major_page_faults/s	97549 yields/s	113 preempts/s
13000 milliseconds	2368 MB/s	1318 short_reads/s	0 short_writes_echo/s	93 cpu_user_milliseconds	1119 cpu_system_milliseconds	0 minor_page_faults/s	0 major_page_faults/s	95894 yields/s	212 preempts/s
14000 milliseconds	2368 MB/s	1183 short_reads/s	0 short_writes_echo/s	122 cpu_user_milliseconds	1099 cpu_system_milliseconds	0 minor_page_faults/s	0 major_page_faults/s	95891 yields/s	242 preempts/s
15000 milliseconds	2312 MB/s	5733 short_reads/s	0 short_writes_echo/s	132 cpu_user_milliseconds	950 cpu_system_milliseconds	0 minor_page_faults/s	0 major_page_faults/s	97797 yields/s	809 preempts/s
16000 milliseconds	2335 MB/s	4512 short_reads/s	0 short_writes_echo/s	118 cpu_user_milliseconds	1003 cpu_system_milliseconds	0 minor_page_faults/s	0 major_page_faults/s	97566 yields/s	206 preempts/s
17000 milliseconds	2346 MB/s	3921 short_reads/s	0 short_writes_echo/s	120 cpu_user_milliseconds	1019 cpu_system_milliseconds	0 minor_page_faults/s	0 major_page_faults/s	97270 yields/s	569 preempts/s
18000 milliseconds	2315 MB/s	4629 short_reads/s	0 short_writes_echo/s	119 cpu_user_milliseconds	999 cpu_system_milliseconds	0 minor_page_faults/s	0 major_page_faults/s	96848 yields/s	389 preempts/s
19000 milliseconds	2319 MB/s	3700 short_reads/s	0 short_writes_echo/s	120 cpu_user_milliseconds	1024 cpu_system_milliseconds	0 minor_page_faults/s	0 major_page_faults/s	96800 yields/s	92 preempts/s
20000 milliseconds	2336 MB/s	2752 short_reads/s	0 short_writes_echo/s	105 cpu_user_milliseconds	1069 cpu_system_milliseconds	0 minor_page_faults/s	0 major_page_faults/s	95901 yields/s	409 preempts/s
21000 milliseconds	2330 MB/s	1429 short_reads/s	0 short_writes_echo/s	132 cpu_user_milliseconds	1082 cpu_system_milliseconds	0 minor_page_faults/s	0 major_page_faults/s	95566 yields/s	144 preempts/s
22000 milliseconds	2338 MB/s	3889 short_reads/s	0 short_writes_echo/s	105 cpu_user_milliseconds	1036 cpu_system_milliseconds	0 minor_page_faults/s	0 major_page_faults/s	97271 yields/s	252 preempts/s
23000 milliseconds	2328 MB/s	3330 short_reads/s	0 short_writes_echo/s	108 cpu_user_milliseconds	1053 cpu_system_milliseconds	0 minor_page_faults/s	0 major_page_faults/s	96614 yields/s	207 preempts/s
24000 milliseconds	2343 MB/s	3950 short_reads/s	0 short_writes_echo/s	113 cpu_user_milliseconds	1032 cpu_system_milliseconds	0 minor_page_faults/s	0 major_page_faults/s	97513 yields/s	84 preempts/s
25000 milliseconds	2325 MB/s	3897 short_reads/s	0 short_writes_echo/s	122 cpu_user_milliseconds	1010 cpu_system_milliseconds	0 minor_page_faults/s	0 major_page_faults/s	96229 yields/s	932 preempts/s
26000 milliseconds	2335 MB/s	4743 short_reads/s	0 short_writes_echo/s	109 cpu_user_milliseconds	1011 cpu_system_milliseconds	0 minor_page_faults/s	0 major_page_faults/s	98290 yields/s	77 preempts/s
27000 milliseconds	2333 MB/s	5097 short_reads/s	0 short_writes_echo/s	100 cpu_user_milliseconds	1015 cpu_system_milliseconds	0 minor_page_faults/s	0 major_page_faults/s	98219 yields/s	165 preempts/s
28000 milliseconds	2315 MB/s	3148 short_reads/s	0 short_writes_echo/s	100 cpu_user_milliseconds	1050 cpu_system_milliseconds	0 minor_page_faults/s	0 major_page_faults/s	95405 yields/s	931 preempts/s
29000 milliseconds	2349 MB/s	2638 short_reads/s	0 short_writes_echo/s	141 cpu_user_milliseconds	1039 cpu_system_milliseconds	0 minor_page_faults/s	0 major_page_faults/s	96499 yields/s	96 preempts/s
30000 milliseconds	2336 MB/s	6158 short_reads/s	0 short_writes_echo/s	103 cpu_user_milliseconds	962 cpu_system_milliseconds	0 minor_page_faults/s	0 major_page_faults/s	98294 yields/s	1006 preempts/s
31000 milliseconds	2343 MB/s	5670 short_reads/s	0 short_writes_echo/s	107 cpu_user_milliseconds	986 cpu_system_milliseconds	0 minor_page_faults/s	0 major_page_faults/s	98943 yields/s	148 preempts/s
32000 milliseconds	2370 MB/s	2256 short_reads/s	0 short_writes_echo/s	120 cpu_user_milliseconds	1070 cpu_system_milliseconds	0 minor_page_faults/s	0 major_page_faults/s	96427 yields/s	176 preempts/s
33000 milliseconds	2349 MB/s	2758 short_reads/s	0 short_writes_echo/s	107 cpu_user_milliseconds	1069 cpu_system_milliseconds	0 minor_page_faults/s	0 major_page_faults/s	97080 yields/s	263 preempts/s
34000 milliseconds	2408 MB/s	3368 short_reads/s	0 short_writes_echo/s	131 cpu_user_milliseconds	1018 cpu_system_milliseconds	0 minor_page_faults/s	0 major_page_faults/s	96804 yields/s	1688 preempts/s
35000 milliseconds	2351 MB/s	394 short_reads/s	0 short_writes_echo/s	103 cpu_user_milliseconds	1142 cpu_system_milliseconds	0 minor_page_faults/s	0 major_page_faults/s	94916 yields/s	360 preempts/s
36000 milliseconds	2343 MB/s	5402 short_reads/s	0 short_writes_echo/s	124 cpu_user_milliseconds	974 cpu_system_milliseconds	0 minor_page_faults/s	0 major_page_faults/s	98326 yields/s	292 preempts/s
37000 milliseconds	2345 MB/s	5117 short_reads/s	0 short_writes_echo/s	93 cpu_user_milliseconds	1016 cpu_system_milliseconds	0 minor_page_faults/s	0 major_page_faults/s	98484 yields/s	152 preempts/s
38000 milliseconds	2321 MB/s	4042 short_reads/s	0 short_writes_echo/s	120 cpu_user_milliseconds	1016 cpu_system_milliseconds	0 minor_page_faults/s	0 major_page_faults/s	96744 yields/s	373 preempts/s
39000 milliseconds	2386 MB/s	4494 short_reads/s	0 short_writes_echo/s	129 cpu_user_milliseconds	1000 cpu_system_milliseconds	0 minor_page_faults/s	0 major_page_faults/s	98191 yields/s	271 preempts/s
40000 milliseconds	2328 MB/s	714 short_reads/s	0 short_writes_echo/s	120 cpu_user_milliseconds	1107 cpu_system_milliseconds	0 minor_page_faults/s	0 major_page_faults/s	94096 yields/s	879 preempts/s
41000 milliseconds	2340 MB/s	3124 short_reads/s	0 short_writes_echo/s	125 cpu_user_milliseconds	1037 cpu_system_milliseconds	0 minor_page_faults/s	0 major_page_faults/s	96501 yields/s	688 preempts/s
42000 milliseconds	2352 MB/s	5464 short_reads/s	0 short_writes_echo/s	113 cpu_user_milliseconds	986 cpu_system_milliseconds	0 minor_page_faults/s	0 major_page_faults/s	98852 yields/s	168 preempts/s
43000 milliseconds	2356 MB/s	2286 short_reads/s	0 short_writes_echo/s	106 cpu_user_milliseconds	1077 cpu_system_milliseconds	0 minor_page_faults/s	0 major_page_faults/s	96140 yields/s	1300 preempts/s
44000 milliseconds	2337 MB/s	3009 short_reads/s	0 short_writes_echo/s	130 cpu_user_milliseconds	1035 cpu_system_milliseconds	0 minor_page_faults/s	0 major_page_faults/s	96558 yields/s	135 preempts/s
45000 milliseconds	2327 MB/s	1365 short_reads/s	0 short_writes_echo/s	132 cpu_user_milliseconds	1048 cpu_system_milliseconds	0 minor_page_faults/s	0 major_page_faults/s	91050 yields/s	3573 preempts/s
46000 milliseconds	2334 MB/s	4017 short_reads/s	0 short_writes_echo/s	141 cpu_user_milliseconds	1007 cpu_system_milliseconds	0 minor_page_faults/s	0 major_page_faults/s	97432 yields/s	470 preempts/s
47000 milliseconds	2204 MB/s	2296 short_reads/s	0 short_writes_echo/s	109 cpu_user_milliseconds	1010 cpu_system_milliseconds	0 minor_page_faults/s	0 major_page_faults/s	88902 yields/s	2465 preempts/s
48000 milliseconds	2341 MB/s	2627 short_reads/s	0 short_writes_echo/s	115 cpu_user_milliseconds	1055 cpu_system_milliseconds	0 minor_page_faults/s	0 major_page_faults/s	95908 yields/s	492 preempts/s
49000 milliseconds	2351 MB/s	3302 short_reads/s	0 short_writes_echo/s	120 cpu_user_milliseconds	1039 cpu_system_milliseconds	0 minor_page_faults/s	0 major_page_faults/s	97100 yields/s	116 preempts/s
50000 milliseconds	2286 MB/s	3204 short_reads/s	0 short_writes_echo/s	122 cpu_user_milliseconds	1021 cpu_system_milliseconds	0 minor_page_faults/s	0 major_page_faults/s	94186 yields/s	1232 preempts/s
51000 milliseconds	2338 MB/s	5166 short_reads/s	0 short_writes_echo/s	120 cpu_user_milliseconds	993 cpu_system_milliseconds	0 minor_page_faults/s	0 major_page_faults/s	98018 yields/s	565 preempts/s
52000 milliseconds	2357 MB/s	2052 short_reads/s	0 short_writes_echo/s	113 cpu_user_milliseconds	1087 cpu_system_milliseconds	0 minor_page_faults/s	0 major_page_faults/s	96328 yields/s	76 preempts/s
53000 milliseconds	2321 MB/s	3999 short_reads/s	0 short_writes_echo/s	113 cpu_user_milliseconds	1022 cpu_system_milliseconds	0 minor_page_faults/s	0 major_page_faults/s	96865 yields/s	260 preempts/s
54000 milliseconds	2360 MB/s	2498 short_reads/s	0 short_writes_echo/s	104 cpu_user_milliseconds	1081 cpu_system_milliseconds	0 minor_page_faults/s	0 major_page_faults/s	96944 yields/s	197 preempts/s
55000 milliseconds	2276 MB/s	5193 short_reads/s	0 short_writes_echo/s	108 cpu_user_milliseconds	959 cpu_system_milliseconds	0 minor_page_faults/s	0 major_page_faults/s	93267 yields/s	3066 preempts/s
56000 milliseconds	2315 MB/s	6167 short_reads/s	0 short_writes_echo/s	116 cpu_user_milliseconds	957 cpu_system_milliseconds	0 minor_page_faults/s	0 major_page_faults/s	98327 yields/s	267 preempts/s
57000 milliseconds	2390 MB/s	3478 short_reads/s	0 short_writes_echo/s	109 cpu_user_milliseconds	1039 cpu_system_milliseconds	0 minor_page_faults/s	0 major_page_faults/s	96807 yields/s	1545 preempts/s
58000 milliseconds	2330 MB/s	4939 short_reads/s	0 short_writes_echo/s	136 cpu_user_milliseconds	973 cpu_system_milliseconds	0 minor_page_faults/s	0 major_page_faults/s	97544 yields/s	413 preempts/s
59000 milliseconds	2346 MB/s	5262 short_reads/s	0 short_writes_echo/s	117 cpu_user_milliseconds	980 cpu_system_milliseconds	0 minor_page_faults/s	0 major_page_faults/s	98309 yields/s	237 preempts/s
60000 milliseconds	2307 MB/s	2947 short_reads/s	0 short_writes_echo/s	117 cpu_user_milliseconds	1024 cpu_system_milliseconds	0 minor_page_faults/s	0 major_page_faults/s	93574 yields/s	1902 preempts/s
61000 milliseconds	2358 MB/s	2050 short_reads/s	0 short_writes_echo/s	105 cpu_user_milliseconds	1091 cpu_system_milliseconds	0 minor_page_faults/s	0 major_page_faults/s	96164 yields/s	668 preempts/s
62000 milliseconds	2343 MB/s	3248 short_reads/s	0 short_writes_echo/s	112 cpu_user_milliseconds	1051 cpu_system_milliseconds	0 minor_page_faults/s	0 major_page_faults/s	97201 yields/s	164 preempts/s
63000 milliseconds	2322 MB/s	2896 short_reads/s	0 short_writes_echo/s	123 cpu_user_milliseconds	1041 cpu_system_milliseconds	0 minor_page_faults/s	0 major_page_faults/s	95629 yields/s	402 preempts/s
64000 milliseconds	2339 MB/s	2878 short_reads/s	0 short_writes_echo/s	119 cpu_user_milliseconds	1054 cpu_system_milliseconds	0 minor_page_faults/s	0 major_page_faults/s	96466 yields/s	172 preempts/s
65000 milliseconds	2369 MB/s	1622 short_reads/s	0 short_writes_echo/s	110 cpu_user_milliseconds	1098 cpu_system_milliseconds	0 minor_page_faults/s	0 major_page_faults/s	95409 yields/s	314 preempts/s
66000 milliseconds	2338 MB/s	2159 short_reads/s	0 short_writes_echo/s	124 cpu_user_milliseconds	1072 cpu_system_milliseconds	0 minor_page_faults/s	0 major_page_faults/s	96151 yields/s	126 preempts/s
67000 milliseconds	2358 MB/s	1245 short_reads/s	0 short_writes_echo/s	127 cpu_user_milliseconds	1096 cpu_system_milliseconds	0 minor_page_faults/s	0 major_page_faults/s	95777 yields/s	91 preempts/s
68000 milliseconds	2296 MB/s	3321 short_reads/s	0 short_writes_echo/s	123 cpu_user_milliseconds	1030 cpu_system_milliseconds	0 minor_page_faults/s	0 major_page_faults/s	95619 yields/s	455 preempts/s
69000 milliseconds	2326 MB/s	6673 short_reads/s	0 short_writes_echo/s	125 cpu_user_milliseconds	938 cpu_system_milliseconds	0 minor_page_faults/s	0 major_page_faults/s	99279 yields/s	116 preempts/s
70000 milliseconds	2347 MB/s	636 short_reads/s	0 short_writes_echo/s	117 cpu_user_milliseconds	1121 cpu_system_milliseconds	0 minor_page_faults/s	0 major_page_faults/s	95229 yields/s	289 preempts/s
71000 milliseconds	2337 MB/s	6261 short_reads/s	0 short_writes_echo/s	116 cpu_user_milliseconds	961 cpu_system_milliseconds	0 minor_page_faults/s	0 major_page_faults/s	99223 yields/s	66 preempts/s
72000 milliseconds	2316 MB/s	2678 short_reads/s	0 short_writes_echo/s	130 cpu_user_milliseconds	1013 cpu_system_milliseconds	0 minor_page_faults/s	0 major_page_faults/s	93175 yields/s	2091 preempts/s
73000 milliseconds	2293 MB/s	2951 short_reads/s	0 short_writes_echo/s	103 cpu_user_milliseconds	1055 cpu_system_milliseconds	0 minor_page_faults/s	0 major_page_faults/s	95033 yields/s	1091 preempts/s
74000 milliseconds	2349 MB/s	4467 short_reads/s	0 short_writes_echo/s	127 cpu_user_milliseconds	1003 cpu_system_milliseconds	0 minor_page_faults/s	0 major_page_faults/s	97898 yields/s	334 preempts/s
75000 milliseconds	2338 MB/s	1296 short_reads/s	0 short_writes_echo/s	115 cpu_user_milliseconds	1099 cpu_system_milliseconds	0 minor_page_faults/s	0 major_page_faults/s	94891 yields/s	860 preempts/s
76000 milliseconds	2366 MB/s	4468 short_reads/s	0 short_writes_echo/s	114 cpu_user_milliseconds	1013 cpu_system_milliseconds	0 minor_page_faults/s	0 major_page_faults/s	98053 yields/s	686 preempts/s
77000 milliseconds	2179 MB/s	2332 short_reads/s	0 short_writes_echo/s	118 cpu_user_milliseconds	984 cpu_system_milliseconds	0 minor_page_faults/s	0 major_page_faults/s	87841 yields/s	1866 preempts/s
78000 milliseconds	2330 MB/s	4394 short_reads/s	0 short_writes_echo/s	123 cpu_user_milliseconds	1002 cpu_system_milliseconds	0 minor_page_faults/s	0 major_page_faults/s	97205 yields/s	280 preempts/s
79000 milliseconds	2313 MB/s	4572 short_reads/s	0 short_writes_echo/s	123 cpu_user_milliseconds	996 cpu_system_milliseconds	0 minor_page_faults/s	0 major_page_faults/s	97267 yields/s	166 preempts/s
80000 milliseconds	2315 MB/s	5281 short_reads/s	0 short_writes_echo/s	93 cpu_user_milliseconds	1005 cpu_system_milliseconds	0 minor_page_faults/s	0 major_page_faults/s	97279 yields/s	801 preempts/s
81000 milliseconds	2300 MB/s	8329 short_reads/s	0 short_writes_echo/s	116 cpu_user_milliseconds	896 cpu_system_milliseconds	0 minor_page_faults/s	0 major_page_faults/s	99854 yields/s	40 preempts/s
82001 milliseconds	2342 MB/s	1886 short_reads/s	0 short_writes_echo/s	112 cpu_user_milliseconds	1091 cpu_system_milliseconds	0 minor_page_faults/s	0 major_page_faults/s	95760 yields/s	438 preempts/s
83001 milliseconds	2321 MB/s	3169 short_reads/s	0 short_writes_echo/s	106 cpu_user_milliseconds	1058 cpu_system_milliseconds	0 minor_page_faults/s	0 major_page_faults/s	96469 yields/s	346 preempts/s
84001 milliseconds	2293 MB/s	8326 short_reads/s	0 short_writes_echo/s	119 cpu_user_milliseconds	890 cpu_system_milliseconds	0 minor_page_faults/s	0 major_page_faults/s	99277 yields/s	143 preempts/s
85001 milliseconds	2333 MB/s	3873 short_reads/s	0 short_writes_echo/s	132 cpu_user_milliseconds	1007 cpu_system_milliseconds	0 minor_page_faults/s	0 major_page_faults/s	96434 yields/s	687 preempts/s
86001 milliseconds	2330 MB/s	3275 short_reads/s	0 short_writes_echo/s	118 cpu_user_milliseconds	1046 cpu_system_milliseconds	0 minor_page_faults/s	0 major_page_faults/s	96928 yields/s	203 preempts/s
87001 milliseconds	2326 MB/s	4515 short_reads/s	0 short_writes_echo/s	110 cpu_user_milliseconds	1023 cpu_system_milliseconds	0 minor_page_faults/s	0 major_page_faults/s	97882 yields/s	182 preempts/s
88001 milliseconds	2339 MB/s	3256 short_reads/s	0 short_writes_echo/s	137 cpu_user_milliseconds	1023 cpu_system_milliseconds	0 minor_page_faults/s	0 major_page_faults/s	96753 yields/s	428 preempts/s
89001 milliseconds	2359 MB/s	4697 short_reads/s	0 short_writes_echo/s	118 cpu_user_milliseconds	1000 cpu_system_milliseconds	0 minor_page_faults/s	0 major_page_faults/s	98249 yields/s	410 preempts/s
90001 milliseconds	2298 MB/s	1989 short_reads/s	0 short_writes_echo/s	129 cpu_user_milliseconds	1063 cpu_system_milliseconds	0 minor_page_faults/s	0 major_page_faults/s	93910 yields/s	1369 preempts/s
91001 milliseconds	2341 MB/s	3030 short_reads/s	0 short_writes_echo/s	105 cpu_user_milliseconds	1065 cpu_system_milliseconds	0 minor_page_faults/s	0 major_page_faults/s	96777 yields/s	164 preempts/s
92001 milliseconds	2320 MB/s	3074 short_reads/s	0 short_writes_echo/s	119 cpu_user_milliseconds	1051 cpu_system_milliseconds	0 minor_page_faults/s	0 major_page_faults/s	96493 yields/s	288 preempts/s
93001 milliseconds	2337 MB/s	4802 short_reads/s	0 short_writes_echo/s	109 cpu_user_milliseconds	1009 cpu_system_milliseconds	0 minor_page_faults/s	0 major_page_faults/s	97836 yields/s	229 preempts/s
94001 milliseconds	2341 MB/s	2805 short_reads/s	0 short_writes_echo/s	126 cpu_user_milliseconds	1050 cpu_system_milliseconds	0 minor_page_faults/s	0 major_page_faults/s	96550 yields/s	208 preempts/s
95001 milliseconds	2330 MB/s	5818 short_reads/s	0 short_writes_echo/s	123 cpu_user_milliseconds	963 cpu_system_milliseconds	0 minor_page_faults/s	0 major_page_faults/s	97673 yields/s	581 preempts/s
96001 milliseconds	2338 MB/s	5603 short_reads/s	0 short_writes_echo/s	115 cpu_user_milliseconds	979 cpu_system_milliseconds	0 minor_page_faults/s	0 major_page_faults/s	98914 yields/s	172 preempts/s
97001 milliseconds	2319 MB/s	4744 short_reads/s	0 short_writes_echo/s	113 cpu_user_milliseconds	1000 cpu_system_milliseconds	0 minor_page_faults/s	0 major_page_faults/s	96572 yields/s	1373 preempts/s
98001 milliseconds	2352 MB/s	3772 short_reads/s	0 short_writes_echo/s	108 cpu_user_milliseconds	1039 cpu_system_milliseconds	0 minor_page_faults/s	0 major_page_faults/s	97192 yields/s	326 preempts/s
99001 milliseconds	2326 MB/s	506 short_reads/s	0 short_writes_echo/s	119 cpu_user_milliseconds	1120 cpu_system_milliseconds	0 minor_page_faults/s	0 major_page_faults/s	94338 yields/s	425 preempts/s
100001 milliseconds	2348 MB/s	2986 short_reads/s	0 short_writes_echo/s	128 cpu_user_milliseconds	1037 cpu_system_milliseconds	0 minor_page_faults/s	0 major_page_faults/s	95956 yields/s	1258 preempts/s
101001 milliseconds	2341 MB/s	3357 short_reads/s	0 short_writes_echo/s	113 cpu_user_milliseconds	1049 cpu_system_milliseconds	0 minor_page_faults/s	0 major_page_faults/s	97361 yields/s	167 preempts/s
102001 milliseconds	2355 MB/s	1815 short_reads/s	0 short_writes_echo/s	107 cpu_user_milliseconds	1099 cpu_system_milliseconds	0 minor_page_faults/s	0 major_page_faults/s	96346 yields/s	125 preempts/s
103001 milliseconds	2316 MB/s	3186 short_reads/s	0 short_writes_echo/s	121 cpu_user_milliseconds	1034 cpu_system_milliseconds	0 minor_page_faults/s	0 major_page_faults/s	95964 yields/s	198 preempts/s
104001 milliseconds	2304 MB/s	5648 short_reads/s	0 short_writes_echo/s	126 cpu_user_milliseconds	964 cpu_system_milliseconds	0 minor_page_faults/s	0 major_page_faults/s	98145 yields/s	201 preempts/s
105001 milliseconds	2310 MB/s	3170 short_reads/s	0 short_writes_echo/s	95 cpu_user_milliseconds	1074 cpu_system_milliseconds	0 minor_page_faults/s	0 major_page_faults/s	95856 yields/s	404 preempts/s
106001 milliseconds	2363 MB/s	2334 short_reads/s	0 short_writes_echo/s	140 cpu_user_milliseconds	1045 cpu_system_milliseconds	0 minor_page_faults/s	0 major_page_faults/s	96502 yields/s	477 preempts/s
107001 milliseconds	2336 MB/s	3900 short_reads/s	0 short_writes_echo/s	116 cpu_user_milliseconds	1023 cpu_system_milliseconds	0 minor_page_faults/s	0 major_page_faults/s	97594 yields/s	125 preempts/s
108001 milliseconds	2364 MB/s	4666 short_reads/s	0 short_writes_echo/s	126 cpu_user_milliseconds	974 cpu_system_milliseconds	0 minor_page_faults/s	0 major_page_faults/s	96525 yields/s	1851 preempts/s
109001 milliseconds	2360 MB/s	3902 short_reads/s	0 short_writes_echo/s	113 cpu_user_milliseconds	1028 cpu_system_milliseconds	0 minor_page_faults/s	0 major_page_faults/s	97795 yields/s	137 preempts/s
110001 milliseconds	2314 MB/s	3628 short_reads/s	0 short_writes_echo/s	121 cpu_user_milliseconds	1032 cpu_system_milliseconds	0 minor_page_faults/s	0 major_page_faults/s	96530 yields/s	431 preempts/s
111001 milliseconds	2325 MB/s	7947 short_reads/s	0 short_writes_echo/s	109 cpu_user_milliseconds	918 cpu_system_milliseconds	0 minor_page_faults/s	0 major_page_faults/s	100201 yields/s	109 preempts/s
112001 milliseconds	2370 MB/s	3330 short_reads/s	0 short_writes_echo/s	118 cpu_user_milliseconds	1041 cpu_system_milliseconds	0 minor_page_faults/s	0 major_page_faults/s	97843 yields/s	48 preempts/s
113001 milliseconds	2317 MB/s	4990 short_reads/s	0 short_writes_echo/s	103 cpu_user_milliseconds	997 cpu_system_milliseconds	0 minor_page_faults/s	0 major_page_faults/s	97318 yields/s	756 preempts/s
114001 milliseconds	2352 MB/s	5758 short_reads/s	0 short_writes_echo/s	112 cpu_user_milliseconds	979 cpu_system_milliseconds	0 minor_page_faults/s	0 major_page_faults/s	98611 yields/s	125 preempts/s
115001 milliseconds	2344 MB/s	1832 short_reads/s	0 short_writes_echo/s	117 cpu_user_milliseconds	1084 cpu_system_milliseconds	0 minor_page_faults/s	0 major_page_faults/s	95716 yields/s	399 preempts/s
116001 milliseconds	2335 MB/s	736 short_reads/s	0 short_writes_echo/s	118 cpu_user_milliseconds	1112 cpu_system_milliseconds	0 minor_page_faults/s	0 major_page_faults/s	94284 yields/s	1646 preempts/s
117001 milliseconds	2352 MB/s	4717 short_reads/s	0 short_writes_echo/s	123 cpu_user_milliseconds	998 cpu_system_milliseconds	0 minor_page_faults/s	0 major_page_faults/s	98129 yields/s	394 preempts/s
118001 milliseconds	2310 MB/s	4739 short_reads/s	0 short_writes_echo/s	108 cpu_user_milliseconds	1010 cpu_system_milliseconds	0 minor_page_faults/s	0 major_page_faults/s	97474 yields/s	226 preempts/s
119001 milliseconds	2377 MB/s	4120 short_reads/s	0 short_writes_echo/s	120 cpu_user_milliseconds	1019 cpu_system_milliseconds	0 minor_page_faults/s	0 major_page_faults/s	98321 yields/s	209 preempts/s
120001 milliseconds	2311 MB/s	4266 short_reads/s	0 short_writes_echo/s	112 cpu_user_milliseconds	1012 cpu_system_milliseconds	0 minor_page_faults/s	0 major_page_faults/s	96531 yields/s	492 preempts/s
121001 milliseconds	2358 MB/s	3014 short_reads/s	0 short_writes_echo/s	132 cpu_user_milliseconds	1046 cpu_system_milliseconds	0 minor_page_faults/s	0 major_page_faults/s	97477 yields/s	109 preempts/s
122001 milliseconds	2317 MB/s	7982 short_reads/s	0 short_writes_echo/s	121 cpu_user_milliseconds	907 cpu_system_milliseconds	0 minor_page_faults/s	0 major_page_faults/s	100012 yields/s	78 preempts/s
123001 milliseconds	2326 MB/s	4658 short_reads/s	0 short_writes_echo/s	100 cpu_user_milliseconds	1019 cpu_system_milliseconds	0 minor_page_faults/s	0 major_page_faults/s	96985 yields/s	971 preempts/s
124001 milliseconds	2342 MB/s	2170 short_reads/s	0 short_writes_echo/s	104 cpu_user_milliseconds	1084 cpu_system_milliseconds	0 minor_page_faults/s	0 major_page_faults/s	95978 yields/s	327 preempts/s
125001 milliseconds	2320 MB/s	1491 short_reads/s	0 short_writes_echo/s	113 cpu_user_milliseconds	1099 cpu_system_milliseconds	0 minor_page_faults/s	0 major_page_faults/s	94662 yields/s	504 preempts/s
126001 milliseconds	2354 MB/s	3218 short_reads/s	0 short_writes_echo/s	116 cpu_user_milliseconds	1045 cpu_system_milliseconds	0 minor_page_faults/s	0 major_page_faults/s	96783 yields/s	96 preempts/s
127001 milliseconds	2124 MB/s	2297 short_reads/s	0 short_writes_echo/s	93 cpu_user_milliseconds	996 cpu_system_milliseconds	0 minor_page_faults/s	0 major_page_faults/s	85300 yields/s	3326 preempts/s
128001 milliseconds	2326 MB/s	3863 short_reads/s	0 short_writes_echo/s	114 cpu_user_milliseconds	1013 cpu_system_milliseconds	0 minor_page_faults/s	0 major_page_faults/s	96220 yields/s	288 preempts/s
129001 milliseconds	2355 MB/s	2466 short_reads/s	0 short_writes_echo/s	122 cpu_user_milliseconds	1060 cpu_system_milliseconds	0 minor_page_faults/s	0 major_page_faults/s	96958 yields/s	294 preempts/s
130001 milliseconds	2347 MB/s	2414 short_reads/s	0 short_writes_echo/s	136 cpu_user_milliseconds	1039 cpu_system_milliseconds	0 minor_page_faults/s	0 major_page_faults/s	95266 yields/s	1367 preempts/s
131001 milliseconds	2339 MB/s	4337 short_reads/s	0 short_writes_echo/s	118 cpu_user_milliseconds	1015 cpu_system_milliseconds	0 minor_page_faults/s	0 major_page_faults/s	98021 yields/s	80 preempts/s
132001 milliseconds	2303 MB/s	3974 short_reads/s	0 short_writes_echo/s	99 cpu_user_milliseconds	1013 cpu_system_milliseconds	0 minor_page_faults/s	0 major_page_faults/s	94641 yields/s	1740 preempts/s
133001 milliseconds	2332 MB/s	2927 short_reads/s	0 short_writes_echo/s	125 cpu_user_milliseconds	1038 cpu_system_milliseconds	0 minor_page_faults/s	0 major_page_faults/s	96146 yields/s	304 preempts/s
134001 milliseconds	2332 MB/s	4985 short_reads/s	0 short_writes_echo/s	111 cpu_user_milliseconds	1003 cpu_system_milliseconds	0 minor_page_faults/s	0 major_page_faults/s	98103 yields/s	237 preempts/s
135001 milliseconds	2337 MB/s	3617 short_reads/s	0 short_writes_echo/s	88 cpu_user_milliseconds	1064 cpu_system_milliseconds	0 minor_page_faults/s	0 major_page_faults/s	97024 yields/s	368 preempts/s
136001 milliseconds	2320 MB/s	5221 short_reads/s	0 short_writes_echo/s	119 cpu_user_milliseconds	984 cpu_system_milliseconds	0 minor_page_faults/s	0 major_page_faults/s	97920 yields/s	148 preempts/s
137001 milliseconds	2344 MB/s	2289 short_reads/s	0 short_writes_echo/s	140 cpu_user_milliseconds	1053 cpu_system_milliseconds	0 minor_page_faults/s	0 major_page_faults/s	96319 yields/s	185 preempts/s
138001 milliseconds	2309 MB/s	6065 short_reads/s	0 short_writes_echo/s	130 cpu_user_milliseconds	946 cpu_system_milliseconds	0 minor_page_faults/s	0 major_page_faults/s	98163 yields/s	690 preempts/s
139001 milliseconds	2308 MB/s	3040 short_reads/s	0 short_writes_echo/s	104 cpu_user_milliseconds	1061 cpu_system_milliseconds	0 minor_page_faults/s	0 major_page_faults/s	95787 yields/s	751 preempts/s
140001 milliseconds	2320 MB/s	3166 short_reads/s	0 short_writes_echo/s	105 cpu_user_milliseconds	1054 cpu_system_milliseconds	0 minor_page_faults/s	0 major_page_faults/s	95032 yields/s	1506 preempts/s
141001 milliseconds	2327 MB/s	4146 short_reads/s	0 short_writes_echo/s	99 cpu_user_milliseconds	1038 cpu_system_milliseconds	0 minor_page_faults/s	0 major_page_faults/s	97517 yields/s	130 preempts/s
142001 milliseconds	2303 MB/s	4785 short_reads/s	0 short_writes_echo/s	122 cpu_user_milliseconds	1006 cpu_system_milliseconds	0 minor_page_faults/s	0 major_page_faults/s	97660 yields/s	167 preempts/s
143001 milliseconds	2336 MB/s	1184 short_reads/s	0 short_writes_echo/s	133 cpu_user_milliseconds	1083 cpu_system_milliseconds	0 minor_page_faults/s	0 major_page_faults/s	94321 yields/s	951 preempts/s
144001 milliseconds	2327 MB/s	5868 short_reads/s	0 short_writes_echo/s	121 cpu_user_milliseconds	955 cpu_system_milliseconds	0 minor_page_faults/s	0 major_page_faults/s	98034 yields/s	435 preempts/s
145001 milliseconds	2333 MB/s	4078 short_reads/s	0 short_writes_echo/s	107 cpu_user_milliseconds	1035 cpu_system_milliseconds	0 minor_page_faults/s	0 major_page_faults/s	97310 yields/s	279 preempts/s
146002 milliseconds	2340 MB/s	1223 short_reads/s	0 short_writes_echo/s	115 cpu_user_milliseconds	1089 cpu_system_milliseconds	0 minor_page_faults/s	0 major_page_faults/s	94159 yields/s	947 preempts/s
147002 milliseconds	2370 MB/s	2325 short_reads/s	0 short_writes_echo/s	107 cpu_user_milliseconds	1090 cpu_system_milliseconds	0 minor_page_faults/s	0 major_page_faults/s	97041 yields/s	51 preempts/s
148002 milliseconds	2327 MB/s	3594 short_reads/s	0 short_writes_echo/s	140 cpu_user_milliseconds	1005 cpu_system_milliseconds	0 minor_page_faults/s	0 major_page_faults/s	96137 yields/s	670 preempts/s
149002 milliseconds	2345 MB/s	2971 short_reads/s	0 short_writes_echo/s	103 cpu_user_milliseconds	1061 cpu_system_milliseconds	0 minor_page_faults/s	0 major_page_faults/s	96641 yields/s	198 preempts/s
150002 milliseconds	2310 MB/s	3497 short_reads/s	0 short_writes_echo/s	120 cpu_user_milliseconds	1020 cpu_system_milliseconds	0 minor_page_faults/s	0 major_page_faults/s	94862 yields/s	1255 preempts/s
151002 milliseconds	2357 MB/s	1876 short_reads/s	0 short_writes_echo/s	121 cpu_user_milliseconds	1089 cpu_system_milliseconds	0 minor_page_faults/s	0 major_page_faults/s	96850 yields/s	183 preempts/s
152002 milliseconds	2336 MB/s	2376 short_reads/s	0 short_writes_echo/s	131 cpu_user_milliseconds	1058 cpu_system_milliseconds	0 minor_page_faults/s	0 major_page_faults/s	96095 yields/s	225 preempts/s
153002 milliseconds	2309 MB/s	4198 short_reads/s	0 short_writes_echo/s	113 cpu_user_milliseconds	1013 cpu_system_milliseconds	0 minor_page_faults/s	0 major_page_faults/s	95411 yields/s	1428 preempts/s
154002 milliseconds	2338 MB/s	6123 short_reads/s	0 short_writes_echo/s	107 cpu_user_milliseconds	975 cpu_system_milliseconds	0 minor_page_faults/s	0 major_page_faults/s	98458 yields/s	687 preempts/s
155002 milliseconds	2335 MB/s	5682 short_reads/s	0 short_writes_echo/s	115 cpu_user_milliseconds	977 cpu_system_milliseconds	0 minor_page_faults/s	0 major_page_faults/s	97854 yields/s	768 preempts/s
156002 milliseconds	2338 MB/s	5317 short_reads/s	0 short_writes_echo/s	122 cpu_user_milliseconds	971 cpu_system_milliseconds	0 minor_page_faults/s	0 major_page_faults/s	97882 yields/s	694 preempts/s
157002 milliseconds	2351 MB/s	5029 short_reads/s	0 short_writes_echo/s	102 cpu_user_milliseconds	1009 cpu_system_milliseconds	0 minor_page_faults/s	0 major_page_faults/s	98203 yields/s	344 preempts/s
158002 milliseconds	2320 MB/s	1572 short_reads/s	0 short_writes_echo/s	123 cpu_user_milliseconds	1079 cpu_system_milliseconds	0 minor_page_faults/s	0 major_page_faults/s	94469 yields/s	322 preempts/s
159002 milliseconds	2370 MB/s	1611 short_reads/s	0 short_writes_echo/s	114 cpu_user_milliseconds	1095 cpu_system_milliseconds	0 minor_page_faults/s	0 major_page_faults/s	96443 yields/s	174 preempts/s
160002 milliseconds	2339 MB/s	2651 short_reads/s	0 short_writes_echo/s	130 cpu_user_milliseconds	1049 cpu_system_milliseconds	0 minor_page_faults/s	0 major_page_faults/s	96459 yields/s	587 preempts/s
161002 milliseconds	2336 MB/s	4665 short_reads/s	0 short_writes_echo/s	126 cpu_user_milliseconds	999 cpu_system_milliseconds	0 minor_page_faults/s	0 major_page_faults/s	97930 yields/s	82 preempts/s
162002 milliseconds	2158 MB/s	3065 short_reads/s	0 short_writes_echo/s	105 cpu_user_milliseconds	952 cpu_system_milliseconds	0 minor_page_faults/s	0 major_page_faults/s	86005 yields/s	3246 preempts/s
163002 milliseconds	2324 MB/s	1866 short_reads/s	0 short_writes_echo/s	120 cpu_user_milliseconds	1080 cpu_system_milliseconds	0 minor_page_faults/s	0 major_page_faults/s	95479 yields/s	588 preempts/s
164002 milliseconds	2303 MB/s	4253 short_reads/s	0 short_writes_echo/s	99 cpu_user_milliseconds	1028 cpu_system_milliseconds	0 minor_page_faults/s	0 major_page_faults/s	96595 yields/s	428 preempts/s
165002 milliseconds	2383 MB/s	3954 short_reads/s	0 short_writes_echo/s	102 cpu_user_milliseconds	1030 cpu_system_milliseconds	0 minor_page_faults/s	0 major_page_faults/s	97301 yields/s	415 preempts/s
166002 milliseconds	2332 MB/s	4504 short_reads/s	0 short_writes_echo/s	108 cpu_user_milliseconds	1019 cpu_system_milliseconds	0 minor_page_faults/s	0 major_page_faults/s	97685 yields/s	167 preempts/s
167002 milliseconds	2356 MB/s	1239 short_reads/s	0 short_writes_echo/s	125 cpu_user_milliseconds	1095 cpu_system_milliseconds	0 minor_page_faults/s	0 major_page_faults/s	95462 yields/s	155 preempts/s
168002 milliseconds	2368 MB/s	2909 short_reads/s	0 short_writes_echo/s	138 cpu_user_milliseconds	1019 cpu_system_milliseconds	0 minor_page_faults/s	0 major_page_faults/s	96118 yields/s	305 preempts/s
169002 milliseconds	2366 MB/s	2594 short_reads/s	0 short_writes_echo/s	134 cpu_user_milliseconds	1043 cpu_system_milliseconds	0 minor_page_faults/s	0 major_page_faults/s	96604 yields/s	205 preempts/s
170002 milliseconds	2317 MB/s	1645 short_reads/s	0 short_writes_echo/s	109 cpu_user_milliseconds	1093 cpu_system_milliseconds	0 minor_page_faults/s	0 major_page_faults/s	94879 yields/s	648 preempts/s
171002 milliseconds	2292 MB/s	8035 short_reads/s	0 short_writes_echo/s	115 cpu_user_milliseconds	899 cpu_system_milliseconds	0 minor_page_faults/s	0 major_page_faults/s	99345 yields/s	136 preempts/s
172002 milliseconds	2343 MB/s	4902 short_reads/s	0 short_writes_echo/s	112 cpu_user_milliseconds	1008 cpu_system_milliseconds	0 minor_page_faults/s	0 major_page_faults/s	97940 yields/s	268 preempts/s
173002 milliseconds	2309 MB/s	5320 short_reads/s	0 short_writes_echo/s	112 cpu_user_milliseconds	989 cpu_system_milliseconds	0 minor_page_faults/s	0 major_page_faults/s	97613 yields/s	380 preempts/s
174002 milliseconds	2354 MB/s	2209 short_reads/s	0 short_writes_echo/s	125 cpu_user_milliseconds	1067 cpu_system_milliseconds	0 minor_page_faults/s	0 major_page_faults/s	96395 yields/s	484 preempts/s
175002 milliseconds	2319 MB/s	2475 short_reads/s	0 short_writes_echo/s	115 cpu_user_milliseconds	1068 cpu_system_milliseconds	0 minor_page_faults/s	0 major_page_faults/s	96297 yields/s	276 preempts/s
176002 milliseconds	2318 MB/s	5031 short_reads/s	0 short_writes_echo/s	128 cpu_user_milliseconds	979 cpu_system_milliseconds	0 minor_page_faults/s	0 major_page_faults/s	97304 yields/s	109 preempts/s
177002 milliseconds	2350 MB/s	5424 short_reads/s	0 short_writes_echo/s	89 cpu_user_milliseconds	1013 cpu_system_milliseconds	0 minor_page_faults/s	0 major_page_faults/s	98623 yields/s	870 preempts/s
178002 milliseconds	2347 MB/s	2910 short_reads/s	0 short_writes_echo/s	118 cpu_user_milliseconds	1047 cpu_system_milliseconds	0 minor_page_faults/s	0 major_page_faults/s	97059 yields/s	112 preempts/s
179002 milliseconds	2339 MB/s	5965 short_reads/s	0 short_writes_echo/s	106 cpu_user_milliseconds	974 cpu_system_milliseconds	0 minor_page_faults/s	0 major_page_faults/s	98842 yields/s	240 preempts/s
180002 milliseconds	2344 MB/s	2376 short_reads/s	0 short_writes_echo/s	107 cpu_user_milliseconds	1074 cpu_system_milliseconds	0 minor_page_faults/s	0 major_page_faults/s	95551 yields/s	382 preempts/s
181002 milliseconds	2346 MB/s	4044 short_reads/s	0 short_writes_echo/s	122 cpu_user_milliseconds	1021 cpu_system_milliseconds	0 minor_page_faults/s	0 major_page_faults/s	98102 yields/s	28 preempts/s
182002 milliseconds	2335 MB/s	3037 short_reads/s	0 short_writes_echo/s	115 cpu_user_milliseconds	1059 cpu_system_milliseconds	0 minor_page_faults/s	0 major_page_faults/s	96941 yields/s	63 preempts/s
183002 milliseconds	2312 MB/s	2148 short_reads/s	0 short_writes_echo/s	112 cpu_user_milliseconds	1068 cpu_system_milliseconds	0 minor_page_faults/s	0 major_page_faults/s	93535 yields/s	2226 preempts/s
184002 milliseconds	2353 MB/s	2532 short_reads/s	0 short_writes_echo/s	105 cpu_user_milliseconds	1071 cpu_system_milliseconds	0 minor_page_faults/s	0 major_page_faults/s	96220 yields/s	789 preempts/s
185002 milliseconds	2330 MB/s	122 short_reads/s	0 short_writes_echo/s	153 cpu_user_milliseconds	1097 cpu_system_milliseconds	0 minor_page_faults/s	0 major_page_faults/s	94183 yields/s	947 preempts/s
186002 milliseconds	2348 MB/s	3243 short_reads/s	0 short_writes_echo/s	113 cpu_user_milliseconds	1051 cpu_system_milliseconds	0 minor_page_faults/s	0 major_page_faults/s	97161 yields/s	90 preempts/s
187002 milliseconds	2370 MB/s	2884 short_reads/s	0 short_writes_echo/s	118 cpu_user_milliseconds	1057 cpu_system_milliseconds	0 minor_page_faults/s	0 major_page_faults/s	97268 yields/s	372 preempts/s
188002 milliseconds	2349 MB/s	4142 short_reads/s	0 short_writes_echo/s	117 cpu_user_milliseconds	1008 cpu_system_milliseconds	0 minor_page_faults/s	0 major_page_faults/s	95553 yields/s	1424 preempts/s
189002 milliseconds	2305 MB/s	1015 short_reads/s	0 short_writes_echo/s	109 cpu_user_milliseconds	1087 cpu_system_milliseconds	0 minor_page_faults/s	0 major_page_faults/s	91914 yields/s	2075 preempts/s
190002 milliseconds	2314 MB/s	5744 short_reads/s	0 short_writes_echo/s	141 cpu_user_milliseconds	944 cpu_system_milliseconds	0 minor_page_faults/s	0 major_page_faults/s	97757 yields/s	293 preempts/s
191002 milliseconds	2333 MB/s	1933 short_reads/s	0 short_writes_echo/s	139 cpu_user_milliseconds	1063 cpu_system_milliseconds	0 minor_page_faults/s	0 major_page_faults/s	96136 yields/s	101 preempts/s
192002 milliseconds	2324 MB/s	5651 short_reads/s	0 short_writes_echo/s	112 cpu_user_milliseconds	976 cpu_system_milliseconds	0 minor_page_faults/s	0 major_page_faults/s	97554 yields/s	1472 preempts/s
193002 milliseconds	2316 MB/s	593 short_reads/s	0 short_writes_echo/s	127 cpu_user_milliseconds	1106 cpu_system_milliseconds	0 minor_page_faults/s	0 major_page_faults/s	93946 yields/s	831 preempts/s
194002 milliseconds	2335 MB/s	2083 short_reads/s	0 short_writes_echo/s	110 cpu_user_milliseconds	1082 cpu_system_milliseconds	0 minor_page_faults/s	0 major_page_faults/s	95533 yields/s	425 preempts/s
195002 milliseconds	2327 MB/s	5882 short_reads/s	0 short_writes_echo/s	125 cpu_user_milliseconds	954 cpu_system_milliseconds	0 minor_page_faults/s	0 major_page_faults/s	98002 yields/s	810 preempts/s
196002 milliseconds	2356 MB/s	3652 short_reads/s	0 short_writes_echo/s	122 cpu_user_milliseconds	1022 cpu_system_milliseconds	0 minor_page_faults/s	0 major_page_faults/s	97347 yields/s	222 preempts/s
197002 milliseconds	2324 MB/s	6396 short_reads/s	0 short_writes_echo/s	106 cpu_user_milliseconds	966 cpu_system_milliseconds	0 minor_page_faults/s	0 major_page_faults/s	98627 yields/s	354 preempts/s
198002 milliseconds	2315 MB/s	3330 short_reads/s	0 short_writes_echo/s	124 cpu_user_milliseconds	1030 cpu_system_milliseconds	0 minor_page_faults/s	0 major_page_faults/s	96265 yields/s	734 preempts/s
199002 milliseconds	2344 MB/s	5444 short_reads/s	0 short_writes_echo/s	104 cpu_user_milliseconds	998 cpu_system_milliseconds	0 minor_page_faults/s	0 major_page_faults/s	98197 yields/s	400 preempts/s
200002 milliseconds	2296 MB/s	1893 short_reads/s	0 short_writes_echo/s	126 cpu_user_milliseconds	1060 cpu_system_milliseconds	0 minor_page_faults/s	0 major_page_faults/s	94448 yields/s	664 preempts/s
201002 milliseconds	2321 MB/s	2004 short_reads/s	0 short_writes_echo/s	96 cpu_user_milliseconds	1099 cpu_system_milliseconds	0 minor_page_faults/s	0 major_page_faults/s	95833 yields/s	128 preempts/s
202002 milliseconds	2148 MB/s	1720 short_reads/s	0 short_writes_echo/s	116 cpu_user_milliseconds	1008 cpu_system_milliseconds	0 minor_page_faults/s	0 major_page_faults/s	87965 yields/s	725 preempts/s
203002 milliseconds	2330 MB/s	3319 short_reads/s	0 short_writes_echo/s	97 cpu_user_milliseconds	1058 cpu_system_milliseconds	0 minor_page_faults/s	0 major_page_faults/s	96658 yields/s	191 preempts/s
204002 milliseconds	2343 MB/s	5471 short_reads/s	0 short_writes_echo/s	149 cpu_user_milliseconds	951 cpu_system_milliseconds	0 minor_page_faults/s	0 major_page_faults/s	98460 yields/s	368 preempts/s
205002 milliseconds	2305 MB/s	6140 short_reads/s	0 short_writes_echo/s	115 cpu_user_milliseconds	958 cpu_system_milliseconds	0 minor_page_faults/s	0 major_page_faults/s	97959 yields/s	537 preempts/s
206002 milliseconds	2335 MB/s	5029 short_reads/s	0 short_writes_echo/s	115 cpu_user_milliseconds	998 cpu_system_milliseconds	0 minor_page_faults/s	0 major_page_faults/s	97694 yields/s	461 preempts/s
207002 milliseconds	2319 MB/s	6320 short_reads/s	0 short_writes_echo/s	123 cpu_user_milliseconds	947 cpu_system_milliseconds	0 minor_page_faults/s	0 major_page_faults/s	98800 yields/s	260 preempts/s
208002 milliseconds	2334 MB/s	1938 short_reads/s	0 short_writes_echo/s	133 cpu_user_milliseconds	1064 cpu_system_milliseconds	0 minor_page_faults/s	0 major_page_faults/s	95646 yields/s	359 preempts/s
209003 milliseconds	2355 MB/s	3641 short_reads/s	0 short_writes_echo/s	109 cpu_user_milliseconds	1041 cpu_system_milliseconds	0 minor_page_faults/s	0 major_page_faults/s	97725 yields/s	161 preempts/s
210003 milliseconds	2346 MB/s	3871 short_reads/s	0 short_writes_echo/s	131 cpu_user_milliseconds	1011 cpu_system_milliseconds	0 minor_page_faults/s	0 major_page_faults/s	97036 yields/s	550 preempts/s
211003 milliseconds	2338 MB/s	1516 short_reads/s	0 short_writes_echo/s	111 cpu_user_milliseconds	1108 cpu_system_milliseconds	0 minor_page_faults/s	0 major_page_faults/s	95864 yields/s	44 preempts/s
212003 milliseconds	2345 MB/s	4876 short_reads/s	0 short_writes_echo/s	102 cpu_user_milliseconds	1019 cpu_system_milliseconds	0 minor_page_faults/s	0 major_page_faults/s	98371 yields/s	122 preempts/s
213003 milliseconds	2351 MB/s	3655 short_reads/s	0 short_writes_echo/s	117 cpu_user_milliseconds	1028 cpu_system_milliseconds	0 minor_page_faults/s	0 major_page_faults/s	97244 yields/s	571 preempts/s
214003 milliseconds	2352 MB/s	5490 short_reads/s	0 short_writes_echo/s	126 cpu_user_milliseconds	972 cpu_system_milliseconds	0 minor_page_faults/s	0 major_page_faults/s	98090 yields/s	605 preempts/s
215003 milliseconds	2315 MB/s	3507 short_reads/s	0 short_writes_echo/s	85 cpu_user_milliseconds	1064 cpu_system_milliseconds	0 minor_page_faults/s	0 major_page_faults/s	96000 yields/s	1131 preempts/s
216003 milliseconds	2355 MB/s	3822 short_reads/s	0 short_writes_echo/s	127 cpu_user_milliseconds	1021 cpu_system_milliseconds	0 minor_page_faults/s	0 major_page_faults/s	97766 yields/s	64 preempts/s
217003 milliseconds	2354 MB/s	4253 short_reads/s	0 short_writes_echo/s	115 cpu_user_milliseconds	1021 cpu_system_milliseconds	0 minor_page_faults/s	0 major_page_faults/s	97590 yields/s	683 preempts/s
218003 milliseconds	2324 MB/s	6901 short_reads/s	0 short_writes_echo/s	110 cpu_user_milliseconds	932 cpu_system_milliseconds	0 minor_page_faults/s	0 major_page_faults/s	98618 yields/s	1353 preempts/s
219003 milliseconds	2330 MB/s	2275 short_reads/s	0 short_writes_echo/s	97 cpu_user_milliseconds	1089 cpu_system_milliseconds	0 minor_page_faults/s	0 major_page_faults/s	95716 yields/s	413 preempts/s
220003 milliseconds	2328 MB/s	4036 short_reads/s	0 short_writes_echo/s	107 cpu_user_milliseconds	1017 cpu_system_milliseconds	0 minor_page_faults/s	0 major_page_faults/s	96250 yields/s	616 preempts/s
221003 milliseconds	2341 MB/s	2765 short_reads/s	0 short_writes_echo/s	126 cpu_user_milliseconds	1052 cpu_system_milliseconds	0 minor_page_faults/s	0 major_page_faults/s	96733 yields/s	135 preempts/s
222003 milliseconds	2330 MB/s	1819 short_reads/s	0 short_writes_echo/s	119 cpu_user_milliseconds	1086 cpu_system_milliseconds	0 minor_page_faults/s	0 major_page_faults/s	95785 yields/s	361 preempts/s
223003 milliseconds	2346 MB/s	2649 short_reads/s	0 short_writes_echo/s	126 cpu_user_milliseconds	1053 cpu_system_milliseconds	0 minor_page_faults/s	0 major_page_faults/s	96442 yields/s	596 preempts/s
224003 milliseconds	2328 MB/s	2506 short_reads/s	0 short_writes_echo/s	142 cpu_user_milliseconds	1041 cpu_system_milliseconds	0 minor_page_faults/s	0 major_page_faults/s	95944 yields/s	235 preempts/s
225003 milliseconds	2333 MB/s	2552 short_reads/s	0 short_writes_echo/s	117 cpu_user_milliseconds	1063 cpu_system_milliseconds	0 minor_page_faults/s	0 major_page_faults/s	96346 yields/s	262 preempts/s
226003 milliseconds	2360 MB/s	2318 short_reads/s	0 short_writes_echo/s	97 cpu_user_milliseconds	1092 cpu_system_milliseconds	0 minor_page_faults/s	0 major_page_faults/s	96771 yields/s	186 preempts/s
227003 milliseconds	2343 MB/s	2755 short_reads/s	0 short_writes_echo/s	117 cpu_user_milliseconds	1061 cpu_system_milliseconds	0 minor_page_faults/s	0 major_page_faults/s	96855 yields/s	396 preempts/s
228003 milliseconds	2336 MB/s	1678 short_reads/s	0 short_writes_echo/s	100 cpu_user_milliseconds	1100 cpu_system_milliseconds	0 minor_page_faults/s	0 major_page_faults/s	95343 yields/s	796 preempts/s
229003 milliseconds	2365 MB/s	3906 short_reads/s	0 short_writes_echo/s	130 cpu_user_milliseconds	1015 cpu_system_milliseconds	0 minor_page_faults/s	0 major_page_faults/s	97298 yields/s	242 preempts/s
230003 milliseconds	2312 MB/s	2845 short_reads/s	0 short_writes_echo/s	119 cpu_user_milliseconds	1040 cpu_system_milliseconds	0 minor_page_faults/s	0 major_page_faults/s	94824 yields/s	959 preempts/s
231003 milliseconds	2362 MB/s	2730 short_reads/s	0 short_writes_echo/s	111 cpu_user_milliseconds	1064 cpu_system_milliseconds	0 minor_page_faults/s	0 major_page_faults/s	96294 yields/s	1089 preempts/s
232003 milliseconds	2344 MB/s	5050 short_reads/s	0 short_writes_echo/s	109 cpu_user_milliseconds	999 cpu_system_milliseconds	0 minor_page_faults/s	0 major_page_faults/s	98596 yields/s	76 preempts/s
233003 milliseconds	2330 MB/s	4335 short_reads/s	0 short_writes_echo/s	109 cpu_user_milliseconds	1016 cpu_system_milliseconds	0 minor_page_faults/s	0 major_page_faults/s	97345 yields/s	405 preempts/s
234003 milliseconds	2345 MB/s	3316 short_reads/s	0 short_writes_echo/s	119 cpu_user_milliseconds	1040 cpu_system_milliseconds	0 minor_page_faults/s	0 major_page_faults/s	96807 yields/s	678 preempts/s
235003 milliseconds	2330 MB/s	3340 short_reads/s	0 short_writes_echo/s	101 cpu_user_milliseconds	1056 cpu_system_milliseconds	0 minor_page_faults/s	0 major_page_faults/s	96775 yields/s	349 preempts/s
236003 milliseconds	2350 MB/s	4241 short_reads/s	0 short_writes_echo/s	132 cpu_user_milliseconds	1001 cpu_system_milliseconds	0 minor_page_faults/s	0 major_page_faults/s	97874 yields/s	218 preempts/s
237003 milliseconds	2354 MB/s	1749 short_reads/s	0 short_writes_echo/s	113 cpu_user_milliseconds	1096 cpu_system_milliseconds	0 minor_page_faults/s	0 major_page_faults/s	96211 yields/s	251 preempts/s
238003 milliseconds	2316 MB/s	162 short_reads/s	0 short_writes_echo/s	134 cpu_user_milliseconds	1108 cpu_system_milliseconds	0 minor_page_faults/s	0 major_page_faults/s	93647 yields/s	322 preempts/s
239003 milliseconds	2367 MB/s	3248 short_reads/s	0 short_writes_echo/s	121 cpu_user_milliseconds	1039 cpu_system_milliseconds	0 minor_page_faults/s	0 major_page_faults/s	97482 yields/s	403 preempts/s
240003 milliseconds	2310 MB/s	4995 short_reads/s	0 short_writes_echo/s	110 cpu_user_milliseconds	995 cpu_system_milliseconds	0 minor_page_faults/s	0 major_page_faults/s	97275 yields/s	501 preempts/s
